[0.255s] Invoking command in '/home/d-lab/workspace/ros_ur_driver/build/move_arm': CMAKE_PREFIX_PATH=${CMAKE_PREFIX_PATH}:/home/d-lab/workspace/ros_ur_driver/install/utils:/home/d-lab/workspace/ros_ur_driver/install/ros2controlcli:/home/d-lab/workspace/ros_ur_driver/install/ros2_control_test_nodes:/home/d-lab/workspace/ros_ur_driver/install/robotiq_control:/home/d-lab/workspace/ros_ur_driver/install/gripper_control:/opt/ros/foxy /usr/bin/cmake --build /home/d-lab/workspace/ros_ur_driver/build/move_arm -- -j16 -l16
[0.504s] Invoked command in '/home/d-lab/workspace/ros_ur_driver/build/move_arm' returned '0': CMAKE_PREFIX_PATH=${CMAKE_PREFIX_PATH}:/home/d-lab/workspace/ros_ur_driver/install/utils:/home/d-lab/workspace/ros_ur_driver/install/ros2controlcli:/home/d-lab/workspace/ros_ur_driver/install/ros2_control_test_nodes:/home/d-lab/workspace/ros_ur_driver/install/robotiq_control:/home/d-lab/workspace/ros_ur_driver/install/gripper_control:/opt/ros/foxy /usr/bin/cmake --build /home/d-lab/workspace/ros_ur_driver/build/move_arm -- -j16 -l16
[0.564s] Invoking command in '/home/d-lab/workspace/ros_ur_driver/build/move_arm': CMAKE_PREFIX_PATH=${CMAKE_PREFIX_PATH}:/home/d-lab/workspace/ros_ur_driver/install/utils:/home/d-lab/workspace/ros_ur_driver/install/ros2controlcli:/home/d-lab/workspace/ros_ur_driver/install/ros2_control_test_nodes:/home/d-lab/workspace/ros_ur_driver/install/robotiq_control:/home/d-lab/workspace/ros_ur_driver/install/gripper_control:/opt/ros/foxy /usr/bin/cmake --install /home/d-lab/workspace/ros_ur_driver/build/move_arm
[0.605s] -- Install configuration: ""
[0.606s] -- Up-to-date: /home/d-lab/workspace/ros_ur_driver/install/move_arm/share/ament_index/resource_index/package_run_dependencies/move_arm
[0.606s] -- Up-to-date: /home/d-lab/workspace/ros_ur_driver/install/move_arm/share/ament_index/resource_index/parent_prefix_path/move_arm
[0.606s] -- Up-to-date: /home/d-lab/workspace/ros_ur_driver/install/move_arm/share/move_arm/environment/ament_prefix_path.sh
[0.607s] -- Up-to-date: /home/d-lab/workspace/ros_ur_driver/install/move_arm/share/move_arm/environment/ament_prefix_path.dsv
[0.607s] -- Up-to-date: /home/d-lab/workspace/ros_ur_driver/install/move_arm/share/move_arm/environment/path.sh
[0.607s] -- Up-to-date: /home/d-lab/workspace/ros_ur_driver/install/move_arm/share/move_arm/environment/path.dsv
[0.608s] -- Up-to-date: /home/d-lab/workspace/ros_ur_driver/install/move_arm/share/move_arm/local_setup.bash
[0.608s] -- Up-to-date: /home/d-lab/workspace/ros_ur_driver/install/move_arm/share/move_arm/local_setup.sh
[0.608s] -- Up-to-date: /home/d-lab/workspace/ros_ur_driver/install/move_arm/share/move_arm/local_setup.zsh
[0.608s] -- Up-to-date: /home/d-lab/workspace/ros_ur_driver/install/move_arm/share/move_arm/local_setup.dsv
[0.609s] -- Installing: /home/d-lab/workspace/ros_ur_driver/install/move_arm/share/move_arm/package.dsv
[0.609s] -- Up-to-date: /home/d-lab/workspace/ros_ur_driver/install/move_arm/share/ament_index/resource_index/packages/move_arm
[0.609s] -- Up-to-date: /home/d-lab/workspace/ros_ur_driver/install/move_arm/share/move_arm/cmake/move_armConfig.cmake
[0.609s] -- Up-to-date: /home/d-lab/workspace/ros_ur_driver/install/move_arm/share/move_arm/cmake/move_armConfig-version.cmake
[0.609s] -- Up-to-date: /home/d-lab/workspace/ros_ur_driver/install/move_arm/share/move_arm/package.xml
[0.715s] Invoked command in '/home/d-lab/workspace/ros_ur_driver/build/move_arm' returned '0': CMAKE_PREFIX_PATH=${CMAKE_PREFIX_PATH}:/home/d-lab/workspace/ros_ur_driver/install/utils:/home/d-lab/workspace/ros_ur_driver/install/ros2controlcli:/home/d-lab/workspace/ros_ur_driver/install/ros2_control_test_nodes:/home/d-lab/workspace/ros_ur_driver/install/robotiq_control:/home/d-lab/workspace/ros_ur_driver/install/gripper_control:/opt/ros/foxy /usr/bin/cmake --install /home/d-lab/workspace/ros_ur_driver/build/move_arm
