[0.317s] Invoking command in '/home/d-lab/workspace/ros_ur_driver/build/rrbot_description': CMAKE_PREFIX_PATH=/opt/ros/foxy /usr/bin/cmake --build /home/d-lab/workspace/ros_ur_driver/build/rrbot_description -- -j16 -l16
[0.650s] Invoked command in '/home/d-lab/workspace/ros_ur_driver/build/rrbot_description' returned '0': CMAKE_PREFIX_PATH=/opt/ros/foxy /usr/bin/cmake --build /home/d-lab/workspace/ros_ur_driver/build/rrbot_description -- -j16 -l16
[0.692s] Invoking command in '/home/d-lab/workspace/ros_ur_driver/build/rrbot_description': CMAKE_PREFIX_PATH=/opt/ros/foxy /usr/bin/cmake --install /home/d-lab/workspace/ros_ur_driver/build/rrbot_description
[0.713s] -- Install configuration: "Release"
[0.714s] -- Up-to-date: /home/d-lab/workspace/ros_ur_driver/install/rrbot_description/share/rrbot_description/config
[0.714s] -- Up-to-date: /home/d-lab/workspace/ros_ur_driver/install/rrbot_description/share/rrbot_description/config/rrbot.rviz
[0.714s] -- Up-to-date: /home/d-lab/workspace/ros_ur_driver/install/rrbot_description/share/rrbot_description/gazebo
[0.715s] -- Up-to-date: /home/d-lab/workspace/ros_ur_driver/install/rrbot_description/share/rrbot_description/gazebo/rrbot.materials.xacro
[0.716s] -- Up-to-date: /home/d-lab/workspace/ros_ur_driver/install/rrbot_description/share/rrbot_description/gazebo/rrbot.gazebo.xacro
[0.716s] -- Up-to-date: /home/d-lab/workspace/ros_ur_driver/install/rrbot_description/share/rrbot_description/meshes
[0.716s] -- Up-to-date: /home/d-lab/workspace/ros_ur_driver/install/rrbot_description/share/rrbot_description/meshes/hokuyo.dae
[0.716s] -- Up-to-date: /home/d-lab/workspace/ros_ur_driver/install/rrbot_description/share/rrbot_description/launch
[0.717s] -- Up-to-date: /home/d-lab/workspace/ros_ur_driver/install/rrbot_description/share/rrbot_description/launch/view_robot.launch.py
[0.717s] -- Up-to-date: /home/d-lab/workspace/ros_ur_driver/install/rrbot_description/share/rrbot_description/ros2_control
[0.717s] -- Up-to-date: /home/d-lab/workspace/ros_ur_driver/install/rrbot_description/share/rrbot_description/ros2_control/rrbot_system_multi_interface.ros2_control.xacro
[0.717s] -- Up-to-date: /home/d-lab/workspace/ros_ur_driver/install/rrbot_description/share/rrbot_description/ros2_control/rrbot.ros2_control.xacro
[0.717s] -- Up-to-date: /home/d-lab/workspace/ros_ur_driver/install/rrbot_description/share/rrbot_description/ros2_control/rrbot_system_position_only.ros2_control.xacro
[0.717s] -- Up-to-date: /home/d-lab/workspace/ros_ur_driver/install/rrbot_description/share/rrbot_description/ros2_control/rrbot_system_with_sensor.ros2_control.xacro
[0.718s] -- Up-to-date: /home/d-lab/workspace/ros_ur_driver/install/rrbot_description/share/rrbot_description/urdf
[0.718s] -- Up-to-date: /home/d-lab/workspace/ros_ur_driver/install/rrbot_description/share/rrbot_description/urdf/rrbot_system_multi_interface.urdf.xacro
[0.719s] -- Up-to-date: /home/d-lab/workspace/ros_ur_driver/install/rrbot_description/share/rrbot_description/urdf/rrbot.urdf.xacro
[0.719s] -- Up-to-date: /home/d-lab/workspace/ros_ur_driver/install/rrbot_description/share/rrbot_description/urdf/rrbot_description.urdf.xacro
[0.719s] -- Up-to-date: /home/d-lab/workspace/ros_ur_driver/install/rrbot_description/share/rrbot_description/urdf/rrbot_system_with_sensor.urdf.xacro
[0.719s] -- Up-to-date: /home/d-lab/workspace/ros_ur_driver/install/rrbot_description/share/rrbot_description/urdf/rrbot_system_position_only.urdf.xacro
[0.720s] -- Up-to-date: /home/d-lab/workspace/ros_ur_driver/install/rrbot_description/share/rrbot_description/environment/rrbot_description.dsv
[0.720s] -- Up-to-date: /home/d-lab/workspace/ros_ur_driver/install/rrbot_description/share/ament_index/resource_index/package_run_dependencies/rrbot_description
[0.720s] -- Up-to-date: /home/d-lab/workspace/ros_ur_driver/install/rrbot_description/share/ament_index/resource_index/parent_prefix_path/rrbot_description
[0.720s] -- Up-to-date: /home/d-lab/workspace/ros_ur_driver/install/rrbot_description/share/rrbot_description/environment/ament_prefix_path.sh
[0.721s] -- Up-to-date: /home/d-lab/workspace/ros_ur_driver/install/rrbot_description/share/rrbot_description/environment/ament_prefix_path.dsv
[0.722s] -- Up-to-date: /home/d-lab/workspace/ros_ur_driver/install/rrbot_description/share/rrbot_description/environment/path.sh
[0.723s] -- Up-to-date: /home/d-lab/workspace/ros_ur_driver/install/rrbot_description/share/rrbot_description/environment/path.dsv
[0.724s] -- Up-to-date: /home/d-lab/workspace/ros_ur_driver/install/rrbot_description/share/rrbot_description/local_setup.bash
[0.724s] -- Up-to-date: /home/d-lab/workspace/ros_ur_driver/install/rrbot_description/share/rrbot_description/local_setup.sh
[0.724s] -- Up-to-date: /home/d-lab/workspace/ros_ur_driver/install/rrbot_description/share/rrbot_description/local_setup.zsh
[0.725s] -- Up-to-date: /home/d-lab/workspace/ros_ur_driver/install/rrbot_description/share/rrbot_description/local_setup.dsv
[0.725s] -- Installing: /home/d-lab/workspace/ros_ur_driver/install/rrbot_description/share/rrbot_description/package.dsv
[0.726s] -- Up-to-date: /home/d-lab/workspace/ros_ur_driver/install/rrbot_description/share/ament_index/resource_index/packages/rrbot_description
[0.726s] -- Up-to-date: /home/d-lab/workspace/ros_ur_driver/install/rrbot_description/share/rrbot_description/cmake/rrbot_descriptionConfig.cmake
[0.726s] -- Up-to-date: /home/d-lab/workspace/ros_ur_driver/install/rrbot_description/share/rrbot_description/cmake/rrbot_descriptionConfig-version.cmake
[0.727s] -- Up-to-date: /home/d-lab/workspace/ros_ur_driver/install/rrbot_description/share/rrbot_description/package.xml
[0.879s] Invoked command in '/home/d-lab/workspace/ros_ur_driver/build/rrbot_description' returned '0': CMAKE_PREFIX_PATH=/opt/ros/foxy /usr/bin/cmake --install /home/d-lab/workspace/ros_ur_driver/build/rrbot_description
