-- The C compiler identification is GNU 9.4.0
-- The CXX compiler identification is GNU 9.4.0
-- Check for working C compiler: /usr/bin/cc
-- Check for working C compiler: /usr/bin/cc -- works
-- Detecting C compiler ABI info
-- Detecting C compiler ABI info - done
-- Detecting C compile features
-- Detecting C compile features - done
-- Check for working CXX compiler: /usr/bin/c++
-- Check for working CXX compiler: /usr/bin/c++ -- works
-- Detecting CXX compiler ABI info
-- Detecting CXX compiler ABI info - done
-- Detecting CXX compile features
-- Detecting CXX compile features - done
-- Found ament_cmake: 0.9.9 (/opt/ros/foxy/share/ament_cmake/cmake)
-- Found PythonInterp: /usr/bin/python3 (found suitable version "3.8.10", minimum required is "3") 
-- Using PYTHON_EXECUTABLE: /usr/bin/python3
-- Found ament_lint_auto: 0.9.6 (/opt/ros/foxy/share/ament_lint_auto/cmake)
-- Added test 'copyright' to check source files copyright and LICENSE
-- Added test 'lint_cmake' to check CMake code style
-- Added test 'xmllint' to check XML markup files
-- Configuring done
-- Generating done
-- Build files have been written to: /home/d-lab/workspace/ros_ur_driver/build/moveit_ros
-- Install configuration: "Release"
-- Installing: /home/d-lab/workspace/ros_ur_driver/install/moveit_ros/share/ament_index/resource_index/package_run_dependencies/moveit_ros
-- Installing: /home/d-lab/workspace/ros_ur_driver/install/moveit_ros/share/ament_index/resource_index/parent_prefix_path/moveit_ros
-- Installing: /home/d-lab/workspace/ros_ur_driver/install/moveit_ros/share/moveit_ros/environment/ament_prefix_path.sh
-- Installing: /home/d-lab/workspace/ros_ur_driver/install/moveit_ros/share/moveit_ros/environment/ament_prefix_path.dsv
-- Installing: /home/d-lab/workspace/ros_ur_driver/install/moveit_ros/share/moveit_ros/environment/path.sh
-- Installing: /home/d-lab/workspace/ros_ur_driver/install/moveit_ros/share/moveit_ros/environment/path.dsv
-- Installing: /home/d-lab/workspace/ros_ur_driver/install/moveit_ros/share/moveit_ros/local_setup.bash
-- Installing: /home/d-lab/workspace/ros_ur_driver/install/moveit_ros/share/moveit_ros/local_setup.sh
-- Installing: /home/d-lab/workspace/ros_ur_driver/install/moveit_ros/share/moveit_ros/local_setup.zsh
-- Installing: /home/d-lab/workspace/ros_ur_driver/install/moveit_ros/share/moveit_ros/local_setup.dsv
-- Installing: /home/d-lab/workspace/ros_ur_driver/install/moveit_ros/share/moveit_ros/package.dsv
-- Installing: /home/d-lab/workspace/ros_ur_driver/install/moveit_ros/share/ament_index/resource_index/packages/moveit_ros
-- Installing: /home/d-lab/workspace/ros_ur_driver/install/moveit_ros/share/moveit_ros/cmake/moveit_rosConfig.cmake
-- Installing: /home/d-lab/workspace/ros_ur_driver/install/moveit_ros/share/moveit_ros/cmake/moveit_rosConfig-version.cmake
-- Installing: /home/d-lab/workspace/ros_ur_driver/install/moveit_ros/share/moveit_ros/package.xml
