[0.960s] Invoking command in '/home/d-lab/workspace/ros_ur_driver/src/utils': PYTHONPATH=/home/d-lab/workspace/ros_ur_driver/build/utils/prefix_override:/home/d-lab/workspace/ros_ur_driver/install/utils/lib/python3.8/site-packages:${PYTHONPATH} /usr/bin/python3 setup.py egg_info --egg-base ../../build/utils build --build-base /home/d-lab/workspace/ros_ur_driver/build/utils/build install --record /home/d-lab/workspace/ros_ur_driver/build/utils/install.log --single-version-externally-managed
[1.180s] running egg_info
[1.181s] writing ../../build/utils/utils.egg-info/PKG-INFO
[1.181s] writing dependency_links to ../../build/utils/utils.egg-info/dependency_links.txt
[1.182s] writing entry points to ../../build/utils/utils.egg-info/entry_points.txt
[1.182s] writing requirements to ../../build/utils/utils.egg-info/requires.txt
[1.182s] writing top-level names to ../../build/utils/utils.egg-info/top_level.txt
[1.217s] reading manifest file '../../build/utils/utils.egg-info/SOURCES.txt'
[1.217s] writing manifest file '../../build/utils/utils.egg-info/SOURCES.txt'
[1.217s] running build
[1.217s] running build_py
[1.217s] running install
[1.218s] running install_lib
[1.219s] running install_data
[1.221s] running install_egg_info
[1.221s] removing '/home/d-lab/workspace/ros_ur_driver/install/utils/lib/python3.8/site-packages/utils-0.0.0-py3.8.egg-info' (and everything under it)
[1.222s] Copying ../../build/utils/utils.egg-info to /home/d-lab/workspace/ros_ur_driver/install/utils/lib/python3.8/site-packages/utils-0.0.0-py3.8.egg-info
[1.223s] running install_scripts
[1.240s] Installing torque_broadcaster script to /home/d-lab/workspace/ros_ur_driver/install/utils/bin
[1.240s] writing list of installed files to '/home/d-lab/workspace/ros_ur_driver/build/utils/install.log'
[1.259s] Invoked command in '/home/d-lab/workspace/ros_ur_driver/src/utils' returned '0': PYTHONPATH=/home/d-lab/workspace/ros_ur_driver/build/utils/prefix_override:/home/d-lab/workspace/ros_ur_driver/install/utils/lib/python3.8/site-packages:${PYTHONPATH} /usr/bin/python3 setup.py egg_info --egg-base ../../build/utils build --build-base /home/d-lab/workspace/ros_ur_driver/build/utils/build install --record /home/d-lab/workspace/ros_ur_driver/build/utils/install.log --single-version-externally-managed
