[0.052s] Invoking command in '/home/d-lab/workspace/ros_ur_driver/build/moveit_planners_ompl': AMENT_PREFIX_PATH=/home/d-lab/workspace/ros_ur_driver/install/moveit_ros_planning:/home/d-lab/workspace/ros_ur_driver/install/moveit_ros_occupancy_map_monitor:/home/d-lab/workspace/ros_ur_driver/install/moveit_core:/home/d-lab/workspace/ros_ur_driver/install/srdfdom:/home/d-lab/workspace/ros_ur_driver/install/moveit_common:${AMENT_PREFIX_PATH} CMAKE_PREFIX_PATH=/home/d-lab/workspace/ros_ur_driver/install/moveit_ros_planning:/home/d-lab/workspace/ros_ur_driver/install/moveit_ros_occupancy_map_monitor:/home/d-lab/workspace/ros_ur_driver/install/moveit_core:/home/d-lab/workspace/ros_ur_driver/install/srdfdom:/home/d-lab/workspace/ros_ur_driver/install/moveit_common:/opt/ros/foxy LD_LIBRARY_PATH=/home/d-lab/workspace/ros_ur_driver/install/moveit_ros_planning/lib:/home/d-lab/workspace/ros_ur_driver/install/moveit_ros_occupancy_map_monitor/lib:/home/d-lab/workspace/ros_ur_driver/install/moveit_core/lib:/home/d-lab/workspace/ros_ur_driver/install/srdfdom/lib:${LD_LIBRARY_PATH} PATH=/home/d-lab/workspace/ros_ur_driver/install/moveit_core/bin:${PATH} PYTHONPATH=/home/d-lab/workspace/ros_ur_driver/install/srdfdom/lib/python3.8/site-packages:${PYTHONPATH} /usr/bin/cmake --build /home/d-lab/workspace/ros_ur_driver/build/moveit_planners_ompl -- -j16 -l16
[0.122s] [  4%] Built target gtest
[0.130s] [  9%] Built target gtest_main
[0.243s] [ 60%] Built target moveit_ompl_interface
[0.262s] [ 70%] Built target test_constrained_planning_state_space
[0.263s] [ 70%] Built target test_state_space
[0.263s] [ 75%] Built target moveit_ompl_planner_plugin
[0.265s] [ 80%] Built target test_threadsafe_state_storage
[0.266s] [ 85%] Built target moveit_generate_state_database
[0.268s] [ 90%] Built target test_state_validity_checker
[0.268s] [ 95%] Built target test_planning_context_manager
[0.272s] [100%] Built target test_constrained_state_validity_checker
[0.310s] Invoked command in '/home/d-lab/workspace/ros_ur_driver/build/moveit_planners_ompl' returned '0': AMENT_PREFIX_PATH=/home/d-lab/workspace/ros_ur_driver/install/moveit_ros_planning:/home/d-lab/workspace/ros_ur_driver/install/moveit_ros_occupancy_map_monitor:/home/d-lab/workspace/ros_ur_driver/install/moveit_core:/home/d-lab/workspace/ros_ur_driver/install/srdfdom:/home/d-lab/workspace/ros_ur_driver/install/moveit_common:${AMENT_PREFIX_PATH} CMAKE_PREFIX_PATH=/home/d-lab/workspace/ros_ur_driver/install/moveit_ros_planning:/home/d-lab/workspace/ros_ur_driver/install/moveit_ros_occupancy_map_monitor:/home/d-lab/workspace/ros_ur_driver/install/moveit_core:/home/d-lab/workspace/ros_ur_driver/install/srdfdom:/home/d-lab/workspace/ros_ur_driver/install/moveit_common:/opt/ros/foxy LD_LIBRARY_PATH=/home/d-lab/workspace/ros_ur_driver/install/moveit_ros_planning/lib:/home/d-lab/workspace/ros_ur_driver/install/moveit_ros_occupancy_map_monitor/lib:/home/d-lab/workspace/ros_ur_driver/install/moveit_core/lib:/home/d-lab/workspace/ros_ur_driver/install/srdfdom/lib:${LD_LIBRARY_PATH} PATH=/home/d-lab/workspace/ros_ur_driver/install/moveit_core/bin:${PATH} PYTHONPATH=/home/d-lab/workspace/ros_ur_driver/install/srdfdom/lib/python3.8/site-packages:${PYTHONPATH} /usr/bin/cmake --build /home/d-lab/workspace/ros_ur_driver/build/moveit_planners_ompl -- -j16 -l16
[0.401s] Invoking command in '/home/d-lab/workspace/ros_ur_driver/build/moveit_planners_ompl': AMENT_PREFIX_PATH=/home/d-lab/workspace/ros_ur_driver/install/moveit_ros_planning:/home/d-lab/workspace/ros_ur_driver/install/moveit_ros_occupancy_map_monitor:/home/d-lab/workspace/ros_ur_driver/install/moveit_core:/home/d-lab/workspace/ros_ur_driver/install/srdfdom:/home/d-lab/workspace/ros_ur_driver/install/moveit_common:${AMENT_PREFIX_PATH} CMAKE_PREFIX_PATH=/home/d-lab/workspace/ros_ur_driver/install/moveit_ros_planning:/home/d-lab/workspace/ros_ur_driver/install/moveit_ros_occupancy_map_monitor:/home/d-lab/workspace/ros_ur_driver/install/moveit_core:/home/d-lab/workspace/ros_ur_driver/install/srdfdom:/home/d-lab/workspace/ros_ur_driver/install/moveit_common:/opt/ros/foxy LD_LIBRARY_PATH=/home/d-lab/workspace/ros_ur_driver/install/moveit_ros_planning/lib:/home/d-lab/workspace/ros_ur_driver/install/moveit_ros_occupancy_map_monitor/lib:/home/d-lab/workspace/ros_ur_driver/install/moveit_core/lib:/home/d-lab/workspace/ros_ur_driver/install/srdfdom/lib:${LD_LIBRARY_PATH} PATH=/home/d-lab/workspace/ros_ur_driver/install/moveit_core/bin:${PATH} PYTHONPATH=/home/d-lab/workspace/ros_ur_driver/install/srdfdom/lib/python3.8/site-packages:${PYTHONPATH} /usr/bin/cmake --install /home/d-lab/workspace/ros_ur_driver/build/moveit_planners_ompl
[0.407s] -- Install configuration: "Release"
[0.408s] -- Up-to-date: /home/d-lab/workspace/ros_ur_driver/install/moveit_planners_ompl/lib/libmoveit_ompl_interface.so.2.2.3
[0.408s] -- Up-to-date: /home/d-lab/workspace/ros_ur_driver/install/moveit_planners_ompl/lib/libmoveit_ompl_interface.so
[0.408s] -- Up-to-date: /home/d-lab/workspace/ros_ur_driver/install/moveit_planners_ompl/lib/libmoveit_ompl_planner_plugin.so.2.2.3
[0.408s] -- Up-to-date: /home/d-lab/workspace/ros_ur_driver/install/moveit_planners_ompl/lib/libmoveit_ompl_planner_plugin.so
[0.408s] -- Up-to-date: /home/d-lab/workspace/ros_ur_driver/install/moveit_planners_ompl/share/moveit_planners_ompl/environment/library_path.sh
[0.408s] -- Up-to-date: /home/d-lab/workspace/ros_ur_driver/install/moveit_planners_ompl/share/moveit_planners_ompl/environment/library_path.dsv
[0.408s] -- Up-to-date: /home/d-lab/workspace/ros_ur_driver/install/moveit_planners_ompl/share/moveit_planners_ompl/ompl_interface_plugin_description.xml
[0.408s] -- Up-to-date: /home/d-lab/workspace/ros_ur_driver/install/moveit_planners_ompl/share/ament_index/resource_index/package_run_dependencies/moveit_planners_ompl
[0.408s] -- Up-to-date: /home/d-lab/workspace/ros_ur_driver/install/moveit_planners_ompl/share/ament_index/resource_index/parent_prefix_path/moveit_planners_ompl
[0.408s] -- Up-to-date: /home/d-lab/workspace/ros_ur_driver/install/moveit_planners_ompl/share/moveit_planners_ompl/environment/ament_prefix_path.sh
[0.408s] -- Up-to-date: /home/d-lab/workspace/ros_ur_driver/install/moveit_planners_ompl/share/moveit_planners_ompl/environment/ament_prefix_path.dsv
[0.408s] -- Up-to-date: /home/d-lab/workspace/ros_ur_driver/install/moveit_planners_ompl/share/moveit_planners_ompl/environment/path.sh
[0.408s] -- Up-to-date: /home/d-lab/workspace/ros_ur_driver/install/moveit_planners_ompl/share/moveit_planners_ompl/environment/path.dsv
[0.409s] -- Up-to-date: /home/d-lab/workspace/ros_ur_driver/install/moveit_planners_ompl/share/moveit_planners_ompl/local_setup.bash
[0.409s] -- Up-to-date: /home/d-lab/workspace/ros_ur_driver/install/moveit_planners_ompl/share/moveit_planners_ompl/local_setup.sh
[0.409s] -- Up-to-date: /home/d-lab/workspace/ros_ur_driver/install/moveit_planners_ompl/share/moveit_planners_ompl/local_setup.zsh
[0.409s] -- Up-to-date: /home/d-lab/workspace/ros_ur_driver/install/moveit_planners_ompl/share/moveit_planners_ompl/local_setup.dsv
[0.409s] -- Installing: /home/d-lab/workspace/ros_ur_driver/install/moveit_planners_ompl/share/moveit_planners_ompl/package.dsv
[0.409s] -- Up-to-date: /home/d-lab/workspace/ros_ur_driver/install/moveit_planners_ompl/share/ament_index/resource_index/packages/moveit_planners_ompl
[0.409s] -- Up-to-date: /home/d-lab/workspace/ros_ur_driver/install/moveit_planners_ompl/share/ament_index/resource_index/moveit_core__pluginlib__plugin/moveit_planners_ompl
[0.409s] -- Up-to-date: /home/d-lab/workspace/ros_ur_driver/install/moveit_planners_ompl/share/moveit_planners_ompl/cmake/export_moveit_planners_omplExport.cmake
[0.409s] -- Up-to-date: /home/d-lab/workspace/ros_ur_driver/install/moveit_planners_ompl/share/moveit_planners_ompl/cmake/export_moveit_planners_omplExport-release.cmake
[0.409s] -- Up-to-date: /home/d-lab/workspace/ros_ur_driver/install/moveit_planners_ompl/share/moveit_planners_ompl/cmake/ament_cmake_export_targets-extras.cmake
[0.409s] -- Up-to-date: /home/d-lab/workspace/ros_ur_driver/install/moveit_planners_ompl/share/moveit_planners_ompl/cmake/ament_cmake_export_dependencies-extras.cmake
[0.409s] -- Up-to-date: /home/d-lab/workspace/ros_ur_driver/install/moveit_planners_ompl/share/moveit_planners_ompl/cmake/moveit_planners_omplConfig.cmake
[0.409s] -- Up-to-date: /home/d-lab/workspace/ros_ur_driver/install/moveit_planners_ompl/share/moveit_planners_ompl/cmake/moveit_planners_omplConfig-version.cmake
[0.410s] -- Up-to-date: /home/d-lab/workspace/ros_ur_driver/install/moveit_planners_ompl/share/moveit_planners_ompl/package.xml
[0.410s] -- Up-to-date: /home/d-lab/workspace/ros_ur_driver/install/moveit_planners_ompl/lib/moveit_planners_ompl/generate_state_database
[0.410s] -- Up-to-date: /home/d-lab/workspace/ros_ur_driver/install/moveit_planners_ompl/include
[0.410s] -- Up-to-date: /home/d-lab/workspace/ros_ur_driver/install/moveit_planners_ompl/include/moveit
[0.410s] -- Up-to-date: /home/d-lab/workspace/ros_ur_driver/install/moveit_planners_ompl/include/moveit/ompl_interface
[0.410s] -- Up-to-date: /home/d-lab/workspace/ros_ur_driver/install/moveit_planners_ompl/include/moveit/ompl_interface/parameterization
[0.410s] -- Up-to-date: /home/d-lab/workspace/ros_ur_driver/install/moveit_planners_ompl/include/moveit/ompl_interface/parameterization/work_space
[0.410s] -- Up-to-date: /home/d-lab/workspace/ros_ur_driver/install/moveit_planners_ompl/include/moveit/ompl_interface/parameterization/work_space/pose_model_state_space.h
[0.410s] -- Up-to-date: /home/d-lab/workspace/ros_ur_driver/install/moveit_planners_ompl/include/moveit/ompl_interface/parameterization/work_space/pose_model_state_space_factory.h
[0.410s] -- Up-to-date: /home/d-lab/workspace/ros_ur_driver/install/moveit_planners_ompl/include/moveit/ompl_interface/parameterization/model_based_state_space_factory.h
[0.410s] -- Up-to-date: /home/d-lab/workspace/ros_ur_driver/install/moveit_planners_ompl/include/moveit/ompl_interface/parameterization/joint_space
[0.410s] -- Up-to-date: /home/d-lab/workspace/ros_ur_driver/install/moveit_planners_ompl/include/moveit/ompl_interface/parameterization/joint_space/constrained_planning_state_space_factory.h
[0.410s] -- Up-to-date: /home/d-lab/workspace/ros_ur_driver/install/moveit_planners_ompl/include/moveit/ompl_interface/parameterization/joint_space/constrained_planning_state_space.h
[0.410s] -- Up-to-date: /home/d-lab/workspace/ros_ur_driver/install/moveit_planners_ompl/include/moveit/ompl_interface/parameterization/joint_space/joint_model_state_space_factory.h
[0.411s] -- Up-to-date: /home/d-lab/workspace/ros_ur_driver/install/moveit_planners_ompl/include/moveit/ompl_interface/parameterization/joint_space/joint_model_state_space.h
[0.411s] -- Up-to-date: /home/d-lab/workspace/ros_ur_driver/install/moveit_planners_ompl/include/moveit/ompl_interface/parameterization/model_based_state_space.h
[0.411s] -- Up-to-date: /home/d-lab/workspace/ros_ur_driver/install/moveit_planners_ompl/include/moveit/ompl_interface/model_based_planning_context.h
[0.411s] -- Up-to-date: /home/d-lab/workspace/ros_ur_driver/install/moveit_planners_ompl/include/moveit/ompl_interface/ompl_interface.h
[0.411s] -- Up-to-date: /home/d-lab/workspace/ros_ur_driver/install/moveit_planners_ompl/include/moveit/ompl_interface/planning_context_manager.h
[0.411s] -- Up-to-date: /home/d-lab/workspace/ros_ur_driver/install/moveit_planners_ompl/include/moveit/ompl_interface/detail
[0.411s] -- Up-to-date: /home/d-lab/workspace/ros_ur_driver/install/moveit_planners_ompl/include/moveit/ompl_interface/detail/goal_union.h
[0.411s] -- Up-to-date: /home/d-lab/workspace/ros_ur_driver/install/moveit_planners_ompl/include/moveit/ompl_interface/detail/constraints_library.h
[0.411s] -- Up-to-date: /home/d-lab/workspace/ros_ur_driver/install/moveit_planners_ompl/include/moveit/ompl_interface/detail/constrained_valid_state_sampler.h
[0.411s] -- Up-to-date: /home/d-lab/workspace/ros_ur_driver/install/moveit_planners_ompl/include/moveit/ompl_interface/detail/state_validity_checker.h
[0.412s] -- Up-to-date: /home/d-lab/workspace/ros_ur_driver/install/moveit_planners_ompl/include/moveit/ompl_interface/detail/constrained_sampler.h
[0.412s] -- Up-to-date: /home/d-lab/workspace/ros_ur_driver/install/moveit_planners_ompl/include/moveit/ompl_interface/detail/ompl_constraints.h
[0.413s] -- Up-to-date: /home/d-lab/workspace/ros_ur_driver/install/moveit_planners_ompl/include/moveit/ompl_interface/detail/constrained_goal_sampler.h
[0.413s] -- Up-to-date: /home/d-lab/workspace/ros_ur_driver/install/moveit_planners_ompl/include/moveit/ompl_interface/detail/constraint_approximations.h
[0.413s] -- Up-to-date: /home/d-lab/workspace/ros_ur_driver/install/moveit_planners_ompl/include/moveit/ompl_interface/detail/threadsafe_state_storage.h
[0.413s] -- Up-to-date: /home/d-lab/workspace/ros_ur_driver/install/moveit_planners_ompl/include/moveit/ompl_interface/detail/projection_evaluators.h
[0.435s] Invoked command in '/home/d-lab/workspace/ros_ur_driver/build/moveit_planners_ompl' returned '0': AMENT_PREFIX_PATH=/home/d-lab/workspace/ros_ur_driver/install/moveit_ros_planning:/home/d-lab/workspace/ros_ur_driver/install/moveit_ros_occupancy_map_monitor:/home/d-lab/workspace/ros_ur_driver/install/moveit_core:/home/d-lab/workspace/ros_ur_driver/install/srdfdom:/home/d-lab/workspace/ros_ur_driver/install/moveit_common:${AMENT_PREFIX_PATH} CMAKE_PREFIX_PATH=/home/d-lab/workspace/ros_ur_driver/install/moveit_ros_planning:/home/d-lab/workspace/ros_ur_driver/install/moveit_ros_occupancy_map_monitor:/home/d-lab/workspace/ros_ur_driver/install/moveit_core:/home/d-lab/workspace/ros_ur_driver/install/srdfdom:/home/d-lab/workspace/ros_ur_driver/install/moveit_common:/opt/ros/foxy LD_LIBRARY_PATH=/home/d-lab/workspace/ros_ur_driver/install/moveit_ros_planning/lib:/home/d-lab/workspace/ros_ur_driver/install/moveit_ros_occupancy_map_monitor/lib:/home/d-lab/workspace/ros_ur_driver/install/moveit_core/lib:/home/d-lab/workspace/ros_ur_driver/install/srdfdom/lib:${LD_LIBRARY_PATH} PATH=/home/d-lab/workspace/ros_ur_driver/install/moveit_core/bin:${PATH} PYTHONPATH=/home/d-lab/workspace/ros_ur_driver/install/srdfdom/lib/python3.8/site-packages:${PYTHONPATH} /usr/bin/cmake --install /home/d-lab/workspace/ros_ur_driver/build/moveit_planners_ompl
