[0.051s] Invoking command in '/home/d-lab/workspace/ros_ur_driver/src/build/diffbot_description': CMAKE_PREFIX_PATH=/opt/ros/foxy /usr/bin/cmake /home/d-lab/workspace/ros_ur_driver/src/ros2_control_demos/ros2_control_demo_description/diffbot_description -DCMAKE_INSTALL_PREFIX=/home/d-lab/workspace/ros_ur_driver/src/install/diffbot_description
[0.432s] -- The C compiler identification is GNU 9.4.0
[0.433s] -- The CXX compiler identification is GNU 9.4.0
[0.433s] -- Check for working C compiler: /usr/bin/cc
[0.433s] -- Check for working C compiler: /usr/bin/cc -- works
[0.434s] -- Detecting C compiler ABI info
[0.434s] -- Detecting C compiler ABI info - done
[0.434s] -- Detecting C compile features
[0.434s] -- Detecting C compile features - done
[0.434s] -- Check for working CXX compiler: /usr/bin/c++
[0.434s] -- Check for working CXX compiler: /usr/bin/c++ -- works
[0.434s] -- Detecting CXX compiler ABI info
[0.434s] -- Detecting CXX compiler ABI info - done
[0.434s] -- Detecting CXX compile features
[0.434s] -- Detecting CXX compile features - done
[0.434s] -- Found ament_cmake: 0.9.9 (/opt/ros/foxy/share/ament_cmake/cmake)
[0.434s] -- Found PythonInterp: /usr/bin/python3 (found suitable version "3.8.10", minimum required is "3") 
[0.434s] -- Using PYTHON_EXECUTABLE: /usr/bin/python3
[0.604s] -- Configuring done
[0.605s] -- Generating done
[0.606s] -- Build files have been written to: /home/d-lab/workspace/ros_ur_driver/src/build/diffbot_description
[0.614s] Invoked command in '/home/d-lab/workspace/ros_ur_driver/src/build/diffbot_description' returned '0': CMAKE_PREFIX_PATH=/opt/ros/foxy /usr/bin/cmake /home/d-lab/workspace/ros_ur_driver/src/ros2_control_demos/ros2_control_demo_description/diffbot_description -DCMAKE_INSTALL_PREFIX=/home/d-lab/workspace/ros_ur_driver/src/install/diffbot_description
[0.615s] Invoking command in '/home/d-lab/workspace/ros_ur_driver/src/build/diffbot_description': CMAKE_PREFIX_PATH=/opt/ros/foxy /usr/bin/cmake --build /home/d-lab/workspace/ros_ur_driver/src/build/diffbot_description -- -j16 -l16
[0.942s] Invoked command in '/home/d-lab/workspace/ros_ur_driver/src/build/diffbot_description' returned '0': CMAKE_PREFIX_PATH=/opt/ros/foxy /usr/bin/cmake --build /home/d-lab/workspace/ros_ur_driver/src/build/diffbot_description -- -j16 -l16
[0.971s] Invoking command in '/home/d-lab/workspace/ros_ur_driver/src/build/diffbot_description': CMAKE_PREFIX_PATH=/opt/ros/foxy /usr/bin/cmake --install /home/d-lab/workspace/ros_ur_driver/src/build/diffbot_description
[1.075s] -- Install configuration: ""
[1.075s] -- Installing: /home/d-lab/workspace/ros_ur_driver/src/install/diffbot_description/share/diffbot_description/config
[1.075s] -- Installing: /home/d-lab/workspace/ros_ur_driver/src/install/diffbot_description/share/diffbot_description/config/diffbot.rviz
[1.075s] -- Installing: /home/d-lab/workspace/ros_ur_driver/src/install/diffbot_description/share/diffbot_description/gazebo
[1.075s] -- Installing: /home/d-lab/workspace/ros_ur_driver/src/install/diffbot_description/share/diffbot_description/gazebo/diffbot.materials.xacro
[1.075s] -- Installing: /home/d-lab/workspace/ros_ur_driver/src/install/diffbot_description/share/diffbot_description/gazebo/diffbot.gazebo.xacro
[1.075s] -- Installing: /home/d-lab/workspace/ros_ur_driver/src/install/diffbot_description/share/diffbot_description/ros2_control
[1.075s] -- Installing: /home/d-lab/workspace/ros_ur_driver/src/install/diffbot_description/share/diffbot_description/ros2_control/diffbot_system.ros2_control.xacro
[1.075s] -- Installing: /home/d-lab/workspace/ros_ur_driver/src/install/diffbot_description/share/diffbot_description/urdf
[1.075s] -- Installing: /home/d-lab/workspace/ros_ur_driver/src/install/diffbot_description/share/diffbot_description/urdf/diffbot_system.urdf.xacro
[1.075s] -- Installing: /home/d-lab/workspace/ros_ur_driver/src/install/diffbot_description/share/diffbot_description/urdf/diffbot.urdf.xacro
[1.076s] -- Installing: /home/d-lab/workspace/ros_ur_driver/src/install/diffbot_description/share/ament_index/resource_index/package_run_dependencies/diffbot_description
[1.076s] -- Installing: /home/d-lab/workspace/ros_ur_driver/src/install/diffbot_description/share/ament_index/resource_index/parent_prefix_path/diffbot_description
[1.076s] -- Installing: /home/d-lab/workspace/ros_ur_driver/src/install/diffbot_description/share/diffbot_description/environment/ament_prefix_path.sh
[1.076s] -- Installing: /home/d-lab/workspace/ros_ur_driver/src/install/diffbot_description/share/diffbot_description/environment/ament_prefix_path.dsv
[1.076s] -- Installing: /home/d-lab/workspace/ros_ur_driver/src/install/diffbot_description/share/diffbot_description/environment/path.sh
[1.076s] -- Installing: /home/d-lab/workspace/ros_ur_driver/src/install/diffbot_description/share/diffbot_description/environment/path.dsv
[1.076s] -- Installing: /home/d-lab/workspace/ros_ur_driver/src/install/diffbot_description/share/diffbot_description/local_setup.bash
[1.076s] -- Installing: /home/d-lab/workspace/ros_ur_driver/src/install/diffbot_description/share/diffbot_description/local_setup.sh
[1.076s] -- Installing: /home/d-lab/workspace/ros_ur_driver/src/install/diffbot_description/share/diffbot_description/local_setup.zsh
[1.077s] -- Installing: /home/d-lab/workspace/ros_ur_driver/src/install/diffbot_description/share/diffbot_description/local_setup.dsv
[1.077s] -- Installing: /home/d-lab/workspace/ros_ur_driver/src/install/diffbot_description/share/diffbot_description/package.dsv
[1.077s] -- Installing: /home/d-lab/workspace/ros_ur_driver/src/install/diffbot_description/share/ament_index/resource_index/packages/diffbot_description
[1.077s] -- Installing: /home/d-lab/workspace/ros_ur_driver/src/install/diffbot_description/share/diffbot_description/cmake/diffbot_descriptionConfig.cmake
[1.077s] -- Installing: /home/d-lab/workspace/ros_ur_driver/src/install/diffbot_description/share/diffbot_description/cmake/diffbot_descriptionConfig-version.cmake
[1.077s] -- Installing: /home/d-lab/workspace/ros_ur_driver/src/install/diffbot_description/share/diffbot_description/package.xml
[1.166s] Invoked command in '/home/d-lab/workspace/ros_ur_driver/src/build/diffbot_description' returned '0': CMAKE_PREFIX_PATH=/opt/ros/foxy /usr/bin/cmake --install /home/d-lab/workspace/ros_ur_driver/src/build/diffbot_description
