[0.235s] Invoking command in '/home/d-lab/workspace/ros_ur_driver/src/build/rrbot_description': CMAKE_PREFIX_PATH=${CMAKE_PREFIX_PATH}:/home/d-lab/workspace/ros_ur_driver/install/ros2controlcli:/home/d-lab/workspace/ros_ur_driver/install/ros2_control_test_nodes:/opt/ros/foxy /usr/bin/cmake --build /home/d-lab/workspace/ros_ur_driver/src/build/rrbot_description -- -j16 -l16
[0.309s] Invoked command in '/home/d-lab/workspace/ros_ur_driver/src/build/rrbot_description' returned '0': CMAKE_PREFIX_PATH=${CMAKE_PREFIX_PATH}:/home/d-lab/workspace/ros_ur_driver/install/ros2controlcli:/home/d-lab/workspace/ros_ur_driver/install/ros2_control_test_nodes:/opt/ros/foxy /usr/bin/cmake --build /home/d-lab/workspace/ros_ur_driver/src/build/rrbot_description -- -j16 -l16
[0.394s] Invoking command in '/home/d-lab/workspace/ros_ur_driver/src/build/rrbot_description': CMAKE_PREFIX_PATH=${CMAKE_PREFIX_PATH}:/home/d-lab/workspace/ros_ur_driver/install/ros2controlcli:/home/d-lab/workspace/ros_ur_driver/install/ros2_control_test_nodes:/opt/ros/foxy /usr/bin/cmake --install /home/d-lab/workspace/ros_ur_driver/src/build/rrbot_description
[0.412s] -- Install configuration: ""
[0.412s] -- Up-to-date: /home/d-lab/workspace/ros_ur_driver/src/install/rrbot_description/share/rrbot_description/config
[0.412s] -- Up-to-date: /home/d-lab/workspace/ros_ur_driver/src/install/rrbot_description/share/rrbot_description/config/rrbot.rviz
[0.412s] -- Up-to-date: /home/d-lab/workspace/ros_ur_driver/src/install/rrbot_description/share/rrbot_description/gazebo
[0.412s] -- Up-to-date: /home/d-lab/workspace/ros_ur_driver/src/install/rrbot_description/share/rrbot_description/gazebo/rrbot.materials.xacro
[0.413s] -- Up-to-date: /home/d-lab/workspace/ros_ur_driver/src/install/rrbot_description/share/rrbot_description/gazebo/rrbot.gazebo.xacro
[0.413s] -- Up-to-date: /home/d-lab/workspace/ros_ur_driver/src/install/rrbot_description/share/rrbot_description/meshes
[0.413s] -- Up-to-date: /home/d-lab/workspace/ros_ur_driver/src/install/rrbot_description/share/rrbot_description/meshes/hokuyo.dae
[0.413s] -- Up-to-date: /home/d-lab/workspace/ros_ur_driver/src/install/rrbot_description/share/rrbot_description/launch
[0.413s] -- Up-to-date: /home/d-lab/workspace/ros_ur_driver/src/install/rrbot_description/share/rrbot_description/launch/view_robot.launch.py
[0.413s] -- Up-to-date: /home/d-lab/workspace/ros_ur_driver/src/install/rrbot_description/share/rrbot_description/ros2_control
[0.413s] -- Up-to-date: /home/d-lab/workspace/ros_ur_driver/src/install/rrbot_description/share/rrbot_description/ros2_control/rrbot_system_multi_interface.ros2_control.xacro
[0.413s] -- Up-to-date: /home/d-lab/workspace/ros_ur_driver/src/install/rrbot_description/share/rrbot_description/ros2_control/rrbot.ros2_control.xacro
[0.414s] -- Up-to-date: /home/d-lab/workspace/ros_ur_driver/src/install/rrbot_description/share/rrbot_description/ros2_control/rrbot_system_position_only.ros2_control.xacro
[0.414s] -- Up-to-date: /home/d-lab/workspace/ros_ur_driver/src/install/rrbot_description/share/rrbot_description/ros2_control/rrbot_system_with_sensor.ros2_control.xacro
[0.414s] -- Up-to-date: /home/d-lab/workspace/ros_ur_driver/src/install/rrbot_description/share/rrbot_description/urdf
[0.414s] -- Up-to-date: /home/d-lab/workspace/ros_ur_driver/src/install/rrbot_description/share/rrbot_description/urdf/rrbot_system_multi_interface.urdf.xacro
[0.414s] -- Up-to-date: /home/d-lab/workspace/ros_ur_driver/src/install/rrbot_description/share/rrbot_description/urdf/rrbot.urdf.xacro
[0.416s] -- Up-to-date: /home/d-lab/workspace/ros_ur_driver/src/install/rrbot_description/share/rrbot_description/urdf/rrbot_description.urdf.xacro
[0.416s] -- Up-to-date: /home/d-lab/workspace/ros_ur_driver/src/install/rrbot_description/share/rrbot_description/urdf/rrbot_system_with_sensor.urdf.xacro
[0.416s] -- Up-to-date: /home/d-lab/workspace/ros_ur_driver/src/install/rrbot_description/share/rrbot_description/urdf/rrbot_system_position_only.urdf.xacro
[0.416s] -- Up-to-date: /home/d-lab/workspace/ros_ur_driver/src/install/rrbot_description/share/rrbot_description/environment/rrbot_description.dsv
[0.416s] -- Up-to-date: /home/d-lab/workspace/ros_ur_driver/src/install/rrbot_description/share/ament_index/resource_index/package_run_dependencies/rrbot_description
[0.417s] -- Up-to-date: /home/d-lab/workspace/ros_ur_driver/src/install/rrbot_description/share/ament_index/resource_index/parent_prefix_path/rrbot_description
[0.417s] -- Up-to-date: /home/d-lab/workspace/ros_ur_driver/src/install/rrbot_description/share/rrbot_description/environment/ament_prefix_path.sh
[0.419s] -- Up-to-date: /home/d-lab/workspace/ros_ur_driver/src/install/rrbot_description/share/rrbot_description/environment/ament_prefix_path.dsv
[0.421s] -- Up-to-date: /home/d-lab/workspace/ros_ur_driver/src/install/rrbot_description/share/rrbot_description/environment/path.sh
[0.422s] -- Up-to-date: /home/d-lab/workspace/ros_ur_driver/src/install/rrbot_description/share/rrbot_description/environment/path.dsv
[0.423s] -- Up-to-date: /home/d-lab/workspace/ros_ur_driver/src/install/rrbot_description/share/rrbot_description/local_setup.bash
[0.424s] -- Up-to-date: /home/d-lab/workspace/ros_ur_driver/src/install/rrbot_description/share/rrbot_description/local_setup.sh
[0.424s] -- Up-to-date: /home/d-lab/workspace/ros_ur_driver/src/install/rrbot_description/share/rrbot_description/local_setup.zsh
[0.424s] -- Up-to-date: /home/d-lab/workspace/ros_ur_driver/src/install/rrbot_description/share/rrbot_description/local_setup.dsv
[0.424s] -- Installing: /home/d-lab/workspace/ros_ur_driver/src/install/rrbot_description/share/rrbot_description/package.dsv
[0.424s] -- Up-to-date: /home/d-lab/workspace/ros_ur_driver/src/install/rrbot_description/share/ament_index/resource_index/packages/rrbot_description
[0.424s] -- Up-to-date: /home/d-lab/workspace/ros_ur_driver/src/install/rrbot_description/share/rrbot_description/cmake/rrbot_descriptionConfig.cmake
[0.425s] -- Up-to-date: /home/d-lab/workspace/ros_ur_driver/src/install/rrbot_description/share/rrbot_description/cmake/rrbot_descriptionConfig-version.cmake
[0.425s] -- Up-to-date: /home/d-lab/workspace/ros_ur_driver/src/install/rrbot_description/share/rrbot_description/package.xml
[0.492s] Invoked command in '/home/d-lab/workspace/ros_ur_driver/src/build/rrbot_description' returned '0': CMAKE_PREFIX_PATH=${CMAKE_PREFIX_PATH}:/home/d-lab/workspace/ros_ur_driver/install/ros2controlcli:/home/d-lab/workspace/ros_ur_driver/install/ros2_control_test_nodes:/opt/ros/foxy /usr/bin/cmake --install /home/d-lab/workspace/ros_ur_driver/src/build/rrbot_description
