[0.091s] Invoking command in '/home/d-lab/workspace/ros_ur_driver/build/diffbot_description': CMAKE_PREFIX_PATH=/opt/ros/foxy /usr/bin/cmake --build /home/d-lab/workspace/ros_ur_driver/build/diffbot_description -- -j16 -l16
[0.715s] Invoked command in '/home/d-lab/workspace/ros_ur_driver/build/diffbot_description' returned '0': CMAKE_PREFIX_PATH=/opt/ros/foxy /usr/bin/cmake --build /home/d-lab/workspace/ros_ur_driver/build/diffbot_description -- -j16 -l16
[0.744s] Invoking command in '/home/d-lab/workspace/ros_ur_driver/build/diffbot_description': CMAKE_PREFIX_PATH=/opt/ros/foxy /usr/bin/cmake --install /home/d-lab/workspace/ros_ur_driver/build/diffbot_description
[0.780s] -- Install configuration: "Release"
[0.780s] -- Up-to-date: /home/d-lab/workspace/ros_ur_driver/install/diffbot_description/share/diffbot_description/config
[0.780s] -- Up-to-date: /home/d-lab/workspace/ros_ur_driver/install/diffbot_description/share/diffbot_description/config/diffbot.rviz
[0.780s] -- Up-to-date: /home/d-lab/workspace/ros_ur_driver/install/diffbot_description/share/diffbot_description/gazebo
[0.780s] -- Up-to-date: /home/d-lab/workspace/ros_ur_driver/install/diffbot_description/share/diffbot_description/gazebo/diffbot.materials.xacro
[0.780s] -- Up-to-date: /home/d-lab/workspace/ros_ur_driver/install/diffbot_description/share/diffbot_description/gazebo/diffbot.gazebo.xacro
[0.781s] -- Up-to-date: /home/d-lab/workspace/ros_ur_driver/install/diffbot_description/share/diffbot_description/ros2_control
[0.781s] -- Up-to-date: /home/d-lab/workspace/ros_ur_driver/install/diffbot_description/share/diffbot_description/ros2_control/diffbot_system.ros2_control.xacro
[0.781s] -- Up-to-date: /home/d-lab/workspace/ros_ur_driver/install/diffbot_description/share/diffbot_description/urdf
[0.781s] -- Up-to-date: /home/d-lab/workspace/ros_ur_driver/install/diffbot_description/share/diffbot_description/urdf/diffbot_system.urdf.xacro
[0.781s] -- Up-to-date: /home/d-lab/workspace/ros_ur_driver/install/diffbot_description/share/diffbot_description/urdf/diffbot.urdf.xacro
[0.781s] -- Up-to-date: /home/d-lab/workspace/ros_ur_driver/install/diffbot_description/share/ament_index/resource_index/package_run_dependencies/diffbot_description
[0.783s] -- Up-to-date: /home/d-lab/workspace/ros_ur_driver/install/diffbot_description/share/ament_index/resource_index/parent_prefix_path/diffbot_description
[0.783s] -- Up-to-date: /home/d-lab/workspace/ros_ur_driver/install/diffbot_description/share/diffbot_description/environment/ament_prefix_path.sh
[0.783s] -- Up-to-date: /home/d-lab/workspace/ros_ur_driver/install/diffbot_description/share/diffbot_description/environment/ament_prefix_path.dsv
[0.784s] -- Up-to-date: /home/d-lab/workspace/ros_ur_driver/install/diffbot_description/share/diffbot_description/environment/path.sh
[0.784s] -- Up-to-date: /home/d-lab/workspace/ros_ur_driver/install/diffbot_description/share/diffbot_description/environment/path.dsv
[0.784s] -- Up-to-date: /home/d-lab/workspace/ros_ur_driver/install/diffbot_description/share/diffbot_description/local_setup.bash
[0.784s] -- Up-to-date: /home/d-lab/workspace/ros_ur_driver/install/diffbot_description/share/diffbot_description/local_setup.sh
[0.785s] -- Up-to-date: /home/d-lab/workspace/ros_ur_driver/install/diffbot_description/share/diffbot_description/local_setup.zsh
[0.785s] -- Up-to-date: /home/d-lab/workspace/ros_ur_driver/install/diffbot_description/share/diffbot_description/local_setup.dsv
[0.785s] -- Installing: /home/d-lab/workspace/ros_ur_driver/install/diffbot_description/share/diffbot_description/package.dsv
[0.785s] -- Up-to-date: /home/d-lab/workspace/ros_ur_driver/install/diffbot_description/share/ament_index/resource_index/packages/diffbot_description
[0.786s] -- Up-to-date: /home/d-lab/workspace/ros_ur_driver/install/diffbot_description/share/diffbot_description/cmake/diffbot_descriptionConfig.cmake
[0.787s] -- Up-to-date: /home/d-lab/workspace/ros_ur_driver/install/diffbot_description/share/diffbot_description/cmake/diffbot_descriptionConfig-version.cmake
[0.787s] -- Up-to-date: /home/d-lab/workspace/ros_ur_driver/install/diffbot_description/share/diffbot_description/package.xml
[0.900s] Invoked command in '/home/d-lab/workspace/ros_ur_driver/build/diffbot_description' returned '0': CMAKE_PREFIX_PATH=/opt/ros/foxy /usr/bin/cmake --install /home/d-lab/workspace/ros_ur_driver/build/diffbot_description
