[0.160s] Invoking command in '/home/d-lab/workspace/ros_ur_driver/build/rrbot_description': CMAKE_PREFIX_PATH=/opt/ros/foxy /usr/bin/cmake /home/d-lab/workspace/ros_ur_driver/src/ros2_control_demos/ros2_control_demo_description/rrbot_description -DCMAKE_BUILD_TYPE=Release -DCMAKE_INSTALL_PREFIX=/home/d-lab/workspace/ros_ur_driver/install/rrbot_description
[0.184s] -- Found ament_cmake: 0.9.9 (/opt/ros/foxy/share/ament_cmake/cmake)
[0.185s] -- Found PythonInterp: /usr/bin/python3 (found suitable version "3.8.10", minimum required is "3") 
[0.185s] -- Using PYTHON_EXECUTABLE: /usr/bin/python3
[0.382s] -- Configuring done
[0.384s] -- Generating done
[0.384s] -- Build files have been written to: /home/d-lab/workspace/ros_ur_driver/build/rrbot_description
[0.386s] Invoked command in '/home/d-lab/workspace/ros_ur_driver/build/rrbot_description' returned '0': CMAKE_PREFIX_PATH=/opt/ros/foxy /usr/bin/cmake /home/d-lab/workspace/ros_ur_driver/src/ros2_control_demos/ros2_control_demo_description/rrbot_description -DCMAKE_BUILD_TYPE=Release -DCMAKE_INSTALL_PREFIX=/home/d-lab/workspace/ros_ur_driver/install/rrbot_description
[0.388s] Invoking command in '/home/d-lab/workspace/ros_ur_driver/build/rrbot_description': CMAKE_PREFIX_PATH=/opt/ros/foxy /usr/bin/cmake --build /home/d-lab/workspace/ros_ur_driver/build/rrbot_description -- -j16 -l16
[0.412s] Invoked command in '/home/d-lab/workspace/ros_ur_driver/build/rrbot_description' returned '0': CMAKE_PREFIX_PATH=/opt/ros/foxy /usr/bin/cmake --build /home/d-lab/workspace/ros_ur_driver/build/rrbot_description -- -j16 -l16
[0.435s] Invoking command in '/home/d-lab/workspace/ros_ur_driver/build/rrbot_description': CMAKE_PREFIX_PATH=/opt/ros/foxy /usr/bin/cmake --install /home/d-lab/workspace/ros_ur_driver/build/rrbot_description
[0.440s] -- Install configuration: "Release"
[0.440s] -- Installing: /home/d-lab/workspace/ros_ur_driver/install/rrbot_description/share/rrbot_description/config
[0.440s] -- Installing: /home/d-lab/workspace/ros_ur_driver/install/rrbot_description/share/rrbot_description/config/rrbot.rviz
[0.440s] -- Installing: /home/d-lab/workspace/ros_ur_driver/install/rrbot_description/share/rrbot_description/gazebo
[0.440s] -- Installing: /home/d-lab/workspace/ros_ur_driver/install/rrbot_description/share/rrbot_description/gazebo/rrbot.materials.xacro
[0.440s] -- Installing: /home/d-lab/workspace/ros_ur_driver/install/rrbot_description/share/rrbot_description/gazebo/rrbot.gazebo.xacro
[0.440s] -- Installing: /home/d-lab/workspace/ros_ur_driver/install/rrbot_description/share/rrbot_description/meshes
[0.440s] -- Installing: /home/d-lab/workspace/ros_ur_driver/install/rrbot_description/share/rrbot_description/meshes/hokuyo.dae
[0.440s] -- Installing: /home/d-lab/workspace/ros_ur_driver/install/rrbot_description/share/rrbot_description/launch
[0.441s] -- Installing: /home/d-lab/workspace/ros_ur_driver/install/rrbot_description/share/rrbot_description/launch/view_robot.launch.py
[0.441s] -- Installing: /home/d-lab/workspace/ros_ur_driver/install/rrbot_description/share/rrbot_description/ros2_control
[0.441s] -- Installing: /home/d-lab/workspace/ros_ur_driver/install/rrbot_description/share/rrbot_description/ros2_control/rrbot_system_multi_interface.ros2_control.xacro
[0.441s] -- Installing: /home/d-lab/workspace/ros_ur_driver/install/rrbot_description/share/rrbot_description/ros2_control/rrbot.ros2_control.xacro
[0.441s] -- Installing: /home/d-lab/workspace/ros_ur_driver/install/rrbot_description/share/rrbot_description/ros2_control/rrbot_system_position_only.ros2_control.xacro
[0.441s] -- Installing: /home/d-lab/workspace/ros_ur_driver/install/rrbot_description/share/rrbot_description/ros2_control/rrbot_system_with_sensor.ros2_control.xacro
[0.441s] -- Installing: /home/d-lab/workspace/ros_ur_driver/install/rrbot_description/share/rrbot_description/urdf
[0.441s] -- Installing: /home/d-lab/workspace/ros_ur_driver/install/rrbot_description/share/rrbot_description/urdf/rrbot_system_multi_interface.urdf.xacro
[0.441s] -- Installing: /home/d-lab/workspace/ros_ur_driver/install/rrbot_description/share/rrbot_description/urdf/rrbot.urdf.xacro
[0.441s] -- Installing: /home/d-lab/workspace/ros_ur_driver/install/rrbot_description/share/rrbot_description/urdf/rrbot_description.urdf.xacro
[0.441s] -- Installing: /home/d-lab/workspace/ros_ur_driver/install/rrbot_description/share/rrbot_description/urdf/rrbot_system_with_sensor.urdf.xacro
[0.441s] -- Installing: /home/d-lab/workspace/ros_ur_driver/install/rrbot_description/share/rrbot_description/urdf/rrbot_system_position_only.urdf.xacro
[0.441s] -- Installing: /home/d-lab/workspace/ros_ur_driver/install/rrbot_description/share/rrbot_description/environment/rrbot_description.dsv
[0.441s] -- Installing: /home/d-lab/workspace/ros_ur_driver/install/rrbot_description/share/ament_index/resource_index/package_run_dependencies/rrbot_description
[0.441s] -- Installing: /home/d-lab/workspace/ros_ur_driver/install/rrbot_description/share/ament_index/resource_index/parent_prefix_path/rrbot_description
[0.442s] -- Installing: /home/d-lab/workspace/ros_ur_driver/install/rrbot_description/share/rrbot_description/environment/ament_prefix_path.sh
[0.442s] -- Installing: /home/d-lab/workspace/ros_ur_driver/install/rrbot_description/share/rrbot_description/environment/ament_prefix_path.dsv
[0.442s] -- Installing: /home/d-lab/workspace/ros_ur_driver/install/rrbot_description/share/rrbot_description/environment/path.sh
[0.442s] -- Installing: /home/d-lab/workspace/ros_ur_driver/install/rrbot_description/share/rrbot_description/environment/path.dsv
[0.442s] -- Installing: /home/d-lab/workspace/ros_ur_driver/install/rrbot_description/share/rrbot_description/local_setup.bash
[0.442s] -- Installing: /home/d-lab/workspace/ros_ur_driver/install/rrbot_description/share/rrbot_description/local_setup.sh
[0.442s] -- Installing: /home/d-lab/workspace/ros_ur_driver/install/rrbot_description/share/rrbot_description/local_setup.zsh
[0.442s] -- Installing: /home/d-lab/workspace/ros_ur_driver/install/rrbot_description/share/rrbot_description/local_setup.dsv
[0.442s] -- Installing: /home/d-lab/workspace/ros_ur_driver/install/rrbot_description/share/rrbot_description/package.dsv
[0.442s] -- Installing: /home/d-lab/workspace/ros_ur_driver/install/rrbot_description/share/ament_index/resource_index/packages/rrbot_description
[0.442s] -- Installing: /home/d-lab/workspace/ros_ur_driver/install/rrbot_description/share/rrbot_description/cmake/rrbot_descriptionConfig.cmake
[0.442s] -- Installing: /home/d-lab/workspace/ros_ur_driver/install/rrbot_description/share/rrbot_description/cmake/rrbot_descriptionConfig-version.cmake
[0.442s] -- Installing: /home/d-lab/workspace/ros_ur_driver/install/rrbot_description/share/rrbot_description/package.xml
[0.446s] Invoked command in '/home/d-lab/workspace/ros_ur_driver/build/rrbot_description' returned '0': CMAKE_PREFIX_PATH=/opt/ros/foxy /usr/bin/cmake --install /home/d-lab/workspace/ros_ur_driver/build/rrbot_description
