[100%] Built target run_ompl_constrained_planning
-- Install configuration: "Release"
-- Up-to-date: /home/d-lab/workspace/ros_ur_driver/install/run_ompl_constrained_planning/lib/run_ompl_constrained_planning/run_ompl_constrained_planning
-- Up-to-date: /home/d-lab/workspace/ros_ur_driver/install/run_ompl_constrained_planning/share/run_ompl_constrained_planning/launch
-- Up-to-date: /home/d-lab/workspace/ros_ur_driver/install/run_ompl_constrained_planning/share/run_ompl_constrained_planning/launch/run_ompl_demo.launch.py
-- Up-to-date: /home/d-lab/workspace/ros_ur_driver/install/run_ompl_constrained_planning/share/run_ompl_constrained_planning/launch/run_move_group.rviz
-- Up-to-date: /home/d-lab/workspace/ros_ur_driver/install/run_ompl_constrained_planning/share/run_ompl_constrained_planning/launch/run_move_group.launch.py
-- Up-to-date: /home/d-lab/workspace/ros_ur_driver/install/run_ompl_constrained_planning/share/ament_index/resource_index/package_run_dependencies/run_ompl_constrained_planning
-- Up-to-date: /home/d-lab/workspace/ros_ur_driver/install/run_ompl_constrained_planning/share/ament_index/resource_index/parent_prefix_path/run_ompl_constrained_planning
-- Up-to-date: /home/d-lab/workspace/ros_ur_driver/install/run_ompl_constrained_planning/share/run_ompl_constrained_planning/environment/ament_prefix_path.sh
-- Up-to-date: /home/d-lab/workspace/ros_ur_driver/install/run_ompl_constrained_planning/share/run_ompl_constrained_planning/environment/ament_prefix_path.dsv
-- Up-to-date: /home/d-lab/workspace/ros_ur_driver/install/run_ompl_constrained_planning/share/run_ompl_constrained_planning/environment/path.sh
-- Up-to-date: /home/d-lab/workspace/ros_ur_driver/install/run_ompl_constrained_planning/share/run_ompl_constrained_planning/environment/path.dsv
-- Up-to-date: /home/d-lab/workspace/ros_ur_driver/install/run_ompl_constrained_planning/share/run_ompl_constrained_planning/local_setup.bash
-- Up-to-date: /home/d-lab/workspace/ros_ur_driver/install/run_ompl_constrained_planning/share/run_ompl_constrained_planning/local_setup.sh
-- Up-to-date: /home/d-lab/workspace/ros_ur_driver/install/run_ompl_constrained_planning/share/run_ompl_constrained_planning/local_setup.zsh
-- Up-to-date: /home/d-lab/workspace/ros_ur_driver/install/run_ompl_constrained_planning/share/run_ompl_constrained_planning/local_setup.dsv
-- Installing: /home/d-lab/workspace/ros_ur_driver/install/run_ompl_constrained_planning/share/run_ompl_constrained_planning/package.dsv
-- Up-to-date: /home/d-lab/workspace/ros_ur_driver/install/run_ompl_constrained_planning/share/ament_index/resource_index/packages/run_ompl_constrained_planning
-- Up-to-date: /home/d-lab/workspace/ros_ur_driver/install/run_ompl_constrained_planning/share/run_ompl_constrained_planning/cmake/export_run_ompl_constrained_planningExport.cmake
-- Up-to-date: /home/d-lab/workspace/ros_ur_driver/install/run_ompl_constrained_planning/share/run_ompl_constrained_planning/cmake/export_run_ompl_constrained_planningExport-release.cmake
-- Up-to-date: /home/d-lab/workspace/ros_ur_driver/install/run_ompl_constrained_planning/share/run_ompl_constrained_planning/cmake/ament_cmake_export_targets-extras.cmake
-- Up-to-date: /home/d-lab/workspace/ros_ur_driver/install/run_ompl_constrained_planning/share/run_ompl_constrained_planning/cmake/run_ompl_constrained_planningConfig.cmake
-- Up-to-date: /home/d-lab/workspace/ros_ur_driver/install/run_ompl_constrained_planning/share/run_ompl_constrained_planning/cmake/run_ompl_constrained_planningConfig-version.cmake
-- Up-to-date: /home/d-lab/workspace/ros_ur_driver/install/run_ompl_constrained_planning/share/run_ompl_constrained_planning/package.xml
