[0.027s] Invoking command in '/home/d-lab/workspace/ros_ur_driver/build/controller_manager': AMENT_PREFIX_PATH=/home/d-lab/workspace/ros_ur_driver/install/controller_interface:/home/d-lab/workspace/ros_ur_driver/install/hardware_interface:/home/d-lab/workspace/ros_ur_driver/install/ros2_control_test_assets:/home/d-lab/workspace/ros_ur_driver/install/controller_manager_msgs:/home/d-lab/workspace/ros_ur_driver/install/control_msgs:${AMENT_PREFIX_PATH} CMAKE_PREFIX_PATH=/home/d-lab/workspace/ros_ur_driver/install/controller_interface:/home/d-lab/workspace/ros_ur_driver/install/hardware_interface:/home/d-lab/workspace/ros_ur_driver/install/ros2_control_test_assets:/home/d-lab/workspace/ros_ur_driver/install/controller_manager_msgs:/home/d-lab/workspace/ros_ur_driver/install/control_msgs:/opt/ros/foxy LD_LIBRARY_PATH=/home/d-lab/workspace/ros_ur_driver/install/controller_interface/lib:/home/d-lab/workspace/ros_ur_driver/install/hardware_interface/lib:/home/d-lab/workspace/ros_ur_driver/install/controller_manager_msgs/lib:/home/d-lab/workspace/ros_ur_driver/install/control_msgs/lib:${LD_LIBRARY_PATH} PYTHONPATH=/home/d-lab/workspace/ros_ur_driver/install/controller_manager_msgs/lib/python3.8/site-packages:/home/d-lab/workspace/ros_ur_driver/install/control_msgs/lib/python3.8/site-packages:${PYTHONPATH} /usr/bin/cmake --build /home/d-lab/workspace/ros_ur_driver/build/controller_manager -- -j16 -l16
[0.071s] [ 12%] Built target gmock
[0.073s] [ 20%] Built target gmock_main
[0.081s] [ 28%] Built target controller_manager
[0.104s] [ 36%] Built target ros2_control_node
[0.104s] [ 52%] Built target test_controller_failed_init
[0.104s] [ 52%] Built target test_controller_with_interfaces
[0.113s] [ 60%] Built target test_controller
[0.126s] [ 68%] Built target test_release_interfaces
[0.136s] [ 76%] Built target test_controller_manager
[0.136s] [ 84%] Built target test_spawner_unspawner
[0.139s] [ 92%] Built target test_load_controller
[0.141s] [100%] Built target test_controller_manager_srvs
[0.148s] Invoked command in '/home/d-lab/workspace/ros_ur_driver/build/controller_manager' returned '0': AMENT_PREFIX_PATH=/home/d-lab/workspace/ros_ur_driver/install/controller_interface:/home/d-lab/workspace/ros_ur_driver/install/hardware_interface:/home/d-lab/workspace/ros_ur_driver/install/ros2_control_test_assets:/home/d-lab/workspace/ros_ur_driver/install/controller_manager_msgs:/home/d-lab/workspace/ros_ur_driver/install/control_msgs:${AMENT_PREFIX_PATH} CMAKE_PREFIX_PATH=/home/d-lab/workspace/ros_ur_driver/install/controller_interface:/home/d-lab/workspace/ros_ur_driver/install/hardware_interface:/home/d-lab/workspace/ros_ur_driver/install/ros2_control_test_assets:/home/d-lab/workspace/ros_ur_driver/install/controller_manager_msgs:/home/d-lab/workspace/ros_ur_driver/install/control_msgs:/opt/ros/foxy LD_LIBRARY_PATH=/home/d-lab/workspace/ros_ur_driver/install/controller_interface/lib:/home/d-lab/workspace/ros_ur_driver/install/hardware_interface/lib:/home/d-lab/workspace/ros_ur_driver/install/controller_manager_msgs/lib:/home/d-lab/workspace/ros_ur_driver/install/control_msgs/lib:${LD_LIBRARY_PATH} PYTHONPATH=/home/d-lab/workspace/ros_ur_driver/install/controller_manager_msgs/lib/python3.8/site-packages:/home/d-lab/workspace/ros_ur_driver/install/control_msgs/lib/python3.8/site-packages:${PYTHONPATH} /usr/bin/cmake --build /home/d-lab/workspace/ros_ur_driver/build/controller_manager -- -j16 -l16
[0.174s] Invoking command in '/home/d-lab/workspace/ros_ur_driver/build/controller_manager': AMENT_PREFIX_PATH=/home/d-lab/workspace/ros_ur_driver/install/controller_interface:/home/d-lab/workspace/ros_ur_driver/install/hardware_interface:/home/d-lab/workspace/ros_ur_driver/install/ros2_control_test_assets:/home/d-lab/workspace/ros_ur_driver/install/controller_manager_msgs:/home/d-lab/workspace/ros_ur_driver/install/control_msgs:${AMENT_PREFIX_PATH} CMAKE_PREFIX_PATH=/home/d-lab/workspace/ros_ur_driver/install/controller_interface:/home/d-lab/workspace/ros_ur_driver/install/hardware_interface:/home/d-lab/workspace/ros_ur_driver/install/ros2_control_test_assets:/home/d-lab/workspace/ros_ur_driver/install/controller_manager_msgs:/home/d-lab/workspace/ros_ur_driver/install/control_msgs:/opt/ros/foxy LD_LIBRARY_PATH=/home/d-lab/workspace/ros_ur_driver/install/controller_interface/lib:/home/d-lab/workspace/ros_ur_driver/install/hardware_interface/lib:/home/d-lab/workspace/ros_ur_driver/install/controller_manager_msgs/lib:/home/d-lab/workspace/ros_ur_driver/install/control_msgs/lib:${LD_LIBRARY_PATH} PYTHONPATH=/home/d-lab/workspace/ros_ur_driver/install/controller_manager_msgs/lib/python3.8/site-packages:/home/d-lab/workspace/ros_ur_driver/install/control_msgs/lib/python3.8/site-packages:${PYTHONPATH} /usr/bin/cmake --install /home/d-lab/workspace/ros_ur_driver/build/controller_manager
[0.180s] -- Install configuration: "Release"
[0.180s] -- Up-to-date: /home/d-lab/workspace/ros_ur_driver/install/controller_manager/lib/libcontroller_manager.so
[0.181s] -- Up-to-date: /home/d-lab/workspace/ros_ur_driver/install/controller_manager/lib/controller_manager/ros2_control_node
[0.181s] -- Up-to-date: /home/d-lab/workspace/ros_ur_driver/install/controller_manager/include
[0.181s] -- Up-to-date: /home/d-lab/workspace/ros_ur_driver/install/controller_manager/include/controller_manager
[0.181s] -- Up-to-date: /home/d-lab/workspace/ros_ur_driver/install/controller_manager/include/controller_manager/controller_manager.hpp
[0.181s] -- Up-to-date: /home/d-lab/workspace/ros_ur_driver/install/controller_manager/include/controller_manager/visibility_control.h
[0.181s] -- Up-to-date: /home/d-lab/workspace/ros_ur_driver/install/controller_manager/include/controller_manager/controller_spec.hpp
[0.181s] -- Up-to-date: /home/d-lab/workspace/ros_ur_driver/install/controller_manager/lib/controller_manager/spawner.py
[0.181s] -- Up-to-date: /home/d-lab/workspace/ros_ur_driver/install/controller_manager/lib/controller_manager/unspawner.py
[0.182s] -- Up-to-date: /home/d-lab/workspace/ros_ur_driver/install/controller_manager/share/controller_manager/test/test_controller/test_controller.xml
[0.182s] -- Up-to-date: /home/d-lab/workspace/ros_ur_driver/install/controller_manager/lib/libtest_controller.so
[0.182s] -- Up-to-date: /home/d-lab/workspace/ros_ur_driver/install/controller_manager/share/controller_manager/test/test_controller_failed_init/test_controller_failed_init.xml
[0.183s] -- Up-to-date: /home/d-lab/workspace/ros_ur_driver/install/controller_manager/lib/libtest_controller_failed_init.so
[0.183s] -- Up-to-date: /home/d-lab/workspace/ros_ur_driver/install/controller_manager/share/controller_manager/test/test_controller_with_interfaces/test_controller_with_interfaces.xml
[0.183s] -- Up-to-date: /home/d-lab/workspace/ros_ur_driver/install/controller_manager/lib/libtest_controller_with_interfaces.so
[0.183s] -- Up-to-date: /home/d-lab/workspace/ros_ur_driver/install/controller_manager/share/controller_manager/environment/pythonpath.sh
[0.183s] -- Up-to-date: /home/d-lab/workspace/ros_ur_driver/install/controller_manager/share/controller_manager/environment/pythonpath.dsv
[0.183s] -- Up-to-date: /home/d-lab/workspace/ros_ur_driver/install/controller_manager/lib/python3.8/site-packages/controller_manager
[0.184s] -- Up-to-date: /home/d-lab/workspace/ros_ur_driver/install/controller_manager/lib/python3.8/site-packages/controller_manager/launch_utils.py
[0.184s] -- Up-to-date: /home/d-lab/workspace/ros_ur_driver/install/controller_manager/lib/python3.8/site-packages/controller_manager/controller_manager_services.py
[0.184s] -- Up-to-date: /home/d-lab/workspace/ros_ur_driver/install/controller_manager/lib/python3.8/site-packages/controller_manager/__init__.py
[0.203s] Listing '/home/d-lab/workspace/ros_ur_driver/install/controller_manager/lib/python3.8/site-packages/controller_manager'...
[0.206s] -- Up-to-date: /home/d-lab/workspace/ros_ur_driver/install/controller_manager/share/controller_manager/environment/library_path.sh
[0.206s] -- Up-to-date: /home/d-lab/workspace/ros_ur_driver/install/controller_manager/share/controller_manager/environment/library_path.dsv
[0.206s] -- Up-to-date: /home/d-lab/workspace/ros_ur_driver/install/controller_manager/share/ament_index/resource_index/package_run_dependencies/controller_manager
[0.206s] -- Up-to-date: /home/d-lab/workspace/ros_ur_driver/install/controller_manager/share/ament_index/resource_index/parent_prefix_path/controller_manager
[0.206s] -- Up-to-date: /home/d-lab/workspace/ros_ur_driver/install/controller_manager/share/controller_manager/environment/ament_prefix_path.sh
[0.206s] -- Up-to-date: /home/d-lab/workspace/ros_ur_driver/install/controller_manager/share/controller_manager/environment/ament_prefix_path.dsv
[0.206s] -- Up-to-date: /home/d-lab/workspace/ros_ur_driver/install/controller_manager/share/controller_manager/environment/path.sh
[0.206s] -- Up-to-date: /home/d-lab/workspace/ros_ur_driver/install/controller_manager/share/controller_manager/environment/path.dsv
[0.206s] -- Up-to-date: /home/d-lab/workspace/ros_ur_driver/install/controller_manager/share/controller_manager/local_setup.bash
[0.206s] -- Up-to-date: /home/d-lab/workspace/ros_ur_driver/install/controller_manager/share/controller_manager/local_setup.sh
[0.207s] -- Up-to-date: /home/d-lab/workspace/ros_ur_driver/install/controller_manager/share/controller_manager/local_setup.zsh
[0.207s] -- Up-to-date: /home/d-lab/workspace/ros_ur_driver/install/controller_manager/share/controller_manager/local_setup.dsv
[0.207s] -- Installing: /home/d-lab/workspace/ros_ur_driver/install/controller_manager/share/controller_manager/package.dsv
[0.207s] -- Up-to-date: /home/d-lab/workspace/ros_ur_driver/install/controller_manager/share/ament_index/resource_index/packages/controller_manager
[0.207s] -- Up-to-date: /home/d-lab/workspace/ros_ur_driver/install/controller_manager/share/ament_index/resource_index/controller_interface__pluginlib__plugin/controller_manager
[0.207s] -- Up-to-date: /home/d-lab/workspace/ros_ur_driver/install/controller_manager/share/controller_manager/cmake/ament_cmake_export_libraries-extras.cmake
[0.207s] -- Up-to-date: /home/d-lab/workspace/ros_ur_driver/install/controller_manager/share/controller_manager/cmake/ament_cmake_export_include_directories-extras.cmake
[0.207s] -- Up-to-date: /home/d-lab/workspace/ros_ur_driver/install/controller_manager/share/controller_manager/cmake/ament_cmake_export_dependencies-extras.cmake
[0.207s] -- Up-to-date: /home/d-lab/workspace/ros_ur_driver/install/controller_manager/share/controller_manager/cmake/controller_managerConfig.cmake
[0.207s] -- Up-to-date: /home/d-lab/workspace/ros_ur_driver/install/controller_manager/share/controller_manager/cmake/controller_managerConfig-version.cmake
[0.207s] -- Up-to-date: /home/d-lab/workspace/ros_ur_driver/install/controller_manager/share/controller_manager/package.xml
[0.209s] Invoked command in '/home/d-lab/workspace/ros_ur_driver/build/controller_manager' returned '0': AMENT_PREFIX_PATH=/home/d-lab/workspace/ros_ur_driver/install/controller_interface:/home/d-lab/workspace/ros_ur_driver/install/hardware_interface:/home/d-lab/workspace/ros_ur_driver/install/ros2_control_test_assets:/home/d-lab/workspace/ros_ur_driver/install/controller_manager_msgs:/home/d-lab/workspace/ros_ur_driver/install/control_msgs:${AMENT_PREFIX_PATH} CMAKE_PREFIX_PATH=/home/d-lab/workspace/ros_ur_driver/install/controller_interface:/home/d-lab/workspace/ros_ur_driver/install/hardware_interface:/home/d-lab/workspace/ros_ur_driver/install/ros2_control_test_assets:/home/d-lab/workspace/ros_ur_driver/install/controller_manager_msgs:/home/d-lab/workspace/ros_ur_driver/install/control_msgs:/opt/ros/foxy LD_LIBRARY_PATH=/home/d-lab/workspace/ros_ur_driver/install/controller_interface/lib:/home/d-lab/workspace/ros_ur_driver/install/hardware_interface/lib:/home/d-lab/workspace/ros_ur_driver/install/controller_manager_msgs/lib:/home/d-lab/workspace/ros_ur_driver/install/control_msgs/lib:${LD_LIBRARY_PATH} PYTHONPATH=/home/d-lab/workspace/ros_ur_driver/install/controller_manager_msgs/lib/python3.8/site-packages:/home/d-lab/workspace/ros_ur_driver/install/control_msgs/lib/python3.8/site-packages:${PYTHONPATH} /usr/bin/cmake --install /home/d-lab/workspace/ros_ur_driver/build/controller_manager
