[0.277s] Invoking command in '/home/d-lab/workspace/ros_ur_driver/build/rviz_visual_tools': AMENT_PREFIX_PATH=/home/d-lab/workspace/ros_ur_driver/install/eigen3_cmake_module:${AMENT_PREFIX_PATH} CMAKE_PREFIX_PATH=/home/d-lab/workspace/ros_ur_driver/install/eigen3_cmake_module:/opt/ros/foxy /usr/bin/cmake --build /home/d-lab/workspace/ros_ur_driver/build/rviz_visual_tools -- -j16 -l16
[0.281s] [  5%] [34m[1mAutomatic MOC for target rviz_visual_tools_remote_control[0m
[0.281s] [  5%] [34m[1mAutomatic MOC for target gtest_main[0m
[0.281s] [  7%] [34m[1mAutomatic MOC for target gtest[0m
[0.281s] [ 10%] [34m[1mAutomatic MOC for target rviz_visual_tools_gui[0m
[0.281s] [ 10%] Built target rviz_visual_tools_remote_control_autogen
[0.281s] [ 10%] Built target gtest_main_autogen
[0.281s] [ 10%] Built target rviz_visual_tools_gui_autogen
[0.281s] [ 10%] Built target gtest_autogen
[0.281s] [ 17%] Built target gtest_main
[0.282s] [ 25%] Built target gtest
[0.282s] [ 33%] Built target rviz_visual_tools_remote_control
[0.282s] [ 46%] Built target rviz_visual_tools_gui
[0.282s] [ 48%] [34m[1mAutomatic MOC for target rviz_visual_tools[0m
[0.282s] [ 48%] Built target rviz_visual_tools_autogen
[0.284s] [ 58%] Built target rviz_visual_tools
[0.292s] [ 61%] [34m[1mAutomatic MOC for target rviz_visual_tools_imarker_simple[0m
[0.292s] [ 64%] [34m[1mAutomatic MOC for target rviz_visual_tools_demo[0m
[0.293s] [ 66%] [34m[1mAutomatic MOC for target rviz_visual_tools_rvt_test[0m
[0.308s] [ 66%] Built target rviz_visual_tools_demo_autogen
[0.308s] [ 66%] Built target rviz_visual_tools_imarker_simple_autogen
[0.308s] [ 66%] Built target rviz_visual_tools_rvt_test_autogen
[0.337s] [ 74%] Built target rviz_visual_tools_demo
[0.337s] [ 82%] Built target rviz_visual_tools_rvt_test
[0.341s] [ 89%] Built target rviz_visual_tools_imarker_simple
[0.354s] [ 92%] [34m[1mAutomatic MOC for target rviz_visual_tools_imarker_simple_demo[0m
[0.366s] [ 92%] Built target rviz_visual_tools_imarker_simple_demo_autogen
[0.394s] [100%] Built target rviz_visual_tools_imarker_simple_demo
[0.449s] Invoked command in '/home/d-lab/workspace/ros_ur_driver/build/rviz_visual_tools' returned '0': AMENT_PREFIX_PATH=/home/d-lab/workspace/ros_ur_driver/install/eigen3_cmake_module:${AMENT_PREFIX_PATH} CMAKE_PREFIX_PATH=/home/d-lab/workspace/ros_ur_driver/install/eigen3_cmake_module:/opt/ros/foxy /usr/bin/cmake --build /home/d-lab/workspace/ros_ur_driver/build/rviz_visual_tools -- -j16 -l16
[0.519s] Invoking command in '/home/d-lab/workspace/ros_ur_driver/build/rviz_visual_tools': AMENT_PREFIX_PATH=/home/d-lab/workspace/ros_ur_driver/install/eigen3_cmake_module:${AMENT_PREFIX_PATH} CMAKE_PREFIX_PATH=/home/d-lab/workspace/ros_ur_driver/install/eigen3_cmake_module:/opt/ros/foxy /usr/bin/cmake --install /home/d-lab/workspace/ros_ur_driver/build/rviz_visual_tools
[0.542s] -- Install configuration: "Release"
[0.544s] -- Up-to-date: /home/d-lab/workspace/ros_ur_driver/install/rviz_visual_tools/share/rviz_visual_tools/plugin_description.xml
[0.544s] -- Up-to-date: /home/d-lab/workspace/ros_ur_driver/install/rviz_visual_tools/lib/librviz_visual_tools.so
[0.544s] -- Up-to-date: /home/d-lab/workspace/ros_ur_driver/install/rviz_visual_tools/lib/librviz_visual_tools_remote_control.so
[0.544s] -- Up-to-date: /home/d-lab/workspace/ros_ur_driver/install/rviz_visual_tools/lib/librviz_visual_tools_gui.so
[0.544s] -- Up-to-date: /home/d-lab/workspace/ros_ur_driver/install/rviz_visual_tools/lib/librviz_visual_tools_imarker_simple.so
[0.544s] -- Up-to-date: /home/d-lab/workspace/ros_ur_driver/install/rviz_visual_tools/lib/rviz_visual_tools/rviz_visual_tools_demo
[0.545s] -- Up-to-date: /home/d-lab/workspace/ros_ur_driver/install/rviz_visual_tools/lib/rviz_visual_tools/rviz_visual_tools_imarker_simple_demo
[0.545s] -- Up-to-date: /home/d-lab/workspace/ros_ur_driver/install/rviz_visual_tools/include
[0.545s] -- Up-to-date: /home/d-lab/workspace/ros_ur_driver/install/rviz_visual_tools/include/rviz_visual_tools
[0.545s] -- Up-to-date: /home/d-lab/workspace/ros_ur_driver/install/rviz_visual_tools/include/rviz_visual_tools/remote_control.hpp
[0.545s] -- Up-to-date: /home/d-lab/workspace/ros_ur_driver/install/rviz_visual_tools/include/rviz_visual_tools/rviz_visual_tools_gui.hpp
[0.545s] -- Up-to-date: /home/d-lab/workspace/ros_ur_driver/install/rviz_visual_tools/include/rviz_visual_tools/remote_reciever.hpp
[0.545s] -- Up-to-date: /home/d-lab/workspace/ros_ur_driver/install/rviz_visual_tools/include/rviz_visual_tools/key_tool.hpp
[0.545s] -- Up-to-date: /home/d-lab/workspace/ros_ur_driver/install/rviz_visual_tools/include/rviz_visual_tools/rviz_visual_tools.hpp
[0.545s] -- Up-to-date: /home/d-lab/workspace/ros_ur_driver/install/rviz_visual_tools/include/rviz_visual_tools/imarker_simple.hpp
[0.545s] -- Up-to-date: /home/d-lab/workspace/ros_ur_driver/install/rviz_visual_tools/include/rviz_visual_tools/tf_visual_tools.hpp
[0.545s] -- Up-to-date: /home/d-lab/workspace/ros_ur_driver/install/rviz_visual_tools/share/rviz_visual_tools/launch
[0.545s] -- Up-to-date: /home/d-lab/workspace/ros_ur_driver/install/rviz_visual_tools/share/rviz_visual_tools/launch/demo_combined.launch.py
[0.546s] -- Up-to-date: /home/d-lab/workspace/ros_ur_driver/install/rviz_visual_tools/share/rviz_visual_tools/launch/demo.rviz
[0.546s] -- Up-to-date: /home/d-lab/workspace/ros_ur_driver/install/rviz_visual_tools/share/rviz_visual_tools/launch/rvt_test.launch
[0.546s] -- Up-to-date: /home/d-lab/workspace/ros_ur_driver/install/rviz_visual_tools/share/rviz_visual_tools/launch/demo_rviz.launch.py
[0.548s] -- Up-to-date: /home/d-lab/workspace/ros_ur_driver/install/rviz_visual_tools/share/rviz_visual_tools/environment/library_path.sh
[0.548s] -- Up-to-date: /home/d-lab/workspace/ros_ur_driver/install/rviz_visual_tools/share/rviz_visual_tools/environment/library_path.dsv
[0.548s] -- Up-to-date: /home/d-lab/workspace/ros_ur_driver/install/rviz_visual_tools/share/ament_index/resource_index/package_run_dependencies/rviz_visual_tools
[0.548s] -- Up-to-date: /home/d-lab/workspace/ros_ur_driver/install/rviz_visual_tools/share/ament_index/resource_index/parent_prefix_path/rviz_visual_tools
[0.548s] -- Up-to-date: /home/d-lab/workspace/ros_ur_driver/install/rviz_visual_tools/share/rviz_visual_tools/environment/ament_prefix_path.sh
[0.549s] -- Up-to-date: /home/d-lab/workspace/ros_ur_driver/install/rviz_visual_tools/share/rviz_visual_tools/environment/ament_prefix_path.dsv
[0.549s] -- Up-to-date: /home/d-lab/workspace/ros_ur_driver/install/rviz_visual_tools/share/rviz_visual_tools/environment/path.sh
[0.549s] -- Up-to-date: /home/d-lab/workspace/ros_ur_driver/install/rviz_visual_tools/share/rviz_visual_tools/environment/path.dsv
[0.549s] -- Up-to-date: /home/d-lab/workspace/ros_ur_driver/install/rviz_visual_tools/share/rviz_visual_tools/local_setup.bash
[0.550s] -- Up-to-date: /home/d-lab/workspace/ros_ur_driver/install/rviz_visual_tools/share/rviz_visual_tools/local_setup.sh
[0.550s] -- Up-to-date: /home/d-lab/workspace/ros_ur_driver/install/rviz_visual_tools/share/rviz_visual_tools/local_setup.zsh
[0.550s] -- Up-to-date: /home/d-lab/workspace/ros_ur_driver/install/rviz_visual_tools/share/rviz_visual_tools/local_setup.dsv
[0.551s] -- Installing: /home/d-lab/workspace/ros_ur_driver/install/rviz_visual_tools/share/rviz_visual_tools/package.dsv
[0.551s] -- Up-to-date: /home/d-lab/workspace/ros_ur_driver/install/rviz_visual_tools/share/ament_index/resource_index/packages/rviz_visual_tools
[0.552s] -- Up-to-date: /home/d-lab/workspace/ros_ur_driver/install/rviz_visual_tools/share/ament_index/resource_index/rviz_common__pluginlib__plugin/rviz_visual_tools
[0.552s] -- Up-to-date: /home/d-lab/workspace/ros_ur_driver/install/rviz_visual_tools/share/rviz_visual_tools/cmake/export_rviz_visual_toolsExport.cmake
[0.552s] -- Up-to-date: /home/d-lab/workspace/ros_ur_driver/install/rviz_visual_tools/share/rviz_visual_tools/cmake/export_rviz_visual_toolsExport-release.cmake
[0.553s] -- Up-to-date: /home/d-lab/workspace/ros_ur_driver/install/rviz_visual_tools/share/rviz_visual_tools/cmake/ament_cmake_export_targets-extras.cmake
[0.553s] -- Up-to-date: /home/d-lab/workspace/ros_ur_driver/install/rviz_visual_tools/share/rviz_visual_tools/cmake/ament_cmake_export_dependencies-extras.cmake
[0.553s] -- Up-to-date: /home/d-lab/workspace/ros_ur_driver/install/rviz_visual_tools/share/rviz_visual_tools/cmake/ament_cmake_export_include_directories-extras.cmake
[0.553s] -- Up-to-date: /home/d-lab/workspace/ros_ur_driver/install/rviz_visual_tools/share/rviz_visual_tools/cmake/ament_cmake_export_libraries-extras.cmake
[0.553s] -- Up-to-date: /home/d-lab/workspace/ros_ur_driver/install/rviz_visual_tools/share/rviz_visual_tools/cmake/rviz_visual_toolsConfig.cmake
[0.554s] -- Up-to-date: /home/d-lab/workspace/ros_ur_driver/install/rviz_visual_tools/share/rviz_visual_tools/cmake/rviz_visual_toolsConfig-version.cmake
[0.554s] -- Up-to-date: /home/d-lab/workspace/ros_ur_driver/install/rviz_visual_tools/share/rviz_visual_tools/package.xml
[0.563s] Invoked command in '/home/d-lab/workspace/ros_ur_driver/build/rviz_visual_tools' returned '0': AMENT_PREFIX_PATH=/home/d-lab/workspace/ros_ur_driver/install/eigen3_cmake_module:${AMENT_PREFIX_PATH} CMAKE_PREFIX_PATH=/home/d-lab/workspace/ros_ur_driver/install/eigen3_cmake_module:/opt/ros/foxy /usr/bin/cmake --install /home/d-lab/workspace/ros_ur_driver/build/rviz_visual_tools
