[0.072s] Invoking command in '/home/d-lab/workspace/ros_ur_driver/build/controller_manager_msgs': CMAKE_PREFIX_PATH=${CMAKE_PREFIX_PATH}:/home/d-lab/workspace/ros_ur_driver/install/ros2controlcli:/home/d-lab/workspace/ros_ur_driver/install/ros2_control_test_nodes:/opt/ros/foxy /usr/bin/cmake --build /home/d-lab/workspace/ros_ur_driver/build/controller_manager_msgs -- -j16 -l16
[0.266s] [ 12%] Built target controller_manager_msgs__rosidl_generator_c
[0.267s] [ 12%] Built target controller_manager_msgs__cpp
[0.267s] [ 24%] Built target controller_manager_msgs__rosidl_typesupport_introspection_c
[0.268s] [ 36%] Built target controller_manager_msgs__rosidl_typesupport_introspection_cpp
[0.269s] [ 56%] Built target controller_manager_msgs__rosidl_typesupport_c
[0.269s] [ 60%] Built target controller_manager_msgs__rosidl_typesupport_cpp
[0.269s] [ 72%] Built target controller_manager_msgs__rosidl_typesupport_fastrtps_cpp
[0.269s] [ 84%] Built target controller_manager_msgs__rosidl_typesupport_fastrtps_c
[0.269s] [ 84%] Built target controller_manager_msgs
[0.269s] [ 85%] Built target controller_manager_msgs__py
[0.273s] [ 96%] Built target controller_manager_msgs__python
[0.299s] [ 97%] Built target controller_manager_msgs__rosidl_typesupport_c__pyext
[0.300s] [ 98%] Built target controller_manager_msgs__rosidl_typesupport_fastrtps_c__pyext
[0.301s] [100%] Built target controller_manager_msgs__rosidl_typesupport_introspection_c__pyext
[0.341s] Invoked command in '/home/d-lab/workspace/ros_ur_driver/build/controller_manager_msgs' returned '0': CMAKE_PREFIX_PATH=${CMAKE_PREFIX_PATH}:/home/d-lab/workspace/ros_ur_driver/install/ros2controlcli:/home/d-lab/workspace/ros_ur_driver/install/ros2_control_test_nodes:/opt/ros/foxy /usr/bin/cmake --build /home/d-lab/workspace/ros_ur_driver/build/controller_manager_msgs -- -j16 -l16
[0.834s] Invoking command in '/home/d-lab/workspace/ros_ur_driver/build/controller_manager_msgs': CMAKE_PREFIX_PATH=${CMAKE_PREFIX_PATH}:/home/d-lab/workspace/ros_ur_driver/install/ros2controlcli:/home/d-lab/workspace/ros_ur_driver/install/ros2_control_test_nodes:/opt/ros/foxy /usr/bin/cmake --install /home/d-lab/workspace/ros_ur_driver/build/controller_manager_msgs
[0.846s] -- Install configuration: "Release"
[0.846s] -- Up-to-date: /home/d-lab/workspace/ros_ur_driver/install/controller_manager_msgs/share/ament_index/resource_index/rosidl_interfaces/controller_manager_msgs
[0.846s] -- Up-to-date: /home/d-lab/workspace/ros_ur_driver/install/controller_manager_msgs/include/controller_manager_msgs
[0.847s] -- Up-to-date: /home/d-lab/workspace/ros_ur_driver/install/controller_manager_msgs/include/controller_manager_msgs/srv
[0.847s] -- Up-to-date: /home/d-lab/workspace/ros_ur_driver/install/controller_manager_msgs/include/controller_manager_msgs/srv/reload_controller_libraries.h
[0.847s] -- Up-to-date: /home/d-lab/workspace/ros_ur_driver/install/controller_manager_msgs/include/controller_manager_msgs/srv/list_controller_types.h
[0.847s] -- Up-to-date: /home/d-lab/workspace/ros_ur_driver/install/controller_manager_msgs/include/controller_manager_msgs/srv/switch_controller.h
[0.847s] -- Up-to-date: /home/d-lab/workspace/ros_ur_driver/install/controller_manager_msgs/include/controller_manager_msgs/srv/configure_start_controller.h
[0.847s] -- Up-to-date: /home/d-lab/workspace/ros_ur_driver/install/controller_manager_msgs/include/controller_manager_msgs/srv/configure_controller.h
[0.847s] -- Up-to-date: /home/d-lab/workspace/ros_ur_driver/install/controller_manager_msgs/include/controller_manager_msgs/srv/unload_controller.h
[0.848s] -- Up-to-date: /home/d-lab/workspace/ros_ur_driver/install/controller_manager_msgs/include/controller_manager_msgs/srv/load_configure_controller.h
[0.848s] -- Up-to-date: /home/d-lab/workspace/ros_ur_driver/install/controller_manager_msgs/include/controller_manager_msgs/srv/load_start_controller.h
[0.848s] -- Up-to-date: /home/d-lab/workspace/ros_ur_driver/install/controller_manager_msgs/include/controller_manager_msgs/srv/list_hardware_interfaces.h
[0.848s] -- Up-to-date: /home/d-lab/workspace/ros_ur_driver/install/controller_manager_msgs/include/controller_manager_msgs/srv/list_controllers.h
[0.848s] -- Up-to-date: /home/d-lab/workspace/ros_ur_driver/install/controller_manager_msgs/include/controller_manager_msgs/srv/load_controller.h
[0.848s] -- Up-to-date: /home/d-lab/workspace/ros_ur_driver/install/controller_manager_msgs/include/controller_manager_msgs/srv/detail
[0.848s] -- Up-to-date: /home/d-lab/workspace/ros_ur_driver/install/controller_manager_msgs/include/controller_manager_msgs/srv/detail/load_configure_controller__functions.c
[0.848s] -- Up-to-date: /home/d-lab/workspace/ros_ur_driver/install/controller_manager_msgs/include/controller_manager_msgs/srv/detail/load_start_controller__functions.c
[0.849s] -- Up-to-date: /home/d-lab/workspace/ros_ur_driver/install/controller_manager_msgs/include/controller_manager_msgs/srv/detail/configure_controller__type_support.h
[0.849s] -- Up-to-date: /home/d-lab/workspace/ros_ur_driver/install/controller_manager_msgs/include/controller_manager_msgs/srv/detail/configure_controller__functions.c
[0.849s] -- Up-to-date: /home/d-lab/workspace/ros_ur_driver/install/controller_manager_msgs/include/controller_manager_msgs/srv/detail/configure_start_controller__struct.h
[0.849s] -- Up-to-date: /home/d-lab/workspace/ros_ur_driver/install/controller_manager_msgs/include/controller_manager_msgs/srv/detail/list_controllers__functions.h
[0.849s] -- Up-to-date: /home/d-lab/workspace/ros_ur_driver/install/controller_manager_msgs/include/controller_manager_msgs/srv/detail/list_controller_types__type_support.h
[0.849s] -- Up-to-date: /home/d-lab/workspace/ros_ur_driver/install/controller_manager_msgs/include/controller_manager_msgs/srv/detail/list_controllers__struct.h
[0.849s] -- Up-to-date: /home/d-lab/workspace/ros_ur_driver/install/controller_manager_msgs/include/controller_manager_msgs/srv/detail/list_hardware_interfaces__functions.h
[0.849s] -- Up-to-date: /home/d-lab/workspace/ros_ur_driver/install/controller_manager_msgs/include/controller_manager_msgs/srv/detail/list_hardware_interfaces__struct.h
[0.849s] -- Up-to-date: /home/d-lab/workspace/ros_ur_driver/install/controller_manager_msgs/include/controller_manager_msgs/srv/detail/list_hardware_interfaces__functions.c
[0.850s] -- Up-to-date: /home/d-lab/workspace/ros_ur_driver/install/controller_manager_msgs/include/controller_manager_msgs/srv/detail/load_controller__struct.h
[0.850s] -- Up-to-date: /home/d-lab/workspace/ros_ur_driver/install/controller_manager_msgs/include/controller_manager_msgs/srv/detail/load_start_controller__struct.h
[0.850s] -- Up-to-date: /home/d-lab/workspace/ros_ur_driver/install/controller_manager_msgs/include/controller_manager_msgs/srv/detail/unload_controller__type_support.h
[0.850s] -- Up-to-date: /home/d-lab/workspace/ros_ur_driver/install/controller_manager_msgs/include/controller_manager_msgs/srv/detail/switch_controller__struct.h
[0.850s] -- Up-to-date: /home/d-lab/workspace/ros_ur_driver/install/controller_manager_msgs/include/controller_manager_msgs/srv/detail/load_controller__type_support.h
[0.850s] -- Up-to-date: /home/d-lab/workspace/ros_ur_driver/install/controller_manager_msgs/include/controller_manager_msgs/srv/detail/unload_controller__struct.h
[0.850s] -- Up-to-date: /home/d-lab/workspace/ros_ur_driver/install/controller_manager_msgs/include/controller_manager_msgs/srv/detail/unload_controller__functions.h
[0.850s] -- Up-to-date: /home/d-lab/workspace/ros_ur_driver/install/controller_manager_msgs/include/controller_manager_msgs/srv/detail/load_configure_controller__struct.h
[0.850s] -- Up-to-date: /home/d-lab/workspace/ros_ur_driver/install/controller_manager_msgs/include/controller_manager_msgs/srv/detail/configure_controller__functions.h
[0.850s] -- Up-to-date: /home/d-lab/workspace/ros_ur_driver/install/controller_manager_msgs/include/controller_manager_msgs/srv/detail/list_controller_types__functions.c
[0.850s] -- Up-to-date: /home/d-lab/workspace/ros_ur_driver/install/controller_manager_msgs/include/controller_manager_msgs/srv/detail/configure_controller__struct.h
[0.850s] -- Up-to-date: /home/d-lab/workspace/ros_ur_driver/install/controller_manager_msgs/include/controller_manager_msgs/srv/detail/load_start_controller__functions.h
[0.851s] -- Up-to-date: /home/d-lab/workspace/ros_ur_driver/install/controller_manager_msgs/include/controller_manager_msgs/srv/detail/list_controllers__type_support.h
[0.851s] -- Up-to-date: /home/d-lab/workspace/ros_ur_driver/install/controller_manager_msgs/include/controller_manager_msgs/srv/detail/configure_start_controller__functions.h
[0.851s] -- Up-to-date: /home/d-lab/workspace/ros_ur_driver/install/controller_manager_msgs/include/controller_manager_msgs/srv/detail/list_controller_types__struct.h
[0.851s] -- Up-to-date: /home/d-lab/workspace/ros_ur_driver/install/controller_manager_msgs/include/controller_manager_msgs/srv/detail/reload_controller_libraries__functions.h
[0.851s] -- Up-to-date: /home/d-lab/workspace/ros_ur_driver/install/controller_manager_msgs/include/controller_manager_msgs/srv/detail/list_controller_types__functions.h
[0.851s] -- Up-to-date: /home/d-lab/workspace/ros_ur_driver/install/controller_manager_msgs/include/controller_manager_msgs/srv/detail/configure_start_controller__type_support.h
[0.852s] -- Up-to-date: /home/d-lab/workspace/ros_ur_driver/install/controller_manager_msgs/include/controller_manager_msgs/srv/detail/reload_controller_libraries__type_support.h
[0.852s] -- Up-to-date: /home/d-lab/workspace/ros_ur_driver/install/controller_manager_msgs/include/controller_manager_msgs/srv/detail/load_controller__functions.h
[0.852s] -- Up-to-date: /home/d-lab/workspace/ros_ur_driver/install/controller_manager_msgs/include/controller_manager_msgs/srv/detail/reload_controller_libraries__functions.c
[0.852s] -- Up-to-date: /home/d-lab/workspace/ros_ur_driver/install/controller_manager_msgs/include/controller_manager_msgs/srv/detail/switch_controller__functions.h
[0.852s] -- Up-to-date: /home/d-lab/workspace/ros_ur_driver/install/controller_manager_msgs/include/controller_manager_msgs/srv/detail/list_hardware_interfaces__type_support.h
[0.852s] -- Up-to-date: /home/d-lab/workspace/ros_ur_driver/install/controller_manager_msgs/include/controller_manager_msgs/srv/detail/reload_controller_libraries__struct.h
[0.853s] -- Up-to-date: /home/d-lab/workspace/ros_ur_driver/install/controller_manager_msgs/include/controller_manager_msgs/srv/detail/load_controller__functions.c
[0.853s] -- Up-to-date: /home/d-lab/workspace/ros_ur_driver/install/controller_manager_msgs/include/controller_manager_msgs/srv/detail/list_controllers__functions.c
[0.853s] -- Up-to-date: /home/d-lab/workspace/ros_ur_driver/install/controller_manager_msgs/include/controller_manager_msgs/srv/detail/switch_controller__functions.c
[0.854s] -- Up-to-date: /home/d-lab/workspace/ros_ur_driver/install/controller_manager_msgs/include/controller_manager_msgs/srv/detail/switch_controller__type_support.h
[0.854s] -- Up-to-date: /home/d-lab/workspace/ros_ur_driver/install/controller_manager_msgs/include/controller_manager_msgs/srv/detail/unload_controller__functions.c
[0.854s] -- Up-to-date: /home/d-lab/workspace/ros_ur_driver/install/controller_manager_msgs/include/controller_manager_msgs/srv/detail/load_configure_controller__type_support.h
[0.854s] -- Up-to-date: /home/d-lab/workspace/ros_ur_driver/install/controller_manager_msgs/include/controller_manager_msgs/srv/detail/load_configure_controller__functions.h
[0.854s] -- Up-to-date: /home/d-lab/workspace/ros_ur_driver/install/controller_manager_msgs/include/controller_manager_msgs/srv/detail/configure_start_controller__functions.c
[0.854s] -- Up-to-date: /home/d-lab/workspace/ros_ur_driver/install/controller_manager_msgs/include/controller_manager_msgs/srv/detail/load_start_controller__type_support.h
[0.854s] -- Up-to-date: /home/d-lab/workspace/ros_ur_driver/install/controller_manager_msgs/include/controller_manager_msgs/msg
[0.855s] -- Up-to-date: /home/d-lab/workspace/ros_ur_driver/install/controller_manager_msgs/include/controller_manager_msgs/msg/rosidl_generator_c__visibility_control.h
[0.855s] -- Up-to-date: /home/d-lab/workspace/ros_ur_driver/install/controller_manager_msgs/include/controller_manager_msgs/msg/controller_state.h
[0.855s] -- Up-to-date: /home/d-lab/workspace/ros_ur_driver/install/controller_manager_msgs/include/controller_manager_msgs/msg/hardware_interface.h
[0.855s] -- Up-to-date: /home/d-lab/workspace/ros_ur_driver/install/controller_manager_msgs/include/controller_manager_msgs/msg/detail
[0.855s] -- Up-to-date: /home/d-lab/workspace/ros_ur_driver/install/controller_manager_msgs/include/controller_manager_msgs/msg/detail/controller_state__struct.h
[0.855s] -- Up-to-date: /home/d-lab/workspace/ros_ur_driver/install/controller_manager_msgs/include/controller_manager_msgs/msg/detail/controller_state__functions.h
[0.855s] -- Up-to-date: /home/d-lab/workspace/ros_ur_driver/install/controller_manager_msgs/include/controller_manager_msgs/msg/detail/hardware_interface__type_support.h
[0.855s] -- Up-to-date: /home/d-lab/workspace/ros_ur_driver/install/controller_manager_msgs/include/controller_manager_msgs/msg/detail/controller_state__functions.c
[0.856s] -- Up-to-date: /home/d-lab/workspace/ros_ur_driver/install/controller_manager_msgs/include/controller_manager_msgs/msg/detail/hardware_interface__functions.h
[0.856s] -- Up-to-date: /home/d-lab/workspace/ros_ur_driver/install/controller_manager_msgs/include/controller_manager_msgs/msg/detail/hardware_interface__struct.h
[0.856s] -- Up-to-date: /home/d-lab/workspace/ros_ur_driver/install/controller_manager_msgs/include/controller_manager_msgs/msg/detail/controller_state__type_support.h
[0.856s] -- Up-to-date: /home/d-lab/workspace/ros_ur_driver/install/controller_manager_msgs/include/controller_manager_msgs/msg/detail/hardware_interface__functions.c
[0.856s] -- Up-to-date: /home/d-lab/workspace/ros_ur_driver/install/controller_manager_msgs/share/controller_manager_msgs/environment/library_path.sh
[0.856s] -- Up-to-date: /home/d-lab/workspace/ros_ur_driver/install/controller_manager_msgs/share/controller_manager_msgs/environment/library_path.dsv
[0.856s] -- Up-to-date: /home/d-lab/workspace/ros_ur_driver/install/controller_manager_msgs/lib/libcontroller_manager_msgs__rosidl_generator_c.so
[0.856s] -- Up-to-date: /home/d-lab/workspace/ros_ur_driver/install/controller_manager_msgs/include/controller_manager_msgs
[0.856s] -- Up-to-date: /home/d-lab/workspace/ros_ur_driver/install/controller_manager_msgs/include/controller_manager_msgs/srv
[0.856s] -- Up-to-date: /home/d-lab/workspace/ros_ur_driver/install/controller_manager_msgs/include/controller_manager_msgs/srv/detail
[0.856s] -- Up-to-date: /home/d-lab/workspace/ros_ur_driver/install/controller_manager_msgs/include/controller_manager_msgs/srv/detail/load_start_controller__rosidl_typesupport_fastrtps_c.h
[0.856s] -- Up-to-date: /home/d-lab/workspace/ros_ur_driver/install/controller_manager_msgs/include/controller_manager_msgs/srv/detail/list_hardware_interfaces__rosidl_typesupport_fastrtps_c.h
[0.856s] -- Up-to-date: /home/d-lab/workspace/ros_ur_driver/install/controller_manager_msgs/include/controller_manager_msgs/srv/detail/configure_controller__rosidl_typesupport_fastrtps_c.h
[0.857s] -- Up-to-date: /home/d-lab/workspace/ros_ur_driver/install/controller_manager_msgs/include/controller_manager_msgs/srv/detail/unload_controller__rosidl_typesupport_fastrtps_c.h
[0.857s] -- Up-to-date: /home/d-lab/workspace/ros_ur_driver/install/controller_manager_msgs/include/controller_manager_msgs/srv/detail/configure_start_controller__rosidl_typesupport_fastrtps_c.h
[0.857s] -- Up-to-date: /home/d-lab/workspace/ros_ur_driver/install/controller_manager_msgs/include/controller_manager_msgs/srv/detail/reload_controller_libraries__rosidl_typesupport_fastrtps_c.h
[0.857s] -- Up-to-date: /home/d-lab/workspace/ros_ur_driver/install/controller_manager_msgs/include/controller_manager_msgs/srv/detail/switch_controller__rosidl_typesupport_fastrtps_c.h
[0.857s] -- Up-to-date: /home/d-lab/workspace/ros_ur_driver/install/controller_manager_msgs/include/controller_manager_msgs/srv/detail/load_configure_controller__rosidl_typesupport_fastrtps_c.h
[0.857s] -- Up-to-date: /home/d-lab/workspace/ros_ur_driver/install/controller_manager_msgs/include/controller_manager_msgs/srv/detail/list_controller_types__rosidl_typesupport_fastrtps_c.h
[0.857s] -- Up-to-date: /home/d-lab/workspace/ros_ur_driver/install/controller_manager_msgs/include/controller_manager_msgs/srv/detail/load_controller__rosidl_typesupport_fastrtps_c.h
[0.857s] -- Up-to-date: /home/d-lab/workspace/ros_ur_driver/install/controller_manager_msgs/include/controller_manager_msgs/srv/detail/list_controllers__rosidl_typesupport_fastrtps_c.h
[0.857s] -- Up-to-date: /home/d-lab/workspace/ros_ur_driver/install/controller_manager_msgs/include/controller_manager_msgs/msg
[0.857s] -- Up-to-date: /home/d-lab/workspace/ros_ur_driver/install/controller_manager_msgs/include/controller_manager_msgs/msg/rosidl_typesupport_fastrtps_c__visibility_control.h
[0.857s] -- Up-to-date: /home/d-lab/workspace/ros_ur_driver/install/controller_manager_msgs/include/controller_manager_msgs/msg/detail
[0.857s] -- Up-to-date: /home/d-lab/workspace/ros_ur_driver/install/controller_manager_msgs/include/controller_manager_msgs/msg/detail/hardware_interface__rosidl_typesupport_fastrtps_c.h
[0.857s] -- Up-to-date: /home/d-lab/workspace/ros_ur_driver/install/controller_manager_msgs/include/controller_manager_msgs/msg/detail/controller_state__rosidl_typesupport_fastrtps_c.h
[0.858s] -- Up-to-date: /home/d-lab/workspace/ros_ur_driver/install/controller_manager_msgs/lib/libcontroller_manager_msgs__rosidl_typesupport_fastrtps_c.so
[0.858s] -- Up-to-date: /home/d-lab/workspace/ros_ur_driver/install/controller_manager_msgs/include/controller_manager_msgs
[0.858s] -- Up-to-date: /home/d-lab/workspace/ros_ur_driver/install/controller_manager_msgs/include/controller_manager_msgs/srv
[0.858s] -- Up-to-date: /home/d-lab/workspace/ros_ur_driver/install/controller_manager_msgs/include/controller_manager_msgs/srv/detail
[0.858s] -- Up-to-date: /home/d-lab/workspace/ros_ur_driver/install/controller_manager_msgs/include/controller_manager_msgs/srv/detail/load_controller__rosidl_typesupport_fastrtps_cpp.hpp
[0.858s] -- Up-to-date: /home/d-lab/workspace/ros_ur_driver/install/controller_manager_msgs/include/controller_manager_msgs/srv/detail/configure_controller__rosidl_typesupport_fastrtps_cpp.hpp
[0.858s] -- Up-to-date: /home/d-lab/workspace/ros_ur_driver/install/controller_manager_msgs/include/controller_manager_msgs/srv/detail/switch_controller__rosidl_typesupport_fastrtps_cpp.hpp
[0.858s] -- Up-to-date: /home/d-lab/workspace/ros_ur_driver/install/controller_manager_msgs/include/controller_manager_msgs/srv/detail/dds_fastrtps
[0.858s] -- Up-to-date: /home/d-lab/workspace/ros_ur_driver/install/controller_manager_msgs/include/controller_manager_msgs/srv/detail/configure_start_controller__rosidl_typesupport_fastrtps_cpp.hpp
[0.858s] -- Up-to-date: /home/d-lab/workspace/ros_ur_driver/install/controller_manager_msgs/include/controller_manager_msgs/srv/detail/unload_controller__rosidl_typesupport_fastrtps_cpp.hpp
[0.858s] -- Up-to-date: /home/d-lab/workspace/ros_ur_driver/install/controller_manager_msgs/include/controller_manager_msgs/srv/detail/list_hardware_interfaces__rosidl_typesupport_fastrtps_cpp.hpp
[0.858s] -- Up-to-date: /home/d-lab/workspace/ros_ur_driver/install/controller_manager_msgs/include/controller_manager_msgs/srv/detail/load_configure_controller__rosidl_typesupport_fastrtps_cpp.hpp
[0.858s] -- Up-to-date: /home/d-lab/workspace/ros_ur_driver/install/controller_manager_msgs/include/controller_manager_msgs/srv/detail/list_controller_types__rosidl_typesupport_fastrtps_cpp.hpp
[0.859s] -- Up-to-date: /home/d-lab/workspace/ros_ur_driver/install/controller_manager_msgs/include/controller_manager_msgs/srv/detail/load_start_controller__rosidl_typesupport_fastrtps_cpp.hpp
[0.859s] -- Up-to-date: /home/d-lab/workspace/ros_ur_driver/install/controller_manager_msgs/include/controller_manager_msgs/srv/detail/list_controllers__rosidl_typesupport_fastrtps_cpp.hpp
[0.859s] -- Up-to-date: /home/d-lab/workspace/ros_ur_driver/install/controller_manager_msgs/include/controller_manager_msgs/srv/detail/reload_controller_libraries__rosidl_typesupport_fastrtps_cpp.hpp
[0.859s] -- Up-to-date: /home/d-lab/workspace/ros_ur_driver/install/controller_manager_msgs/include/controller_manager_msgs/msg
[0.859s] -- Up-to-date: /home/d-lab/workspace/ros_ur_driver/install/controller_manager_msgs/include/controller_manager_msgs/msg/rosidl_typesupport_fastrtps_cpp__visibility_control.h
[0.859s] -- Up-to-date: /home/d-lab/workspace/ros_ur_driver/install/controller_manager_msgs/include/controller_manager_msgs/msg/detail
[0.859s] -- Up-to-date: /home/d-lab/workspace/ros_ur_driver/install/controller_manager_msgs/include/controller_manager_msgs/msg/detail/hardware_interface__rosidl_typesupport_fastrtps_cpp.hpp
[0.859s] -- Up-to-date: /home/d-lab/workspace/ros_ur_driver/install/controller_manager_msgs/include/controller_manager_msgs/msg/detail/dds_fastrtps
[0.859s] -- Up-to-date: /home/d-lab/workspace/ros_ur_driver/install/controller_manager_msgs/include/controller_manager_msgs/msg/detail/controller_state__rosidl_typesupport_fastrtps_cpp.hpp
[0.859s] -- Up-to-date: /home/d-lab/workspace/ros_ur_driver/install/controller_manager_msgs/lib/libcontroller_manager_msgs__rosidl_typesupport_fastrtps_cpp.so
[0.859s] -- Up-to-date: /home/d-lab/workspace/ros_ur_driver/install/controller_manager_msgs/include/controller_manager_msgs
[0.859s] -- Up-to-date: /home/d-lab/workspace/ros_ur_driver/install/controller_manager_msgs/include/controller_manager_msgs/srv
[0.859s] -- Up-to-date: /home/d-lab/workspace/ros_ur_driver/install/controller_manager_msgs/include/controller_manager_msgs/srv/detail
[0.859s] -- Up-to-date: /home/d-lab/workspace/ros_ur_driver/install/controller_manager_msgs/include/controller_manager_msgs/srv/detail/list_controllers__rosidl_typesupport_introspection_c.h
[0.859s] -- Up-to-date: /home/d-lab/workspace/ros_ur_driver/install/controller_manager_msgs/include/controller_manager_msgs/srv/detail/load_start_controller__rosidl_typesupport_introspection_c.h
[0.860s] -- Up-to-date: /home/d-lab/workspace/ros_ur_driver/install/controller_manager_msgs/include/controller_manager_msgs/srv/detail/list_hardware_interfaces__type_support.c
[0.860s] -- Up-to-date: /home/d-lab/workspace/ros_ur_driver/install/controller_manager_msgs/include/controller_manager_msgs/srv/detail/load_configure_controller__type_support.c
[0.860s] -- Up-to-date: /home/d-lab/workspace/ros_ur_driver/install/controller_manager_msgs/include/controller_manager_msgs/srv/detail/unload_controller__rosidl_typesupport_introspection_c.h
[0.860s] -- Up-to-date: /home/d-lab/workspace/ros_ur_driver/install/controller_manager_msgs/include/controller_manager_msgs/srv/detail/reload_controller_libraries__rosidl_typesupport_introspection_c.h
[0.860s] -- Up-to-date: /home/d-lab/workspace/ros_ur_driver/install/controller_manager_msgs/include/controller_manager_msgs/srv/detail/list_hardware_interfaces__rosidl_typesupport_introspection_c.h
[0.860s] -- Up-to-date: /home/d-lab/workspace/ros_ur_driver/install/controller_manager_msgs/include/controller_manager_msgs/srv/detail/list_controller_types__rosidl_typesupport_introspection_c.h
[0.860s] -- Up-to-date: /home/d-lab/workspace/ros_ur_driver/install/controller_manager_msgs/include/controller_manager_msgs/srv/detail/list_controllers__type_support.c
[0.860s] -- Up-to-date: /home/d-lab/workspace/ros_ur_driver/install/controller_manager_msgs/include/controller_manager_msgs/srv/detail/unload_controller__type_support.c
[0.860s] -- Up-to-date: /home/d-lab/workspace/ros_ur_driver/install/controller_manager_msgs/include/controller_manager_msgs/srv/detail/configure_start_controller__type_support.c
[0.860s] -- Up-to-date: /home/d-lab/workspace/ros_ur_driver/install/controller_manager_msgs/include/controller_manager_msgs/srv/detail/load_controller__type_support.c
[0.860s] -- Up-to-date: /home/d-lab/workspace/ros_ur_driver/install/controller_manager_msgs/include/controller_manager_msgs/srv/detail/switch_controller__rosidl_typesupport_introspection_c.h
[0.860s] -- Up-to-date: /home/d-lab/workspace/ros_ur_driver/install/controller_manager_msgs/include/controller_manager_msgs/srv/detail/load_start_controller__type_support.c
[0.861s] -- Up-to-date: /home/d-lab/workspace/ros_ur_driver/install/controller_manager_msgs/include/controller_manager_msgs/srv/detail/configure_start_controller__rosidl_typesupport_introspection_c.h
[0.861s] -- Up-to-date: /home/d-lab/workspace/ros_ur_driver/install/controller_manager_msgs/include/controller_manager_msgs/srv/detail/load_configure_controller__rosidl_typesupport_introspection_c.h
[0.861s] -- Up-to-date: /home/d-lab/workspace/ros_ur_driver/install/controller_manager_msgs/include/controller_manager_msgs/srv/detail/load_controller__rosidl_typesupport_introspection_c.h
[0.861s] -- Up-to-date: /home/d-lab/workspace/ros_ur_driver/install/controller_manager_msgs/include/controller_manager_msgs/srv/detail/list_controller_types__type_support.c
[0.861s] -- Up-to-date: /home/d-lab/workspace/ros_ur_driver/install/controller_manager_msgs/include/controller_manager_msgs/srv/detail/configure_controller__type_support.c
[0.861s] -- Up-to-date: /home/d-lab/workspace/ros_ur_driver/install/controller_manager_msgs/include/controller_manager_msgs/srv/detail/configure_controller__rosidl_typesupport_introspection_c.h
[0.861s] -- Up-to-date: /home/d-lab/workspace/ros_ur_driver/install/controller_manager_msgs/include/controller_manager_msgs/srv/detail/reload_controller_libraries__type_support.c
[0.861s] -- Up-to-date: /home/d-lab/workspace/ros_ur_driver/install/controller_manager_msgs/include/controller_manager_msgs/srv/detail/switch_controller__type_support.c
[0.861s] -- Up-to-date: /home/d-lab/workspace/ros_ur_driver/install/controller_manager_msgs/include/controller_manager_msgs/msg
[0.861s] -- Up-to-date: /home/d-lab/workspace/ros_ur_driver/install/controller_manager_msgs/include/controller_manager_msgs/msg/rosidl_typesupport_introspection_c__visibility_control.h
[0.861s] -- Up-to-date: /home/d-lab/workspace/ros_ur_driver/install/controller_manager_msgs/include/controller_manager_msgs/msg/detail
[0.861s] -- Up-to-date: /home/d-lab/workspace/ros_ur_driver/install/controller_manager_msgs/include/controller_manager_msgs/msg/detail/controller_state__rosidl_typesupport_introspection_c.h
[0.862s] -- Up-to-date: /home/d-lab/workspace/ros_ur_driver/install/controller_manager_msgs/include/controller_manager_msgs/msg/detail/hardware_interface__type_support.c
[0.862s] -- Up-to-date: /home/d-lab/workspace/ros_ur_driver/install/controller_manager_msgs/include/controller_manager_msgs/msg/detail/controller_state__type_support.c
[0.862s] -- Up-to-date: /home/d-lab/workspace/ros_ur_driver/install/controller_manager_msgs/include/controller_manager_msgs/msg/detail/hardware_interface__rosidl_typesupport_introspection_c.h
[0.862s] -- Up-to-date: /home/d-lab/workspace/ros_ur_driver/install/controller_manager_msgs/lib/libcontroller_manager_msgs__rosidl_typesupport_introspection_c.so
[0.862s] -- Up-to-date: /home/d-lab/workspace/ros_ur_driver/install/controller_manager_msgs/lib/libcontroller_manager_msgs__rosidl_typesupport_c.so
[0.862s] -- Up-to-date: /home/d-lab/workspace/ros_ur_driver/install/controller_manager_msgs/include/controller_manager_msgs
[0.862s] -- Up-to-date: /home/d-lab/workspace/ros_ur_driver/install/controller_manager_msgs/include/controller_manager_msgs/srv
[0.862s] -- Up-to-date: /home/d-lab/workspace/ros_ur_driver/install/controller_manager_msgs/include/controller_manager_msgs/srv/list_controllers.hpp
[0.862s] -- Up-to-date: /home/d-lab/workspace/ros_ur_driver/install/controller_manager_msgs/include/controller_manager_msgs/srv/reload_controller_libraries.hpp
[0.862s] -- Up-to-date: /home/d-lab/workspace/ros_ur_driver/install/controller_manager_msgs/include/controller_manager_msgs/srv/load_start_controller.hpp
[0.862s] -- Up-to-date: /home/d-lab/workspace/ros_ur_driver/install/controller_manager_msgs/include/controller_manager_msgs/srv/load_controller.hpp
[0.863s] -- Up-to-date: /home/d-lab/workspace/ros_ur_driver/install/controller_manager_msgs/include/controller_manager_msgs/srv/configure_start_controller.hpp
[0.863s] -- Up-to-date: /home/d-lab/workspace/ros_ur_driver/install/controller_manager_msgs/include/controller_manager_msgs/srv/configure_controller.hpp
[0.863s] -- Up-to-date: /home/d-lab/workspace/ros_ur_driver/install/controller_manager_msgs/include/controller_manager_msgs/srv/list_hardware_interfaces.hpp
[0.863s] -- Up-to-date: /home/d-lab/workspace/ros_ur_driver/install/controller_manager_msgs/include/controller_manager_msgs/srv/load_configure_controller.hpp
[0.863s] -- Up-to-date: /home/d-lab/workspace/ros_ur_driver/install/controller_manager_msgs/include/controller_manager_msgs/srv/switch_controller.hpp
[0.863s] -- Up-to-date: /home/d-lab/workspace/ros_ur_driver/install/controller_manager_msgs/include/controller_manager_msgs/srv/detail
[0.863s] -- Up-to-date: /home/d-lab/workspace/ros_ur_driver/install/controller_manager_msgs/include/controller_manager_msgs/srv/detail/configure_controller__struct.hpp
[0.864s] -- Up-to-date: /home/d-lab/workspace/ros_ur_driver/install/controller_manager_msgs/include/controller_manager_msgs/srv/detail/load_start_controller__traits.hpp
[0.864s] -- Up-to-date: /home/d-lab/workspace/ros_ur_driver/install/controller_manager_msgs/include/controller_manager_msgs/srv/detail/list_controller_types__traits.hpp
[0.864s] -- Up-to-date: /home/d-lab/workspace/ros_ur_driver/install/controller_manager_msgs/include/controller_manager_msgs/srv/detail/load_controller__builder.hpp
[0.864s] -- Up-to-date: /home/d-lab/workspace/ros_ur_driver/install/controller_manager_msgs/include/controller_manager_msgs/srv/detail/configure_start_controller__struct.hpp
[0.864s] -- Up-to-date: /home/d-lab/workspace/ros_ur_driver/install/controller_manager_msgs/include/controller_manager_msgs/srv/detail/configure_controller__builder.hpp
[0.864s] -- Up-to-date: /home/d-lab/workspace/ros_ur_driver/install/controller_manager_msgs/include/controller_manager_msgs/srv/detail/reload_controller_libraries__builder.hpp
[0.864s] -- Up-to-date: /home/d-lab/workspace/ros_ur_driver/install/controller_manager_msgs/include/controller_manager_msgs/srv/detail/load_controller__struct.hpp
[0.864s] -- Up-to-date: /home/d-lab/workspace/ros_ur_driver/install/controller_manager_msgs/include/controller_manager_msgs/srv/detail/configure_controller__traits.hpp
[0.864s] -- Up-to-date: /home/d-lab/workspace/ros_ur_driver/install/controller_manager_msgs/include/controller_manager_msgs/srv/detail/list_controller_types__struct.hpp
[0.864s] -- Up-to-date: /home/d-lab/workspace/ros_ur_driver/install/controller_manager_msgs/include/controller_manager_msgs/srv/detail/load_start_controller__struct.hpp
[0.864s] -- Up-to-date: /home/d-lab/workspace/ros_ur_driver/install/controller_manager_msgs/include/controller_manager_msgs/srv/detail/load_configure_controller__struct.hpp
[0.864s] -- Up-to-date: /home/d-lab/workspace/ros_ur_driver/install/controller_manager_msgs/include/controller_manager_msgs/srv/detail/unload_controller__struct.hpp
[0.864s] -- Up-to-date: /home/d-lab/workspace/ros_ur_driver/install/controller_manager_msgs/include/controller_manager_msgs/srv/detail/list_hardware_interfaces__traits.hpp
[0.864s] -- Up-to-date: /home/d-lab/workspace/ros_ur_driver/install/controller_manager_msgs/include/controller_manager_msgs/srv/detail/load_configure_controller__traits.hpp
[0.864s] -- Up-to-date: /home/d-lab/workspace/ros_ur_driver/install/controller_manager_msgs/include/controller_manager_msgs/srv/detail/configure_start_controller__traits.hpp
[0.865s] -- Up-to-date: /home/d-lab/workspace/ros_ur_driver/install/controller_manager_msgs/include/controller_manager_msgs/srv/detail/switch_controller__struct.hpp
[0.865s] -- Up-to-date: /home/d-lab/workspace/ros_ur_driver/install/controller_manager_msgs/include/controller_manager_msgs/srv/detail/reload_controller_libraries__struct.hpp
[0.865s] -- Up-to-date: /home/d-lab/workspace/ros_ur_driver/install/controller_manager_msgs/include/controller_manager_msgs/srv/detail/switch_controller__traits.hpp
[0.865s] -- Up-to-date: /home/d-lab/workspace/ros_ur_driver/install/controller_manager_msgs/include/controller_manager_msgs/srv/detail/list_controllers__traits.hpp
[0.865s] -- Up-to-date: /home/d-lab/workspace/ros_ur_driver/install/controller_manager_msgs/include/controller_manager_msgs/srv/detail/list_hardware_interfaces__builder.hpp
[0.865s] -- Up-to-date: /home/d-lab/workspace/ros_ur_driver/install/controller_manager_msgs/include/controller_manager_msgs/srv/detail/reload_controller_libraries__traits.hpp
[0.865s] -- Up-to-date: /home/d-lab/workspace/ros_ur_driver/install/controller_manager_msgs/include/controller_manager_msgs/srv/detail/switch_controller__builder.hpp
[0.865s] -- Up-to-date: /home/d-lab/workspace/ros_ur_driver/install/controller_manager_msgs/include/controller_manager_msgs/srv/detail/load_controller__traits.hpp
[0.865s] -- Up-to-date: /home/d-lab/workspace/ros_ur_driver/install/controller_manager_msgs/include/controller_manager_msgs/srv/detail/load_configure_controller__builder.hpp
[0.865s] -- Up-to-date: /home/d-lab/workspace/ros_ur_driver/install/controller_manager_msgs/include/controller_manager_msgs/srv/detail/configure_start_controller__builder.hpp
[0.865s] -- Up-to-date: /home/d-lab/workspace/ros_ur_driver/install/controller_manager_msgs/include/controller_manager_msgs/srv/detail/list_controllers__struct.hpp
[0.865s] -- Up-to-date: /home/d-lab/workspace/ros_ur_driver/install/controller_manager_msgs/include/controller_manager_msgs/srv/detail/unload_controller__traits.hpp
[0.865s] -- Up-to-date: /home/d-lab/workspace/ros_ur_driver/install/controller_manager_msgs/include/controller_manager_msgs/srv/detail/list_hardware_interfaces__struct.hpp
[0.865s] -- Up-to-date: /home/d-lab/workspace/ros_ur_driver/install/controller_manager_msgs/include/controller_manager_msgs/srv/detail/load_start_controller__builder.hpp
[0.866s] -- Up-to-date: /home/d-lab/workspace/ros_ur_driver/install/controller_manager_msgs/include/controller_manager_msgs/srv/detail/list_controller_types__builder.hpp
[0.866s] -- Up-to-date: /home/d-lab/workspace/ros_ur_driver/install/controller_manager_msgs/include/controller_manager_msgs/srv/detail/unload_controller__builder.hpp
[0.866s] -- Up-to-date: /home/d-lab/workspace/ros_ur_driver/install/controller_manager_msgs/include/controller_manager_msgs/srv/detail/list_controllers__builder.hpp
[0.866s] -- Up-to-date: /home/d-lab/workspace/ros_ur_driver/install/controller_manager_msgs/include/controller_manager_msgs/srv/list_controller_types.hpp
[0.866s] -- Up-to-date: /home/d-lab/workspace/ros_ur_driver/install/controller_manager_msgs/include/controller_manager_msgs/srv/unload_controller.hpp
[0.866s] -- Up-to-date: /home/d-lab/workspace/ros_ur_driver/install/controller_manager_msgs/include/controller_manager_msgs/msg
[0.866s] -- Up-to-date: /home/d-lab/workspace/ros_ur_driver/install/controller_manager_msgs/include/controller_manager_msgs/msg/hardware_interface.hpp
[0.866s] -- Up-to-date: /home/d-lab/workspace/ros_ur_driver/install/controller_manager_msgs/include/controller_manager_msgs/msg/controller_state.hpp
[0.866s] -- Up-to-date: /home/d-lab/workspace/ros_ur_driver/install/controller_manager_msgs/include/controller_manager_msgs/msg/detail
[0.866s] -- Up-to-date: /home/d-lab/workspace/ros_ur_driver/install/controller_manager_msgs/include/controller_manager_msgs/msg/detail/hardware_interface__struct.hpp
[0.866s] -- Up-to-date: /home/d-lab/workspace/ros_ur_driver/install/controller_manager_msgs/include/controller_manager_msgs/msg/detail/controller_state__traits.hpp
[0.866s] -- Up-to-date: /home/d-lab/workspace/ros_ur_driver/install/controller_manager_msgs/include/controller_manager_msgs/msg/detail/controller_state__struct.hpp
[0.866s] -- Up-to-date: /home/d-lab/workspace/ros_ur_driver/install/controller_manager_msgs/include/controller_manager_msgs/msg/detail/hardware_interface__builder.hpp
[0.866s] -- Up-to-date: /home/d-lab/workspace/ros_ur_driver/install/controller_manager_msgs/include/controller_manager_msgs/msg/detail/controller_state__builder.hpp
[0.866s] -- Up-to-date: /home/d-lab/workspace/ros_ur_driver/install/controller_manager_msgs/include/controller_manager_msgs/msg/detail/hardware_interface__traits.hpp
[0.867s] -- Up-to-date: /home/d-lab/workspace/ros_ur_driver/install/controller_manager_msgs/include/controller_manager_msgs
[0.867s] -- Up-to-date: /home/d-lab/workspace/ros_ur_driver/install/controller_manager_msgs/include/controller_manager_msgs/srv
[0.867s] -- Up-to-date: /home/d-lab/workspace/ros_ur_driver/install/controller_manager_msgs/include/controller_manager_msgs/srv/detail
[0.867s] -- Up-to-date: /home/d-lab/workspace/ros_ur_driver/install/controller_manager_msgs/include/controller_manager_msgs/srv/detail/unload_controller__rosidl_typesupport_introspection_cpp.hpp
[0.867s] -- Up-to-date: /home/d-lab/workspace/ros_ur_driver/install/controller_manager_msgs/include/controller_manager_msgs/srv/detail/reload_controller_libraries__type_support.cpp
[0.867s] -- Up-to-date: /home/d-lab/workspace/ros_ur_driver/install/controller_manager_msgs/include/controller_manager_msgs/srv/detail/switch_controller__type_support.cpp
[0.867s] -- Up-to-date: /home/d-lab/workspace/ros_ur_driver/install/controller_manager_msgs/include/controller_manager_msgs/srv/detail/configure_start_controller__rosidl_typesupport_introspection_cpp.hpp
[0.867s] -- Up-to-date: /home/d-lab/workspace/ros_ur_driver/install/controller_manager_msgs/include/controller_manager_msgs/srv/detail/load_start_controller__type_support.cpp
[0.867s] -- Up-to-date: /home/d-lab/workspace/ros_ur_driver/install/controller_manager_msgs/include/controller_manager_msgs/srv/detail/load_controller__type_support.cpp
[0.867s] -- Up-to-date: /home/d-lab/workspace/ros_ur_driver/install/controller_manager_msgs/include/controller_manager_msgs/srv/detail/configure_controller__rosidl_typesupport_introspection_cpp.hpp
[0.867s] -- Up-to-date: /home/d-lab/workspace/ros_ur_driver/install/controller_manager_msgs/include/controller_manager_msgs/srv/detail/list_controllers__type_support.cpp
[0.867s] -- Up-to-date: /home/d-lab/workspace/ros_ur_driver/install/controller_manager_msgs/include/controller_manager_msgs/srv/detail/list_controller_types__rosidl_typesupport_introspection_cpp.hpp
[0.867s] -- Up-to-date: /home/d-lab/workspace/ros_ur_driver/install/controller_manager_msgs/include/controller_manager_msgs/srv/detail/load_controller__rosidl_typesupport_introspection_cpp.hpp
[0.867s] -- Up-to-date: /home/d-lab/workspace/ros_ur_driver/install/controller_manager_msgs/include/controller_manager_msgs/srv/detail/configure_controller__type_support.cpp
[0.868s] -- Up-to-date: /home/d-lab/workspace/ros_ur_driver/install/controller_manager_msgs/include/controller_manager_msgs/srv/detail/switch_controller__rosidl_typesupport_introspection_cpp.hpp
[0.868s] -- Up-to-date: /home/d-lab/workspace/ros_ur_driver/install/controller_manager_msgs/include/controller_manager_msgs/srv/detail/configure_start_controller__type_support.cpp
[0.868s] -- Up-to-date: /home/d-lab/workspace/ros_ur_driver/install/controller_manager_msgs/include/controller_manager_msgs/srv/detail/load_configure_controller__type_support.cpp
[0.868s] -- Up-to-date: /home/d-lab/workspace/ros_ur_driver/install/controller_manager_msgs/include/controller_manager_msgs/srv/detail/list_controllers__rosidl_typesupport_introspection_cpp.hpp
[0.868s] -- Up-to-date: /home/d-lab/workspace/ros_ur_driver/install/controller_manager_msgs/include/controller_manager_msgs/srv/detail/list_hardware_interfaces__type_support.cpp
[0.868s] -- Up-to-date: /home/d-lab/workspace/ros_ur_driver/install/controller_manager_msgs/include/controller_manager_msgs/srv/detail/unload_controller__type_support.cpp
[0.868s] -- Up-to-date: /home/d-lab/workspace/ros_ur_driver/install/controller_manager_msgs/include/controller_manager_msgs/srv/detail/list_controller_types__type_support.cpp
[0.868s] -- Up-to-date: /home/d-lab/workspace/ros_ur_driver/install/controller_manager_msgs/include/controller_manager_msgs/srv/detail/reload_controller_libraries__rosidl_typesupport_introspection_cpp.hpp
[0.868s] -- Up-to-date: /home/d-lab/workspace/ros_ur_driver/install/controller_manager_msgs/include/controller_manager_msgs/srv/detail/list_hardware_interfaces__rosidl_typesupport_introspection_cpp.hpp
[0.868s] -- Up-to-date: /home/d-lab/workspace/ros_ur_driver/install/controller_manager_msgs/include/controller_manager_msgs/srv/detail/load_configure_controller__rosidl_typesupport_introspection_cpp.hpp
[0.868s] -- Up-to-date: /home/d-lab/workspace/ros_ur_driver/install/controller_manager_msgs/include/controller_manager_msgs/srv/detail/load_start_controller__rosidl_typesupport_introspection_cpp.hpp
[0.868s] -- Up-to-date: /home/d-lab/workspace/ros_ur_driver/install/controller_manager_msgs/include/controller_manager_msgs/msg
[0.868s] -- Up-to-date: /home/d-lab/workspace/ros_ur_driver/install/controller_manager_msgs/include/controller_manager_msgs/msg/detail
[0.868s] -- Up-to-date: /home/d-lab/workspace/ros_ur_driver/install/controller_manager_msgs/include/controller_manager_msgs/msg/detail/hardware_interface__type_support.cpp
[0.869s] -- Up-to-date: /home/d-lab/workspace/ros_ur_driver/install/controller_manager_msgs/include/controller_manager_msgs/msg/detail/controller_state__rosidl_typesupport_introspection_cpp.hpp
[0.869s] -- Up-to-date: /home/d-lab/workspace/ros_ur_driver/install/controller_manager_msgs/include/controller_manager_msgs/msg/detail/hardware_interface__rosidl_typesupport_introspection_cpp.hpp
[0.869s] -- Up-to-date: /home/d-lab/workspace/ros_ur_driver/install/controller_manager_msgs/include/controller_manager_msgs/msg/detail/controller_state__type_support.cpp
[0.869s] -- Up-to-date: /home/d-lab/workspace/ros_ur_driver/install/controller_manager_msgs/lib/libcontroller_manager_msgs__rosidl_typesupport_introspection_cpp.so
[0.869s] -- Up-to-date: /home/d-lab/workspace/ros_ur_driver/install/controller_manager_msgs/lib/libcontroller_manager_msgs__rosidl_typesupport_cpp.so
[0.869s] -- Up-to-date: /home/d-lab/workspace/ros_ur_driver/install/controller_manager_msgs/share/controller_manager_msgs/environment/pythonpath.sh
[0.869s] -- Up-to-date: /home/d-lab/workspace/ros_ur_driver/install/controller_manager_msgs/share/controller_manager_msgs/environment/pythonpath.dsv
[0.869s] -- Up-to-date: /home/d-lab/workspace/ros_ur_driver/install/controller_manager_msgs/lib/python3.8/site-packages/controller_manager_msgs/__init__.py
[0.885s] -- Up-to-date: /home/d-lab/workspace/ros_ur_driver/install/controller_manager_msgs/lib/python3.8/site-packages/controller_manager_msgs/msg
[0.886s] -- Up-to-date: /home/d-lab/workspace/ros_ur_driver/install/controller_manager_msgs/lib/python3.8/site-packages/controller_manager_msgs/msg/_hardware_interface.py
[0.886s] -- Up-to-date: /home/d-lab/workspace/ros_ur_driver/install/controller_manager_msgs/lib/python3.8/site-packages/controller_manager_msgs/msg/_hardware_interface_s.c
[0.886s] -- Up-to-date: /home/d-lab/workspace/ros_ur_driver/install/controller_manager_msgs/lib/python3.8/site-packages/controller_manager_msgs/msg/_controller_state_s.c
[0.886s] -- Up-to-date: /home/d-lab/workspace/ros_ur_driver/install/controller_manager_msgs/lib/python3.8/site-packages/controller_manager_msgs/msg/_controller_state.py
[0.886s] -- Up-to-date: /home/d-lab/workspace/ros_ur_driver/install/controller_manager_msgs/lib/python3.8/site-packages/controller_manager_msgs/msg/__init__.py
[0.886s] -- Up-to-date: /home/d-lab/workspace/ros_ur_driver/install/controller_manager_msgs/lib/python3.8/site-packages/controller_manager_msgs/srv
[0.886s] -- Up-to-date: /home/d-lab/workspace/ros_ur_driver/install/controller_manager_msgs/lib/python3.8/site-packages/controller_manager_msgs/srv/_configure_start_controller_s.c
[0.887s] -- Up-to-date: /home/d-lab/workspace/ros_ur_driver/install/controller_manager_msgs/lib/python3.8/site-packages/controller_manager_msgs/srv/_configure_controller_s.c
[0.887s] -- Up-to-date: /home/d-lab/workspace/ros_ur_driver/install/controller_manager_msgs/lib/python3.8/site-packages/controller_manager_msgs/srv/_switch_controller_s.c
[0.887s] -- Up-to-date: /home/d-lab/workspace/ros_ur_driver/install/controller_manager_msgs/lib/python3.8/site-packages/controller_manager_msgs/srv/_list_controllers_s.c
[0.887s] -- Up-to-date: /home/d-lab/workspace/ros_ur_driver/install/controller_manager_msgs/lib/python3.8/site-packages/controller_manager_msgs/srv/_list_controllers.py
[0.887s] -- Up-to-date: /home/d-lab/workspace/ros_ur_driver/install/controller_manager_msgs/lib/python3.8/site-packages/controller_manager_msgs/srv/_unload_controller_s.c
[0.887s] -- Up-to-date: /home/d-lab/workspace/ros_ur_driver/install/controller_manager_msgs/lib/python3.8/site-packages/controller_manager_msgs/srv/_reload_controller_libraries.py
[0.887s] -- Up-to-date: /home/d-lab/workspace/ros_ur_driver/install/controller_manager_msgs/lib/python3.8/site-packages/controller_manager_msgs/srv/_load_start_controller.py
[0.887s] -- Up-to-date: /home/d-lab/workspace/ros_ur_driver/install/controller_manager_msgs/lib/python3.8/site-packages/controller_manager_msgs/srv/_reload_controller_libraries_s.c
[0.887s] -- Up-to-date: /home/d-lab/workspace/ros_ur_driver/install/controller_manager_msgs/lib/python3.8/site-packages/controller_manager_msgs/srv/_load_start_controller_s.c
[0.887s] -- Up-to-date: /home/d-lab/workspace/ros_ur_driver/install/controller_manager_msgs/lib/python3.8/site-packages/controller_manager_msgs/srv/_list_hardware_interfaces_s.c
[0.887s] -- Up-to-date: /home/d-lab/workspace/ros_ur_driver/install/controller_manager_msgs/lib/python3.8/site-packages/controller_manager_msgs/srv/_unload_controller.py
[0.887s] -- Up-to-date: /home/d-lab/workspace/ros_ur_driver/install/controller_manager_msgs/lib/python3.8/site-packages/controller_manager_msgs/srv/_configure_start_controller.py
[0.887s] -- Up-to-date: /home/d-lab/workspace/ros_ur_driver/install/controller_manager_msgs/lib/python3.8/site-packages/controller_manager_msgs/srv/_load_controller_s.c
[0.887s] -- Up-to-date: /home/d-lab/workspace/ros_ur_driver/install/controller_manager_msgs/lib/python3.8/site-packages/controller_manager_msgs/srv/_switch_controller.py
[0.887s] -- Up-to-date: /home/d-lab/workspace/ros_ur_driver/install/controller_manager_msgs/lib/python3.8/site-packages/controller_manager_msgs/srv/_list_controller_types.py
[0.888s] -- Up-to-date: /home/d-lab/workspace/ros_ur_driver/install/controller_manager_msgs/lib/python3.8/site-packages/controller_manager_msgs/srv/_load_configure_controller_s.c
[0.888s] -- Up-to-date: /home/d-lab/workspace/ros_ur_driver/install/controller_manager_msgs/lib/python3.8/site-packages/controller_manager_msgs/srv/__init__.py
[0.888s] -- Up-to-date: /home/d-lab/workspace/ros_ur_driver/install/controller_manager_msgs/lib/python3.8/site-packages/controller_manager_msgs/srv/_list_controller_types_s.c
[0.888s] -- Up-to-date: /home/d-lab/workspace/ros_ur_driver/install/controller_manager_msgs/lib/python3.8/site-packages/controller_manager_msgs/srv/_load_controller.py
[0.888s] -- Up-to-date: /home/d-lab/workspace/ros_ur_driver/install/controller_manager_msgs/lib/python3.8/site-packages/controller_manager_msgs/srv/_configure_controller.py
[0.888s] -- Up-to-date: /home/d-lab/workspace/ros_ur_driver/install/controller_manager_msgs/lib/python3.8/site-packages/controller_manager_msgs/srv/_list_hardware_interfaces.py
[0.888s] -- Up-to-date: /home/d-lab/workspace/ros_ur_driver/install/controller_manager_msgs/lib/python3.8/site-packages/controller_manager_msgs/srv/_load_configure_controller.py
[0.888s] -- Up-to-date: /home/d-lab/workspace/ros_ur_driver/install/controller_manager_msgs/lib/python3.8/site-packages/controller_manager_msgs/controller_manager_msgs_s__rosidl_typesupport_fastrtps_c.cpython-38-x86_64-linux-gnu.so
[0.888s] -- Up-to-date: /home/d-lab/workspace/ros_ur_driver/install/controller_manager_msgs/lib/python3.8/site-packages/controller_manager_msgs/controller_manager_msgs_s__rosidl_typesupport_introspection_c.cpython-38-x86_64-linux-gnu.so
[0.888s] -- Up-to-date: /home/d-lab/workspace/ros_ur_driver/install/controller_manager_msgs/lib/python3.8/site-packages/controller_manager_msgs/controller_manager_msgs_s__rosidl_typesupport_c.cpython-38-x86_64-linux-gnu.so
[0.888s] -- Up-to-date: /home/d-lab/workspace/ros_ur_driver/install/controller_manager_msgs/lib/libcontroller_manager_msgs__python.so
[0.888s] -- Up-to-date: /home/d-lab/workspace/ros_ur_driver/install/controller_manager_msgs/share/controller_manager_msgs/msg/ControllerState.idl
[0.889s] -- Up-to-date: /home/d-lab/workspace/ros_ur_driver/install/controller_manager_msgs/share/controller_manager_msgs/msg/HardwareInterface.idl
[0.889s] -- Up-to-date: /home/d-lab/workspace/ros_ur_driver/install/controller_manager_msgs/share/controller_manager_msgs/srv/ConfigureController.idl
[0.889s] -- Up-to-date: /home/d-lab/workspace/ros_ur_driver/install/controller_manager_msgs/share/controller_manager_msgs/srv/ConfigureStartController.idl
[0.889s] -- Up-to-date: /home/d-lab/workspace/ros_ur_driver/install/controller_manager_msgs/share/controller_manager_msgs/srv/ListControllers.idl
[0.889s] -- Up-to-date: /home/d-lab/workspace/ros_ur_driver/install/controller_manager_msgs/share/controller_manager_msgs/srv/ListControllerTypes.idl
[0.889s] -- Up-to-date: /home/d-lab/workspace/ros_ur_driver/install/controller_manager_msgs/share/controller_manager_msgs/srv/ListHardwareInterfaces.idl
[0.889s] -- Up-to-date: /home/d-lab/workspace/ros_ur_driver/install/controller_manager_msgs/share/controller_manager_msgs/srv/LoadConfigureController.idl
[0.889s] -- Up-to-date: /home/d-lab/workspace/ros_ur_driver/install/controller_manager_msgs/share/controller_manager_msgs/srv/LoadController.idl
[0.890s] -- Up-to-date: /home/d-lab/workspace/ros_ur_driver/install/controller_manager_msgs/share/controller_manager_msgs/srv/LoadStartController.idl
[0.890s] -- Up-to-date: /home/d-lab/workspace/ros_ur_driver/install/controller_manager_msgs/share/controller_manager_msgs/srv/ReloadControllerLibraries.idl
[0.890s] -- Up-to-date: /home/d-lab/workspace/ros_ur_driver/install/controller_manager_msgs/share/controller_manager_msgs/srv/SwitchController.idl
[0.890s] -- Up-to-date: /home/d-lab/workspace/ros_ur_driver/install/controller_manager_msgs/share/controller_manager_msgs/srv/UnloadController.idl
[0.890s] -- Up-to-date: /home/d-lab/workspace/ros_ur_driver/install/controller_manager_msgs/share/controller_manager_msgs/msg/ControllerState.msg
[0.890s] -- Up-to-date: /home/d-lab/workspace/ros_ur_driver/install/controller_manager_msgs/share/controller_manager_msgs/msg/HardwareInterface.msg
[0.890s] -- Up-to-date: /home/d-lab/workspace/ros_ur_driver/install/controller_manager_msgs/share/controller_manager_msgs/srv/ConfigureController.srv
[0.890s] -- Up-to-date: /home/d-lab/workspace/ros_ur_driver/install/controller_manager_msgs/share/controller_manager_msgs/srv/ConfigureController_Request.msg
[0.891s] -- Up-to-date: /home/d-lab/workspace/ros_ur_driver/install/controller_manager_msgs/share/controller_manager_msgs/srv/ConfigureController_Response.msg
[0.891s] -- Up-to-date: /home/d-lab/workspace/ros_ur_driver/install/controller_manager_msgs/share/controller_manager_msgs/srv/ConfigureStartController.srv
[0.891s] -- Up-to-date: /home/d-lab/workspace/ros_ur_driver/install/controller_manager_msgs/share/controller_manager_msgs/srv/ConfigureStartController_Request.msg
[0.891s] -- Up-to-date: /home/d-lab/workspace/ros_ur_driver/install/controller_manager_msgs/share/controller_manager_msgs/srv/ConfigureStartController_Response.msg
[0.891s] -- Up-to-date: /home/d-lab/workspace/ros_ur_driver/install/controller_manager_msgs/share/controller_manager_msgs/srv/ListControllers.srv
[0.891s] -- Up-to-date: /home/d-lab/workspace/ros_ur_driver/install/controller_manager_msgs/share/controller_manager_msgs/srv/ListControllers_Request.msg
[0.891s] -- Up-to-date: /home/d-lab/workspace/ros_ur_driver/install/controller_manager_msgs/share/controller_manager_msgs/srv/ListControllers_Response.msg
[0.891s] -- Up-to-date: /home/d-lab/workspace/ros_ur_driver/install/controller_manager_msgs/share/controller_manager_msgs/srv/ListControllerTypes.srv
[0.891s] -- Up-to-date: /home/d-lab/workspace/ros_ur_driver/install/controller_manager_msgs/share/controller_manager_msgs/srv/ListControllerTypes_Request.msg
[0.891s] -- Up-to-date: /home/d-lab/workspace/ros_ur_driver/install/controller_manager_msgs/share/controller_manager_msgs/srv/ListControllerTypes_Response.msg
[0.892s] -- Up-to-date: /home/d-lab/workspace/ros_ur_driver/install/controller_manager_msgs/share/controller_manager_msgs/srv/ListHardwareInterfaces.srv
[0.892s] -- Up-to-date: /home/d-lab/workspace/ros_ur_driver/install/controller_manager_msgs/share/controller_manager_msgs/srv/ListHardwareInterfaces_Request.msg
[0.892s] -- Up-to-date: /home/d-lab/workspace/ros_ur_driver/install/controller_manager_msgs/share/controller_manager_msgs/srv/ListHardwareInterfaces_Response.msg
[0.892s] -- Up-to-date: /home/d-lab/workspace/ros_ur_driver/install/controller_manager_msgs/share/controller_manager_msgs/srv/LoadConfigureController.srv
[0.892s] -- Up-to-date: /home/d-lab/workspace/ros_ur_driver/install/controller_manager_msgs/share/controller_manager_msgs/srv/LoadConfigureController_Request.msg
[0.892s] -- Up-to-date: /home/d-lab/workspace/ros_ur_driver/install/controller_manager_msgs/share/controller_manager_msgs/srv/LoadConfigureController_Response.msg
[0.892s] -- Up-to-date: /home/d-lab/workspace/ros_ur_driver/install/controller_manager_msgs/share/controller_manager_msgs/srv/LoadController.srv
[0.892s] -- Up-to-date: /home/d-lab/workspace/ros_ur_driver/install/controller_manager_msgs/share/controller_manager_msgs/srv/LoadController_Request.msg
[0.892s] -- Up-to-date: /home/d-lab/workspace/ros_ur_driver/install/controller_manager_msgs/share/controller_manager_msgs/srv/LoadController_Response.msg
[0.892s] -- Up-to-date: /home/d-lab/workspace/ros_ur_driver/install/controller_manager_msgs/share/controller_manager_msgs/srv/LoadStartController.srv
[0.892s] -- Up-to-date: /home/d-lab/workspace/ros_ur_driver/install/controller_manager_msgs/share/controller_manager_msgs/srv/LoadStartController_Request.msg
[0.892s] -- Up-to-date: /home/d-lab/workspace/ros_ur_driver/install/controller_manager_msgs/share/controller_manager_msgs/srv/LoadStartController_Response.msg
[0.892s] -- Up-to-date: /home/d-lab/workspace/ros_ur_driver/install/controller_manager_msgs/share/controller_manager_msgs/srv/ReloadControllerLibraries.srv
[0.892s] -- Up-to-date: /home/d-lab/workspace/ros_ur_driver/install/controller_manager_msgs/share/controller_manager_msgs/srv/ReloadControllerLibraries_Request.msg
[0.892s] -- Up-to-date: /home/d-lab/workspace/ros_ur_driver/install/controller_manager_msgs/share/controller_manager_msgs/srv/ReloadControllerLibraries_Response.msg
[0.892s] -- Up-to-date: /home/d-lab/workspace/ros_ur_driver/install/controller_manager_msgs/share/controller_manager_msgs/srv/SwitchController.srv
[0.892s] -- Up-to-date: /home/d-lab/workspace/ros_ur_driver/install/controller_manager_msgs/share/controller_manager_msgs/srv/SwitchController_Request.msg
[0.893s] -- Up-to-date: /home/d-lab/workspace/ros_ur_driver/install/controller_manager_msgs/share/controller_manager_msgs/srv/SwitchController_Response.msg
[0.893s] -- Up-to-date: /home/d-lab/workspace/ros_ur_driver/install/controller_manager_msgs/share/controller_manager_msgs/srv/UnloadController.srv
[0.893s] -- Up-to-date: /home/d-lab/workspace/ros_ur_driver/install/controller_manager_msgs/share/controller_manager_msgs/srv/UnloadController_Request.msg
[0.893s] -- Up-to-date: /home/d-lab/workspace/ros_ur_driver/install/controller_manager_msgs/share/controller_manager_msgs/srv/UnloadController_Response.msg
[0.893s] -- Up-to-date: /home/d-lab/workspace/ros_ur_driver/install/controller_manager_msgs/share/ament_index/resource_index/package_run_dependencies/controller_manager_msgs
[0.893s] -- Up-to-date: /home/d-lab/workspace/ros_ur_driver/install/controller_manager_msgs/share/ament_index/resource_index/parent_prefix_path/controller_manager_msgs
[0.893s] -- Up-to-date: /home/d-lab/workspace/ros_ur_driver/install/controller_manager_msgs/share/controller_manager_msgs/environment/ament_prefix_path.sh
[0.893s] -- Up-to-date: /home/d-lab/workspace/ros_ur_driver/install/controller_manager_msgs/share/controller_manager_msgs/environment/ament_prefix_path.dsv
[0.893s] -- Up-to-date: /home/d-lab/workspace/ros_ur_driver/install/controller_manager_msgs/share/controller_manager_msgs/environment/path.sh
[0.893s] -- Up-to-date: /home/d-lab/workspace/ros_ur_driver/install/controller_manager_msgs/share/controller_manager_msgs/environment/path.dsv
[0.894s] -- Up-to-date: /home/d-lab/workspace/ros_ur_driver/install/controller_manager_msgs/share/controller_manager_msgs/local_setup.bash
[0.895s] -- Up-to-date: /home/d-lab/workspace/ros_ur_driver/install/controller_manager_msgs/share/controller_manager_msgs/local_setup.sh
[0.895s] -- Up-to-date: /home/d-lab/workspace/ros_ur_driver/install/controller_manager_msgs/share/controller_manager_msgs/local_setup.zsh
[0.897s] -- Up-to-date: /home/d-lab/workspace/ros_ur_driver/install/controller_manager_msgs/share/controller_manager_msgs/local_setup.dsv
[0.897s] -- Installing: /home/d-lab/workspace/ros_ur_driver/install/controller_manager_msgs/share/controller_manager_msgs/package.dsv
[0.897s] -- Up-to-date: /home/d-lab/workspace/ros_ur_driver/install/controller_manager_msgs/share/ament_index/resource_index/packages/controller_manager_msgs
[0.897s] -- Up-to-date: /home/d-lab/workspace/ros_ur_driver/install/controller_manager_msgs/share/controller_manager_msgs/cmake/controller_manager_msgs__rosidl_generator_cExport.cmake
[0.897s] -- Up-to-date: /home/d-lab/workspace/ros_ur_driver/install/controller_manager_msgs/share/controller_manager_msgs/cmake/controller_manager_msgs__rosidl_generator_cExport-release.cmake
[0.897s] -- Up-to-date: /home/d-lab/workspace/ros_ur_driver/install/controller_manager_msgs/share/controller_manager_msgs/cmake/controller_manager_msgs__rosidl_typesupport_introspection_cExport.cmake
[0.898s] -- Up-to-date: /home/d-lab/workspace/ros_ur_driver/install/controller_manager_msgs/share/controller_manager_msgs/cmake/controller_manager_msgs__rosidl_typesupport_introspection_cExport-release.cmake
[0.898s] -- Up-to-date: /home/d-lab/workspace/ros_ur_driver/install/controller_manager_msgs/share/controller_manager_msgs/cmake/controller_manager_msgs__rosidl_typesupport_cExport.cmake
[0.898s] -- Up-to-date: /home/d-lab/workspace/ros_ur_driver/install/controller_manager_msgs/share/controller_manager_msgs/cmake/controller_manager_msgs__rosidl_typesupport_cExport-release.cmake
[0.898s] -- Up-to-date: /home/d-lab/workspace/ros_ur_driver/install/controller_manager_msgs/share/controller_manager_msgs/cmake/controller_manager_msgs__rosidl_generator_cppExport.cmake
[0.898s] -- Up-to-date: /home/d-lab/workspace/ros_ur_driver/install/controller_manager_msgs/share/controller_manager_msgs/cmake/controller_manager_msgs__rosidl_typesupport_introspection_cppExport.cmake
[0.898s] -- Up-to-date: /home/d-lab/workspace/ros_ur_driver/install/controller_manager_msgs/share/controller_manager_msgs/cmake/controller_manager_msgs__rosidl_typesupport_introspection_cppExport-release.cmake
[0.898s] -- Up-to-date: /home/d-lab/workspace/ros_ur_driver/install/controller_manager_msgs/share/controller_manager_msgs/cmake/controller_manager_msgs__rosidl_typesupport_cppExport.cmake
[0.898s] -- Up-to-date: /home/d-lab/workspace/ros_ur_driver/install/controller_manager_msgs/share/controller_manager_msgs/cmake/controller_manager_msgs__rosidl_typesupport_cppExport-release.cmake
[0.898s] -- Up-to-date: /home/d-lab/workspace/ros_ur_driver/install/controller_manager_msgs/share/controller_manager_msgs/cmake/rosidl_cmake-extras.cmake
[0.898s] -- Up-to-date: /home/d-lab/workspace/ros_ur_driver/install/controller_manager_msgs/share/controller_manager_msgs/cmake/ament_cmake_export_dependencies-extras.cmake
[0.899s] -- Up-to-date: /home/d-lab/workspace/ros_ur_driver/install/controller_manager_msgs/share/controller_manager_msgs/cmake/ament_cmake_export_libraries-extras.cmake
[0.899s] -- Up-to-date: /home/d-lab/workspace/ros_ur_driver/install/controller_manager_msgs/share/controller_manager_msgs/cmake/ament_cmake_export_targets-extras.cmake
[0.899s] -- Up-to-date: /home/d-lab/workspace/ros_ur_driver/install/controller_manager_msgs/share/controller_manager_msgs/cmake/ament_cmake_export_include_directories-extras.cmake
[0.899s] -- Up-to-date: /home/d-lab/workspace/ros_ur_driver/install/controller_manager_msgs/share/controller_manager_msgs/cmake/rosidl_cmake_export_typesupport_libraries-extras.cmake
[0.899s] -- Up-to-date: /home/d-lab/workspace/ros_ur_driver/install/controller_manager_msgs/share/controller_manager_msgs/cmake/rosidl_cmake_export_typesupport_targets-extras.cmake
[0.899s] -- Up-to-date: /home/d-lab/workspace/ros_ur_driver/install/controller_manager_msgs/share/controller_manager_msgs/cmake/controller_manager_msgsConfig.cmake
[0.899s] -- Up-to-date: /home/d-lab/workspace/ros_ur_driver/install/controller_manager_msgs/share/controller_manager_msgs/cmake/controller_manager_msgsConfig-version.cmake
[0.899s] -- Up-to-date: /home/d-lab/workspace/ros_ur_driver/install/controller_manager_msgs/share/controller_manager_msgs/package.xml
[0.899s] Invoked command in '/home/d-lab/workspace/ros_ur_driver/build/controller_manager_msgs' returned '0': CMAKE_PREFIX_PATH=${CMAKE_PREFIX_PATH}:/home/d-lab/workspace/ros_ur_driver/install/ros2controlcli:/home/d-lab/workspace/ros_ur_driver/install/ros2_control_test_nodes:/opt/ros/foxy /usr/bin/cmake --install /home/d-lab/workspace/ros_ur_driver/build/controller_manager_msgs
