[0.174s] Invoking command in '/home/d-lab/workspace/ros_ur_driver/src/build/gripper_controllers': AMENT_PREFIX_PATH=/home/d-lab/workspace/ros_ur_driver/src/install/controller_manager:/home/d-lab/workspace/ros_ur_driver/src/install/controller_interface:/home/d-lab/workspace/ros_ur_driver/src/install/hardware_interface:/home/d-lab/workspace/ros_ur_driver/src/install/ros2_control_test_assets:/home/d-lab/workspace/ros_ur_driver/src/install/controller_manager_msgs:/home/d-lab/workspace/ros_ur_driver/src/install/control_msgs:${AMENT_PREFIX_PATH} CMAKE_PREFIX_PATH=/home/d-lab/workspace/ros_ur_driver/src/install/controller_manager:/home/d-lab/workspace/ros_ur_driver/src/install/controller_interface:/home/d-lab/workspace/ros_ur_driver/src/install/hardware_interface:/home/d-lab/workspace/ros_ur_driver/src/install/ros2_control_test_assets:/home/d-lab/workspace/ros_ur_driver/src/install/controller_manager_msgs:/home/d-lab/workspace/ros_ur_driver/src/install/control_msgs:/opt/ros/foxy LD_LIBRARY_PATH=/home/d-lab/workspace/ros_ur_driver/src/install/controller_manager/lib:/home/d-lab/workspace/ros_ur_driver/src/install/controller_interface/lib:/home/d-lab/workspace/ros_ur_driver/src/install/hardware_interface/lib:/home/d-lab/workspace/ros_ur_driver/src/install/controller_manager_msgs/lib:/home/d-lab/workspace/ros_ur_driver/src/install/control_msgs/lib:${LD_LIBRARY_PATH} PYTHONPATH=/home/d-lab/workspace/ros_ur_driver/src/install/controller_manager/lib/python3.8/site-packages:/home/d-lab/workspace/ros_ur_driver/src/install/controller_manager_msgs/lib/python3.8/site-packages:/home/d-lab/workspace/ros_ur_driver/src/install/control_msgs/lib/python3.8/site-packages:${PYTHONPATH} /usr/bin/cmake /home/d-lab/workspace/ros_ur_driver/src/ros2_controllers/gripper_controllers -DCMAKE_INSTALL_PREFIX=/home/d-lab/workspace/ros_ur_driver/src/install/gripper_controllers
[0.229s] -- The C compiler identification is GNU 9.4.0
[0.281s] -- The CXX compiler identification is GNU 9.4.0
[0.286s] -- Check for working C compiler: /usr/bin/cc
[0.340s] -- Check for working C compiler: /usr/bin/cc -- works
[0.342s] -- Detecting C compiler ABI info
[0.393s] -- Detecting C compiler ABI info - done
[0.405s] -- Detecting C compile features
[0.405s] -- Detecting C compile features - done
[0.408s] -- Check for working CXX compiler: /usr/bin/c++
[0.483s] -- Check for working CXX compiler: /usr/bin/c++ -- works
[0.484s] -- Detecting CXX compiler ABI info
[0.539s] -- Detecting CXX compiler ABI info - done
[0.552s] -- Detecting CXX compile features
[0.553s] -- Detecting CXX compile features - done
[0.555s] -- Found ament_cmake: 0.9.9 (/opt/ros/foxy/share/ament_cmake/cmake)
[0.574s] -- Found PythonInterp: /usr/bin/python3 (found suitable version "3.8.10", minimum required is "3") 
[0.574s] -- Using PYTHON_EXECUTABLE: /usr/bin/python3
[0.730s] -- Found rclcpp_action: 2.4.1 (/opt/ros/foxy/share/rclcpp_action/cmake)
[0.769s] -- Using all available rosidl_typesupport_c: rosidl_typesupport_fastrtps_c;rosidl_typesupport_introspection_c
[0.777s] -- Found rosidl_adapter: 1.2.1 (/opt/ros/foxy/share/rosidl_adapter/cmake)
[0.852s] -- Found OpenSSL: /usr/lib/x86_64-linux-gnu/libcrypto.so (found version "1.1.1f")  
[0.883s] -- Found FastRTPS: /opt/ros/foxy/include  
[0.965s] -- Using all available rosidl_typesupport_cpp: rosidl_typesupport_fastrtps_cpp;rosidl_typesupport_introspection_cpp
[1.096s] -- Found rmw_implementation_cmake: 1.0.3 (/opt/ros/foxy/share/rmw_implementation_cmake/cmake)
[1.098s] -- Using RMW implementation 'rmw_fastrtps_cpp' as default
[1.098s] -- Looking for pthread.h
[1.149s] -- Looking for pthread.h - found
[1.149s] -- Performing Test CMAKE_HAVE_LIBC_PTHREAD
[1.204s] -- Performing Test CMAKE_HAVE_LIBC_PTHREAD - Failed
[1.204s] -- Looking for pthread_create in pthreads
[1.247s] -- Looking for pthread_create in pthreads - not found
[1.247s] -- Looking for pthread_create in pthread
[1.295s] -- Looking for pthread_create in pthread - found
[1.296s] -- Found Threads: TRUE  
[1.440s] -- Found control_msgs: 2.5.1 (/home/d-lab/workspace/ros_ur_driver/src/install/control_msgs/share/control_msgs/cmake)
[1.701s] -- Found control_toolbox: 2.0.2 (/opt/ros/foxy/share/control_toolbox/cmake)
[1.714s] -- Found controller_interface: 0.10.0 (/home/d-lab/workspace/ros_ur_driver/src/install/controller_interface/share/controller_interface/cmake)
[1.875s] -- Found ament_cmake_gmock: 0.9.9 (/opt/ros/foxy/share/ament_cmake_gmock/cmake)
[1.875s] -- Found controller_manager: 0.10.0 (/home/d-lab/workspace/ros_ur_driver/src/install/controller_manager/share/controller_manager/cmake)
[1.911s] -- Found ros2_control_test_assets: 0.10.0 (/home/d-lab/workspace/ros_ur_driver/src/install/ros2_control_test_assets/share/ros2_control_test_assets/cmake)
[1.913s] -- Found gmock sources under '/opt/ros/foxy/src/gmock_vendor': C++ tests using 'Google Mock' will be built
[1.916s] -- Found ament_cmake_gtest: 0.9.9 (/opt/ros/foxy/share/ament_cmake_gtest/cmake)
[1.917s] -- Found gtest sources under '/opt/ros/foxy/src/gtest_vendor': C++ tests using 'Google Test' will be built
[2.006s] -- Configuring done
[2.062s] -- Generating done
[2.063s] -- Build files have been written to: /home/d-lab/workspace/ros_ur_driver/src/build/gripper_controllers
[2.076s] Invoked command in '/home/d-lab/workspace/ros_ur_driver/src/build/gripper_controllers' returned '0': AMENT_PREFIX_PATH=/home/d-lab/workspace/ros_ur_driver/src/install/controller_manager:/home/d-lab/workspace/ros_ur_driver/src/install/controller_interface:/home/d-lab/workspace/ros_ur_driver/src/install/hardware_interface:/home/d-lab/workspace/ros_ur_driver/src/install/ros2_control_test_assets:/home/d-lab/workspace/ros_ur_driver/src/install/controller_manager_msgs:/home/d-lab/workspace/ros_ur_driver/src/install/control_msgs:${AMENT_PREFIX_PATH} CMAKE_PREFIX_PATH=/home/d-lab/workspace/ros_ur_driver/src/install/controller_manager:/home/d-lab/workspace/ros_ur_driver/src/install/controller_interface:/home/d-lab/workspace/ros_ur_driver/src/install/hardware_interface:/home/d-lab/workspace/ros_ur_driver/src/install/ros2_control_test_assets:/home/d-lab/workspace/ros_ur_driver/src/install/controller_manager_msgs:/home/d-lab/workspace/ros_ur_driver/src/install/control_msgs:/opt/ros/foxy LD_LIBRARY_PATH=/home/d-lab/workspace/ros_ur_driver/src/install/controller_manager/lib:/home/d-lab/workspace/ros_ur_driver/src/install/controller_interface/lib:/home/d-lab/workspace/ros_ur_driver/src/install/hardware_interface/lib:/home/d-lab/workspace/ros_ur_driver/src/install/controller_manager_msgs/lib:/home/d-lab/workspace/ros_ur_driver/src/install/control_msgs/lib:${LD_LIBRARY_PATH} PYTHONPATH=/home/d-lab/workspace/ros_ur_driver/src/install/controller_manager/lib/python3.8/site-packages:/home/d-lab/workspace/ros_ur_driver/src/install/controller_manager_msgs/lib/python3.8/site-packages:/home/d-lab/workspace/ros_ur_driver/src/install/control_msgs/lib/python3.8/site-packages:${PYTHONPATH} /usr/bin/cmake /home/d-lab/workspace/ros_ur_driver/src/ros2_controllers/gripper_controllers -DCMAKE_INSTALL_PREFIX=/home/d-lab/workspace/ros_ur_driver/src/install/gripper_controllers
[2.077s] Invoking command in '/home/d-lab/workspace/ros_ur_driver/src/build/gripper_controllers': AMENT_PREFIX_PATH=/home/d-lab/workspace/ros_ur_driver/src/install/controller_manager:/home/d-lab/workspace/ros_ur_driver/src/install/controller_interface:/home/d-lab/workspace/ros_ur_driver/src/install/hardware_interface:/home/d-lab/workspace/ros_ur_driver/src/install/ros2_control_test_assets:/home/d-lab/workspace/ros_ur_driver/src/install/controller_manager_msgs:/home/d-lab/workspace/ros_ur_driver/src/install/control_msgs:${AMENT_PREFIX_PATH} CMAKE_PREFIX_PATH=/home/d-lab/workspace/ros_ur_driver/src/install/controller_manager:/home/d-lab/workspace/ros_ur_driver/src/install/controller_interface:/home/d-lab/workspace/ros_ur_driver/src/install/hardware_interface:/home/d-lab/workspace/ros_ur_driver/src/install/ros2_control_test_assets:/home/d-lab/workspace/ros_ur_driver/src/install/controller_manager_msgs:/home/d-lab/workspace/ros_ur_driver/src/install/control_msgs:/opt/ros/foxy LD_LIBRARY_PATH=/home/d-lab/workspace/ros_ur_driver/src/install/controller_manager/lib:/home/d-lab/workspace/ros_ur_driver/src/install/controller_interface/lib:/home/d-lab/workspace/ros_ur_driver/src/install/hardware_interface/lib:/home/d-lab/workspace/ros_ur_driver/src/install/controller_manager_msgs/lib:/home/d-lab/workspace/ros_ur_driver/src/install/control_msgs/lib:${LD_LIBRARY_PATH} PYTHONPATH=/home/d-lab/workspace/ros_ur_driver/src/install/controller_manager/lib/python3.8/site-packages:/home/d-lab/workspace/ros_ur_driver/src/install/controller_manager_msgs/lib/python3.8/site-packages:/home/d-lab/workspace/ros_ur_driver/src/install/control_msgs/lib/python3.8/site-packages:${PYTHONPATH} /usr/bin/cmake --build /home/d-lab/workspace/ros_ur_driver/src/build/gripper_controllers -- -j16 -l16
[2.185s] [35m[1mScanning dependencies of target gripper_action_controller[0m
[2.198s] [35m[1mScanning dependencies of target gmock[0m
[2.218s] [35m[1mScanning dependencies of target gmock_main[0m
[2.255s] [ 22%] [32mBuilding CXX object gmock/CMakeFiles/gmock_main.dir/src/gmock_main.cc.o[0m
[2.255s] [ 22%] [32mBuilding CXX object CMakeFiles/gripper_action_controller.dir/src/gripper_action_controller.cpp.o[0m
[2.265s] [ 33%] [32mBuilding CXX object gmock/CMakeFiles/gmock.dir/opt/ros/foxy/src/gtest_vendor/src/gtest-all.cc.o[0m
[2.285s] [ 44%] [32mBuilding CXX object gmock/CMakeFiles/gmock.dir/src/gmock-all.cc.o[0m
[4.330s] [ 55%] [32m[1mLinking CXX static library libgmock_main.a[0m
[4.502s] [ 55%] Built target gmock_main
[6.942s] [ 66%] [32m[1mLinking CXX static library libgmock.a[0m
[7.043s] [ 66%] Built target gmock
[7.055s] [35m[1mScanning dependencies of target test_load_gripper_action_controllers[0m
[7.129s] [ 77%] [32mBuilding CXX object CMakeFiles/test_load_gripper_action_controllers.dir/test/test_load_gripper_action_controllers.cpp.o[0m
[7.687s] [ 88%] [32m[1mLinking CXX shared library libgripper_action_controller.so[0m
[7.931s] [ 88%] Built target gripper_action_controller
[10.844s] [100%] [32m[1mLinking CXX executable test_load_gripper_action_controllers[0m
[11.202s] [100%] Built target test_load_gripper_action_controllers
[11.212s] Invoked command in '/home/d-lab/workspace/ros_ur_driver/src/build/gripper_controllers' returned '0': AMENT_PREFIX_PATH=/home/d-lab/workspace/ros_ur_driver/src/install/controller_manager:/home/d-lab/workspace/ros_ur_driver/src/install/controller_interface:/home/d-lab/workspace/ros_ur_driver/src/install/hardware_interface:/home/d-lab/workspace/ros_ur_driver/src/install/ros2_control_test_assets:/home/d-lab/workspace/ros_ur_driver/src/install/controller_manager_msgs:/home/d-lab/workspace/ros_ur_driver/src/install/control_msgs:${AMENT_PREFIX_PATH} CMAKE_PREFIX_PATH=/home/d-lab/workspace/ros_ur_driver/src/install/controller_manager:/home/d-lab/workspace/ros_ur_driver/src/install/controller_interface:/home/d-lab/workspace/ros_ur_driver/src/install/hardware_interface:/home/d-lab/workspace/ros_ur_driver/src/install/ros2_control_test_assets:/home/d-lab/workspace/ros_ur_driver/src/install/controller_manager_msgs:/home/d-lab/workspace/ros_ur_driver/src/install/control_msgs:/opt/ros/foxy LD_LIBRARY_PATH=/home/d-lab/workspace/ros_ur_driver/src/install/controller_manager/lib:/home/d-lab/workspace/ros_ur_driver/src/install/controller_interface/lib:/home/d-lab/workspace/ros_ur_driver/src/install/hardware_interface/lib:/home/d-lab/workspace/ros_ur_driver/src/install/controller_manager_msgs/lib:/home/d-lab/workspace/ros_ur_driver/src/install/control_msgs/lib:${LD_LIBRARY_PATH} PYTHONPATH=/home/d-lab/workspace/ros_ur_driver/src/install/controller_manager/lib/python3.8/site-packages:/home/d-lab/workspace/ros_ur_driver/src/install/controller_manager_msgs/lib/python3.8/site-packages:/home/d-lab/workspace/ros_ur_driver/src/install/control_msgs/lib/python3.8/site-packages:${PYTHONPATH} /usr/bin/cmake --build /home/d-lab/workspace/ros_ur_driver/src/build/gripper_controllers -- -j16 -l16
[11.235s] Invoking command in '/home/d-lab/workspace/ros_ur_driver/src/build/gripper_controllers': AMENT_PREFIX_PATH=/home/d-lab/workspace/ros_ur_driver/src/install/controller_manager:/home/d-lab/workspace/ros_ur_driver/src/install/controller_interface:/home/d-lab/workspace/ros_ur_driver/src/install/hardware_interface:/home/d-lab/workspace/ros_ur_driver/src/install/ros2_control_test_assets:/home/d-lab/workspace/ros_ur_driver/src/install/controller_manager_msgs:/home/d-lab/workspace/ros_ur_driver/src/install/control_msgs:${AMENT_PREFIX_PATH} CMAKE_PREFIX_PATH=/home/d-lab/workspace/ros_ur_driver/src/install/controller_manager:/home/d-lab/workspace/ros_ur_driver/src/install/controller_interface:/home/d-lab/workspace/ros_ur_driver/src/install/hardware_interface:/home/d-lab/workspace/ros_ur_driver/src/install/ros2_control_test_assets:/home/d-lab/workspace/ros_ur_driver/src/install/controller_manager_msgs:/home/d-lab/workspace/ros_ur_driver/src/install/control_msgs:/opt/ros/foxy LD_LIBRARY_PATH=/home/d-lab/workspace/ros_ur_driver/src/install/controller_manager/lib:/home/d-lab/workspace/ros_ur_driver/src/install/controller_interface/lib:/home/d-lab/workspace/ros_ur_driver/src/install/hardware_interface/lib:/home/d-lab/workspace/ros_ur_driver/src/install/controller_manager_msgs/lib:/home/d-lab/workspace/ros_ur_driver/src/install/control_msgs/lib:${LD_LIBRARY_PATH} PYTHONPATH=/home/d-lab/workspace/ros_ur_driver/src/install/controller_manager/lib/python3.8/site-packages:/home/d-lab/workspace/ros_ur_driver/src/install/controller_manager_msgs/lib/python3.8/site-packages:/home/d-lab/workspace/ros_ur_driver/src/install/control_msgs/lib/python3.8/site-packages:${PYTHONPATH} /usr/bin/cmake --install /home/d-lab/workspace/ros_ur_driver/src/build/gripper_controllers
[11.243s] -- Install configuration: ""
[11.243s] -- Installing: /home/d-lab/workspace/ros_ur_driver/src/install/gripper_controllers/share/gripper_controllers/ros_control_plugins.xml
[11.243s] -- Installing: /home/d-lab/workspace/ros_ur_driver/src/install/gripper_controllers/include
[11.243s] -- Installing: /home/d-lab/workspace/ros_ur_driver/src/install/gripper_controllers/include/gripper_action_controller.hpp
[11.243s] -- Installing: /home/d-lab/workspace/ros_ur_driver/src/install/gripper_controllers/include/visibility_control.hpp
[11.243s] -- Installing: /home/d-lab/workspace/ros_ur_driver/src/install/gripper_controllers/include/gripper_action_controller_impl.hpp
[11.243s] -- Installing: /home/d-lab/workspace/ros_ur_driver/src/install/gripper_controllers/include/hardware_interface_adapter.hpp
[11.243s] -- Installing: /home/d-lab/workspace/ros_ur_driver/src/install/gripper_controllers/lib/libgripper_action_controller.so
[11.244s] -- Set runtime path of "/home/d-lab/workspace/ros_ur_driver/src/install/gripper_controllers/lib/libgripper_action_controller.so" to ""
[11.244s] -- Installing: /home/d-lab/workspace/ros_ur_driver/src/install/gripper_controllers/share/ament_index/resource_index/package_run_dependencies/gripper_controllers
[11.244s] -- Installing: /home/d-lab/workspace/ros_ur_driver/src/install/gripper_controllers/share/ament_index/resource_index/parent_prefix_path/gripper_controllers
[11.245s] -- Installing: /home/d-lab/workspace/ros_ur_driver/src/install/gripper_controllers/share/gripper_controllers/environment/ament_prefix_path.sh
[11.245s] -- Installing: /home/d-lab/workspace/ros_ur_driver/src/install/gripper_controllers/share/gripper_controllers/environment/ament_prefix_path.dsv
[11.245s] -- Installing: /home/d-lab/workspace/ros_ur_driver/src/install/gripper_controllers/share/gripper_controllers/environment/path.sh
[11.245s] -- Installing: /home/d-lab/workspace/ros_ur_driver/src/install/gripper_controllers/share/gripper_controllers/environment/path.dsv
[11.245s] -- Installing: /home/d-lab/workspace/ros_ur_driver/src/install/gripper_controllers/share/gripper_controllers/local_setup.bash
[11.245s] -- Installing: /home/d-lab/workspace/ros_ur_driver/src/install/gripper_controllers/share/gripper_controllers/local_setup.sh
[11.245s] -- Installing: /home/d-lab/workspace/ros_ur_driver/src/install/gripper_controllers/share/gripper_controllers/local_setup.zsh
[11.245s] -- Installing: /home/d-lab/workspace/ros_ur_driver/src/install/gripper_controllers/share/gripper_controllers/local_setup.dsv
[11.245s] -- Installing: /home/d-lab/workspace/ros_ur_driver/src/install/gripper_controllers/share/gripper_controllers/package.dsv
[11.245s] -- Installing: /home/d-lab/workspace/ros_ur_driver/src/install/gripper_controllers/share/ament_index/resource_index/packages/gripper_controllers
[11.245s] -- Installing: /home/d-lab/workspace/ros_ur_driver/src/install/gripper_controllers/share/ament_index/resource_index/controller_interface__pluginlib__plugin/gripper_controllers
[11.245s] -- Installing: /home/d-lab/workspace/ros_ur_driver/src/install/gripper_controllers/share/gripper_controllers/cmake/gripper_controllersConfig.cmake
[11.246s] -- Installing: /home/d-lab/workspace/ros_ur_driver/src/install/gripper_controllers/share/gripper_controllers/cmake/gripper_controllersConfig-version.cmake
[11.246s] -- Installing: /home/d-lab/workspace/ros_ur_driver/src/install/gripper_controllers/share/gripper_controllers/package.xml
[11.248s] Invoked command in '/home/d-lab/workspace/ros_ur_driver/src/build/gripper_controllers' returned '0': AMENT_PREFIX_PATH=/home/d-lab/workspace/ros_ur_driver/src/install/controller_manager:/home/d-lab/workspace/ros_ur_driver/src/install/controller_interface:/home/d-lab/workspace/ros_ur_driver/src/install/hardware_interface:/home/d-lab/workspace/ros_ur_driver/src/install/ros2_control_test_assets:/home/d-lab/workspace/ros_ur_driver/src/install/controller_manager_msgs:/home/d-lab/workspace/ros_ur_driver/src/install/control_msgs:${AMENT_PREFIX_PATH} CMAKE_PREFIX_PATH=/home/d-lab/workspace/ros_ur_driver/src/install/controller_manager:/home/d-lab/workspace/ros_ur_driver/src/install/controller_interface:/home/d-lab/workspace/ros_ur_driver/src/install/hardware_interface:/home/d-lab/workspace/ros_ur_driver/src/install/ros2_control_test_assets:/home/d-lab/workspace/ros_ur_driver/src/install/controller_manager_msgs:/home/d-lab/workspace/ros_ur_driver/src/install/control_msgs:/opt/ros/foxy LD_LIBRARY_PATH=/home/d-lab/workspace/ros_ur_driver/src/install/controller_manager/lib:/home/d-lab/workspace/ros_ur_driver/src/install/controller_interface/lib:/home/d-lab/workspace/ros_ur_driver/src/install/hardware_interface/lib:/home/d-lab/workspace/ros_ur_driver/src/install/controller_manager_msgs/lib:/home/d-lab/workspace/ros_ur_driver/src/install/control_msgs/lib:${LD_LIBRARY_PATH} PYTHONPATH=/home/d-lab/workspace/ros_ur_driver/src/install/controller_manager/lib/python3.8/site-packages:/home/d-lab/workspace/ros_ur_driver/src/install/controller_manager_msgs/lib/python3.8/site-packages:/home/d-lab/workspace/ros_ur_driver/src/install/control_msgs/lib/python3.8/site-packages:${PYTHONPATH} /usr/bin/cmake --install /home/d-lab/workspace/ros_ur_driver/src/build/gripper_controllers
