[0.329s] Invoking command in '/home/d-lab/workspace/ros_ur_driver/build/warehouse_ros_mongo': CMAKE_PREFIX_PATH=/opt/ros/foxy /usr/bin/cmake --build /home/d-lab/workspace/ros_ur_driver/build/warehouse_ros_mongo -- -j16 -l16
[0.370s] [ 20%] Built target gtest_main
[0.372s] [ 40%] Built target gtest
[0.386s] [ 80%] Built target warehouse_ros_mongo
[0.439s] [100%] Built target test_warehouse_ros_mongo_cpp
[0.462s] Invoked command in '/home/d-lab/workspace/ros_ur_driver/build/warehouse_ros_mongo' returned '0': CMAKE_PREFIX_PATH=/opt/ros/foxy /usr/bin/cmake --build /home/d-lab/workspace/ros_ur_driver/build/warehouse_ros_mongo -- -j16 -l16
[0.525s] Invoking command in '/home/d-lab/workspace/ros_ur_driver/build/warehouse_ros_mongo': CMAKE_PREFIX_PATH=/opt/ros/foxy /usr/bin/cmake --install /home/d-lab/workspace/ros_ur_driver/build/warehouse_ros_mongo
[0.526s] -- Install configuration: "Release"
[0.526s] -- Up-to-date: /home/d-lab/workspace/ros_ur_driver/install/warehouse_ros_mongo/share/warehouse_ros_mongo/environment/pythonpath.sh
[0.526s] -- Up-to-date: /home/d-lab/workspace/ros_ur_driver/install/warehouse_ros_mongo/share/warehouse_ros_mongo/environment/pythonpath.dsv
[0.527s] -- Up-to-date: /home/d-lab/workspace/ros_ur_driver/install/warehouse_ros_mongo/lib/python3.8/site-packages/warehouse_ros_mongo
[0.527s] -- Up-to-date: /home/d-lab/workspace/ros_ur_driver/install/warehouse_ros_mongo/lib/python3.8/site-packages/warehouse_ros_mongo/mongo_wrapper_ros.py
[0.527s] -- Up-to-date: /home/d-lab/workspace/ros_ur_driver/install/warehouse_ros_mongo/lib/python3.8/site-packages/warehouse_ros_mongo/__init__.py
[0.552s] Listing '/home/d-lab/workspace/ros_ur_driver/install/warehouse_ros_mongo/lib/python3.8/site-packages/warehouse_ros_mongo'...
[0.556s] -- Up-to-date: /home/d-lab/workspace/ros_ur_driver/install/warehouse_ros_mongo/lib/warehouse_ros_mongo/mongo_wrapper_ros.py
[0.556s] -- Up-to-date: /home/d-lab/workspace/ros_ur_driver/install/warehouse_ros_mongo/include
[0.557s] -- Up-to-date: /home/d-lab/workspace/ros_ur_driver/install/warehouse_ros_mongo/include/message_collection.h
[0.558s] -- Up-to-date: /home/d-lab/workspace/ros_ur_driver/install/warehouse_ros_mongo/include/metadata.h
[0.559s] -- Up-to-date: /home/d-lab/workspace/ros_ur_driver/install/warehouse_ros_mongo/include/query_results.h
[0.559s] -- Up-to-date: /home/d-lab/workspace/ros_ur_driver/install/warehouse_ros_mongo/include/database_connection.h
[0.560s] -- Up-to-date: /home/d-lab/workspace/ros_ur_driver/install/warehouse_ros_mongo/include/warehouse_ros_mongo/config.h
[0.560s] -- Up-to-date: /home/d-lab/workspace/ros_ur_driver/install/warehouse_ros_mongo/share/warehouse_ros_mongo/warehouse_ros_mongo.launch.py
[0.560s] -- Up-to-date: /home/d-lab/workspace/ros_ur_driver/install/warehouse_ros_mongo/share/warehouse_ros_mongo/cmake/FindMONGODB.cmake
[0.561s] -- Up-to-date: /home/d-lab/workspace/ros_ur_driver/install/warehouse_ros_mongo/lib/libwarehouse_ros_mongo.so
[0.561s] -- Up-to-date: /home/d-lab/workspace/ros_ur_driver/install/warehouse_ros_mongo/share/warehouse_ros_mongo/environment/library_path.sh
[0.561s] -- Up-to-date: /home/d-lab/workspace/ros_ur_driver/install/warehouse_ros_mongo/share/warehouse_ros_mongo/environment/library_path.dsv
[0.561s] -- Up-to-date: /home/d-lab/workspace/ros_ur_driver/install/warehouse_ros_mongo/share/warehouse_ros_mongo/mongo_database_connection_plugin_description.xml
[0.561s] -- Up-to-date: /home/d-lab/workspace/ros_ur_driver/install/warehouse_ros_mongo/share/ament_index/resource_index/package_run_dependencies/warehouse_ros_mongo
[0.562s] -- Up-to-date: /home/d-lab/workspace/ros_ur_driver/install/warehouse_ros_mongo/share/ament_index/resource_index/parent_prefix_path/warehouse_ros_mongo
[0.562s] -- Up-to-date: /home/d-lab/workspace/ros_ur_driver/install/warehouse_ros_mongo/share/warehouse_ros_mongo/environment/ament_prefix_path.sh
[0.562s] -- Up-to-date: /home/d-lab/workspace/ros_ur_driver/install/warehouse_ros_mongo/share/warehouse_ros_mongo/environment/ament_prefix_path.dsv
[0.563s] -- Up-to-date: /home/d-lab/workspace/ros_ur_driver/install/warehouse_ros_mongo/share/warehouse_ros_mongo/environment/path.sh
[0.563s] -- Up-to-date: /home/d-lab/workspace/ros_ur_driver/install/warehouse_ros_mongo/share/warehouse_ros_mongo/environment/path.dsv
[0.565s] -- Up-to-date: /home/d-lab/workspace/ros_ur_driver/install/warehouse_ros_mongo/share/warehouse_ros_mongo/local_setup.bash
[0.566s] -- Up-to-date: /home/d-lab/workspace/ros_ur_driver/install/warehouse_ros_mongo/share/warehouse_ros_mongo/local_setup.sh
[0.566s] -- Up-to-date: /home/d-lab/workspace/ros_ur_driver/install/warehouse_ros_mongo/share/warehouse_ros_mongo/local_setup.zsh
[0.566s] -- Up-to-date: /home/d-lab/workspace/ros_ur_driver/install/warehouse_ros_mongo/share/warehouse_ros_mongo/local_setup.dsv
[0.566s] -- Installing: /home/d-lab/workspace/ros_ur_driver/install/warehouse_ros_mongo/share/warehouse_ros_mongo/package.dsv
[0.567s] -- Up-to-date: /home/d-lab/workspace/ros_ur_driver/install/warehouse_ros_mongo/share/ament_index/resource_index/packages/warehouse_ros_mongo
[0.567s] -- Up-to-date: /home/d-lab/workspace/ros_ur_driver/install/warehouse_ros_mongo/share/ament_index/resource_index/warehouse_ros__pluginlib__plugin/warehouse_ros_mongo
[0.568s] -- Up-to-date: /home/d-lab/workspace/ros_ur_driver/install/warehouse_ros_mongo/share/warehouse_ros_mongo/cmake/export_warehouse_ros_mongoExport.cmake
[0.568s] -- Up-to-date: /home/d-lab/workspace/ros_ur_driver/install/warehouse_ros_mongo/share/warehouse_ros_mongo/cmake/export_warehouse_ros_mongoExport-release.cmake
[0.568s] -- Up-to-date: /home/d-lab/workspace/ros_ur_driver/install/warehouse_ros_mongo/share/warehouse_ros_mongo/cmake/ConfigExtras.cmake
[0.568s] -- Up-to-date: /home/d-lab/workspace/ros_ur_driver/install/warehouse_ros_mongo/share/warehouse_ros_mongo/cmake/ament_cmake_export_targets-extras.cmake
[0.569s] -- Up-to-date: /home/d-lab/workspace/ros_ur_driver/install/warehouse_ros_mongo/share/warehouse_ros_mongo/cmake/ament_cmake_export_dependencies-extras.cmake
[0.569s] -- Up-to-date: /home/d-lab/workspace/ros_ur_driver/install/warehouse_ros_mongo/share/warehouse_ros_mongo/cmake/warehouse_ros_mongoConfig.cmake
[0.569s] -- Up-to-date: /home/d-lab/workspace/ros_ur_driver/install/warehouse_ros_mongo/share/warehouse_ros_mongo/cmake/warehouse_ros_mongoConfig-version.cmake
[0.569s] -- Up-to-date: /home/d-lab/workspace/ros_ur_driver/install/warehouse_ros_mongo/share/warehouse_ros_mongo/package.xml
[0.570s] Invoked command in '/home/d-lab/workspace/ros_ur_driver/build/warehouse_ros_mongo' returned '0': CMAKE_PREFIX_PATH=/opt/ros/foxy /usr/bin/cmake --install /home/d-lab/workspace/ros_ur_driver/build/warehouse_ros_mongo
