-- The C compiler identification is GNU 9.4.0
-- The CXX compiler identification is GNU 9.4.0
-- Check for working C compiler: /usr/bin/cc
-- Check for working C compiler: /usr/bin/cc -- works
-- Detecting C compiler ABI info
-- Detecting C compiler ABI info - done
-- Detecting C compile features
-- Detecting C compile features - done
-- Check for working CXX compiler: /usr/bin/c++
-- Check for working CXX compiler: /usr/bin/c++ -- works
-- Detecting CXX compiler ABI info
-- Detecting CXX compiler ABI info - done
-- Detecting CXX compile features
-- Detecting CXX compile features - done
-- Found moveit_common: 2.2.3 (/home/d-lab/workspace/ros_ur_driver/src/install/moveit_common/share/moveit_common/cmake)
-- Found ament_cmake: 0.9.9 (/opt/ros/foxy/share/ament_cmake/cmake)
-- Found PythonInterp: /usr/bin/python3 (found suitable version "3.8.10", minimum required is "3") 
-- Using PYTHON_EXECUTABLE: /usr/bin/python3
-- Found moveit_msgs: 2.1.0 (/opt/ros/foxy/share/moveit_msgs/cmake)
-- Using all available rosidl_typesupport_c: rosidl_typesupport_fastrtps_c;rosidl_typesupport_introspection_c
-- Found rosidl_adapter: 1.2.1 (/opt/ros/foxy/share/rosidl_adapter/cmake)
-- Found OpenSSL: /usr/lib/x86_64-linux-gnu/libcrypto.so (found version "1.1.1f")  
-- Found FastRTPS: /opt/ros/foxy/include  
-- Using all available rosidl_typesupport_cpp: rosidl_typesupport_fastrtps_cpp;rosidl_typesupport_introspection_cpp
-- Found moveit_core: 2.2.3 (/home/d-lab/workspace/ros_ur_driver/src/install/moveit_core/share/moveit_core/cmake)
-- Found Boost: /usr/lib/x86_64-linux-gnu/cmake/Boost-1.71.0/BoostConfig.cmake (found version "1.71.0") found components: chrono date_time filesystem iostreams program_options regex serialization system thread 
-- Found Boost: /usr/lib/x86_64-linux-gnu/cmake/Boost-1.71.0/BoostConfig.cmake (found version "1.71.0") found components: filesystem 
-- Found rmw_implementation_cmake: 1.0.3 (/opt/ros/foxy/share/rmw_implementation_cmake/cmake)
-- Using RMW implementation 'rmw_fastrtps_cpp' as default
-- Found Threads: TRUE  
-- library: /usr/lib/x86_64-linux-gnu/libcurl.so
-- Found Eigen3: TRUE (found version "3.3.7") 
-- Found moveit_ros_planning: 2.2.3 (/home/d-lab/workspace/ros_ur_driver/src/install/moveit_ros_planning/share/moveit_ros_planning/cmake)
-- Found Boost: /usr/lib/x86_64-linux-gnu/cmake/Boost-1.71.0/BoostConfig.cmake (found version "1.71.0") found components: system filesystem date_time program_options thread chrono 
-- Found Boost: /usr/lib/x86_64-linux-gnu/cmake/Boost-1.71.0/BoostConfig.cmake (found version "1.71.0") found components: thread 
-- Found moveit_ros_warehouse: 2.2.3 (/home/d-lab/workspace/ros_ur_driver/src/install/moveit_ros_warehouse/share/moveit_ros_warehouse/cmake)
-- Found Boost: /usr/lib/x86_64-linux-gnu/cmake/Boost-1.71.0/BoostConfig.cmake (found version "1.71.0") found components: thread system filesystem regex date_time program_options 
-- Found moveit_ros_move_group: 2.2.3 (/home/d-lab/workspace/ros_ur_driver/src/install/moveit_ros_move_group/share/moveit_ros_move_group/cmake)
-- Found Boost: /usr/lib/x86_64-linux-gnu/cmake/Boost-1.71.0/BoostConfig.cmake (found version "1.71.0") found components: system filesystem date_time program_options thread 
-- Found rclpy: 1.0.8 (/opt/ros/foxy/share/rclpy/cmake)
-- Found Boost: /usr/lib/x86_64-linux-gnu/cmake/Boost-1.71.0/BoostConfig.cmake (found version "1.71.0") found components: date_time filesystem program_options system thread 
-- Performing Test COMPILER_HAS_HIDDEN_VISIBILITY
-- Performing Test COMPILER_HAS_HIDDEN_VISIBILITY - Success
-- Performing Test COMPILER_HAS_HIDDEN_INLINE_VISIBILITY
-- Performing Test COMPILER_HAS_HIDDEN_INLINE_VISIBILITY - Success
-- Performing Test COMPILER_HAS_DEPRECATED_ATTR
-- Performing Test COMPILER_HAS_DEPRECATED_ATTR - Success
-- Found ament_cmake_gtest: 0.9.9 (/opt/ros/foxy/share/ament_cmake_gtest/cmake)
-- Found ros_testing: 0.2.1 (/opt/ros/foxy/share/ros_testing/cmake)
-- Found launch_testing_ament_cmake: 0.10.8 (/opt/ros/foxy/share/launch_testing_ament_cmake/cmake)
-- Found python_cmake_module: 0.8.1 (/opt/ros/foxy/share/python_cmake_module/cmake)
-- Found PythonInterp: /usr/bin/python3 (found suitable version "3.8.10", minimum required is "3.5") 
-- Found PythonLibs: /usr/lib/x86_64-linux-gnu/libpython3.8.so (found suitable version "3.8.10", minimum required is "3.5") 
-- Using PYTHON_EXECUTABLE: /usr/bin/python3
-- Using PYTHON_INCLUDE_DIRS: /usr/include/python3.8
-- Using PYTHON_LIBRARIES: /usr/lib/x86_64-linux-gnu/libpython3.8.so
-- Found PythonExtra: .so  
-- Found ament_lint_auto: 0.9.6 (/opt/ros/foxy/share/ament_lint_auto/cmake)
-- Found Boost: /usr/lib/x86_64-linux-gnu/cmake/Boost-1.71.0/BoostConfig.cmake (found version "1.71.0") found components: thread 
-- Configuring done
-- Generating done
-- Build files have been written to: /home/d-lab/workspace/ros_ur_driver/src/build/moveit_ros_planning_interface
[35m[1mScanning dependencies of target moveit_common_planning_interface_objects[0m
[35m[1mScanning dependencies of target moveit_planning_scene_interface[0m
[ 33%] [32mBuilding CXX object planning_scene_interface/CMakeFiles/moveit_planning_scene_interface.dir/src/planning_scene_interface.cpp.o[0m
[ 33%] [32mBuilding CXX object common_planning_interface_objects/CMakeFiles/moveit_common_planning_interface_objects.dir/src/common_objects.cpp.o[0m
[ 50%] [32m[1mLinking CXX shared library libmoveit_common_planning_interface_objects.so[0m
[ 50%] Built target moveit_common_planning_interface_objects
[ 66%] [32m[1mLinking CXX shared library libmoveit_planning_scene_interface.so[0m
[ 66%] Built target moveit_planning_scene_interface
[35m[1mScanning dependencies of target moveit_move_group_interface[0m
[ 83%] [32mBuilding CXX object move_group_interface/CMakeFiles/moveit_move_group_interface.dir/src/move_group_interface.cpp.o[0m
[100%] [32m[1mLinking CXX shared library libmoveit_move_group_interface.so[0m
[100%] Built target moveit_move_group_interface
-- Install configuration: "Release"
-- Installing: /home/d-lab/workspace/ros_ur_driver/src/install/moveit_ros_planning_interface/lib/libmoveit_common_planning_interface_objects.so.2.2.3
-- Set runtime path of "/home/d-lab/workspace/ros_ur_driver/src/install/moveit_ros_planning_interface/lib/libmoveit_common_planning_interface_objects.so.2.2.3" to ""
-- Installing: /home/d-lab/workspace/ros_ur_driver/src/install/moveit_ros_planning_interface/lib/libmoveit_common_planning_interface_objects.so
-- Installing: /home/d-lab/workspace/ros_ur_driver/src/install/moveit_ros_planning_interface/lib/libmoveit_planning_scene_interface.so.2.2.3
-- Set runtime path of "/home/d-lab/workspace/ros_ur_driver/src/install/moveit_ros_planning_interface/lib/libmoveit_planning_scene_interface.so.2.2.3" to ""
-- Installing: /home/d-lab/workspace/ros_ur_driver/src/install/moveit_ros_planning_interface/lib/libmoveit_planning_scene_interface.so
-- Installing: /home/d-lab/workspace/ros_ur_driver/src/install/moveit_ros_planning_interface/lib/libmoveit_move_group_interface.so.2.2.3
-- Set runtime path of "/home/d-lab/workspace/ros_ur_driver/src/install/moveit_ros_planning_interface/lib/libmoveit_move_group_interface.so.2.2.3" to ""
-- Installing: /home/d-lab/workspace/ros_ur_driver/src/install/moveit_ros_planning_interface/lib/libmoveit_move_group_interface.so
-- Installing: /home/d-lab/workspace/ros_ur_driver/src/install/moveit_ros_planning_interface/share/moveit_ros_planning_interface/environment/library_path.sh
-- Installing: /home/d-lab/workspace/ros_ur_driver/src/install/moveit_ros_planning_interface/share/moveit_ros_planning_interface/environment/library_path.dsv
-- Installing: /home/d-lab/workspace/ros_ur_driver/src/install/moveit_ros_planning_interface/share/ament_index/resource_index/package_run_dependencies/moveit_ros_planning_interface
-- Installing: /home/d-lab/workspace/ros_ur_driver/src/install/moveit_ros_planning_interface/share/ament_index/resource_index/parent_prefix_path/moveit_ros_planning_interface
-- Installing: /home/d-lab/workspace/ros_ur_driver/src/install/moveit_ros_planning_interface/share/moveit_ros_planning_interface/environment/ament_prefix_path.sh
-- Installing: /home/d-lab/workspace/ros_ur_driver/src/install/moveit_ros_planning_interface/share/moveit_ros_planning_interface/environment/ament_prefix_path.dsv
-- Installing: /home/d-lab/workspace/ros_ur_driver/src/install/moveit_ros_planning_interface/share/moveit_ros_planning_interface/environment/path.sh
-- Installing: /home/d-lab/workspace/ros_ur_driver/src/install/moveit_ros_planning_interface/share/moveit_ros_planning_interface/environment/path.dsv
-- Installing: /home/d-lab/workspace/ros_ur_driver/src/install/moveit_ros_planning_interface/share/moveit_ros_planning_interface/local_setup.bash
-- Installing: /home/d-lab/workspace/ros_ur_driver/src/install/moveit_ros_planning_interface/share/moveit_ros_planning_interface/local_setup.sh
-- Installing: /home/d-lab/workspace/ros_ur_driver/src/install/moveit_ros_planning_interface/share/moveit_ros_planning_interface/local_setup.zsh
-- Installing: /home/d-lab/workspace/ros_ur_driver/src/install/moveit_ros_planning_interface/share/moveit_ros_planning_interface/local_setup.dsv
-- Installing: /home/d-lab/workspace/ros_ur_driver/src/install/moveit_ros_planning_interface/share/moveit_ros_planning_interface/package.dsv
-- Installing: /home/d-lab/workspace/ros_ur_driver/src/install/moveit_ros_planning_interface/share/ament_index/resource_index/packages/moveit_ros_planning_interface
-- Installing: /home/d-lab/workspace/ros_ur_driver/src/install/moveit_ros_planning_interface/share/moveit_ros_planning_interface/cmake/export_moveit_ros_planning_interfaceExport.cmake
-- Installing: /home/d-lab/workspace/ros_ur_driver/src/install/moveit_ros_planning_interface/share/moveit_ros_planning_interface/cmake/export_moveit_ros_planning_interfaceExport-release.cmake
-- Installing: /home/d-lab/workspace/ros_ur_driver/src/install/moveit_ros_planning_interface/share/moveit_ros_planning_interface/cmake/ConfigExtras.cmake
-- Installing: /home/d-lab/workspace/ros_ur_driver/src/install/moveit_ros_planning_interface/share/moveit_ros_planning_interface/cmake/ament_cmake_export_targets-extras.cmake
-- Installing: /home/d-lab/workspace/ros_ur_driver/src/install/moveit_ros_planning_interface/share/moveit_ros_planning_interface/cmake/ament_cmake_export_dependencies-extras.cmake
-- Installing: /home/d-lab/workspace/ros_ur_driver/src/install/moveit_ros_planning_interface/share/moveit_ros_planning_interface/cmake/moveit_ros_planning_interfaceConfig.cmake
-- Installing: /home/d-lab/workspace/ros_ur_driver/src/install/moveit_ros_planning_interface/share/moveit_ros_planning_interface/cmake/moveit_ros_planning_interfaceConfig-version.cmake
-- Installing: /home/d-lab/workspace/ros_ur_driver/src/install/moveit_ros_planning_interface/share/moveit_ros_planning_interface/package.xml
-- Installing: /home/d-lab/workspace/ros_ur_driver/src/install/moveit_ros_planning_interface/include
-- Installing: /home/d-lab/workspace/ros_ur_driver/src/install/moveit_ros_planning_interface/include/moveit
-- Installing: /home/d-lab/workspace/ros_ur_driver/src/install/moveit_ros_planning_interface/include/moveit/common_planning_interface_objects
-- Installing: /home/d-lab/workspace/ros_ur_driver/src/install/moveit_ros_planning_interface/include/moveit/common_planning_interface_objects/common_objects.h
-- Up-to-date: /home/d-lab/workspace/ros_ur_driver/src/install/moveit_ros_planning_interface/include
-- Up-to-date: /home/d-lab/workspace/ros_ur_driver/src/install/moveit_ros_planning_interface/include/moveit
-- Installing: /home/d-lab/workspace/ros_ur_driver/src/install/moveit_ros_planning_interface/include/moveit/planning_scene_interface
-- Installing: /home/d-lab/workspace/ros_ur_driver/src/install/moveit_ros_planning_interface/include/moveit/planning_scene_interface/planning_scene_interface.h
-- Up-to-date: /home/d-lab/workspace/ros_ur_driver/src/install/moveit_ros_planning_interface/include
-- Up-to-date: /home/d-lab/workspace/ros_ur_driver/src/install/moveit_ros_planning_interface/include/moveit
-- Installing: /home/d-lab/workspace/ros_ur_driver/src/install/moveit_ros_planning_interface/include/moveit/move_group_interface
-- Installing: /home/d-lab/workspace/ros_ur_driver/src/install/moveit_ros_planning_interface/include/moveit/move_group_interface/move_group_interface.h
-- Installing: /home/d-lab/workspace/ros_ur_driver/src/install/moveit_ros_planning_interface/include/moveit_move_group_interface_export.h
