[0.069s] Invoking command in '/home/d-lab/workspace/ros_ur_driver/build/warehouse_ros_mongo': CMAKE_PREFIX_PATH=${CMAKE_PREFIX_PATH}:/home/d-lab/workspace/ros_ur_driver/install/ros2controlcli:/home/d-lab/workspace/ros_ur_driver/install/ros2_control_test_nodes:/opt/ros/foxy /usr/bin/cmake --build /home/d-lab/workspace/ros_ur_driver/build/warehouse_ros_mongo -- -j16 -l16
[0.260s] [ 20%] Built target gtest
[0.261s] [ 40%] Built target gtest_main
[0.261s] [ 80%] Built target warehouse_ros_mongo
[0.261s] [100%] Built target test_warehouse_ros_mongo_cpp
[0.270s] Invoked command in '/home/d-lab/workspace/ros_ur_driver/build/warehouse_ros_mongo' returned '0': CMAKE_PREFIX_PATH=${CMAKE_PREFIX_PATH}:/home/d-lab/workspace/ros_ur_driver/install/ros2controlcli:/home/d-lab/workspace/ros_ur_driver/install/ros2_control_test_nodes:/opt/ros/foxy /usr/bin/cmake --build /home/d-lab/workspace/ros_ur_driver/build/warehouse_ros_mongo -- -j16 -l16
[0.370s] Invoking command in '/home/d-lab/workspace/ros_ur_driver/build/warehouse_ros_mongo': CMAKE_PREFIX_PATH=${CMAKE_PREFIX_PATH}:/home/d-lab/workspace/ros_ur_driver/install/ros2controlcli:/home/d-lab/workspace/ros_ur_driver/install/ros2_control_test_nodes:/opt/ros/foxy /usr/bin/cmake --install /home/d-lab/workspace/ros_ur_driver/build/warehouse_ros_mongo
[0.391s] -- Install configuration: "Release"
[0.392s] -- Up-to-date: /home/d-lab/workspace/ros_ur_driver/install/warehouse_ros_mongo/share/warehouse_ros_mongo/environment/pythonpath.sh
[0.392s] -- Up-to-date: /home/d-lab/workspace/ros_ur_driver/install/warehouse_ros_mongo/share/warehouse_ros_mongo/environment/pythonpath.dsv
[0.392s] -- Up-to-date: /home/d-lab/workspace/ros_ur_driver/install/warehouse_ros_mongo/lib/python3.8/site-packages/warehouse_ros_mongo
[0.392s] -- Up-to-date: /home/d-lab/workspace/ros_ur_driver/install/warehouse_ros_mongo/lib/python3.8/site-packages/warehouse_ros_mongo/mongo_wrapper_ros.py
[0.393s] -- Up-to-date: /home/d-lab/workspace/ros_ur_driver/install/warehouse_ros_mongo/lib/python3.8/site-packages/warehouse_ros_mongo/__init__.py
[0.402s] Listing '/home/d-lab/workspace/ros_ur_driver/install/warehouse_ros_mongo/lib/python3.8/site-packages/warehouse_ros_mongo'...
[0.405s] -- Up-to-date: /home/d-lab/workspace/ros_ur_driver/install/warehouse_ros_mongo/lib/warehouse_ros_mongo/mongo_wrapper_ros.py
[0.406s] -- Up-to-date: /home/d-lab/workspace/ros_ur_driver/install/warehouse_ros_mongo/include
[0.407s] -- Up-to-date: /home/d-lab/workspace/ros_ur_driver/install/warehouse_ros_mongo/include/message_collection.h
[0.408s] -- Up-to-date: /home/d-lab/workspace/ros_ur_driver/install/warehouse_ros_mongo/include/metadata.h
[0.408s] -- Up-to-date: /home/d-lab/workspace/ros_ur_driver/install/warehouse_ros_mongo/include/query_results.h
[0.408s] -- Up-to-date: /home/d-lab/workspace/ros_ur_driver/install/warehouse_ros_mongo/include/database_connection.h
[0.408s] -- Up-to-date: /home/d-lab/workspace/ros_ur_driver/install/warehouse_ros_mongo/include/warehouse_ros_mongo/config.h
[0.408s] -- Up-to-date: /home/d-lab/workspace/ros_ur_driver/install/warehouse_ros_mongo/share/warehouse_ros_mongo/warehouse_ros_mongo.launch.py
[0.408s] -- Up-to-date: /home/d-lab/workspace/ros_ur_driver/install/warehouse_ros_mongo/share/warehouse_ros_mongo/cmake/FindMONGODB.cmake
[0.408s] -- Up-to-date: /home/d-lab/workspace/ros_ur_driver/install/warehouse_ros_mongo/lib/libwarehouse_ros_mongo.so
[0.408s] -- Up-to-date: /home/d-lab/workspace/ros_ur_driver/install/warehouse_ros_mongo/share/warehouse_ros_mongo/environment/library_path.sh
[0.408s] -- Up-to-date: /home/d-lab/workspace/ros_ur_driver/install/warehouse_ros_mongo/share/warehouse_ros_mongo/environment/library_path.dsv
[0.409s] -- Up-to-date: /home/d-lab/workspace/ros_ur_driver/install/warehouse_ros_mongo/share/warehouse_ros_mongo/mongo_database_connection_plugin_description.xml
[0.409s] -- Up-to-date: /home/d-lab/workspace/ros_ur_driver/install/warehouse_ros_mongo/share/ament_index/resource_index/package_run_dependencies/warehouse_ros_mongo
[0.410s] -- Up-to-date: /home/d-lab/workspace/ros_ur_driver/install/warehouse_ros_mongo/share/ament_index/resource_index/parent_prefix_path/warehouse_ros_mongo
[0.411s] -- Up-to-date: /home/d-lab/workspace/ros_ur_driver/install/warehouse_ros_mongo/share/warehouse_ros_mongo/environment/ament_prefix_path.sh
[0.411s] -- Up-to-date: /home/d-lab/workspace/ros_ur_driver/install/warehouse_ros_mongo/share/warehouse_ros_mongo/environment/ament_prefix_path.dsv
[0.411s] -- Up-to-date: /home/d-lab/workspace/ros_ur_driver/install/warehouse_ros_mongo/share/warehouse_ros_mongo/environment/path.sh
[0.411s] -- Up-to-date: /home/d-lab/workspace/ros_ur_driver/install/warehouse_ros_mongo/share/warehouse_ros_mongo/environment/path.dsv
[0.412s] -- Up-to-date: /home/d-lab/workspace/ros_ur_driver/install/warehouse_ros_mongo/share/warehouse_ros_mongo/local_setup.bash
[0.412s] -- Up-to-date: /home/d-lab/workspace/ros_ur_driver/install/warehouse_ros_mongo/share/warehouse_ros_mongo/local_setup.sh
[0.413s] -- Up-to-date: /home/d-lab/workspace/ros_ur_driver/install/warehouse_ros_mongo/share/warehouse_ros_mongo/local_setup.zsh
[0.413s] -- Up-to-date: /home/d-lab/workspace/ros_ur_driver/install/warehouse_ros_mongo/share/warehouse_ros_mongo/local_setup.dsv
[0.414s] -- Installing: /home/d-lab/workspace/ros_ur_driver/install/warehouse_ros_mongo/share/warehouse_ros_mongo/package.dsv
[0.415s] -- Up-to-date: /home/d-lab/workspace/ros_ur_driver/install/warehouse_ros_mongo/share/ament_index/resource_index/packages/warehouse_ros_mongo
[0.415s] -- Up-to-date: /home/d-lab/workspace/ros_ur_driver/install/warehouse_ros_mongo/share/ament_index/resource_index/warehouse_ros__pluginlib__plugin/warehouse_ros_mongo
[0.416s] -- Up-to-date: /home/d-lab/workspace/ros_ur_driver/install/warehouse_ros_mongo/share/warehouse_ros_mongo/cmake/export_warehouse_ros_mongoExport.cmake
[0.417s] -- Up-to-date: /home/d-lab/workspace/ros_ur_driver/install/warehouse_ros_mongo/share/warehouse_ros_mongo/cmake/export_warehouse_ros_mongoExport-release.cmake
[0.417s] -- Up-to-date: /home/d-lab/workspace/ros_ur_driver/install/warehouse_ros_mongo/share/warehouse_ros_mongo/cmake/ConfigExtras.cmake
[0.417s] -- Up-to-date: /home/d-lab/workspace/ros_ur_driver/install/warehouse_ros_mongo/share/warehouse_ros_mongo/cmake/ament_cmake_export_targets-extras.cmake
[0.417s] -- Up-to-date: /home/d-lab/workspace/ros_ur_driver/install/warehouse_ros_mongo/share/warehouse_ros_mongo/cmake/ament_cmake_export_dependencies-extras.cmake
[0.417s] -- Up-to-date: /home/d-lab/workspace/ros_ur_driver/install/warehouse_ros_mongo/share/warehouse_ros_mongo/cmake/warehouse_ros_mongoConfig.cmake
[0.418s] -- Up-to-date: /home/d-lab/workspace/ros_ur_driver/install/warehouse_ros_mongo/share/warehouse_ros_mongo/cmake/warehouse_ros_mongoConfig-version.cmake
[0.418s] -- Up-to-date: /home/d-lab/workspace/ros_ur_driver/install/warehouse_ros_mongo/share/warehouse_ros_mongo/package.xml
[0.472s] Invoked command in '/home/d-lab/workspace/ros_ur_driver/build/warehouse_ros_mongo' returned '0': CMAKE_PREFIX_PATH=${CMAKE_PREFIX_PATH}:/home/d-lab/workspace/ros_ur_driver/install/ros2controlcli:/home/d-lab/workspace/ros_ur_driver/install/ros2_control_test_nodes:/opt/ros/foxy /usr/bin/cmake --install /home/d-lab/workspace/ros_ur_driver/build/warehouse_ros_mongo
