[0.189s] Invoking command in '/home/d-lab/workspace/ros_ur_driver/src/build/eigen3_cmake_module': CMAKE_PREFIX_PATH=/opt/ros/foxy /usr/bin/cmake --build /home/d-lab/workspace/ros_ur_driver/src/build/eigen3_cmake_module -- -j16 -l16
[0.387s] Invoked command in '/home/d-lab/workspace/ros_ur_driver/src/build/eigen3_cmake_module' returned '0': CMAKE_PREFIX_PATH=/opt/ros/foxy /usr/bin/cmake --build /home/d-lab/workspace/ros_ur_driver/src/build/eigen3_cmake_module -- -j16 -l16
[0.411s] Invoking command in '/home/d-lab/workspace/ros_ur_driver/src/build/eigen3_cmake_module': CMAKE_PREFIX_PATH=/opt/ros/foxy /usr/bin/cmake --install /home/d-lab/workspace/ros_ur_driver/src/build/eigen3_cmake_module
[0.439s] -- Install configuration: ""
[0.439s] -- Up-to-date: /home/d-lab/workspace/ros_ur_driver/src/install/eigen3_cmake_module/share/ament_index/resource_index/package_run_dependencies/eigen3_cmake_module
[0.440s] -- Up-to-date: /home/d-lab/workspace/ros_ur_driver/src/install/eigen3_cmake_module/share/ament_index/resource_index/parent_prefix_path/eigen3_cmake_module
[0.440s] -- Up-to-date: /home/d-lab/workspace/ros_ur_driver/src/install/eigen3_cmake_module/share/eigen3_cmake_module/environment/ament_prefix_path.sh
[0.440s] -- Up-to-date: /home/d-lab/workspace/ros_ur_driver/src/install/eigen3_cmake_module/share/eigen3_cmake_module/environment/ament_prefix_path.dsv
[0.441s] -- Up-to-date: /home/d-lab/workspace/ros_ur_driver/src/install/eigen3_cmake_module/share/eigen3_cmake_module/environment/path.sh
[0.442s] -- Up-to-date: /home/d-lab/workspace/ros_ur_driver/src/install/eigen3_cmake_module/share/eigen3_cmake_module/environment/path.dsv
[0.442s] -- Up-to-date: /home/d-lab/workspace/ros_ur_driver/src/install/eigen3_cmake_module/share/eigen3_cmake_module/local_setup.bash
[0.443s] -- Up-to-date: /home/d-lab/workspace/ros_ur_driver/src/install/eigen3_cmake_module/share/eigen3_cmake_module/local_setup.sh
[0.443s] -- Up-to-date: /home/d-lab/workspace/ros_ur_driver/src/install/eigen3_cmake_module/share/eigen3_cmake_module/local_setup.zsh
[0.443s] -- Up-to-date: /home/d-lab/workspace/ros_ur_driver/src/install/eigen3_cmake_module/share/eigen3_cmake_module/local_setup.dsv
[0.444s] -- Installing: /home/d-lab/workspace/ros_ur_driver/src/install/eigen3_cmake_module/share/eigen3_cmake_module/package.dsv
[0.444s] -- Up-to-date: /home/d-lab/workspace/ros_ur_driver/src/install/eigen3_cmake_module/share/ament_index/resource_index/packages/eigen3_cmake_module
[0.444s] -- Up-to-date: /home/d-lab/workspace/ros_ur_driver/src/install/eigen3_cmake_module/share/eigen3_cmake_module/cmake/eigen3_cmake_module-extras.cmake
[0.444s] -- Up-to-date: /home/d-lab/workspace/ros_ur_driver/src/install/eigen3_cmake_module/share/eigen3_cmake_module/cmake/eigen3_cmake_moduleConfig.cmake
[0.445s] -- Up-to-date: /home/d-lab/workspace/ros_ur_driver/src/install/eigen3_cmake_module/share/eigen3_cmake_module/cmake/eigen3_cmake_moduleConfig-version.cmake
[0.445s] -- Up-to-date: /home/d-lab/workspace/ros_ur_driver/src/install/eigen3_cmake_module/share/eigen3_cmake_module/package.xml
[0.445s] -- Up-to-date: /home/d-lab/workspace/ros_ur_driver/src/install/eigen3_cmake_module/share/eigen3_cmake_module/cmake
[0.445s] -- Up-to-date: /home/d-lab/workspace/ros_ur_driver/src/install/eigen3_cmake_module/share/eigen3_cmake_module/cmake/Modules
[0.447s] -- Up-to-date: /home/d-lab/workspace/ros_ur_driver/src/install/eigen3_cmake_module/share/eigen3_cmake_module/cmake/Modules/FindEigen3.cmake
[0.535s] Invoked command in '/home/d-lab/workspace/ros_ur_driver/src/build/eigen3_cmake_module' returned '0': CMAKE_PREFIX_PATH=/opt/ros/foxy /usr/bin/cmake --install /home/d-lab/workspace/ros_ur_driver/src/build/eigen3_cmake_module
