[0.193s] Invoking command in '/home/d-lab/workspace/ros_ur_driver/src/build/move_arm': CMAKE_PREFIX_PATH=/opt/ros/foxy /usr/bin/cmake --build /home/d-lab/workspace/ros_ur_driver/src/build/move_arm -- -j16 -l16
[0.366s] -- Found ament_cmake: 0.9.9 (/opt/ros/foxy/share/ament_cmake/cmake)
[0.366s] -- Using PYTHON_EXECUTABLE: /usr/bin/python3
[0.366s] -- Found rclcpp: 2.4.1 (/opt/ros/foxy/share/rclcpp/cmake)
[0.374s] -- Using all available rosidl_typesupport_c: rosidl_typesupport_fastrtps_c;rosidl_typesupport_introspection_c
[0.375s] -- Found rosidl_adapter: 1.2.1 (/opt/ros/foxy/share/rosidl_adapter/cmake)
[0.506s] -- Using all available rosidl_typesupport_cpp: rosidl_typesupport_fastrtps_cpp;rosidl_typesupport_introspection_cpp
[0.554s] -- Found rmw_implementation_cmake: 1.0.3 (/opt/ros/foxy/share/rmw_implementation_cmake/cmake)
[0.554s] -- Using RMW implementation 'rmw_fastrtps_cpp' as default
[0.637s] CMake Error at CMakeLists.txt:23 (find_package):
[0.637s]   find_package called with invalid argument "REQUIRED_FILES"
[0.638s] 
[0.638s] 
[0.652s] -- Found moveit: 2.2.3 (/opt/ros/foxy/share/moveit/cmake)
[0.652s] -- Found eigen3_cmake_module: 0.1.1 (/opt/ros/foxy/share/eigen3_cmake_module/cmake)
[0.660s] -- Found ament_lint_auto: 0.9.6 (/opt/ros/foxy/share/ament_lint_auto/cmake)
[0.697s] -- Added test 'copyright' to check source files copyright and LICENSE
[0.697s] -- Added test 'cppcheck' to perform static code analysis on C / C++ code
[0.697s] -- Configured cppcheck include dirs: 
[0.698s] -- Configured cppcheck exclude dirs and/or files: 
[0.698s] -- Added test 'cpplint' to check C / C++ code against the Google style
[0.698s] -- Configured cpplint exclude dirs and/or files: 
[0.698s] -- Added test 'lint_cmake' to check CMake code style
[0.698s] -- Added test 'uncrustify' to check C / C++ code style
[0.698s] -- Configured uncrustify additional arguments: 
[0.698s] -- Added test 'xmllint' to check XML markup files
[0.698s] -- Configuring incomplete, errors occurred!
[0.698s] See also "/home/d-lab/workspace/ros_ur_driver/src/build/move_arm/CMakeFiles/CMakeOutput.log".
[0.698s] See also "/home/d-lab/workspace/ros_ur_driver/src/build/move_arm/CMakeFiles/CMakeError.log".
[0.699s] make: *** [Makefile:266: cmake_check_build_system] Error 1
[0.812s] Invoked command in '/home/d-lab/workspace/ros_ur_driver/src/build/move_arm' returned '2': CMAKE_PREFIX_PATH=/opt/ros/foxy /usr/bin/cmake --build /home/d-lab/workspace/ros_ur_driver/src/build/move_arm -- -j16 -l16
