[0.795s] Invoking command in '/home/d-lab/workspace/ros_ur_driver/src/utils': PYTHONPATH=/home/d-lab/workspace/ros_ur_driver/build/utils/prefix_override:/home/d-lab/workspace/ros_ur_driver/install/utils/lib/python3.8/site-packages:${PYTHONPATH} /usr/bin/python3 setup.py egg_info --egg-base ../../build/utils build --build-base /home/d-lab/workspace/ros_ur_driver/build/utils/build install --record /home/d-lab/workspace/ros_ur_driver/build/utils/install.log --single-version-externally-managed
[0.980s] running egg_info
[0.981s] writing ../../build/utils/utils.egg-info/PKG-INFO
[0.982s] writing dependency_links to ../../build/utils/utils.egg-info/dependency_links.txt
[0.982s] writing entry points to ../../build/utils/utils.egg-info/entry_points.txt
[0.982s] writing requirements to ../../build/utils/utils.egg-info/requires.txt
[0.982s] writing top-level names to ../../build/utils/utils.egg-info/top_level.txt
[1.011s] reading manifest file '../../build/utils/utils.egg-info/SOURCES.txt'
[1.011s] writing manifest file '../../build/utils/utils.egg-info/SOURCES.txt'
[1.012s] running build
[1.012s] running build_py
[1.012s] running install
[1.012s] running install_lib
[1.014s] running install_data
[1.014s] running install_egg_info
[1.015s] removing '/home/d-lab/workspace/ros_ur_driver/install/utils/lib/python3.8/site-packages/utils-0.0.0-py3.8.egg-info' (and everything under it)
[1.015s] Copying ../../build/utils/utils.egg-info to /home/d-lab/workspace/ros_ur_driver/install/utils/lib/python3.8/site-packages/utils-0.0.0-py3.8.egg-info
[1.016s] running install_scripts
[1.031s] Installing torque_broadcaster script to /home/d-lab/workspace/ros_ur_driver/install/utils/bin
[1.032s] writing list of installed files to '/home/d-lab/workspace/ros_ur_driver/build/utils/install.log'
[1.057s] Invoked command in '/home/d-lab/workspace/ros_ur_driver/src/utils' returned '0': PYTHONPATH=/home/d-lab/workspace/ros_ur_driver/build/utils/prefix_override:/home/d-lab/workspace/ros_ur_driver/install/utils/lib/python3.8/site-packages:${PYTHONPATH} /usr/bin/python3 setup.py egg_info --egg-base ../../build/utils build --build-base /home/d-lab/workspace/ros_ur_driver/build/utils/build install --record /home/d-lab/workspace/ros_ur_driver/build/utils/install.log --single-version-externally-managed
