[0.024s] Invoking command in '/home/d-lab/workspace/ros_ur_driver/build/moveit_ros_planning': AMENT_PREFIX_PATH=/home/d-lab/workspace/ros_ur_driver/install/moveit_ros_occupancy_map_monitor:/home/d-lab/workspace/ros_ur_driver/install/moveit_core:/home/d-lab/workspace/ros_ur_driver/install/srdfdom:/home/d-lab/workspace/ros_ur_driver/install/moveit_common:${AMENT_PREFIX_PATH} CMAKE_PREFIX_PATH=/home/d-lab/workspace/ros_ur_driver/install/moveit_ros_occupancy_map_monitor:/home/d-lab/workspace/ros_ur_driver/install/moveit_core:/home/d-lab/workspace/ros_ur_driver/install/srdfdom:/home/d-lab/workspace/ros_ur_driver/install/moveit_common:/opt/ros/foxy LD_LIBRARY_PATH=/home/d-lab/workspace/ros_ur_driver/install/moveit_ros_occupancy_map_monitor/lib:/home/d-lab/workspace/ros_ur_driver/install/moveit_core/lib:/home/d-lab/workspace/ros_ur_driver/install/srdfdom/lib:${LD_LIBRARY_PATH} PATH=/home/d-lab/workspace/ros_ur_driver/install/moveit_core/bin:${PATH} PYTHONPATH=/home/d-lab/workspace/ros_ur_driver/install/srdfdom/lib/python3.8/site-packages:${PYTHONPATH} /usr/bin/cmake --build /home/d-lab/workspace/ros_ur_driver/build/moveit_ros_planning -- -j16 -l16
[0.058s] [  4%] Built target gmock
[0.059s] [  8%] Built target gmock_main
[0.069s] [ 11%] Built target moveit_rdf_loader
[0.073s] [ 16%] Built target moveit_planning_pipeline
[0.073s] [ 17%] Built target moveit_collision_plugin_loader
[0.076s] [ 20%] Built target moveit_list_request_adapter_plugins
[0.097s] [ 24%] Built target moveit_kinematics_plugin_loader
[0.098s] [ 27%] Built target moveit_constraint_sampler_manager_loader
[0.109s] [ 43%] Built target moveit_default_planning_request_adapter_plugins
[0.122s] [ 46%] Built target moveit_robot_model_loader
[0.160s] [ 50%] Built target moveit_kinematics_speed_and_validity_evaluator
[0.162s] [ 53%] Built target moveit_evaluate_state_operations_speed
[0.176s] [ 56%] Built target moveit_print_planning_model_info
[0.190s] [ 64%] Built target moveit_planning_scene_monitor
[0.231s] [ 67%] Built target current_state_monitor_tests
[0.235s] [ 70%] Built target demo_scene
[0.236s] [ 74%] Built target moveit_visualize_robot_collision_volume
[0.239s] [ 77%] Built target moveit_display_random_state
[0.241s] [ 80%] Built target moveit_print_planning_scene_info
[0.242s] [ 83%] Built target moveit_publish_scene_from_text
[0.244s] [ 87%] Built target moveit_trajectory_execution_manager
[0.246s] [ 90%] Built target moveit_evaluate_collision_checking_speed
[0.276s] [ 95%] Built target moveit_plan_execution
[0.276s] [100%] Built target moveit_cpp
[0.331s] Invoked command in '/home/d-lab/workspace/ros_ur_driver/build/moveit_ros_planning' returned '0': AMENT_PREFIX_PATH=/home/d-lab/workspace/ros_ur_driver/install/moveit_ros_occupancy_map_monitor:/home/d-lab/workspace/ros_ur_driver/install/moveit_core:/home/d-lab/workspace/ros_ur_driver/install/srdfdom:/home/d-lab/workspace/ros_ur_driver/install/moveit_common:${AMENT_PREFIX_PATH} CMAKE_PREFIX_PATH=/home/d-lab/workspace/ros_ur_driver/install/moveit_ros_occupancy_map_monitor:/home/d-lab/workspace/ros_ur_driver/install/moveit_core:/home/d-lab/workspace/ros_ur_driver/install/srdfdom:/home/d-lab/workspace/ros_ur_driver/install/moveit_common:/opt/ros/foxy LD_LIBRARY_PATH=/home/d-lab/workspace/ros_ur_driver/install/moveit_ros_occupancy_map_monitor/lib:/home/d-lab/workspace/ros_ur_driver/install/moveit_core/lib:/home/d-lab/workspace/ros_ur_driver/install/srdfdom/lib:${LD_LIBRARY_PATH} PATH=/home/d-lab/workspace/ros_ur_driver/install/moveit_core/bin:${PATH} PYTHONPATH=/home/d-lab/workspace/ros_ur_driver/install/srdfdom/lib/python3.8/site-packages:${PYTHONPATH} /usr/bin/cmake --build /home/d-lab/workspace/ros_ur_driver/build/moveit_ros_planning -- -j16 -l16
[0.393s] Invoking command in '/home/d-lab/workspace/ros_ur_driver/build/moveit_ros_planning': AMENT_PREFIX_PATH=/home/d-lab/workspace/ros_ur_driver/install/moveit_ros_occupancy_map_monitor:/home/d-lab/workspace/ros_ur_driver/install/moveit_core:/home/d-lab/workspace/ros_ur_driver/install/srdfdom:/home/d-lab/workspace/ros_ur_driver/install/moveit_common:${AMENT_PREFIX_PATH} CMAKE_PREFIX_PATH=/home/d-lab/workspace/ros_ur_driver/install/moveit_ros_occupancy_map_monitor:/home/d-lab/workspace/ros_ur_driver/install/moveit_core:/home/d-lab/workspace/ros_ur_driver/install/srdfdom:/home/d-lab/workspace/ros_ur_driver/install/moveit_common:/opt/ros/foxy LD_LIBRARY_PATH=/home/d-lab/workspace/ros_ur_driver/install/moveit_ros_occupancy_map_monitor/lib:/home/d-lab/workspace/ros_ur_driver/install/moveit_core/lib:/home/d-lab/workspace/ros_ur_driver/install/srdfdom/lib:${LD_LIBRARY_PATH} PATH=/home/d-lab/workspace/ros_ur_driver/install/moveit_core/bin:${PATH} PYTHONPATH=/home/d-lab/workspace/ros_ur_driver/install/srdfdom/lib/python3.8/site-packages:${PYTHONPATH} /usr/bin/cmake --install /home/d-lab/workspace/ros_ur_driver/build/moveit_ros_planning
[0.403s] -- Install configuration: "Release"
[0.403s] -- Up-to-date: /home/d-lab/workspace/ros_ur_driver/install/moveit_ros_planning/lib/libmoveit_rdf_loader.so.2.2.3
[0.403s] -- Up-to-date: /home/d-lab/workspace/ros_ur_driver/install/moveit_ros_planning/lib/libmoveit_rdf_loader.so
[0.404s] -- Up-to-date: /home/d-lab/workspace/ros_ur_driver/install/moveit_ros_planning/lib/libmoveit_kinematics_plugin_loader.so.2.2.3
[0.404s] -- Up-to-date: /home/d-lab/workspace/ros_ur_driver/install/moveit_ros_planning/lib/libmoveit_kinematics_plugin_loader.so
[0.404s] -- Up-to-date: /home/d-lab/workspace/ros_ur_driver/install/moveit_ros_planning/lib/libmoveit_robot_model_loader.so.2.2.3
[0.404s] -- Up-to-date: /home/d-lab/workspace/ros_ur_driver/install/moveit_ros_planning/lib/libmoveit_robot_model_loader.so
[0.404s] -- Up-to-date: /home/d-lab/workspace/ros_ur_driver/install/moveit_ros_planning/lib/libmoveit_constraint_sampler_manager_loader.so.2.2.3
[0.406s] -- Up-to-date: /home/d-lab/workspace/ros_ur_driver/install/moveit_ros_planning/lib/libmoveit_constraint_sampler_manager_loader.so
[0.406s] -- Up-to-date: /home/d-lab/workspace/ros_ur_driver/install/moveit_ros_planning/lib/libmoveit_planning_pipeline.so.2.2.3
[0.406s] -- Up-to-date: /home/d-lab/workspace/ros_ur_driver/install/moveit_ros_planning/lib/libmoveit_planning_pipeline.so
[0.406s] -- Up-to-date: /home/d-lab/workspace/ros_ur_driver/install/moveit_ros_planning/lib/libmoveit_trajectory_execution_manager.so.2.2.3
[0.406s] -- Up-to-date: /home/d-lab/workspace/ros_ur_driver/install/moveit_ros_planning/lib/libmoveit_trajectory_execution_manager.so
[0.406s] -- Up-to-date: /home/d-lab/workspace/ros_ur_driver/install/moveit_ros_planning/lib/libmoveit_plan_execution.so.2.2.3
[0.406s] -- Up-to-date: /home/d-lab/workspace/ros_ur_driver/install/moveit_ros_planning/lib/libmoveit_plan_execution.so
[0.406s] -- Up-to-date: /home/d-lab/workspace/ros_ur_driver/install/moveit_ros_planning/lib/libmoveit_planning_scene_monitor.so.2.2.3
[0.406s] -- Up-to-date: /home/d-lab/workspace/ros_ur_driver/install/moveit_ros_planning/lib/libmoveit_planning_scene_monitor.so
[0.406s] -- Up-to-date: /home/d-lab/workspace/ros_ur_driver/install/moveit_ros_planning/lib/libmoveit_collision_plugin_loader.so.2.2.3
[0.407s] -- Up-to-date: /home/d-lab/workspace/ros_ur_driver/install/moveit_ros_planning/lib/libmoveit_collision_plugin_loader.so
[0.407s] -- Up-to-date: /home/d-lab/workspace/ros_ur_driver/install/moveit_ros_planning/lib/libmoveit_default_planning_request_adapter_plugins.so.2.2.3
[0.407s] -- Up-to-date: /home/d-lab/workspace/ros_ur_driver/install/moveit_ros_planning/lib/libmoveit_default_planning_request_adapter_plugins.so
[0.407s] -- Up-to-date: /home/d-lab/workspace/ros_ur_driver/install/moveit_ros_planning/lib/libmoveit_cpp.so.2.2.3
[0.407s] -- Up-to-date: /home/d-lab/workspace/ros_ur_driver/install/moveit_ros_planning/lib/libmoveit_cpp.so
[0.407s] -- Up-to-date: /home/d-lab/workspace/ros_ur_driver/install/moveit_ros_planning/share/moveit_ros_planning/environment/library_path.sh
[0.407s] -- Up-to-date: /home/d-lab/workspace/ros_ur_driver/install/moveit_ros_planning/share/moveit_ros_planning/environment/library_path.dsv
[0.407s] -- Up-to-date: /home/d-lab/workspace/ros_ur_driver/install/moveit_ros_planning/share/moveit_ros_planning/planning_request_adapters_plugin_description.xml
[0.408s] -- Up-to-date: /home/d-lab/workspace/ros_ur_driver/install/moveit_ros_planning/share/ament_index/resource_index/package_run_dependencies/moveit_ros_planning
[0.408s] -- Up-to-date: /home/d-lab/workspace/ros_ur_driver/install/moveit_ros_planning/share/ament_index/resource_index/parent_prefix_path/moveit_ros_planning
[0.408s] -- Up-to-date: /home/d-lab/workspace/ros_ur_driver/install/moveit_ros_planning/share/moveit_ros_planning/environment/ament_prefix_path.sh
[0.408s] -- Up-to-date: /home/d-lab/workspace/ros_ur_driver/install/moveit_ros_planning/share/moveit_ros_planning/environment/ament_prefix_path.dsv
[0.408s] -- Up-to-date: /home/d-lab/workspace/ros_ur_driver/install/moveit_ros_planning/share/moveit_ros_planning/environment/path.sh
[0.408s] -- Up-to-date: /home/d-lab/workspace/ros_ur_driver/install/moveit_ros_planning/share/moveit_ros_planning/environment/path.dsv
[0.408s] -- Up-to-date: /home/d-lab/workspace/ros_ur_driver/install/moveit_ros_planning/share/moveit_ros_planning/local_setup.bash
[0.409s] -- Up-to-date: /home/d-lab/workspace/ros_ur_driver/install/moveit_ros_planning/share/moveit_ros_planning/local_setup.sh
[0.409s] -- Up-to-date: /home/d-lab/workspace/ros_ur_driver/install/moveit_ros_planning/share/moveit_ros_planning/local_setup.zsh
[0.409s] -- Up-to-date: /home/d-lab/workspace/ros_ur_driver/install/moveit_ros_planning/share/moveit_ros_planning/local_setup.dsv
[0.409s] -- Installing: /home/d-lab/workspace/ros_ur_driver/install/moveit_ros_planning/share/moveit_ros_planning/package.dsv
[0.410s] -- Up-to-date: /home/d-lab/workspace/ros_ur_driver/install/moveit_ros_planning/share/ament_index/resource_index/packages/moveit_ros_planning
[0.410s] -- Up-to-date: /home/d-lab/workspace/ros_ur_driver/install/moveit_ros_planning/share/ament_index/resource_index/moveit_core__pluginlib__plugin/moveit_ros_planning
[0.410s] -- Up-to-date: /home/d-lab/workspace/ros_ur_driver/install/moveit_ros_planning/share/moveit_ros_planning/cmake/export_moveit_ros_planningExport.cmake
[0.410s] -- Up-to-date: /home/d-lab/workspace/ros_ur_driver/install/moveit_ros_planning/share/moveit_ros_planning/cmake/export_moveit_ros_planningExport-release.cmake
[0.410s] -- Up-to-date: /home/d-lab/workspace/ros_ur_driver/install/moveit_ros_planning/share/moveit_ros_planning/cmake/ConfigExtras.cmake
[0.411s] -- Up-to-date: /home/d-lab/workspace/ros_ur_driver/install/moveit_ros_planning/share/moveit_ros_planning/cmake/ament_cmake_export_targets-extras.cmake
[0.411s] -- Up-to-date: /home/d-lab/workspace/ros_ur_driver/install/moveit_ros_planning/share/moveit_ros_planning/cmake/ament_cmake_export_dependencies-extras.cmake
[0.411s] -- Up-to-date: /home/d-lab/workspace/ros_ur_driver/install/moveit_ros_planning/share/moveit_ros_planning/cmake/moveit_ros_planningConfig.cmake
[0.411s] -- Up-to-date: /home/d-lab/workspace/ros_ur_driver/install/moveit_ros_planning/share/moveit_ros_planning/cmake/moveit_ros_planningConfig-version.cmake
[0.412s] -- Up-to-date: /home/d-lab/workspace/ros_ur_driver/install/moveit_ros_planning/share/moveit_ros_planning/package.xml
[0.412s] -- Up-to-date: /home/d-lab/workspace/ros_ur_driver/install/moveit_ros_planning/include
[0.412s] -- Up-to-date: /home/d-lab/workspace/ros_ur_driver/install/moveit_ros_planning/include/moveit
[0.412s] -- Up-to-date: /home/d-lab/workspace/ros_ur_driver/install/moveit_ros_planning/include/moveit/rdf_loader
[0.412s] -- Up-to-date: /home/d-lab/workspace/ros_ur_driver/install/moveit_ros_planning/include/moveit/rdf_loader/rdf_loader.h
[0.412s] -- Up-to-date: /home/d-lab/workspace/ros_ur_driver/install/moveit_ros_planning/include
[0.412s] -- Up-to-date: /home/d-lab/workspace/ros_ur_driver/install/moveit_ros_planning/include/moveit
[0.413s] -- Up-to-date: /home/d-lab/workspace/ros_ur_driver/install/moveit_ros_planning/include/moveit/collision_plugin_loader
[0.413s] -- Up-to-date: /home/d-lab/workspace/ros_ur_driver/install/moveit_ros_planning/include/moveit/collision_plugin_loader/collision_plugin_loader.h
[0.413s] -- Up-to-date: /home/d-lab/workspace/ros_ur_driver/install/moveit_ros_planning/include
[0.413s] -- Up-to-date: /home/d-lab/workspace/ros_ur_driver/install/moveit_ros_planning/include/moveit
[0.413s] -- Up-to-date: /home/d-lab/workspace/ros_ur_driver/install/moveit_ros_planning/include/moveit/kinematics_plugin_loader
[0.414s] -- Up-to-date: /home/d-lab/workspace/ros_ur_driver/install/moveit_ros_planning/include/moveit/kinematics_plugin_loader/kinematics_plugin_loader.h
[0.414s] -- Up-to-date: /home/d-lab/workspace/ros_ur_driver/install/moveit_ros_planning/include
[0.414s] -- Up-to-date: /home/d-lab/workspace/ros_ur_driver/install/moveit_ros_planning/include/moveit
[0.414s] -- Up-to-date: /home/d-lab/workspace/ros_ur_driver/install/moveit_ros_planning/include/moveit/robot_model_loader
[0.414s] -- Up-to-date: /home/d-lab/workspace/ros_ur_driver/install/moveit_ros_planning/include/moveit/robot_model_loader/robot_model_loader.h
[0.415s] -- Up-to-date: /home/d-lab/workspace/ros_ur_driver/install/moveit_ros_planning/include
[0.415s] -- Up-to-date: /home/d-lab/workspace/ros_ur_driver/install/moveit_ros_planning/include/moveit
[0.415s] -- Up-to-date: /home/d-lab/workspace/ros_ur_driver/install/moveit_ros_planning/include/moveit/constraint_sampler_manager_loader
[0.415s] -- Up-to-date: /home/d-lab/workspace/ros_ur_driver/install/moveit_ros_planning/include/moveit/constraint_sampler_manager_loader/constraint_sampler_manager_loader.h
[0.415s] -- Up-to-date: /home/d-lab/workspace/ros_ur_driver/install/moveit_ros_planning/include
[0.415s] -- Up-to-date: /home/d-lab/workspace/ros_ur_driver/install/moveit_ros_planning/include/moveit
[0.415s] -- Up-to-date: /home/d-lab/workspace/ros_ur_driver/install/moveit_ros_planning/include/moveit/planning_pipeline
[0.415s] -- Up-to-date: /home/d-lab/workspace/ros_ur_driver/install/moveit_ros_planning/include/moveit/planning_pipeline/planning_pipeline.h
[0.415s] -- Up-to-date: /home/d-lab/workspace/ros_ur_driver/install/moveit_ros_planning/include/moveit_planning_pipeline_export.h
[0.415s] -- Up-to-date: /home/d-lab/workspace/ros_ur_driver/install/moveit_ros_planning/lib/moveit_ros_planning/moveit_list_request_adapter_plugins
[0.415s] -- Up-to-date: /home/d-lab/workspace/ros_ur_driver/install/moveit_ros_planning/lib/moveit_ros_planning/demo_scene
[0.416s] -- Up-to-date: /home/d-lab/workspace/ros_ur_driver/install/moveit_ros_planning/include
[0.416s] -- Up-to-date: /home/d-lab/workspace/ros_ur_driver/install/moveit_ros_planning/include/moveit
[0.416s] -- Up-to-date: /home/d-lab/workspace/ros_ur_driver/install/moveit_ros_planning/include/moveit/planning_scene_monitor
[0.416s] -- Up-to-date: /home/d-lab/workspace/ros_ur_driver/install/moveit_ros_planning/include/moveit/planning_scene_monitor/current_state_monitor.h
[0.416s] -- Up-to-date: /home/d-lab/workspace/ros_ur_driver/install/moveit_ros_planning/include/moveit/planning_scene_monitor/current_state_monitor_middleware_handle.hpp
[0.416s] -- Up-to-date: /home/d-lab/workspace/ros_ur_driver/install/moveit_ros_planning/include/moveit/planning_scene_monitor/trajectory_monitor.h
[0.417s] -- Up-to-date: /home/d-lab/workspace/ros_ur_driver/install/moveit_ros_planning/include/moveit/planning_scene_monitor/planning_scene_monitor.h
[0.417s] -- Up-to-date: /home/d-lab/workspace/ros_ur_driver/install/moveit_ros_planning/include/moveit_planning_scene_monitor_export.h
[0.417s] -- Up-to-date: /home/d-lab/workspace/ros_ur_driver/install/moveit_ros_planning/lib/moveit_ros_planning/moveit_print_planning_model_info
[0.417s] -- Up-to-date: /home/d-lab/workspace/ros_ur_driver/install/moveit_ros_planning/lib/moveit_ros_planning/moveit_print_planning_scene_info
[0.417s] -- Up-to-date: /home/d-lab/workspace/ros_ur_driver/install/moveit_ros_planning/lib/moveit_ros_planning/moveit_display_random_state
[0.418s] -- Up-to-date: /home/d-lab/workspace/ros_ur_driver/install/moveit_ros_planning/lib/moveit_ros_planning/moveit_visualize_robot_collision_volume
[0.418s] -- Up-to-date: /home/d-lab/workspace/ros_ur_driver/install/moveit_ros_planning/lib/moveit_ros_planning/moveit_evaluate_collision_checking_speed
[0.418s] -- Up-to-date: /home/d-lab/workspace/ros_ur_driver/install/moveit_ros_planning/lib/moveit_ros_planning/moveit_evaluate_state_operations_speed
[0.418s] -- Up-to-date: /home/d-lab/workspace/ros_ur_driver/install/moveit_ros_planning/lib/moveit_ros_planning/moveit_kinematics_speed_and_validity_evaluator
[0.418s] -- Up-to-date: /home/d-lab/workspace/ros_ur_driver/install/moveit_ros_planning/lib/moveit_ros_planning/moveit_publish_scene_from_text
[0.419s] -- Up-to-date: /home/d-lab/workspace/ros_ur_driver/install/moveit_ros_planning/include
[0.419s] -- Up-to-date: /home/d-lab/workspace/ros_ur_driver/install/moveit_ros_planning/include/moveit
[0.419s] -- Up-to-date: /home/d-lab/workspace/ros_ur_driver/install/moveit_ros_planning/include/moveit/trajectory_execution_manager
[0.419s] -- Up-to-date: /home/d-lab/workspace/ros_ur_driver/install/moveit_ros_planning/include/moveit/trajectory_execution_manager/trajectory_execution_manager.h
[0.420s] -- Up-to-date: /home/d-lab/workspace/ros_ur_driver/install/moveit_ros_planning/include/moveit_trajectory_execution_manager_export.h
[0.420s] -- Up-to-date: /home/d-lab/workspace/ros_ur_driver/install/moveit_ros_planning/include
[0.420s] -- Up-to-date: /home/d-lab/workspace/ros_ur_driver/install/moveit_ros_planning/include/moveit
[0.420s] -- Up-to-date: /home/d-lab/workspace/ros_ur_driver/install/moveit_ros_planning/include/moveit/plan_execution
[0.420s] -- Up-to-date: /home/d-lab/workspace/ros_ur_driver/install/moveit_ros_planning/include/moveit/plan_execution/plan_execution.h
[0.420s] -- Up-to-date: /home/d-lab/workspace/ros_ur_driver/install/moveit_ros_planning/include/moveit/plan_execution/plan_with_sensing.h
[0.420s] -- Up-to-date: /home/d-lab/workspace/ros_ur_driver/install/moveit_ros_planning/include/moveit/plan_execution/plan_representation.h
[0.421s] -- Up-to-date: /home/d-lab/workspace/ros_ur_driver/install/moveit_ros_planning/include
[0.421s] -- Up-to-date: /home/d-lab/workspace/ros_ur_driver/install/moveit_ros_planning/include/moveit
[0.421s] -- Up-to-date: /home/d-lab/workspace/ros_ur_driver/install/moveit_ros_planning/include/moveit/moveit_cpp
[0.421s] -- Up-to-date: /home/d-lab/workspace/ros_ur_driver/install/moveit_ros_planning/include/moveit/moveit_cpp/planning_component.h
[0.421s] -- Up-to-date: /home/d-lab/workspace/ros_ur_driver/install/moveit_ros_planning/include/moveit/moveit_cpp/moveit_cpp.h
[0.447s] Invoked command in '/home/d-lab/workspace/ros_ur_driver/build/moveit_ros_planning' returned '0': AMENT_PREFIX_PATH=/home/d-lab/workspace/ros_ur_driver/install/moveit_ros_occupancy_map_monitor:/home/d-lab/workspace/ros_ur_driver/install/moveit_core:/home/d-lab/workspace/ros_ur_driver/install/srdfdom:/home/d-lab/workspace/ros_ur_driver/install/moveit_common:${AMENT_PREFIX_PATH} CMAKE_PREFIX_PATH=/home/d-lab/workspace/ros_ur_driver/install/moveit_ros_occupancy_map_monitor:/home/d-lab/workspace/ros_ur_driver/install/moveit_core:/home/d-lab/workspace/ros_ur_driver/install/srdfdom:/home/d-lab/workspace/ros_ur_driver/install/moveit_common:/opt/ros/foxy LD_LIBRARY_PATH=/home/d-lab/workspace/ros_ur_driver/install/moveit_ros_occupancy_map_monitor/lib:/home/d-lab/workspace/ros_ur_driver/install/moveit_core/lib:/home/d-lab/workspace/ros_ur_driver/install/srdfdom/lib:${LD_LIBRARY_PATH} PATH=/home/d-lab/workspace/ros_ur_driver/install/moveit_core/bin:${PATH} PYTHONPATH=/home/d-lab/workspace/ros_ur_driver/install/srdfdom/lib/python3.8/site-packages:${PYTHONPATH} /usr/bin/cmake --install /home/d-lab/workspace/ros_ur_driver/build/moveit_ros_planning
