[0.438s] Invoking command in '/home/d-lab/workspace/ros_ur_driver/build/gripper_controllers': AMENT_PREFIX_PATH=/home/d-lab/workspace/ros_ur_driver/install/controller_manager:/home/d-lab/workspace/ros_ur_driver/install/controller_interface:/home/d-lab/workspace/ros_ur_driver/install/hardware_interface:/home/d-lab/workspace/ros_ur_driver/install/ros2_control_test_assets:/home/d-lab/workspace/ros_ur_driver/install/controller_manager_msgs:/home/d-lab/workspace/ros_ur_driver/install/control_msgs:${AMENT_PREFIX_PATH} CMAKE_PREFIX_PATH=/home/d-lab/workspace/ros_ur_driver/install/controller_manager:/home/d-lab/workspace/ros_ur_driver/install/controller_interface:/home/d-lab/workspace/ros_ur_driver/install/hardware_interface:/home/d-lab/workspace/ros_ur_driver/install/ros2_control_test_assets:/home/d-lab/workspace/ros_ur_driver/install/controller_manager_msgs:/home/d-lab/workspace/ros_ur_driver/install/control_msgs:/opt/ros/foxy LD_LIBRARY_PATH=/home/d-lab/workspace/ros_ur_driver/install/controller_manager/lib:/home/d-lab/workspace/ros_ur_driver/install/controller_interface/lib:/home/d-lab/workspace/ros_ur_driver/install/hardware_interface/lib:/home/d-lab/workspace/ros_ur_driver/install/controller_manager_msgs/lib:/home/d-lab/workspace/ros_ur_driver/install/control_msgs/lib:${LD_LIBRARY_PATH} PYTHONPATH=/home/d-lab/workspace/ros_ur_driver/install/controller_manager/lib/python3.8/site-packages:/home/d-lab/workspace/ros_ur_driver/install/controller_manager_msgs/lib/python3.8/site-packages:/home/d-lab/workspace/ros_ur_driver/install/control_msgs/lib/python3.8/site-packages:${PYTHONPATH} /usr/bin/cmake --build /home/d-lab/workspace/ros_ur_driver/build/gripper_controllers -- -j16 -l16
[0.580s] [ 22%] Built target gmock_main
[0.586s] [ 33%] [32mBuilding CXX object CMakeFiles/gripper_action_controller.dir/src/gripper_action_controller.cpp.o[0m
[0.592s] [ 66%] Built target gmock
[0.648s] [ 77%] [32mBuilding CXX object CMakeFiles/test_load_gripper_action_controllers.dir/test/test_load_gripper_action_controllers.cpp.o[0m
[6.912s] [ 88%] [32m[1mLinking CXX executable test_load_gripper_action_controllers[0m
[7.132s] [ 88%] Built target test_load_gripper_action_controllers
[9.091s] [100%] [32m[1mLinking CXX shared library libgripper_action_controller.so[0m
[9.262s] [100%] Built target gripper_action_controller
[9.274s] Invoked command in '/home/d-lab/workspace/ros_ur_driver/build/gripper_controllers' returned '0': AMENT_PREFIX_PATH=/home/d-lab/workspace/ros_ur_driver/install/controller_manager:/home/d-lab/workspace/ros_ur_driver/install/controller_interface:/home/d-lab/workspace/ros_ur_driver/install/hardware_interface:/home/d-lab/workspace/ros_ur_driver/install/ros2_control_test_assets:/home/d-lab/workspace/ros_ur_driver/install/controller_manager_msgs:/home/d-lab/workspace/ros_ur_driver/install/control_msgs:${AMENT_PREFIX_PATH} CMAKE_PREFIX_PATH=/home/d-lab/workspace/ros_ur_driver/install/controller_manager:/home/d-lab/workspace/ros_ur_driver/install/controller_interface:/home/d-lab/workspace/ros_ur_driver/install/hardware_interface:/home/d-lab/workspace/ros_ur_driver/install/ros2_control_test_assets:/home/d-lab/workspace/ros_ur_driver/install/controller_manager_msgs:/home/d-lab/workspace/ros_ur_driver/install/control_msgs:/opt/ros/foxy LD_LIBRARY_PATH=/home/d-lab/workspace/ros_ur_driver/install/controller_manager/lib:/home/d-lab/workspace/ros_ur_driver/install/controller_interface/lib:/home/d-lab/workspace/ros_ur_driver/install/hardware_interface/lib:/home/d-lab/workspace/ros_ur_driver/install/controller_manager_msgs/lib:/home/d-lab/workspace/ros_ur_driver/install/control_msgs/lib:${LD_LIBRARY_PATH} PYTHONPATH=/home/d-lab/workspace/ros_ur_driver/install/controller_manager/lib/python3.8/site-packages:/home/d-lab/workspace/ros_ur_driver/install/controller_manager_msgs/lib/python3.8/site-packages:/home/d-lab/workspace/ros_ur_driver/install/control_msgs/lib/python3.8/site-packages:${PYTHONPATH} /usr/bin/cmake --build /home/d-lab/workspace/ros_ur_driver/build/gripper_controllers -- -j16 -l16
[9.309s] Invoking command in '/home/d-lab/workspace/ros_ur_driver/build/gripper_controllers': AMENT_PREFIX_PATH=/home/d-lab/workspace/ros_ur_driver/install/controller_manager:/home/d-lab/workspace/ros_ur_driver/install/controller_interface:/home/d-lab/workspace/ros_ur_driver/install/hardware_interface:/home/d-lab/workspace/ros_ur_driver/install/ros2_control_test_assets:/home/d-lab/workspace/ros_ur_driver/install/controller_manager_msgs:/home/d-lab/workspace/ros_ur_driver/install/control_msgs:${AMENT_PREFIX_PATH} CMAKE_PREFIX_PATH=/home/d-lab/workspace/ros_ur_driver/install/controller_manager:/home/d-lab/workspace/ros_ur_driver/install/controller_interface:/home/d-lab/workspace/ros_ur_driver/install/hardware_interface:/home/d-lab/workspace/ros_ur_driver/install/ros2_control_test_assets:/home/d-lab/workspace/ros_ur_driver/install/controller_manager_msgs:/home/d-lab/workspace/ros_ur_driver/install/control_msgs:/opt/ros/foxy LD_LIBRARY_PATH=/home/d-lab/workspace/ros_ur_driver/install/controller_manager/lib:/home/d-lab/workspace/ros_ur_driver/install/controller_interface/lib:/home/d-lab/workspace/ros_ur_driver/install/hardware_interface/lib:/home/d-lab/workspace/ros_ur_driver/install/controller_manager_msgs/lib:/home/d-lab/workspace/ros_ur_driver/install/control_msgs/lib:${LD_LIBRARY_PATH} PYTHONPATH=/home/d-lab/workspace/ros_ur_driver/install/controller_manager/lib/python3.8/site-packages:/home/d-lab/workspace/ros_ur_driver/install/controller_manager_msgs/lib/python3.8/site-packages:/home/d-lab/workspace/ros_ur_driver/install/control_msgs/lib/python3.8/site-packages:${PYTHONPATH} /usr/bin/cmake --install /home/d-lab/workspace/ros_ur_driver/build/gripper_controllers
[9.318s] -- Install configuration: "Release"
[9.319s] -- Installing: /home/d-lab/workspace/ros_ur_driver/install/gripper_controllers/share/gripper_controllers/ros_control_plugins.xml
[9.319s] -- Up-to-date: /home/d-lab/workspace/ros_ur_driver/install/gripper_controllers/include
[9.319s] -- Installing: /home/d-lab/workspace/ros_ur_driver/install/gripper_controllers/include/gripper_action_controller.hpp
[9.319s] -- Installing: /home/d-lab/workspace/ros_ur_driver/install/gripper_controllers/include/visibility_control.hpp
[9.319s] -- Installing: /home/d-lab/workspace/ros_ur_driver/install/gripper_controllers/include/gripper_action_controller_impl.hpp
[9.319s] -- Installing: /home/d-lab/workspace/ros_ur_driver/install/gripper_controllers/include/hardware_interface_adapter.hpp
[9.319s] -- Installing: /home/d-lab/workspace/ros_ur_driver/install/gripper_controllers/lib/libgripper_action_controller.so
[9.320s] -- Set runtime path of "/home/d-lab/workspace/ros_ur_driver/install/gripper_controllers/lib/libgripper_action_controller.so" to ""
[9.320s] -- Up-to-date: /home/d-lab/workspace/ros_ur_driver/install/gripper_controllers/share/ament_index/resource_index/package_run_dependencies/gripper_controllers
[9.320s] -- Installing: /home/d-lab/workspace/ros_ur_driver/install/gripper_controllers/share/ament_index/resource_index/parent_prefix_path/gripper_controllers
[9.320s] -- Up-to-date: /home/d-lab/workspace/ros_ur_driver/install/gripper_controllers/share/gripper_controllers/environment/ament_prefix_path.sh
[9.321s] -- Installing: /home/d-lab/workspace/ros_ur_driver/install/gripper_controllers/share/gripper_controllers/environment/ament_prefix_path.dsv
[9.321s] -- Up-to-date: /home/d-lab/workspace/ros_ur_driver/install/gripper_controllers/share/gripper_controllers/environment/path.sh
[9.321s] -- Installing: /home/d-lab/workspace/ros_ur_driver/install/gripper_controllers/share/gripper_controllers/environment/path.dsv
[9.321s] -- Up-to-date: /home/d-lab/workspace/ros_ur_driver/install/gripper_controllers/share/gripper_controllers/local_setup.bash
[9.321s] -- Up-to-date: /home/d-lab/workspace/ros_ur_driver/install/gripper_controllers/share/gripper_controllers/local_setup.sh
[9.321s] -- Up-to-date: /home/d-lab/workspace/ros_ur_driver/install/gripper_controllers/share/gripper_controllers/local_setup.zsh
[9.322s] -- Installing: /home/d-lab/workspace/ros_ur_driver/install/gripper_controllers/share/gripper_controllers/local_setup.dsv
[9.322s] -- Installing: /home/d-lab/workspace/ros_ur_driver/install/gripper_controllers/share/gripper_controllers/package.dsv
[9.322s] -- Up-to-date: /home/d-lab/workspace/ros_ur_driver/install/gripper_controllers/share/ament_index/resource_index/packages/gripper_controllers
[9.322s] -- Up-to-date: /home/d-lab/workspace/ros_ur_driver/install/gripper_controllers/share/ament_index/resource_index/controller_interface__pluginlib__plugin/gripper_controllers
[9.322s] -- Installing: /home/d-lab/workspace/ros_ur_driver/install/gripper_controllers/share/gripper_controllers/cmake/gripper_controllersConfig.cmake
[9.322s] -- Installing: /home/d-lab/workspace/ros_ur_driver/install/gripper_controllers/share/gripper_controllers/cmake/gripper_controllersConfig-version.cmake
[9.322s] -- Installing: /home/d-lab/workspace/ros_ur_driver/install/gripper_controllers/share/gripper_controllers/package.xml
[9.325s] Invoked command in '/home/d-lab/workspace/ros_ur_driver/build/gripper_controllers' returned '0': AMENT_PREFIX_PATH=/home/d-lab/workspace/ros_ur_driver/install/controller_manager:/home/d-lab/workspace/ros_ur_driver/install/controller_interface:/home/d-lab/workspace/ros_ur_driver/install/hardware_interface:/home/d-lab/workspace/ros_ur_driver/install/ros2_control_test_assets:/home/d-lab/workspace/ros_ur_driver/install/controller_manager_msgs:/home/d-lab/workspace/ros_ur_driver/install/control_msgs:${AMENT_PREFIX_PATH} CMAKE_PREFIX_PATH=/home/d-lab/workspace/ros_ur_driver/install/controller_manager:/home/d-lab/workspace/ros_ur_driver/install/controller_interface:/home/d-lab/workspace/ros_ur_driver/install/hardware_interface:/home/d-lab/workspace/ros_ur_driver/install/ros2_control_test_assets:/home/d-lab/workspace/ros_ur_driver/install/controller_manager_msgs:/home/d-lab/workspace/ros_ur_driver/install/control_msgs:/opt/ros/foxy LD_LIBRARY_PATH=/home/d-lab/workspace/ros_ur_driver/install/controller_manager/lib:/home/d-lab/workspace/ros_ur_driver/install/controller_interface/lib:/home/d-lab/workspace/ros_ur_driver/install/hardware_interface/lib:/home/d-lab/workspace/ros_ur_driver/install/controller_manager_msgs/lib:/home/d-lab/workspace/ros_ur_driver/install/control_msgs/lib:${LD_LIBRARY_PATH} PYTHONPATH=/home/d-lab/workspace/ros_ur_driver/install/controller_manager/lib/python3.8/site-packages:/home/d-lab/workspace/ros_ur_driver/install/controller_manager_msgs/lib/python3.8/site-packages:/home/d-lab/workspace/ros_ur_driver/install/control_msgs/lib/python3.8/site-packages:${PYTHONPATH} /usr/bin/cmake --install /home/d-lab/workspace/ros_ur_driver/build/gripper_controllers
