[0.074s] Invoking command in '/home/d-lab/workspace/ros_ur_driver/build/graph_msgs': CMAKE_PREFIX_PATH=/opt/ros/foxy /usr/bin/cmake --build /home/d-lab/workspace/ros_ur_driver/build/graph_msgs -- -j16 -l16
[0.531s] [  2%] Built target graph_msgs__cpp
[0.532s] [ 12%] Built target graph_msgs__rosidl_generator_c
[0.532s] [ 23%] Built target graph_msgs__rosidl_typesupport_cpp
[0.533s] [ 33%] Built target graph_msgs__rosidl_typesupport_introspection_cpp
[0.534s] [ 51%] Built target graph_msgs__rosidl_typesupport_fastrtps_cpp
[0.534s] [ 53%] Built target graph_msgs__rosidl_typesupport_c
[0.534s] [ 64%] Built target graph_msgs__rosidl_typesupport_introspection_c
[0.535s] [ 74%] Built target graph_msgs__rosidl_typesupport_fastrtps_c
[0.535s] [ 74%] Built target graph_msgs
[0.536s] [ 76%] Built target graph_msgs__py
[0.536s] [ 84%] Built target graph_msgs__python
[0.537s] [ 89%] Built target graph_msgs__rosidl_typesupport_introspection_c__pyext
[0.538s] [ 94%] Built target graph_msgs__rosidl_typesupport_c__pyext
[0.538s] [100%] Built target graph_msgs__rosidl_typesupport_fastrtps_c__pyext
[0.573s] Invoked command in '/home/d-lab/workspace/ros_ur_driver/build/graph_msgs' returned '0': CMAKE_PREFIX_PATH=/opt/ros/foxy /usr/bin/cmake --build /home/d-lab/workspace/ros_ur_driver/build/graph_msgs -- -j16 -l16
[0.742s] Invoking command in '/home/d-lab/workspace/ros_ur_driver/build/graph_msgs': CMAKE_PREFIX_PATH=/opt/ros/foxy /usr/bin/cmake --install /home/d-lab/workspace/ros_ur_driver/build/graph_msgs
[0.770s] -- Install configuration: "Release"
[0.770s] -- Up-to-date: /home/d-lab/workspace/ros_ur_driver/install/graph_msgs/share/ament_index/resource_index/rosidl_interfaces/graph_msgs
[0.770s] -- Up-to-date: /home/d-lab/workspace/ros_ur_driver/install/graph_msgs/include/graph_msgs
[0.770s] -- Up-to-date: /home/d-lab/workspace/ros_ur_driver/install/graph_msgs/include/graph_msgs/msg
[0.770s] -- Up-to-date: /home/d-lab/workspace/ros_ur_driver/install/graph_msgs/include/graph_msgs/msg/rosidl_generator_c__visibility_control.h
[0.771s] -- Up-to-date: /home/d-lab/workspace/ros_ur_driver/install/graph_msgs/include/graph_msgs/msg/geometry_graph.h
[0.771s] -- Up-to-date: /home/d-lab/workspace/ros_ur_driver/install/graph_msgs/include/graph_msgs/msg/edges.h
[0.772s] -- Up-to-date: /home/d-lab/workspace/ros_ur_driver/install/graph_msgs/include/graph_msgs/msg/detail
[0.772s] -- Up-to-date: /home/d-lab/workspace/ros_ur_driver/install/graph_msgs/include/graph_msgs/msg/detail/edges__functions.c
[0.772s] -- Up-to-date: /home/d-lab/workspace/ros_ur_driver/install/graph_msgs/include/graph_msgs/msg/detail/geometry_graph__functions.c
[0.772s] -- Up-to-date: /home/d-lab/workspace/ros_ur_driver/install/graph_msgs/include/graph_msgs/msg/detail/geometry_graph__type_support.h
[0.773s] -- Up-to-date: /home/d-lab/workspace/ros_ur_driver/install/graph_msgs/include/graph_msgs/msg/detail/edges__struct.h
[0.773s] -- Up-to-date: /home/d-lab/workspace/ros_ur_driver/install/graph_msgs/include/graph_msgs/msg/detail/geometry_graph__struct.h
[0.773s] -- Up-to-date: /home/d-lab/workspace/ros_ur_driver/install/graph_msgs/include/graph_msgs/msg/detail/edges__type_support.h
[0.774s] -- Up-to-date: /home/d-lab/workspace/ros_ur_driver/install/graph_msgs/include/graph_msgs/msg/detail/geometry_graph__functions.h
[0.774s] -- Up-to-date: /home/d-lab/workspace/ros_ur_driver/install/graph_msgs/include/graph_msgs/msg/detail/edges__functions.h
[0.775s] -- Up-to-date: /home/d-lab/workspace/ros_ur_driver/install/graph_msgs/share/graph_msgs/environment/library_path.sh
[0.775s] -- Up-to-date: /home/d-lab/workspace/ros_ur_driver/install/graph_msgs/share/graph_msgs/environment/library_path.dsv
[0.775s] -- Up-to-date: /home/d-lab/workspace/ros_ur_driver/install/graph_msgs/lib/libgraph_msgs__rosidl_generator_c.so
[0.776s] -- Up-to-date: /home/d-lab/workspace/ros_ur_driver/install/graph_msgs/include/graph_msgs
[0.776s] -- Up-to-date: /home/d-lab/workspace/ros_ur_driver/install/graph_msgs/include/graph_msgs/msg
[0.777s] -- Up-to-date: /home/d-lab/workspace/ros_ur_driver/install/graph_msgs/include/graph_msgs/msg/rosidl_typesupport_fastrtps_c__visibility_control.h
[0.777s] -- Up-to-date: /home/d-lab/workspace/ros_ur_driver/install/graph_msgs/include/graph_msgs/msg/detail
[0.778s] -- Up-to-date: /home/d-lab/workspace/ros_ur_driver/install/graph_msgs/include/graph_msgs/msg/detail/edges__rosidl_typesupport_fastrtps_c.h
[0.778s] -- Up-to-date: /home/d-lab/workspace/ros_ur_driver/install/graph_msgs/include/graph_msgs/msg/detail/geometry_graph__rosidl_typesupport_fastrtps_c.h
[0.778s] -- Up-to-date: /home/d-lab/workspace/ros_ur_driver/install/graph_msgs/lib/libgraph_msgs__rosidl_typesupport_fastrtps_c.so
[0.778s] -- Up-to-date: /home/d-lab/workspace/ros_ur_driver/install/graph_msgs/include/graph_msgs
[0.779s] -- Up-to-date: /home/d-lab/workspace/ros_ur_driver/install/graph_msgs/include/graph_msgs/msg
[0.779s] -- Up-to-date: /home/d-lab/workspace/ros_ur_driver/install/graph_msgs/include/graph_msgs/msg/rosidl_typesupport_fastrtps_cpp__visibility_control.h
[0.780s] -- Up-to-date: /home/d-lab/workspace/ros_ur_driver/install/graph_msgs/include/graph_msgs/msg/detail
[0.780s] -- Up-to-date: /home/d-lab/workspace/ros_ur_driver/install/graph_msgs/include/graph_msgs/msg/detail/edges__rosidl_typesupport_fastrtps_cpp.hpp
[0.780s] -- Up-to-date: /home/d-lab/workspace/ros_ur_driver/install/graph_msgs/include/graph_msgs/msg/detail/dds_fastrtps
[0.781s] -- Up-to-date: /home/d-lab/workspace/ros_ur_driver/install/graph_msgs/include/graph_msgs/msg/detail/geometry_graph__rosidl_typesupport_fastrtps_cpp.hpp
[0.781s] -- Up-to-date: /home/d-lab/workspace/ros_ur_driver/install/graph_msgs/lib/libgraph_msgs__rosidl_typesupport_fastrtps_cpp.so
[0.781s] -- Up-to-date: /home/d-lab/workspace/ros_ur_driver/install/graph_msgs/include/graph_msgs
[0.783s] -- Up-to-date: /home/d-lab/workspace/ros_ur_driver/install/graph_msgs/include/graph_msgs/msg
[0.784s] -- Up-to-date: /home/d-lab/workspace/ros_ur_driver/install/graph_msgs/include/graph_msgs/msg/rosidl_typesupport_introspection_c__visibility_control.h
[0.784s] -- Up-to-date: /home/d-lab/workspace/ros_ur_driver/install/graph_msgs/include/graph_msgs/msg/detail
[0.785s] -- Up-to-date: /home/d-lab/workspace/ros_ur_driver/install/graph_msgs/include/graph_msgs/msg/detail/edges__type_support.c
[0.786s] -- Up-to-date: /home/d-lab/workspace/ros_ur_driver/install/graph_msgs/include/graph_msgs/msg/detail/edges__rosidl_typesupport_introspection_c.h
[0.786s] -- Up-to-date: /home/d-lab/workspace/ros_ur_driver/install/graph_msgs/include/graph_msgs/msg/detail/geometry_graph__rosidl_typesupport_introspection_c.h
[0.787s] -- Up-to-date: /home/d-lab/workspace/ros_ur_driver/install/graph_msgs/include/graph_msgs/msg/detail/geometry_graph__type_support.c
[0.788s] -- Up-to-date: /home/d-lab/workspace/ros_ur_driver/install/graph_msgs/lib/libgraph_msgs__rosidl_typesupport_introspection_c.so
[0.790s] -- Up-to-date: /home/d-lab/workspace/ros_ur_driver/install/graph_msgs/lib/libgraph_msgs__rosidl_typesupport_c.so
[0.790s] -- Up-to-date: /home/d-lab/workspace/ros_ur_driver/install/graph_msgs/include/graph_msgs
[0.792s] -- Up-to-date: /home/d-lab/workspace/ros_ur_driver/install/graph_msgs/include/graph_msgs/msg
[0.793s] -- Up-to-date: /home/d-lab/workspace/ros_ur_driver/install/graph_msgs/include/graph_msgs/msg/geometry_graph.hpp
[0.793s] -- Up-to-date: /home/d-lab/workspace/ros_ur_driver/install/graph_msgs/include/graph_msgs/msg/edges.hpp
[0.793s] -- Up-to-date: /home/d-lab/workspace/ros_ur_driver/install/graph_msgs/include/graph_msgs/msg/detail
[0.793s] -- Up-to-date: /home/d-lab/workspace/ros_ur_driver/install/graph_msgs/include/graph_msgs/msg/detail/geometry_graph__struct.hpp
[0.793s] -- Up-to-date: /home/d-lab/workspace/ros_ur_driver/install/graph_msgs/include/graph_msgs/msg/detail/geometry_graph__builder.hpp
[0.794s] -- Up-to-date: /home/d-lab/workspace/ros_ur_driver/install/graph_msgs/include/graph_msgs/msg/detail/edges__builder.hpp
[0.794s] -- Up-to-date: /home/d-lab/workspace/ros_ur_driver/install/graph_msgs/include/graph_msgs/msg/detail/edges__struct.hpp
[0.794s] -- Up-to-date: /home/d-lab/workspace/ros_ur_driver/install/graph_msgs/include/graph_msgs/msg/detail/geometry_graph__traits.hpp
[0.794s] -- Up-to-date: /home/d-lab/workspace/ros_ur_driver/install/graph_msgs/include/graph_msgs/msg/detail/edges__traits.hpp
[0.794s] -- Up-to-date: /home/d-lab/workspace/ros_ur_driver/install/graph_msgs/include/graph_msgs
[0.794s] -- Up-to-date: /home/d-lab/workspace/ros_ur_driver/install/graph_msgs/include/graph_msgs/msg
[0.795s] -- Up-to-date: /home/d-lab/workspace/ros_ur_driver/install/graph_msgs/include/graph_msgs/msg/detail
[0.795s] -- Up-to-date: /home/d-lab/workspace/ros_ur_driver/install/graph_msgs/include/graph_msgs/msg/detail/geometry_graph__rosidl_typesupport_introspection_cpp.hpp
[0.795s] -- Up-to-date: /home/d-lab/workspace/ros_ur_driver/install/graph_msgs/include/graph_msgs/msg/detail/geometry_graph__type_support.cpp
[0.795s] -- Up-to-date: /home/d-lab/workspace/ros_ur_driver/install/graph_msgs/include/graph_msgs/msg/detail/edges__rosidl_typesupport_introspection_cpp.hpp
[0.795s] -- Up-to-date: /home/d-lab/workspace/ros_ur_driver/install/graph_msgs/include/graph_msgs/msg/detail/edges__type_support.cpp
[0.796s] -- Up-to-date: /home/d-lab/workspace/ros_ur_driver/install/graph_msgs/lib/libgraph_msgs__rosidl_typesupport_introspection_cpp.so
[0.796s] -- Up-to-date: /home/d-lab/workspace/ros_ur_driver/install/graph_msgs/lib/libgraph_msgs__rosidl_typesupport_cpp.so
[0.797s] -- Up-to-date: /home/d-lab/workspace/ros_ur_driver/install/graph_msgs/share/graph_msgs/environment/pythonpath.sh
[0.797s] -- Up-to-date: /home/d-lab/workspace/ros_ur_driver/install/graph_msgs/share/graph_msgs/environment/pythonpath.dsv
[0.797s] -- Up-to-date: /home/d-lab/workspace/ros_ur_driver/install/graph_msgs/lib/python3.8/site-packages/graph_msgs/__init__.py
[0.798s] -- Up-to-date: /home/d-lab/workspace/ros_ur_driver/install/graph_msgs/lib/python3.8/site-packages/graph_msgs/msg
[0.798s] -- Up-to-date: /home/d-lab/workspace/ros_ur_driver/install/graph_msgs/lib/python3.8/site-packages/graph_msgs/msg/_edges_s.c
[0.798s] -- Up-to-date: /home/d-lab/workspace/ros_ur_driver/install/graph_msgs/lib/python3.8/site-packages/graph_msgs/msg/_geometry_graph.py
[0.799s] -- Up-to-date: /home/d-lab/workspace/ros_ur_driver/install/graph_msgs/lib/python3.8/site-packages/graph_msgs/msg/__init__.py
[0.800s] -- Up-to-date: /home/d-lab/workspace/ros_ur_driver/install/graph_msgs/lib/python3.8/site-packages/graph_msgs/msg/_geometry_graph_s.c
[0.800s] -- Up-to-date: /home/d-lab/workspace/ros_ur_driver/install/graph_msgs/lib/python3.8/site-packages/graph_msgs/msg/_edges.py
[0.800s] -- Up-to-date: /home/d-lab/workspace/ros_ur_driver/install/graph_msgs/lib/python3.8/site-packages/graph_msgs/graph_msgs_s__rosidl_typesupport_fastrtps_c.cpython-38-x86_64-linux-gnu.so
[0.800s] -- Up-to-date: /home/d-lab/workspace/ros_ur_driver/install/graph_msgs/lib/python3.8/site-packages/graph_msgs/graph_msgs_s__rosidl_typesupport_introspection_c.cpython-38-x86_64-linux-gnu.so
[0.801s] -- Up-to-date: /home/d-lab/workspace/ros_ur_driver/install/graph_msgs/lib/python3.8/site-packages/graph_msgs/graph_msgs_s__rosidl_typesupport_c.cpython-38-x86_64-linux-gnu.so
[0.801s] -- Up-to-date: /home/d-lab/workspace/ros_ur_driver/install/graph_msgs/lib/libgraph_msgs__python.so
[0.802s] -- Up-to-date: /home/d-lab/workspace/ros_ur_driver/install/graph_msgs/share/graph_msgs/msg/Edges.idl
[0.802s] -- Up-to-date: /home/d-lab/workspace/ros_ur_driver/install/graph_msgs/share/graph_msgs/msg/GeometryGraph.idl
[0.803s] -- Up-to-date: /home/d-lab/workspace/ros_ur_driver/install/graph_msgs/share/graph_msgs/msg/Edges.msg
[0.803s] -- Up-to-date: /home/d-lab/workspace/ros_ur_driver/install/graph_msgs/share/graph_msgs/msg/GeometryGraph.msg
[0.803s] -- Up-to-date: /home/d-lab/workspace/ros_ur_driver/install/graph_msgs/share/ament_index/resource_index/package_run_dependencies/graph_msgs
[0.804s] -- Up-to-date: /home/d-lab/workspace/ros_ur_driver/install/graph_msgs/share/ament_index/resource_index/parent_prefix_path/graph_msgs
[0.804s] -- Up-to-date: /home/d-lab/workspace/ros_ur_driver/install/graph_msgs/share/graph_msgs/environment/ament_prefix_path.sh
[0.805s] -- Up-to-date: /home/d-lab/workspace/ros_ur_driver/install/graph_msgs/share/graph_msgs/environment/ament_prefix_path.dsv
[0.805s] -- Up-to-date: /home/d-lab/workspace/ros_ur_driver/install/graph_msgs/share/graph_msgs/environment/path.sh
[0.805s] -- Up-to-date: /home/d-lab/workspace/ros_ur_driver/install/graph_msgs/share/graph_msgs/environment/path.dsv
[0.806s] -- Up-to-date: /home/d-lab/workspace/ros_ur_driver/install/graph_msgs/share/graph_msgs/local_setup.bash
[0.806s] -- Up-to-date: /home/d-lab/workspace/ros_ur_driver/install/graph_msgs/share/graph_msgs/local_setup.sh
[0.806s] -- Up-to-date: /home/d-lab/workspace/ros_ur_driver/install/graph_msgs/share/graph_msgs/local_setup.zsh
[0.807s] -- Up-to-date: /home/d-lab/workspace/ros_ur_driver/install/graph_msgs/share/graph_msgs/local_setup.dsv
[0.807s] -- Installing: /home/d-lab/workspace/ros_ur_driver/install/graph_msgs/share/graph_msgs/package.dsv
[0.808s] -- Up-to-date: /home/d-lab/workspace/ros_ur_driver/install/graph_msgs/share/ament_index/resource_index/packages/graph_msgs
[0.808s] -- Up-to-date: /home/d-lab/workspace/ros_ur_driver/install/graph_msgs/share/graph_msgs/cmake/graph_msgs__rosidl_generator_cExport.cmake
[0.809s] -- Up-to-date: /home/d-lab/workspace/ros_ur_driver/install/graph_msgs/share/graph_msgs/cmake/graph_msgs__rosidl_generator_cExport-release.cmake
[0.809s] -- Up-to-date: /home/d-lab/workspace/ros_ur_driver/install/graph_msgs/share/graph_msgs/cmake/graph_msgs__rosidl_typesupport_introspection_cExport.cmake
[0.810s] -- Up-to-date: /home/d-lab/workspace/ros_ur_driver/install/graph_msgs/share/graph_msgs/cmake/graph_msgs__rosidl_typesupport_introspection_cExport-release.cmake
[0.811s] -- Up-to-date: /home/d-lab/workspace/ros_ur_driver/install/graph_msgs/share/graph_msgs/cmake/graph_msgs__rosidl_typesupport_cExport.cmake
[0.812s] -- Up-to-date: /home/d-lab/workspace/ros_ur_driver/install/graph_msgs/share/graph_msgs/cmake/graph_msgs__rosidl_typesupport_cExport-release.cmake
[0.814s] -- Up-to-date: /home/d-lab/workspace/ros_ur_driver/install/graph_msgs/share/graph_msgs/cmake/graph_msgs__rosidl_generator_cppExport.cmake
[0.814s] -- Up-to-date: /home/d-lab/workspace/ros_ur_driver/install/graph_msgs/share/graph_msgs/cmake/graph_msgs__rosidl_typesupport_introspection_cppExport.cmake
[0.815s] -- Up-to-date: /home/d-lab/workspace/ros_ur_driver/install/graph_msgs/share/graph_msgs/cmake/graph_msgs__rosidl_typesupport_introspection_cppExport-release.cmake
[0.815s] -- Up-to-date: /home/d-lab/workspace/ros_ur_driver/install/graph_msgs/share/graph_msgs/cmake/graph_msgs__rosidl_typesupport_cppExport.cmake
[0.815s] -- Up-to-date: /home/d-lab/workspace/ros_ur_driver/install/graph_msgs/share/graph_msgs/cmake/graph_msgs__rosidl_typesupport_cppExport-release.cmake
[0.815s] -- Up-to-date: /home/d-lab/workspace/ros_ur_driver/install/graph_msgs/share/graph_msgs/cmake/rosidl_cmake-extras.cmake
[0.815s] -- Up-to-date: /home/d-lab/workspace/ros_ur_driver/install/graph_msgs/share/graph_msgs/cmake/ament_cmake_export_dependencies-extras.cmake
[0.816s] -- Up-to-date: /home/d-lab/workspace/ros_ur_driver/install/graph_msgs/share/graph_msgs/cmake/ament_cmake_export_libraries-extras.cmake
[0.816s] -- Up-to-date: /home/d-lab/workspace/ros_ur_driver/install/graph_msgs/share/graph_msgs/cmake/ament_cmake_export_targets-extras.cmake
[0.817s] -- Up-to-date: /home/d-lab/workspace/ros_ur_driver/install/graph_msgs/share/graph_msgs/cmake/ament_cmake_export_include_directories-extras.cmake
[0.817s] -- Up-to-date: /home/d-lab/workspace/ros_ur_driver/install/graph_msgs/share/graph_msgs/cmake/rosidl_cmake_export_typesupport_libraries-extras.cmake
[0.817s] -- Up-to-date: /home/d-lab/workspace/ros_ur_driver/install/graph_msgs/share/graph_msgs/cmake/rosidl_cmake_export_typesupport_targets-extras.cmake
[0.817s] -- Up-to-date: /home/d-lab/workspace/ros_ur_driver/install/graph_msgs/share/graph_msgs/cmake/graph_msgsConfig.cmake
[0.818s] -- Up-to-date: /home/d-lab/workspace/ros_ur_driver/install/graph_msgs/share/graph_msgs/cmake/graph_msgsConfig-version.cmake
[0.818s] -- Up-to-date: /home/d-lab/workspace/ros_ur_driver/install/graph_msgs/share/graph_msgs/package.xml
[0.854s] Invoked command in '/home/d-lab/workspace/ros_ur_driver/build/graph_msgs' returned '0': CMAKE_PREFIX_PATH=/opt/ros/foxy /usr/bin/cmake --install /home/d-lab/workspace/ros_ur_driver/build/graph_msgs
