[0.409s] Invoking command in '/home/d-lab/workspace/ros_ur_driver/src/ros2_control/ros2controlcli': AMENT_PREFIX_PATH=/home/d-lab/workspace/ros_ur_driver/install/controller_manager:/home/d-lab/workspace/ros_ur_driver/install/controller_interface:/home/d-lab/workspace/ros_ur_driver/install/hardware_interface:/home/d-lab/workspace/ros_ur_driver/install/ros2_control_test_assets:/home/d-lab/workspace/ros_ur_driver/install/controller_manager_msgs:/home/d-lab/workspace/ros_ur_driver/install/control_msgs:${AMENT_PREFIX_PATH} CMAKE_PREFIX_PATH=/home/d-lab/workspace/ros_ur_driver/install/controller_manager:/home/d-lab/workspace/ros_ur_driver/install/controller_interface:/home/d-lab/workspace/ros_ur_driver/install/hardware_interface:/home/d-lab/workspace/ros_ur_driver/install/ros2_control_test_assets:/home/d-lab/workspace/ros_ur_driver/install/controller_manager_msgs:/home/d-lab/workspace/ros_ur_driver/install/control_msgs LD_LIBRARY_PATH=/home/d-lab/workspace/ros_ur_driver/install/controller_manager/lib:/home/d-lab/workspace/ros_ur_driver/install/controller_interface/lib:/home/d-lab/workspace/ros_ur_driver/install/hardware_interface/lib:/home/d-lab/workspace/ros_ur_driver/install/controller_manager_msgs/lib:/home/d-lab/workspace/ros_ur_driver/install/control_msgs/lib:${LD_LIBRARY_PATH} PYTHONPATH=/home/d-lab/workspace/ros_ur_driver/install/ros2controlcli/lib/python3.8/site-packages:/home/d-lab/workspace/ros_ur_driver/install/controller_manager/lib/python3.8/site-packages:/home/d-lab/workspace/ros_ur_driver/install/controller_manager_msgs/lib/python3.8/site-packages:/home/d-lab/workspace/ros_ur_driver/install/control_msgs/lib/python3.8/site-packages:${PYTHONPATH} /usr/bin/python3 setup.py egg_info --egg-base ../../../build/ros2controlcli build --build-base /home/d-lab/workspace/ros_ur_driver/build/ros2controlcli/build install --prefix /home/d-lab/workspace/ros_ur_driver/install/ros2controlcli --record /home/d-lab/workspace/ros_ur_driver/build/ros2controlcli/install.log --single-version-externally-managed
[0.538s] running egg_info
[0.538s] creating ../../../build/ros2controlcli/ros2controlcli.egg-info
[0.538s] writing ../../../build/ros2controlcli/ros2controlcli.egg-info/PKG-INFO
[0.539s] writing dependency_links to ../../../build/ros2controlcli/ros2controlcli.egg-info/dependency_links.txt
[0.539s] writing entry points to ../../../build/ros2controlcli/ros2controlcli.egg-info/entry_points.txt
[0.539s] writing requirements to ../../../build/ros2controlcli/ros2controlcli.egg-info/requires.txt
[0.539s] writing top-level names to ../../../build/ros2controlcli/ros2controlcli.egg-info/top_level.txt
[0.540s] writing manifest file '../../../build/ros2controlcli/ros2controlcli.egg-info/SOURCES.txt'
[0.562s] reading manifest file '../../../build/ros2controlcli/ros2controlcli.egg-info/SOURCES.txt'
[0.562s] writing manifest file '../../../build/ros2controlcli/ros2controlcli.egg-info/SOURCES.txt'
[0.563s] running build
[0.563s] running build_py
[0.563s] creating /home/d-lab/workspace/ros_ur_driver/build/ros2controlcli/build
[0.563s] creating /home/d-lab/workspace/ros_ur_driver/build/ros2controlcli/build/lib
[0.563s] creating /home/d-lab/workspace/ros_ur_driver/build/ros2controlcli/build/lib/ros2controlcli
[0.563s] copying ros2controlcli/__init__.py -> /home/d-lab/workspace/ros_ur_driver/build/ros2controlcli/build/lib/ros2controlcli
[0.563s] creating /home/d-lab/workspace/ros_ur_driver/build/ros2controlcli/build/lib/ros2controlcli/command
[0.563s] copying ros2controlcli/command/control.py -> /home/d-lab/workspace/ros_ur_driver/build/ros2controlcli/build/lib/ros2controlcli/command
[0.563s] copying ros2controlcli/command/__init__.py -> /home/d-lab/workspace/ros_ur_driver/build/ros2controlcli/build/lib/ros2controlcli/command
[0.563s] creating /home/d-lab/workspace/ros_ur_driver/build/ros2controlcli/build/lib/ros2controlcli/verb
[0.563s] copying ros2controlcli/verb/load_start_controller.py -> /home/d-lab/workspace/ros_ur_driver/build/ros2controlcli/build/lib/ros2controlcli/verb
[0.563s] copying ros2controlcli/verb/configure_start_controller.py -> /home/d-lab/workspace/ros_ur_driver/build/ros2controlcli/build/lib/ros2controlcli/verb
[0.564s] copying ros2controlcli/verb/list_controllers.py -> /home/d-lab/workspace/ros_ur_driver/build/ros2controlcli/build/lib/ros2controlcli/verb
[0.564s] copying ros2controlcli/verb/switch_controllers.py -> /home/d-lab/workspace/ros_ur_driver/build/ros2controlcli/build/lib/ros2controlcli/verb
[0.564s] copying ros2controlcli/verb/set_controller_state.py -> /home/d-lab/workspace/ros_ur_driver/build/ros2controlcli/build/lib/ros2controlcli/verb
[0.564s] copying ros2controlcli/verb/reload_controller_libraries.py -> /home/d-lab/workspace/ros_ur_driver/build/ros2controlcli/build/lib/ros2controlcli/verb
[0.564s] copying ros2controlcli/verb/list_hardware_interfaces.py -> /home/d-lab/workspace/ros_ur_driver/build/ros2controlcli/build/lib/ros2controlcli/verb
[0.564s] copying ros2controlcli/verb/__init__.py -> /home/d-lab/workspace/ros_ur_driver/build/ros2controlcli/build/lib/ros2controlcli/verb
[0.564s] copying ros2controlcli/verb/list_controller_types.py -> /home/d-lab/workspace/ros_ur_driver/build/ros2controlcli/build/lib/ros2controlcli/verb
[0.564s] copying ros2controlcli/verb/load_controller.py -> /home/d-lab/workspace/ros_ur_driver/build/ros2controlcli/build/lib/ros2controlcli/verb
[0.564s] copying ros2controlcli/verb/load_configure_controller.py -> /home/d-lab/workspace/ros_ur_driver/build/ros2controlcli/build/lib/ros2controlcli/verb
[0.564s] copying ros2controlcli/verb/unload_controller.py -> /home/d-lab/workspace/ros_ur_driver/build/ros2controlcli/build/lib/ros2controlcli/verb
[0.565s] copying ros2controlcli/verb/configure_controller.py -> /home/d-lab/workspace/ros_ur_driver/build/ros2controlcli/build/lib/ros2controlcli/verb
[0.565s] creating /home/d-lab/workspace/ros_ur_driver/build/ros2controlcli/build/lib/ros2controlcli/api
[0.565s] copying ros2controlcli/api/__init__.py -> /home/d-lab/workspace/ros_ur_driver/build/ros2controlcli/build/lib/ros2controlcli/api
[0.565s] running install
[0.566s] running install_lib
[0.566s] creating /home/d-lab/workspace/ros_ur_driver/install/ros2controlcli/lib/python3.8/site-packages/ros2controlcli
[0.566s] creating /home/d-lab/workspace/ros_ur_driver/install/ros2controlcli/lib/python3.8/site-packages/ros2controlcli/command
[0.566s] copying /home/d-lab/workspace/ros_ur_driver/build/ros2controlcli/build/lib/ros2controlcli/command/control.py -> /home/d-lab/workspace/ros_ur_driver/install/ros2controlcli/lib/python3.8/site-packages/ros2controlcli/command
[0.566s] copying /home/d-lab/workspace/ros_ur_driver/build/ros2controlcli/build/lib/ros2controlcli/command/__init__.py -> /home/d-lab/workspace/ros_ur_driver/install/ros2controlcli/lib/python3.8/site-packages/ros2controlcli/command
[0.566s] creating /home/d-lab/workspace/ros_ur_driver/install/ros2controlcli/lib/python3.8/site-packages/ros2controlcli/verb
[0.567s] copying /home/d-lab/workspace/ros_ur_driver/build/ros2controlcli/build/lib/ros2controlcli/verb/load_start_controller.py -> /home/d-lab/workspace/ros_ur_driver/install/ros2controlcli/lib/python3.8/site-packages/ros2controlcli/verb
[0.567s] copying /home/d-lab/workspace/ros_ur_driver/build/ros2controlcli/build/lib/ros2controlcli/verb/configure_start_controller.py -> /home/d-lab/workspace/ros_ur_driver/install/ros2controlcli/lib/python3.8/site-packages/ros2controlcli/verb
[0.567s] copying /home/d-lab/workspace/ros_ur_driver/build/ros2controlcli/build/lib/ros2controlcli/verb/list_controllers.py -> /home/d-lab/workspace/ros_ur_driver/install/ros2controlcli/lib/python3.8/site-packages/ros2controlcli/verb
[0.567s] copying /home/d-lab/workspace/ros_ur_driver/build/ros2controlcli/build/lib/ros2controlcli/verb/switch_controllers.py -> /home/d-lab/workspace/ros_ur_driver/install/ros2controlcli/lib/python3.8/site-packages/ros2controlcli/verb
[0.567s] copying /home/d-lab/workspace/ros_ur_driver/build/ros2controlcli/build/lib/ros2controlcli/verb/set_controller_state.py -> /home/d-lab/workspace/ros_ur_driver/install/ros2controlcli/lib/python3.8/site-packages/ros2controlcli/verb
[0.567s] copying /home/d-lab/workspace/ros_ur_driver/build/ros2controlcli/build/lib/ros2controlcli/verb/reload_controller_libraries.py -> /home/d-lab/workspace/ros_ur_driver/install/ros2controlcli/lib/python3.8/site-packages/ros2controlcli/verb
[0.567s] copying /home/d-lab/workspace/ros_ur_driver/build/ros2controlcli/build/lib/ros2controlcli/verb/list_hardware_interfaces.py -> /home/d-lab/workspace/ros_ur_driver/install/ros2controlcli/lib/python3.8/site-packages/ros2controlcli/verb
[0.567s] copying /home/d-lab/workspace/ros_ur_driver/build/ros2controlcli/build/lib/ros2controlcli/verb/__init__.py -> /home/d-lab/workspace/ros_ur_driver/install/ros2controlcli/lib/python3.8/site-packages/ros2controlcli/verb
[0.567s] copying /home/d-lab/workspace/ros_ur_driver/build/ros2controlcli/build/lib/ros2controlcli/verb/list_controller_types.py -> /home/d-lab/workspace/ros_ur_driver/install/ros2controlcli/lib/python3.8/site-packages/ros2controlcli/verb
[0.567s] copying /home/d-lab/workspace/ros_ur_driver/build/ros2controlcli/build/lib/ros2controlcli/verb/load_controller.py -> /home/d-lab/workspace/ros_ur_driver/install/ros2controlcli/lib/python3.8/site-packages/ros2controlcli/verb
[0.567s] copying /home/d-lab/workspace/ros_ur_driver/build/ros2controlcli/build/lib/ros2controlcli/verb/load_configure_controller.py -> /home/d-lab/workspace/ros_ur_driver/install/ros2controlcli/lib/python3.8/site-packages/ros2controlcli/verb
[0.568s] copying /home/d-lab/workspace/ros_ur_driver/build/ros2controlcli/build/lib/ros2controlcli/verb/unload_controller.py -> /home/d-lab/workspace/ros_ur_driver/install/ros2controlcli/lib/python3.8/site-packages/ros2controlcli/verb
[0.568s] copying /home/d-lab/workspace/ros_ur_driver/build/ros2controlcli/build/lib/ros2controlcli/verb/configure_controller.py -> /home/d-lab/workspace/ros_ur_driver/install/ros2controlcli/lib/python3.8/site-packages/ros2controlcli/verb
[0.568s] copying /home/d-lab/workspace/ros_ur_driver/build/ros2controlcli/build/lib/ros2controlcli/__init__.py -> /home/d-lab/workspace/ros_ur_driver/install/ros2controlcli/lib/python3.8/site-packages/ros2controlcli
[0.568s] creating /home/d-lab/workspace/ros_ur_driver/install/ros2controlcli/lib/python3.8/site-packages/ros2controlcli/api
[0.568s] copying /home/d-lab/workspace/ros_ur_driver/build/ros2controlcli/build/lib/ros2controlcli/api/__init__.py -> /home/d-lab/workspace/ros_ur_driver/install/ros2controlcli/lib/python3.8/site-packages/ros2controlcli/api
[0.568s] byte-compiling /home/d-lab/workspace/ros_ur_driver/install/ros2controlcli/lib/python3.8/site-packages/ros2controlcli/command/control.py to control.cpython-38.pyc
[0.569s] byte-compiling /home/d-lab/workspace/ros_ur_driver/install/ros2controlcli/lib/python3.8/site-packages/ros2controlcli/command/__init__.py to __init__.cpython-38.pyc
[0.569s] byte-compiling /home/d-lab/workspace/ros_ur_driver/install/ros2controlcli/lib/python3.8/site-packages/ros2controlcli/verb/load_start_controller.py to load_start_controller.cpython-38.pyc
[0.569s] byte-compiling /home/d-lab/workspace/ros_ur_driver/install/ros2controlcli/lib/python3.8/site-packages/ros2controlcli/verb/configure_start_controller.py to configure_start_controller.cpython-38.pyc
[0.569s] byte-compiling /home/d-lab/workspace/ros_ur_driver/install/ros2controlcli/lib/python3.8/site-packages/ros2controlcli/verb/list_controllers.py to list_controllers.cpython-38.pyc
[0.570s] byte-compiling /home/d-lab/workspace/ros_ur_driver/install/ros2controlcli/lib/python3.8/site-packages/ros2controlcli/verb/switch_controllers.py to switch_controllers.cpython-38.pyc
[0.570s] byte-compiling /home/d-lab/workspace/ros_ur_driver/install/ros2controlcli/lib/python3.8/site-packages/ros2controlcli/verb/set_controller_state.py to set_controller_state.cpython-38.pyc
[0.570s] byte-compiling /home/d-lab/workspace/ros_ur_driver/install/ros2controlcli/lib/python3.8/site-packages/ros2controlcli/verb/reload_controller_libraries.py to reload_controller_libraries.cpython-38.pyc
[0.571s] byte-compiling /home/d-lab/workspace/ros_ur_driver/install/ros2controlcli/lib/python3.8/site-packages/ros2controlcli/verb/list_hardware_interfaces.py to list_hardware_interfaces.cpython-38.pyc
[0.571s] byte-compiling /home/d-lab/workspace/ros_ur_driver/install/ros2controlcli/lib/python3.8/site-packages/ros2controlcli/verb/__init__.py to __init__.cpython-38.pyc
[0.571s] byte-compiling /home/d-lab/workspace/ros_ur_driver/install/ros2controlcli/lib/python3.8/site-packages/ros2controlcli/verb/list_controller_types.py to list_controller_types.cpython-38.pyc
[0.571s] byte-compiling /home/d-lab/workspace/ros_ur_driver/install/ros2controlcli/lib/python3.8/site-packages/ros2controlcli/verb/load_controller.py to load_controller.cpython-38.pyc
[0.571s] byte-compiling /home/d-lab/workspace/ros_ur_driver/install/ros2controlcli/lib/python3.8/site-packages/ros2controlcli/verb/load_configure_controller.py to load_configure_controller.cpython-38.pyc
[0.572s] byte-compiling /home/d-lab/workspace/ros_ur_driver/install/ros2controlcli/lib/python3.8/site-packages/ros2controlcli/verb/unload_controller.py to unload_controller.cpython-38.pyc
[0.572s] byte-compiling /home/d-lab/workspace/ros_ur_driver/install/ros2controlcli/lib/python3.8/site-packages/ros2controlcli/verb/configure_controller.py to configure_controller.cpython-38.pyc
[0.572s] byte-compiling /home/d-lab/workspace/ros_ur_driver/install/ros2controlcli/lib/python3.8/site-packages/ros2controlcli/__init__.py to __init__.cpython-38.pyc
[0.572s] byte-compiling /home/d-lab/workspace/ros_ur_driver/install/ros2controlcli/lib/python3.8/site-packages/ros2controlcli/api/__init__.py to __init__.cpython-38.pyc
[0.573s] running install_data
[0.573s] copying package.xml -> /home/d-lab/workspace/ros_ur_driver/install/ros2controlcli/share/ros2controlcli
[0.573s] creating /home/d-lab/workspace/ros_ur_driver/install/ros2controlcli/share/ament_index
[0.573s] creating /home/d-lab/workspace/ros_ur_driver/install/ros2controlcli/share/ament_index/resource_index
[0.573s] creating /home/d-lab/workspace/ros_ur_driver/install/ros2controlcli/share/ament_index/resource_index/packages
[0.574s] copying resource/ros2controlcli -> /home/d-lab/workspace/ros_ur_driver/install/ros2controlcli/share/ament_index/resource_index/packages
[0.574s] running install_egg_info
[0.575s] Copying ../../../build/ros2controlcli/ros2controlcli.egg-info to /home/d-lab/workspace/ros_ur_driver/install/ros2controlcli/lib/python3.8/site-packages/ros2controlcli-0.0.0-py3.8.egg-info
[0.575s] running install_scripts
[0.587s] writing list of installed files to '/home/d-lab/workspace/ros_ur_driver/build/ros2controlcli/install.log'
[0.601s] Invoked command in '/home/d-lab/workspace/ros_ur_driver/src/ros2_control/ros2controlcli' returned '0': AMENT_PREFIX_PATH=/home/d-lab/workspace/ros_ur_driver/install/controller_manager:/home/d-lab/workspace/ros_ur_driver/install/controller_interface:/home/d-lab/workspace/ros_ur_driver/install/hardware_interface:/home/d-lab/workspace/ros_ur_driver/install/ros2_control_test_assets:/home/d-lab/workspace/ros_ur_driver/install/controller_manager_msgs:/home/d-lab/workspace/ros_ur_driver/install/control_msgs:${AMENT_PREFIX_PATH} CMAKE_PREFIX_PATH=/home/d-lab/workspace/ros_ur_driver/install/controller_manager:/home/d-lab/workspace/ros_ur_driver/install/controller_interface:/home/d-lab/workspace/ros_ur_driver/install/hardware_interface:/home/d-lab/workspace/ros_ur_driver/install/ros2_control_test_assets:/home/d-lab/workspace/ros_ur_driver/install/controller_manager_msgs:/home/d-lab/workspace/ros_ur_driver/install/control_msgs LD_LIBRARY_PATH=/home/d-lab/workspace/ros_ur_driver/install/controller_manager/lib:/home/d-lab/workspace/ros_ur_driver/install/controller_interface/lib:/home/d-lab/workspace/ros_ur_driver/install/hardware_interface/lib:/home/d-lab/workspace/ros_ur_driver/install/controller_manager_msgs/lib:/home/d-lab/workspace/ros_ur_driver/install/control_msgs/lib:${LD_LIBRARY_PATH} PYTHONPATH=/home/d-lab/workspace/ros_ur_driver/install/ros2controlcli/lib/python3.8/site-packages:/home/d-lab/workspace/ros_ur_driver/install/controller_manager/lib/python3.8/site-packages:/home/d-lab/workspace/ros_ur_driver/install/controller_manager_msgs/lib/python3.8/site-packages:/home/d-lab/workspace/ros_ur_driver/install/control_msgs/lib/python3.8/site-packages:${PYTHONPATH} /usr/bin/python3 setup.py egg_info --egg-base ../../../build/ros2controlcli build --build-base /home/d-lab/workspace/ros_ur_driver/build/ros2controlcli/build install --prefix /home/d-lab/workspace/ros_ur_driver/install/ros2controlcli --record /home/d-lab/workspace/ros_ur_driver/build/ros2controlcli/install.log --single-version-externally-managed
