[0.842s] Invoking command in '/home/d-lab/workspace/ros_ur_driver/src/robotiq/robotiq_control': PYTHONPATH=/home/d-lab/workspace/ros_ur_driver/src/build/robotiq_control/prefix_override:/home/d-lab/workspace/ros_ur_driver/src/install/robotiq_control/lib/python3.8/site-packages:${PYTHONPATH} /usr/bin/python3 setup.py egg_info --egg-base ../../build/robotiq_control build --build-base /home/d-lab/workspace/ros_ur_driver/src/build/robotiq_control/build install --record /home/d-lab/workspace/ros_ur_driver/src/build/robotiq_control/install.log --single-version-externally-managed
[1.059s] running egg_info
[1.060s] creating ../../build/robotiq_control/robotiq_control.egg-info
[1.060s] writing ../../build/robotiq_control/robotiq_control.egg-info/PKG-INFO
[1.060s] writing dependency_links to ../../build/robotiq_control/robotiq_control.egg-info/dependency_links.txt
[1.060s] writing entry points to ../../build/robotiq_control/robotiq_control.egg-info/entry_points.txt
[1.060s] writing requirements to ../../build/robotiq_control/robotiq_control.egg-info/requires.txt
[1.060s] writing top-level names to ../../build/robotiq_control/robotiq_control.egg-info/top_level.txt
[1.061s] writing manifest file '../../build/robotiq_control/robotiq_control.egg-info/SOURCES.txt'
[1.107s] reading manifest file '../../build/robotiq_control/robotiq_control.egg-info/SOURCES.txt'
[1.107s] writing manifest file '../../build/robotiq_control/robotiq_control.egg-info/SOURCES.txt'
[1.107s] running build
[1.107s] running build_py
[1.108s] creating /home/d-lab/workspace/ros_ur_driver/src/build/robotiq_control/build
[1.108s] creating /home/d-lab/workspace/ros_ur_driver/src/build/robotiq_control/build/lib
[1.108s] creating /home/d-lab/workspace/ros_ur_driver/src/build/robotiq_control/build/lib/robotiq_control
[1.108s] copying robotiq_control/gripper_controller_node.py -> /home/d-lab/workspace/ros_ur_driver/src/build/robotiq_control/build/lib/robotiq_control
[1.108s] copying robotiq_control/gripper_abstract.py -> /home/d-lab/workspace/ros_ur_driver/src/build/robotiq_control/build/lib/robotiq_control
[1.108s] copying robotiq_control/__init__.py -> /home/d-lab/workspace/ros_ur_driver/src/build/robotiq_control/build/lib/robotiq_control
[1.108s] copying robotiq_control/rtu_robotiq_gripper.py -> /home/d-lab/workspace/ros_ur_driver/src/build/robotiq_control/build/lib/robotiq_control
[1.109s] copying robotiq_control/ur_robotiq_gripper.py -> /home/d-lab/workspace/ros_ur_driver/src/build/robotiq_control/build/lib/robotiq_control
[1.109s] running install
[1.110s] running install_lib
[1.111s] creating /home/d-lab/workspace/ros_ur_driver/src/install/robotiq_control/lib/python3.8/site-packages/robotiq_control
[1.112s] copying /home/d-lab/workspace/ros_ur_driver/src/build/robotiq_control/build/lib/robotiq_control/gripper_controller_node.py -> /home/d-lab/workspace/ros_ur_driver/src/install/robotiq_control/lib/python3.8/site-packages/robotiq_control
[1.112s] copying /home/d-lab/workspace/ros_ur_driver/src/build/robotiq_control/build/lib/robotiq_control/gripper_abstract.py -> /home/d-lab/workspace/ros_ur_driver/src/install/robotiq_control/lib/python3.8/site-packages/robotiq_control
[1.112s] copying /home/d-lab/workspace/ros_ur_driver/src/build/robotiq_control/build/lib/robotiq_control/__init__.py -> /home/d-lab/workspace/ros_ur_driver/src/install/robotiq_control/lib/python3.8/site-packages/robotiq_control
[1.112s] copying /home/d-lab/workspace/ros_ur_driver/src/build/robotiq_control/build/lib/robotiq_control/rtu_robotiq_gripper.py -> /home/d-lab/workspace/ros_ur_driver/src/install/robotiq_control/lib/python3.8/site-packages/robotiq_control
[1.112s] copying /home/d-lab/workspace/ros_ur_driver/src/build/robotiq_control/build/lib/robotiq_control/ur_robotiq_gripper.py -> /home/d-lab/workspace/ros_ur_driver/src/install/robotiq_control/lib/python3.8/site-packages/robotiq_control
[1.113s] byte-compiling /home/d-lab/workspace/ros_ur_driver/src/install/robotiq_control/lib/python3.8/site-packages/robotiq_control/gripper_controller_node.py to gripper_controller_node.cpython-38.pyc
[1.114s] byte-compiling /home/d-lab/workspace/ros_ur_driver/src/install/robotiq_control/lib/python3.8/site-packages/robotiq_control/gripper_abstract.py to gripper_abstract.cpython-38.pyc
[1.114s] byte-compiling /home/d-lab/workspace/ros_ur_driver/src/install/robotiq_control/lib/python3.8/site-packages/robotiq_control/__init__.py to __init__.cpython-38.pyc
[1.114s] byte-compiling /home/d-lab/workspace/ros_ur_driver/src/install/robotiq_control/lib/python3.8/site-packages/robotiq_control/rtu_robotiq_gripper.py to rtu_robotiq_gripper.cpython-38.pyc
[1.116s] byte-compiling /home/d-lab/workspace/ros_ur_driver/src/install/robotiq_control/lib/python3.8/site-packages/robotiq_control/ur_robotiq_gripper.py to ur_robotiq_gripper.cpython-38.pyc
[1.118s] running install_data
[1.119s] creating /home/d-lab/workspace/ros_ur_driver/src/install/robotiq_control/share/ament_index
[1.119s] creating /home/d-lab/workspace/ros_ur_driver/src/install/robotiq_control/share/ament_index/resource_index
[1.119s] creating /home/d-lab/workspace/ros_ur_driver/src/install/robotiq_control/share/ament_index/resource_index/packages
[1.119s] copying resource/robotiq_control -> /home/d-lab/workspace/ros_ur_driver/src/install/robotiq_control/share/ament_index/resource_index/packages
[1.119s] copying package.xml -> /home/d-lab/workspace/ros_ur_driver/src/install/robotiq_control/share/robotiq_control
[1.119s] running install_egg_info
[1.121s] Copying ../../build/robotiq_control/robotiq_control.egg-info to /home/d-lab/workspace/ros_ur_driver/src/install/robotiq_control/lib/python3.8/site-packages/robotiq_control-0.0.0-py3.8.egg-info
[1.123s] running install_scripts
[1.143s] Installing gripper script to /home/d-lab/workspace/ros_ur_driver/src/install/robotiq_control/bin
[1.144s] writing list of installed files to '/home/d-lab/workspace/ros_ur_driver/src/build/robotiq_control/install.log'
[1.217s] Invoked command in '/home/d-lab/workspace/ros_ur_driver/src/robotiq/robotiq_control' returned '0': PYTHONPATH=/home/d-lab/workspace/ros_ur_driver/src/build/robotiq_control/prefix_override:/home/d-lab/workspace/ros_ur_driver/src/install/robotiq_control/lib/python3.8/site-packages:${PYTHONPATH} /usr/bin/python3 setup.py egg_info --egg-base ../../build/robotiq_control build --build-base /home/d-lab/workspace/ros_ur_driver/src/build/robotiq_control/build install --record /home/d-lab/workspace/ros_ur_driver/src/build/robotiq_control/install.log --single-version-externally-managed
