[0.020s] Invoking command in '/home/d-lab/workspace/ros_ur_driver/build/moveit_ros_planning': CMAKE_PREFIX_PATH=/home/d-lab/workspace/ros_ur_driver/install/moveit_ros_occupancy_map_monitor:/home/d-lab/workspace/ros_ur_driver/install/moveit_core:/home/d-lab/workspace/ros_ur_driver/install/srdfdom:/home/d-lab/workspace/ros_ur_driver/install/moveit_common:/home/d-lab/workspace/ros_ur_driver/install/run_ompl_constrained_planning:/home/d-lab/workspace/ros_ur_driver/install/run_moveit_cpp:/home/d-lab/workspace/ros_ur_driver/install/run_move_group:/home/d-lab/workspace/ros_ur_driver/install/warehouse_ros_mongo:/home/d-lab/workspace/ros_ur_driver/install/ros2_controllers:/home/d-lab/workspace/ros_ur_driver/install/velocity_controllers:/home/d-lab/workspace/ros_ur_driver/install/ur_robot_driver:/home/d-lab/workspace/ros_ur_driver/install/ur_controllers:/home/d-lab/workspace/ros_ur_driver/install/ur_msgs:/home/d-lab/workspace/ros_ur_driver/install/ur_moveit_config:/home/d-lab/workspace/ros_ur_driver/install/ur_description:/home/d-lab/workspace/ros_ur_driver/install/ur_dashboard_msgs:/home/d-lab/workspace/ros_ur_driver/install/ur_client_library:/home/d-lab/workspace/ros_ur_driver/install/ur_bringup:/home/d-lab/workspace/ros_ur_driver/install/transmission_interface:/home/d-lab/workspace/ros_ur_driver/install/moveit_runtime:/home/d-lab/workspace/ros_ur_driver/install/moveit:/home/d-lab/workspace/ros_ur_driver/install/moveit_plugins:/home/d-lab/workspace/ros_ur_driver/install/moveit_simple_controller_manager:/home/d-lab/workspace/ros_ur_driver/install/moveit_servo:/home/d-lab/workspace/ros_ur_driver/install/moveit_ros:/home/d-lab/workspace/ros_ur_driver/install/moveit_ros_visualization:/home/d-lab/workspace/ros_ur_driver/install/moveit_ros_planning_interface:/home/d-lab/workspace/ros_ur_driver/install/moveit_ros_benchmarks:/home/d-lab/workspace/ros_ur_driver/install/moveit_ros_warehouse:/home/d-lab/workspace/ros_ur_driver/install/moveit_ros_robot_interaction:/home/d-lab/workspace/ros_ur_driver/install/moveit_ros_perception:/home/d-lab/workspace/ros_ur_driver/install/moveit_ros_move_group:/home/d-lab/workspace/ros_ur_driver/install/moveit_planners:/home/d-lab/workspace/ros_ur_driver/install/moveit_planners_ompl:/home/d-lab/workspace/ros_ur_driver/install/moveit_ros_planning:/home/d-lab/workspace/ros_ur_driver/install/moveit_planners_chomp:/home/d-lab/workspace/ros_ur_driver/install/moveit_kinematics:/home/d-lab/workspace/ros_ur_driver/install/moveit_chomp_optimizer_adapter:/home/d-lab/workspace/ros_ur_driver/install/chomp_motion_planner:/home/d-lab/workspace/ros_ur_driver/install/ros2_control_demos:/home/d-lab/workspace/ros_ur_driver/install/ros2_control_demo_bringup:/home/d-lab/workspace/ros_ur_driver/install/rrbot_description:/home/d-lab/workspace/ros_ur_driver/install/ros2_control:/home/d-lab/workspace/ros_ur_driver/install/controller_manager:/home/d-lab/workspace/ros_ur_driver/install/ros2_control_test_assets:/home/d-lab/workspace/ros_ur_driver/install/ros2_control_demo_hardware:/home/d-lab/workspace/ros_ur_driver/install/robotiq_description:/home/d-lab/workspace/ros_ur_driver/install/position_controllers:/home/d-lab/workspace/ros_ur_driver/install/joint_trajectory_controller:/home/d-lab/workspace/ros_ur_driver/install/joint_state_controller:/home/d-lab/workspace/ros_ur_driver/install/joint_state_broadcaster:/home/d-lab/workspace/ros_ur_driver/install/imu_sensor_broadcaster:/home/d-lab/workspace/ros_ur_driver/install/gripper_controllers:/home/d-lab/workspace/ros_ur_driver/install/effort_controllers:/home/d-lab/workspace/ros_ur_driver/install/forward_command_controller:/home/d-lab/workspace/ros_ur_driver/install/force_torque_sensor_broadcaster:/home/d-lab/workspace/ros_ur_driver/install/diff_drive_controller:/home/d-lab/workspace/ros_ur_driver/install/controller_interface:/home/d-lab/workspace/ros_ur_driver/install/hardware_interface:/home/d-lab/workspace/ros_ur_driver/install/diffbot_description:/home/d-lab/workspace/ros_ur_driver/install/controller_manager_msgs:/home/d-lab/workspace/ros_ur_driver/install/control_msgs:/home/d-lab/workspace/ros_ur_driver/install/ros2controlcli:/home/d-lab/workspace/ros_ur_driver/install/ros2_control_test_nodes:/opt/ros/foxy LD_LIBRARY_PATH=/home/d-lab/workspace/ros_ur_driver/install/moveit_ros_occupancy_map_monitor/lib:/home/d-lab/workspace/ros_ur_driver/install/moveit_core/lib:/home/d-lab/workspace/ros_ur_driver/install/srdfdom/lib:/home/d-lab/workspace/ros_ur_driver/install/warehouse_ros_mongo/lib:/home/d-lab/workspace/ros_ur_driver/install/velocity_controllers/lib:/home/d-lab/workspace/ros_ur_driver/install/ur_robot_driver/lib:/home/d-lab/workspace/ros_ur_driver/install/ur_controllers/lib:/home/d-lab/workspace/ros_ur_driver/install/ur_msgs/lib:/home/d-lab/workspace/ros_ur_driver/install/ur_dashboard_msgs/lib:/home/d-lab/workspace/ros_ur_driver/install/ur_client_library/lib:/home/d-lab/workspace/ros_ur_driver/install/moveit_simple_controller_manager/lib:/home/d-lab/workspace/ros_ur_driver/install/moveit_servo/lib:/home/d-lab/workspace/ros_ur_driver/install/moveit_ros_visualization/lib:/home/d-lab/workspace/ros_ur_driver/install/moveit_ros_planning_interface/lib:/home/d-lab/workspace/ros_ur_driver/install/moveit_ros_benchmarks/lib:/home/d-lab/workspace/ros_ur_driver/install/moveit_ros_warehouse/lib:/home/d-lab/workspace/ros_ur_driver/install/moveit_ros_robot_interaction/lib:/home/d-lab/workspace/ros_ur_driver/install/moveit_ros_perception/lib:/home/d-lab/workspace/ros_ur_driver/install/moveit_ros_move_group/lib:/home/d-lab/workspace/ros_ur_driver/install/moveit_planners_ompl/lib:/home/d-lab/workspace/ros_ur_driver/install/moveit_ros_planning/lib:/home/d-lab/workspace/ros_ur_driver/install/moveit_planners_chomp/lib:/home/d-lab/workspace/ros_ur_driver/install/moveit_kinematics/lib:/home/d-lab/workspace/ros_ur_driver/install/moveit_chomp_optimizer_adapter/lib:/home/d-lab/workspace/ros_ur_driver/install/chomp_motion_planner/lib:/home/d-lab/workspace/ros_ur_driver/install/controller_manager/lib:/home/d-lab/workspace/ros_ur_driver/install/ros2_control_demo_hardware/lib:/home/d-lab/workspace/ros_ur_driver/install/position_controllers/lib:/home/d-lab/workspace/ros_ur_driver/install/joint_trajectory_controller/lib:/home/d-lab/workspace/ros_ur_driver/install/joint_state_controller/lib:/home/d-lab/workspace/ros_ur_driver/install/joint_state_broadcaster/lib:/home/d-lab/workspace/ros_ur_driver/install/imu_sensor_broadcaster/lib:/home/d-lab/workspace/ros_ur_driver/install/gripper_controllers/lib:/home/d-lab/workspace/ros_ur_driver/install/effort_controllers/lib:/home/d-lab/workspace/ros_ur_driver/install/forward_command_controller/lib:/home/d-lab/workspace/ros_ur_driver/install/force_torque_sensor_broadcaster/lib:/home/d-lab/workspace/ros_ur_driver/install/diff_drive_controller/lib:/home/d-lab/workspace/ros_ur_driver/install/controller_interface/lib:/home/d-lab/workspace/ros_ur_driver/install/hardware_interface/lib:/home/d-lab/workspace/ros_ur_driver/install/controller_manager_msgs/lib:/home/d-lab/workspace/ros_ur_driver/install/control_msgs/lib:/opt/ros/foxy/opt/yaml_cpp_vendor/lib:/opt/ros/foxy/opt/rviz_ogre_vendor/lib:/opt/ros/foxy/lib/x86_64-linux-gnu:/opt/ros/foxy/lib PATH=/home/d-lab/workspace/ros_ur_driver/install/moveit_core/bin:/home/d-lab/workspace/ros_ur_driver/install/ur_robot_driver/bin:/home/d-lab/workspace/ros_ur_driver/install/moveit_kinematics/bin:/opt/ros/foxy/bin:/home/d-lab/.local/bin:/usr/local/sbin:/usr/local/bin:/usr/sbin:/usr/bin:/sbin:/bin:/usr/games:/usr/local/games:/snap/bin PYTHONPATH=/home/d-lab/workspace/ros_ur_driver/install/srdfdom/lib/python3.8/site-packages:/home/d-lab/workspace/ros_ur_driver/install/warehouse_ros_mongo/lib/python3.8/site-packages:/home/d-lab/workspace/ros_ur_driver/install/ur_msgs/lib/python3.8/site-packages:/home/d-lab/workspace/ros_ur_driver/install/ur_dashboard_msgs/lib/python3.8/site-packages:/home/d-lab/workspace/ros_ur_driver/install/ros2controlcli/lib/python3.8/site-packages:/home/d-lab/workspace/ros_ur_driver/install/ros2_control_test_nodes/lib/python3.8/site-packages:/home/d-lab/workspace/ros_ur_driver/install/controller_manager/lib/python3.8/site-packages:/home/d-lab/workspace/ros_ur_driver/install/controller_manager_msgs/lib/python3.8/site-packages:/home/d-lab/workspace/ros_ur_driver/install/control_msgs/lib/python3.8/site-packages:/opt/ros/foxy/lib/python3.8/site-packages /usr/bin/cmake /home/d-lab/workspace/ros_ur_driver/src/moveit2/moveit_ros/planning -DCMAKE_INSTALL_PREFIX=/home/d-lab/workspace/ros_ur_driver/install/moveit_ros_planning
[0.065s] -- The C compiler identification is GNU 9.4.0
[0.107s] -- The CXX compiler identification is GNU 9.4.0
[0.112s] -- Check for working C compiler: /usr/bin/cc
[0.169s] -- Check for working C compiler: /usr/bin/cc -- works
[0.169s] -- Detecting C compiler ABI info
[0.225s] -- Detecting C compiler ABI info - done
[0.232s] -- Detecting C compile features
[0.233s] -- Detecting C compile features - done
[0.234s] -- Check for working CXX compiler: /usr/bin/c++
[0.296s] -- Check for working CXX compiler: /usr/bin/c++ -- works
[0.296s] -- Detecting CXX compiler ABI info
[0.359s] -- Detecting CXX compiler ABI info - done
[0.367s] -- Detecting CXX compile features
[0.367s] -- Detecting CXX compile features - done
[0.368s] -- Found moveit_common: 2.2.3 (/home/d-lab/workspace/ros_ur_driver/install/moveit_common/share/moveit_common/cmake)
[0.371s] -- Found ament_cmake: 0.9.9 (/opt/ros/foxy/share/ament_cmake/cmake)
[0.392s] -- Found PythonInterp: /usr/bin/python3 (found suitable version "3.8.10", minimum required is "3") 
[0.392s] -- Using PYTHON_EXECUTABLE: /usr/bin/python3
[0.572s] moveit_ros_planning: You did not request a specific build type: Choosing 'Release' for maximum performance
[0.574s] -- Found moveit_msgs: 2.1.0 (/opt/ros/foxy/share/moveit_msgs/cmake)
[0.610s] -- Using all available rosidl_typesupport_c: rosidl_typesupport_fastrtps_c;rosidl_typesupport_introspection_c
[0.619s] -- Found rosidl_adapter: 1.2.1 (/opt/ros/foxy/share/rosidl_adapter/cmake)
[0.696s] -- Found OpenSSL: /usr/lib/x86_64-linux-gnu/libcrypto.so (found version "1.1.1f")  
[0.720s] -- Found FastRTPS: /opt/ros/foxy/include  
[0.785s] -- Using all available rosidl_typesupport_cpp: rosidl_typesupport_fastrtps_cpp;rosidl_typesupport_introspection_cpp
[1.613s] -- Found pluginlib: 2.5.4 (/opt/ros/foxy/share/pluginlib/cmake)
[1.641s] -- Found rclcpp: 2.4.1 (/opt/ros/foxy/share/rclcpp/cmake)
[1.682s] -- Found rmw_implementation_cmake: 1.0.3 (/opt/ros/foxy/share/rmw_implementation_cmake/cmake)
[1.685s] -- Using RMW implementation 'rmw_fastrtps_cpp' as default
[1.686s] -- Looking for pthread.h
[1.744s] -- Looking for pthread.h - found
[1.744s] -- Performing Test CMAKE_HAVE_LIBC_PTHREAD
[1.803s] -- Performing Test CMAKE_HAVE_LIBC_PTHREAD - Failed
[1.803s] -- Looking for pthread_create in pthreads
[1.854s] -- Looking for pthread_create in pthreads - not found
[1.854s] -- Looking for pthread_create in pthread
[1.911s] -- Looking for pthread_create in pthread - found
[1.912s] -- Found Threads: TRUE  
[2.011s] -- Found message_filters: 3.2.5 (/opt/ros/foxy/share/message_filters/cmake)
[2.013s] -- Found srdfdom: 2.0.4 (/home/d-lab/workspace/ros_ur_driver/install/srdfdom/share/srdfdom/cmake)
[2.043s] -- Found tf2: 0.13.13 (/opt/ros/foxy/share/tf2/cmake)
[2.050s] -- Found tf2_geometry_msgs: 0.13.13 (/opt/ros/foxy/share/tf2_geometry_msgs/cmake)
[2.059s] -- Found eigen3_cmake_module: 0.1.1 (/opt/ros/foxy/share/eigen3_cmake_module/cmake)
[2.063s] -- Found Eigen3: TRUE (found version "3.3.7") 
[2.275s] -- Found tf2_eigen: 0.13.13 (/opt/ros/foxy/share/tf2_eigen/cmake)
[2.279s] -- Found moveit_core: 2.2.3 (/home/d-lab/workspace/ros_ur_driver/install/moveit_core/share/moveit_core/cmake)
[2.320s] -- Found Boost: /usr/lib/x86_64-linux-gnu/cmake/Boost-1.71.0/BoostConfig.cmake (found version "1.71.0") found components: chrono date_time filesystem iostreams program_options regex serialization system thread 
[2.337s] -- Found Boost: /usr/lib/x86_64-linux-gnu/cmake/Boost-1.71.0/BoostConfig.cmake (found version "1.71.0") found components: filesystem 
[2.424s] -- library: /usr/lib/x86_64-linux-gnu/libcurl.so
[2.635s] -- Found moveit_ros_occupancy_map_monitor: 2.2.3 (/home/d-lab/workspace/ros_ur_driver/install/moveit_ros_occupancy_map_monitor/share/moveit_ros_occupancy_map_monitor/cmake)
[2.637s] -- Found Boost: /usr/lib/x86_64-linux-gnu/cmake/Boost-1.71.0/BoostConfig.cmake (found version "1.71.0") found components: thread 
[2.887s] -- Found Boost: /usr/lib/x86_64-linux-gnu/cmake/Boost-1.71.0/BoostConfig.cmake (found version "1.71.0") found components: system filesystem date_time program_options thread chrono 
[2.941s] -- Performing Test COMPILER_HAS_HIDDEN_VISIBILITY
[3.002s] -- Performing Test COMPILER_HAS_HIDDEN_VISIBILITY - Success
[3.003s] -- Performing Test COMPILER_HAS_HIDDEN_INLINE_VISIBILITY
[3.065s] -- Performing Test COMPILER_HAS_HIDDEN_INLINE_VISIBILITY - Success
[3.065s] -- Performing Test COMPILER_HAS_DEPRECATED_ATTR
[3.126s] -- Performing Test COMPILER_HAS_DEPRECATED_ATTR - Success
[3.169s] -- Found ament_cmake_gtest: 0.9.9 (/opt/ros/foxy/share/ament_cmake_gtest/cmake)
[3.172s] -- Found ament_cmake_gmock: 0.9.9 (/opt/ros/foxy/share/ament_cmake_gmock/cmake)
[3.174s] -- Found gmock sources under '/opt/ros/foxy/src/gmock_vendor': C++ tests using 'Google Mock' will be built
[3.178s] -- Found gtest sources under '/opt/ros/foxy/src/gtest_vendor': C++ tests using 'Google Test' will be built
[3.244s] -- Found ament_lint_auto: 0.9.6 (/opt/ros/foxy/share/ament_lint_auto/cmake)
[3.264s] -- Added test 'lint_cmake' to check CMake code style
[3.265s] -- Added test 'xmllint' to check XML markup files
[3.272s] -- Configuring done
[3.614s] -- Generating done
[3.617s] -- Build files have been written to: /home/d-lab/workspace/ros_ur_driver/build/moveit_ros_planning
[3.633s] Invoked command in '/home/d-lab/workspace/ros_ur_driver/build/moveit_ros_planning' returned '0': CMAKE_PREFIX_PATH=/home/d-lab/workspace/ros_ur_driver/install/moveit_ros_occupancy_map_monitor:/home/d-lab/workspace/ros_ur_driver/install/moveit_core:/home/d-lab/workspace/ros_ur_driver/install/srdfdom:/home/d-lab/workspace/ros_ur_driver/install/moveit_common:/home/d-lab/workspace/ros_ur_driver/install/run_ompl_constrained_planning:/home/d-lab/workspace/ros_ur_driver/install/run_moveit_cpp:/home/d-lab/workspace/ros_ur_driver/install/run_move_group:/home/d-lab/workspace/ros_ur_driver/install/warehouse_ros_mongo:/home/d-lab/workspace/ros_ur_driver/install/ros2_controllers:/home/d-lab/workspace/ros_ur_driver/install/velocity_controllers:/home/d-lab/workspace/ros_ur_driver/install/ur_robot_driver:/home/d-lab/workspace/ros_ur_driver/install/ur_controllers:/home/d-lab/workspace/ros_ur_driver/install/ur_msgs:/home/d-lab/workspace/ros_ur_driver/install/ur_moveit_config:/home/d-lab/workspace/ros_ur_driver/install/ur_description:/home/d-lab/workspace/ros_ur_driver/install/ur_dashboard_msgs:/home/d-lab/workspace/ros_ur_driver/install/ur_client_library:/home/d-lab/workspace/ros_ur_driver/install/ur_bringup:/home/d-lab/workspace/ros_ur_driver/install/transmission_interface:/home/d-lab/workspace/ros_ur_driver/install/moveit_runtime:/home/d-lab/workspace/ros_ur_driver/install/moveit:/home/d-lab/workspace/ros_ur_driver/install/moveit_plugins:/home/d-lab/workspace/ros_ur_driver/install/moveit_simple_controller_manager:/home/d-lab/workspace/ros_ur_driver/install/moveit_servo:/home/d-lab/workspace/ros_ur_driver/install/moveit_ros:/home/d-lab/workspace/ros_ur_driver/install/moveit_ros_visualization:/home/d-lab/workspace/ros_ur_driver/install/moveit_ros_planning_interface:/home/d-lab/workspace/ros_ur_driver/install/moveit_ros_benchmarks:/home/d-lab/workspace/ros_ur_driver/install/moveit_ros_warehouse:/home/d-lab/workspace/ros_ur_driver/install/moveit_ros_robot_interaction:/home/d-lab/workspace/ros_ur_driver/install/moveit_ros_perception:/home/d-lab/workspace/ros_ur_driver/install/moveit_ros_move_group:/home/d-lab/workspace/ros_ur_driver/install/moveit_planners:/home/d-lab/workspace/ros_ur_driver/install/moveit_planners_ompl:/home/d-lab/workspace/ros_ur_driver/install/moveit_ros_planning:/home/d-lab/workspace/ros_ur_driver/install/moveit_planners_chomp:/home/d-lab/workspace/ros_ur_driver/install/moveit_kinematics:/home/d-lab/workspace/ros_ur_driver/install/moveit_chomp_optimizer_adapter:/home/d-lab/workspace/ros_ur_driver/install/chomp_motion_planner:/home/d-lab/workspace/ros_ur_driver/install/ros2_control_demos:/home/d-lab/workspace/ros_ur_driver/install/ros2_control_demo_bringup:/home/d-lab/workspace/ros_ur_driver/install/rrbot_description:/home/d-lab/workspace/ros_ur_driver/install/ros2_control:/home/d-lab/workspace/ros_ur_driver/install/controller_manager:/home/d-lab/workspace/ros_ur_driver/install/ros2_control_test_assets:/home/d-lab/workspace/ros_ur_driver/install/ros2_control_demo_hardware:/home/d-lab/workspace/ros_ur_driver/install/robotiq_description:/home/d-lab/workspace/ros_ur_driver/install/position_controllers:/home/d-lab/workspace/ros_ur_driver/install/joint_trajectory_controller:/home/d-lab/workspace/ros_ur_driver/install/joint_state_controller:/home/d-lab/workspace/ros_ur_driver/install/joint_state_broadcaster:/home/d-lab/workspace/ros_ur_driver/install/imu_sensor_broadcaster:/home/d-lab/workspace/ros_ur_driver/install/gripper_controllers:/home/d-lab/workspace/ros_ur_driver/install/effort_controllers:/home/d-lab/workspace/ros_ur_driver/install/forward_command_controller:/home/d-lab/workspace/ros_ur_driver/install/force_torque_sensor_broadcaster:/home/d-lab/workspace/ros_ur_driver/install/diff_drive_controller:/home/d-lab/workspace/ros_ur_driver/install/controller_interface:/home/d-lab/workspace/ros_ur_driver/install/hardware_interface:/home/d-lab/workspace/ros_ur_driver/install/diffbot_description:/home/d-lab/workspace/ros_ur_driver/install/controller_manager_msgs:/home/d-lab/workspace/ros_ur_driver/install/control_msgs:/home/d-lab/workspace/ros_ur_driver/install/ros2controlcli:/home/d-lab/workspace/ros_ur_driver/install/ros2_control_test_nodes:/opt/ros/foxy LD_LIBRARY_PATH=/home/d-lab/workspace/ros_ur_driver/install/moveit_ros_occupancy_map_monitor/lib:/home/d-lab/workspace/ros_ur_driver/install/moveit_core/lib:/home/d-lab/workspace/ros_ur_driver/install/srdfdom/lib:/home/d-lab/workspace/ros_ur_driver/install/warehouse_ros_mongo/lib:/home/d-lab/workspace/ros_ur_driver/install/velocity_controllers/lib:/home/d-lab/workspace/ros_ur_driver/install/ur_robot_driver/lib:/home/d-lab/workspace/ros_ur_driver/install/ur_controllers/lib:/home/d-lab/workspace/ros_ur_driver/install/ur_msgs/lib:/home/d-lab/workspace/ros_ur_driver/install/ur_dashboard_msgs/lib:/home/d-lab/workspace/ros_ur_driver/install/ur_client_library/lib:/home/d-lab/workspace/ros_ur_driver/install/moveit_simple_controller_manager/lib:/home/d-lab/workspace/ros_ur_driver/install/moveit_servo/lib:/home/d-lab/workspace/ros_ur_driver/install/moveit_ros_visualization/lib:/home/d-lab/workspace/ros_ur_driver/install/moveit_ros_planning_interface/lib:/home/d-lab/workspace/ros_ur_driver/install/moveit_ros_benchmarks/lib:/home/d-lab/workspace/ros_ur_driver/install/moveit_ros_warehouse/lib:/home/d-lab/workspace/ros_ur_driver/install/moveit_ros_robot_interaction/lib:/home/d-lab/workspace/ros_ur_driver/install/moveit_ros_perception/lib:/home/d-lab/workspace/ros_ur_driver/install/moveit_ros_move_group/lib:/home/d-lab/workspace/ros_ur_driver/install/moveit_planners_ompl/lib:/home/d-lab/workspace/ros_ur_driver/install/moveit_ros_planning/lib:/home/d-lab/workspace/ros_ur_driver/install/moveit_planners_chomp/lib:/home/d-lab/workspace/ros_ur_driver/install/moveit_kinematics/lib:/home/d-lab/workspace/ros_ur_driver/install/moveit_chomp_optimizer_adapter/lib:/home/d-lab/workspace/ros_ur_driver/install/chomp_motion_planner/lib:/home/d-lab/workspace/ros_ur_driver/install/controller_manager/lib:/home/d-lab/workspace/ros_ur_driver/install/ros2_control_demo_hardware/lib:/home/d-lab/workspace/ros_ur_driver/install/position_controllers/lib:/home/d-lab/workspace/ros_ur_driver/install/joint_trajectory_controller/lib:/home/d-lab/workspace/ros_ur_driver/install/joint_state_controller/lib:/home/d-lab/workspace/ros_ur_driver/install/joint_state_broadcaster/lib:/home/d-lab/workspace/ros_ur_driver/install/imu_sensor_broadcaster/lib:/home/d-lab/workspace/ros_ur_driver/install/gripper_controllers/lib:/home/d-lab/workspace/ros_ur_driver/install/effort_controllers/lib:/home/d-lab/workspace/ros_ur_driver/install/forward_command_controller/lib:/home/d-lab/workspace/ros_ur_driver/install/force_torque_sensor_broadcaster/lib:/home/d-lab/workspace/ros_ur_driver/install/diff_drive_controller/lib:/home/d-lab/workspace/ros_ur_driver/install/controller_interface/lib:/home/d-lab/workspace/ros_ur_driver/install/hardware_interface/lib:/home/d-lab/workspace/ros_ur_driver/install/controller_manager_msgs/lib:/home/d-lab/workspace/ros_ur_driver/install/control_msgs/lib:/opt/ros/foxy/opt/yaml_cpp_vendor/lib:/opt/ros/foxy/opt/rviz_ogre_vendor/lib:/opt/ros/foxy/lib/x86_64-linux-gnu:/opt/ros/foxy/lib PATH=/home/d-lab/workspace/ros_ur_driver/install/moveit_core/bin:/home/d-lab/workspace/ros_ur_driver/install/ur_robot_driver/bin:/home/d-lab/workspace/ros_ur_driver/install/moveit_kinematics/bin:/opt/ros/foxy/bin:/home/d-lab/.local/bin:/usr/local/sbin:/usr/local/bin:/usr/sbin:/usr/bin:/sbin:/bin:/usr/games:/usr/local/games:/snap/bin PYTHONPATH=/home/d-lab/workspace/ros_ur_driver/install/srdfdom/lib/python3.8/site-packages:/home/d-lab/workspace/ros_ur_driver/install/warehouse_ros_mongo/lib/python3.8/site-packages:/home/d-lab/workspace/ros_ur_driver/install/ur_msgs/lib/python3.8/site-packages:/home/d-lab/workspace/ros_ur_driver/install/ur_dashboard_msgs/lib/python3.8/site-packages:/home/d-lab/workspace/ros_ur_driver/install/ros2controlcli/lib/python3.8/site-packages:/home/d-lab/workspace/ros_ur_driver/install/ros2_control_test_nodes/lib/python3.8/site-packages:/home/d-lab/workspace/ros_ur_driver/install/controller_manager/lib/python3.8/site-packages:/home/d-lab/workspace/ros_ur_driver/install/controller_manager_msgs/lib/python3.8/site-packages:/home/d-lab/workspace/ros_ur_driver/install/control_msgs/lib/python3.8/site-packages:/opt/ros/foxy/lib/python3.8/site-packages /usr/bin/cmake /home/d-lab/workspace/ros_ur_driver/src/moveit2/moveit_ros/planning -DCMAKE_INSTALL_PREFIX=/home/d-lab/workspace/ros_ur_driver/install/moveit_ros_planning
[3.636s] Invoking command in '/home/d-lab/workspace/ros_ur_driver/build/moveit_ros_planning': CMAKE_PREFIX_PATH=/home/d-lab/workspace/ros_ur_driver/install/moveit_ros_occupancy_map_monitor:/home/d-lab/workspace/ros_ur_driver/install/moveit_core:/home/d-lab/workspace/ros_ur_driver/install/srdfdom:/home/d-lab/workspace/ros_ur_driver/install/moveit_common:/home/d-lab/workspace/ros_ur_driver/install/run_ompl_constrained_planning:/home/d-lab/workspace/ros_ur_driver/install/run_moveit_cpp:/home/d-lab/workspace/ros_ur_driver/install/run_move_group:/home/d-lab/workspace/ros_ur_driver/install/warehouse_ros_mongo:/home/d-lab/workspace/ros_ur_driver/install/ros2_controllers:/home/d-lab/workspace/ros_ur_driver/install/velocity_controllers:/home/d-lab/workspace/ros_ur_driver/install/ur_robot_driver:/home/d-lab/workspace/ros_ur_driver/install/ur_controllers:/home/d-lab/workspace/ros_ur_driver/install/ur_msgs:/home/d-lab/workspace/ros_ur_driver/install/ur_moveit_config:/home/d-lab/workspace/ros_ur_driver/install/ur_description:/home/d-lab/workspace/ros_ur_driver/install/ur_dashboard_msgs:/home/d-lab/workspace/ros_ur_driver/install/ur_client_library:/home/d-lab/workspace/ros_ur_driver/install/ur_bringup:/home/d-lab/workspace/ros_ur_driver/install/transmission_interface:/home/d-lab/workspace/ros_ur_driver/install/moveit_runtime:/home/d-lab/workspace/ros_ur_driver/install/moveit:/home/d-lab/workspace/ros_ur_driver/install/moveit_plugins:/home/d-lab/workspace/ros_ur_driver/install/moveit_simple_controller_manager:/home/d-lab/workspace/ros_ur_driver/install/moveit_servo:/home/d-lab/workspace/ros_ur_driver/install/moveit_ros:/home/d-lab/workspace/ros_ur_driver/install/moveit_ros_visualization:/home/d-lab/workspace/ros_ur_driver/install/moveit_ros_planning_interface:/home/d-lab/workspace/ros_ur_driver/install/moveit_ros_benchmarks:/home/d-lab/workspace/ros_ur_driver/install/moveit_ros_warehouse:/home/d-lab/workspace/ros_ur_driver/install/moveit_ros_robot_interaction:/home/d-lab/workspace/ros_ur_driver/install/moveit_ros_perception:/home/d-lab/workspace/ros_ur_driver/install/moveit_ros_move_group:/home/d-lab/workspace/ros_ur_driver/install/moveit_planners:/home/d-lab/workspace/ros_ur_driver/install/moveit_planners_ompl:/home/d-lab/workspace/ros_ur_driver/install/moveit_ros_planning:/home/d-lab/workspace/ros_ur_driver/install/moveit_planners_chomp:/home/d-lab/workspace/ros_ur_driver/install/moveit_kinematics:/home/d-lab/workspace/ros_ur_driver/install/moveit_chomp_optimizer_adapter:/home/d-lab/workspace/ros_ur_driver/install/chomp_motion_planner:/home/d-lab/workspace/ros_ur_driver/install/ros2_control_demos:/home/d-lab/workspace/ros_ur_driver/install/ros2_control_demo_bringup:/home/d-lab/workspace/ros_ur_driver/install/rrbot_description:/home/d-lab/workspace/ros_ur_driver/install/ros2_control:/home/d-lab/workspace/ros_ur_driver/install/controller_manager:/home/d-lab/workspace/ros_ur_driver/install/ros2_control_test_assets:/home/d-lab/workspace/ros_ur_driver/install/ros2_control_demo_hardware:/home/d-lab/workspace/ros_ur_driver/install/robotiq_description:/home/d-lab/workspace/ros_ur_driver/install/position_controllers:/home/d-lab/workspace/ros_ur_driver/install/joint_trajectory_controller:/home/d-lab/workspace/ros_ur_driver/install/joint_state_controller:/home/d-lab/workspace/ros_ur_driver/install/joint_state_broadcaster:/home/d-lab/workspace/ros_ur_driver/install/imu_sensor_broadcaster:/home/d-lab/workspace/ros_ur_driver/install/gripper_controllers:/home/d-lab/workspace/ros_ur_driver/install/effort_controllers:/home/d-lab/workspace/ros_ur_driver/install/forward_command_controller:/home/d-lab/workspace/ros_ur_driver/install/force_torque_sensor_broadcaster:/home/d-lab/workspace/ros_ur_driver/install/diff_drive_controller:/home/d-lab/workspace/ros_ur_driver/install/controller_interface:/home/d-lab/workspace/ros_ur_driver/install/hardware_interface:/home/d-lab/workspace/ros_ur_driver/install/diffbot_description:/home/d-lab/workspace/ros_ur_driver/install/controller_manager_msgs:/home/d-lab/workspace/ros_ur_driver/install/control_msgs:/home/d-lab/workspace/ros_ur_driver/install/ros2controlcli:/home/d-lab/workspace/ros_ur_driver/install/ros2_control_test_nodes:/opt/ros/foxy LD_LIBRARY_PATH=/home/d-lab/workspace/ros_ur_driver/install/moveit_ros_occupancy_map_monitor/lib:/home/d-lab/workspace/ros_ur_driver/install/moveit_core/lib:/home/d-lab/workspace/ros_ur_driver/install/srdfdom/lib:/home/d-lab/workspace/ros_ur_driver/install/warehouse_ros_mongo/lib:/home/d-lab/workspace/ros_ur_driver/install/velocity_controllers/lib:/home/d-lab/workspace/ros_ur_driver/install/ur_robot_driver/lib:/home/d-lab/workspace/ros_ur_driver/install/ur_controllers/lib:/home/d-lab/workspace/ros_ur_driver/install/ur_msgs/lib:/home/d-lab/workspace/ros_ur_driver/install/ur_dashboard_msgs/lib:/home/d-lab/workspace/ros_ur_driver/install/ur_client_library/lib:/home/d-lab/workspace/ros_ur_driver/install/moveit_simple_controller_manager/lib:/home/d-lab/workspace/ros_ur_driver/install/moveit_servo/lib:/home/d-lab/workspace/ros_ur_driver/install/moveit_ros_visualization/lib:/home/d-lab/workspace/ros_ur_driver/install/moveit_ros_planning_interface/lib:/home/d-lab/workspace/ros_ur_driver/install/moveit_ros_benchmarks/lib:/home/d-lab/workspace/ros_ur_driver/install/moveit_ros_warehouse/lib:/home/d-lab/workspace/ros_ur_driver/install/moveit_ros_robot_interaction/lib:/home/d-lab/workspace/ros_ur_driver/install/moveit_ros_perception/lib:/home/d-lab/workspace/ros_ur_driver/install/moveit_ros_move_group/lib:/home/d-lab/workspace/ros_ur_driver/install/moveit_planners_ompl/lib:/home/d-lab/workspace/ros_ur_driver/install/moveit_ros_planning/lib:/home/d-lab/workspace/ros_ur_driver/install/moveit_planners_chomp/lib:/home/d-lab/workspace/ros_ur_driver/install/moveit_kinematics/lib:/home/d-lab/workspace/ros_ur_driver/install/moveit_chomp_optimizer_adapter/lib:/home/d-lab/workspace/ros_ur_driver/install/chomp_motion_planner/lib:/home/d-lab/workspace/ros_ur_driver/install/controller_manager/lib:/home/d-lab/workspace/ros_ur_driver/install/ros2_control_demo_hardware/lib:/home/d-lab/workspace/ros_ur_driver/install/position_controllers/lib:/home/d-lab/workspace/ros_ur_driver/install/joint_trajectory_controller/lib:/home/d-lab/workspace/ros_ur_driver/install/joint_state_controller/lib:/home/d-lab/workspace/ros_ur_driver/install/joint_state_broadcaster/lib:/home/d-lab/workspace/ros_ur_driver/install/imu_sensor_broadcaster/lib:/home/d-lab/workspace/ros_ur_driver/install/gripper_controllers/lib:/home/d-lab/workspace/ros_ur_driver/install/effort_controllers/lib:/home/d-lab/workspace/ros_ur_driver/install/forward_command_controller/lib:/home/d-lab/workspace/ros_ur_driver/install/force_torque_sensor_broadcaster/lib:/home/d-lab/workspace/ros_ur_driver/install/diff_drive_controller/lib:/home/d-lab/workspace/ros_ur_driver/install/controller_interface/lib:/home/d-lab/workspace/ros_ur_driver/install/hardware_interface/lib:/home/d-lab/workspace/ros_ur_driver/install/controller_manager_msgs/lib:/home/d-lab/workspace/ros_ur_driver/install/control_msgs/lib:/opt/ros/foxy/opt/yaml_cpp_vendor/lib:/opt/ros/foxy/opt/rviz_ogre_vendor/lib:/opt/ros/foxy/lib/x86_64-linux-gnu:/opt/ros/foxy/lib PATH=/home/d-lab/workspace/ros_ur_driver/install/moveit_core/bin:/home/d-lab/workspace/ros_ur_driver/install/ur_robot_driver/bin:/home/d-lab/workspace/ros_ur_driver/install/moveit_kinematics/bin:/opt/ros/foxy/bin:/home/d-lab/.local/bin:/usr/local/sbin:/usr/local/bin:/usr/sbin:/usr/bin:/sbin:/bin:/usr/games:/usr/local/games:/snap/bin PYTHONPATH=/home/d-lab/workspace/ros_ur_driver/install/srdfdom/lib/python3.8/site-packages:/home/d-lab/workspace/ros_ur_driver/install/warehouse_ros_mongo/lib/python3.8/site-packages:/home/d-lab/workspace/ros_ur_driver/install/ur_msgs/lib/python3.8/site-packages:/home/d-lab/workspace/ros_ur_driver/install/ur_dashboard_msgs/lib/python3.8/site-packages:/home/d-lab/workspace/ros_ur_driver/install/ros2controlcli/lib/python3.8/site-packages:/home/d-lab/workspace/ros_ur_driver/install/ros2_control_test_nodes/lib/python3.8/site-packages:/home/d-lab/workspace/ros_ur_driver/install/controller_manager/lib/python3.8/site-packages:/home/d-lab/workspace/ros_ur_driver/install/controller_manager_msgs/lib/python3.8/site-packages:/home/d-lab/workspace/ros_ur_driver/install/control_msgs/lib/python3.8/site-packages:/opt/ros/foxy/lib/python3.8/site-packages /usr/bin/cmake --build /home/d-lab/workspace/ros_ur_driver/build/moveit_ros_planning -- -j16 -l16
[3.673s] [35m[1mScanning dependencies of target gmock[0m
[3.673s] [35m[1mScanning dependencies of target moveit_rdf_loader[0m
[3.673s] [35m[1mScanning dependencies of target moveit_collision_plugin_loader[0m
[3.674s] [35m[1mScanning dependencies of target moveit_planning_pipeline[0m
[3.674s] [35m[1mScanning dependencies of target moveit_list_request_adapter_plugins[0m
[3.674s] [35m[1mScanning dependencies of target moveit_default_planning_request_adapter_plugins[0m
[3.677s] [35m[1mScanning dependencies of target gmock_main[0m
[3.695s] [  1%] [32mBuilding CXX object gmock/CMakeFiles/gmock.dir/opt/ros/foxy/src/gtest_vendor/src/gtest-all.cc.o[0m
[3.698s] [  3%] [32mBuilding CXX object gmock/CMakeFiles/gmock.dir/src/gmock-all.cc.o[0m
[3.702s] [  4%] [32mBuilding CXX object gmock/CMakeFiles/gmock_main.dir/src/gmock_main.cc.o[0m
[3.713s] [  6%] [32mBuilding CXX object rdf_loader/CMakeFiles/moveit_rdf_loader.dir/src/rdf_loader.cpp.o[0m
[3.747s] [  8%] [32mBuilding CXX object planning_pipeline/CMakeFiles/moveit_planning_pipeline.dir/src/planning_pipeline.cpp.o[0m
[3.749s] [  9%] [32mBuilding CXX object planning_request_adapter_plugins/CMakeFiles/moveit_list_request_adapter_plugins.dir/src/list.cpp.o[0m
[3.757s] [ 11%] [32mBuilding CXX object collision_plugin_loader/CMakeFiles/moveit_collision_plugin_loader.dir/src/collision_plugin_loader.cpp.o[0m
[3.823s] [ 12%] [32mBuilding CXX object planning_request_adapter_plugins/CMakeFiles/moveit_default_planning_request_adapter_plugins.dir/src/fix_start_state_bounds.cpp.o[0m
[3.823s] [ 14%] [32mBuilding CXX object planning_request_adapter_plugins/CMakeFiles/moveit_default_planning_request_adapter_plugins.dir/src/fix_start_state_path_constraints.cpp.o[0m
[3.823s] [ 16%] [32mBuilding CXX object planning_request_adapter_plugins/CMakeFiles/moveit_default_planning_request_adapter_plugins.dir/src/fix_start_state_collision.cpp.o[0m
[3.824s] [ 19%] [32mBuilding CXX object planning_request_adapter_plugins/CMakeFiles/moveit_default_planning_request_adapter_plugins.dir/src/add_time_parameterization.cpp.o[0m
[3.824s] [ 19%] [32mBuilding CXX object planning_request_adapter_plugins/CMakeFiles/moveit_default_planning_request_adapter_plugins.dir/src/fix_workspace_bounds.cpp.o[0m
[3.824s] [ 20%] [32mBuilding CXX object planning_request_adapter_plugins/CMakeFiles/moveit_default_planning_request_adapter_plugins.dir/src/empty.cpp.o[0m
[3.824s] [ 22%] [32mBuilding CXX object planning_request_adapter_plugins/CMakeFiles/moveit_default_planning_request_adapter_plugins.dir/src/add_iterative_spline_parameterization.cpp.o[0m
[3.835s] [ 24%] [32mBuilding CXX object planning_request_adapter_plugins/CMakeFiles/moveit_default_planning_request_adapter_plugins.dir/src/add_time_optimal_parameterization.cpp.o[0m
[3.835s] [ 25%] [32mBuilding CXX object planning_request_adapter_plugins/CMakeFiles/moveit_default_planning_request_adapter_plugins.dir/src/resolve_constraint_frames.cpp.o[0m
[4.753s] [ 27%] [32m[1mLinking CXX static library libgmock_main.a[0m
[4.909s] [ 27%] Built target gmock_main
[11.175s] [ 29%] [32m[1mLinking CXX shared library libmoveit_rdf_loader.so[0m
[11.350s] [ 29%] Built target moveit_rdf_loader
[11.362s] [35m[1mScanning dependencies of target moveit_constraint_sampler_manager_loader[0m
[11.362s] [35m[1mScanning dependencies of target moveit_kinematics_plugin_loader[0m
[11.421s] [ 30%] [32mBuilding CXX object kinematics_plugin_loader/CMakeFiles/moveit_kinematics_plugin_loader.dir/src/kinematics_plugin_loader.cpp.o[0m
[11.442s] [ 32%] [32mBuilding CXX object constraint_sampler_manager_loader/CMakeFiles/moveit_constraint_sampler_manager_loader.dir/src/constraint_sampler_manager_loader.cpp.o[0m
[12.352s] [ 33%] [32m[1mLinking CXX static library libgmock.a[0m
[12.394s] [ 33%] Built target gmock
[12.817s] [ 35%] [32m[1mLinking CXX shared library libmoveit_default_planning_request_adapter_plugins.so[0m
[12.992s] [ 35%] Built target moveit_default_planning_request_adapter_plugins
[14.444s] [ 37%] [32m[1mLinking CXX executable moveit_list_request_adapter_plugins[0m
[14.586s] [ 37%] Built target moveit_list_request_adapter_plugins
[14.761s] [ 38%] [32m[1mLinking CXX shared library libmoveit_collision_plugin_loader.so[0m
[14.907s] [ 38%] Built target moveit_collision_plugin_loader
[18.613s] [ 40%] [32m[1mLinking CXX shared library libmoveit_planning_pipeline.so[0m
[18.669s] [ 41%] [32m[1mLinking CXX shared library libmoveit_constraint_sampler_manager_loader.so[0m
[18.789s] [ 41%] Built target moveit_planning_pipeline
[18.818s] [ 41%] Built target moveit_constraint_sampler_manager_loader
[20.323s] [ 43%] [32m[1mLinking CXX shared library libmoveit_kinematics_plugin_loader.so[0m
[20.470s] [ 43%] Built target moveit_kinematics_plugin_loader
[20.478s] [35m[1mScanning dependencies of target moveit_robot_model_loader[0m
[20.523s] [ 45%] [32mBuilding CXX object robot_model_loader/CMakeFiles/moveit_robot_model_loader.dir/src/robot_model_loader.cpp.o[0m
[25.296s] [ 46%] [32m[1mLinking CXX shared library libmoveit_robot_model_loader.so[0m
[25.444s] [ 46%] Built target moveit_robot_model_loader
[25.459s] [35m[1mScanning dependencies of target moveit_planning_scene_monitor[0m
[25.459s] [35m[1mScanning dependencies of target moveit_print_planning_model_info[0m
[25.459s] [35m[1mScanning dependencies of target moveit_kinematics_speed_and_validity_evaluator[0m
[25.459s] [35m[1mScanning dependencies of target moveit_evaluate_state_operations_speed[0m
[25.507s] [ 48%] [32mBuilding CXX object planning_components_tools/CMakeFiles/moveit_print_planning_model_info.dir/src/print_planning_model_info.cpp.o[0m
[25.511s] [ 51%] [32mBuilding CXX object planning_components_tools/CMakeFiles/moveit_evaluate_state_operations_speed.dir/src/evaluate_state_operations_speed.cpp.o[0m
[25.511s] [ 51%] [32mBuilding CXX object planning_components_tools/CMakeFiles/moveit_kinematics_speed_and_validity_evaluator.dir/src/kinematics_speed_and_validity_evaluator.cpp.o[0m
[25.546s] [ 56%] [32mBuilding CXX object planning_scene_monitor/CMakeFiles/moveit_planning_scene_monitor.dir/src/planning_scene_monitor.cpp.o[0m
[25.546s] [ 56%] [32mBuilding CXX object planning_scene_monitor/CMakeFiles/moveit_planning_scene_monitor.dir/src/current_state_monitor.cpp.o[0m
[25.546s] [ 56%] [32mBuilding CXX object planning_scene_monitor/CMakeFiles/moveit_planning_scene_monitor.dir/src/current_state_monitor_middleware_handle.cpp.o[0m
[25.546s] [ 58%] [32mBuilding CXX object planning_scene_monitor/CMakeFiles/moveit_planning_scene_monitor.dir/src/trajectory_monitor.cpp.o[0m
[28.510s] [ 59%] [32m[1mLinking CXX executable moveit_print_planning_model_info[0m
[28.703s] [ 59%] Built target moveit_print_planning_model_info
[30.719s] [ 61%] [32m[1mLinking CXX executable moveit_evaluate_state_operations_speed[0m
[30.917s] [ 61%] Built target moveit_evaluate_state_operations_speed
[31.180s] [ 62%] [32m[1mLinking CXX executable moveit_kinematics_speed_and_validity_evaluator[0m
[31.356s] [ 62%] Built target moveit_kinematics_speed_and_validity_evaluator
[43.032s] [ 64%] [32m[1mLinking CXX shared library libmoveit_planning_scene_monitor.so[0m
[43.258s] [ 64%] Built target moveit_planning_scene_monitor
[43.269s] [35m[1mScanning dependencies of target current_state_monitor_tests[0m
[43.269s] [35m[1mScanning dependencies of target demo_scene[0m
[43.269s] [35m[1mScanning dependencies of target moveit_print_planning_scene_info[0m
[43.269s] [35m[1mScanning dependencies of target moveit_display_random_state[0m
[43.269s] [35m[1mScanning dependencies of target moveit_visualize_robot_collision_volume[0m
[43.269s] [35m[1mScanning dependencies of target moveit_evaluate_collision_checking_speed[0m
[43.269s] [35m[1mScanning dependencies of target moveit_publish_scene_from_text[0m
[43.269s] [35m[1mScanning dependencies of target moveit_trajectory_execution_manager[0m
[43.335s] [ 66%] [32mBuilding CXX object trajectory_execution_manager/CMakeFiles/moveit_trajectory_execution_manager.dir/src/trajectory_execution_manager.cpp.o[0m
[43.338s] [ 67%] [32mBuilding CXX object planning_scene_monitor/CMakeFiles/current_state_monitor_tests.dir/test/current_state_monitor_tests.cpp.o[0m
[43.344s] [ 70%] [32mBuilding CXX object planning_components_tools/CMakeFiles/moveit_display_random_state.dir/src/display_random_state.cpp.o[0m
[43.344s] [ 70%] [32mBuilding CXX object planning_components_tools/CMakeFiles/moveit_print_planning_scene_info.dir/src/print_planning_scene_info.cpp.o[0m
[43.345s] [ 74%] [32mBuilding CXX object planning_components_tools/CMakeFiles/moveit_visualize_robot_collision_volume.dir/src/visualize_robot_collision_volume.cpp.o[0m
[43.345s] [ 74%] [32mBuilding CXX object planning_scene_monitor/CMakeFiles/demo_scene.dir/demos/demo_scene.cpp.o[0m
[43.347s] [ 75%] [32mBuilding CXX object planning_components_tools/CMakeFiles/moveit_evaluate_collision_checking_speed.dir/src/evaluate_collision_checking_speed.cpp.o[0m
[43.352s] [ 77%] [32mBuilding CXX object planning_components_tools/CMakeFiles/moveit_publish_scene_from_text.dir/src/publish_scene_from_text.cpp.o[0m
[49.384s] [ 79%] [32m[1mLinking CXX executable current_state_monitor_tests[0m
[49.713s] [ 79%] Built target current_state_monitor_tests
[49.749s] [ 80%] [32m[1mLinking CXX executable moveit_print_planning_scene_info[0m
[50.012s] [ 80%] Built target moveit_print_planning_scene_info
[51.011s] [ 82%] [32m[1mLinking CXX executable demo_scene[0m
[51.151s] [ 82%] Built target demo_scene
[51.168s] [ 83%] [32m[1mLinking CXX executable moveit_display_random_state[0m
[51.426s] [ 83%] Built target moveit_display_random_state
[51.501s] [ 85%] [32m[1mLinking CXX executable moveit_publish_scene_from_text[0m
[51.549s] [ 87%] [32m[1mLinking CXX executable moveit_evaluate_collision_checking_speed[0m
[51.750s] [ 87%] Built target moveit_publish_scene_from_text
[51.809s] [ 87%] Built target moveit_evaluate_collision_checking_speed
[53.414s] [ 88%] [32m[1mLinking CXX executable moveit_visualize_robot_collision_volume[0m
[53.657s] [ 88%] Built target moveit_visualize_robot_collision_volume
[58.378s] [ 90%] [32m[1mLinking CXX shared library libmoveit_trajectory_execution_manager.so[0m
[58.577s] [ 90%] Built target moveit_trajectory_execution_manager
[58.586s] [35m[1mScanning dependencies of target moveit_plan_execution[0m
[58.586s] [35m[1mScanning dependencies of target moveit_cpp[0m
[58.662s] [ 93%] [32mBuilding CXX object plan_execution/CMakeFiles/moveit_plan_execution.dir/src/plan_execution.cpp.o[0m
[58.662s] [ 93%] [32mBuilding CXX object plan_execution/CMakeFiles/moveit_plan_execution.dir/src/plan_with_sensing.cpp.o[0m
[58.664s] [ 95%] [32mBuilding CXX object moveit_cpp/CMakeFiles/moveit_cpp.dir/src/moveit_cpp.cpp.o[0m
[58.664s] [ 96%] [32mBuilding CXX object moveit_cpp/CMakeFiles/moveit_cpp.dir/src/planning_component.cpp.o[0m
[68.652s] [ 98%] [32m[1mLinking CXX shared library libmoveit_cpp.so[0m
[68.848s] [ 98%] Built target moveit_cpp
[69.038s] [100%] [32m[1mLinking CXX shared library libmoveit_plan_execution.so[0m
[69.233s] [100%] Built target moveit_plan_execution
[69.245s] Invoked command in '/home/d-lab/workspace/ros_ur_driver/build/moveit_ros_planning' returned '0': CMAKE_PREFIX_PATH=/home/d-lab/workspace/ros_ur_driver/install/moveit_ros_occupancy_map_monitor:/home/d-lab/workspace/ros_ur_driver/install/moveit_core:/home/d-lab/workspace/ros_ur_driver/install/srdfdom:/home/d-lab/workspace/ros_ur_driver/install/moveit_common:/home/d-lab/workspace/ros_ur_driver/install/run_ompl_constrained_planning:/home/d-lab/workspace/ros_ur_driver/install/run_moveit_cpp:/home/d-lab/workspace/ros_ur_driver/install/run_move_group:/home/d-lab/workspace/ros_ur_driver/install/warehouse_ros_mongo:/home/d-lab/workspace/ros_ur_driver/install/ros2_controllers:/home/d-lab/workspace/ros_ur_driver/install/velocity_controllers:/home/d-lab/workspace/ros_ur_driver/install/ur_robot_driver:/home/d-lab/workspace/ros_ur_driver/install/ur_controllers:/home/d-lab/workspace/ros_ur_driver/install/ur_msgs:/home/d-lab/workspace/ros_ur_driver/install/ur_moveit_config:/home/d-lab/workspace/ros_ur_driver/install/ur_description:/home/d-lab/workspace/ros_ur_driver/install/ur_dashboard_msgs:/home/d-lab/workspace/ros_ur_driver/install/ur_client_library:/home/d-lab/workspace/ros_ur_driver/install/ur_bringup:/home/d-lab/workspace/ros_ur_driver/install/transmission_interface:/home/d-lab/workspace/ros_ur_driver/install/moveit_runtime:/home/d-lab/workspace/ros_ur_driver/install/moveit:/home/d-lab/workspace/ros_ur_driver/install/moveit_plugins:/home/d-lab/workspace/ros_ur_driver/install/moveit_simple_controller_manager:/home/d-lab/workspace/ros_ur_driver/install/moveit_servo:/home/d-lab/workspace/ros_ur_driver/install/moveit_ros:/home/d-lab/workspace/ros_ur_driver/install/moveit_ros_visualization:/home/d-lab/workspace/ros_ur_driver/install/moveit_ros_planning_interface:/home/d-lab/workspace/ros_ur_driver/install/moveit_ros_benchmarks:/home/d-lab/workspace/ros_ur_driver/install/moveit_ros_warehouse:/home/d-lab/workspace/ros_ur_driver/install/moveit_ros_robot_interaction:/home/d-lab/workspace/ros_ur_driver/install/moveit_ros_perception:/home/d-lab/workspace/ros_ur_driver/install/moveit_ros_move_group:/home/d-lab/workspace/ros_ur_driver/install/moveit_planners:/home/d-lab/workspace/ros_ur_driver/install/moveit_planners_ompl:/home/d-lab/workspace/ros_ur_driver/install/moveit_ros_planning:/home/d-lab/workspace/ros_ur_driver/install/moveit_planners_chomp:/home/d-lab/workspace/ros_ur_driver/install/moveit_kinematics:/home/d-lab/workspace/ros_ur_driver/install/moveit_chomp_optimizer_adapter:/home/d-lab/workspace/ros_ur_driver/install/chomp_motion_planner:/home/d-lab/workspace/ros_ur_driver/install/ros2_control_demos:/home/d-lab/workspace/ros_ur_driver/install/ros2_control_demo_bringup:/home/d-lab/workspace/ros_ur_driver/install/rrbot_description:/home/d-lab/workspace/ros_ur_driver/install/ros2_control:/home/d-lab/workspace/ros_ur_driver/install/controller_manager:/home/d-lab/workspace/ros_ur_driver/install/ros2_control_test_assets:/home/d-lab/workspace/ros_ur_driver/install/ros2_control_demo_hardware:/home/d-lab/workspace/ros_ur_driver/install/robotiq_description:/home/d-lab/workspace/ros_ur_driver/install/position_controllers:/home/d-lab/workspace/ros_ur_driver/install/joint_trajectory_controller:/home/d-lab/workspace/ros_ur_driver/install/joint_state_controller:/home/d-lab/workspace/ros_ur_driver/install/joint_state_broadcaster:/home/d-lab/workspace/ros_ur_driver/install/imu_sensor_broadcaster:/home/d-lab/workspace/ros_ur_driver/install/gripper_controllers:/home/d-lab/workspace/ros_ur_driver/install/effort_controllers:/home/d-lab/workspace/ros_ur_driver/install/forward_command_controller:/home/d-lab/workspace/ros_ur_driver/install/force_torque_sensor_broadcaster:/home/d-lab/workspace/ros_ur_driver/install/diff_drive_controller:/home/d-lab/workspace/ros_ur_driver/install/controller_interface:/home/d-lab/workspace/ros_ur_driver/install/hardware_interface:/home/d-lab/workspace/ros_ur_driver/install/diffbot_description:/home/d-lab/workspace/ros_ur_driver/install/controller_manager_msgs:/home/d-lab/workspace/ros_ur_driver/install/control_msgs:/home/d-lab/workspace/ros_ur_driver/install/ros2controlcli:/home/d-lab/workspace/ros_ur_driver/install/ros2_control_test_nodes:/opt/ros/foxy LD_LIBRARY_PATH=/home/d-lab/workspace/ros_ur_driver/install/moveit_ros_occupancy_map_monitor/lib:/home/d-lab/workspace/ros_ur_driver/install/moveit_core/lib:/home/d-lab/workspace/ros_ur_driver/install/srdfdom/lib:/home/d-lab/workspace/ros_ur_driver/install/warehouse_ros_mongo/lib:/home/d-lab/workspace/ros_ur_driver/install/velocity_controllers/lib:/home/d-lab/workspace/ros_ur_driver/install/ur_robot_driver/lib:/home/d-lab/workspace/ros_ur_driver/install/ur_controllers/lib:/home/d-lab/workspace/ros_ur_driver/install/ur_msgs/lib:/home/d-lab/workspace/ros_ur_driver/install/ur_dashboard_msgs/lib:/home/d-lab/workspace/ros_ur_driver/install/ur_client_library/lib:/home/d-lab/workspace/ros_ur_driver/install/moveit_simple_controller_manager/lib:/home/d-lab/workspace/ros_ur_driver/install/moveit_servo/lib:/home/d-lab/workspace/ros_ur_driver/install/moveit_ros_visualization/lib:/home/d-lab/workspace/ros_ur_driver/install/moveit_ros_planning_interface/lib:/home/d-lab/workspace/ros_ur_driver/install/moveit_ros_benchmarks/lib:/home/d-lab/workspace/ros_ur_driver/install/moveit_ros_warehouse/lib:/home/d-lab/workspace/ros_ur_driver/install/moveit_ros_robot_interaction/lib:/home/d-lab/workspace/ros_ur_driver/install/moveit_ros_perception/lib:/home/d-lab/workspace/ros_ur_driver/install/moveit_ros_move_group/lib:/home/d-lab/workspace/ros_ur_driver/install/moveit_planners_ompl/lib:/home/d-lab/workspace/ros_ur_driver/install/moveit_ros_planning/lib:/home/d-lab/workspace/ros_ur_driver/install/moveit_planners_chomp/lib:/home/d-lab/workspace/ros_ur_driver/install/moveit_kinematics/lib:/home/d-lab/workspace/ros_ur_driver/install/moveit_chomp_optimizer_adapter/lib:/home/d-lab/workspace/ros_ur_driver/install/chomp_motion_planner/lib:/home/d-lab/workspace/ros_ur_driver/install/controller_manager/lib:/home/d-lab/workspace/ros_ur_driver/install/ros2_control_demo_hardware/lib:/home/d-lab/workspace/ros_ur_driver/install/position_controllers/lib:/home/d-lab/workspace/ros_ur_driver/install/joint_trajectory_controller/lib:/home/d-lab/workspace/ros_ur_driver/install/joint_state_controller/lib:/home/d-lab/workspace/ros_ur_driver/install/joint_state_broadcaster/lib:/home/d-lab/workspace/ros_ur_driver/install/imu_sensor_broadcaster/lib:/home/d-lab/workspace/ros_ur_driver/install/gripper_controllers/lib:/home/d-lab/workspace/ros_ur_driver/install/effort_controllers/lib:/home/d-lab/workspace/ros_ur_driver/install/forward_command_controller/lib:/home/d-lab/workspace/ros_ur_driver/install/force_torque_sensor_broadcaster/lib:/home/d-lab/workspace/ros_ur_driver/install/diff_drive_controller/lib:/home/d-lab/workspace/ros_ur_driver/install/controller_interface/lib:/home/d-lab/workspace/ros_ur_driver/install/hardware_interface/lib:/home/d-lab/workspace/ros_ur_driver/install/controller_manager_msgs/lib:/home/d-lab/workspace/ros_ur_driver/install/control_msgs/lib:/opt/ros/foxy/opt/yaml_cpp_vendor/lib:/opt/ros/foxy/opt/rviz_ogre_vendor/lib:/opt/ros/foxy/lib/x86_64-linux-gnu:/opt/ros/foxy/lib PATH=/home/d-lab/workspace/ros_ur_driver/install/moveit_core/bin:/home/d-lab/workspace/ros_ur_driver/install/ur_robot_driver/bin:/home/d-lab/workspace/ros_ur_driver/install/moveit_kinematics/bin:/opt/ros/foxy/bin:/home/d-lab/.local/bin:/usr/local/sbin:/usr/local/bin:/usr/sbin:/usr/bin:/sbin:/bin:/usr/games:/usr/local/games:/snap/bin PYTHONPATH=/home/d-lab/workspace/ros_ur_driver/install/srdfdom/lib/python3.8/site-packages:/home/d-lab/workspace/ros_ur_driver/install/warehouse_ros_mongo/lib/python3.8/site-packages:/home/d-lab/workspace/ros_ur_driver/install/ur_msgs/lib/python3.8/site-packages:/home/d-lab/workspace/ros_ur_driver/install/ur_dashboard_msgs/lib/python3.8/site-packages:/home/d-lab/workspace/ros_ur_driver/install/ros2controlcli/lib/python3.8/site-packages:/home/d-lab/workspace/ros_ur_driver/install/ros2_control_test_nodes/lib/python3.8/site-packages:/home/d-lab/workspace/ros_ur_driver/install/controller_manager/lib/python3.8/site-packages:/home/d-lab/workspace/ros_ur_driver/install/controller_manager_msgs/lib/python3.8/site-packages:/home/d-lab/workspace/ros_ur_driver/install/control_msgs/lib/python3.8/site-packages:/opt/ros/foxy/lib/python3.8/site-packages /usr/bin/cmake --build /home/d-lab/workspace/ros_ur_driver/build/moveit_ros_planning -- -j16 -l16
[69.298s] Invoking command in '/home/d-lab/workspace/ros_ur_driver/build/moveit_ros_planning': CMAKE_PREFIX_PATH=/home/d-lab/workspace/ros_ur_driver/install/moveit_ros_occupancy_map_monitor:/home/d-lab/workspace/ros_ur_driver/install/moveit_core:/home/d-lab/workspace/ros_ur_driver/install/srdfdom:/home/d-lab/workspace/ros_ur_driver/install/moveit_common:/home/d-lab/workspace/ros_ur_driver/install/run_ompl_constrained_planning:/home/d-lab/workspace/ros_ur_driver/install/run_moveit_cpp:/home/d-lab/workspace/ros_ur_driver/install/run_move_group:/home/d-lab/workspace/ros_ur_driver/install/warehouse_ros_mongo:/home/d-lab/workspace/ros_ur_driver/install/ros2_controllers:/home/d-lab/workspace/ros_ur_driver/install/velocity_controllers:/home/d-lab/workspace/ros_ur_driver/install/ur_robot_driver:/home/d-lab/workspace/ros_ur_driver/install/ur_controllers:/home/d-lab/workspace/ros_ur_driver/install/ur_msgs:/home/d-lab/workspace/ros_ur_driver/install/ur_moveit_config:/home/d-lab/workspace/ros_ur_driver/install/ur_description:/home/d-lab/workspace/ros_ur_driver/install/ur_dashboard_msgs:/home/d-lab/workspace/ros_ur_driver/install/ur_client_library:/home/d-lab/workspace/ros_ur_driver/install/ur_bringup:/home/d-lab/workspace/ros_ur_driver/install/transmission_interface:/home/d-lab/workspace/ros_ur_driver/install/moveit_runtime:/home/d-lab/workspace/ros_ur_driver/install/moveit:/home/d-lab/workspace/ros_ur_driver/install/moveit_plugins:/home/d-lab/workspace/ros_ur_driver/install/moveit_simple_controller_manager:/home/d-lab/workspace/ros_ur_driver/install/moveit_servo:/home/d-lab/workspace/ros_ur_driver/install/moveit_ros:/home/d-lab/workspace/ros_ur_driver/install/moveit_ros_visualization:/home/d-lab/workspace/ros_ur_driver/install/moveit_ros_planning_interface:/home/d-lab/workspace/ros_ur_driver/install/moveit_ros_benchmarks:/home/d-lab/workspace/ros_ur_driver/install/moveit_ros_warehouse:/home/d-lab/workspace/ros_ur_driver/install/moveit_ros_robot_interaction:/home/d-lab/workspace/ros_ur_driver/install/moveit_ros_perception:/home/d-lab/workspace/ros_ur_driver/install/moveit_ros_move_group:/home/d-lab/workspace/ros_ur_driver/install/moveit_planners:/home/d-lab/workspace/ros_ur_driver/install/moveit_planners_ompl:/home/d-lab/workspace/ros_ur_driver/install/moveit_ros_planning:/home/d-lab/workspace/ros_ur_driver/install/moveit_planners_chomp:/home/d-lab/workspace/ros_ur_driver/install/moveit_kinematics:/home/d-lab/workspace/ros_ur_driver/install/moveit_chomp_optimizer_adapter:/home/d-lab/workspace/ros_ur_driver/install/chomp_motion_planner:/home/d-lab/workspace/ros_ur_driver/install/ros2_control_demos:/home/d-lab/workspace/ros_ur_driver/install/ros2_control_demo_bringup:/home/d-lab/workspace/ros_ur_driver/install/rrbot_description:/home/d-lab/workspace/ros_ur_driver/install/ros2_control:/home/d-lab/workspace/ros_ur_driver/install/controller_manager:/home/d-lab/workspace/ros_ur_driver/install/ros2_control_test_assets:/home/d-lab/workspace/ros_ur_driver/install/ros2_control_demo_hardware:/home/d-lab/workspace/ros_ur_driver/install/robotiq_description:/home/d-lab/workspace/ros_ur_driver/install/position_controllers:/home/d-lab/workspace/ros_ur_driver/install/joint_trajectory_controller:/home/d-lab/workspace/ros_ur_driver/install/joint_state_controller:/home/d-lab/workspace/ros_ur_driver/install/joint_state_broadcaster:/home/d-lab/workspace/ros_ur_driver/install/imu_sensor_broadcaster:/home/d-lab/workspace/ros_ur_driver/install/gripper_controllers:/home/d-lab/workspace/ros_ur_driver/install/effort_controllers:/home/d-lab/workspace/ros_ur_driver/install/forward_command_controller:/home/d-lab/workspace/ros_ur_driver/install/force_torque_sensor_broadcaster:/home/d-lab/workspace/ros_ur_driver/install/diff_drive_controller:/home/d-lab/workspace/ros_ur_driver/install/controller_interface:/home/d-lab/workspace/ros_ur_driver/install/hardware_interface:/home/d-lab/workspace/ros_ur_driver/install/diffbot_description:/home/d-lab/workspace/ros_ur_driver/install/controller_manager_msgs:/home/d-lab/workspace/ros_ur_driver/install/control_msgs:/home/d-lab/workspace/ros_ur_driver/install/ros2controlcli:/home/d-lab/workspace/ros_ur_driver/install/ros2_control_test_nodes:/opt/ros/foxy LD_LIBRARY_PATH=/home/d-lab/workspace/ros_ur_driver/install/moveit_ros_occupancy_map_monitor/lib:/home/d-lab/workspace/ros_ur_driver/install/moveit_core/lib:/home/d-lab/workspace/ros_ur_driver/install/srdfdom/lib:/home/d-lab/workspace/ros_ur_driver/install/warehouse_ros_mongo/lib:/home/d-lab/workspace/ros_ur_driver/install/velocity_controllers/lib:/home/d-lab/workspace/ros_ur_driver/install/ur_robot_driver/lib:/home/d-lab/workspace/ros_ur_driver/install/ur_controllers/lib:/home/d-lab/workspace/ros_ur_driver/install/ur_msgs/lib:/home/d-lab/workspace/ros_ur_driver/install/ur_dashboard_msgs/lib:/home/d-lab/workspace/ros_ur_driver/install/ur_client_library/lib:/home/d-lab/workspace/ros_ur_driver/install/moveit_simple_controller_manager/lib:/home/d-lab/workspace/ros_ur_driver/install/moveit_servo/lib:/home/d-lab/workspace/ros_ur_driver/install/moveit_ros_visualization/lib:/home/d-lab/workspace/ros_ur_driver/install/moveit_ros_planning_interface/lib:/home/d-lab/workspace/ros_ur_driver/install/moveit_ros_benchmarks/lib:/home/d-lab/workspace/ros_ur_driver/install/moveit_ros_warehouse/lib:/home/d-lab/workspace/ros_ur_driver/install/moveit_ros_robot_interaction/lib:/home/d-lab/workspace/ros_ur_driver/install/moveit_ros_perception/lib:/home/d-lab/workspace/ros_ur_driver/install/moveit_ros_move_group/lib:/home/d-lab/workspace/ros_ur_driver/install/moveit_planners_ompl/lib:/home/d-lab/workspace/ros_ur_driver/install/moveit_ros_planning/lib:/home/d-lab/workspace/ros_ur_driver/install/moveit_planners_chomp/lib:/home/d-lab/workspace/ros_ur_driver/install/moveit_kinematics/lib:/home/d-lab/workspace/ros_ur_driver/install/moveit_chomp_optimizer_adapter/lib:/home/d-lab/workspace/ros_ur_driver/install/chomp_motion_planner/lib:/home/d-lab/workspace/ros_ur_driver/install/controller_manager/lib:/home/d-lab/workspace/ros_ur_driver/install/ros2_control_demo_hardware/lib:/home/d-lab/workspace/ros_ur_driver/install/position_controllers/lib:/home/d-lab/workspace/ros_ur_driver/install/joint_trajectory_controller/lib:/home/d-lab/workspace/ros_ur_driver/install/joint_state_controller/lib:/home/d-lab/workspace/ros_ur_driver/install/joint_state_broadcaster/lib:/home/d-lab/workspace/ros_ur_driver/install/imu_sensor_broadcaster/lib:/home/d-lab/workspace/ros_ur_driver/install/gripper_controllers/lib:/home/d-lab/workspace/ros_ur_driver/install/effort_controllers/lib:/home/d-lab/workspace/ros_ur_driver/install/forward_command_controller/lib:/home/d-lab/workspace/ros_ur_driver/install/force_torque_sensor_broadcaster/lib:/home/d-lab/workspace/ros_ur_driver/install/diff_drive_controller/lib:/home/d-lab/workspace/ros_ur_driver/install/controller_interface/lib:/home/d-lab/workspace/ros_ur_driver/install/hardware_interface/lib:/home/d-lab/workspace/ros_ur_driver/install/controller_manager_msgs/lib:/home/d-lab/workspace/ros_ur_driver/install/control_msgs/lib:/opt/ros/foxy/opt/yaml_cpp_vendor/lib:/opt/ros/foxy/opt/rviz_ogre_vendor/lib:/opt/ros/foxy/lib/x86_64-linux-gnu:/opt/ros/foxy/lib PATH=/home/d-lab/workspace/ros_ur_driver/install/moveit_core/bin:/home/d-lab/workspace/ros_ur_driver/install/ur_robot_driver/bin:/home/d-lab/workspace/ros_ur_driver/install/moveit_kinematics/bin:/opt/ros/foxy/bin:/home/d-lab/.local/bin:/usr/local/sbin:/usr/local/bin:/usr/sbin:/usr/bin:/sbin:/bin:/usr/games:/usr/local/games:/snap/bin PYTHONPATH=/home/d-lab/workspace/ros_ur_driver/install/srdfdom/lib/python3.8/site-packages:/home/d-lab/workspace/ros_ur_driver/install/warehouse_ros_mongo/lib/python3.8/site-packages:/home/d-lab/workspace/ros_ur_driver/install/ur_msgs/lib/python3.8/site-packages:/home/d-lab/workspace/ros_ur_driver/install/ur_dashboard_msgs/lib/python3.8/site-packages:/home/d-lab/workspace/ros_ur_driver/install/ros2controlcli/lib/python3.8/site-packages:/home/d-lab/workspace/ros_ur_driver/install/ros2_control_test_nodes/lib/python3.8/site-packages:/home/d-lab/workspace/ros_ur_driver/install/controller_manager/lib/python3.8/site-packages:/home/d-lab/workspace/ros_ur_driver/install/controller_manager_msgs/lib/python3.8/site-packages:/home/d-lab/workspace/ros_ur_driver/install/control_msgs/lib/python3.8/site-packages:/opt/ros/foxy/lib/python3.8/site-packages /usr/bin/cmake --install /home/d-lab/workspace/ros_ur_driver/build/moveit_ros_planning
[69.305s] -- Install configuration: "Release"
[69.305s] -- Installing: /home/d-lab/workspace/ros_ur_driver/install/moveit_ros_planning/lib/libmoveit_rdf_loader.so.2.2.3
[69.305s] -- Set runtime path of "/home/d-lab/workspace/ros_ur_driver/install/moveit_ros_planning/lib/libmoveit_rdf_loader.so.2.2.3" to ""
[69.305s] -- Installing: /home/d-lab/workspace/ros_ur_driver/install/moveit_ros_planning/lib/libmoveit_rdf_loader.so
[69.306s] -- Installing: /home/d-lab/workspace/ros_ur_driver/install/moveit_ros_planning/lib/libmoveit_kinematics_plugin_loader.so.2.2.3
[69.306s] -- Set runtime path of "/home/d-lab/workspace/ros_ur_driver/install/moveit_ros_planning/lib/libmoveit_kinematics_plugin_loader.so.2.2.3" to ""
[69.306s] -- Installing: /home/d-lab/workspace/ros_ur_driver/install/moveit_ros_planning/lib/libmoveit_kinematics_plugin_loader.so
[69.306s] -- Installing: /home/d-lab/workspace/ros_ur_driver/install/moveit_ros_planning/lib/libmoveit_robot_model_loader.so.2.2.3
[69.307s] -- Set runtime path of "/home/d-lab/workspace/ros_ur_driver/install/moveit_ros_planning/lib/libmoveit_robot_model_loader.so.2.2.3" to ""
[69.307s] -- Installing: /home/d-lab/workspace/ros_ur_driver/install/moveit_ros_planning/lib/libmoveit_robot_model_loader.so
[69.307s] -- Installing: /home/d-lab/workspace/ros_ur_driver/install/moveit_ros_planning/lib/libmoveit_constraint_sampler_manager_loader.so.2.2.3
[69.307s] -- Set runtime path of "/home/d-lab/workspace/ros_ur_driver/install/moveit_ros_planning/lib/libmoveit_constraint_sampler_manager_loader.so.2.2.3" to ""
[69.307s] -- Installing: /home/d-lab/workspace/ros_ur_driver/install/moveit_ros_planning/lib/libmoveit_constraint_sampler_manager_loader.so
[69.307s] -- Installing: /home/d-lab/workspace/ros_ur_driver/install/moveit_ros_planning/lib/libmoveit_planning_pipeline.so.2.2.3
[69.308s] -- Set runtime path of "/home/d-lab/workspace/ros_ur_driver/install/moveit_ros_planning/lib/libmoveit_planning_pipeline.so.2.2.3" to ""
[69.308s] -- Installing: /home/d-lab/workspace/ros_ur_driver/install/moveit_ros_planning/lib/libmoveit_planning_pipeline.so
[69.308s] -- Installing: /home/d-lab/workspace/ros_ur_driver/install/moveit_ros_planning/lib/libmoveit_trajectory_execution_manager.so.2.2.3
[69.309s] -- Set runtime path of "/home/d-lab/workspace/ros_ur_driver/install/moveit_ros_planning/lib/libmoveit_trajectory_execution_manager.so.2.2.3" to ""
[69.309s] -- Installing: /home/d-lab/workspace/ros_ur_driver/install/moveit_ros_planning/lib/libmoveit_trajectory_execution_manager.so
[69.309s] -- Installing: /home/d-lab/workspace/ros_ur_driver/install/moveit_ros_planning/lib/libmoveit_plan_execution.so.2.2.3
[69.310s] -- Set runtime path of "/home/d-lab/workspace/ros_ur_driver/install/moveit_ros_planning/lib/libmoveit_plan_execution.so.2.2.3" to ""
[69.310s] -- Installing: /home/d-lab/workspace/ros_ur_driver/install/moveit_ros_planning/lib/libmoveit_plan_execution.so
[69.310s] -- Installing: /home/d-lab/workspace/ros_ur_driver/install/moveit_ros_planning/lib/libmoveit_planning_scene_monitor.so.2.2.3
[69.311s] -- Set runtime path of "/home/d-lab/workspace/ros_ur_driver/install/moveit_ros_planning/lib/libmoveit_planning_scene_monitor.so.2.2.3" to ""
[69.311s] -- Installing: /home/d-lab/workspace/ros_ur_driver/install/moveit_ros_planning/lib/libmoveit_planning_scene_monitor.so
[69.311s] -- Installing: /home/d-lab/workspace/ros_ur_driver/install/moveit_ros_planning/lib/libmoveit_collision_plugin_loader.so.2.2.3
[69.311s] -- Set runtime path of "/home/d-lab/workspace/ros_ur_driver/install/moveit_ros_planning/lib/libmoveit_collision_plugin_loader.so.2.2.3" to ""
[69.311s] -- Installing: /home/d-lab/workspace/ros_ur_driver/install/moveit_ros_planning/lib/libmoveit_collision_plugin_loader.so
[69.312s] -- Installing: /home/d-lab/workspace/ros_ur_driver/install/moveit_ros_planning/lib/libmoveit_default_planning_request_adapter_plugins.so.2.2.3
[69.312s] -- Set runtime path of "/home/d-lab/workspace/ros_ur_driver/install/moveit_ros_planning/lib/libmoveit_default_planning_request_adapter_plugins.so.2.2.3" to ""
[69.312s] -- Installing: /home/d-lab/workspace/ros_ur_driver/install/moveit_ros_planning/lib/libmoveit_default_planning_request_adapter_plugins.so
[69.312s] -- Installing: /home/d-lab/workspace/ros_ur_driver/install/moveit_ros_planning/lib/libmoveit_cpp.so.2.2.3
[69.313s] -- Set runtime path of "/home/d-lab/workspace/ros_ur_driver/install/moveit_ros_planning/lib/libmoveit_cpp.so.2.2.3" to ""
[69.313s] -- Installing: /home/d-lab/workspace/ros_ur_driver/install/moveit_ros_planning/lib/libmoveit_cpp.so
[69.313s] -- Installing: /home/d-lab/workspace/ros_ur_driver/install/moveit_ros_planning/share/moveit_ros_planning/environment/library_path.sh
[69.313s] -- Installing: /home/d-lab/workspace/ros_ur_driver/install/moveit_ros_planning/share/moveit_ros_planning/environment/library_path.dsv
[69.313s] -- Installing: /home/d-lab/workspace/ros_ur_driver/install/moveit_ros_planning/share/moveit_ros_planning/planning_request_adapters_plugin_description.xml
[69.313s] -- Installing: /home/d-lab/workspace/ros_ur_driver/install/moveit_ros_planning/share/ament_index/resource_index/package_run_dependencies/moveit_ros_planning
[69.313s] -- Installing: /home/d-lab/workspace/ros_ur_driver/install/moveit_ros_planning/share/ament_index/resource_index/parent_prefix_path/moveit_ros_planning
[69.313s] -- Installing: /home/d-lab/workspace/ros_ur_driver/install/moveit_ros_planning/share/moveit_ros_planning/environment/ament_prefix_path.sh
[69.313s] -- Installing: /home/d-lab/workspace/ros_ur_driver/install/moveit_ros_planning/share/moveit_ros_planning/environment/ament_prefix_path.dsv
[69.313s] -- Installing: /home/d-lab/workspace/ros_ur_driver/install/moveit_ros_planning/share/moveit_ros_planning/environment/path.sh
[69.313s] -- Installing: /home/d-lab/workspace/ros_ur_driver/install/moveit_ros_planning/share/moveit_ros_planning/environment/path.dsv
[69.313s] -- Installing: /home/d-lab/workspace/ros_ur_driver/install/moveit_ros_planning/share/moveit_ros_planning/local_setup.bash
[69.313s] -- Installing: /home/d-lab/workspace/ros_ur_driver/install/moveit_ros_planning/share/moveit_ros_planning/local_setup.sh
[69.313s] -- Installing: /home/d-lab/workspace/ros_ur_driver/install/moveit_ros_planning/share/moveit_ros_planning/local_setup.zsh
[69.313s] -- Installing: /home/d-lab/workspace/ros_ur_driver/install/moveit_ros_planning/share/moveit_ros_planning/local_setup.dsv
[69.314s] -- Installing: /home/d-lab/workspace/ros_ur_driver/install/moveit_ros_planning/share/moveit_ros_planning/package.dsv
[69.314s] -- Installing: /home/d-lab/workspace/ros_ur_driver/install/moveit_ros_planning/share/ament_index/resource_index/packages/moveit_ros_planning
[69.314s] -- Installing: /home/d-lab/workspace/ros_ur_driver/install/moveit_ros_planning/share/ament_index/resource_index/moveit_core__pluginlib__plugin/moveit_ros_planning
[69.314s] -- Installing: /home/d-lab/workspace/ros_ur_driver/install/moveit_ros_planning/share/moveit_ros_planning/cmake/export_moveit_ros_planningExport.cmake
[69.314s] -- Installing: /home/d-lab/workspace/ros_ur_driver/install/moveit_ros_planning/share/moveit_ros_planning/cmake/export_moveit_ros_planningExport-release.cmake
[69.314s] -- Installing: /home/d-lab/workspace/ros_ur_driver/install/moveit_ros_planning/share/moveit_ros_planning/cmake/ConfigExtras.cmake
[69.314s] -- Installing: /home/d-lab/workspace/ros_ur_driver/install/moveit_ros_planning/share/moveit_ros_planning/cmake/ament_cmake_export_targets-extras.cmake
[69.314s] -- Installing: /home/d-lab/workspace/ros_ur_driver/install/moveit_ros_planning/share/moveit_ros_planning/cmake/ament_cmake_export_dependencies-extras.cmake
[69.314s] -- Installing: /home/d-lab/workspace/ros_ur_driver/install/moveit_ros_planning/share/moveit_ros_planning/cmake/moveit_ros_planningConfig.cmake
[69.314s] -- Installing: /home/d-lab/workspace/ros_ur_driver/install/moveit_ros_planning/share/moveit_ros_planning/cmake/moveit_ros_planningConfig-version.cmake
[69.314s] -- Installing: /home/d-lab/workspace/ros_ur_driver/install/moveit_ros_planning/share/moveit_ros_planning/package.xml
[69.314s] -- Installing: /home/d-lab/workspace/ros_ur_driver/install/moveit_ros_planning/include
[69.314s] -- Installing: /home/d-lab/workspace/ros_ur_driver/install/moveit_ros_planning/include/moveit
[69.314s] -- Installing: /home/d-lab/workspace/ros_ur_driver/install/moveit_ros_planning/include/moveit/rdf_loader
[69.315s] -- Installing: /home/d-lab/workspace/ros_ur_driver/install/moveit_ros_planning/include/moveit/rdf_loader/rdf_loader.h
[69.315s] -- Up-to-date: /home/d-lab/workspace/ros_ur_driver/install/moveit_ros_planning/include
[69.315s] -- Up-to-date: /home/d-lab/workspace/ros_ur_driver/install/moveit_ros_planning/include/moveit
[69.315s] -- Installing: /home/d-lab/workspace/ros_ur_driver/install/moveit_ros_planning/include/moveit/collision_plugin_loader
[69.315s] -- Installing: /home/d-lab/workspace/ros_ur_driver/install/moveit_ros_planning/include/moveit/collision_plugin_loader/collision_plugin_loader.h
[69.315s] -- Up-to-date: /home/d-lab/workspace/ros_ur_driver/install/moveit_ros_planning/include
[69.315s] -- Up-to-date: /home/d-lab/workspace/ros_ur_driver/install/moveit_ros_planning/include/moveit
[69.315s] -- Installing: /home/d-lab/workspace/ros_ur_driver/install/moveit_ros_planning/include/moveit/kinematics_plugin_loader
[69.315s] -- Installing: /home/d-lab/workspace/ros_ur_driver/install/moveit_ros_planning/include/moveit/kinematics_plugin_loader/kinematics_plugin_loader.h
[69.315s] -- Up-to-date: /home/d-lab/workspace/ros_ur_driver/install/moveit_ros_planning/include
[69.315s] -- Up-to-date: /home/d-lab/workspace/ros_ur_driver/install/moveit_ros_planning/include/moveit
[69.315s] -- Installing: /home/d-lab/workspace/ros_ur_driver/install/moveit_ros_planning/include/moveit/robot_model_loader
[69.315s] -- Installing: /home/d-lab/workspace/ros_ur_driver/install/moveit_ros_planning/include/moveit/robot_model_loader/robot_model_loader.h
[69.315s] -- Up-to-date: /home/d-lab/workspace/ros_ur_driver/install/moveit_ros_planning/include
[69.315s] -- Up-to-date: /home/d-lab/workspace/ros_ur_driver/install/moveit_ros_planning/include/moveit
[69.315s] -- Installing: /home/d-lab/workspace/ros_ur_driver/install/moveit_ros_planning/include/moveit/constraint_sampler_manager_loader
[69.315s] -- Installing: /home/d-lab/workspace/ros_ur_driver/install/moveit_ros_planning/include/moveit/constraint_sampler_manager_loader/constraint_sampler_manager_loader.h
[69.315s] -- Up-to-date: /home/d-lab/workspace/ros_ur_driver/install/moveit_ros_planning/include
[69.315s] -- Up-to-date: /home/d-lab/workspace/ros_ur_driver/install/moveit_ros_planning/include/moveit
[69.315s] -- Installing: /home/d-lab/workspace/ros_ur_driver/install/moveit_ros_planning/include/moveit/planning_pipeline
[69.315s] -- Installing: /home/d-lab/workspace/ros_ur_driver/install/moveit_ros_planning/include/moveit/planning_pipeline/planning_pipeline.h
[69.316s] -- Installing: /home/d-lab/workspace/ros_ur_driver/install/moveit_ros_planning/include/moveit_planning_pipeline_export.h
[69.316s] -- Installing: /home/d-lab/workspace/ros_ur_driver/install/moveit_ros_planning/lib/moveit_ros_planning/moveit_list_request_adapter_plugins
[69.316s] -- Set runtime path of "/home/d-lab/workspace/ros_ur_driver/install/moveit_ros_planning/lib/moveit_ros_planning/moveit_list_request_adapter_plugins" to ""
[69.316s] -- Installing: /home/d-lab/workspace/ros_ur_driver/install/moveit_ros_planning/lib/moveit_ros_planning/demo_scene
[69.316s] -- Set runtime path of "/home/d-lab/workspace/ros_ur_driver/install/moveit_ros_planning/lib/moveit_ros_planning/demo_scene" to ""
[69.317s] -- Up-to-date: /home/d-lab/workspace/ros_ur_driver/install/moveit_ros_planning/include
[69.317s] -- Up-to-date: /home/d-lab/workspace/ros_ur_driver/install/moveit_ros_planning/include/moveit
[69.317s] -- Installing: /home/d-lab/workspace/ros_ur_driver/install/moveit_ros_planning/include/moveit/planning_scene_monitor
[69.317s] -- Installing: /home/d-lab/workspace/ros_ur_driver/install/moveit_ros_planning/include/moveit/planning_scene_monitor/current_state_monitor.h
[69.317s] -- Installing: /home/d-lab/workspace/ros_ur_driver/install/moveit_ros_planning/include/moveit/planning_scene_monitor/current_state_monitor_middleware_handle.hpp
[69.317s] -- Installing: /home/d-lab/workspace/ros_ur_driver/install/moveit_ros_planning/include/moveit/planning_scene_monitor/trajectory_monitor.h
[69.317s] -- Installing: /home/d-lab/workspace/ros_ur_driver/install/moveit_ros_planning/include/moveit/planning_scene_monitor/planning_scene_monitor.h
[69.317s] -- Installing: /home/d-lab/workspace/ros_ur_driver/install/moveit_ros_planning/include/moveit_planning_scene_monitor_export.h
[69.317s] -- Installing: /home/d-lab/workspace/ros_ur_driver/install/moveit_ros_planning/lib/moveit_ros_planning/moveit_print_planning_model_info
[69.317s] -- Set runtime path of "/home/d-lab/workspace/ros_ur_driver/install/moveit_ros_planning/lib/moveit_ros_planning/moveit_print_planning_model_info" to ""
[69.317s] -- Installing: /home/d-lab/workspace/ros_ur_driver/install/moveit_ros_planning/lib/moveit_ros_planning/moveit_print_planning_scene_info
[69.318s] -- Set runtime path of "/home/d-lab/workspace/ros_ur_driver/install/moveit_ros_planning/lib/moveit_ros_planning/moveit_print_planning_scene_info" to ""
[69.318s] -- Installing: /home/d-lab/workspace/ros_ur_driver/install/moveit_ros_planning/lib/moveit_ros_planning/moveit_display_random_state
[69.318s] -- Set runtime path of "/home/d-lab/workspace/ros_ur_driver/install/moveit_ros_planning/lib/moveit_ros_planning/moveit_display_random_state" to ""
[69.318s] -- Installing: /home/d-lab/workspace/ros_ur_driver/install/moveit_ros_planning/lib/moveit_ros_planning/moveit_visualize_robot_collision_volume
[69.319s] -- Set runtime path of "/home/d-lab/workspace/ros_ur_driver/install/moveit_ros_planning/lib/moveit_ros_planning/moveit_visualize_robot_collision_volume" to ""
[69.319s] -- Installing: /home/d-lab/workspace/ros_ur_driver/install/moveit_ros_planning/lib/moveit_ros_planning/moveit_evaluate_collision_checking_speed
[69.319s] -- Set runtime path of "/home/d-lab/workspace/ros_ur_driver/install/moveit_ros_planning/lib/moveit_ros_planning/moveit_evaluate_collision_checking_speed" to ""
[69.319s] -- Installing: /home/d-lab/workspace/ros_ur_driver/install/moveit_ros_planning/lib/moveit_ros_planning/moveit_evaluate_state_operations_speed
[69.319s] -- Set runtime path of "/home/d-lab/workspace/ros_ur_driver/install/moveit_ros_planning/lib/moveit_ros_planning/moveit_evaluate_state_operations_speed" to ""
[69.319s] -- Installing: /home/d-lab/workspace/ros_ur_driver/install/moveit_ros_planning/lib/moveit_ros_planning/moveit_kinematics_speed_and_validity_evaluator
[69.320s] -- Set runtime path of "/home/d-lab/workspace/ros_ur_driver/install/moveit_ros_planning/lib/moveit_ros_planning/moveit_kinematics_speed_and_validity_evaluator" to ""
[69.320s] -- Installing: /home/d-lab/workspace/ros_ur_driver/install/moveit_ros_planning/lib/moveit_ros_planning/moveit_publish_scene_from_text
[69.320s] -- Set runtime path of "/home/d-lab/workspace/ros_ur_driver/install/moveit_ros_planning/lib/moveit_ros_planning/moveit_publish_scene_from_text" to ""
[69.320s] -- Up-to-date: /home/d-lab/workspace/ros_ur_driver/install/moveit_ros_planning/include
[69.320s] -- Up-to-date: /home/d-lab/workspace/ros_ur_driver/install/moveit_ros_planning/include/moveit
[69.320s] -- Installing: /home/d-lab/workspace/ros_ur_driver/install/moveit_ros_planning/include/moveit/trajectory_execution_manager
[69.320s] -- Installing: /home/d-lab/workspace/ros_ur_driver/install/moveit_ros_planning/include/moveit/trajectory_execution_manager/trajectory_execution_manager.h
[69.320s] -- Installing: /home/d-lab/workspace/ros_ur_driver/install/moveit_ros_planning/include/moveit_trajectory_execution_manager_export.h
[69.320s] -- Up-to-date: /home/d-lab/workspace/ros_ur_driver/install/moveit_ros_planning/include
[69.321s] -- Up-to-date: /home/d-lab/workspace/ros_ur_driver/install/moveit_ros_planning/include/moveit
[69.321s] -- Installing: /home/d-lab/workspace/ros_ur_driver/install/moveit_ros_planning/include/moveit/plan_execution
[69.321s] -- Installing: /home/d-lab/workspace/ros_ur_driver/install/moveit_ros_planning/include/moveit/plan_execution/plan_execution.h
[69.321s] -- Installing: /home/d-lab/workspace/ros_ur_driver/install/moveit_ros_planning/include/moveit/plan_execution/plan_with_sensing.h
[69.321s] -- Installing: /home/d-lab/workspace/ros_ur_driver/install/moveit_ros_planning/include/moveit/plan_execution/plan_representation.h
[69.321s] -- Up-to-date: /home/d-lab/workspace/ros_ur_driver/install/moveit_ros_planning/include
[69.321s] -- Up-to-date: /home/d-lab/workspace/ros_ur_driver/install/moveit_ros_planning/include/moveit
[69.321s] -- Installing: /home/d-lab/workspace/ros_ur_driver/install/moveit_ros_planning/include/moveit/moveit_cpp
[69.321s] -- Installing: /home/d-lab/workspace/ros_ur_driver/install/moveit_ros_planning/include/moveit/moveit_cpp/planning_component.h
[69.321s] -- Installing: /home/d-lab/workspace/ros_ur_driver/install/moveit_ros_planning/include/moveit/moveit_cpp/moveit_cpp.h
[69.325s] Invoked command in '/home/d-lab/workspace/ros_ur_driver/build/moveit_ros_planning' returned '0': CMAKE_PREFIX_PATH=/home/d-lab/workspace/ros_ur_driver/install/moveit_ros_occupancy_map_monitor:/home/d-lab/workspace/ros_ur_driver/install/moveit_core:/home/d-lab/workspace/ros_ur_driver/install/srdfdom:/home/d-lab/workspace/ros_ur_driver/install/moveit_common:/home/d-lab/workspace/ros_ur_driver/install/run_ompl_constrained_planning:/home/d-lab/workspace/ros_ur_driver/install/run_moveit_cpp:/home/d-lab/workspace/ros_ur_driver/install/run_move_group:/home/d-lab/workspace/ros_ur_driver/install/warehouse_ros_mongo:/home/d-lab/workspace/ros_ur_driver/install/ros2_controllers:/home/d-lab/workspace/ros_ur_driver/install/velocity_controllers:/home/d-lab/workspace/ros_ur_driver/install/ur_robot_driver:/home/d-lab/workspace/ros_ur_driver/install/ur_controllers:/home/d-lab/workspace/ros_ur_driver/install/ur_msgs:/home/d-lab/workspace/ros_ur_driver/install/ur_moveit_config:/home/d-lab/workspace/ros_ur_driver/install/ur_description:/home/d-lab/workspace/ros_ur_driver/install/ur_dashboard_msgs:/home/d-lab/workspace/ros_ur_driver/install/ur_client_library:/home/d-lab/workspace/ros_ur_driver/install/ur_bringup:/home/d-lab/workspace/ros_ur_driver/install/transmission_interface:/home/d-lab/workspace/ros_ur_driver/install/moveit_runtime:/home/d-lab/workspace/ros_ur_driver/install/moveit:/home/d-lab/workspace/ros_ur_driver/install/moveit_plugins:/home/d-lab/workspace/ros_ur_driver/install/moveit_simple_controller_manager:/home/d-lab/workspace/ros_ur_driver/install/moveit_servo:/home/d-lab/workspace/ros_ur_driver/install/moveit_ros:/home/d-lab/workspace/ros_ur_driver/install/moveit_ros_visualization:/home/d-lab/workspace/ros_ur_driver/install/moveit_ros_planning_interface:/home/d-lab/workspace/ros_ur_driver/install/moveit_ros_benchmarks:/home/d-lab/workspace/ros_ur_driver/install/moveit_ros_warehouse:/home/d-lab/workspace/ros_ur_driver/install/moveit_ros_robot_interaction:/home/d-lab/workspace/ros_ur_driver/install/moveit_ros_perception:/home/d-lab/workspace/ros_ur_driver/install/moveit_ros_move_group:/home/d-lab/workspace/ros_ur_driver/install/moveit_planners:/home/d-lab/workspace/ros_ur_driver/install/moveit_planners_ompl:/home/d-lab/workspace/ros_ur_driver/install/moveit_ros_planning:/home/d-lab/workspace/ros_ur_driver/install/moveit_planners_chomp:/home/d-lab/workspace/ros_ur_driver/install/moveit_kinematics:/home/d-lab/workspace/ros_ur_driver/install/moveit_chomp_optimizer_adapter:/home/d-lab/workspace/ros_ur_driver/install/chomp_motion_planner:/home/d-lab/workspace/ros_ur_driver/install/ros2_control_demos:/home/d-lab/workspace/ros_ur_driver/install/ros2_control_demo_bringup:/home/d-lab/workspace/ros_ur_driver/install/rrbot_description:/home/d-lab/workspace/ros_ur_driver/install/ros2_control:/home/d-lab/workspace/ros_ur_driver/install/controller_manager:/home/d-lab/workspace/ros_ur_driver/install/ros2_control_test_assets:/home/d-lab/workspace/ros_ur_driver/install/ros2_control_demo_hardware:/home/d-lab/workspace/ros_ur_driver/install/robotiq_description:/home/d-lab/workspace/ros_ur_driver/install/position_controllers:/home/d-lab/workspace/ros_ur_driver/install/joint_trajectory_controller:/home/d-lab/workspace/ros_ur_driver/install/joint_state_controller:/home/d-lab/workspace/ros_ur_driver/install/joint_state_broadcaster:/home/d-lab/workspace/ros_ur_driver/install/imu_sensor_broadcaster:/home/d-lab/workspace/ros_ur_driver/install/gripper_controllers:/home/d-lab/workspace/ros_ur_driver/install/effort_controllers:/home/d-lab/workspace/ros_ur_driver/install/forward_command_controller:/home/d-lab/workspace/ros_ur_driver/install/force_torque_sensor_broadcaster:/home/d-lab/workspace/ros_ur_driver/install/diff_drive_controller:/home/d-lab/workspace/ros_ur_driver/install/controller_interface:/home/d-lab/workspace/ros_ur_driver/install/hardware_interface:/home/d-lab/workspace/ros_ur_driver/install/diffbot_description:/home/d-lab/workspace/ros_ur_driver/install/controller_manager_msgs:/home/d-lab/workspace/ros_ur_driver/install/control_msgs:/home/d-lab/workspace/ros_ur_driver/install/ros2controlcli:/home/d-lab/workspace/ros_ur_driver/install/ros2_control_test_nodes:/opt/ros/foxy LD_LIBRARY_PATH=/home/d-lab/workspace/ros_ur_driver/install/moveit_ros_occupancy_map_monitor/lib:/home/d-lab/workspace/ros_ur_driver/install/moveit_core/lib:/home/d-lab/workspace/ros_ur_driver/install/srdfdom/lib:/home/d-lab/workspace/ros_ur_driver/install/warehouse_ros_mongo/lib:/home/d-lab/workspace/ros_ur_driver/install/velocity_controllers/lib:/home/d-lab/workspace/ros_ur_driver/install/ur_robot_driver/lib:/home/d-lab/workspace/ros_ur_driver/install/ur_controllers/lib:/home/d-lab/workspace/ros_ur_driver/install/ur_msgs/lib:/home/d-lab/workspace/ros_ur_driver/install/ur_dashboard_msgs/lib:/home/d-lab/workspace/ros_ur_driver/install/ur_client_library/lib:/home/d-lab/workspace/ros_ur_driver/install/moveit_simple_controller_manager/lib:/home/d-lab/workspace/ros_ur_driver/install/moveit_servo/lib:/home/d-lab/workspace/ros_ur_driver/install/moveit_ros_visualization/lib:/home/d-lab/workspace/ros_ur_driver/install/moveit_ros_planning_interface/lib:/home/d-lab/workspace/ros_ur_driver/install/moveit_ros_benchmarks/lib:/home/d-lab/workspace/ros_ur_driver/install/moveit_ros_warehouse/lib:/home/d-lab/workspace/ros_ur_driver/install/moveit_ros_robot_interaction/lib:/home/d-lab/workspace/ros_ur_driver/install/moveit_ros_perception/lib:/home/d-lab/workspace/ros_ur_driver/install/moveit_ros_move_group/lib:/home/d-lab/workspace/ros_ur_driver/install/moveit_planners_ompl/lib:/home/d-lab/workspace/ros_ur_driver/install/moveit_ros_planning/lib:/home/d-lab/workspace/ros_ur_driver/install/moveit_planners_chomp/lib:/home/d-lab/workspace/ros_ur_driver/install/moveit_kinematics/lib:/home/d-lab/workspace/ros_ur_driver/install/moveit_chomp_optimizer_adapter/lib:/home/d-lab/workspace/ros_ur_driver/install/chomp_motion_planner/lib:/home/d-lab/workspace/ros_ur_driver/install/controller_manager/lib:/home/d-lab/workspace/ros_ur_driver/install/ros2_control_demo_hardware/lib:/home/d-lab/workspace/ros_ur_driver/install/position_controllers/lib:/home/d-lab/workspace/ros_ur_driver/install/joint_trajectory_controller/lib:/home/d-lab/workspace/ros_ur_driver/install/joint_state_controller/lib:/home/d-lab/workspace/ros_ur_driver/install/joint_state_broadcaster/lib:/home/d-lab/workspace/ros_ur_driver/install/imu_sensor_broadcaster/lib:/home/d-lab/workspace/ros_ur_driver/install/gripper_controllers/lib:/home/d-lab/workspace/ros_ur_driver/install/effort_controllers/lib:/home/d-lab/workspace/ros_ur_driver/install/forward_command_controller/lib:/home/d-lab/workspace/ros_ur_driver/install/force_torque_sensor_broadcaster/lib:/home/d-lab/workspace/ros_ur_driver/install/diff_drive_controller/lib:/home/d-lab/workspace/ros_ur_driver/install/controller_interface/lib:/home/d-lab/workspace/ros_ur_driver/install/hardware_interface/lib:/home/d-lab/workspace/ros_ur_driver/install/controller_manager_msgs/lib:/home/d-lab/workspace/ros_ur_driver/install/control_msgs/lib:/opt/ros/foxy/opt/yaml_cpp_vendor/lib:/opt/ros/foxy/opt/rviz_ogre_vendor/lib:/opt/ros/foxy/lib/x86_64-linux-gnu:/opt/ros/foxy/lib PATH=/home/d-lab/workspace/ros_ur_driver/install/moveit_core/bin:/home/d-lab/workspace/ros_ur_driver/install/ur_robot_driver/bin:/home/d-lab/workspace/ros_ur_driver/install/moveit_kinematics/bin:/opt/ros/foxy/bin:/home/d-lab/.local/bin:/usr/local/sbin:/usr/local/bin:/usr/sbin:/usr/bin:/sbin:/bin:/usr/games:/usr/local/games:/snap/bin PYTHONPATH=/home/d-lab/workspace/ros_ur_driver/install/srdfdom/lib/python3.8/site-packages:/home/d-lab/workspace/ros_ur_driver/install/warehouse_ros_mongo/lib/python3.8/site-packages:/home/d-lab/workspace/ros_ur_driver/install/ur_msgs/lib/python3.8/site-packages:/home/d-lab/workspace/ros_ur_driver/install/ur_dashboard_msgs/lib/python3.8/site-packages:/home/d-lab/workspace/ros_ur_driver/install/ros2controlcli/lib/python3.8/site-packages:/home/d-lab/workspace/ros_ur_driver/install/ros2_control_test_nodes/lib/python3.8/site-packages:/home/d-lab/workspace/ros_ur_driver/install/controller_manager/lib/python3.8/site-packages:/home/d-lab/workspace/ros_ur_driver/install/controller_manager_msgs/lib/python3.8/site-packages:/home/d-lab/workspace/ros_ur_driver/install/control_msgs/lib/python3.8/site-packages:/opt/ros/foxy/lib/python3.8/site-packages /usr/bin/cmake --install /home/d-lab/workspace/ros_ur_driver/build/moveit_ros_planning
