[0.036s] Invoking command in '/home/d-lab/workspace/ros_ur_driver/build/controller_manager_msgs': CMAKE_PREFIX_PATH=/opt/ros/foxy /usr/bin/cmake /home/d-lab/workspace/ros_ur_driver/src/ros2_control/controller_manager_msgs -DCMAKE_BUILD_TYPE=Release -DCMAKE_INSTALL_PREFIX=/home/d-lab/workspace/ros_ur_driver/install/controller_manager_msgs
[0.190s] -- Found ament_cmake: 0.9.9 (/opt/ros/foxy/share/ament_cmake/cmake)
[0.191s] -- Found PythonInterp: /usr/bin/python3 (found suitable version "3.8.10", minimum required is "3") 
[0.191s] -- Using PYTHON_EXECUTABLE: /usr/bin/python3
[0.192s] -- Found builtin_interfaces: 1.0.0 (/opt/ros/foxy/share/builtin_interfaces/cmake)
[0.207s] -- Using all available rosidl_typesupport_c: rosidl_typesupport_fastrtps_c;rosidl_typesupport_introspection_c
[0.216s] -- Found rosidl_adapter: 1.2.1 (/opt/ros/foxy/share/rosidl_adapter/cmake)
[0.291s] -- Found OpenSSL: /usr/lib/x86_64-linux-gnu/libcrypto.so (found version "1.1.1f")  
[0.319s] -- Found FastRTPS: /opt/ros/foxy/include  
[0.379s] -- Using all available rosidl_typesupport_cpp: rosidl_typesupport_fastrtps_cpp;rosidl_typesupport_introspection_cpp
[0.402s] -- Found rosidl_default_generators: 1.0.1 (/opt/ros/foxy/share/rosidl_default_generators/cmake)
[0.410s] -- Found ament_lint_auto: 0.9.6 (/opt/ros/foxy/share/ament_lint_auto/cmake)
[0.483s] -- Found PythonInterp: /usr/bin/python3 (found version "3.8.10") 
[0.585s] -- Found ament_cmake_ros: 0.9.2 (/opt/ros/foxy/share/ament_cmake_ros/cmake)
[0.667s] -- Using all available rosidl_typesupport_c: rosidl_typesupport_fastrtps_c;rosidl_typesupport_introspection_c
[0.679s] -- Using all available rosidl_typesupport_cpp: rosidl_typesupport_fastrtps_cpp;rosidl_typesupport_introspection_cpp
[0.694s] -- Found PythonInterp: /usr/bin/python3 (found suitable version "3.8.10", minimum required is "3.5") 
[0.695s] -- Found python_cmake_module: 0.8.1 (/opt/ros/foxy/share/python_cmake_module/cmake)
[0.712s] -- Found PythonLibs: /usr/lib/x86_64-linux-gnu/libpython3.8.so (found suitable version "3.8.10", minimum required is "3.5") 
[0.712s] -- Using PYTHON_EXECUTABLE: /usr/bin/python3
[0.712s] -- Using PYTHON_INCLUDE_DIRS: /usr/include/python3.8
[0.712s] -- Using PYTHON_LIBRARIES: /usr/lib/x86_64-linux-gnu/libpython3.8.so
[0.725s] -- Found PythonExtra: .so  
[0.754s] -- Added test 'copyright' to check source files copyright and LICENSE
[0.756s] -- Added test 'lint_cmake' to check CMake code style
[0.757s] -- Added test 'xmllint' to check XML markup files
[0.761s] -- Configuring done
[0.800s] -- Generating done
[0.801s] -- Build files have been written to: /home/d-lab/workspace/ros_ur_driver/build/controller_manager_msgs
[0.805s] Invoked command in '/home/d-lab/workspace/ros_ur_driver/build/controller_manager_msgs' returned '0': CMAKE_PREFIX_PATH=/opt/ros/foxy /usr/bin/cmake /home/d-lab/workspace/ros_ur_driver/src/ros2_control/controller_manager_msgs -DCMAKE_BUILD_TYPE=Release -DCMAKE_INSTALL_PREFIX=/home/d-lab/workspace/ros_ur_driver/install/controller_manager_msgs
[0.807s] Invoking command in '/home/d-lab/workspace/ros_ur_driver/build/controller_manager_msgs': CMAKE_PREFIX_PATH=/opt/ros/foxy /usr/bin/cmake --build /home/d-lab/workspace/ros_ur_driver/build/controller_manager_msgs -- -j16 -l16
[0.834s] [  1%] [34m[1mGenerating C code for ROS interfaces[0m
[0.834s] [35m[1mScanning dependencies of target controller_manager_msgs__cpp[0m
[0.840s] [  1%] [34m[1mGenerating C++ code for ROS interfaces[0m
[1.563s] [  1%] Built target controller_manager_msgs__cpp
[1.575s] [  1%] [34m[1mGenerating C++ introspection for ROS interfaces[0m
[1.576s] [  2%] [34m[1mGenerating C++ type support for eProsima Fast-RTPS[0m
[1.577s] [  3%] [34m[1mGenerating C++ type support dispatch for ROS interfaces[0m
[1.625s] [35m[1mScanning dependencies of target controller_manager_msgs__rosidl_generator_c[0m
[1.641s] [  5%] [32mBuilding C object CMakeFiles/controller_manager_msgs__rosidl_generator_c.dir/rosidl_generator_c/controller_manager_msgs/msg/detail/hardware_interface__functions.c.o[0m
[1.641s] [  5%] [32mBuilding C object CMakeFiles/controller_manager_msgs__rosidl_generator_c.dir/rosidl_generator_c/controller_manager_msgs/srv/detail/list_controller_types__functions.c.o[0m
[1.641s] [  5%] [32mBuilding C object CMakeFiles/controller_manager_msgs__rosidl_generator_c.dir/rosidl_generator_c/controller_manager_msgs/srv/detail/list_controllers__functions.c.o[0m
[1.641s] [  7%] [32mBuilding C object CMakeFiles/controller_manager_msgs__rosidl_generator_c.dir/rosidl_generator_c/controller_manager_msgs/srv/detail/configure_start_controller__functions.c.o[0m
[1.642s] [  7%] [32mBuilding C object CMakeFiles/controller_manager_msgs__rosidl_generator_c.dir/rosidl_generator_c/controller_manager_msgs/srv/detail/configure_controller__functions.c.o[0m
[1.642s] [  7%] [32mBuilding C object CMakeFiles/controller_manager_msgs__rosidl_generator_c.dir/rosidl_generator_c/controller_manager_msgs/srv/detail/list_hardware_interfaces__functions.c.o[0m
[1.644s] [  8%] [32mBuilding C object CMakeFiles/controller_manager_msgs__rosidl_generator_c.dir/rosidl_generator_c/controller_manager_msgs/msg/detail/controller_state__functions.c.o[0m
[1.649s] [  9%] [32mBuilding C object CMakeFiles/controller_manager_msgs__rosidl_generator_c.dir/rosidl_generator_c/controller_manager_msgs/srv/detail/load_configure_controller__functions.c.o[0m
[1.649s] [ 10%] [32mBuilding C object CMakeFiles/controller_manager_msgs__rosidl_generator_c.dir/rosidl_generator_c/controller_manager_msgs/srv/detail/load_controller__functions.c.o[0m
[1.650s] [ 11%] [32mBuilding C object CMakeFiles/controller_manager_msgs__rosidl_generator_c.dir/rosidl_generator_c/controller_manager_msgs/srv/detail/load_start_controller__functions.c.o[0m
[1.687s] [ 12%] [32mBuilding C object CMakeFiles/controller_manager_msgs__rosidl_generator_c.dir/rosidl_generator_c/controller_manager_msgs/srv/detail/reload_controller_libraries__functions.c.o[0m
[1.713s] [ 12%] [32mBuilding C object CMakeFiles/controller_manager_msgs__rosidl_generator_c.dir/rosidl_generator_c/controller_manager_msgs/srv/detail/switch_controller__functions.c.o[0m
[1.720s] [ 13%] [32mBuilding C object CMakeFiles/controller_manager_msgs__rosidl_generator_c.dir/rosidl_generator_c/controller_manager_msgs/srv/detail/unload_controller__functions.c.o[0m
[1.799s] [ 14%] [32m[1mLinking C shared library libcontroller_manager_msgs__rosidl_generator_c.so[0m
[1.823s] [ 14%] Built target controller_manager_msgs__rosidl_generator_c
[1.830s] [ 15%] [34m[1mGenerating C introspection for ROS interfaces[0m
[1.832s] [ 16%] [34m[1mGenerating C type support dispatch for ROS interfaces[0m
[2.579s] [35m[1mScanning dependencies of target controller_manager_msgs__rosidl_typesupport_cpp[0m
[2.631s] [ 17%] [32mBuilding CXX object CMakeFiles/controller_manager_msgs__rosidl_typesupport_cpp.dir/rosidl_typesupport_cpp/controller_manager_msgs/msg/controller_state__type_support.cpp.o[0m
[2.663s] [ 18%] [32mBuilding CXX object CMakeFiles/controller_manager_msgs__rosidl_typesupport_cpp.dir/rosidl_typesupport_cpp/controller_manager_msgs/msg/hardware_interface__type_support.cpp.o[0m
[2.702s] [ 18%] [32mBuilding CXX object CMakeFiles/controller_manager_msgs__rosidl_typesupport_cpp.dir/rosidl_typesupport_cpp/controller_manager_msgs/srv/configure_controller__type_support.cpp.o[0m
[2.757s] [ 19%] [32mBuilding CXX object CMakeFiles/controller_manager_msgs__rosidl_typesupport_cpp.dir/rosidl_typesupport_cpp/controller_manager_msgs/srv/configure_start_controller__type_support.cpp.o[0m
[2.763s] [ 20%] [32mBuilding CXX object CMakeFiles/controller_manager_msgs__rosidl_typesupport_cpp.dir/rosidl_typesupport_cpp/controller_manager_msgs/srv/list_controllers__type_support.cpp.o[0m
[2.780s] [ 21%] [32mBuilding CXX object CMakeFiles/controller_manager_msgs__rosidl_typesupport_cpp.dir/rosidl_typesupport_cpp/controller_manager_msgs/srv/list_controller_types__type_support.cpp.o[0m
[2.797s] [ 22%] [32mBuilding CXX object CMakeFiles/controller_manager_msgs__rosidl_typesupport_cpp.dir/rosidl_typesupport_cpp/controller_manager_msgs/srv/list_hardware_interfaces__type_support.cpp.o[0m
[2.859s] [ 22%] [32mBuilding CXX object CMakeFiles/controller_manager_msgs__rosidl_typesupport_cpp.dir/rosidl_typesupport_cpp/controller_manager_msgs/srv/load_configure_controller__type_support.cpp.o[0m
[2.888s] [ 23%] [32mBuilding CXX object CMakeFiles/controller_manager_msgs__rosidl_typesupport_cpp.dir/rosidl_typesupport_cpp/controller_manager_msgs/srv/load_controller__type_support.cpp.o[0m
[2.894s] [35m[1mScanning dependencies of target controller_manager_msgs__rosidl_typesupport_introspection_cpp[0m
[2.916s] [ 24%] [32mBuilding CXX object CMakeFiles/controller_manager_msgs__rosidl_typesupport_cpp.dir/rosidl_typesupport_cpp/controller_manager_msgs/srv/load_start_controller__type_support.cpp.o[0m
[2.923s] [ 25%] [32mBuilding CXX object CMakeFiles/controller_manager_msgs__rosidl_typesupport_cpp.dir/rosidl_typesupport_cpp/controller_manager_msgs/srv/reload_controller_libraries__type_support.cpp.o[0m
[2.964s] [ 26%] [32mBuilding CXX object CMakeFiles/controller_manager_msgs__rosidl_typesupport_introspection_cpp.dir/rosidl_typesupport_introspection_cpp/controller_manager_msgs/msg/detail/controller_state__type_support.cpp.o[0m
[2.964s] [ 27%] [32mBuilding CXX object CMakeFiles/controller_manager_msgs__rosidl_typesupport_introspection_cpp.dir/rosidl_typesupport_introspection_cpp/controller_manager_msgs/msg/detail/hardware_interface__type_support.cpp.o[0m
[3.107s] [35m[1mScanning dependencies of target controller_manager_msgs__rosidl_typesupport_c[0m
[3.136s] [ 28%] [32mBuilding CXX object CMakeFiles/controller_manager_msgs__rosidl_typesupport_cpp.dir/rosidl_typesupport_cpp/controller_manager_msgs/srv/switch_controller__type_support.cpp.o[0m
[3.166s] [ 28%] [32mBuilding CXX object CMakeFiles/controller_manager_msgs__rosidl_typesupport_c.dir/rosidl_typesupport_c/controller_manager_msgs/msg/controller_state__type_support.cpp.o[0m
[3.219s] [ 28%] [32mBuilding CXX object CMakeFiles/controller_manager_msgs__rosidl_typesupport_cpp.dir/rosidl_typesupport_cpp/controller_manager_msgs/srv/unload_controller__type_support.cpp.o[0m
[3.254s] [ 29%] [32mBuilding CXX object CMakeFiles/controller_manager_msgs__rosidl_typesupport_c.dir/rosidl_typesupport_c/controller_manager_msgs/msg/hardware_interface__type_support.cpp.o[0m
[3.312s] [ 30%] [32mBuilding CXX object CMakeFiles/controller_manager_msgs__rosidl_typesupport_c.dir/rosidl_typesupport_c/controller_manager_msgs/srv/configure_controller__type_support.cpp.o[0m
[3.320s] [ 31%] [32mBuilding CXX object CMakeFiles/controller_manager_msgs__rosidl_typesupport_introspection_cpp.dir/rosidl_typesupport_introspection_cpp/controller_manager_msgs/srv/detail/configure_controller__type_support.cpp.o[0m
[3.342s] [ 32%] [32mBuilding CXX object CMakeFiles/controller_manager_msgs__rosidl_typesupport_introspection_cpp.dir/rosidl_typesupport_introspection_cpp/controller_manager_msgs/srv/detail/configure_start_controller__type_support.cpp.o[0m
[3.351s] [ 33%] [32mBuilding CXX object CMakeFiles/controller_manager_msgs__rosidl_typesupport_c.dir/rosidl_typesupport_c/controller_manager_msgs/srv/configure_start_controller__type_support.cpp.o[0m
[3.397s] [ 33%] [32mBuilding CXX object CMakeFiles/controller_manager_msgs__rosidl_typesupport_introspection_cpp.dir/rosidl_typesupport_introspection_cpp/controller_manager_msgs/srv/detail/list_controllers__type_support.cpp.o[0m
[3.403s] [ 35%] [32mBuilding CXX object CMakeFiles/controller_manager_msgs__rosidl_typesupport_c.dir/rosidl_typesupport_c/controller_manager_msgs/srv/list_controllers__type_support.cpp.o[0m
[3.404s] [ 35%] [32mBuilding CXX object CMakeFiles/controller_manager_msgs__rosidl_typesupport_introspection_cpp.dir/rosidl_typesupport_introspection_cpp/controller_manager_msgs/srv/detail/list_controller_types__type_support.cpp.o[0m
[3.475s] [ 35%] [32mBuilding CXX object CMakeFiles/controller_manager_msgs__rosidl_typesupport_c.dir/rosidl_typesupport_c/controller_manager_msgs/srv/list_controller_types__type_support.cpp.o[0m
[3.523s] [ 36%] [32mBuilding CXX object CMakeFiles/controller_manager_msgs__rosidl_typesupport_introspection_cpp.dir/rosidl_typesupport_introspection_cpp/controller_manager_msgs/srv/detail/list_hardware_interfaces__type_support.cpp.o[0m
[3.527s] [ 37%] [32mBuilding CXX object CMakeFiles/controller_manager_msgs__rosidl_typesupport_c.dir/rosidl_typesupport_c/controller_manager_msgs/srv/list_hardware_interfaces__type_support.cpp.o[0m
[3.563s] [ 38%] [32mBuilding CXX object CMakeFiles/controller_manager_msgs__rosidl_typesupport_c.dir/rosidl_typesupport_c/controller_manager_msgs/srv/load_configure_controller__type_support.cpp.o[0m
[3.575s] [ 39%] [32mBuilding CXX object CMakeFiles/controller_manager_msgs__rosidl_typesupport_introspection_cpp.dir/rosidl_typesupport_introspection_cpp/controller_manager_msgs/srv/detail/load_configure_controller__type_support.cpp.o[0m
[3.590s] [ 40%] [32mBuilding CXX object CMakeFiles/controller_manager_msgs__rosidl_typesupport_introspection_cpp.dir/rosidl_typesupport_introspection_cpp/controller_manager_msgs/srv/detail/load_controller__type_support.cpp.o[0m
[3.638s] [ 41%] [32mBuilding CXX object CMakeFiles/controller_manager_msgs__rosidl_typesupport_c.dir/rosidl_typesupport_c/controller_manager_msgs/srv/load_controller__type_support.cpp.o[0m
[3.648s] [35m[1mScanning dependencies of target controller_manager_msgs__rosidl_typesupport_fastrtps_cpp[0m
[3.650s] [ 42%] [32mBuilding CXX object CMakeFiles/controller_manager_msgs__rosidl_typesupport_c.dir/rosidl_typesupport_c/controller_manager_msgs/srv/load_start_controller__type_support.cpp.o[0m
[3.712s] [ 42%] [32mBuilding CXX object CMakeFiles/controller_manager_msgs__rosidl_typesupport_introspection_cpp.dir/rosidl_typesupport_introspection_cpp/controller_manager_msgs/srv/detail/load_start_controller__type_support.cpp.o[0m
[3.719s] [ 43%] [32mBuilding CXX object CMakeFiles/controller_manager_msgs__rosidl_typesupport_introspection_cpp.dir/rosidl_typesupport_introspection_cpp/controller_manager_msgs/srv/detail/reload_controller_libraries__type_support.cpp.o[0m
[3.760s] [ 44%] [32mBuilding CXX object CMakeFiles/controller_manager_msgs__rosidl_typesupport_fastrtps_cpp.dir/rosidl_typesupport_fastrtps_cpp/controller_manager_msgs/msg/detail/dds_fastrtps/controller_state__type_support.cpp.o[0m
[3.805s] [ 44%] [32mBuilding CXX object CMakeFiles/controller_manager_msgs__rosidl_typesupport_c.dir/rosidl_typesupport_c/controller_manager_msgs/srv/reload_controller_libraries__type_support.cpp.o[0m
[3.805s] [ 45%] [32mBuilding CXX object CMakeFiles/controller_manager_msgs__rosidl_typesupport_c.dir/rosidl_typesupport_c/controller_manager_msgs/srv/switch_controller__type_support.cpp.o[0m
[3.921s] [ 46%] [32mBuilding CXX object CMakeFiles/controller_manager_msgs__rosidl_typesupport_introspection_cpp.dir/rosidl_typesupport_introspection_cpp/controller_manager_msgs/srv/detail/switch_controller__type_support.cpp.o[0m
[3.958s] [ 47%] [32mBuilding CXX object CMakeFiles/controller_manager_msgs__rosidl_typesupport_fastrtps_cpp.dir/rosidl_typesupport_fastrtps_cpp/controller_manager_msgs/msg/detail/dds_fastrtps/hardware_interface__type_support.cpp.o[0m
[3.958s] [35m[1mScanning dependencies of target controller_manager_msgs__rosidl_typesupport_introspection_c[0m
[3.979s] [ 48%] [32mBuilding CXX object CMakeFiles/controller_manager_msgs__rosidl_typesupport_c.dir/rosidl_typesupport_c/controller_manager_msgs/srv/unload_controller__type_support.cpp.o[0m
[3.982s] [ 49%] [32mBuilding CXX object CMakeFiles/controller_manager_msgs__rosidl_typesupport_fastrtps_cpp.dir/rosidl_typesupport_fastrtps_cpp/controller_manager_msgs/srv/detail/dds_fastrtps/configure_controller__type_support.cpp.o[0m
[4.023s] [ 50%] [32mBuilding C object CMakeFiles/controller_manager_msgs__rosidl_typesupport_introspection_c.dir/rosidl_typesupport_introspection_c/controller_manager_msgs/msg/detail/controller_state__type_support.c.o[0m
[4.100s] [ 51%] [32m[1mLinking CXX shared library libcontroller_manager_msgs__rosidl_typesupport_cpp.so[0m
[4.112s] [ 52%] [32mBuilding CXX object CMakeFiles/controller_manager_msgs__rosidl_typesupport_introspection_cpp.dir/rosidl_typesupport_introspection_cpp/controller_manager_msgs/srv/detail/unload_controller__type_support.cpp.o[0m
[4.137s] [ 53%] [32m[1mLinking CXX shared library libcontroller_manager_msgs__rosidl_typesupport_c.so[0m
[4.143s] [ 53%] [32mBuilding CXX object CMakeFiles/controller_manager_msgs__rosidl_typesupport_fastrtps_cpp.dir/rosidl_typesupport_fastrtps_cpp/controller_manager_msgs/srv/detail/dds_fastrtps/configure_start_controller__type_support.cpp.o[0m
[4.197s] [ 54%] [32mBuilding C object CMakeFiles/controller_manager_msgs__rosidl_typesupport_introspection_c.dir/rosidl_typesupport_introspection_c/controller_manager_msgs/msg/detail/hardware_interface__type_support.c.o[0m
[4.348s] [ 55%] [32mBuilding CXX object CMakeFiles/controller_manager_msgs__rosidl_typesupport_fastrtps_cpp.dir/rosidl_typesupport_fastrtps_cpp/controller_manager_msgs/srv/detail/dds_fastrtps/list_controllers__type_support.cpp.o[0m
[4.355s] [ 55%] [32mBuilding C object CMakeFiles/controller_manager_msgs__rosidl_typesupport_introspection_c.dir/rosidl_typesupport_introspection_c/controller_manager_msgs/srv/detail/configure_controller__type_support.c.o[0m
[4.361s] [ 55%] Built target controller_manager_msgs__rosidl_typesupport_cpp
[4.379s] [ 55%] Built target controller_manager_msgs__rosidl_typesupport_c
[4.449s] [ 56%] [32mBuilding C object CMakeFiles/controller_manager_msgs__rosidl_typesupport_introspection_c.dir/rosidl_typesupport_introspection_c/controller_manager_msgs/srv/detail/configure_start_controller__type_support.c.o[0m
[4.450s] [ 57%] [32mBuilding CXX object CMakeFiles/controller_manager_msgs__rosidl_typesupport_fastrtps_cpp.dir/rosidl_typesupport_fastrtps_cpp/controller_manager_msgs/srv/detail/dds_fastrtps/list_controller_types__type_support.cpp.o[0m
[4.573s] [ 58%] [32mBuilding CXX object CMakeFiles/controller_manager_msgs__rosidl_typesupport_fastrtps_cpp.dir/rosidl_typesupport_fastrtps_cpp/controller_manager_msgs/srv/detail/dds_fastrtps/list_hardware_interfaces__type_support.cpp.o[0m
[4.625s] [ 59%] [32mBuilding C object CMakeFiles/controller_manager_msgs__rosidl_typesupport_introspection_c.dir/rosidl_typesupport_introspection_c/controller_manager_msgs/srv/detail/list_controllers__type_support.c.o[0m
[4.665s] [ 60%] [32mBuilding C object CMakeFiles/controller_manager_msgs__rosidl_typesupport_introspection_c.dir/rosidl_typesupport_introspection_c/controller_manager_msgs/srv/detail/list_controller_types__type_support.c.o[0m
[4.672s] [ 61%] [32mBuilding CXX object CMakeFiles/controller_manager_msgs__rosidl_typesupport_fastrtps_cpp.dir/rosidl_typesupport_fastrtps_cpp/controller_manager_msgs/srv/detail/dds_fastrtps/load_configure_controller__type_support.cpp.o[0m
[4.716s] [ 61%] [32mBuilding CXX object CMakeFiles/controller_manager_msgs__rosidl_typesupport_fastrtps_cpp.dir/rosidl_typesupport_fastrtps_cpp/controller_manager_msgs/srv/detail/dds_fastrtps/load_controller__type_support.cpp.o[0m
[4.802s] [ 62%] [32mBuilding C object CMakeFiles/controller_manager_msgs__rosidl_typesupport_introspection_c.dir/rosidl_typesupport_introspection_c/controller_manager_msgs/srv/detail/list_hardware_interfaces__type_support.c.o[0m
[4.847s] [ 63%] [32mBuilding CXX object CMakeFiles/controller_manager_msgs__rosidl_typesupport_fastrtps_cpp.dir/rosidl_typesupport_fastrtps_cpp/controller_manager_msgs/srv/detail/dds_fastrtps/load_start_controller__type_support.cpp.o[0m
[4.874s] [ 63%] [32mBuilding C object CMakeFiles/controller_manager_msgs__rosidl_typesupport_introspection_c.dir/rosidl_typesupport_introspection_c/controller_manager_msgs/srv/detail/load_configure_controller__type_support.c.o[0m
[4.882s] [ 64%] [32mBuilding C object CMakeFiles/controller_manager_msgs__rosidl_typesupport_introspection_c.dir/rosidl_typesupport_introspection_c/controller_manager_msgs/srv/detail/load_controller__type_support.c.o[0m
[4.931s] [ 65%] [32mBuilding CXX object CMakeFiles/controller_manager_msgs__rosidl_typesupport_fastrtps_cpp.dir/rosidl_typesupport_fastrtps_cpp/controller_manager_msgs/srv/detail/dds_fastrtps/reload_controller_libraries__type_support.cpp.o[0m
[4.947s] [ 66%] [32mBuilding CXX object CMakeFiles/controller_manager_msgs__rosidl_typesupport_fastrtps_cpp.dir/rosidl_typesupport_fastrtps_cpp/controller_manager_msgs/srv/detail/dds_fastrtps/switch_controller__type_support.cpp.o[0m
[5.032s] [ 67%] [32mBuilding C object CMakeFiles/controller_manager_msgs__rosidl_typesupport_introspection_c.dir/rosidl_typesupport_introspection_c/controller_manager_msgs/srv/detail/load_start_controller__type_support.c.o[0m
[5.063s] [ 68%] [32mBuilding C object CMakeFiles/controller_manager_msgs__rosidl_typesupport_introspection_c.dir/rosidl_typesupport_introspection_c/controller_manager_msgs/srv/detail/reload_controller_libraries__type_support.c.o[0m
[5.082s] [ 69%] [32mBuilding C object CMakeFiles/controller_manager_msgs__rosidl_typesupport_introspection_c.dir/rosidl_typesupport_introspection_c/controller_manager_msgs/srv/detail/switch_controller__type_support.c.o[0m
[5.175s] [ 70%] [32m[1mLinking CXX shared library libcontroller_manager_msgs__rosidl_typesupport_introspection_cpp.so[0m
[5.225s] [ 70%] [32mBuilding C object CMakeFiles/controller_manager_msgs__rosidl_typesupport_introspection_c.dir/rosidl_typesupport_introspection_c/controller_manager_msgs/srv/detail/unload_controller__type_support.c.o[0m
[5.226s] [ 71%] [32mBuilding CXX object CMakeFiles/controller_manager_msgs__rosidl_typesupport_fastrtps_cpp.dir/rosidl_typesupport_fastrtps_cpp/controller_manager_msgs/srv/detail/dds_fastrtps/unload_controller__type_support.cpp.o[0m
[5.361s] [ 72%] [32m[1mLinking C shared library libcontroller_manager_msgs__rosidl_typesupport_introspection_c.so[0m
[5.405s] [ 72%] Built target controller_manager_msgs__rosidl_typesupport_introspection_cpp
[5.510s] [ 72%] Built target controller_manager_msgs__rosidl_typesupport_introspection_c
[6.536s] [ 72%] [32m[1mLinking CXX shared library libcontroller_manager_msgs__rosidl_typesupport_fastrtps_cpp.so[0m
[6.783s] [ 72%] Built target controller_manager_msgs__rosidl_typesupport_fastrtps_cpp
[6.807s] [ 73%] [34m[1mGenerating C type support for eProsima Fast-RTPS[0m
[8.101s] [35m[1mScanning dependencies of target controller_manager_msgs__rosidl_typesupport_fastrtps_c[0m
[8.146s] [ 74%] [32mBuilding CXX object CMakeFiles/controller_manager_msgs__rosidl_typesupport_fastrtps_c.dir/rosidl_typesupport_fastrtps_c/controller_manager_msgs/msg/detail/controller_state__type_support_c.cpp.o[0m
[8.157s] [ 75%] [32mBuilding CXX object CMakeFiles/controller_manager_msgs__rosidl_typesupport_fastrtps_c.dir/rosidl_typesupport_fastrtps_c/controller_manager_msgs/srv/detail/configure_controller__type_support_c.cpp.o[0m
[8.162s] [ 75%] [32mBuilding CXX object CMakeFiles/controller_manager_msgs__rosidl_typesupport_fastrtps_c.dir/rosidl_typesupport_fastrtps_c/controller_manager_msgs/msg/detail/hardware_interface__type_support_c.cpp.o[0m
[8.178s] [ 76%] [32mBuilding CXX object CMakeFiles/controller_manager_msgs__rosidl_typesupport_fastrtps_c.dir/rosidl_typesupport_fastrtps_c/controller_manager_msgs/srv/detail/configure_start_controller__type_support_c.cpp.o[0m
[8.245s] [ 76%] [32mBuilding CXX object CMakeFiles/controller_manager_msgs__rosidl_typesupport_fastrtps_c.dir/rosidl_typesupport_fastrtps_c/controller_manager_msgs/srv/detail/list_hardware_interfaces__type_support_c.cpp.o[0m
[8.248s] [ 78%] [32mBuilding CXX object CMakeFiles/controller_manager_msgs__rosidl_typesupport_fastrtps_c.dir/rosidl_typesupport_fastrtps_c/controller_manager_msgs/srv/detail/load_configure_controller__type_support_c.cpp.o[0m
[8.248s] [ 79%] [32mBuilding CXX object CMakeFiles/controller_manager_msgs__rosidl_typesupport_fastrtps_c.dir/rosidl_typesupport_fastrtps_c/controller_manager_msgs/srv/detail/list_controllers__type_support_c.cpp.o[0m
[8.248s] [ 79%] [32mBuilding CXX object CMakeFiles/controller_manager_msgs__rosidl_typesupport_fastrtps_c.dir/rosidl_typesupport_fastrtps_c/controller_manager_msgs/srv/detail/list_controller_types__type_support_c.cpp.o[0m
[8.269s] [ 80%] [32mBuilding CXX object CMakeFiles/controller_manager_msgs__rosidl_typesupport_fastrtps_c.dir/rosidl_typesupport_fastrtps_c/controller_manager_msgs/srv/detail/load_controller__type_support_c.cpp.o[0m
[8.324s] [ 81%] [32mBuilding CXX object CMakeFiles/controller_manager_msgs__rosidl_typesupport_fastrtps_c.dir/rosidl_typesupport_fastrtps_c/controller_manager_msgs/srv/detail/load_start_controller__type_support_c.cpp.o[0m
[8.344s] [ 82%] [32mBuilding CXX object CMakeFiles/controller_manager_msgs__rosidl_typesupport_fastrtps_c.dir/rosidl_typesupport_fastrtps_c/controller_manager_msgs/srv/detail/reload_controller_libraries__type_support_c.cpp.o[0m
[8.353s] [ 82%] [32mBuilding CXX object CMakeFiles/controller_manager_msgs__rosidl_typesupport_fastrtps_c.dir/rosidl_typesupport_fastrtps_c/controller_manager_msgs/srv/detail/switch_controller__type_support_c.cpp.o[0m
[8.375s] [ 83%] [32mBuilding CXX object CMakeFiles/controller_manager_msgs__rosidl_typesupport_fastrtps_c.dir/rosidl_typesupport_fastrtps_c/controller_manager_msgs/srv/detail/unload_controller__type_support_c.cpp.o[0m
[8.944s] [ 84%] [32m[1mLinking CXX shared library libcontroller_manager_msgs__rosidl_typesupport_fastrtps_c.so[0m
[9.052s] [ 84%] Built target controller_manager_msgs__rosidl_typesupport_fastrtps_c
[9.087s] [35m[1mScanning dependencies of target controller_manager_msgs[0m
[9.122s] [ 84%] Built target controller_manager_msgs
[9.170s] [35m[1mScanning dependencies of target controller_manager_msgs__py[0m
[9.223s] [ 85%] [34m[1mGenerating Python code for ROS interfaces[0m
[11.581s] [ 85%] Built target controller_manager_msgs__py
[11.588s] [35m[1mScanning dependencies of target controller_manager_msgs__python[0m
[11.615s] [ 86%] [32mBuilding C object CMakeFiles/controller_manager_msgs__python.dir/rosidl_generator_py/controller_manager_msgs/srv/_configure_start_controller_s.c.o[0m
[11.616s] [ 88%] [32mBuilding C object CMakeFiles/controller_manager_msgs__python.dir/rosidl_generator_py/controller_manager_msgs/msg/_hardware_interface_s.c.o[0m
[11.616s] [ 88%] [32mBuilding C object CMakeFiles/controller_manager_msgs__python.dir/rosidl_generator_py/controller_manager_msgs/msg/_controller_state_s.c.o[0m
[11.616s] [ 88%] [32mBuilding C object CMakeFiles/controller_manager_msgs__python.dir/rosidl_generator_py/controller_manager_msgs/srv/_configure_controller_s.c.o[0m
[11.616s] [ 89%] [32mBuilding C object CMakeFiles/controller_manager_msgs__python.dir/rosidl_generator_py/controller_manager_msgs/srv/_list_controllers_s.c.o[0m
[11.616s] [ 90%] [32mBuilding C object CMakeFiles/controller_manager_msgs__python.dir/rosidl_generator_py/controller_manager_msgs/srv/_list_controller_types_s.c.o[0m
[11.616s] [ 91%] [32mBuilding C object CMakeFiles/controller_manager_msgs__python.dir/rosidl_generator_py/controller_manager_msgs/srv/_list_hardware_interfaces_s.c.o[0m
[11.617s] [ 91%] [32mBuilding C object CMakeFiles/controller_manager_msgs__python.dir/rosidl_generator_py/controller_manager_msgs/srv/_load_configure_controller_s.c.o[0m
[11.617s] [ 92%] [32mBuilding C object CMakeFiles/controller_manager_msgs__python.dir/rosidl_generator_py/controller_manager_msgs/srv/_load_controller_s.c.o[0m
[11.621s] [ 93%] [32mBuilding C object CMakeFiles/controller_manager_msgs__python.dir/rosidl_generator_py/controller_manager_msgs/srv/_load_start_controller_s.c.o[0m
[11.623s] [ 94%] [32mBuilding C object CMakeFiles/controller_manager_msgs__python.dir/rosidl_generator_py/controller_manager_msgs/srv/_reload_controller_libraries_s.c.o[0m
[11.641s] [ 95%] [32mBuilding C object CMakeFiles/controller_manager_msgs__python.dir/rosidl_generator_py/controller_manager_msgs/srv/_switch_controller_s.c.o[0m
[11.657s] [ 95%] [32mBuilding C object CMakeFiles/controller_manager_msgs__python.dir/rosidl_generator_py/controller_manager_msgs/srv/_unload_controller_s.c.o[0m
[11.804s] [ 96%] [32m[1mLinking C shared library rosidl_generator_py/controller_manager_msgs/libcontroller_manager_msgs__python.so[0m
[11.832s] [ 96%] Built target controller_manager_msgs__python
[11.838s] [35m[1mScanning dependencies of target controller_manager_msgs__rosidl_typesupport_c__pyext[0m
[11.839s] [35m[1mScanning dependencies of target controller_manager_msgs__rosidl_typesupport_introspection_c__pyext[0m
[11.839s] [35m[1mScanning dependencies of target controller_manager_msgs__rosidl_typesupport_fastrtps_c__pyext[0m
[11.856s] [ 97%] [32mBuilding C object CMakeFiles/controller_manager_msgs__rosidl_typesupport_fastrtps_c__pyext.dir/rosidl_generator_py/controller_manager_msgs/_controller_manager_msgs_s.ep.rosidl_typesupport_fastrtps_c.c.o[0m
[11.856s] [ 98%] [32mBuilding C object CMakeFiles/controller_manager_msgs__rosidl_typesupport_c__pyext.dir/rosidl_generator_py/controller_manager_msgs/_controller_manager_msgs_s.ep.rosidl_typesupport_c.c.o[0m
[11.857s] [ 99%] [32mBuilding C object CMakeFiles/controller_manager_msgs__rosidl_typesupport_introspection_c__pyext.dir/rosidl_generator_py/controller_manager_msgs/_controller_manager_msgs_s.ep.rosidl_typesupport_introspection_c.c.o[0m
[12.282s] [ 99%] [32m[1mLinking C shared library rosidl_generator_py/controller_manager_msgs/controller_manager_msgs_s__rosidl_typesupport_c.cpython-38-x86_64-linux-gnu.so[0m
[12.309s] [100%] [32m[1mLinking C shared library rosidl_generator_py/controller_manager_msgs/controller_manager_msgs_s__rosidl_typesupport_introspection_c.cpython-38-x86_64-linux-gnu.so[0m
[12.338s] [100%] Built target controller_manager_msgs__rosidl_typesupport_c__pyext
[12.372s] [100%] Built target controller_manager_msgs__rosidl_typesupport_introspection_c__pyext
[12.392s] [100%] [32m[1mLinking CXX shared library rosidl_generator_py/controller_manager_msgs/controller_manager_msgs_s__rosidl_typesupport_fastrtps_c.cpython-38-x86_64-linux-gnu.so[0m
[12.447s] [100%] Built target controller_manager_msgs__rosidl_typesupport_fastrtps_c__pyext
[12.455s] Invoked command in '/home/d-lab/workspace/ros_ur_driver/build/controller_manager_msgs' returned '0': CMAKE_PREFIX_PATH=/opt/ros/foxy /usr/bin/cmake --build /home/d-lab/workspace/ros_ur_driver/build/controller_manager_msgs -- -j16 -l16
[12.568s] Invoking command in '/home/d-lab/workspace/ros_ur_driver/build/controller_manager_msgs': CMAKE_PREFIX_PATH=/opt/ros/foxy /usr/bin/cmake --install /home/d-lab/workspace/ros_ur_driver/build/controller_manager_msgs
[12.574s] -- Install configuration: "Release"
[12.574s] -- Installing: /home/d-lab/workspace/ros_ur_driver/install/controller_manager_msgs/share/ament_index/resource_index/rosidl_interfaces/controller_manager_msgs
[12.575s] -- Installing: /home/d-lab/workspace/ros_ur_driver/install/controller_manager_msgs/include/controller_manager_msgs
[12.575s] -- Installing: /home/d-lab/workspace/ros_ur_driver/install/controller_manager_msgs/include/controller_manager_msgs/srv
[12.575s] -- Installing: /home/d-lab/workspace/ros_ur_driver/install/controller_manager_msgs/include/controller_manager_msgs/srv/reload_controller_libraries.h
[12.575s] -- Installing: /home/d-lab/workspace/ros_ur_driver/install/controller_manager_msgs/include/controller_manager_msgs/srv/list_controller_types.h
[12.575s] -- Installing: /home/d-lab/workspace/ros_ur_driver/install/controller_manager_msgs/include/controller_manager_msgs/srv/switch_controller.h
[12.575s] -- Installing: /home/d-lab/workspace/ros_ur_driver/install/controller_manager_msgs/include/controller_manager_msgs/srv/configure_start_controller.h
[12.575s] -- Installing: /home/d-lab/workspace/ros_ur_driver/install/controller_manager_msgs/include/controller_manager_msgs/srv/configure_controller.h
[12.575s] -- Installing: /home/d-lab/workspace/ros_ur_driver/install/controller_manager_msgs/include/controller_manager_msgs/srv/unload_controller.h
[12.575s] -- Installing: /home/d-lab/workspace/ros_ur_driver/install/controller_manager_msgs/include/controller_manager_msgs/srv/load_configure_controller.h
[12.575s] -- Installing: /home/d-lab/workspace/ros_ur_driver/install/controller_manager_msgs/include/controller_manager_msgs/srv/load_start_controller.h
[12.575s] -- Installing: /home/d-lab/workspace/ros_ur_driver/install/controller_manager_msgs/include/controller_manager_msgs/srv/list_hardware_interfaces.h
[12.575s] -- Installing: /home/d-lab/workspace/ros_ur_driver/install/controller_manager_msgs/include/controller_manager_msgs/srv/list_controllers.h
[12.575s] -- Installing: /home/d-lab/workspace/ros_ur_driver/install/controller_manager_msgs/include/controller_manager_msgs/srv/load_controller.h
[12.575s] -- Installing: /home/d-lab/workspace/ros_ur_driver/install/controller_manager_msgs/include/controller_manager_msgs/srv/detail
[12.575s] -- Installing: /home/d-lab/workspace/ros_ur_driver/install/controller_manager_msgs/include/controller_manager_msgs/srv/detail/load_configure_controller__functions.c
[12.575s] -- Installing: /home/d-lab/workspace/ros_ur_driver/install/controller_manager_msgs/include/controller_manager_msgs/srv/detail/load_start_controller__functions.c
[12.575s] -- Installing: /home/d-lab/workspace/ros_ur_driver/install/controller_manager_msgs/include/controller_manager_msgs/srv/detail/configure_controller__type_support.h
[12.575s] -- Installing: /home/d-lab/workspace/ros_ur_driver/install/controller_manager_msgs/include/controller_manager_msgs/srv/detail/configure_controller__functions.c
[12.576s] -- Installing: /home/d-lab/workspace/ros_ur_driver/install/controller_manager_msgs/include/controller_manager_msgs/srv/detail/configure_start_controller__struct.h
[12.576s] -- Installing: /home/d-lab/workspace/ros_ur_driver/install/controller_manager_msgs/include/controller_manager_msgs/srv/detail/list_controllers__functions.h
[12.576s] -- Installing: /home/d-lab/workspace/ros_ur_driver/install/controller_manager_msgs/include/controller_manager_msgs/srv/detail/list_controller_types__type_support.h
[12.576s] -- Installing: /home/d-lab/workspace/ros_ur_driver/install/controller_manager_msgs/include/controller_manager_msgs/srv/detail/list_controllers__struct.h
[12.576s] -- Installing: /home/d-lab/workspace/ros_ur_driver/install/controller_manager_msgs/include/controller_manager_msgs/srv/detail/list_hardware_interfaces__functions.h
[12.576s] -- Installing: /home/d-lab/workspace/ros_ur_driver/install/controller_manager_msgs/include/controller_manager_msgs/srv/detail/list_hardware_interfaces__struct.h
[12.576s] -- Installing: /home/d-lab/workspace/ros_ur_driver/install/controller_manager_msgs/include/controller_manager_msgs/srv/detail/list_hardware_interfaces__functions.c
[12.576s] -- Installing: /home/d-lab/workspace/ros_ur_driver/install/controller_manager_msgs/include/controller_manager_msgs/srv/detail/load_controller__struct.h
[12.576s] -- Installing: /home/d-lab/workspace/ros_ur_driver/install/controller_manager_msgs/include/controller_manager_msgs/srv/detail/load_start_controller__struct.h
[12.576s] -- Installing: /home/d-lab/workspace/ros_ur_driver/install/controller_manager_msgs/include/controller_manager_msgs/srv/detail/unload_controller__type_support.h
[12.576s] -- Installing: /home/d-lab/workspace/ros_ur_driver/install/controller_manager_msgs/include/controller_manager_msgs/srv/detail/switch_controller__struct.h
[12.576s] -- Installing: /home/d-lab/workspace/ros_ur_driver/install/controller_manager_msgs/include/controller_manager_msgs/srv/detail/load_controller__type_support.h
[12.576s] -- Installing: /home/d-lab/workspace/ros_ur_driver/install/controller_manager_msgs/include/controller_manager_msgs/srv/detail/unload_controller__struct.h
[12.576s] -- Installing: /home/d-lab/workspace/ros_ur_driver/install/controller_manager_msgs/include/controller_manager_msgs/srv/detail/unload_controller__functions.h
[12.576s] -- Installing: /home/d-lab/workspace/ros_ur_driver/install/controller_manager_msgs/include/controller_manager_msgs/srv/detail/load_configure_controller__struct.h
[12.576s] -- Installing: /home/d-lab/workspace/ros_ur_driver/install/controller_manager_msgs/include/controller_manager_msgs/srv/detail/configure_controller__functions.h
[12.576s] -- Installing: /home/d-lab/workspace/ros_ur_driver/install/controller_manager_msgs/include/controller_manager_msgs/srv/detail/list_controller_types__functions.c
[12.576s] -- Installing: /home/d-lab/workspace/ros_ur_driver/install/controller_manager_msgs/include/controller_manager_msgs/srv/detail/configure_controller__struct.h
[12.576s] -- Installing: /home/d-lab/workspace/ros_ur_driver/install/controller_manager_msgs/include/controller_manager_msgs/srv/detail/load_start_controller__functions.h
[12.576s] -- Installing: /home/d-lab/workspace/ros_ur_driver/install/controller_manager_msgs/include/controller_manager_msgs/srv/detail/list_controllers__type_support.h
[12.576s] -- Installing: /home/d-lab/workspace/ros_ur_driver/install/controller_manager_msgs/include/controller_manager_msgs/srv/detail/configure_start_controller__functions.h
[12.577s] -- Installing: /home/d-lab/workspace/ros_ur_driver/install/controller_manager_msgs/include/controller_manager_msgs/srv/detail/list_controller_types__struct.h
[12.577s] -- Installing: /home/d-lab/workspace/ros_ur_driver/install/controller_manager_msgs/include/controller_manager_msgs/srv/detail/reload_controller_libraries__functions.h
[12.577s] -- Installing: /home/d-lab/workspace/ros_ur_driver/install/controller_manager_msgs/include/controller_manager_msgs/srv/detail/list_controller_types__functions.h
[12.577s] -- Installing: /home/d-lab/workspace/ros_ur_driver/install/controller_manager_msgs/include/controller_manager_msgs/srv/detail/configure_start_controller__type_support.h
[12.577s] -- Installing: /home/d-lab/workspace/ros_ur_driver/install/controller_manager_msgs/include/controller_manager_msgs/srv/detail/reload_controller_libraries__type_support.h
[12.577s] -- Installing: /home/d-lab/workspace/ros_ur_driver/install/controller_manager_msgs/include/controller_manager_msgs/srv/detail/load_controller__functions.h
[12.577s] -- Installing: /home/d-lab/workspace/ros_ur_driver/install/controller_manager_msgs/include/controller_manager_msgs/srv/detail/reload_controller_libraries__functions.c
[12.577s] -- Installing: /home/d-lab/workspace/ros_ur_driver/install/controller_manager_msgs/include/controller_manager_msgs/srv/detail/switch_controller__functions.h
[12.577s] -- Installing: /home/d-lab/workspace/ros_ur_driver/install/controller_manager_msgs/include/controller_manager_msgs/srv/detail/list_hardware_interfaces__type_support.h
[12.577s] -- Installing: /home/d-lab/workspace/ros_ur_driver/install/controller_manager_msgs/include/controller_manager_msgs/srv/detail/reload_controller_libraries__struct.h
[12.577s] -- Installing: /home/d-lab/workspace/ros_ur_driver/install/controller_manager_msgs/include/controller_manager_msgs/srv/detail/load_controller__functions.c
[12.577s] -- Installing: /home/d-lab/workspace/ros_ur_driver/install/controller_manager_msgs/include/controller_manager_msgs/srv/detail/list_controllers__functions.c
[12.577s] -- Installing: /home/d-lab/workspace/ros_ur_driver/install/controller_manager_msgs/include/controller_manager_msgs/srv/detail/switch_controller__functions.c
[12.577s] -- Installing: /home/d-lab/workspace/ros_ur_driver/install/controller_manager_msgs/include/controller_manager_msgs/srv/detail/switch_controller__type_support.h
[12.577s] -- Installing: /home/d-lab/workspace/ros_ur_driver/install/controller_manager_msgs/include/controller_manager_msgs/srv/detail/unload_controller__functions.c
[12.577s] -- Installing: /home/d-lab/workspace/ros_ur_driver/install/controller_manager_msgs/include/controller_manager_msgs/srv/detail/load_configure_controller__type_support.h
[12.577s] -- Installing: /home/d-lab/workspace/ros_ur_driver/install/controller_manager_msgs/include/controller_manager_msgs/srv/detail/load_configure_controller__functions.h
[12.577s] -- Installing: /home/d-lab/workspace/ros_ur_driver/install/controller_manager_msgs/include/controller_manager_msgs/srv/detail/configure_start_controller__functions.c
[12.577s] -- Installing: /home/d-lab/workspace/ros_ur_driver/install/controller_manager_msgs/include/controller_manager_msgs/srv/detail/load_start_controller__type_support.h
[12.577s] -- Installing: /home/d-lab/workspace/ros_ur_driver/install/controller_manager_msgs/include/controller_manager_msgs/msg
[12.577s] -- Installing: /home/d-lab/workspace/ros_ur_driver/install/controller_manager_msgs/include/controller_manager_msgs/msg/rosidl_generator_c__visibility_control.h
[12.577s] -- Installing: /home/d-lab/workspace/ros_ur_driver/install/controller_manager_msgs/include/controller_manager_msgs/msg/controller_state.h
[12.578s] -- Installing: /home/d-lab/workspace/ros_ur_driver/install/controller_manager_msgs/include/controller_manager_msgs/msg/hardware_interface.h
[12.578s] -- Installing: /home/d-lab/workspace/ros_ur_driver/install/controller_manager_msgs/include/controller_manager_msgs/msg/detail
[12.578s] -- Installing: /home/d-lab/workspace/ros_ur_driver/install/controller_manager_msgs/include/controller_manager_msgs/msg/detail/controller_state__struct.h
[12.578s] -- Installing: /home/d-lab/workspace/ros_ur_driver/install/controller_manager_msgs/include/controller_manager_msgs/msg/detail/controller_state__functions.h
[12.578s] -- Installing: /home/d-lab/workspace/ros_ur_driver/install/controller_manager_msgs/include/controller_manager_msgs/msg/detail/hardware_interface__type_support.h
[12.578s] -- Installing: /home/d-lab/workspace/ros_ur_driver/install/controller_manager_msgs/include/controller_manager_msgs/msg/detail/controller_state__functions.c
[12.578s] -- Installing: /home/d-lab/workspace/ros_ur_driver/install/controller_manager_msgs/include/controller_manager_msgs/msg/detail/hardware_interface__functions.h
[12.578s] -- Installing: /home/d-lab/workspace/ros_ur_driver/install/controller_manager_msgs/include/controller_manager_msgs/msg/detail/hardware_interface__struct.h
[12.578s] -- Installing: /home/d-lab/workspace/ros_ur_driver/install/controller_manager_msgs/include/controller_manager_msgs/msg/detail/controller_state__type_support.h
[12.578s] -- Installing: /home/d-lab/workspace/ros_ur_driver/install/controller_manager_msgs/include/controller_manager_msgs/msg/detail/hardware_interface__functions.c
[12.578s] -- Installing: /home/d-lab/workspace/ros_ur_driver/install/controller_manager_msgs/share/controller_manager_msgs/environment/library_path.sh
[12.578s] -- Installing: /home/d-lab/workspace/ros_ur_driver/install/controller_manager_msgs/share/controller_manager_msgs/environment/library_path.dsv
[12.578s] -- Installing: /home/d-lab/workspace/ros_ur_driver/install/controller_manager_msgs/lib/libcontroller_manager_msgs__rosidl_generator_c.so
[12.578s] -- Set runtime path of "/home/d-lab/workspace/ros_ur_driver/install/controller_manager_msgs/lib/libcontroller_manager_msgs__rosidl_generator_c.so" to ""
[12.578s] -- Up-to-date: /home/d-lab/workspace/ros_ur_driver/install/controller_manager_msgs/include/controller_manager_msgs
[12.578s] -- Up-to-date: /home/d-lab/workspace/ros_ur_driver/install/controller_manager_msgs/include/controller_manager_msgs/srv
[12.578s] -- Up-to-date: /home/d-lab/workspace/ros_ur_driver/install/controller_manager_msgs/include/controller_manager_msgs/srv/detail
[12.578s] -- Installing: /home/d-lab/workspace/ros_ur_driver/install/controller_manager_msgs/include/controller_manager_msgs/srv/detail/load_start_controller__rosidl_typesupport_fastrtps_c.h
[12.578s] -- Installing: /home/d-lab/workspace/ros_ur_driver/install/controller_manager_msgs/include/controller_manager_msgs/srv/detail/list_hardware_interfaces__rosidl_typesupport_fastrtps_c.h
[12.578s] -- Installing: /home/d-lab/workspace/ros_ur_driver/install/controller_manager_msgs/include/controller_manager_msgs/srv/detail/configure_controller__rosidl_typesupport_fastrtps_c.h
[12.578s] -- Installing: /home/d-lab/workspace/ros_ur_driver/install/controller_manager_msgs/include/controller_manager_msgs/srv/detail/unload_controller__rosidl_typesupport_fastrtps_c.h
[12.579s] -- Installing: /home/d-lab/workspace/ros_ur_driver/install/controller_manager_msgs/include/controller_manager_msgs/srv/detail/configure_start_controller__rosidl_typesupport_fastrtps_c.h
[12.579s] -- Installing: /home/d-lab/workspace/ros_ur_driver/install/controller_manager_msgs/include/controller_manager_msgs/srv/detail/reload_controller_libraries__rosidl_typesupport_fastrtps_c.h
[12.579s] -- Installing: /home/d-lab/workspace/ros_ur_driver/install/controller_manager_msgs/include/controller_manager_msgs/srv/detail/switch_controller__rosidl_typesupport_fastrtps_c.h
[12.579s] -- Installing: /home/d-lab/workspace/ros_ur_driver/install/controller_manager_msgs/include/controller_manager_msgs/srv/detail/load_configure_controller__rosidl_typesupport_fastrtps_c.h
[12.579s] -- Installing: /home/d-lab/workspace/ros_ur_driver/install/controller_manager_msgs/include/controller_manager_msgs/srv/detail/list_controller_types__rosidl_typesupport_fastrtps_c.h
[12.579s] -- Installing: /home/d-lab/workspace/ros_ur_driver/install/controller_manager_msgs/include/controller_manager_msgs/srv/detail/load_controller__rosidl_typesupport_fastrtps_c.h
[12.579s] -- Installing: /home/d-lab/workspace/ros_ur_driver/install/controller_manager_msgs/include/controller_manager_msgs/srv/detail/list_controllers__rosidl_typesupport_fastrtps_c.h
[12.579s] -- Up-to-date: /home/d-lab/workspace/ros_ur_driver/install/controller_manager_msgs/include/controller_manager_msgs/msg
[12.579s] -- Installing: /home/d-lab/workspace/ros_ur_driver/install/controller_manager_msgs/include/controller_manager_msgs/msg/rosidl_typesupport_fastrtps_c__visibility_control.h
[12.579s] -- Up-to-date: /home/d-lab/workspace/ros_ur_driver/install/controller_manager_msgs/include/controller_manager_msgs/msg/detail
[12.579s] -- Installing: /home/d-lab/workspace/ros_ur_driver/install/controller_manager_msgs/include/controller_manager_msgs/msg/detail/hardware_interface__rosidl_typesupport_fastrtps_c.h
[12.579s] -- Installing: /home/d-lab/workspace/ros_ur_driver/install/controller_manager_msgs/include/controller_manager_msgs/msg/detail/controller_state__rosidl_typesupport_fastrtps_c.h
[12.579s] -- Installing: /home/d-lab/workspace/ros_ur_driver/install/controller_manager_msgs/lib/libcontroller_manager_msgs__rosidl_typesupport_fastrtps_c.so
[12.579s] -- Set runtime path of "/home/d-lab/workspace/ros_ur_driver/install/controller_manager_msgs/lib/libcontroller_manager_msgs__rosidl_typesupport_fastrtps_c.so" to ""
[12.579s] -- Up-to-date: /home/d-lab/workspace/ros_ur_driver/install/controller_manager_msgs/include/controller_manager_msgs
[12.579s] -- Up-to-date: /home/d-lab/workspace/ros_ur_driver/install/controller_manager_msgs/include/controller_manager_msgs/srv
[12.579s] -- Up-to-date: /home/d-lab/workspace/ros_ur_driver/install/controller_manager_msgs/include/controller_manager_msgs/srv/detail
[12.579s] -- Installing: /home/d-lab/workspace/ros_ur_driver/install/controller_manager_msgs/include/controller_manager_msgs/srv/detail/load_controller__rosidl_typesupport_fastrtps_cpp.hpp
[12.579s] -- Installing: /home/d-lab/workspace/ros_ur_driver/install/controller_manager_msgs/include/controller_manager_msgs/srv/detail/configure_controller__rosidl_typesupport_fastrtps_cpp.hpp
[12.579s] -- Installing: /home/d-lab/workspace/ros_ur_driver/install/controller_manager_msgs/include/controller_manager_msgs/srv/detail/switch_controller__rosidl_typesupport_fastrtps_cpp.hpp
[12.579s] -- Installing: /home/d-lab/workspace/ros_ur_driver/install/controller_manager_msgs/include/controller_manager_msgs/srv/detail/dds_fastrtps
[12.580s] -- Installing: /home/d-lab/workspace/ros_ur_driver/install/controller_manager_msgs/include/controller_manager_msgs/srv/detail/configure_start_controller__rosidl_typesupport_fastrtps_cpp.hpp
[12.580s] -- Installing: /home/d-lab/workspace/ros_ur_driver/install/controller_manager_msgs/include/controller_manager_msgs/srv/detail/unload_controller__rosidl_typesupport_fastrtps_cpp.hpp
[12.580s] -- Installing: /home/d-lab/workspace/ros_ur_driver/install/controller_manager_msgs/include/controller_manager_msgs/srv/detail/list_hardware_interfaces__rosidl_typesupport_fastrtps_cpp.hpp
[12.580s] -- Installing: /home/d-lab/workspace/ros_ur_driver/install/controller_manager_msgs/include/controller_manager_msgs/srv/detail/load_configure_controller__rosidl_typesupport_fastrtps_cpp.hpp
[12.580s] -- Installing: /home/d-lab/workspace/ros_ur_driver/install/controller_manager_msgs/include/controller_manager_msgs/srv/detail/list_controller_types__rosidl_typesupport_fastrtps_cpp.hpp
[12.580s] -- Installing: /home/d-lab/workspace/ros_ur_driver/install/controller_manager_msgs/include/controller_manager_msgs/srv/detail/load_start_controller__rosidl_typesupport_fastrtps_cpp.hpp
[12.580s] -- Installing: /home/d-lab/workspace/ros_ur_driver/install/controller_manager_msgs/include/controller_manager_msgs/srv/detail/list_controllers__rosidl_typesupport_fastrtps_cpp.hpp
[12.580s] -- Installing: /home/d-lab/workspace/ros_ur_driver/install/controller_manager_msgs/include/controller_manager_msgs/srv/detail/reload_controller_libraries__rosidl_typesupport_fastrtps_cpp.hpp
[12.580s] -- Up-to-date: /home/d-lab/workspace/ros_ur_driver/install/controller_manager_msgs/include/controller_manager_msgs/msg
[12.580s] -- Installing: /home/d-lab/workspace/ros_ur_driver/install/controller_manager_msgs/include/controller_manager_msgs/msg/rosidl_typesupport_fastrtps_cpp__visibility_control.h
[12.580s] -- Up-to-date: /home/d-lab/workspace/ros_ur_driver/install/controller_manager_msgs/include/controller_manager_msgs/msg/detail
[12.580s] -- Installing: /home/d-lab/workspace/ros_ur_driver/install/controller_manager_msgs/include/controller_manager_msgs/msg/detail/hardware_interface__rosidl_typesupport_fastrtps_cpp.hpp
[12.580s] -- Installing: /home/d-lab/workspace/ros_ur_driver/install/controller_manager_msgs/include/controller_manager_msgs/msg/detail/dds_fastrtps
[12.580s] -- Installing: /home/d-lab/workspace/ros_ur_driver/install/controller_manager_msgs/include/controller_manager_msgs/msg/detail/controller_state__rosidl_typesupport_fastrtps_cpp.hpp
[12.580s] -- Installing: /home/d-lab/workspace/ros_ur_driver/install/controller_manager_msgs/lib/libcontroller_manager_msgs__rosidl_typesupport_fastrtps_cpp.so
[12.580s] -- Set runtime path of "/home/d-lab/workspace/ros_ur_driver/install/controller_manager_msgs/lib/libcontroller_manager_msgs__rosidl_typesupport_fastrtps_cpp.so" to ""
[12.580s] -- Up-to-date: /home/d-lab/workspace/ros_ur_driver/install/controller_manager_msgs/include/controller_manager_msgs
[12.580s] -- Up-to-date: /home/d-lab/workspace/ros_ur_driver/install/controller_manager_msgs/include/controller_manager_msgs/srv
[12.580s] -- Up-to-date: /home/d-lab/workspace/ros_ur_driver/install/controller_manager_msgs/include/controller_manager_msgs/srv/detail
[12.581s] -- Installing: /home/d-lab/workspace/ros_ur_driver/install/controller_manager_msgs/include/controller_manager_msgs/srv/detail/list_controllers__rosidl_typesupport_introspection_c.h
[12.581s] -- Installing: /home/d-lab/workspace/ros_ur_driver/install/controller_manager_msgs/include/controller_manager_msgs/srv/detail/load_start_controller__rosidl_typesupport_introspection_c.h
[12.581s] -- Installing: /home/d-lab/workspace/ros_ur_driver/install/controller_manager_msgs/include/controller_manager_msgs/srv/detail/list_hardware_interfaces__type_support.c
[12.581s] -- Installing: /home/d-lab/workspace/ros_ur_driver/install/controller_manager_msgs/include/controller_manager_msgs/srv/detail/load_configure_controller__type_support.c
[12.581s] -- Installing: /home/d-lab/workspace/ros_ur_driver/install/controller_manager_msgs/include/controller_manager_msgs/srv/detail/unload_controller__rosidl_typesupport_introspection_c.h
[12.581s] -- Installing: /home/d-lab/workspace/ros_ur_driver/install/controller_manager_msgs/include/controller_manager_msgs/srv/detail/reload_controller_libraries__rosidl_typesupport_introspection_c.h
[12.581s] -- Installing: /home/d-lab/workspace/ros_ur_driver/install/controller_manager_msgs/include/controller_manager_msgs/srv/detail/list_hardware_interfaces__rosidl_typesupport_introspection_c.h
[12.581s] -- Installing: /home/d-lab/workspace/ros_ur_driver/install/controller_manager_msgs/include/controller_manager_msgs/srv/detail/list_controller_types__rosidl_typesupport_introspection_c.h
[12.581s] -- Installing: /home/d-lab/workspace/ros_ur_driver/install/controller_manager_msgs/include/controller_manager_msgs/srv/detail/list_controllers__type_support.c
[12.581s] -- Installing: /home/d-lab/workspace/ros_ur_driver/install/controller_manager_msgs/include/controller_manager_msgs/srv/detail/unload_controller__type_support.c
[12.581s] -- Installing: /home/d-lab/workspace/ros_ur_driver/install/controller_manager_msgs/include/controller_manager_msgs/srv/detail/configure_start_controller__type_support.c
[12.581s] -- Installing: /home/d-lab/workspace/ros_ur_driver/install/controller_manager_msgs/include/controller_manager_msgs/srv/detail/load_controller__type_support.c
[12.581s] -- Installing: /home/d-lab/workspace/ros_ur_driver/install/controller_manager_msgs/include/controller_manager_msgs/srv/detail/switch_controller__rosidl_typesupport_introspection_c.h
[12.581s] -- Installing: /home/d-lab/workspace/ros_ur_driver/install/controller_manager_msgs/include/controller_manager_msgs/srv/detail/load_start_controller__type_support.c
[12.581s] -- Installing: /home/d-lab/workspace/ros_ur_driver/install/controller_manager_msgs/include/controller_manager_msgs/srv/detail/configure_start_controller__rosidl_typesupport_introspection_c.h
[12.581s] -- Installing: /home/d-lab/workspace/ros_ur_driver/install/controller_manager_msgs/include/controller_manager_msgs/srv/detail/load_configure_controller__rosidl_typesupport_introspection_c.h
[12.581s] -- Installing: /home/d-lab/workspace/ros_ur_driver/install/controller_manager_msgs/include/controller_manager_msgs/srv/detail/load_controller__rosidl_typesupport_introspection_c.h
[12.581s] -- Installing: /home/d-lab/workspace/ros_ur_driver/install/controller_manager_msgs/include/controller_manager_msgs/srv/detail/list_controller_types__type_support.c
[12.581s] -- Installing: /home/d-lab/workspace/ros_ur_driver/install/controller_manager_msgs/include/controller_manager_msgs/srv/detail/configure_controller__type_support.c
[12.581s] -- Installing: /home/d-lab/workspace/ros_ur_driver/install/controller_manager_msgs/include/controller_manager_msgs/srv/detail/configure_controller__rosidl_typesupport_introspection_c.h
[12.581s] -- Installing: /home/d-lab/workspace/ros_ur_driver/install/controller_manager_msgs/include/controller_manager_msgs/srv/detail/reload_controller_libraries__type_support.c
[12.581s] -- Installing: /home/d-lab/workspace/ros_ur_driver/install/controller_manager_msgs/include/controller_manager_msgs/srv/detail/switch_controller__type_support.c
[12.582s] -- Up-to-date: /home/d-lab/workspace/ros_ur_driver/install/controller_manager_msgs/include/controller_manager_msgs/msg
[12.582s] -- Installing: /home/d-lab/workspace/ros_ur_driver/install/controller_manager_msgs/include/controller_manager_msgs/msg/rosidl_typesupport_introspection_c__visibility_control.h
[12.582s] -- Up-to-date: /home/d-lab/workspace/ros_ur_driver/install/controller_manager_msgs/include/controller_manager_msgs/msg/detail
[12.582s] -- Installing: /home/d-lab/workspace/ros_ur_driver/install/controller_manager_msgs/include/controller_manager_msgs/msg/detail/controller_state__rosidl_typesupport_introspection_c.h
[12.582s] -- Installing: /home/d-lab/workspace/ros_ur_driver/install/controller_manager_msgs/include/controller_manager_msgs/msg/detail/hardware_interface__type_support.c
[12.582s] -- Installing: /home/d-lab/workspace/ros_ur_driver/install/controller_manager_msgs/include/controller_manager_msgs/msg/detail/controller_state__type_support.c
[12.582s] -- Installing: /home/d-lab/workspace/ros_ur_driver/install/controller_manager_msgs/include/controller_manager_msgs/msg/detail/hardware_interface__rosidl_typesupport_introspection_c.h
[12.582s] -- Installing: /home/d-lab/workspace/ros_ur_driver/install/controller_manager_msgs/lib/libcontroller_manager_msgs__rosidl_typesupport_introspection_c.so
[12.582s] -- Set runtime path of "/home/d-lab/workspace/ros_ur_driver/install/controller_manager_msgs/lib/libcontroller_manager_msgs__rosidl_typesupport_introspection_c.so" to ""
[12.582s] -- Installing: /home/d-lab/workspace/ros_ur_driver/install/controller_manager_msgs/lib/libcontroller_manager_msgs__rosidl_typesupport_c.so
[12.582s] -- Set runtime path of "/home/d-lab/workspace/ros_ur_driver/install/controller_manager_msgs/lib/libcontroller_manager_msgs__rosidl_typesupport_c.so" to ""
[12.582s] -- Up-to-date: /home/d-lab/workspace/ros_ur_driver/install/controller_manager_msgs/include/controller_manager_msgs
[12.582s] -- Up-to-date: /home/d-lab/workspace/ros_ur_driver/install/controller_manager_msgs/include/controller_manager_msgs/srv
[12.582s] -- Installing: /home/d-lab/workspace/ros_ur_driver/install/controller_manager_msgs/include/controller_manager_msgs/srv/list_controllers.hpp
[12.582s] -- Installing: /home/d-lab/workspace/ros_ur_driver/install/controller_manager_msgs/include/controller_manager_msgs/srv/reload_controller_libraries.hpp
[12.582s] -- Installing: /home/d-lab/workspace/ros_ur_driver/install/controller_manager_msgs/include/controller_manager_msgs/srv/load_start_controller.hpp
[12.582s] -- Installing: /home/d-lab/workspace/ros_ur_driver/install/controller_manager_msgs/include/controller_manager_msgs/srv/load_controller.hpp
[12.582s] -- Installing: /home/d-lab/workspace/ros_ur_driver/install/controller_manager_msgs/include/controller_manager_msgs/srv/configure_start_controller.hpp
[12.582s] -- Installing: /home/d-lab/workspace/ros_ur_driver/install/controller_manager_msgs/include/controller_manager_msgs/srv/configure_controller.hpp
[12.583s] -- Installing: /home/d-lab/workspace/ros_ur_driver/install/controller_manager_msgs/include/controller_manager_msgs/srv/list_hardware_interfaces.hpp
[12.583s] -- Installing: /home/d-lab/workspace/ros_ur_driver/install/controller_manager_msgs/include/controller_manager_msgs/srv/load_configure_controller.hpp
[12.583s] -- Installing: /home/d-lab/workspace/ros_ur_driver/install/controller_manager_msgs/include/controller_manager_msgs/srv/switch_controller.hpp
[12.583s] -- Up-to-date: /home/d-lab/workspace/ros_ur_driver/install/controller_manager_msgs/include/controller_manager_msgs/srv/detail
[12.583s] -- Installing: /home/d-lab/workspace/ros_ur_driver/install/controller_manager_msgs/include/controller_manager_msgs/srv/detail/configure_controller__struct.hpp
[12.583s] -- Installing: /home/d-lab/workspace/ros_ur_driver/install/controller_manager_msgs/include/controller_manager_msgs/srv/detail/load_start_controller__traits.hpp
[12.583s] -- Installing: /home/d-lab/workspace/ros_ur_driver/install/controller_manager_msgs/include/controller_manager_msgs/srv/detail/list_controller_types__traits.hpp
[12.583s] -- Installing: /home/d-lab/workspace/ros_ur_driver/install/controller_manager_msgs/include/controller_manager_msgs/srv/detail/load_controller__builder.hpp
[12.583s] -- Installing: /home/d-lab/workspace/ros_ur_driver/install/controller_manager_msgs/include/controller_manager_msgs/srv/detail/configure_start_controller__struct.hpp
[12.583s] -- Installing: /home/d-lab/workspace/ros_ur_driver/install/controller_manager_msgs/include/controller_manager_msgs/srv/detail/configure_controller__builder.hpp
[12.583s] -- Installing: /home/d-lab/workspace/ros_ur_driver/install/controller_manager_msgs/include/controller_manager_msgs/srv/detail/reload_controller_libraries__builder.hpp
[12.583s] -- Installing: /home/d-lab/workspace/ros_ur_driver/install/controller_manager_msgs/include/controller_manager_msgs/srv/detail/load_controller__struct.hpp
[12.583s] -- Installing: /home/d-lab/workspace/ros_ur_driver/install/controller_manager_msgs/include/controller_manager_msgs/srv/detail/configure_controller__traits.hpp
[12.583s] -- Installing: /home/d-lab/workspace/ros_ur_driver/install/controller_manager_msgs/include/controller_manager_msgs/srv/detail/list_controller_types__struct.hpp
[12.583s] -- Installing: /home/d-lab/workspace/ros_ur_driver/install/controller_manager_msgs/include/controller_manager_msgs/srv/detail/load_start_controller__struct.hpp
[12.583s] -- Installing: /home/d-lab/workspace/ros_ur_driver/install/controller_manager_msgs/include/controller_manager_msgs/srv/detail/load_configure_controller__struct.hpp
[12.583s] -- Installing: /home/d-lab/workspace/ros_ur_driver/install/controller_manager_msgs/include/controller_manager_msgs/srv/detail/unload_controller__struct.hpp
[12.583s] -- Installing: /home/d-lab/workspace/ros_ur_driver/install/controller_manager_msgs/include/controller_manager_msgs/srv/detail/list_hardware_interfaces__traits.hpp
[12.583s] -- Installing: /home/d-lab/workspace/ros_ur_driver/install/controller_manager_msgs/include/controller_manager_msgs/srv/detail/load_configure_controller__traits.hpp
[12.583s] -- Installing: /home/d-lab/workspace/ros_ur_driver/install/controller_manager_msgs/include/controller_manager_msgs/srv/detail/configure_start_controller__traits.hpp
[12.583s] -- Installing: /home/d-lab/workspace/ros_ur_driver/install/controller_manager_msgs/include/controller_manager_msgs/srv/detail/switch_controller__struct.hpp
[12.583s] -- Installing: /home/d-lab/workspace/ros_ur_driver/install/controller_manager_msgs/include/controller_manager_msgs/srv/detail/reload_controller_libraries__struct.hpp
[12.584s] -- Installing: /home/d-lab/workspace/ros_ur_driver/install/controller_manager_msgs/include/controller_manager_msgs/srv/detail/switch_controller__traits.hpp
[12.584s] -- Installing: /home/d-lab/workspace/ros_ur_driver/install/controller_manager_msgs/include/controller_manager_msgs/srv/detail/list_controllers__traits.hpp
[12.584s] -- Installing: /home/d-lab/workspace/ros_ur_driver/install/controller_manager_msgs/include/controller_manager_msgs/srv/detail/list_hardware_interfaces__builder.hpp
[12.584s] -- Installing: /home/d-lab/workspace/ros_ur_driver/install/controller_manager_msgs/include/controller_manager_msgs/srv/detail/reload_controller_libraries__traits.hpp
[12.584s] -- Installing: /home/d-lab/workspace/ros_ur_driver/install/controller_manager_msgs/include/controller_manager_msgs/srv/detail/switch_controller__builder.hpp
[12.584s] -- Installing: /home/d-lab/workspace/ros_ur_driver/install/controller_manager_msgs/include/controller_manager_msgs/srv/detail/load_controller__traits.hpp
[12.584s] -- Installing: /home/d-lab/workspace/ros_ur_driver/install/controller_manager_msgs/include/controller_manager_msgs/srv/detail/load_configure_controller__builder.hpp
[12.584s] -- Installing: /home/d-lab/workspace/ros_ur_driver/install/controller_manager_msgs/include/controller_manager_msgs/srv/detail/configure_start_controller__builder.hpp
[12.584s] -- Installing: /home/d-lab/workspace/ros_ur_driver/install/controller_manager_msgs/include/controller_manager_msgs/srv/detail/list_controllers__struct.hpp
[12.584s] -- Installing: /home/d-lab/workspace/ros_ur_driver/install/controller_manager_msgs/include/controller_manager_msgs/srv/detail/unload_controller__traits.hpp
[12.584s] -- Installing: /home/d-lab/workspace/ros_ur_driver/install/controller_manager_msgs/include/controller_manager_msgs/srv/detail/list_hardware_interfaces__struct.hpp
[12.584s] -- Installing: /home/d-lab/workspace/ros_ur_driver/install/controller_manager_msgs/include/controller_manager_msgs/srv/detail/load_start_controller__builder.hpp
[12.584s] -- Installing: /home/d-lab/workspace/ros_ur_driver/install/controller_manager_msgs/include/controller_manager_msgs/srv/detail/list_controller_types__builder.hpp
[12.584s] -- Installing: /home/d-lab/workspace/ros_ur_driver/install/controller_manager_msgs/include/controller_manager_msgs/srv/detail/unload_controller__builder.hpp
[12.584s] -- Installing: /home/d-lab/workspace/ros_ur_driver/install/controller_manager_msgs/include/controller_manager_msgs/srv/detail/list_controllers__builder.hpp
[12.584s] -- Installing: /home/d-lab/workspace/ros_ur_driver/install/controller_manager_msgs/include/controller_manager_msgs/srv/list_controller_types.hpp
[12.584s] -- Installing: /home/d-lab/workspace/ros_ur_driver/install/controller_manager_msgs/include/controller_manager_msgs/srv/unload_controller.hpp
[12.584s] -- Up-to-date: /home/d-lab/workspace/ros_ur_driver/install/controller_manager_msgs/include/controller_manager_msgs/msg
[12.584s] -- Installing: /home/d-lab/workspace/ros_ur_driver/install/controller_manager_msgs/include/controller_manager_msgs/msg/hardware_interface.hpp
[12.584s] -- Installing: /home/d-lab/workspace/ros_ur_driver/install/controller_manager_msgs/include/controller_manager_msgs/msg/controller_state.hpp
[12.584s] -- Up-to-date: /home/d-lab/workspace/ros_ur_driver/install/controller_manager_msgs/include/controller_manager_msgs/msg/detail
[12.584s] -- Installing: /home/d-lab/workspace/ros_ur_driver/install/controller_manager_msgs/include/controller_manager_msgs/msg/detail/hardware_interface__struct.hpp
[12.585s] -- Installing: /home/d-lab/workspace/ros_ur_driver/install/controller_manager_msgs/include/controller_manager_msgs/msg/detail/controller_state__traits.hpp
[12.585s] -- Installing: /home/d-lab/workspace/ros_ur_driver/install/controller_manager_msgs/include/controller_manager_msgs/msg/detail/controller_state__struct.hpp
[12.585s] -- Installing: /home/d-lab/workspace/ros_ur_driver/install/controller_manager_msgs/include/controller_manager_msgs/msg/detail/hardware_interface__builder.hpp
[12.585s] -- Installing: /home/d-lab/workspace/ros_ur_driver/install/controller_manager_msgs/include/controller_manager_msgs/msg/detail/controller_state__builder.hpp
[12.585s] -- Installing: /home/d-lab/workspace/ros_ur_driver/install/controller_manager_msgs/include/controller_manager_msgs/msg/detail/hardware_interface__traits.hpp
[12.585s] -- Up-to-date: /home/d-lab/workspace/ros_ur_driver/install/controller_manager_msgs/include/controller_manager_msgs
[12.585s] -- Up-to-date: /home/d-lab/workspace/ros_ur_driver/install/controller_manager_msgs/include/controller_manager_msgs/srv
[12.585s] -- Up-to-date: /home/d-lab/workspace/ros_ur_driver/install/controller_manager_msgs/include/controller_manager_msgs/srv/detail
[12.585s] -- Installing: /home/d-lab/workspace/ros_ur_driver/install/controller_manager_msgs/include/controller_manager_msgs/srv/detail/unload_controller__rosidl_typesupport_introspection_cpp.hpp
[12.585s] -- Installing: /home/d-lab/workspace/ros_ur_driver/install/controller_manager_msgs/include/controller_manager_msgs/srv/detail/reload_controller_libraries__type_support.cpp
[12.585s] -- Installing: /home/d-lab/workspace/ros_ur_driver/install/controller_manager_msgs/include/controller_manager_msgs/srv/detail/switch_controller__type_support.cpp
[12.585s] -- Installing: /home/d-lab/workspace/ros_ur_driver/install/controller_manager_msgs/include/controller_manager_msgs/srv/detail/configure_start_controller__rosidl_typesupport_introspection_cpp.hpp
[12.585s] -- Installing: /home/d-lab/workspace/ros_ur_driver/install/controller_manager_msgs/include/controller_manager_msgs/srv/detail/load_start_controller__type_support.cpp
[12.585s] -- Installing: /home/d-lab/workspace/ros_ur_driver/install/controller_manager_msgs/include/controller_manager_msgs/srv/detail/load_controller__type_support.cpp
[12.585s] -- Installing: /home/d-lab/workspace/ros_ur_driver/install/controller_manager_msgs/include/controller_manager_msgs/srv/detail/configure_controller__rosidl_typesupport_introspection_cpp.hpp
[12.585s] -- Installing: /home/d-lab/workspace/ros_ur_driver/install/controller_manager_msgs/include/controller_manager_msgs/srv/detail/list_controllers__type_support.cpp
[12.585s] -- Installing: /home/d-lab/workspace/ros_ur_driver/install/controller_manager_msgs/include/controller_manager_msgs/srv/detail/list_controller_types__rosidl_typesupport_introspection_cpp.hpp
[12.585s] -- Installing: /home/d-lab/workspace/ros_ur_driver/install/controller_manager_msgs/include/controller_manager_msgs/srv/detail/load_controller__rosidl_typesupport_introspection_cpp.hpp
[12.585s] -- Installing: /home/d-lab/workspace/ros_ur_driver/install/controller_manager_msgs/include/controller_manager_msgs/srv/detail/configure_controller__type_support.cpp
[12.585s] -- Installing: /home/d-lab/workspace/ros_ur_driver/install/controller_manager_msgs/include/controller_manager_msgs/srv/detail/switch_controller__rosidl_typesupport_introspection_cpp.hpp
[12.585s] -- Installing: /home/d-lab/workspace/ros_ur_driver/install/controller_manager_msgs/include/controller_manager_msgs/srv/detail/configure_start_controller__type_support.cpp
[12.585s] -- Installing: /home/d-lab/workspace/ros_ur_driver/install/controller_manager_msgs/include/controller_manager_msgs/srv/detail/load_configure_controller__type_support.cpp
[12.585s] -- Installing: /home/d-lab/workspace/ros_ur_driver/install/controller_manager_msgs/include/controller_manager_msgs/srv/detail/list_controllers__rosidl_typesupport_introspection_cpp.hpp
[12.585s] -- Installing: /home/d-lab/workspace/ros_ur_driver/install/controller_manager_msgs/include/controller_manager_msgs/srv/detail/list_hardware_interfaces__type_support.cpp
[12.586s] -- Installing: /home/d-lab/workspace/ros_ur_driver/install/controller_manager_msgs/include/controller_manager_msgs/srv/detail/unload_controller__type_support.cpp
[12.586s] -- Installing: /home/d-lab/workspace/ros_ur_driver/install/controller_manager_msgs/include/controller_manager_msgs/srv/detail/list_controller_types__type_support.cpp
[12.586s] -- Installing: /home/d-lab/workspace/ros_ur_driver/install/controller_manager_msgs/include/controller_manager_msgs/srv/detail/reload_controller_libraries__rosidl_typesupport_introspection_cpp.hpp
[12.586s] -- Installing: /home/d-lab/workspace/ros_ur_driver/install/controller_manager_msgs/include/controller_manager_msgs/srv/detail/list_hardware_interfaces__rosidl_typesupport_introspection_cpp.hpp
[12.586s] -- Installing: /home/d-lab/workspace/ros_ur_driver/install/controller_manager_msgs/include/controller_manager_msgs/srv/detail/load_configure_controller__rosidl_typesupport_introspection_cpp.hpp
[12.586s] -- Installing: /home/d-lab/workspace/ros_ur_driver/install/controller_manager_msgs/include/controller_manager_msgs/srv/detail/load_start_controller__rosidl_typesupport_introspection_cpp.hpp
[12.586s] -- Up-to-date: /home/d-lab/workspace/ros_ur_driver/install/controller_manager_msgs/include/controller_manager_msgs/msg
[12.586s] -- Up-to-date: /home/d-lab/workspace/ros_ur_driver/install/controller_manager_msgs/include/controller_manager_msgs/msg/detail
[12.586s] -- Installing: /home/d-lab/workspace/ros_ur_driver/install/controller_manager_msgs/include/controller_manager_msgs/msg/detail/hardware_interface__type_support.cpp
[12.586s] -- Installing: /home/d-lab/workspace/ros_ur_driver/install/controller_manager_msgs/include/controller_manager_msgs/msg/detail/controller_state__rosidl_typesupport_introspection_cpp.hpp
[12.586s] -- Installing: /home/d-lab/workspace/ros_ur_driver/install/controller_manager_msgs/include/controller_manager_msgs/msg/detail/hardware_interface__rosidl_typesupport_introspection_cpp.hpp
[12.586s] -- Installing: /home/d-lab/workspace/ros_ur_driver/install/controller_manager_msgs/include/controller_manager_msgs/msg/detail/controller_state__type_support.cpp
[12.586s] -- Installing: /home/d-lab/workspace/ros_ur_driver/install/controller_manager_msgs/lib/libcontroller_manager_msgs__rosidl_typesupport_introspection_cpp.so
[12.586s] -- Set runtime path of "/home/d-lab/workspace/ros_ur_driver/install/controller_manager_msgs/lib/libcontroller_manager_msgs__rosidl_typesupport_introspection_cpp.so" to ""
[12.586s] -- Installing: /home/d-lab/workspace/ros_ur_driver/install/controller_manager_msgs/lib/libcontroller_manager_msgs__rosidl_typesupport_cpp.so
[12.586s] -- Set runtime path of "/home/d-lab/workspace/ros_ur_driver/install/controller_manager_msgs/lib/libcontroller_manager_msgs__rosidl_typesupport_cpp.so" to ""
[12.586s] -- Installing: /home/d-lab/workspace/ros_ur_driver/install/controller_manager_msgs/share/controller_manager_msgs/environment/pythonpath.sh
[12.586s] -- Installing: /home/d-lab/workspace/ros_ur_driver/install/controller_manager_msgs/share/controller_manager_msgs/environment/pythonpath.dsv
[12.586s] -- Installing: /home/d-lab/workspace/ros_ur_driver/install/controller_manager_msgs/lib/python3.8/site-packages/controller_manager_msgs/__init__.py
[12.604s] Compiling '/home/d-lab/workspace/ros_ur_driver/install/controller_manager_msgs/lib/python3.8/site-packages/controller_manager_msgs/__init__.py'...
[12.607s] -- Installing: /home/d-lab/workspace/ros_ur_driver/install/controller_manager_msgs/lib/python3.8/site-packages/controller_manager_msgs/msg
[12.607s] -- Installing: /home/d-lab/workspace/ros_ur_driver/install/controller_manager_msgs/lib/python3.8/site-packages/controller_manager_msgs/msg/_hardware_interface.py
[12.607s] -- Installing: /home/d-lab/workspace/ros_ur_driver/install/controller_manager_msgs/lib/python3.8/site-packages/controller_manager_msgs/msg/_hardware_interface_s.c
[12.607s] -- Installing: /home/d-lab/workspace/ros_ur_driver/install/controller_manager_msgs/lib/python3.8/site-packages/controller_manager_msgs/msg/_controller_state_s.c
[12.607s] -- Installing: /home/d-lab/workspace/ros_ur_driver/install/controller_manager_msgs/lib/python3.8/site-packages/controller_manager_msgs/msg/_controller_state.py
[12.607s] -- Installing: /home/d-lab/workspace/ros_ur_driver/install/controller_manager_msgs/lib/python3.8/site-packages/controller_manager_msgs/msg/__init__.py
[12.607s] -- Installing: /home/d-lab/workspace/ros_ur_driver/install/controller_manager_msgs/lib/python3.8/site-packages/controller_manager_msgs/srv
[12.607s] -- Installing: /home/d-lab/workspace/ros_ur_driver/install/controller_manager_msgs/lib/python3.8/site-packages/controller_manager_msgs/srv/_configure_start_controller_s.c
[12.607s] -- Installing: /home/d-lab/workspace/ros_ur_driver/install/controller_manager_msgs/lib/python3.8/site-packages/controller_manager_msgs/srv/_configure_controller_s.c
[12.607s] -- Installing: /home/d-lab/workspace/ros_ur_driver/install/controller_manager_msgs/lib/python3.8/site-packages/controller_manager_msgs/srv/_switch_controller_s.c
[12.607s] -- Installing: /home/d-lab/workspace/ros_ur_driver/install/controller_manager_msgs/lib/python3.8/site-packages/controller_manager_msgs/srv/_list_controllers_s.c
[12.607s] -- Installing: /home/d-lab/workspace/ros_ur_driver/install/controller_manager_msgs/lib/python3.8/site-packages/controller_manager_msgs/srv/_list_controllers.py
[12.607s] -- Installing: /home/d-lab/workspace/ros_ur_driver/install/controller_manager_msgs/lib/python3.8/site-packages/controller_manager_msgs/srv/_unload_controller_s.c
[12.607s] -- Installing: /home/d-lab/workspace/ros_ur_driver/install/controller_manager_msgs/lib/python3.8/site-packages/controller_manager_msgs/srv/_reload_controller_libraries.py
[12.607s] -- Installing: /home/d-lab/workspace/ros_ur_driver/install/controller_manager_msgs/lib/python3.8/site-packages/controller_manager_msgs/srv/_load_start_controller.py
[12.607s] -- Installing: /home/d-lab/workspace/ros_ur_driver/install/controller_manager_msgs/lib/python3.8/site-packages/controller_manager_msgs/srv/_reload_controller_libraries_s.c
[12.608s] -- Installing: /home/d-lab/workspace/ros_ur_driver/install/controller_manager_msgs/lib/python3.8/site-packages/controller_manager_msgs/srv/_load_start_controller_s.c
[12.608s] -- Installing: /home/d-lab/workspace/ros_ur_driver/install/controller_manager_msgs/lib/python3.8/site-packages/controller_manager_msgs/srv/_list_hardware_interfaces_s.c
[12.608s] -- Installing: /home/d-lab/workspace/ros_ur_driver/install/controller_manager_msgs/lib/python3.8/site-packages/controller_manager_msgs/srv/_unload_controller.py
[12.608s] -- Installing: /home/d-lab/workspace/ros_ur_driver/install/controller_manager_msgs/lib/python3.8/site-packages/controller_manager_msgs/srv/_configure_start_controller.py
[12.608s] -- Installing: /home/d-lab/workspace/ros_ur_driver/install/controller_manager_msgs/lib/python3.8/site-packages/controller_manager_msgs/srv/_load_controller_s.c
[12.608s] -- Installing: /home/d-lab/workspace/ros_ur_driver/install/controller_manager_msgs/lib/python3.8/site-packages/controller_manager_msgs/srv/_switch_controller.py
[12.608s] -- Installing: /home/d-lab/workspace/ros_ur_driver/install/controller_manager_msgs/lib/python3.8/site-packages/controller_manager_msgs/srv/_list_controller_types.py
[12.608s] -- Installing: /home/d-lab/workspace/ros_ur_driver/install/controller_manager_msgs/lib/python3.8/site-packages/controller_manager_msgs/srv/_load_configure_controller_s.c
[12.608s] -- Installing: /home/d-lab/workspace/ros_ur_driver/install/controller_manager_msgs/lib/python3.8/site-packages/controller_manager_msgs/srv/__init__.py
[12.608s] -- Installing: /home/d-lab/workspace/ros_ur_driver/install/controller_manager_msgs/lib/python3.8/site-packages/controller_manager_msgs/srv/_list_controller_types_s.c
[12.608s] -- Installing: /home/d-lab/workspace/ros_ur_driver/install/controller_manager_msgs/lib/python3.8/site-packages/controller_manager_msgs/srv/_load_controller.py
[12.608s] -- Installing: /home/d-lab/workspace/ros_ur_driver/install/controller_manager_msgs/lib/python3.8/site-packages/controller_manager_msgs/srv/_configure_controller.py
[12.608s] -- Installing: /home/d-lab/workspace/ros_ur_driver/install/controller_manager_msgs/lib/python3.8/site-packages/controller_manager_msgs/srv/_list_hardware_interfaces.py
[12.608s] -- Installing: /home/d-lab/workspace/ros_ur_driver/install/controller_manager_msgs/lib/python3.8/site-packages/controller_manager_msgs/srv/_load_configure_controller.py
[12.608s] -- Installing: /home/d-lab/workspace/ros_ur_driver/install/controller_manager_msgs/lib/python3.8/site-packages/controller_manager_msgs/controller_manager_msgs_s__rosidl_typesupport_fastrtps_c.cpython-38-x86_64-linux-gnu.so
[12.608s] -- Set runtime path of "/home/d-lab/workspace/ros_ur_driver/install/controller_manager_msgs/lib/python3.8/site-packages/controller_manager_msgs/controller_manager_msgs_s__rosidl_typesupport_fastrtps_c.cpython-38-x86_64-linux-gnu.so" to ""
[12.609s] -- Installing: /home/d-lab/workspace/ros_ur_driver/install/controller_manager_msgs/lib/python3.8/site-packages/controller_manager_msgs/controller_manager_msgs_s__rosidl_typesupport_introspection_c.cpython-38-x86_64-linux-gnu.so
[12.609s] -- Set runtime path of "/home/d-lab/workspace/ros_ur_driver/install/controller_manager_msgs/lib/python3.8/site-packages/controller_manager_msgs/controller_manager_msgs_s__rosidl_typesupport_introspection_c.cpython-38-x86_64-linux-gnu.so" to ""
[12.609s] -- Installing: /home/d-lab/workspace/ros_ur_driver/install/controller_manager_msgs/lib/python3.8/site-packages/controller_manager_msgs/controller_manager_msgs_s__rosidl_typesupport_c.cpython-38-x86_64-linux-gnu.so
[12.609s] -- Set runtime path of "/home/d-lab/workspace/ros_ur_driver/install/controller_manager_msgs/lib/python3.8/site-packages/controller_manager_msgs/controller_manager_msgs_s__rosidl_typesupport_c.cpython-38-x86_64-linux-gnu.so" to ""
[12.610s] -- Installing: /home/d-lab/workspace/ros_ur_driver/install/controller_manager_msgs/lib/libcontroller_manager_msgs__python.so
[12.610s] -- Set runtime path of "/home/d-lab/workspace/ros_ur_driver/install/controller_manager_msgs/lib/libcontroller_manager_msgs__python.so" to ""
[12.610s] -- Installing: /home/d-lab/workspace/ros_ur_driver/install/controller_manager_msgs/share/controller_manager_msgs/msg/ControllerState.idl
[12.610s] -- Installing: /home/d-lab/workspace/ros_ur_driver/install/controller_manager_msgs/share/controller_manager_msgs/msg/HardwareInterface.idl
[12.610s] -- Installing: /home/d-lab/workspace/ros_ur_driver/install/controller_manager_msgs/share/controller_manager_msgs/srv/ConfigureController.idl
[12.610s] -- Installing: /home/d-lab/workspace/ros_ur_driver/install/controller_manager_msgs/share/controller_manager_msgs/srv/ConfigureStartController.idl
[12.610s] -- Installing: /home/d-lab/workspace/ros_ur_driver/install/controller_manager_msgs/share/controller_manager_msgs/srv/ListControllers.idl
[12.610s] -- Installing: /home/d-lab/workspace/ros_ur_driver/install/controller_manager_msgs/share/controller_manager_msgs/srv/ListControllerTypes.idl
[12.610s] -- Installing: /home/d-lab/workspace/ros_ur_driver/install/controller_manager_msgs/share/controller_manager_msgs/srv/ListHardwareInterfaces.idl
[12.610s] -- Installing: /home/d-lab/workspace/ros_ur_driver/install/controller_manager_msgs/share/controller_manager_msgs/srv/LoadConfigureController.idl
[12.610s] -- Installing: /home/d-lab/workspace/ros_ur_driver/install/controller_manager_msgs/share/controller_manager_msgs/srv/LoadController.idl
[12.610s] -- Installing: /home/d-lab/workspace/ros_ur_driver/install/controller_manager_msgs/share/controller_manager_msgs/srv/LoadStartController.idl
[12.611s] -- Installing: /home/d-lab/workspace/ros_ur_driver/install/controller_manager_msgs/share/controller_manager_msgs/srv/ReloadControllerLibraries.idl
[12.611s] -- Installing: /home/d-lab/workspace/ros_ur_driver/install/controller_manager_msgs/share/controller_manager_msgs/srv/SwitchController.idl
[12.611s] -- Installing: /home/d-lab/workspace/ros_ur_driver/install/controller_manager_msgs/share/controller_manager_msgs/srv/UnloadController.idl
[12.611s] -- Installing: /home/d-lab/workspace/ros_ur_driver/install/controller_manager_msgs/share/controller_manager_msgs/msg/ControllerState.msg
[12.611s] -- Installing: /home/d-lab/workspace/ros_ur_driver/install/controller_manager_msgs/share/controller_manager_msgs/msg/HardwareInterface.msg
[12.611s] -- Installing: /home/d-lab/workspace/ros_ur_driver/install/controller_manager_msgs/share/controller_manager_msgs/srv/ConfigureController.srv
[12.611s] -- Installing: /home/d-lab/workspace/ros_ur_driver/install/controller_manager_msgs/share/controller_manager_msgs/srv/ConfigureController_Request.msg
[12.611s] -- Installing: /home/d-lab/workspace/ros_ur_driver/install/controller_manager_msgs/share/controller_manager_msgs/srv/ConfigureController_Response.msg
[12.611s] -- Installing: /home/d-lab/workspace/ros_ur_driver/install/controller_manager_msgs/share/controller_manager_msgs/srv/ConfigureStartController.srv
[12.611s] -- Installing: /home/d-lab/workspace/ros_ur_driver/install/controller_manager_msgs/share/controller_manager_msgs/srv/ConfigureStartController_Request.msg
[12.611s] -- Installing: /home/d-lab/workspace/ros_ur_driver/install/controller_manager_msgs/share/controller_manager_msgs/srv/ConfigureStartController_Response.msg
[12.611s] -- Installing: /home/d-lab/workspace/ros_ur_driver/install/controller_manager_msgs/share/controller_manager_msgs/srv/ListControllers.srv
[12.611s] -- Installing: /home/d-lab/workspace/ros_ur_driver/install/controller_manager_msgs/share/controller_manager_msgs/srv/ListControllers_Request.msg
[12.611s] -- Installing: /home/d-lab/workspace/ros_ur_driver/install/controller_manager_msgs/share/controller_manager_msgs/srv/ListControllers_Response.msg
[12.611s] -- Installing: /home/d-lab/workspace/ros_ur_driver/install/controller_manager_msgs/share/controller_manager_msgs/srv/ListControllerTypes.srv
[12.611s] -- Installing: /home/d-lab/workspace/ros_ur_driver/install/controller_manager_msgs/share/controller_manager_msgs/srv/ListControllerTypes_Request.msg
[12.612s] -- Installing: /home/d-lab/workspace/ros_ur_driver/install/controller_manager_msgs/share/controller_manager_msgs/srv/ListControllerTypes_Response.msg
[12.612s] -- Installing: /home/d-lab/workspace/ros_ur_driver/install/controller_manager_msgs/share/controller_manager_msgs/srv/ListHardwareInterfaces.srv
[12.612s] -- Installing: /home/d-lab/workspace/ros_ur_driver/install/controller_manager_msgs/share/controller_manager_msgs/srv/ListHardwareInterfaces_Request.msg
[12.612s] -- Installing: /home/d-lab/workspace/ros_ur_driver/install/controller_manager_msgs/share/controller_manager_msgs/srv/ListHardwareInterfaces_Response.msg
[12.612s] -- Installing: /home/d-lab/workspace/ros_ur_driver/install/controller_manager_msgs/share/controller_manager_msgs/srv/LoadConfigureController.srv
[12.612s] -- Installing: /home/d-lab/workspace/ros_ur_driver/install/controller_manager_msgs/share/controller_manager_msgs/srv/LoadConfigureController_Request.msg
[12.612s] -- Installing: /home/d-lab/workspace/ros_ur_driver/install/controller_manager_msgs/share/controller_manager_msgs/srv/LoadConfigureController_Response.msg
[12.612s] -- Installing: /home/d-lab/workspace/ros_ur_driver/install/controller_manager_msgs/share/controller_manager_msgs/srv/LoadController.srv
[12.612s] -- Installing: /home/d-lab/workspace/ros_ur_driver/install/controller_manager_msgs/share/controller_manager_msgs/srv/LoadController_Request.msg
[12.612s] -- Installing: /home/d-lab/workspace/ros_ur_driver/install/controller_manager_msgs/share/controller_manager_msgs/srv/LoadController_Response.msg
[12.612s] -- Installing: /home/d-lab/workspace/ros_ur_driver/install/controller_manager_msgs/share/controller_manager_msgs/srv/LoadStartController.srv
[12.612s] -- Installing: /home/d-lab/workspace/ros_ur_driver/install/controller_manager_msgs/share/controller_manager_msgs/srv/LoadStartController_Request.msg
[12.612s] -- Installing: /home/d-lab/workspace/ros_ur_driver/install/controller_manager_msgs/share/controller_manager_msgs/srv/LoadStartController_Response.msg
[12.612s] -- Installing: /home/d-lab/workspace/ros_ur_driver/install/controller_manager_msgs/share/controller_manager_msgs/srv/ReloadControllerLibraries.srv
[12.613s] -- Installing: /home/d-lab/workspace/ros_ur_driver/install/controller_manager_msgs/share/controller_manager_msgs/srv/ReloadControllerLibraries_Request.msg
[12.613s] -- Installing: /home/d-lab/workspace/ros_ur_driver/install/controller_manager_msgs/share/controller_manager_msgs/srv/ReloadControllerLibraries_Response.msg
[12.613s] -- Installing: /home/d-lab/workspace/ros_ur_driver/install/controller_manager_msgs/share/controller_manager_msgs/srv/SwitchController.srv
[12.613s] -- Installing: /home/d-lab/workspace/ros_ur_driver/install/controller_manager_msgs/share/controller_manager_msgs/srv/SwitchController_Request.msg
[12.613s] -- Installing: /home/d-lab/workspace/ros_ur_driver/install/controller_manager_msgs/share/controller_manager_msgs/srv/SwitchController_Response.msg
[12.613s] -- Installing: /home/d-lab/workspace/ros_ur_driver/install/controller_manager_msgs/share/controller_manager_msgs/srv/UnloadController.srv
[12.613s] -- Installing: /home/d-lab/workspace/ros_ur_driver/install/controller_manager_msgs/share/controller_manager_msgs/srv/UnloadController_Request.msg
[12.613s] -- Installing: /home/d-lab/workspace/ros_ur_driver/install/controller_manager_msgs/share/controller_manager_msgs/srv/UnloadController_Response.msg
[12.613s] -- Installing: /home/d-lab/workspace/ros_ur_driver/install/controller_manager_msgs/share/ament_index/resource_index/package_run_dependencies/controller_manager_msgs
[12.613s] -- Installing: /home/d-lab/workspace/ros_ur_driver/install/controller_manager_msgs/share/ament_index/resource_index/parent_prefix_path/controller_manager_msgs
[12.613s] -- Installing: /home/d-lab/workspace/ros_ur_driver/install/controller_manager_msgs/share/controller_manager_msgs/environment/ament_prefix_path.sh
[12.613s] -- Installing: /home/d-lab/workspace/ros_ur_driver/install/controller_manager_msgs/share/controller_manager_msgs/environment/ament_prefix_path.dsv
[12.613s] -- Installing: /home/d-lab/workspace/ros_ur_driver/install/controller_manager_msgs/share/controller_manager_msgs/environment/path.sh
[12.613s] -- Installing: /home/d-lab/workspace/ros_ur_driver/install/controller_manager_msgs/share/controller_manager_msgs/environment/path.dsv
[12.614s] -- Installing: /home/d-lab/workspace/ros_ur_driver/install/controller_manager_msgs/share/controller_manager_msgs/local_setup.bash
[12.614s] -- Installing: /home/d-lab/workspace/ros_ur_driver/install/controller_manager_msgs/share/controller_manager_msgs/local_setup.sh
[12.614s] -- Installing: /home/d-lab/workspace/ros_ur_driver/install/controller_manager_msgs/share/controller_manager_msgs/local_setup.zsh
[12.614s] -- Installing: /home/d-lab/workspace/ros_ur_driver/install/controller_manager_msgs/share/controller_manager_msgs/local_setup.dsv
[12.614s] -- Installing: /home/d-lab/workspace/ros_ur_driver/install/controller_manager_msgs/share/controller_manager_msgs/package.dsv
[12.614s] -- Installing: /home/d-lab/workspace/ros_ur_driver/install/controller_manager_msgs/share/ament_index/resource_index/packages/controller_manager_msgs
[12.614s] -- Installing: /home/d-lab/workspace/ros_ur_driver/install/controller_manager_msgs/share/controller_manager_msgs/cmake/controller_manager_msgs__rosidl_generator_cExport.cmake
[12.614s] -- Installing: /home/d-lab/workspace/ros_ur_driver/install/controller_manager_msgs/share/controller_manager_msgs/cmake/controller_manager_msgs__rosidl_generator_cExport-release.cmake
[12.614s] -- Installing: /home/d-lab/workspace/ros_ur_driver/install/controller_manager_msgs/share/controller_manager_msgs/cmake/controller_manager_msgs__rosidl_typesupport_introspection_cExport.cmake
[12.614s] -- Installing: /home/d-lab/workspace/ros_ur_driver/install/controller_manager_msgs/share/controller_manager_msgs/cmake/controller_manager_msgs__rosidl_typesupport_introspection_cExport-release.cmake
[12.614s] -- Installing: /home/d-lab/workspace/ros_ur_driver/install/controller_manager_msgs/share/controller_manager_msgs/cmake/controller_manager_msgs__rosidl_typesupport_cExport.cmake
[12.614s] -- Installing: /home/d-lab/workspace/ros_ur_driver/install/controller_manager_msgs/share/controller_manager_msgs/cmake/controller_manager_msgs__rosidl_typesupport_cExport-release.cmake
[12.615s] -- Installing: /home/d-lab/workspace/ros_ur_driver/install/controller_manager_msgs/share/controller_manager_msgs/cmake/controller_manager_msgs__rosidl_generator_cppExport.cmake
[12.615s] -- Installing: /home/d-lab/workspace/ros_ur_driver/install/controller_manager_msgs/share/controller_manager_msgs/cmake/controller_manager_msgs__rosidl_typesupport_introspection_cppExport.cmake
[12.615s] -- Installing: /home/d-lab/workspace/ros_ur_driver/install/controller_manager_msgs/share/controller_manager_msgs/cmake/controller_manager_msgs__rosidl_typesupport_introspection_cppExport-release.cmake
[12.615s] -- Installing: /home/d-lab/workspace/ros_ur_driver/install/controller_manager_msgs/share/controller_manager_msgs/cmake/controller_manager_msgs__rosidl_typesupport_cppExport.cmake
[12.615s] -- Installing: /home/d-lab/workspace/ros_ur_driver/install/controller_manager_msgs/share/controller_manager_msgs/cmake/controller_manager_msgs__rosidl_typesupport_cppExport-release.cmake
[12.615s] -- Installing: /home/d-lab/workspace/ros_ur_driver/install/controller_manager_msgs/share/controller_manager_msgs/cmake/rosidl_cmake-extras.cmake
[12.615s] -- Installing: /home/d-lab/workspace/ros_ur_driver/install/controller_manager_msgs/share/controller_manager_msgs/cmake/ament_cmake_export_dependencies-extras.cmake
[12.615s] -- Installing: /home/d-lab/workspace/ros_ur_driver/install/controller_manager_msgs/share/controller_manager_msgs/cmake/ament_cmake_export_libraries-extras.cmake
[12.615s] -- Installing: /home/d-lab/workspace/ros_ur_driver/install/controller_manager_msgs/share/controller_manager_msgs/cmake/ament_cmake_export_targets-extras.cmake
[12.615s] -- Installing: /home/d-lab/workspace/ros_ur_driver/install/controller_manager_msgs/share/controller_manager_msgs/cmake/ament_cmake_export_include_directories-extras.cmake
[12.615s] -- Installing: /home/d-lab/workspace/ros_ur_driver/install/controller_manager_msgs/share/controller_manager_msgs/cmake/rosidl_cmake_export_typesupport_libraries-extras.cmake
[12.616s] -- Installing: /home/d-lab/workspace/ros_ur_driver/install/controller_manager_msgs/share/controller_manager_msgs/cmake/rosidl_cmake_export_typesupport_targets-extras.cmake
[12.616s] -- Installing: /home/d-lab/workspace/ros_ur_driver/install/controller_manager_msgs/share/controller_manager_msgs/cmake/controller_manager_msgsConfig.cmake
[12.616s] -- Installing: /home/d-lab/workspace/ros_ur_driver/install/controller_manager_msgs/share/controller_manager_msgs/cmake/controller_manager_msgsConfig-version.cmake
[12.616s] -- Installing: /home/d-lab/workspace/ros_ur_driver/install/controller_manager_msgs/share/controller_manager_msgs/package.xml
[12.618s] Invoked command in '/home/d-lab/workspace/ros_ur_driver/build/controller_manager_msgs' returned '0': CMAKE_PREFIX_PATH=/opt/ros/foxy /usr/bin/cmake --install /home/d-lab/workspace/ros_ur_driver/build/controller_manager_msgs
