[0.365s] Invoking command in '/home/d-lab/workspace/ros_ur_driver/build/srdfdom': CMAKE_PREFIX_PATH=${CMAKE_PREFIX_PATH}:/home/d-lab/workspace/ros_ur_driver/install/utils:/home/d-lab/workspace/ros_ur_driver/install/ros2controlcli:/home/d-lab/workspace/ros_ur_driver/install/ros2_control_test_nodes:/home/d-lab/workspace/ros_ur_driver/install/robotiq_control:/home/d-lab/workspace/ros_ur_driver/install/gripper_control:/opt/ros/foxy /usr/bin/cmake --build /home/d-lab/workspace/ros_ur_driver/build/srdfdom -- -j16 -l16
[0.418s] [ 18%] Built target gtest
[0.419s] [ 36%] Built target gtest_main
[0.422s] [ 63%] Built target srdfdom
[0.448s] [ 81%] Built target test_cpp_C
[0.457s] [100%] Built target test_cpp_nl_NL.UTF-8
[0.509s] Invoked command in '/home/d-lab/workspace/ros_ur_driver/build/srdfdom' returned '0': CMAKE_PREFIX_PATH=${CMAKE_PREFIX_PATH}:/home/d-lab/workspace/ros_ur_driver/install/utils:/home/d-lab/workspace/ros_ur_driver/install/ros2controlcli:/home/d-lab/workspace/ros_ur_driver/install/ros2_control_test_nodes:/home/d-lab/workspace/ros_ur_driver/install/robotiq_control:/home/d-lab/workspace/ros_ur_driver/install/gripper_control:/opt/ros/foxy /usr/bin/cmake --build /home/d-lab/workspace/ros_ur_driver/build/srdfdom -- -j16 -l16
[0.608s] Invoking command in '/home/d-lab/workspace/ros_ur_driver/build/srdfdom': CMAKE_PREFIX_PATH=${CMAKE_PREFIX_PATH}:/home/d-lab/workspace/ros_ur_driver/install/utils:/home/d-lab/workspace/ros_ur_driver/install/ros2controlcli:/home/d-lab/workspace/ros_ur_driver/install/ros2_control_test_nodes:/home/d-lab/workspace/ros_ur_driver/install/robotiq_control:/home/d-lab/workspace/ros_ur_driver/install/gripper_control:/opt/ros/foxy /usr/bin/cmake --install /home/d-lab/workspace/ros_ur_driver/build/srdfdom
[0.625s] -- Install configuration: "Release"
[0.626s] -- Up-to-date: /home/d-lab/workspace/ros_ur_driver/install/srdfdom/lib/libsrdfdom.so.2.0.4
[0.627s] -- Up-to-date: /home/d-lab/workspace/ros_ur_driver/install/srdfdom/lib/libsrdfdom.so
[0.627s] -- Up-to-date: /home/d-lab/workspace/ros_ur_driver/install/srdfdom/include/srdfdom
[0.627s] -- Up-to-date: /home/d-lab/workspace/ros_ur_driver/install/srdfdom/include/srdfdom/visibility_control.h
[0.627s] -- Up-to-date: /home/d-lab/workspace/ros_ur_driver/install/srdfdom/include/srdfdom/model.h
[0.627s] -- Up-to-date: /home/d-lab/workspace/ros_ur_driver/install/srdfdom/include/srdfdom/srdf_writer.h
[0.627s] -- Up-to-date: /home/d-lab/workspace/ros_ur_driver/install/srdfdom/lib/srdfdom/display_srdf
[0.628s] -- Up-to-date: /home/d-lab/workspace/ros_ur_driver/install/srdfdom/share/srdfdom/environment/pythonpath.sh
[0.628s] -- Up-to-date: /home/d-lab/workspace/ros_ur_driver/install/srdfdom/share/srdfdom/environment/pythonpath.dsv
[0.628s] -- Up-to-date: /home/d-lab/workspace/ros_ur_driver/install/srdfdom/lib/python3.8/site-packages/srdfdom
[0.629s] -- Up-to-date: /home/d-lab/workspace/ros_ur_driver/install/srdfdom/lib/python3.8/site-packages/srdfdom/srdf.py
[0.629s] -- Up-to-date: /home/d-lab/workspace/ros_ur_driver/install/srdfdom/lib/python3.8/site-packages/srdfdom/__init__.py
[0.652s] Listing '/home/d-lab/workspace/ros_ur_driver/install/srdfdom/lib/python3.8/site-packages/srdfdom'...
[0.655s] -- Up-to-date: /home/d-lab/workspace/ros_ur_driver/install/srdfdom/share/srdfdom/environment/library_path.sh
[0.655s] -- Up-to-date: /home/d-lab/workspace/ros_ur_driver/install/srdfdom/share/srdfdom/environment/library_path.dsv
[0.655s] -- Up-to-date: /home/d-lab/workspace/ros_ur_driver/install/srdfdom/share/ament_index/resource_index/package_run_dependencies/srdfdom
[0.656s] -- Up-to-date: /home/d-lab/workspace/ros_ur_driver/install/srdfdom/share/ament_index/resource_index/parent_prefix_path/srdfdom
[0.656s] -- Up-to-date: /home/d-lab/workspace/ros_ur_driver/install/srdfdom/share/srdfdom/environment/ament_prefix_path.sh
[0.656s] -- Up-to-date: /home/d-lab/workspace/ros_ur_driver/install/srdfdom/share/srdfdom/environment/ament_prefix_path.dsv
[0.656s] -- Up-to-date: /home/d-lab/workspace/ros_ur_driver/install/srdfdom/share/srdfdom/environment/path.sh
[0.657s] -- Up-to-date: /home/d-lab/workspace/ros_ur_driver/install/srdfdom/share/srdfdom/environment/path.dsv
[0.657s] -- Up-to-date: /home/d-lab/workspace/ros_ur_driver/install/srdfdom/share/srdfdom/local_setup.bash
[0.658s] -- Up-to-date: /home/d-lab/workspace/ros_ur_driver/install/srdfdom/share/srdfdom/local_setup.sh
[0.658s] -- Up-to-date: /home/d-lab/workspace/ros_ur_driver/install/srdfdom/share/srdfdom/local_setup.zsh
[0.658s] -- Up-to-date: /home/d-lab/workspace/ros_ur_driver/install/srdfdom/share/srdfdom/local_setup.dsv
[0.658s] -- Installing: /home/d-lab/workspace/ros_ur_driver/install/srdfdom/share/srdfdom/package.dsv
[0.658s] -- Up-to-date: /home/d-lab/workspace/ros_ur_driver/install/srdfdom/share/ament_index/resource_index/packages/srdfdom
[0.659s] -- Up-to-date: /home/d-lab/workspace/ros_ur_driver/install/srdfdom/share/srdfdom/cmake/srdfdomTargetsExport.cmake
[0.659s] -- Up-to-date: /home/d-lab/workspace/ros_ur_driver/install/srdfdom/share/srdfdom/cmake/srdfdomTargetsExport-release.cmake
[0.659s] -- Up-to-date: /home/d-lab/workspace/ros_ur_driver/install/srdfdom/share/srdfdom/cmake/ament_cmake_export_targets-extras.cmake
[0.659s] -- Up-to-date: /home/d-lab/workspace/ros_ur_driver/install/srdfdom/share/srdfdom/cmake/ament_cmake_export_dependencies-extras.cmake
[0.659s] -- Up-to-date: /home/d-lab/workspace/ros_ur_driver/install/srdfdom/share/srdfdom/cmake/srdfdomConfig.cmake
[0.660s] -- Up-to-date: /home/d-lab/workspace/ros_ur_driver/install/srdfdom/share/srdfdom/cmake/srdfdomConfig-version.cmake
[0.660s] -- Up-to-date: /home/d-lab/workspace/ros_ur_driver/install/srdfdom/share/srdfdom/package.xml
[0.688s] Invoked command in '/home/d-lab/workspace/ros_ur_driver/build/srdfdom' returned '0': CMAKE_PREFIX_PATH=${CMAKE_PREFIX_PATH}:/home/d-lab/workspace/ros_ur_driver/install/utils:/home/d-lab/workspace/ros_ur_driver/install/ros2controlcli:/home/d-lab/workspace/ros_ur_driver/install/ros2_control_test_nodes:/home/d-lab/workspace/ros_ur_driver/install/robotiq_control:/home/d-lab/workspace/ros_ur_driver/install/gripper_control:/opt/ros/foxy /usr/bin/cmake --install /home/d-lab/workspace/ros_ur_driver/build/srdfdom
