[0.127s] Invoking command in '/home/d-lab/workspace/ros_ur_driver/build/control_msgs': CMAKE_PREFIX_PATH=/home/d-lab/workspace/ros_ur_driver/install/move_arm_server:/home/d-lab/workspace/ros_ur_driver/install/action_tutorials_cpp:/home/d-lab/workspace/ros_ur_driver/install/move_arm_interfaces:/home/d-lab/workspace/ros_ur_driver/install/run_ompl_constrained_planning:/home/d-lab/workspace/ros_ur_driver/install/run_moveit_cpp:/home/d-lab/workspace/ros_ur_driver/install/run_move_group:/home/d-lab/workspace/ros_ur_driver/install/warehouse_ros_mongo:/home/d-lab/workspace/ros_ur_driver/install/ros2_controllers:/home/d-lab/workspace/ros_ur_driver/install/velocity_controllers:/home/d-lab/workspace/ros_ur_driver/install/ur_robot_driver:/home/d-lab/workspace/ros_ur_driver/install/ur_controllers:/home/d-lab/workspace/ros_ur_driver/install/ur_msgs:/home/d-lab/workspace/ros_ur_driver/install/ur_moveit_config:/home/d-lab/workspace/ros_ur_driver/install/ur_description:/home/d-lab/workspace/ros_ur_driver/install/ur_dashboard_msgs:/home/d-lab/workspace/ros_ur_driver/install/ur_client_library:/home/d-lab/workspace/ros_ur_driver/install/ur_bringup:/home/d-lab/workspace/ros_ur_driver/install/ur5_robotiq_moveit_config:/home/d-lab/workspace/ros_ur_driver/install/transmission_interface:/home/d-lab/workspace/ros_ur_driver/install/srdfdom:/home/d-lab/workspace/ros_ur_driver/install/move_arm:/home/d-lab/workspace/ros_ur_driver/install/moveit_visual_tools:/home/d-lab/workspace/ros_ur_driver/install/rviz_visual_tools:/home/d-lab/workspace/ros_ur_driver/install/ros2_control_demos:/home/d-lab/workspace/ros_ur_driver/install/ros2_control_demo_bringup:/home/d-lab/workspace/ros_ur_driver/install/rrbot_description:/home/d-lab/workspace/ros_ur_driver/install/ros2_control:/home/d-lab/workspace/ros_ur_driver/install/utils:/home/d-lab/workspace/ros_ur_driver/install/ros2controlcli:/home/d-lab/workspace/ros_ur_driver/install/ros2_control_test_nodes:/home/d-lab/workspace/ros_ur_driver/install/robotiq_control:/home/d-lab/workspace/ros_ur_driver/install/gripper_control:/opt/ros/foxy:/home/d-lab/workspace/ros_ur_driver/install/cartesian_controller_examples:/home/d-lab/workspace/ros_ur_driver/install/controller_manager:/home/d-lab/workspace/ros_ur_driver/install/ros2_control_test_assets:/home/d-lab/workspace/ros_ur_driver/install/ros2_control_demo_hardware:/home/d-lab/workspace/ros_ur_driver/install/robotiq_description:/home/d-lab/workspace/ros_ur_driver/install/position_controllers:/home/d-lab/workspace/ros_ur_driver/install/move_arm_cpp:/home/d-lab/workspace/ros_ur_driver/install/move_arm_interface:/home/d-lab/workspace/ros_ur_driver/install/joint_trajectory_controller:/home/d-lab/workspace/ros_ur_driver/install/joint_state_controller:/home/d-lab/workspace/ros_ur_driver/install/joint_state_broadcaster:/home/d-lab/workspace/ros_ur_driver/install/imu_sensor_broadcaster:/home/d-lab/workspace/ros_ur_driver/install/gripper_controllers:/home/d-lab/workspace/ros_ur_driver/install/effort_controllers:/home/d-lab/workspace/ros_ur_driver/install/forward_command_controller:/home/d-lab/workspace/ros_ur_driver/install/force_torque_sensor_broadcaster:/home/d-lab/workspace/ros_ur_driver/install/diff_drive_controller:/home/d-lab/workspace/ros_ur_driver/install/cartesian_compliance_controller:/home/d-lab/workspace/ros_ur_driver/install/cartesian_motion_controller:/home/d-lab/workspace/ros_ur_driver/install/cartesian_force_controller:/home/d-lab/workspace/ros_ur_driver/install/cartesian_controller_handles:/home/d-lab/workspace/ros_ur_driver/install/cartesian_controller_base:/home/d-lab/workspace/ros_ur_driver/install/controller_interface:/home/d-lab/workspace/ros_ur_driver/install/hardware_interface:/home/d-lab/workspace/ros_ur_driver/install/graph_msgs:/home/d-lab/workspace/ros_ur_driver/install/filters:/home/d-lab/workspace/ros_ur_driver/install/eigen3_cmake_module:/home/d-lab/workspace/ros_ur_driver/install/diffbot_description:/home/d-lab/workspace/ros_ur_driver/install/controller_manager_msgs:/home/d-lab/workspace/ros_ur_driver/install/control_msgs:/home/d-lab/workspace/ros_ur_driver/install/chomp_motion_planner:/home/d-lab/workspace/ros_ur_driver/install/action_tutorials_interfaces /usr/bin/cmake --build /home/d-lab/workspace/ros_ur_driver/build/control_msgs -- -j16 -l16
[0.698s] [  0%] Built target control_msgs__cpp
[0.699s] [ 12%] Built target control_msgs__rosidl_generator_c
[0.700s] [ 24%] Built target control_msgs__rosidl_typesupport_introspection_cpp
[0.701s] [ 47%] Built target control_msgs__rosidl_typesupport_c
[0.702s] [ 48%] Built target control_msgs__rosidl_typesupport_cpp
[0.702s] [ 60%] Built target control_msgs__rosidl_typesupport_introspection_c
[0.703s] [ 72%] Built target control_msgs__rosidl_typesupport_fastrtps_cpp
[0.703s] [ 84%] Built target control_msgs__rosidl_typesupport_fastrtps_c
[0.703s] [ 84%] Built target control_msgs
[0.704s] [ 85%] Built target control_msgs__py
[0.705s] [ 96%] Built target control_msgs__python
[0.706s] [ 98%] Built target control_msgs__rosidl_typesupport_introspection_c__pyext
[0.706s] [ 99%] Built target control_msgs__rosidl_typesupport_c__pyext
[0.707s] [100%] Built target control_msgs__rosidl_typesupport_fastrtps_c__pyext
[0.733s] Invoked command in '/home/d-lab/workspace/ros_ur_driver/build/control_msgs' returned '0': CMAKE_PREFIX_PATH=/home/d-lab/workspace/ros_ur_driver/install/move_arm_server:/home/d-lab/workspace/ros_ur_driver/install/action_tutorials_cpp:/home/d-lab/workspace/ros_ur_driver/install/move_arm_interfaces:/home/d-lab/workspace/ros_ur_driver/install/run_ompl_constrained_planning:/home/d-lab/workspace/ros_ur_driver/install/run_moveit_cpp:/home/d-lab/workspace/ros_ur_driver/install/run_move_group:/home/d-lab/workspace/ros_ur_driver/install/warehouse_ros_mongo:/home/d-lab/workspace/ros_ur_driver/install/ros2_controllers:/home/d-lab/workspace/ros_ur_driver/install/velocity_controllers:/home/d-lab/workspace/ros_ur_driver/install/ur_robot_driver:/home/d-lab/workspace/ros_ur_driver/install/ur_controllers:/home/d-lab/workspace/ros_ur_driver/install/ur_msgs:/home/d-lab/workspace/ros_ur_driver/install/ur_moveit_config:/home/d-lab/workspace/ros_ur_driver/install/ur_description:/home/d-lab/workspace/ros_ur_driver/install/ur_dashboard_msgs:/home/d-lab/workspace/ros_ur_driver/install/ur_client_library:/home/d-lab/workspace/ros_ur_driver/install/ur_bringup:/home/d-lab/workspace/ros_ur_driver/install/ur5_robotiq_moveit_config:/home/d-lab/workspace/ros_ur_driver/install/transmission_interface:/home/d-lab/workspace/ros_ur_driver/install/srdfdom:/home/d-lab/workspace/ros_ur_driver/install/move_arm:/home/d-lab/workspace/ros_ur_driver/install/moveit_visual_tools:/home/d-lab/workspace/ros_ur_driver/install/rviz_visual_tools:/home/d-lab/workspace/ros_ur_driver/install/ros2_control_demos:/home/d-lab/workspace/ros_ur_driver/install/ros2_control_demo_bringup:/home/d-lab/workspace/ros_ur_driver/install/rrbot_description:/home/d-lab/workspace/ros_ur_driver/install/ros2_control:/home/d-lab/workspace/ros_ur_driver/install/utils:/home/d-lab/workspace/ros_ur_driver/install/ros2controlcli:/home/d-lab/workspace/ros_ur_driver/install/ros2_control_test_nodes:/home/d-lab/workspace/ros_ur_driver/install/robotiq_control:/home/d-lab/workspace/ros_ur_driver/install/gripper_control:/opt/ros/foxy:/home/d-lab/workspace/ros_ur_driver/install/cartesian_controller_examples:/home/d-lab/workspace/ros_ur_driver/install/controller_manager:/home/d-lab/workspace/ros_ur_driver/install/ros2_control_test_assets:/home/d-lab/workspace/ros_ur_driver/install/ros2_control_demo_hardware:/home/d-lab/workspace/ros_ur_driver/install/robotiq_description:/home/d-lab/workspace/ros_ur_driver/install/position_controllers:/home/d-lab/workspace/ros_ur_driver/install/move_arm_cpp:/home/d-lab/workspace/ros_ur_driver/install/move_arm_interface:/home/d-lab/workspace/ros_ur_driver/install/joint_trajectory_controller:/home/d-lab/workspace/ros_ur_driver/install/joint_state_controller:/home/d-lab/workspace/ros_ur_driver/install/joint_state_broadcaster:/home/d-lab/workspace/ros_ur_driver/install/imu_sensor_broadcaster:/home/d-lab/workspace/ros_ur_driver/install/gripper_controllers:/home/d-lab/workspace/ros_ur_driver/install/effort_controllers:/home/d-lab/workspace/ros_ur_driver/install/forward_command_controller:/home/d-lab/workspace/ros_ur_driver/install/force_torque_sensor_broadcaster:/home/d-lab/workspace/ros_ur_driver/install/diff_drive_controller:/home/d-lab/workspace/ros_ur_driver/install/cartesian_compliance_controller:/home/d-lab/workspace/ros_ur_driver/install/cartesian_motion_controller:/home/d-lab/workspace/ros_ur_driver/install/cartesian_force_controller:/home/d-lab/workspace/ros_ur_driver/install/cartesian_controller_handles:/home/d-lab/workspace/ros_ur_driver/install/cartesian_controller_base:/home/d-lab/workspace/ros_ur_driver/install/controller_interface:/home/d-lab/workspace/ros_ur_driver/install/hardware_interface:/home/d-lab/workspace/ros_ur_driver/install/graph_msgs:/home/d-lab/workspace/ros_ur_driver/install/filters:/home/d-lab/workspace/ros_ur_driver/install/eigen3_cmake_module:/home/d-lab/workspace/ros_ur_driver/install/diffbot_description:/home/d-lab/workspace/ros_ur_driver/install/controller_manager_msgs:/home/d-lab/workspace/ros_ur_driver/install/control_msgs:/home/d-lab/workspace/ros_ur_driver/install/chomp_motion_planner:/home/d-lab/workspace/ros_ur_driver/install/action_tutorials_interfaces /usr/bin/cmake --build /home/d-lab/workspace/ros_ur_driver/build/control_msgs -- -j16 -l16
[1.652s] Invoking command in '/home/d-lab/workspace/ros_ur_driver/build/control_msgs': CMAKE_PREFIX_PATH=/home/d-lab/workspace/ros_ur_driver/install/move_arm_server:/home/d-lab/workspace/ros_ur_driver/install/action_tutorials_cpp:/home/d-lab/workspace/ros_ur_driver/install/move_arm_interfaces:/home/d-lab/workspace/ros_ur_driver/install/run_ompl_constrained_planning:/home/d-lab/workspace/ros_ur_driver/install/run_moveit_cpp:/home/d-lab/workspace/ros_ur_driver/install/run_move_group:/home/d-lab/workspace/ros_ur_driver/install/warehouse_ros_mongo:/home/d-lab/workspace/ros_ur_driver/install/ros2_controllers:/home/d-lab/workspace/ros_ur_driver/install/velocity_controllers:/home/d-lab/workspace/ros_ur_driver/install/ur_robot_driver:/home/d-lab/workspace/ros_ur_driver/install/ur_controllers:/home/d-lab/workspace/ros_ur_driver/install/ur_msgs:/home/d-lab/workspace/ros_ur_driver/install/ur_moveit_config:/home/d-lab/workspace/ros_ur_driver/install/ur_description:/home/d-lab/workspace/ros_ur_driver/install/ur_dashboard_msgs:/home/d-lab/workspace/ros_ur_driver/install/ur_client_library:/home/d-lab/workspace/ros_ur_driver/install/ur_bringup:/home/d-lab/workspace/ros_ur_driver/install/ur5_robotiq_moveit_config:/home/d-lab/workspace/ros_ur_driver/install/transmission_interface:/home/d-lab/workspace/ros_ur_driver/install/srdfdom:/home/d-lab/workspace/ros_ur_driver/install/move_arm:/home/d-lab/workspace/ros_ur_driver/install/moveit_visual_tools:/home/d-lab/workspace/ros_ur_driver/install/rviz_visual_tools:/home/d-lab/workspace/ros_ur_driver/install/ros2_control_demos:/home/d-lab/workspace/ros_ur_driver/install/ros2_control_demo_bringup:/home/d-lab/workspace/ros_ur_driver/install/rrbot_description:/home/d-lab/workspace/ros_ur_driver/install/ros2_control:/home/d-lab/workspace/ros_ur_driver/install/utils:/home/d-lab/workspace/ros_ur_driver/install/ros2controlcli:/home/d-lab/workspace/ros_ur_driver/install/ros2_control_test_nodes:/home/d-lab/workspace/ros_ur_driver/install/robotiq_control:/home/d-lab/workspace/ros_ur_driver/install/gripper_control:/opt/ros/foxy:/home/d-lab/workspace/ros_ur_driver/install/cartesian_controller_examples:/home/d-lab/workspace/ros_ur_driver/install/controller_manager:/home/d-lab/workspace/ros_ur_driver/install/ros2_control_test_assets:/home/d-lab/workspace/ros_ur_driver/install/ros2_control_demo_hardware:/home/d-lab/workspace/ros_ur_driver/install/robotiq_description:/home/d-lab/workspace/ros_ur_driver/install/position_controllers:/home/d-lab/workspace/ros_ur_driver/install/move_arm_cpp:/home/d-lab/workspace/ros_ur_driver/install/move_arm_interface:/home/d-lab/workspace/ros_ur_driver/install/joint_trajectory_controller:/home/d-lab/workspace/ros_ur_driver/install/joint_state_controller:/home/d-lab/workspace/ros_ur_driver/install/joint_state_broadcaster:/home/d-lab/workspace/ros_ur_driver/install/imu_sensor_broadcaster:/home/d-lab/workspace/ros_ur_driver/install/gripper_controllers:/home/d-lab/workspace/ros_ur_driver/install/effort_controllers:/home/d-lab/workspace/ros_ur_driver/install/forward_command_controller:/home/d-lab/workspace/ros_ur_driver/install/force_torque_sensor_broadcaster:/home/d-lab/workspace/ros_ur_driver/install/diff_drive_controller:/home/d-lab/workspace/ros_ur_driver/install/cartesian_compliance_controller:/home/d-lab/workspace/ros_ur_driver/install/cartesian_motion_controller:/home/d-lab/workspace/ros_ur_driver/install/cartesian_force_controller:/home/d-lab/workspace/ros_ur_driver/install/cartesian_controller_handles:/home/d-lab/workspace/ros_ur_driver/install/cartesian_controller_base:/home/d-lab/workspace/ros_ur_driver/install/controller_interface:/home/d-lab/workspace/ros_ur_driver/install/hardware_interface:/home/d-lab/workspace/ros_ur_driver/install/graph_msgs:/home/d-lab/workspace/ros_ur_driver/install/filters:/home/d-lab/workspace/ros_ur_driver/install/eigen3_cmake_module:/home/d-lab/workspace/ros_ur_driver/install/diffbot_description:/home/d-lab/workspace/ros_ur_driver/install/controller_manager_msgs:/home/d-lab/workspace/ros_ur_driver/install/control_msgs:/home/d-lab/workspace/ros_ur_driver/install/chomp_motion_planner:/home/d-lab/workspace/ros_ur_driver/install/action_tutorials_interfaces /usr/bin/cmake --install /home/d-lab/workspace/ros_ur_driver/build/control_msgs
[1.694s] -- Install configuration: "Release"
[1.696s] -- Up-to-date: /home/d-lab/workspace/ros_ur_driver/install/control_msgs/share/ament_index/resource_index/rosidl_interfaces/control_msgs
[1.699s] -- Up-to-date: /home/d-lab/workspace/ros_ur_driver/install/control_msgs/include/control_msgs
[1.700s] -- Up-to-date: /home/d-lab/workspace/ros_ur_driver/install/control_msgs/include/control_msgs/srv
[1.701s] -- Up-to-date: /home/d-lab/workspace/ros_ur_driver/install/control_msgs/include/control_msgs/srv/query_trajectory_state.h
[1.703s] -- Up-to-date: /home/d-lab/workspace/ros_ur_driver/install/control_msgs/include/control_msgs/srv/query_calibration_state.h
[1.704s] -- Up-to-date: /home/d-lab/workspace/ros_ur_driver/install/control_msgs/include/control_msgs/srv/detail
[1.704s] -- Up-to-date: /home/d-lab/workspace/ros_ur_driver/install/control_msgs/include/control_msgs/srv/detail/query_calibration_state__struct.h
[1.704s] -- Up-to-date: /home/d-lab/workspace/ros_ur_driver/install/control_msgs/include/control_msgs/srv/detail/query_calibration_state__functions.c
[1.705s] -- Up-to-date: /home/d-lab/workspace/ros_ur_driver/install/control_msgs/include/control_msgs/srv/detail/query_trajectory_state__functions.c
[1.706s] -- Up-to-date: /home/d-lab/workspace/ros_ur_driver/install/control_msgs/include/control_msgs/srv/detail/query_trajectory_state__functions.h
[1.707s] -- Up-to-date: /home/d-lab/workspace/ros_ur_driver/install/control_msgs/include/control_msgs/srv/detail/query_trajectory_state__struct.h
[1.708s] -- Up-to-date: /home/d-lab/workspace/ros_ur_driver/install/control_msgs/include/control_msgs/srv/detail/query_calibration_state__type_support.h
[1.708s] -- Up-to-date: /home/d-lab/workspace/ros_ur_driver/install/control_msgs/include/control_msgs/srv/detail/query_trajectory_state__type_support.h
[1.709s] -- Up-to-date: /home/d-lab/workspace/ros_ur_driver/install/control_msgs/include/control_msgs/srv/detail/query_calibration_state__functions.h
[1.712s] -- Up-to-date: /home/d-lab/workspace/ros_ur_driver/install/control_msgs/include/control_msgs/action
[1.712s] -- Up-to-date: /home/d-lab/workspace/ros_ur_driver/install/control_msgs/include/control_msgs/action/point_head.h
[1.713s] -- Up-to-date: /home/d-lab/workspace/ros_ur_driver/install/control_msgs/include/control_msgs/action/gripper_command.h
[1.713s] -- Up-to-date: /home/d-lab/workspace/ros_ur_driver/install/control_msgs/include/control_msgs/action/joint_trajectory.h
[1.713s] -- Up-to-date: /home/d-lab/workspace/ros_ur_driver/install/control_msgs/include/control_msgs/action/follow_joint_trajectory.h
[1.713s] -- Up-to-date: /home/d-lab/workspace/ros_ur_driver/install/control_msgs/include/control_msgs/action/single_joint_position.h
[1.714s] -- Up-to-date: /home/d-lab/workspace/ros_ur_driver/install/control_msgs/include/control_msgs/action/detail
[1.716s] -- Up-to-date: /home/d-lab/workspace/ros_ur_driver/install/control_msgs/include/control_msgs/action/detail/follow_joint_trajectory__functions.h
[1.717s] -- Up-to-date: /home/d-lab/workspace/ros_ur_driver/install/control_msgs/include/control_msgs/action/detail/joint_trajectory__type_support.h
[1.717s] -- Up-to-date: /home/d-lab/workspace/ros_ur_driver/install/control_msgs/include/control_msgs/action/detail/joint_trajectory__functions.c
[1.717s] -- Up-to-date: /home/d-lab/workspace/ros_ur_driver/install/control_msgs/include/control_msgs/action/detail/point_head__functions.h
[1.718s] -- Up-to-date: /home/d-lab/workspace/ros_ur_driver/install/control_msgs/include/control_msgs/action/detail/follow_joint_trajectory__type_support.h
[1.720s] -- Up-to-date: /home/d-lab/workspace/ros_ur_driver/install/control_msgs/include/control_msgs/action/detail/point_head__struct.h
[1.721s] -- Up-to-date: /home/d-lab/workspace/ros_ur_driver/install/control_msgs/include/control_msgs/action/detail/single_joint_position__type_support.h
[1.721s] -- Up-to-date: /home/d-lab/workspace/ros_ur_driver/install/control_msgs/include/control_msgs/action/detail/single_joint_position__functions.c
[1.721s] -- Up-to-date: /home/d-lab/workspace/ros_ur_driver/install/control_msgs/include/control_msgs/action/detail/single_joint_position__struct.h
[1.721s] -- Up-to-date: /home/d-lab/workspace/ros_ur_driver/install/control_msgs/include/control_msgs/action/detail/gripper_command__functions.h
[1.774s] -- Up-to-date: /home/d-lab/workspace/ros_ur_driver/install/control_msgs/include/control_msgs/action/detail/point_head__type_support.h
[1.774s] -- Up-to-date: /home/d-lab/workspace/ros_ur_driver/install/control_msgs/include/control_msgs/action/detail/gripper_command__type_support.h
[1.774s] -- Up-to-date: /home/d-lab/workspace/ros_ur_driver/install/control_msgs/include/control_msgs/action/detail/gripper_command__functions.c
[1.774s] -- Up-to-date: /home/d-lab/workspace/ros_ur_driver/install/control_msgs/include/control_msgs/action/detail/gripper_command__struct.h
[1.774s] -- Up-to-date: /home/d-lab/workspace/ros_ur_driver/install/control_msgs/include/control_msgs/action/detail/follow_joint_trajectory__functions.c
[1.774s] -- Up-to-date: /home/d-lab/workspace/ros_ur_driver/install/control_msgs/include/control_msgs/action/detail/single_joint_position__functions.h
[1.774s] -- Up-to-date: /home/d-lab/workspace/ros_ur_driver/install/control_msgs/include/control_msgs/action/detail/joint_trajectory__struct.h
[1.774s] -- Up-to-date: /home/d-lab/workspace/ros_ur_driver/install/control_msgs/include/control_msgs/action/detail/joint_trajectory__functions.h
[1.774s] -- Up-to-date: /home/d-lab/workspace/ros_ur_driver/install/control_msgs/include/control_msgs/action/detail/point_head__functions.c
[1.774s] -- Up-to-date: /home/d-lab/workspace/ros_ur_driver/install/control_msgs/include/control_msgs/action/detail/follow_joint_trajectory__struct.h
[1.774s] -- Up-to-date: /home/d-lab/workspace/ros_ur_driver/install/control_msgs/include/control_msgs/msg
[1.774s] -- Up-to-date: /home/d-lab/workspace/ros_ur_driver/install/control_msgs/include/control_msgs/msg/dynamic_joint_state.h
[1.774s] -- Up-to-date: /home/d-lab/workspace/ros_ur_driver/install/control_msgs/include/control_msgs/msg/pid_state.h
[1.775s] -- Up-to-date: /home/d-lab/workspace/ros_ur_driver/install/control_msgs/include/control_msgs/msg/interface_value.h
[1.775s] -- Up-to-date: /home/d-lab/workspace/ros_ur_driver/install/control_msgs/include/control_msgs/msg/rosidl_generator_c__visibility_control.h
[1.775s] -- Up-to-date: /home/d-lab/workspace/ros_ur_driver/install/control_msgs/include/control_msgs/msg/joint_controller_state.h
[1.775s] -- Up-to-date: /home/d-lab/workspace/ros_ur_driver/install/control_msgs/include/control_msgs/msg/joint_trajectory_controller_state.h
[1.775s] -- Up-to-date: /home/d-lab/workspace/ros_ur_driver/install/control_msgs/include/control_msgs/msg/gripper_command.h
[1.775s] -- Up-to-date: /home/d-lab/workspace/ros_ur_driver/install/control_msgs/include/control_msgs/msg/joint_jog.h
[1.775s] -- Up-to-date: /home/d-lab/workspace/ros_ur_driver/install/control_msgs/include/control_msgs/msg/detail
[1.775s] -- Up-to-date: /home/d-lab/workspace/ros_ur_driver/install/control_msgs/include/control_msgs/msg/detail/pid_state__struct.h
[1.775s] -- Up-to-date: /home/d-lab/workspace/ros_ur_driver/install/control_msgs/include/control_msgs/msg/detail/pid_state__type_support.h
[1.775s] -- Up-to-date: /home/d-lab/workspace/ros_ur_driver/install/control_msgs/include/control_msgs/msg/detail/dynamic_joint_state__functions.c
[1.775s] -- Up-to-date: /home/d-lab/workspace/ros_ur_driver/install/control_msgs/include/control_msgs/msg/detail/joint_trajectory_controller_state__struct.h
[1.775s] -- Up-to-date: /home/d-lab/workspace/ros_ur_driver/install/control_msgs/include/control_msgs/msg/detail/joint_jog__struct.h
[1.775s] -- Up-to-date: /home/d-lab/workspace/ros_ur_driver/install/control_msgs/include/control_msgs/msg/detail/joint_trajectory_controller_state__functions.h
[1.775s] -- Up-to-date: /home/d-lab/workspace/ros_ur_driver/install/control_msgs/include/control_msgs/msg/detail/joint_controller_state__struct.h
[1.776s] -- Up-to-date: /home/d-lab/workspace/ros_ur_driver/install/control_msgs/include/control_msgs/msg/detail/pid_state__functions.c
[1.776s] -- Up-to-date: /home/d-lab/workspace/ros_ur_driver/install/control_msgs/include/control_msgs/msg/detail/joint_tolerance__functions.h
[1.776s] -- Up-to-date: /home/d-lab/workspace/ros_ur_driver/install/control_msgs/include/control_msgs/msg/detail/interface_value__functions.c
[1.776s] -- Up-to-date: /home/d-lab/workspace/ros_ur_driver/install/control_msgs/include/control_msgs/msg/detail/joint_jog__functions.c
[1.797s] -- Up-to-date: /home/d-lab/workspace/ros_ur_driver/install/control_msgs/include/control_msgs/msg/detail/joint_jog__type_support.h
[1.798s] -- Up-to-date: /home/d-lab/workspace/ros_ur_driver/install/control_msgs/include/control_msgs/msg/detail/joint_trajectory_controller_state__functions.c
[1.798s] -- Up-to-date: /home/d-lab/workspace/ros_ur_driver/install/control_msgs/include/control_msgs/msg/detail/joint_tolerance__functions.c
[1.798s] -- Up-to-date: /home/d-lab/workspace/ros_ur_driver/install/control_msgs/include/control_msgs/msg/detail/joint_tolerance__type_support.h
[1.799s] -- Up-to-date: /home/d-lab/workspace/ros_ur_driver/install/control_msgs/include/control_msgs/msg/detail/dynamic_joint_state__functions.h
[1.799s] -- Up-to-date: /home/d-lab/workspace/ros_ur_driver/install/control_msgs/include/control_msgs/msg/detail/interface_value__struct.h
[1.800s] -- Up-to-date: /home/d-lab/workspace/ros_ur_driver/install/control_msgs/include/control_msgs/msg/detail/gripper_command__functions.h
[1.801s] -- Up-to-date: /home/d-lab/workspace/ros_ur_driver/install/control_msgs/include/control_msgs/msg/detail/joint_jog__functions.h
[1.801s] -- Up-to-date: /home/d-lab/workspace/ros_ur_driver/install/control_msgs/include/control_msgs/msg/detail/joint_controller_state__type_support.h
[1.801s] -- Up-to-date: /home/d-lab/workspace/ros_ur_driver/install/control_msgs/include/control_msgs/msg/detail/dynamic_joint_state__type_support.h
[1.802s] -- Up-to-date: /home/d-lab/workspace/ros_ur_driver/install/control_msgs/include/control_msgs/msg/detail/gripper_command__type_support.h
[1.802s] -- Up-to-date: /home/d-lab/workspace/ros_ur_driver/install/control_msgs/include/control_msgs/msg/detail/interface_value__type_support.h
[1.802s] -- Up-to-date: /home/d-lab/workspace/ros_ur_driver/install/control_msgs/include/control_msgs/msg/detail/pid_state__functions.h
[1.803s] -- Up-to-date: /home/d-lab/workspace/ros_ur_driver/install/control_msgs/include/control_msgs/msg/detail/gripper_command__functions.c
[1.804s] -- Up-to-date: /home/d-lab/workspace/ros_ur_driver/install/control_msgs/include/control_msgs/msg/detail/gripper_command__struct.h
[1.804s] -- Up-to-date: /home/d-lab/workspace/ros_ur_driver/install/control_msgs/include/control_msgs/msg/detail/joint_trajectory_controller_state__type_support.h
[1.804s] -- Up-to-date: /home/d-lab/workspace/ros_ur_driver/install/control_msgs/include/control_msgs/msg/detail/dynamic_joint_state__struct.h
[1.804s] -- Up-to-date: /home/d-lab/workspace/ros_ur_driver/install/control_msgs/include/control_msgs/msg/detail/joint_tolerance__struct.h
[1.804s] -- Up-to-date: /home/d-lab/workspace/ros_ur_driver/install/control_msgs/include/control_msgs/msg/detail/joint_controller_state__functions.c
[1.805s] -- Up-to-date: /home/d-lab/workspace/ros_ur_driver/install/control_msgs/include/control_msgs/msg/detail/interface_value__functions.h
[1.805s] -- Up-to-date: /home/d-lab/workspace/ros_ur_driver/install/control_msgs/include/control_msgs/msg/detail/joint_controller_state__functions.h
[1.805s] -- Up-to-date: /home/d-lab/workspace/ros_ur_driver/install/control_msgs/include/control_msgs/msg/joint_tolerance.h
[1.806s] -- Up-to-date: /home/d-lab/workspace/ros_ur_driver/install/control_msgs/share/control_msgs/environment/library_path.sh
[1.809s] -- Up-to-date: /home/d-lab/workspace/ros_ur_driver/install/control_msgs/share/control_msgs/environment/library_path.dsv
[1.809s] -- Up-to-date: /home/d-lab/workspace/ros_ur_driver/install/control_msgs/lib/libcontrol_msgs__rosidl_generator_c.so
[1.810s] -- Up-to-date: /home/d-lab/workspace/ros_ur_driver/install/control_msgs/include/control_msgs
[1.811s] -- Up-to-date: /home/d-lab/workspace/ros_ur_driver/install/control_msgs/include/control_msgs/srv
[1.813s] -- Up-to-date: /home/d-lab/workspace/ros_ur_driver/install/control_msgs/include/control_msgs/srv/detail
[1.814s] -- Up-to-date: /home/d-lab/workspace/ros_ur_driver/install/control_msgs/include/control_msgs/srv/detail/query_calibration_state__rosidl_typesupport_fastrtps_c.h
[1.814s] -- Up-to-date: /home/d-lab/workspace/ros_ur_driver/install/control_msgs/include/control_msgs/srv/detail/query_trajectory_state__rosidl_typesupport_fastrtps_c.h
[1.814s] -- Up-to-date: /home/d-lab/workspace/ros_ur_driver/install/control_msgs/include/control_msgs/action
[1.814s] -- Up-to-date: /home/d-lab/workspace/ros_ur_driver/install/control_msgs/include/control_msgs/action/detail
[1.814s] -- Up-to-date: /home/d-lab/workspace/ros_ur_driver/install/control_msgs/include/control_msgs/action/detail/single_joint_position__rosidl_typesupport_fastrtps_c.h
[1.815s] -- Up-to-date: /home/d-lab/workspace/ros_ur_driver/install/control_msgs/include/control_msgs/action/detail/follow_joint_trajectory__rosidl_typesupport_fastrtps_c.h
[1.815s] -- Up-to-date: /home/d-lab/workspace/ros_ur_driver/install/control_msgs/include/control_msgs/action/detail/gripper_command__rosidl_typesupport_fastrtps_c.h
[1.815s] -- Up-to-date: /home/d-lab/workspace/ros_ur_driver/install/control_msgs/include/control_msgs/action/detail/joint_trajectory__rosidl_typesupport_fastrtps_c.h
[1.815s] -- Up-to-date: /home/d-lab/workspace/ros_ur_driver/install/control_msgs/include/control_msgs/action/detail/point_head__rosidl_typesupport_fastrtps_c.h
[1.816s] -- Up-to-date: /home/d-lab/workspace/ros_ur_driver/install/control_msgs/include/control_msgs/msg
[1.816s] -- Up-to-date: /home/d-lab/workspace/ros_ur_driver/install/control_msgs/include/control_msgs/msg/rosidl_typesupport_fastrtps_c__visibility_control.h
[1.816s] -- Up-to-date: /home/d-lab/workspace/ros_ur_driver/install/control_msgs/include/control_msgs/msg/detail
[1.816s] -- Up-to-date: /home/d-lab/workspace/ros_ur_driver/install/control_msgs/include/control_msgs/msg/detail/joint_jog__rosidl_typesupport_fastrtps_c.h
[1.816s] -- Up-to-date: /home/d-lab/workspace/ros_ur_driver/install/control_msgs/include/control_msgs/msg/detail/gripper_command__rosidl_typesupport_fastrtps_c.h
[1.817s] -- Up-to-date: /home/d-lab/workspace/ros_ur_driver/install/control_msgs/include/control_msgs/msg/detail/joint_trajectory_controller_state__rosidl_typesupport_fastrtps_c.h
[1.817s] -- Up-to-date: /home/d-lab/workspace/ros_ur_driver/install/control_msgs/include/control_msgs/msg/detail/dynamic_joint_state__rosidl_typesupport_fastrtps_c.h
[1.817s] -- Up-to-date: /home/d-lab/workspace/ros_ur_driver/install/control_msgs/include/control_msgs/msg/detail/interface_value__rosidl_typesupport_fastrtps_c.h
[1.817s] -- Up-to-date: /home/d-lab/workspace/ros_ur_driver/install/control_msgs/include/control_msgs/msg/detail/joint_controller_state__rosidl_typesupport_fastrtps_c.h
[1.817s] -- Up-to-date: /home/d-lab/workspace/ros_ur_driver/install/control_msgs/include/control_msgs/msg/detail/joint_tolerance__rosidl_typesupport_fastrtps_c.h
[1.817s] -- Up-to-date: /home/d-lab/workspace/ros_ur_driver/install/control_msgs/include/control_msgs/msg/detail/pid_state__rosidl_typesupport_fastrtps_c.h
[1.817s] -- Up-to-date: /home/d-lab/workspace/ros_ur_driver/install/control_msgs/lib/libcontrol_msgs__rosidl_typesupport_fastrtps_c.so
[1.817s] -- Up-to-date: /home/d-lab/workspace/ros_ur_driver/install/control_msgs/include/control_msgs
[1.818s] -- Up-to-date: /home/d-lab/workspace/ros_ur_driver/install/control_msgs/include/control_msgs/srv
[1.818s] -- Up-to-date: /home/d-lab/workspace/ros_ur_driver/install/control_msgs/include/control_msgs/srv/detail
[1.818s] -- Up-to-date: /home/d-lab/workspace/ros_ur_driver/install/control_msgs/include/control_msgs/srv/detail/dds_fastrtps
[1.818s] -- Up-to-date: /home/d-lab/workspace/ros_ur_driver/install/control_msgs/include/control_msgs/srv/detail/query_trajectory_state__rosidl_typesupport_fastrtps_cpp.hpp
[1.818s] -- Up-to-date: /home/d-lab/workspace/ros_ur_driver/install/control_msgs/include/control_msgs/srv/detail/query_calibration_state__rosidl_typesupport_fastrtps_cpp.hpp
[1.818s] -- Up-to-date: /home/d-lab/workspace/ros_ur_driver/install/control_msgs/include/control_msgs/action
[1.818s] -- Up-to-date: /home/d-lab/workspace/ros_ur_driver/install/control_msgs/include/control_msgs/action/detail
[1.818s] -- Up-to-date: /home/d-lab/workspace/ros_ur_driver/install/control_msgs/include/control_msgs/action/detail/dds_fastrtps
[1.818s] -- Up-to-date: /home/d-lab/workspace/ros_ur_driver/install/control_msgs/include/control_msgs/action/detail/point_head__rosidl_typesupport_fastrtps_cpp.hpp
[1.819s] -- Up-to-date: /home/d-lab/workspace/ros_ur_driver/install/control_msgs/include/control_msgs/action/detail/gripper_command__rosidl_typesupport_fastrtps_cpp.hpp
[1.819s] -- Up-to-date: /home/d-lab/workspace/ros_ur_driver/install/control_msgs/include/control_msgs/action/detail/single_joint_position__rosidl_typesupport_fastrtps_cpp.hpp
[1.826s] -- Up-to-date: /home/d-lab/workspace/ros_ur_driver/install/control_msgs/include/control_msgs/action/detail/joint_trajectory__rosidl_typesupport_fastrtps_cpp.hpp
[1.826s] -- Up-to-date: /home/d-lab/workspace/ros_ur_driver/install/control_msgs/include/control_msgs/action/detail/follow_joint_trajectory__rosidl_typesupport_fastrtps_cpp.hpp
[1.827s] -- Up-to-date: /home/d-lab/workspace/ros_ur_driver/install/control_msgs/include/control_msgs/msg
[1.827s] -- Up-to-date: /home/d-lab/workspace/ros_ur_driver/install/control_msgs/include/control_msgs/msg/rosidl_typesupport_fastrtps_cpp__visibility_control.h
[1.827s] -- Up-to-date: /home/d-lab/workspace/ros_ur_driver/install/control_msgs/include/control_msgs/msg/detail
[1.827s] -- Up-to-date: /home/d-lab/workspace/ros_ur_driver/install/control_msgs/include/control_msgs/msg/detail/pid_state__rosidl_typesupport_fastrtps_cpp.hpp
[1.828s] -- Up-to-date: /home/d-lab/workspace/ros_ur_driver/install/control_msgs/include/control_msgs/msg/detail/dds_fastrtps
[1.829s] -- Up-to-date: /home/d-lab/workspace/ros_ur_driver/install/control_msgs/include/control_msgs/msg/detail/joint_jog__rosidl_typesupport_fastrtps_cpp.hpp
[1.829s] -- Up-to-date: /home/d-lab/workspace/ros_ur_driver/install/control_msgs/include/control_msgs/msg/detail/dynamic_joint_state__rosidl_typesupport_fastrtps_cpp.hpp
[1.829s] -- Up-to-date: /home/d-lab/workspace/ros_ur_driver/install/control_msgs/include/control_msgs/msg/detail/joint_trajectory_controller_state__rosidl_typesupport_fastrtps_cpp.hpp
[1.829s] -- Up-to-date: /home/d-lab/workspace/ros_ur_driver/install/control_msgs/include/control_msgs/msg/detail/gripper_command__rosidl_typesupport_fastrtps_cpp.hpp
[1.829s] -- Up-to-date: /home/d-lab/workspace/ros_ur_driver/install/control_msgs/include/control_msgs/msg/detail/joint_tolerance__rosidl_typesupport_fastrtps_cpp.hpp
[1.830s] -- Up-to-date: /home/d-lab/workspace/ros_ur_driver/install/control_msgs/include/control_msgs/msg/detail/joint_controller_state__rosidl_typesupport_fastrtps_cpp.hpp
[1.830s] -- Up-to-date: /home/d-lab/workspace/ros_ur_driver/install/control_msgs/include/control_msgs/msg/detail/interface_value__rosidl_typesupport_fastrtps_cpp.hpp
[1.832s] -- Up-to-date: /home/d-lab/workspace/ros_ur_driver/install/control_msgs/lib/libcontrol_msgs__rosidl_typesupport_fastrtps_cpp.so
[1.833s] -- Up-to-date: /home/d-lab/workspace/ros_ur_driver/install/control_msgs/include/control_msgs
[1.833s] -- Up-to-date: /home/d-lab/workspace/ros_ur_driver/install/control_msgs/include/control_msgs/srv
[1.833s] -- Up-to-date: /home/d-lab/workspace/ros_ur_driver/install/control_msgs/include/control_msgs/srv/detail
[1.833s] -- Up-to-date: /home/d-lab/workspace/ros_ur_driver/install/control_msgs/include/control_msgs/srv/detail/query_calibration_state__type_support.c
[1.834s] -- Up-to-date: /home/d-lab/workspace/ros_ur_driver/install/control_msgs/include/control_msgs/srv/detail/query_trajectory_state__type_support.c
[1.834s] -- Up-to-date: /home/d-lab/workspace/ros_ur_driver/install/control_msgs/include/control_msgs/srv/detail/query_trajectory_state__rosidl_typesupport_introspection_c.h
[1.834s] -- Up-to-date: /home/d-lab/workspace/ros_ur_driver/install/control_msgs/include/control_msgs/srv/detail/query_calibration_state__rosidl_typesupport_introspection_c.h
[1.834s] -- Up-to-date: /home/d-lab/workspace/ros_ur_driver/install/control_msgs/include/control_msgs/action
[1.835s] -- Up-to-date: /home/d-lab/workspace/ros_ur_driver/install/control_msgs/include/control_msgs/action/detail
[1.835s] -- Up-to-date: /home/d-lab/workspace/ros_ur_driver/install/control_msgs/include/control_msgs/action/detail/joint_trajectory__type_support.c
[1.835s] -- Up-to-date: /home/d-lab/workspace/ros_ur_driver/install/control_msgs/include/control_msgs/action/detail/follow_joint_trajectory__type_support.c
[1.836s] -- Up-to-date: /home/d-lab/workspace/ros_ur_driver/install/control_msgs/include/control_msgs/action/detail/gripper_command__type_support.c
[1.836s] -- Up-to-date: /home/d-lab/workspace/ros_ur_driver/install/control_msgs/include/control_msgs/action/detail/point_head__rosidl_typesupport_introspection_c.h
[1.836s] -- Up-to-date: /home/d-lab/workspace/ros_ur_driver/install/control_msgs/include/control_msgs/action/detail/single_joint_position__rosidl_typesupport_introspection_c.h
[1.836s] -- Up-to-date: /home/d-lab/workspace/ros_ur_driver/install/control_msgs/include/control_msgs/action/detail/follow_joint_trajectory__rosidl_typesupport_introspection_c.h
[1.836s] -- Up-to-date: /home/d-lab/workspace/ros_ur_driver/install/control_msgs/include/control_msgs/action/detail/gripper_command__rosidl_typesupport_introspection_c.h
[1.838s] -- Up-to-date: /home/d-lab/workspace/ros_ur_driver/install/control_msgs/include/control_msgs/action/detail/single_joint_position__type_support.c
[1.839s] -- Up-to-date: /home/d-lab/workspace/ros_ur_driver/install/control_msgs/include/control_msgs/action/detail/joint_trajectory__rosidl_typesupport_introspection_c.h
[1.839s] -- Up-to-date: /home/d-lab/workspace/ros_ur_driver/install/control_msgs/include/control_msgs/action/detail/point_head__type_support.c
[1.839s] -- Up-to-date: /home/d-lab/workspace/ros_ur_driver/install/control_msgs/include/control_msgs/msg
[1.839s] -- Up-to-date: /home/d-lab/workspace/ros_ur_driver/install/control_msgs/include/control_msgs/msg/rosidl_typesupport_introspection_c__visibility_control.h
[1.839s] -- Up-to-date: /home/d-lab/workspace/ros_ur_driver/install/control_msgs/include/control_msgs/msg/detail
[1.839s] -- Up-to-date: /home/d-lab/workspace/ros_ur_driver/install/control_msgs/include/control_msgs/msg/detail/joint_tolerance__type_support.c
[1.839s] -- Up-to-date: /home/d-lab/workspace/ros_ur_driver/install/control_msgs/include/control_msgs/msg/detail/gripper_command__type_support.c
[1.840s] -- Up-to-date: /home/d-lab/workspace/ros_ur_driver/install/control_msgs/include/control_msgs/msg/detail/dynamic_joint_state__type_support.c
[1.841s] -- Up-to-date: /home/d-lab/workspace/ros_ur_driver/install/control_msgs/include/control_msgs/msg/detail/interface_value__rosidl_typesupport_introspection_c.h
[1.841s] -- Up-to-date: /home/d-lab/workspace/ros_ur_driver/install/control_msgs/include/control_msgs/msg/detail/dynamic_joint_state__rosidl_typesupport_introspection_c.h
[1.841s] -- Up-to-date: /home/d-lab/workspace/ros_ur_driver/install/control_msgs/include/control_msgs/msg/detail/gripper_command__rosidl_typesupport_introspection_c.h
[1.841s] -- Up-to-date: /home/d-lab/workspace/ros_ur_driver/install/control_msgs/include/control_msgs/msg/detail/joint_trajectory_controller_state__type_support.c
[1.842s] -- Up-to-date: /home/d-lab/workspace/ros_ur_driver/install/control_msgs/include/control_msgs/msg/detail/interface_value__type_support.c
[1.842s] -- Up-to-date: /home/d-lab/workspace/ros_ur_driver/install/control_msgs/include/control_msgs/msg/detail/joint_controller_state__rosidl_typesupport_introspection_c.h
[1.842s] -- Up-to-date: /home/d-lab/workspace/ros_ur_driver/install/control_msgs/include/control_msgs/msg/detail/pid_state__type_support.c
[1.842s] -- Up-to-date: /home/d-lab/workspace/ros_ur_driver/install/control_msgs/include/control_msgs/msg/detail/pid_state__rosidl_typesupport_introspection_c.h
[1.842s] -- Up-to-date: /home/d-lab/workspace/ros_ur_driver/install/control_msgs/include/control_msgs/msg/detail/joint_jog__rosidl_typesupport_introspection_c.h
[1.842s] -- Up-to-date: /home/d-lab/workspace/ros_ur_driver/install/control_msgs/include/control_msgs/msg/detail/joint_controller_state__type_support.c
[1.842s] -- Up-to-date: /home/d-lab/workspace/ros_ur_driver/install/control_msgs/include/control_msgs/msg/detail/joint_jog__type_support.c
[1.842s] -- Up-to-date: /home/d-lab/workspace/ros_ur_driver/install/control_msgs/include/control_msgs/msg/detail/joint_trajectory_controller_state__rosidl_typesupport_introspection_c.h
[1.842s] -- Up-to-date: /home/d-lab/workspace/ros_ur_driver/install/control_msgs/include/control_msgs/msg/detail/joint_tolerance__rosidl_typesupport_introspection_c.h
[1.843s] -- Up-to-date: /home/d-lab/workspace/ros_ur_driver/install/control_msgs/lib/libcontrol_msgs__rosidl_typesupport_introspection_c.so
[1.843s] -- Up-to-date: /home/d-lab/workspace/ros_ur_driver/install/control_msgs/lib/libcontrol_msgs__rosidl_typesupport_c.so
[1.843s] -- Up-to-date: /home/d-lab/workspace/ros_ur_driver/install/control_msgs/include/control_msgs
[1.843s] -- Up-to-date: /home/d-lab/workspace/ros_ur_driver/install/control_msgs/include/control_msgs/srv
[1.843s] -- Up-to-date: /home/d-lab/workspace/ros_ur_driver/install/control_msgs/include/control_msgs/srv/query_trajectory_state.hpp
[1.843s] -- Up-to-date: /home/d-lab/workspace/ros_ur_driver/install/control_msgs/include/control_msgs/srv/detail
[1.843s] -- Up-to-date: /home/d-lab/workspace/ros_ur_driver/install/control_msgs/include/control_msgs/srv/detail/query_trajectory_state__struct.hpp
[1.843s] -- Up-to-date: /home/d-lab/workspace/ros_ur_driver/install/control_msgs/include/control_msgs/srv/detail/query_trajectory_state__builder.hpp
[1.843s] -- Up-to-date: /home/d-lab/workspace/ros_ur_driver/install/control_msgs/include/control_msgs/srv/detail/query_calibration_state__struct.hpp
[1.844s] -- Up-to-date: /home/d-lab/workspace/ros_ur_driver/install/control_msgs/include/control_msgs/srv/detail/query_calibration_state__builder.hpp
[1.844s] -- Up-to-date: /home/d-lab/workspace/ros_ur_driver/install/control_msgs/include/control_msgs/srv/detail/query_trajectory_state__traits.hpp
[1.844s] -- Up-to-date: /home/d-lab/workspace/ros_ur_driver/install/control_msgs/include/control_msgs/srv/detail/query_calibration_state__traits.hpp
[1.844s] -- Up-to-date: /home/d-lab/workspace/ros_ur_driver/install/control_msgs/include/control_msgs/srv/query_calibration_state.hpp
[1.844s] -- Up-to-date: /home/d-lab/workspace/ros_ur_driver/install/control_msgs/include/control_msgs/action
[1.844s] -- Up-to-date: /home/d-lab/workspace/ros_ur_driver/install/control_msgs/include/control_msgs/action/follow_joint_trajectory.hpp
[1.845s] -- Up-to-date: /home/d-lab/workspace/ros_ur_driver/install/control_msgs/include/control_msgs/action/gripper_command.hpp
[1.845s] -- Up-to-date: /home/d-lab/workspace/ros_ur_driver/install/control_msgs/include/control_msgs/action/point_head.hpp
[1.845s] -- Up-to-date: /home/d-lab/workspace/ros_ur_driver/install/control_msgs/include/control_msgs/action/single_joint_position.hpp
[1.845s] -- Up-to-date: /home/d-lab/workspace/ros_ur_driver/install/control_msgs/include/control_msgs/action/detail
[1.845s] -- Up-to-date: /home/d-lab/workspace/ros_ur_driver/install/control_msgs/include/control_msgs/action/detail/joint_trajectory__traits.hpp
[1.845s] -- Up-to-date: /home/d-lab/workspace/ros_ur_driver/install/control_msgs/include/control_msgs/action/detail/single_joint_position__traits.hpp
[1.845s] -- Up-to-date: /home/d-lab/workspace/ros_ur_driver/install/control_msgs/include/control_msgs/action/detail/follow_joint_trajectory__builder.hpp
[1.845s] -- Up-to-date: /home/d-lab/workspace/ros_ur_driver/install/control_msgs/include/control_msgs/action/detail/point_head__builder.hpp
[1.845s] -- Up-to-date: /home/d-lab/workspace/ros_ur_driver/install/control_msgs/include/control_msgs/action/detail/gripper_command__struct.hpp
[1.846s] -- Up-to-date: /home/d-lab/workspace/ros_ur_driver/install/control_msgs/include/control_msgs/action/detail/joint_trajectory__builder.hpp
[1.846s] -- Up-to-date: /home/d-lab/workspace/ros_ur_driver/install/control_msgs/include/control_msgs/action/detail/joint_trajectory__struct.hpp
[1.846s] -- Up-to-date: /home/d-lab/workspace/ros_ur_driver/install/control_msgs/include/control_msgs/action/detail/gripper_command__builder.hpp
[1.846s] -- Up-to-date: /home/d-lab/workspace/ros_ur_driver/install/control_msgs/include/control_msgs/action/detail/single_joint_position__builder.hpp
[1.846s] -- Up-to-date: /home/d-lab/workspace/ros_ur_driver/install/control_msgs/include/control_msgs/action/detail/point_head__struct.hpp
[1.846s] -- Up-to-date: /home/d-lab/workspace/ros_ur_driver/install/control_msgs/include/control_msgs/action/detail/follow_joint_trajectory__traits.hpp
[1.846s] -- Up-to-date: /home/d-lab/workspace/ros_ur_driver/install/control_msgs/include/control_msgs/action/detail/single_joint_position__struct.hpp
[1.846s] -- Up-to-date: /home/d-lab/workspace/ros_ur_driver/install/control_msgs/include/control_msgs/action/detail/point_head__traits.hpp
[1.846s] -- Up-to-date: /home/d-lab/workspace/ros_ur_driver/install/control_msgs/include/control_msgs/action/detail/follow_joint_trajectory__struct.hpp
[1.846s] -- Up-to-date: /home/d-lab/workspace/ros_ur_driver/install/control_msgs/include/control_msgs/action/detail/gripper_command__traits.hpp
[1.847s] -- Up-to-date: /home/d-lab/workspace/ros_ur_driver/install/control_msgs/include/control_msgs/action/joint_trajectory.hpp
[1.847s] -- Up-to-date: /home/d-lab/workspace/ros_ur_driver/install/control_msgs/include/control_msgs/msg
[1.869s] -- Up-to-date: /home/d-lab/workspace/ros_ur_driver/install/control_msgs/include/control_msgs/msg/gripper_command.hpp
[1.869s] -- Up-to-date: /home/d-lab/workspace/ros_ur_driver/install/control_msgs/include/control_msgs/msg/interface_value.hpp
[1.869s] -- Up-to-date: /home/d-lab/workspace/ros_ur_driver/install/control_msgs/include/control_msgs/msg/joint_jog.hpp
[1.869s] -- Up-to-date: /home/d-lab/workspace/ros_ur_driver/install/control_msgs/include/control_msgs/msg/joint_trajectory_controller_state.hpp
[1.870s] -- Up-to-date: /home/d-lab/workspace/ros_ur_driver/install/control_msgs/include/control_msgs/msg/joint_tolerance.hpp
[1.870s] -- Up-to-date: /home/d-lab/workspace/ros_ur_driver/install/control_msgs/include/control_msgs/msg/detail
[1.870s] -- Up-to-date: /home/d-lab/workspace/ros_ur_driver/install/control_msgs/include/control_msgs/msg/detail/dynamic_joint_state__struct.hpp
[1.870s] -- Up-to-date: /home/d-lab/workspace/ros_ur_driver/install/control_msgs/include/control_msgs/msg/detail/pid_state__traits.hpp
[1.870s] -- Up-to-date: /home/d-lab/workspace/ros_ur_driver/install/control_msgs/include/control_msgs/msg/detail/joint_tolerance__builder.hpp
[1.870s] -- Up-to-date: /home/d-lab/workspace/ros_ur_driver/install/control_msgs/include/control_msgs/msg/detail/pid_state__builder.hpp
[1.870s] -- Up-to-date: /home/d-lab/workspace/ros_ur_driver/install/control_msgs/include/control_msgs/msg/detail/joint_jog__struct.hpp
[1.870s] -- Up-to-date: /home/d-lab/workspace/ros_ur_driver/install/control_msgs/include/control_msgs/msg/detail/joint_jog__traits.hpp
[1.870s] -- Up-to-date: /home/d-lab/workspace/ros_ur_driver/install/control_msgs/include/control_msgs/msg/detail/joint_controller_state__builder.hpp
[1.870s] -- Up-to-date: /home/d-lab/workspace/ros_ur_driver/install/control_msgs/include/control_msgs/msg/detail/interface_value__struct.hpp
[1.871s] -- Up-to-date: /home/d-lab/workspace/ros_ur_driver/install/control_msgs/include/control_msgs/msg/detail/joint_controller_state__struct.hpp
[1.871s] -- Up-to-date: /home/d-lab/workspace/ros_ur_driver/install/control_msgs/include/control_msgs/msg/detail/joint_tolerance__struct.hpp
[1.871s] -- Up-to-date: /home/d-lab/workspace/ros_ur_driver/install/control_msgs/include/control_msgs/msg/detail/gripper_command__struct.hpp
[1.871s] -- Up-to-date: /home/d-lab/workspace/ros_ur_driver/install/control_msgs/include/control_msgs/msg/detail/interface_value__builder.hpp
[1.871s] -- Up-to-date: /home/d-lab/workspace/ros_ur_driver/install/control_msgs/include/control_msgs/msg/detail/joint_controller_state__traits.hpp
[1.871s] -- Up-to-date: /home/d-lab/workspace/ros_ur_driver/install/control_msgs/include/control_msgs/msg/detail/joint_trajectory_controller_state__traits.hpp
[1.871s] -- Up-to-date: /home/d-lab/workspace/ros_ur_driver/install/control_msgs/include/control_msgs/msg/detail/gripper_command__builder.hpp
[1.871s] -- Up-to-date: /home/d-lab/workspace/ros_ur_driver/install/control_msgs/include/control_msgs/msg/detail/joint_trajectory_controller_state__struct.hpp
[1.871s] -- Up-to-date: /home/d-lab/workspace/ros_ur_driver/install/control_msgs/include/control_msgs/msg/detail/joint_trajectory_controller_state__builder.hpp
[1.871s] -- Up-to-date: /home/d-lab/workspace/ros_ur_driver/install/control_msgs/include/control_msgs/msg/detail/dynamic_joint_state__builder.hpp
[1.871s] -- Up-to-date: /home/d-lab/workspace/ros_ur_driver/install/control_msgs/include/control_msgs/msg/detail/joint_tolerance__traits.hpp
[1.872s] -- Up-to-date: /home/d-lab/workspace/ros_ur_driver/install/control_msgs/include/control_msgs/msg/detail/interface_value__traits.hpp
[1.872s] -- Up-to-date: /home/d-lab/workspace/ros_ur_driver/install/control_msgs/include/control_msgs/msg/detail/dynamic_joint_state__traits.hpp
[1.872s] -- Up-to-date: /home/d-lab/workspace/ros_ur_driver/install/control_msgs/include/control_msgs/msg/detail/joint_jog__builder.hpp
[1.872s] -- Up-to-date: /home/d-lab/workspace/ros_ur_driver/install/control_msgs/include/control_msgs/msg/detail/pid_state__struct.hpp
[1.873s] -- Up-to-date: /home/d-lab/workspace/ros_ur_driver/install/control_msgs/include/control_msgs/msg/detail/gripper_command__traits.hpp
[1.873s] -- Up-to-date: /home/d-lab/workspace/ros_ur_driver/install/control_msgs/include/control_msgs/msg/dynamic_joint_state.hpp
[1.873s] -- Up-to-date: /home/d-lab/workspace/ros_ur_driver/install/control_msgs/include/control_msgs/msg/pid_state.hpp
[1.873s] -- Up-to-date: /home/d-lab/workspace/ros_ur_driver/install/control_msgs/include/control_msgs/msg/joint_controller_state.hpp
[1.873s] -- Up-to-date: /home/d-lab/workspace/ros_ur_driver/install/control_msgs/include/control_msgs
[1.873s] -- Up-to-date: /home/d-lab/workspace/ros_ur_driver/install/control_msgs/include/control_msgs/srv
[1.873s] -- Up-to-date: /home/d-lab/workspace/ros_ur_driver/install/control_msgs/include/control_msgs/srv/detail
[1.873s] -- Up-to-date: /home/d-lab/workspace/ros_ur_driver/install/control_msgs/include/control_msgs/srv/detail/query_trajectory_state__type_support.cpp
[1.873s] -- Up-to-date: /home/d-lab/workspace/ros_ur_driver/install/control_msgs/include/control_msgs/srv/detail/query_calibration_state__type_support.cpp
[1.874s] -- Up-to-date: /home/d-lab/workspace/ros_ur_driver/install/control_msgs/include/control_msgs/srv/detail/query_calibration_state__rosidl_typesupport_introspection_cpp.hpp
[1.874s] -- Up-to-date: /home/d-lab/workspace/ros_ur_driver/install/control_msgs/include/control_msgs/srv/detail/query_trajectory_state__rosidl_typesupport_introspection_cpp.hpp
[1.874s] -- Up-to-date: /home/d-lab/workspace/ros_ur_driver/install/control_msgs/include/control_msgs/action
[1.874s] -- Up-to-date: /home/d-lab/workspace/ros_ur_driver/install/control_msgs/include/control_msgs/action/detail
[1.874s] -- Up-to-date: /home/d-lab/workspace/ros_ur_driver/install/control_msgs/include/control_msgs/action/detail/gripper_command__type_support.cpp
[1.874s] -- Up-to-date: /home/d-lab/workspace/ros_ur_driver/install/control_msgs/include/control_msgs/action/detail/single_joint_position__rosidl_typesupport_introspection_cpp.hpp
[1.874s] -- Up-to-date: /home/d-lab/workspace/ros_ur_driver/install/control_msgs/include/control_msgs/action/detail/point_head__type_support.cpp
[1.874s] -- Up-to-date: /home/d-lab/workspace/ros_ur_driver/install/control_msgs/include/control_msgs/action/detail/point_head__rosidl_typesupport_introspection_cpp.hpp
[1.874s] -- Up-to-date: /home/d-lab/workspace/ros_ur_driver/install/control_msgs/include/control_msgs/action/detail/joint_trajectory__rosidl_typesupport_introspection_cpp.hpp
[1.875s] -- Up-to-date: /home/d-lab/workspace/ros_ur_driver/install/control_msgs/include/control_msgs/action/detail/follow_joint_trajectory__rosidl_typesupport_introspection_cpp.hpp
[1.876s] -- Up-to-date: /home/d-lab/workspace/ros_ur_driver/install/control_msgs/include/control_msgs/action/detail/joint_trajectory__type_support.cpp
[1.876s] -- Up-to-date: /home/d-lab/workspace/ros_ur_driver/install/control_msgs/include/control_msgs/action/detail/gripper_command__rosidl_typesupport_introspection_cpp.hpp
[1.876s] -- Up-to-date: /home/d-lab/workspace/ros_ur_driver/install/control_msgs/include/control_msgs/action/detail/follow_joint_trajectory__type_support.cpp
[1.876s] -- Up-to-date: /home/d-lab/workspace/ros_ur_driver/install/control_msgs/include/control_msgs/action/detail/single_joint_position__type_support.cpp
[1.876s] -- Up-to-date: /home/d-lab/workspace/ros_ur_driver/install/control_msgs/include/control_msgs/msg
[1.877s] -- Up-to-date: /home/d-lab/workspace/ros_ur_driver/install/control_msgs/include/control_msgs/msg/detail
[1.877s] -- Up-to-date: /home/d-lab/workspace/ros_ur_driver/install/control_msgs/include/control_msgs/msg/detail/joint_trajectory_controller_state__rosidl_typesupport_introspection_cpp.hpp
[1.877s] -- Up-to-date: /home/d-lab/workspace/ros_ur_driver/install/control_msgs/include/control_msgs/msg/detail/gripper_command__type_support.cpp
[1.877s] -- Up-to-date: /home/d-lab/workspace/ros_ur_driver/install/control_msgs/include/control_msgs/msg/detail/joint_tolerance__rosidl_typesupport_introspection_cpp.hpp
[1.877s] -- Up-to-date: /home/d-lab/workspace/ros_ur_driver/install/control_msgs/include/control_msgs/msg/detail/dynamic_joint_state__rosidl_typesupport_introspection_cpp.hpp
[1.877s] -- Up-to-date: /home/d-lab/workspace/ros_ur_driver/install/control_msgs/include/control_msgs/msg/detail/joint_controller_state__type_support.cpp
[1.877s] -- Up-to-date: /home/d-lab/workspace/ros_ur_driver/install/control_msgs/include/control_msgs/msg/detail/joint_tolerance__type_support.cpp
[1.877s] -- Up-to-date: /home/d-lab/workspace/ros_ur_driver/install/control_msgs/include/control_msgs/msg/detail/joint_jog__type_support.cpp
[1.877s] -- Up-to-date: /home/d-lab/workspace/ros_ur_driver/install/control_msgs/include/control_msgs/msg/detail/gripper_command__rosidl_typesupport_introspection_cpp.hpp
[1.877s] -- Up-to-date: /home/d-lab/workspace/ros_ur_driver/install/control_msgs/include/control_msgs/msg/detail/interface_value__type_support.cpp
[1.880s] -- Up-to-date: /home/d-lab/workspace/ros_ur_driver/install/control_msgs/include/control_msgs/msg/detail/pid_state__type_support.cpp
[1.881s] -- Up-to-date: /home/d-lab/workspace/ros_ur_driver/install/control_msgs/include/control_msgs/msg/detail/interface_value__rosidl_typesupport_introspection_cpp.hpp
[1.881s] -- Up-to-date: /home/d-lab/workspace/ros_ur_driver/install/control_msgs/include/control_msgs/msg/detail/joint_controller_state__rosidl_typesupport_introspection_cpp.hpp
[1.881s] -- Up-to-date: /home/d-lab/workspace/ros_ur_driver/install/control_msgs/include/control_msgs/msg/detail/joint_jog__rosidl_typesupport_introspection_cpp.hpp
[1.882s] -- Up-to-date: /home/d-lab/workspace/ros_ur_driver/install/control_msgs/include/control_msgs/msg/detail/pid_state__rosidl_typesupport_introspection_cpp.hpp
[1.882s] -- Up-to-date: /home/d-lab/workspace/ros_ur_driver/install/control_msgs/include/control_msgs/msg/detail/dynamic_joint_state__type_support.cpp
[1.883s] -- Up-to-date: /home/d-lab/workspace/ros_ur_driver/install/control_msgs/include/control_msgs/msg/detail/joint_trajectory_controller_state__type_support.cpp
[1.883s] -- Up-to-date: /home/d-lab/workspace/ros_ur_driver/install/control_msgs/lib/libcontrol_msgs__rosidl_typesupport_introspection_cpp.so
[1.888s] -- Up-to-date: /home/d-lab/workspace/ros_ur_driver/install/control_msgs/lib/libcontrol_msgs__rosidl_typesupport_cpp.so
[1.888s] -- Up-to-date: /home/d-lab/workspace/ros_ur_driver/install/control_msgs/share/control_msgs/environment/pythonpath.sh
[1.888s] -- Up-to-date: /home/d-lab/workspace/ros_ur_driver/install/control_msgs/share/control_msgs/environment/pythonpath.dsv
[1.888s] -- Up-to-date: /home/d-lab/workspace/ros_ur_driver/install/control_msgs/lib/python3.8/site-packages/control_msgs/__init__.py
[1.991s] -- Up-to-date: /home/d-lab/workspace/ros_ur_driver/install/control_msgs/lib/python3.8/site-packages/control_msgs/msg
[1.991s] -- Up-to-date: /home/d-lab/workspace/ros_ur_driver/install/control_msgs/lib/python3.8/site-packages/control_msgs/msg/_gripper_command_s.c
[1.992s] -- Up-to-date: /home/d-lab/workspace/ros_ur_driver/install/control_msgs/lib/python3.8/site-packages/control_msgs/msg/_joint_tolerance.py
[1.992s] -- Up-to-date: /home/d-lab/workspace/ros_ur_driver/install/control_msgs/lib/python3.8/site-packages/control_msgs/msg/_joint_controller_state_s.c
[1.992s] -- Up-to-date: /home/d-lab/workspace/ros_ur_driver/install/control_msgs/lib/python3.8/site-packages/control_msgs/msg/_gripper_command.py
[1.993s] -- Up-to-date: /home/d-lab/workspace/ros_ur_driver/install/control_msgs/lib/python3.8/site-packages/control_msgs/msg/_interface_value.py
[1.993s] -- Up-to-date: /home/d-lab/workspace/ros_ur_driver/install/control_msgs/lib/python3.8/site-packages/control_msgs/msg/_interface_value_s.c
[1.993s] -- Up-to-date: /home/d-lab/workspace/ros_ur_driver/install/control_msgs/lib/python3.8/site-packages/control_msgs/msg/_pid_state_s.c
[1.995s] -- Up-to-date: /home/d-lab/workspace/ros_ur_driver/install/control_msgs/lib/python3.8/site-packages/control_msgs/msg/_dynamic_joint_state.py
[1.995s] -- Up-to-date: /home/d-lab/workspace/ros_ur_driver/install/control_msgs/lib/python3.8/site-packages/control_msgs/msg/_joint_jog.py
[1.995s] -- Up-to-date: /home/d-lab/workspace/ros_ur_driver/install/control_msgs/lib/python3.8/site-packages/control_msgs/msg/_joint_tolerance_s.c
[1.996s] -- Up-to-date: /home/d-lab/workspace/ros_ur_driver/install/control_msgs/lib/python3.8/site-packages/control_msgs/msg/_dynamic_joint_state_s.c
[1.996s] -- Up-to-date: /home/d-lab/workspace/ros_ur_driver/install/control_msgs/lib/python3.8/site-packages/control_msgs/msg/_joint_jog_s.c
[1.997s] -- Up-to-date: /home/d-lab/workspace/ros_ur_driver/install/control_msgs/lib/python3.8/site-packages/control_msgs/msg/__init__.py
[1.998s] -- Up-to-date: /home/d-lab/workspace/ros_ur_driver/install/control_msgs/lib/python3.8/site-packages/control_msgs/msg/_pid_state.py
[1.999s] -- Up-to-date: /home/d-lab/workspace/ros_ur_driver/install/control_msgs/lib/python3.8/site-packages/control_msgs/msg/_joint_controller_state.py
[1.999s] -- Up-to-date: /home/d-lab/workspace/ros_ur_driver/install/control_msgs/lib/python3.8/site-packages/control_msgs/msg/_joint_trajectory_controller_state_s.c
[1.999s] -- Up-to-date: /home/d-lab/workspace/ros_ur_driver/install/control_msgs/lib/python3.8/site-packages/control_msgs/msg/_joint_trajectory_controller_state.py
[1.999s] -- Up-to-date: /home/d-lab/workspace/ros_ur_driver/install/control_msgs/lib/python3.8/site-packages/control_msgs/srv
[1.999s] -- Up-to-date: /home/d-lab/workspace/ros_ur_driver/install/control_msgs/lib/python3.8/site-packages/control_msgs/srv/_query_trajectory_state_s.c
[2.000s] -- Up-to-date: /home/d-lab/workspace/ros_ur_driver/install/control_msgs/lib/python3.8/site-packages/control_msgs/srv/_query_calibration_state.py
[2.000s] -- Up-to-date: /home/d-lab/workspace/ros_ur_driver/install/control_msgs/lib/python3.8/site-packages/control_msgs/srv/_query_trajectory_state.py
[2.000s] -- Up-to-date: /home/d-lab/workspace/ros_ur_driver/install/control_msgs/lib/python3.8/site-packages/control_msgs/srv/__init__.py
[2.000s] -- Up-to-date: /home/d-lab/workspace/ros_ur_driver/install/control_msgs/lib/python3.8/site-packages/control_msgs/srv/_query_calibration_state_s.c
[2.000s] -- Up-to-date: /home/d-lab/workspace/ros_ur_driver/install/control_msgs/lib/python3.8/site-packages/control_msgs/action
[2.000s] -- Up-to-date: /home/d-lab/workspace/ros_ur_driver/install/control_msgs/lib/python3.8/site-packages/control_msgs/action/_gripper_command_s.c
[2.000s] -- Up-to-date: /home/d-lab/workspace/ros_ur_driver/install/control_msgs/lib/python3.8/site-packages/control_msgs/action/_point_head_s.c
[2.000s] -- Up-to-date: /home/d-lab/workspace/ros_ur_driver/install/control_msgs/lib/python3.8/site-packages/control_msgs/action/_point_head.py
[2.000s] -- Up-to-date: /home/d-lab/workspace/ros_ur_driver/install/control_msgs/lib/python3.8/site-packages/control_msgs/action/_single_joint_position.py
[2.001s] -- Up-to-date: /home/d-lab/workspace/ros_ur_driver/install/control_msgs/lib/python3.8/site-packages/control_msgs/action/_gripper_command.py
[2.001s] -- Up-to-date: /home/d-lab/workspace/ros_ur_driver/install/control_msgs/lib/python3.8/site-packages/control_msgs/action/_single_joint_position_s.c
[2.001s] -- Up-to-date: /home/d-lab/workspace/ros_ur_driver/install/control_msgs/lib/python3.8/site-packages/control_msgs/action/_joint_trajectory.py
[2.001s] -- Up-to-date: /home/d-lab/workspace/ros_ur_driver/install/control_msgs/lib/python3.8/site-packages/control_msgs/action/_follow_joint_trajectory.py
[2.001s] -- Up-to-date: /home/d-lab/workspace/ros_ur_driver/install/control_msgs/lib/python3.8/site-packages/control_msgs/action/_follow_joint_trajectory_s.c
[2.001s] -- Up-to-date: /home/d-lab/workspace/ros_ur_driver/install/control_msgs/lib/python3.8/site-packages/control_msgs/action/__init__.py
[2.001s] -- Up-to-date: /home/d-lab/workspace/ros_ur_driver/install/control_msgs/lib/python3.8/site-packages/control_msgs/action/_joint_trajectory_s.c
[2.001s] -- Up-to-date: /home/d-lab/workspace/ros_ur_driver/install/control_msgs/lib/python3.8/site-packages/control_msgs/control_msgs_s__rosidl_typesupport_fastrtps_c.cpython-38-x86_64-linux-gnu.so
[2.009s] -- Up-to-date: /home/d-lab/workspace/ros_ur_driver/install/control_msgs/lib/python3.8/site-packages/control_msgs/control_msgs_s__rosidl_typesupport_introspection_c.cpython-38-x86_64-linux-gnu.so
[2.020s] -- Up-to-date: /home/d-lab/workspace/ros_ur_driver/install/control_msgs/lib/python3.8/site-packages/control_msgs/control_msgs_s__rosidl_typesupport_c.cpython-38-x86_64-linux-gnu.so
[2.021s] -- Up-to-date: /home/d-lab/workspace/ros_ur_driver/install/control_msgs/lib/libcontrol_msgs__python.so
[2.021s] -- Up-to-date: /home/d-lab/workspace/ros_ur_driver/install/control_msgs/share/control_msgs/msg/DynamicJointState.idl
[2.021s] -- Up-to-date: /home/d-lab/workspace/ros_ur_driver/install/control_msgs/share/control_msgs/msg/GripperCommand.idl
[2.021s] -- Up-to-date: /home/d-lab/workspace/ros_ur_driver/install/control_msgs/share/control_msgs/msg/InterfaceValue.idl
[2.021s] -- Up-to-date: /home/d-lab/workspace/ros_ur_driver/install/control_msgs/share/control_msgs/msg/JointControllerState.idl
[2.021s] -- Up-to-date: /home/d-lab/workspace/ros_ur_driver/install/control_msgs/share/control_msgs/msg/JointJog.idl
[2.021s] -- Up-to-date: /home/d-lab/workspace/ros_ur_driver/install/control_msgs/share/control_msgs/msg/JointTolerance.idl
[2.021s] -- Up-to-date: /home/d-lab/workspace/ros_ur_driver/install/control_msgs/share/control_msgs/msg/JointTrajectoryControllerState.idl
[2.022s] -- Up-to-date: /home/d-lab/workspace/ros_ur_driver/install/control_msgs/share/control_msgs/msg/PidState.idl
[2.022s] -- Up-to-date: /home/d-lab/workspace/ros_ur_driver/install/control_msgs/share/control_msgs/srv/QueryCalibrationState.idl
[2.022s] -- Up-to-date: /home/d-lab/workspace/ros_ur_driver/install/control_msgs/share/control_msgs/srv/QueryTrajectoryState.idl
[2.022s] -- Up-to-date: /home/d-lab/workspace/ros_ur_driver/install/control_msgs/share/control_msgs/action/FollowJointTrajectory.idl
[2.022s] -- Up-to-date: /home/d-lab/workspace/ros_ur_driver/install/control_msgs/share/control_msgs/action/GripperCommand.idl
[2.022s] -- Up-to-date: /home/d-lab/workspace/ros_ur_driver/install/control_msgs/share/control_msgs/action/JointTrajectory.idl
[2.023s] -- Up-to-date: /home/d-lab/workspace/ros_ur_driver/install/control_msgs/share/control_msgs/action/PointHead.idl
[2.023s] -- Up-to-date: /home/d-lab/workspace/ros_ur_driver/install/control_msgs/share/control_msgs/action/SingleJointPosition.idl
[2.024s] -- Up-to-date: /home/d-lab/workspace/ros_ur_driver/install/control_msgs/share/control_msgs/msg/DynamicJointState.msg
[2.024s] -- Up-to-date: /home/d-lab/workspace/ros_ur_driver/install/control_msgs/share/control_msgs/msg/GripperCommand.msg
[2.024s] -- Up-to-date: /home/d-lab/workspace/ros_ur_driver/install/control_msgs/share/control_msgs/msg/InterfaceValue.msg
[2.024s] -- Up-to-date: /home/d-lab/workspace/ros_ur_driver/install/control_msgs/share/control_msgs/msg/JointControllerState.msg
[2.024s] -- Up-to-date: /home/d-lab/workspace/ros_ur_driver/install/control_msgs/share/control_msgs/msg/JointJog.msg
[2.025s] -- Up-to-date: /home/d-lab/workspace/ros_ur_driver/install/control_msgs/share/control_msgs/msg/JointTolerance.msg
[2.026s] -- Up-to-date: /home/d-lab/workspace/ros_ur_driver/install/control_msgs/share/control_msgs/msg/JointTrajectoryControllerState.msg
[2.026s] -- Up-to-date: /home/d-lab/workspace/ros_ur_driver/install/control_msgs/share/control_msgs/msg/PidState.msg
[2.027s] -- Up-to-date: /home/d-lab/workspace/ros_ur_driver/install/control_msgs/share/control_msgs/srv/QueryCalibrationState.srv
[2.029s] -- Up-to-date: /home/d-lab/workspace/ros_ur_driver/install/control_msgs/share/control_msgs/srv/QueryCalibrationState_Request.msg
[2.029s] -- Up-to-date: /home/d-lab/workspace/ros_ur_driver/install/control_msgs/share/control_msgs/srv/QueryCalibrationState_Response.msg
[2.030s] -- Up-to-date: /home/d-lab/workspace/ros_ur_driver/install/control_msgs/share/control_msgs/srv/QueryTrajectoryState.srv
[2.031s] -- Up-to-date: /home/d-lab/workspace/ros_ur_driver/install/control_msgs/share/control_msgs/srv/QueryTrajectoryState_Request.msg
[2.032s] -- Up-to-date: /home/d-lab/workspace/ros_ur_driver/install/control_msgs/share/control_msgs/srv/QueryTrajectoryState_Response.msg
[2.034s] -- Up-to-date: /home/d-lab/workspace/ros_ur_driver/install/control_msgs/share/control_msgs/action/FollowJointTrajectory.action
[2.035s] -- Up-to-date: /home/d-lab/workspace/ros_ur_driver/install/control_msgs/share/control_msgs/action/GripperCommand.action
[2.036s] -- Up-to-date: /home/d-lab/workspace/ros_ur_driver/install/control_msgs/share/control_msgs/action/JointTrajectory.action
[2.038s] -- Up-to-date: /home/d-lab/workspace/ros_ur_driver/install/control_msgs/share/control_msgs/action/PointHead.action
[2.040s] -- Up-to-date: /home/d-lab/workspace/ros_ur_driver/install/control_msgs/share/control_msgs/action/SingleJointPosition.action
[2.041s] -- Up-to-date: /home/d-lab/workspace/ros_ur_driver/install/control_msgs/share/ament_index/resource_index/package_run_dependencies/control_msgs
[2.041s] -- Up-to-date: /home/d-lab/workspace/ros_ur_driver/install/control_msgs/share/ament_index/resource_index/parent_prefix_path/control_msgs
[2.041s] -- Up-to-date: /home/d-lab/workspace/ros_ur_driver/install/control_msgs/share/control_msgs/environment/ament_prefix_path.sh
[2.042s] -- Up-to-date: /home/d-lab/workspace/ros_ur_driver/install/control_msgs/share/control_msgs/environment/ament_prefix_path.dsv
[2.043s] -- Up-to-date: /home/d-lab/workspace/ros_ur_driver/install/control_msgs/share/control_msgs/environment/path.sh
[2.043s] -- Up-to-date: /home/d-lab/workspace/ros_ur_driver/install/control_msgs/share/control_msgs/environment/path.dsv
[2.044s] -- Up-to-date: /home/d-lab/workspace/ros_ur_driver/install/control_msgs/share/control_msgs/local_setup.bash
[2.046s] -- Up-to-date: /home/d-lab/workspace/ros_ur_driver/install/control_msgs/share/control_msgs/local_setup.sh
[2.046s] -- Up-to-date: /home/d-lab/workspace/ros_ur_driver/install/control_msgs/share/control_msgs/local_setup.zsh
[2.047s] -- Up-to-date: /home/d-lab/workspace/ros_ur_driver/install/control_msgs/share/control_msgs/local_setup.dsv
[2.048s] -- Installing: /home/d-lab/workspace/ros_ur_driver/install/control_msgs/share/control_msgs/package.dsv
[2.050s] -- Up-to-date: /home/d-lab/workspace/ros_ur_driver/install/control_msgs/share/ament_index/resource_index/packages/control_msgs
[2.054s] -- Up-to-date: /home/d-lab/workspace/ros_ur_driver/install/control_msgs/share/control_msgs/cmake/control_msgs__rosidl_generator_cExport.cmake
[2.054s] -- Up-to-date: /home/d-lab/workspace/ros_ur_driver/install/control_msgs/share/control_msgs/cmake/control_msgs__rosidl_generator_cExport-release.cmake
[2.057s] -- Up-to-date: /home/d-lab/workspace/ros_ur_driver/install/control_msgs/share/control_msgs/cmake/control_msgs__rosidl_typesupport_introspection_cExport.cmake
[2.057s] -- Up-to-date: /home/d-lab/workspace/ros_ur_driver/install/control_msgs/share/control_msgs/cmake/control_msgs__rosidl_typesupport_introspection_cExport-release.cmake
[2.058s] -- Up-to-date: /home/d-lab/workspace/ros_ur_driver/install/control_msgs/share/control_msgs/cmake/control_msgs__rosidl_typesupport_cExport.cmake
[2.058s] -- Up-to-date: /home/d-lab/workspace/ros_ur_driver/install/control_msgs/share/control_msgs/cmake/control_msgs__rosidl_typesupport_cExport-release.cmake
[2.060s] -- Up-to-date: /home/d-lab/workspace/ros_ur_driver/install/control_msgs/share/control_msgs/cmake/control_msgs__rosidl_generator_cppExport.cmake
[2.060s] -- Up-to-date: /home/d-lab/workspace/ros_ur_driver/install/control_msgs/share/control_msgs/cmake/control_msgs__rosidl_typesupport_introspection_cppExport.cmake
[2.060s] -- Up-to-date: /home/d-lab/workspace/ros_ur_driver/install/control_msgs/share/control_msgs/cmake/control_msgs__rosidl_typesupport_introspection_cppExport-release.cmake
[2.060s] -- Up-to-date: /home/d-lab/workspace/ros_ur_driver/install/control_msgs/share/control_msgs/cmake/control_msgs__rosidl_typesupport_cppExport.cmake
[2.061s] -- Up-to-date: /home/d-lab/workspace/ros_ur_driver/install/control_msgs/share/control_msgs/cmake/control_msgs__rosidl_typesupport_cppExport-release.cmake
[2.061s] -- Up-to-date: /home/d-lab/workspace/ros_ur_driver/install/control_msgs/share/control_msgs/cmake/rosidl_cmake-extras.cmake
[2.061s] -- Up-to-date: /home/d-lab/workspace/ros_ur_driver/install/control_msgs/share/control_msgs/cmake/ament_cmake_export_dependencies-extras.cmake
[2.061s] -- Up-to-date: /home/d-lab/workspace/ros_ur_driver/install/control_msgs/share/control_msgs/cmake/ament_cmake_export_libraries-extras.cmake
[2.061s] -- Up-to-date: /home/d-lab/workspace/ros_ur_driver/install/control_msgs/share/control_msgs/cmake/ament_cmake_export_targets-extras.cmake
[2.061s] -- Up-to-date: /home/d-lab/workspace/ros_ur_driver/install/control_msgs/share/control_msgs/cmake/ament_cmake_export_include_directories-extras.cmake
[2.062s] -- Up-to-date: /home/d-lab/workspace/ros_ur_driver/install/control_msgs/share/control_msgs/cmake/rosidl_cmake_export_typesupport_libraries-extras.cmake
[2.062s] -- Up-to-date: /home/d-lab/workspace/ros_ur_driver/install/control_msgs/share/control_msgs/cmake/rosidl_cmake_export_typesupport_targets-extras.cmake
[2.062s] -- Up-to-date: /home/d-lab/workspace/ros_ur_driver/install/control_msgs/share/control_msgs/cmake/control_msgsConfig.cmake
[2.063s] -- Up-to-date: /home/d-lab/workspace/ros_ur_driver/install/control_msgs/share/control_msgs/cmake/control_msgsConfig-version.cmake
[2.063s] -- Up-to-date: /home/d-lab/workspace/ros_ur_driver/install/control_msgs/share/control_msgs/package.xml
[2.093s] Invoked command in '/home/d-lab/workspace/ros_ur_driver/build/control_msgs' returned '0': CMAKE_PREFIX_PATH=/home/d-lab/workspace/ros_ur_driver/install/move_arm_server:/home/d-lab/workspace/ros_ur_driver/install/action_tutorials_cpp:/home/d-lab/workspace/ros_ur_driver/install/move_arm_interfaces:/home/d-lab/workspace/ros_ur_driver/install/run_ompl_constrained_planning:/home/d-lab/workspace/ros_ur_driver/install/run_moveit_cpp:/home/d-lab/workspace/ros_ur_driver/install/run_move_group:/home/d-lab/workspace/ros_ur_driver/install/warehouse_ros_mongo:/home/d-lab/workspace/ros_ur_driver/install/ros2_controllers:/home/d-lab/workspace/ros_ur_driver/install/velocity_controllers:/home/d-lab/workspace/ros_ur_driver/install/ur_robot_driver:/home/d-lab/workspace/ros_ur_driver/install/ur_controllers:/home/d-lab/workspace/ros_ur_driver/install/ur_msgs:/home/d-lab/workspace/ros_ur_driver/install/ur_moveit_config:/home/d-lab/workspace/ros_ur_driver/install/ur_description:/home/d-lab/workspace/ros_ur_driver/install/ur_dashboard_msgs:/home/d-lab/workspace/ros_ur_driver/install/ur_client_library:/home/d-lab/workspace/ros_ur_driver/install/ur_bringup:/home/d-lab/workspace/ros_ur_driver/install/ur5_robotiq_moveit_config:/home/d-lab/workspace/ros_ur_driver/install/transmission_interface:/home/d-lab/workspace/ros_ur_driver/install/srdfdom:/home/d-lab/workspace/ros_ur_driver/install/move_arm:/home/d-lab/workspace/ros_ur_driver/install/moveit_visual_tools:/home/d-lab/workspace/ros_ur_driver/install/rviz_visual_tools:/home/d-lab/workspace/ros_ur_driver/install/ros2_control_demos:/home/d-lab/workspace/ros_ur_driver/install/ros2_control_demo_bringup:/home/d-lab/workspace/ros_ur_driver/install/rrbot_description:/home/d-lab/workspace/ros_ur_driver/install/ros2_control:/home/d-lab/workspace/ros_ur_driver/install/utils:/home/d-lab/workspace/ros_ur_driver/install/ros2controlcli:/home/d-lab/workspace/ros_ur_driver/install/ros2_control_test_nodes:/home/d-lab/workspace/ros_ur_driver/install/robotiq_control:/home/d-lab/workspace/ros_ur_driver/install/gripper_control:/opt/ros/foxy:/home/d-lab/workspace/ros_ur_driver/install/cartesian_controller_examples:/home/d-lab/workspace/ros_ur_driver/install/controller_manager:/home/d-lab/workspace/ros_ur_driver/install/ros2_control_test_assets:/home/d-lab/workspace/ros_ur_driver/install/ros2_control_demo_hardware:/home/d-lab/workspace/ros_ur_driver/install/robotiq_description:/home/d-lab/workspace/ros_ur_driver/install/position_controllers:/home/d-lab/workspace/ros_ur_driver/install/move_arm_cpp:/home/d-lab/workspace/ros_ur_driver/install/move_arm_interface:/home/d-lab/workspace/ros_ur_driver/install/joint_trajectory_controller:/home/d-lab/workspace/ros_ur_driver/install/joint_state_controller:/home/d-lab/workspace/ros_ur_driver/install/joint_state_broadcaster:/home/d-lab/workspace/ros_ur_driver/install/imu_sensor_broadcaster:/home/d-lab/workspace/ros_ur_driver/install/gripper_controllers:/home/d-lab/workspace/ros_ur_driver/install/effort_controllers:/home/d-lab/workspace/ros_ur_driver/install/forward_command_controller:/home/d-lab/workspace/ros_ur_driver/install/force_torque_sensor_broadcaster:/home/d-lab/workspace/ros_ur_driver/install/diff_drive_controller:/home/d-lab/workspace/ros_ur_driver/install/cartesian_compliance_controller:/home/d-lab/workspace/ros_ur_driver/install/cartesian_motion_controller:/home/d-lab/workspace/ros_ur_driver/install/cartesian_force_controller:/home/d-lab/workspace/ros_ur_driver/install/cartesian_controller_handles:/home/d-lab/workspace/ros_ur_driver/install/cartesian_controller_base:/home/d-lab/workspace/ros_ur_driver/install/controller_interface:/home/d-lab/workspace/ros_ur_driver/install/hardware_interface:/home/d-lab/workspace/ros_ur_driver/install/graph_msgs:/home/d-lab/workspace/ros_ur_driver/install/filters:/home/d-lab/workspace/ros_ur_driver/install/eigen3_cmake_module:/home/d-lab/workspace/ros_ur_driver/install/diffbot_description:/home/d-lab/workspace/ros_ur_driver/install/controller_manager_msgs:/home/d-lab/workspace/ros_ur_driver/install/control_msgs:/home/d-lab/workspace/ros_ur_driver/install/chomp_motion_planner:/home/d-lab/workspace/ros_ur_driver/install/action_tutorials_interfaces /usr/bin/cmake --install /home/d-lab/workspace/ros_ur_driver/build/control_msgs
