[0.058s] Invoking command in '/home/d-lab/workspace/ros_ur_driver/build/moveit_common': CMAKE_PREFIX_PATH=/opt/ros/foxy /usr/bin/cmake --build /home/d-lab/workspace/ros_ur_driver/build/moveit_common -- -j16 -l16
[0.407s] Invoked command in '/home/d-lab/workspace/ros_ur_driver/build/moveit_common' returned '0': CMAKE_PREFIX_PATH=/opt/ros/foxy /usr/bin/cmake --build /home/d-lab/workspace/ros_ur_driver/build/moveit_common -- -j16 -l16
[0.425s] Invoking command in '/home/d-lab/workspace/ros_ur_driver/build/moveit_common': CMAKE_PREFIX_PATH=/opt/ros/foxy /usr/bin/cmake --install /home/d-lab/workspace/ros_ur_driver/build/moveit_common
[0.455s] -- Install configuration: "Release"
[0.455s] -- Up-to-date: /home/d-lab/workspace/ros_ur_driver/install/moveit_common/share/ament_index/resource_index/package_run_dependencies/moveit_common
[0.455s] -- Up-to-date: /home/d-lab/workspace/ros_ur_driver/install/moveit_common/share/ament_index/resource_index/parent_prefix_path/moveit_common
[0.456s] -- Up-to-date: /home/d-lab/workspace/ros_ur_driver/install/moveit_common/share/moveit_common/environment/ament_prefix_path.sh
[0.456s] -- Up-to-date: /home/d-lab/workspace/ros_ur_driver/install/moveit_common/share/moveit_common/environment/ament_prefix_path.dsv
[0.456s] -- Up-to-date: /home/d-lab/workspace/ros_ur_driver/install/moveit_common/share/moveit_common/environment/path.sh
[0.457s] -- Up-to-date: /home/d-lab/workspace/ros_ur_driver/install/moveit_common/share/moveit_common/environment/path.dsv
[0.457s] -- Up-to-date: /home/d-lab/workspace/ros_ur_driver/install/moveit_common/share/moveit_common/local_setup.bash
[0.457s] -- Up-to-date: /home/d-lab/workspace/ros_ur_driver/install/moveit_common/share/moveit_common/local_setup.sh
[0.458s] -- Up-to-date: /home/d-lab/workspace/ros_ur_driver/install/moveit_common/share/moveit_common/local_setup.zsh
[0.458s] -- Up-to-date: /home/d-lab/workspace/ros_ur_driver/install/moveit_common/share/moveit_common/local_setup.dsv
[0.459s] -- Installing: /home/d-lab/workspace/ros_ur_driver/install/moveit_common/share/moveit_common/package.dsv
[0.459s] -- Up-to-date: /home/d-lab/workspace/ros_ur_driver/install/moveit_common/share/ament_index/resource_index/packages/moveit_common
[0.459s] -- Up-to-date: /home/d-lab/workspace/ros_ur_driver/install/moveit_common/share/moveit_common/cmake/moveit_common-extras.cmake
[0.459s] -- Up-to-date: /home/d-lab/workspace/ros_ur_driver/install/moveit_common/share/moveit_common/cmake/moveit_commonConfig.cmake
[0.459s] -- Up-to-date: /home/d-lab/workspace/ros_ur_driver/install/moveit_common/share/moveit_common/cmake/moveit_commonConfig-version.cmake
[0.459s] -- Up-to-date: /home/d-lab/workspace/ros_ur_driver/install/moveit_common/share/moveit_common/package.xml
[0.459s] -- Up-to-date: /home/d-lab/workspace/ros_ur_driver/install/moveit_common/share/moveit_common/cmake
[0.460s] -- Up-to-date: /home/d-lab/workspace/ros_ur_driver/install/moveit_common/share/moveit_common/cmake/moveit_package.cmake
[0.530s] Invoked command in '/home/d-lab/workspace/ros_ur_driver/build/moveit_common' returned '0': CMAKE_PREFIX_PATH=/opt/ros/foxy /usr/bin/cmake --install /home/d-lab/workspace/ros_ur_driver/build/moveit_common
