[0.208s] Invoking command in '/home/d-lab/workspace/ros_ur_driver/build/robotiq_description': CMAKE_PREFIX_PATH=${CMAKE_PREFIX_PATH}:/home/d-lab/workspace/ros_ur_driver/install/ros2controlcli:/home/d-lab/workspace/ros_ur_driver/install/ros2_control_test_nodes:/opt/ros/foxy /usr/bin/cmake /home/d-lab/workspace/ros_ur_driver/src/robotiq/robotiq_description -DCMAKE_INSTALL_PREFIX=/home/d-lab/workspace/ros_ur_driver/install/robotiq_description
[0.232s] -- Found ament_cmake: 0.9.9 (/opt/ros/foxy/share/ament_cmake/cmake)
[0.269s] -- Found PythonInterp: /usr/bin/python3 (found suitable version "3.8.10", minimum required is "3") 
[0.269s] -- Using PYTHON_EXECUTABLE: /usr/bin/python3
[0.486s] -- Found rclpy: 1.0.8 (/opt/ros/foxy/share/rclpy/cmake)
[0.492s] -- Found robot_state_publisher: 2.4.5 (/opt/ros/foxy/share/robot_state_publisher/cmake)
[0.545s] -- Using all available rosidl_typesupport_c: rosidl_typesupport_fastrtps_c;rosidl_typesupport_introspection_c
[0.558s] -- Found rosidl_adapter: 1.2.1 (/opt/ros/foxy/share/rosidl_adapter/cmake)
[0.688s] -- Found OpenSSL: /usr/lib/x86_64-linux-gnu/libcrypto.so (found version "1.1.1f")  
[0.726s] -- Found FastRTPS: /opt/ros/foxy/include  
[0.836s] -- Using all available rosidl_typesupport_cpp: rosidl_typesupport_fastrtps_cpp;rosidl_typesupport_introspection_cpp
[0.890s] -- Found eigen3_cmake_module: 0.1.1 (/opt/ros/foxy/share/eigen3_cmake_module/cmake)
[0.904s] -- Found Eigen3: TRUE (found version "3.3.7") 
[0.974s] -- Found rmw_implementation_cmake: 1.0.3 (/opt/ros/foxy/share/rmw_implementation_cmake/cmake)
[0.979s] -- Using RMW implementation 'rmw_fastrtps_cpp' as default
[0.980s] -- Looking for pthread.h
[1.085s] -- Looking for pthread.h - found
[1.085s] -- Performing Test CMAKE_HAVE_LIBC_PTHREAD
[1.148s] -- Performing Test CMAKE_HAVE_LIBC_PTHREAD - Failed
[1.148s] -- Looking for pthread_create in pthreads
[1.210s] -- Looking for pthread_create in pthreads - not found
[1.210s] -- Looking for pthread_create in pthread
[1.267s] -- Looking for pthread_create in pthread - found
[1.268s] -- Found Threads: TRUE  
[1.843s] -- Found xacro: 2.0.7 (/opt/ros/foxy/share/xacro/cmake)
[1.890s] -- Configuring done
[1.892s] -- Generating done
[1.894s] -- Build files have been written to: /home/d-lab/workspace/ros_ur_driver/build/robotiq_description
[1.900s] Invoked command in '/home/d-lab/workspace/ros_ur_driver/build/robotiq_description' returned '0': CMAKE_PREFIX_PATH=${CMAKE_PREFIX_PATH}:/home/d-lab/workspace/ros_ur_driver/install/ros2controlcli:/home/d-lab/workspace/ros_ur_driver/install/ros2_control_test_nodes:/opt/ros/foxy /usr/bin/cmake /home/d-lab/workspace/ros_ur_driver/src/robotiq/robotiq_description -DCMAKE_INSTALL_PREFIX=/home/d-lab/workspace/ros_ur_driver/install/robotiq_description
[1.902s] Invoking command in '/home/d-lab/workspace/ros_ur_driver/build/robotiq_description': CMAKE_PREFIX_PATH=${CMAKE_PREFIX_PATH}:/home/d-lab/workspace/ros_ur_driver/install/ros2controlcli:/home/d-lab/workspace/ros_ur_driver/install/ros2_control_test_nodes:/opt/ros/foxy /usr/bin/cmake --build /home/d-lab/workspace/ros_ur_driver/build/robotiq_description -- -j16 -l16
[1.944s] Invoked command in '/home/d-lab/workspace/ros_ur_driver/build/robotiq_description' returned '0': CMAKE_PREFIX_PATH=${CMAKE_PREFIX_PATH}:/home/d-lab/workspace/ros_ur_driver/install/ros2controlcli:/home/d-lab/workspace/ros_ur_driver/install/ros2_control_test_nodes:/opt/ros/foxy /usr/bin/cmake --build /home/d-lab/workspace/ros_ur_driver/build/robotiq_description -- -j16 -l16
[1.975s] Invoking command in '/home/d-lab/workspace/ros_ur_driver/build/robotiq_description': CMAKE_PREFIX_PATH=${CMAKE_PREFIX_PATH}:/home/d-lab/workspace/ros_ur_driver/install/ros2controlcli:/home/d-lab/workspace/ros_ur_driver/install/ros2_control_test_nodes:/opt/ros/foxy /usr/bin/cmake --install /home/d-lab/workspace/ros_ur_driver/build/robotiq_description
[1.985s] -- Install configuration: ""
[1.985s] -- Installing: /home/d-lab/workspace/ros_ur_driver/install/robotiq_description/share/ament_index/resource_index/package_run_dependencies/robotiq_description
[1.985s] -- Installing: /home/d-lab/workspace/ros_ur_driver/install/robotiq_description/share/ament_index/resource_index/parent_prefix_path/robotiq_description
[1.985s] -- Installing: /home/d-lab/workspace/ros_ur_driver/install/robotiq_description/share/robotiq_description/environment/ament_prefix_path.sh
[1.985s] -- Installing: /home/d-lab/workspace/ros_ur_driver/install/robotiq_description/share/robotiq_description/environment/ament_prefix_path.dsv
[1.985s] -- Installing: /home/d-lab/workspace/ros_ur_driver/install/robotiq_description/share/robotiq_description/environment/path.sh
[1.986s] -- Installing: /home/d-lab/workspace/ros_ur_driver/install/robotiq_description/share/robotiq_description/environment/path.dsv
[1.986s] -- Installing: /home/d-lab/workspace/ros_ur_driver/install/robotiq_description/share/robotiq_description/local_setup.bash
[1.986s] -- Installing: /home/d-lab/workspace/ros_ur_driver/install/robotiq_description/share/robotiq_description/local_setup.sh
[1.986s] -- Installing: /home/d-lab/workspace/ros_ur_driver/install/robotiq_description/share/robotiq_description/local_setup.zsh
[1.986s] -- Installing: /home/d-lab/workspace/ros_ur_driver/install/robotiq_description/share/robotiq_description/local_setup.dsv
[1.986s] -- Installing: /home/d-lab/workspace/ros_ur_driver/install/robotiq_description/share/robotiq_description/package.dsv
[1.986s] -- Installing: /home/d-lab/workspace/ros_ur_driver/install/robotiq_description/share/ament_index/resource_index/packages/robotiq_description
[1.986s] -- Installing: /home/d-lab/workspace/ros_ur_driver/install/robotiq_description/share/robotiq_description/cmake/robotiq_descriptionConfig.cmake
[1.986s] -- Installing: /home/d-lab/workspace/ros_ur_driver/install/robotiq_description/share/robotiq_description/cmake/robotiq_descriptionConfig-version.cmake
[1.986s] -- Installing: /home/d-lab/workspace/ros_ur_driver/install/robotiq_description/share/robotiq_description/package.xml
[1.988s] Invoked command in '/home/d-lab/workspace/ros_ur_driver/build/robotiq_description' returned '0': CMAKE_PREFIX_PATH=${CMAKE_PREFIX_PATH}:/home/d-lab/workspace/ros_ur_driver/install/ros2controlcli:/home/d-lab/workspace/ros_ur_driver/install/ros2_control_test_nodes:/opt/ros/foxy /usr/bin/cmake --install /home/d-lab/workspace/ros_ur_driver/build/robotiq_description
