[0.209s] Invoking command in '/home/d-lab/workspace/ros_ur_driver/build/robotiq_description': CMAKE_PREFIX_PATH=${CMAKE_PREFIX_PATH}:/home/d-lab/workspace/ros_ur_driver/install/ros2controlcli:/home/d-lab/workspace/ros_ur_driver/install/ros2_control_test_nodes:/opt/ros/foxy /usr/bin/cmake /home/d-lab/workspace/ros_ur_driver/src/robotiq/robotiq_description -DCMAKE_BUILD_TYPE=Release -DCMAKE_INSTALL_PREFIX=/home/d-lab/workspace/ros_ur_driver/install/robotiq_description
[0.237s] -- Found ament_cmake: 0.9.9 (/opt/ros/foxy/share/ament_cmake/cmake)
[0.254s] -- Using PYTHON_EXECUTABLE: /usr/bin/python3
[0.544s] -- Found rclpy: 1.0.8 (/opt/ros/foxy/share/rclpy/cmake)
[0.544s] -- Found robot_state_publisher: 2.4.5 (/opt/ros/foxy/share/robot_state_publisher/cmake)
[0.634s] -- Using all available rosidl_typesupport_c: rosidl_typesupport_fastrtps_c;rosidl_typesupport_introspection_c
[0.653s] -- Found rosidl_adapter: 1.2.1 (/opt/ros/foxy/share/rosidl_adapter/cmake)
[1.046s] -- Using all available rosidl_typesupport_cpp: rosidl_typesupport_fastrtps_cpp;rosidl_typesupport_introspection_cpp
[1.113s] -- Found eigen3_cmake_module: 0.1.1 (/opt/ros/foxy/share/eigen3_cmake_module/cmake)
[1.175s] -- Found rmw_implementation_cmake: 1.0.3 (/opt/ros/foxy/share/rmw_implementation_cmake/cmake)
[1.181s] -- Using RMW implementation 'rmw_fastrtps_cpp' as default
[2.516s] -- Found xacro: 2.0.7 (/opt/ros/foxy/share/xacro/cmake)
[2.828s] -- Configuring done
[2.837s] -- Generating done
[2.837s] -- Build files have been written to: /home/d-lab/workspace/ros_ur_driver/build/robotiq_description
[2.881s] Invoked command in '/home/d-lab/workspace/ros_ur_driver/build/robotiq_description' returned '0': CMAKE_PREFIX_PATH=${CMAKE_PREFIX_PATH}:/home/d-lab/workspace/ros_ur_driver/install/ros2controlcli:/home/d-lab/workspace/ros_ur_driver/install/ros2_control_test_nodes:/opt/ros/foxy /usr/bin/cmake /home/d-lab/workspace/ros_ur_driver/src/robotiq/robotiq_description -DCMAKE_BUILD_TYPE=Release -DCMAKE_INSTALL_PREFIX=/home/d-lab/workspace/ros_ur_driver/install/robotiq_description
[2.882s] Invoking command in '/home/d-lab/workspace/ros_ur_driver/build/robotiq_description': CMAKE_PREFIX_PATH=${CMAKE_PREFIX_PATH}:/home/d-lab/workspace/ros_ur_driver/install/ros2controlcli:/home/d-lab/workspace/ros_ur_driver/install/ros2_control_test_nodes:/opt/ros/foxy /usr/bin/cmake --build /home/d-lab/workspace/ros_ur_driver/build/robotiq_description -- -j16 -l16
[3.135s] Invoked command in '/home/d-lab/workspace/ros_ur_driver/build/robotiq_description' returned '0': CMAKE_PREFIX_PATH=${CMAKE_PREFIX_PATH}:/home/d-lab/workspace/ros_ur_driver/install/ros2controlcli:/home/d-lab/workspace/ros_ur_driver/install/ros2_control_test_nodes:/opt/ros/foxy /usr/bin/cmake --build /home/d-lab/workspace/ros_ur_driver/build/robotiq_description -- -j16 -l16
[3.469s] Invoking command in '/home/d-lab/workspace/ros_ur_driver/build/robotiq_description': CMAKE_PREFIX_PATH=${CMAKE_PREFIX_PATH}:/home/d-lab/workspace/ros_ur_driver/install/ros2controlcli:/home/d-lab/workspace/ros_ur_driver/install/ros2_control_test_nodes:/opt/ros/foxy /usr/bin/cmake --install /home/d-lab/workspace/ros_ur_driver/build/robotiq_description
[3.528s] -- Install configuration: "Release"
[3.557s] -- Up-to-date: /home/d-lab/workspace/ros_ur_driver/install/robotiq_description/share/robotiq_description/config
[3.557s] -- Up-to-date: /home/d-lab/workspace/ros_ur_driver/install/robotiq_description/share/robotiq_description/config/robotiq_85.rviz
[3.557s] -- Up-to-date: /home/d-lab/workspace/ros_ur_driver/install/robotiq_description/share/robotiq_description/launch
[3.557s] -- Up-to-date: /home/d-lab/workspace/ros_ur_driver/install/robotiq_description/share/robotiq_description/launch/display_robotiq85.launch
[3.557s] -- Up-to-date: /home/d-lab/workspace/ros_ur_driver/install/robotiq_description/share/robotiq_description/meshes
[3.558s] -- Up-to-date: /home/d-lab/workspace/ros_ur_driver/install/robotiq_description/share/robotiq_description/meshes/visual
[3.558s] -- Up-to-date: /home/d-lab/workspace/ros_ur_driver/install/robotiq_description/share/robotiq_description/meshes/visual/robotiq_85_knuckle_link.dae
[3.558s] -- Up-to-date: /home/d-lab/workspace/ros_ur_driver/install/robotiq_description/share/robotiq_description/meshes/visual/robotiq_85_finger_tip_link.dae
[3.558s] -- Up-to-date: /home/d-lab/workspace/ros_ur_driver/install/robotiq_description/share/robotiq_description/meshes/visual/robotiq_85_inner_knuckle_link.dae
[3.558s] -- Up-to-date: /home/d-lab/workspace/ros_ur_driver/install/robotiq_description/share/robotiq_description/meshes/visual/robotiq_85_finger_link.dae
[3.559s] -- Up-to-date: /home/d-lab/workspace/ros_ur_driver/install/robotiq_description/share/robotiq_description/meshes/visual/robotiq_85_base_link.dae
[3.559s] -- Up-to-date: /home/d-lab/workspace/ros_ur_driver/install/robotiq_description/share/robotiq_description/meshes/collision
[3.559s] -- Up-to-date: /home/d-lab/workspace/ros_ur_driver/install/robotiq_description/share/robotiq_description/meshes/collision/robotiq_85_base_link.stl
[3.559s] -- Up-to-date: /home/d-lab/workspace/ros_ur_driver/install/robotiq_description/share/robotiq_description/meshes/collision/robotiq_85_knuckle_link.stl
[3.560s] -- Up-to-date: /home/d-lab/workspace/ros_ur_driver/install/robotiq_description/share/robotiq_description/meshes/collision/robotiq_85_finger_tip_link.stl
[3.560s] -- Up-to-date: /home/d-lab/workspace/ros_ur_driver/install/robotiq_description/share/robotiq_description/meshes/collision/robotiq_85_finger_link.stl
[3.560s] -- Up-to-date: /home/d-lab/workspace/ros_ur_driver/install/robotiq_description/share/robotiq_description/meshes/collision/robotiq_85_inner_knuckle_link.stl
[3.560s] -- Up-to-date: /home/d-lab/workspace/ros_ur_driver/install/robotiq_description/share/robotiq_description/meshes/robotiq_85_coupler.stl
[3.560s] -- Up-to-date: /home/d-lab/workspace/ros_ur_driver/install/robotiq_description/share/robotiq_description/urdf
[3.561s] -- Up-to-date: /home/d-lab/workspace/ros_ur_driver/install/robotiq_description/share/robotiq_description/urdf/robotiq_85_gripper_sim_base.urdf.xacro
[3.561s] -- Up-to-date: /home/d-lab/workspace/ros_ur_driver/install/robotiq_description/share/robotiq_description/urdf/robotiq_85_gripper.xacro
[3.561s] -- Up-to-date: /home/d-lab/workspace/ros_ur_driver/install/robotiq_description/share/robotiq_description/urdf/robotiq_85_gripper.transmission.xacro
[3.561s] -- Up-to-date: /home/d-lab/workspace/ros_ur_driver/install/robotiq_description/share/robotiq_description/urdf/robotiq_85_gripper.urdf.xacro
[3.569s] -- Up-to-date: /home/d-lab/workspace/ros_ur_driver/install/robotiq_description/share/ament_index/resource_index/package_run_dependencies/robotiq_description
[3.569s] -- Up-to-date: /home/d-lab/workspace/ros_ur_driver/install/robotiq_description/share/ament_index/resource_index/parent_prefix_path/robotiq_description
[3.569s] -- Up-to-date: /home/d-lab/workspace/ros_ur_driver/install/robotiq_description/share/robotiq_description/environment/ament_prefix_path.sh
[3.569s] -- Installing: /home/d-lab/workspace/ros_ur_driver/install/robotiq_description/share/robotiq_description/environment/ament_prefix_path.dsv
[3.569s] -- Up-to-date: /home/d-lab/workspace/ros_ur_driver/install/robotiq_description/share/robotiq_description/environment/path.sh
[3.569s] -- Installing: /home/d-lab/workspace/ros_ur_driver/install/robotiq_description/share/robotiq_description/environment/path.dsv
[3.569s] -- Up-to-date: /home/d-lab/workspace/ros_ur_driver/install/robotiq_description/share/robotiq_description/local_setup.bash
[3.569s] -- Up-to-date: /home/d-lab/workspace/ros_ur_driver/install/robotiq_description/share/robotiq_description/local_setup.sh
[3.569s] -- Up-to-date: /home/d-lab/workspace/ros_ur_driver/install/robotiq_description/share/robotiq_description/local_setup.zsh
[3.569s] -- Installing: /home/d-lab/workspace/ros_ur_driver/install/robotiq_description/share/robotiq_description/local_setup.dsv
[3.569s] -- Installing: /home/d-lab/workspace/ros_ur_driver/install/robotiq_description/share/robotiq_description/package.dsv
[3.570s] -- Up-to-date: /home/d-lab/workspace/ros_ur_driver/install/robotiq_description/share/ament_index/resource_index/packages/robotiq_description
[3.570s] -- Up-to-date: /home/d-lab/workspace/ros_ur_driver/install/robotiq_description/share/robotiq_description/cmake/robotiq_descriptionConfig.cmake
[3.570s] -- Up-to-date: /home/d-lab/workspace/ros_ur_driver/install/robotiq_description/share/robotiq_description/cmake/robotiq_descriptionConfig-version.cmake
[3.570s] -- Up-to-date: /home/d-lab/workspace/ros_ur_driver/install/robotiq_description/share/robotiq_description/package.xml
[3.579s] Invoked command in '/home/d-lab/workspace/ros_ur_driver/build/robotiq_description' returned '0': CMAKE_PREFIX_PATH=${CMAKE_PREFIX_PATH}:/home/d-lab/workspace/ros_ur_driver/install/ros2controlcli:/home/d-lab/workspace/ros_ur_driver/install/ros2_control_test_nodes:/opt/ros/foxy /usr/bin/cmake --install /home/d-lab/workspace/ros_ur_driver/build/robotiq_description
