[0.032s] Invoking command in '/home/d-lab/workspace/ros_ur_driver/build/moveit_ros_move_group': AMENT_PREFIX_PATH=/home/d-lab/workspace/ros_ur_driver/install/moveit_kinematics:/home/d-lab/workspace/ros_ur_driver/install/moveit_ros_planning:/home/d-lab/workspace/ros_ur_driver/install/moveit_ros_occupancy_map_monitor:/home/d-lab/workspace/ros_ur_driver/install/moveit_core:/home/d-lab/workspace/ros_ur_driver/install/srdfdom:/home/d-lab/workspace/ros_ur_driver/install/moveit_common:${AMENT_PREFIX_PATH} CMAKE_PREFIX_PATH=/home/d-lab/workspace/ros_ur_driver/install/moveit_kinematics:/home/d-lab/workspace/ros_ur_driver/install/moveit_ros_planning:/home/d-lab/workspace/ros_ur_driver/install/moveit_ros_occupancy_map_monitor:/home/d-lab/workspace/ros_ur_driver/install/moveit_core:/home/d-lab/workspace/ros_ur_driver/install/srdfdom:/home/d-lab/workspace/ros_ur_driver/install/moveit_common:/opt/ros/foxy LD_LIBRARY_PATH=/home/d-lab/workspace/ros_ur_driver/install/moveit_kinematics/lib:/home/d-lab/workspace/ros_ur_driver/install/moveit_ros_planning/lib:/home/d-lab/workspace/ros_ur_driver/install/moveit_ros_occupancy_map_monitor/lib:/home/d-lab/workspace/ros_ur_driver/install/moveit_core/lib:/home/d-lab/workspace/ros_ur_driver/install/srdfdom/lib:${LD_LIBRARY_PATH} PATH=/home/d-lab/workspace/ros_ur_driver/install/moveit_kinematics/bin:/home/d-lab/workspace/ros_ur_driver/install/moveit_core/bin:${PATH} PYTHONPATH=/home/d-lab/workspace/ros_ur_driver/install/srdfdom/lib/python3.8/site-packages:${PYTHONPATH} /usr/bin/cmake --build /home/d-lab/workspace/ros_ur_driver/build/moveit_ros_move_group -- -j16 -l16
[0.071s] -- Found moveit_common: 2.2.3 (/home/d-lab/workspace/ros_ur_driver/install/moveit_common/share/moveit_common/cmake)
[0.071s] -- Found ament_cmake: 0.9.9 (/opt/ros/foxy/share/ament_cmake/cmake)
[0.098s] -- Using PYTHON_EXECUTABLE: /usr/bin/python3
[0.499s] -- Found moveit_core: 2.2.3 (/home/d-lab/workspace/ros_ur_driver/install/moveit_core/share/moveit_core/cmake)
[0.514s] -- Found Boost: /usr/lib/x86_64-linux-gnu/cmake/Boost-1.71.0/BoostConfig.cmake (found version "1.71.0") found components: chrono date_time filesystem iostreams program_options regex serialization system thread 
[0.531s] -- Found Boost: /usr/lib/x86_64-linux-gnu/cmake/Boost-1.71.0/BoostConfig.cmake (found version "1.71.0") found components: filesystem 
[0.565s] -- Using all available rosidl_typesupport_c: rosidl_typesupport_fastrtps_c;rosidl_typesupport_introspection_c
[0.568s] -- Found rosidl_adapter: 1.2.1 (/opt/ros/foxy/share/rosidl_adapter/cmake)
[0.737s] -- Using all available rosidl_typesupport_cpp: rosidl_typesupport_fastrtps_cpp;rosidl_typesupport_introspection_cpp
[0.865s] -- Found rmw_implementation_cmake: 1.0.3 (/opt/ros/foxy/share/rmw_implementation_cmake/cmake)
[0.867s] -- Using RMW implementation 'rmw_fastrtps_cpp' as default
[1.003s] -- library: /usr/lib/x86_64-linux-gnu/libcurl.so
[2.401s] -- Found moveit_ros_planning: 2.2.3 (/home/d-lab/workspace/ros_ur_driver/install/moveit_ros_planning/share/moveit_ros_planning/cmake)
[2.404s] -- Found Boost: /usr/lib/x86_64-linux-gnu/cmake/Boost-1.71.0/BoostConfig.cmake (found version "1.71.0") found components: system filesystem date_time program_options thread chrono 
[2.586s] -- Found Boost: /usr/lib/x86_64-linux-gnu/cmake/Boost-1.71.0/BoostConfig.cmake (found version "1.71.0") found components: thread 
[3.002s] -- Found std_srvs: 2.0.5 (/opt/ros/foxy/share/std_srvs/cmake)
[3.011s] -- Found Boost: /usr/lib/x86_64-linux-gnu/cmake/Boost-1.71.0/BoostConfig.cmake (found version "1.71.0") found components: system filesystem date_time program_options thread 
[3.027s] -- Found ament_lint_auto: 0.9.6 (/opt/ros/foxy/share/ament_lint_auto/cmake)
[3.032s] -- Added test 'lint_cmake' to check CMake code style
[3.032s] -- Added test 'pep257' to check Python code against some of the style conventions in PEP 257
[3.033s] -- Added test 'xmllint' to check XML markup files
[3.036s] -- Configuring done
[3.124s] -- Generating done
[3.126s] -- Build files have been written to: /home/d-lab/workspace/ros_ur_driver/build/moveit_ros_move_group
[3.176s] [  5%] [32m[1mLinking CXX executable list_move_group_capabilities[0m
[3.180s] [ 10%] [32m[1mLinking CXX shared library libmoveit_move_group_capabilities_base.so[0m
[3.302s] [ 15%] Built target list_move_group_capabilities
[3.356s] [ 26%] Built target moveit_move_group_capabilities_base
[3.393s] [ 31%] [32m[1mLinking CXX executable move_group[0m
[3.442s] [ 36%] [32m[1mLinking CXX shared library libmoveit_move_group_default_capabilities.so[0m
[3.700s] [ 42%] Built target move_group
[3.748s] [100%] Built target moveit_move_group_default_capabilities
[3.756s] Invoked command in '/home/d-lab/workspace/ros_ur_driver/build/moveit_ros_move_group' returned '0': AMENT_PREFIX_PATH=/home/d-lab/workspace/ros_ur_driver/install/moveit_kinematics:/home/d-lab/workspace/ros_ur_driver/install/moveit_ros_planning:/home/d-lab/workspace/ros_ur_driver/install/moveit_ros_occupancy_map_monitor:/home/d-lab/workspace/ros_ur_driver/install/moveit_core:/home/d-lab/workspace/ros_ur_driver/install/srdfdom:/home/d-lab/workspace/ros_ur_driver/install/moveit_common:${AMENT_PREFIX_PATH} CMAKE_PREFIX_PATH=/home/d-lab/workspace/ros_ur_driver/install/moveit_kinematics:/home/d-lab/workspace/ros_ur_driver/install/moveit_ros_planning:/home/d-lab/workspace/ros_ur_driver/install/moveit_ros_occupancy_map_monitor:/home/d-lab/workspace/ros_ur_driver/install/moveit_core:/home/d-lab/workspace/ros_ur_driver/install/srdfdom:/home/d-lab/workspace/ros_ur_driver/install/moveit_common:/opt/ros/foxy LD_LIBRARY_PATH=/home/d-lab/workspace/ros_ur_driver/install/moveit_kinematics/lib:/home/d-lab/workspace/ros_ur_driver/install/moveit_ros_planning/lib:/home/d-lab/workspace/ros_ur_driver/install/moveit_ros_occupancy_map_monitor/lib:/home/d-lab/workspace/ros_ur_driver/install/moveit_core/lib:/home/d-lab/workspace/ros_ur_driver/install/srdfdom/lib:${LD_LIBRARY_PATH} PATH=/home/d-lab/workspace/ros_ur_driver/install/moveit_kinematics/bin:/home/d-lab/workspace/ros_ur_driver/install/moveit_core/bin:${PATH} PYTHONPATH=/home/d-lab/workspace/ros_ur_driver/install/srdfdom/lib/python3.8/site-packages:${PYTHONPATH} /usr/bin/cmake --build /home/d-lab/workspace/ros_ur_driver/build/moveit_ros_move_group -- -j16 -l16
[3.791s] Invoking command in '/home/d-lab/workspace/ros_ur_driver/build/moveit_ros_move_group': AMENT_PREFIX_PATH=/home/d-lab/workspace/ros_ur_driver/install/moveit_kinematics:/home/d-lab/workspace/ros_ur_driver/install/moveit_ros_planning:/home/d-lab/workspace/ros_ur_driver/install/moveit_ros_occupancy_map_monitor:/home/d-lab/workspace/ros_ur_driver/install/moveit_core:/home/d-lab/workspace/ros_ur_driver/install/srdfdom:/home/d-lab/workspace/ros_ur_driver/install/moveit_common:${AMENT_PREFIX_PATH} CMAKE_PREFIX_PATH=/home/d-lab/workspace/ros_ur_driver/install/moveit_kinematics:/home/d-lab/workspace/ros_ur_driver/install/moveit_ros_planning:/home/d-lab/workspace/ros_ur_driver/install/moveit_ros_occupancy_map_monitor:/home/d-lab/workspace/ros_ur_driver/install/moveit_core:/home/d-lab/workspace/ros_ur_driver/install/srdfdom:/home/d-lab/workspace/ros_ur_driver/install/moveit_common:/opt/ros/foxy LD_LIBRARY_PATH=/home/d-lab/workspace/ros_ur_driver/install/moveit_kinematics/lib:/home/d-lab/workspace/ros_ur_driver/install/moveit_ros_planning/lib:/home/d-lab/workspace/ros_ur_driver/install/moveit_ros_occupancy_map_monitor/lib:/home/d-lab/workspace/ros_ur_driver/install/moveit_core/lib:/home/d-lab/workspace/ros_ur_driver/install/srdfdom/lib:${LD_LIBRARY_PATH} PATH=/home/d-lab/workspace/ros_ur_driver/install/moveit_kinematics/bin:/home/d-lab/workspace/ros_ur_driver/install/moveit_core/bin:${PATH} PYTHONPATH=/home/d-lab/workspace/ros_ur_driver/install/srdfdom/lib/python3.8/site-packages:${PYTHONPATH} /usr/bin/cmake --install /home/d-lab/workspace/ros_ur_driver/build/moveit_ros_move_group
[3.798s] -- Install configuration: "Release"
[3.798s] -- Installing: /home/d-lab/workspace/ros_ur_driver/install/moveit_ros_move_group/lib/moveit_ros_move_group/move_group
[3.799s] -- Set runtime path of "/home/d-lab/workspace/ros_ur_driver/install/moveit_ros_move_group/lib/moveit_ros_move_group/move_group" to ""
[3.799s] -- Installing: /home/d-lab/workspace/ros_ur_driver/install/moveit_ros_move_group/lib/moveit_ros_move_group/list_move_group_capabilities
[3.799s] -- Set runtime path of "/home/d-lab/workspace/ros_ur_driver/install/moveit_ros_move_group/lib/moveit_ros_move_group/list_move_group_capabilities" to ""
[3.800s] -- Installing: /home/d-lab/workspace/ros_ur_driver/install/moveit_ros_move_group/lib/libmoveit_move_group_default_capabilities.so.2.2.3
[3.801s] -- Set runtime path of "/home/d-lab/workspace/ros_ur_driver/install/moveit_ros_move_group/lib/libmoveit_move_group_default_capabilities.so.2.2.3" to ""
[3.801s] -- Up-to-date: /home/d-lab/workspace/ros_ur_driver/install/moveit_ros_move_group/lib/libmoveit_move_group_default_capabilities.so
[3.801s] -- Installing: /home/d-lab/workspace/ros_ur_driver/install/moveit_ros_move_group/lib/libmoveit_move_group_capabilities_base.so.2.2.3
[3.801s] -- Set runtime path of "/home/d-lab/workspace/ros_ur_driver/install/moveit_ros_move_group/lib/libmoveit_move_group_capabilities_base.so.2.2.3" to ""
[3.801s] -- Up-to-date: /home/d-lab/workspace/ros_ur_driver/install/moveit_ros_move_group/lib/libmoveit_move_group_capabilities_base.so
[3.802s] -- Up-to-date: /home/d-lab/workspace/ros_ur_driver/install/moveit_ros_move_group/include
[3.802s] -- Up-to-date: /home/d-lab/workspace/ros_ur_driver/install/moveit_ros_move_group/include/moveit
[3.802s] -- Up-to-date: /home/d-lab/workspace/ros_ur_driver/install/moveit_ros_move_group/include/moveit/move_group
[3.802s] -- Up-to-date: /home/d-lab/workspace/ros_ur_driver/install/moveit_ros_move_group/include/moveit/move_group/node_name.h
[3.802s] -- Up-to-date: /home/d-lab/workspace/ros_ur_driver/install/moveit_ros_move_group/include/moveit/move_group/move_group_capability.h
[3.802s] -- Up-to-date: /home/d-lab/workspace/ros_ur_driver/install/moveit_ros_move_group/include/moveit/move_group/capability_names.h
[3.802s] -- Up-to-date: /home/d-lab/workspace/ros_ur_driver/install/moveit_ros_move_group/include/moveit/move_group/move_group_context.h
[3.802s] -- Up-to-date: /home/d-lab/workspace/ros_ur_driver/install/moveit_ros_move_group/share/moveit_ros_move_group/environment/library_path.sh
[3.802s] -- Installing: /home/d-lab/workspace/ros_ur_driver/install/moveit_ros_move_group/share/moveit_ros_move_group/environment/library_path.dsv
[3.802s] -- Up-to-date: /home/d-lab/workspace/ros_ur_driver/install/moveit_ros_move_group/lib/moveit_ros_move_group/load_map
[3.802s] -- Up-to-date: /home/d-lab/workspace/ros_ur_driver/install/moveit_ros_move_group/lib/moveit_ros_move_group/save_map
[3.802s] -- Up-to-date: /home/d-lab/workspace/ros_ur_driver/install/moveit_ros_move_group/share/moveit_ros_move_group/default_capabilities_plugin_description.xml
[3.802s] -- Up-to-date: /home/d-lab/workspace/ros_ur_driver/install/moveit_ros_move_group/share/ament_index/resource_index/package_run_dependencies/moveit_ros_move_group
[3.802s] -- Installing: /home/d-lab/workspace/ros_ur_driver/install/moveit_ros_move_group/share/ament_index/resource_index/parent_prefix_path/moveit_ros_move_group
[3.802s] -- Up-to-date: /home/d-lab/workspace/ros_ur_driver/install/moveit_ros_move_group/share/moveit_ros_move_group/environment/ament_prefix_path.sh
[3.802s] -- Installing: /home/d-lab/workspace/ros_ur_driver/install/moveit_ros_move_group/share/moveit_ros_move_group/environment/ament_prefix_path.dsv
[3.802s] -- Up-to-date: /home/d-lab/workspace/ros_ur_driver/install/moveit_ros_move_group/share/moveit_ros_move_group/environment/path.sh
[3.802s] -- Installing: /home/d-lab/workspace/ros_ur_driver/install/moveit_ros_move_group/share/moveit_ros_move_group/environment/path.dsv
[3.802s] -- Up-to-date: /home/d-lab/workspace/ros_ur_driver/install/moveit_ros_move_group/share/moveit_ros_move_group/local_setup.bash
[3.803s] -- Up-to-date: /home/d-lab/workspace/ros_ur_driver/install/moveit_ros_move_group/share/moveit_ros_move_group/local_setup.sh
[3.803s] -- Up-to-date: /home/d-lab/workspace/ros_ur_driver/install/moveit_ros_move_group/share/moveit_ros_move_group/local_setup.zsh
[3.803s] -- Installing: /home/d-lab/workspace/ros_ur_driver/install/moveit_ros_move_group/share/moveit_ros_move_group/local_setup.dsv
[3.803s] -- Installing: /home/d-lab/workspace/ros_ur_driver/install/moveit_ros_move_group/share/moveit_ros_move_group/package.dsv
[3.803s] -- Up-to-date: /home/d-lab/workspace/ros_ur_driver/install/moveit_ros_move_group/share/ament_index/resource_index/packages/moveit_ros_move_group
[3.803s] -- Up-to-date: /home/d-lab/workspace/ros_ur_driver/install/moveit_ros_move_group/share/ament_index/resource_index/moveit_ros_move_group__pluginlib__plugin/moveit_ros_move_group
[3.803s] -- Up-to-date: /home/d-lab/workspace/ros_ur_driver/install/moveit_ros_move_group/share/moveit_ros_move_group/cmake/export_moveit_ros_move_groupExport.cmake
[3.803s] -- Installing: /home/d-lab/workspace/ros_ur_driver/install/moveit_ros_move_group/share/moveit_ros_move_group/cmake/export_moveit_ros_move_groupExport-release.cmake
[3.803s] -- Up-to-date: /home/d-lab/workspace/ros_ur_driver/install/moveit_ros_move_group/share/moveit_ros_move_group/cmake/ConfigExtras.cmake
[3.803s] -- Up-to-date: /home/d-lab/workspace/ros_ur_driver/install/moveit_ros_move_group/share/moveit_ros_move_group/cmake/ament_cmake_export_targets-extras.cmake
[3.803s] -- Up-to-date: /home/d-lab/workspace/ros_ur_driver/install/moveit_ros_move_group/share/moveit_ros_move_group/cmake/ament_cmake_export_dependencies-extras.cmake
[3.803s] -- Up-to-date: /home/d-lab/workspace/ros_ur_driver/install/moveit_ros_move_group/share/moveit_ros_move_group/cmake/moveit_ros_move_groupConfig.cmake
[3.803s] -- Up-to-date: /home/d-lab/workspace/ros_ur_driver/install/moveit_ros_move_group/share/moveit_ros_move_group/cmake/moveit_ros_move_groupConfig-version.cmake
[3.803s] -- Up-to-date: /home/d-lab/workspace/ros_ur_driver/install/moveit_ros_move_group/share/moveit_ros_move_group/package.xml
[3.805s] Invoked command in '/home/d-lab/workspace/ros_ur_driver/build/moveit_ros_move_group' returned '0': AMENT_PREFIX_PATH=/home/d-lab/workspace/ros_ur_driver/install/moveit_kinematics:/home/d-lab/workspace/ros_ur_driver/install/moveit_ros_planning:/home/d-lab/workspace/ros_ur_driver/install/moveit_ros_occupancy_map_monitor:/home/d-lab/workspace/ros_ur_driver/install/moveit_core:/home/d-lab/workspace/ros_ur_driver/install/srdfdom:/home/d-lab/workspace/ros_ur_driver/install/moveit_common:${AMENT_PREFIX_PATH} CMAKE_PREFIX_PATH=/home/d-lab/workspace/ros_ur_driver/install/moveit_kinematics:/home/d-lab/workspace/ros_ur_driver/install/moveit_ros_planning:/home/d-lab/workspace/ros_ur_driver/install/moveit_ros_occupancy_map_monitor:/home/d-lab/workspace/ros_ur_driver/install/moveit_core:/home/d-lab/workspace/ros_ur_driver/install/srdfdom:/home/d-lab/workspace/ros_ur_driver/install/moveit_common:/opt/ros/foxy LD_LIBRARY_PATH=/home/d-lab/workspace/ros_ur_driver/install/moveit_kinematics/lib:/home/d-lab/workspace/ros_ur_driver/install/moveit_ros_planning/lib:/home/d-lab/workspace/ros_ur_driver/install/moveit_ros_occupancy_map_monitor/lib:/home/d-lab/workspace/ros_ur_driver/install/moveit_core/lib:/home/d-lab/workspace/ros_ur_driver/install/srdfdom/lib:${LD_LIBRARY_PATH} PATH=/home/d-lab/workspace/ros_ur_driver/install/moveit_kinematics/bin:/home/d-lab/workspace/ros_ur_driver/install/moveit_core/bin:${PATH} PYTHONPATH=/home/d-lab/workspace/ros_ur_driver/install/srdfdom/lib/python3.8/site-packages:${PYTHONPATH} /usr/bin/cmake --install /home/d-lab/workspace/ros_ur_driver/build/moveit_ros_move_group
