[0.217s] Invoking command in '/home/d-lab/workspace/ros_ur_driver/build/move_arm': CMAKE_PREFIX_PATH=${CMAKE_PREFIX_PATH}:/home/d-lab/workspace/ros_ur_driver/install/utils:/home/d-lab/workspace/ros_ur_driver/install/ros2controlcli:/home/d-lab/workspace/ros_ur_driver/install/ros2_control_test_nodes:/home/d-lab/workspace/ros_ur_driver/install/robotiq_control:/home/d-lab/workspace/ros_ur_driver/install/gripper_control:/opt/ros/foxy /usr/bin/cmake --build /home/d-lab/workspace/ros_ur_driver/build/move_arm -- -j16 -l16
[0.422s] [35m[1mScanning dependencies of target move_to_point[0m
[0.422s] [ 50%] [32mBuilding CXX object CMakeFiles/move_to_point.dir/src/move_to_point.cpp.o[0m
[2.557s] [01m[K/home/d-lab/workspace/ros_ur_driver/src/move_arm/src/move_to_point.cpp:[m[K In function ‘[01m[Kint main(int, char**)[m[K’:
[2.557s] [01m[K/home/d-lab/workspace/ros_ur_driver/src/move_arm/src/move_to_point.cpp:94:13:[m[K [01;31m[Kerror: [m[Kno match for ‘[01m[Koperator<<[m[K’ (operand types are ‘[01m[Kstd::ostream[m[K’ {aka ‘[01m[Kstd::basic_ostream<char>[m[K’} and ‘[01m[Kstd::vector<double>[m[K’)
[2.557s]    94 |   [32m[Kstd::cout[m[K [01;31m[K<<[m[K [34m[Kmove_group.getCurrentJointValues()[m[K << std::endl;
[2.559s]       |   [32m[K~~~~~~~~~[m[K [01;31m[K^~[m[K [34m[K~~~~~~~~~~~~~~~~~~~~~~~~~~~~~~~~~~[m[K
[2.559s]       |        [32m[K|[m[K                                       [34m[K|[m[K
[2.559s]       |        [32m[K|[m[K                                       [34m[Kstd::vector<double>[m[K
[2.559s]       |        [32m[Kstd::ostream {aka std::basic_ostream<char>}[m[K
[2.559s] In file included from [01m[K/usr/include/c++/9/iostream:39[m[K,
[2.560s]                  from [01m[K/usr/include/tinyxml.h:52[m[K,
[2.560s]                  from [01m[K/opt/ros/foxy/include/urdf/model.h:42[m[K,
[2.561s]                  from [01m[K/opt/ros/foxy/include/srdfdom/model.h:44[m[K,
[2.561s]                  from [01m[K/opt/ros/foxy/include/moveit/robot_model/robot_model.h:42[m[K,
[2.561s]                  from [01m[K/opt/ros/foxy/include/moveit/robot_state/robot_state.h:40[m[K,
[2.561s]                  from [01m[K/opt/ros/foxy/include/moveit/move_group_interface/move_group_interface.h:41[m[K,
[2.561s]                  from [01m[K/home/d-lab/workspace/ros_ur_driver/src/move_arm/src/move_to_point.cpp:38[m[K:
[2.562s] [01m[K/usr/include/c++/9/ostream:108:7:[m[K [01;36m[Knote: [m[Kcandidate: ‘[01m[Kstd::basic_ostream<_CharT, _Traits>::__ostream_type& std::basic_ostream<_CharT, _Traits>::operator<<(std::basic_ostream<_CharT, _Traits>::__ostream_type& (*)(std::basic_ostream<_CharT, _Traits>::__ostream_type&)) [with _CharT = char; _Traits = std::char_traits<char>; std::basic_ostream<_CharT, _Traits>::__ostream_type = std::basic_ostream<char>][m[K’
[2.562s]   108 |       [01;36m[Koperator[m[K<<(__ostream_type& (*__pf)(__ostream_type&))
[2.562s]       |       [01;36m[K^~~~~~~~[m[K
[2.562s] [01m[K/usr/include/c++/9/ostream:108:36:[m[K [01;36m[Knote: [m[K  no known conversion for argument 1 from ‘[01m[Kstd::vector<double>[m[K’ to ‘[01m[Kstd::basic_ostream<char>::__ostream_type& (*)(std::basic_ostream<char>::__ostream_type&)[m[K’ {aka ‘[01m[Kstd::basic_ostream<char>& (*)(std::basic_ostream<char>&)[m[K’}
[2.562s]   108 |       operator<<([01;36m[K__ostream_type& (*__pf)(__ostream_type&)[m[K)
[2.563s]       |                  [01;36m[K~~~~~~~~~~~~~~~~~~^~~~~~~~~~~~~~~~~~~~~~[m[K
[2.563s] [01m[K/usr/include/c++/9/ostream:117:7:[m[K [01;36m[Knote: [m[Kcandidate: ‘[01m[Kstd::basic_ostream<_CharT, _Traits>::__ostream_type& std::basic_ostream<_CharT, _Traits>::operator<<(std::basic_ostream<_CharT, _Traits>::__ios_type& (*)(std::basic_ostream<_CharT, _Traits>::__ios_type&)) [with _CharT = char; _Traits = std::char_traits<char>; std::basic_ostream<_CharT, _Traits>::__ostream_type = std::basic_ostream<char>; std::basic_ostream<_CharT, _Traits>::__ios_type = std::basic_ios<char>][m[K’
[2.563s]   117 |       [01;36m[Koperator[m[K<<(__ios_type& (*__pf)(__ios_type&))
[2.563s]       |       [01;36m[K^~~~~~~~[m[K
[2.563s] [01m[K/usr/include/c++/9/ostream:117:32:[m[K [01;36m[Knote: [m[K  no known conversion for argument 1 from ‘[01m[Kstd::vector<double>[m[K’ to ‘[01m[Kstd::basic_ostream<char>::__ios_type& (*)(std::basic_ostream<char>::__ios_type&)[m[K’ {aka ‘[01m[Kstd::basic_ios<char>& (*)(std::basic_ios<char>&)[m[K’}
[2.565s]   117 |       operator<<([01;36m[K__ios_type& (*__pf)(__ios_type&)[m[K)
[2.565s]       |                  [01;36m[K~~~~~~~~~~~~~~^~~~~~~~~~~~~~~~~~[m[K
[2.565s] [01m[K/usr/include/c++/9/ostream:127:7:[m[K [01;36m[Knote: [m[Kcandidate: ‘[01m[Kstd::basic_ostream<_CharT, _Traits>::__ostream_type& std::basic_ostream<_CharT, _Traits>::operator<<(std::ios_base& (*)(std::ios_base&)) [with _CharT = char; _Traits = std::char_traits<char>; std::basic_ostream<_CharT, _Traits>::__ostream_type = std::basic_ostream<char>][m[K’
[2.565s]   127 |       [01;36m[Koperator[m[K<<(ios_base& (*__pf) (ios_base&))
[2.565s]       |       [01;36m[K^~~~~~~~[m[K
[2.565s] [01m[K/usr/include/c++/9/ostream:127:30:[m[K [01;36m[Knote: [m[K  no known conversion for argument 1 from ‘[01m[Kstd::vector<double>[m[K’ to ‘[01m[Kstd::ios_base& (*)(std::ios_base&)[m[K’
[2.565s]   127 |       operator<<([01;36m[Kios_base& (*__pf) (ios_base&)[m[K)
[2.566s]       |                  [01;36m[K~~~~~~~~~~~~^~~~~~~~~~~~~~~~~[m[K
[2.567s] [01m[K/usr/include/c++/9/ostream:166:7:[m[K [01;36m[Knote: [m[Kcandidate: ‘[01m[Kstd::basic_ostream<_CharT, _Traits>::__ostream_type& std::basic_ostream<_CharT, _Traits>::operator<<(long int) [with _CharT = char; _Traits = std::char_traits<char>; std::basic_ostream<_CharT, _Traits>::__ostream_type = std::basic_ostream<char>][m[K’
[2.567s]   166 |       [01;36m[Koperator[m[K<<(long __n)
[2.568s]       |       [01;36m[K^~~~~~~~[m[K
[2.568s] [01m[K/usr/include/c++/9/ostream:166:23:[m[K [01;36m[Knote: [m[K  no known conversion for argument 1 from ‘[01m[Kstd::vector<double>[m[K’ to ‘[01m[Klong int[m[K’
[2.568s]   166 |       operator<<([01;36m[Klong __n[m[K)
[2.568s]       |                  [01;36m[K~~~~~^~~[m[K
[2.568s] [01m[K/usr/include/c++/9/ostream:170:7:[m[K [01;36m[Knote: [m[Kcandidate: ‘[01m[Kstd::basic_ostream<_CharT, _Traits>::__ostream_type& std::basic_ostream<_CharT, _Traits>::operator<<(long unsigned int) [with _CharT = char; _Traits = std::char_traits<char>; std::basic_ostream<_CharT, _Traits>::__ostream_type = std::basic_ostream<char>][m[K’
[2.568s]   170 |       [01;36m[Koperator[m[K<<(unsigned long __n)
[2.568s]       |       [01;36m[K^~~~~~~~[m[K
[2.568s] [01m[K/usr/include/c++/9/ostream:170:32:[m[K [01;36m[Knote: [m[K  no known conversion for argument 1 from ‘[01m[Kstd::vector<double>[m[K’ to ‘[01m[Klong unsigned int[m[K’
[2.568s]   170 |       operator<<([01;36m[Kunsigned long __n[m[K)
[2.569s]       |                  [01;36m[K~~~~~~~~~~~~~~^~~[m[K
[2.569s] [01m[K/usr/include/c++/9/ostream:174:7:[m[K [01;36m[Knote: [m[Kcandidate: ‘[01m[Kstd::basic_ostream<_CharT, _Traits>::__ostream_type& std::basic_ostream<_CharT, _Traits>::operator<<(bool) [with _CharT = char; _Traits = std::char_traits<char>; std::basic_ostream<_CharT, _Traits>::__ostream_type = std::basic_ostream<char>][m[K’
[2.569s]   174 |       [01;36m[Koperator[m[K<<(bool __n)
[2.569s]       |       [01;36m[K^~~~~~~~[m[K
[2.569s] [01m[K/usr/include/c++/9/ostream:174:23:[m[K [01;36m[Knote: [m[K  no known conversion for argument 1 from ‘[01m[Kstd::vector<double>[m[K’ to ‘[01m[Kbool[m[K’
[2.569s]   174 |       operator<<([01;36m[Kbool __n[m[K)
[2.569s]       |                  [01;36m[K~~~~~^~~[m[K
[2.569s] In file included from [01m[K/usr/include/c++/9/ostream:702[m[K,
[2.569s]                  from [01m[K/usr/include/c++/9/iostream:39[m[K,
[2.569s]                  from [01m[K/usr/include/tinyxml.h:52[m[K,
[2.570s]                  from [01m[K/opt/ros/foxy/include/urdf/model.h:42[m[K,
[2.570s]                  from [01m[K/opt/ros/foxy/include/srdfdom/model.h:44[m[K,
[2.571s]                  from [01m[K/opt/ros/foxy/include/moveit/robot_model/robot_model.h:42[m[K,
[2.571s]                  from [01m[K/opt/ros/foxy/include/moveit/robot_state/robot_state.h:40[m[K,
[2.571s]                  from [01m[K/opt/ros/foxy/include/moveit/move_group_interface/move_group_interface.h:41[m[K,
[2.571s]                  from [01m[K/home/d-lab/workspace/ros_ur_driver/src/move_arm/src/move_to_point.cpp:38[m[K:
[2.571s] [01m[K/usr/include/c++/9/bits/ostream.tcc:91:5:[m[K [01;36m[Knote: [m[Kcandidate: ‘[01m[Kstd::basic_ostream<_CharT, _Traits>& std::basic_ostream<_CharT, _Traits>::operator<<(short int) [with _CharT = char; _Traits = std::char_traits<char>][m[K’
[2.571s]    91 |     [01;36m[Kbasic_ostream<_CharT, _Traits>[m[K::
[2.571s]       |     [01;36m[K^~~~~~~~~~~~~~~~~~~~~~~~~~~~~~[m[K
[2.572s] [01m[K/usr/include/c++/9/bits/ostream.tcc:92:22:[m[K [01;36m[Knote: [m[K  no known conversion for argument 1 from ‘[01m[Kstd::vector<double>[m[K’ to ‘[01m[Kshort int[m[K’
[2.572s]    92 |     operator<<([01;36m[Kshort __n[m[K)
[2.572s]       |                [01;36m[K~~~~~~^~~[m[K
[2.572s] In file included from [01m[K/usr/include/c++/9/iostream:39[m[K,
[2.573s]                  from [01m[K/usr/include/tinyxml.h:52[m[K,
[2.573s]                  from [01m[K/opt/ros/foxy/include/urdf/model.h:42[m[K,
[2.573s]                  from [01m[K/opt/ros/foxy/include/srdfdom/model.h:44[m[K,
[2.573s]                  from [01m[K/opt/ros/foxy/include/moveit/robot_model/robot_model.h:42[m[K,
[2.573s]                  from [01m[K/opt/ros/foxy/include/moveit/robot_state/robot_state.h:40[m[K,
[2.573s]                  from [01m[K/opt/ros/foxy/include/moveit/move_group_interface/move_group_interface.h:41[m[K,
[2.573s]                  from [01m[K/home/d-lab/workspace/ros_ur_driver/src/move_arm/src/move_to_point.cpp:38[m[K:
[2.574s] [01m[K/usr/include/c++/9/ostream:181:7:[m[K [01;36m[Knote: [m[Kcandidate: ‘[01m[Kstd::basic_ostream<_CharT, _Traits>::__ostream_type& std::basic_ostream<_CharT, _Traits>::operator<<(short unsigned int) [with _CharT = char; _Traits = std::char_traits<char>; std::basic_ostream<_CharT, _Traits>::__ostream_type = std::basic_ostream<char>][m[K’
[2.574s]   181 |       [01;36m[Koperator[m[K<<(unsigned short __n)
[2.574s]       |       [01;36m[K^~~~~~~~[m[K
[2.574s] [01m[K/usr/include/c++/9/ostream:181:33:[m[K [01;36m[Knote: [m[K  no known conversion for argument 1 from ‘[01m[Kstd::vector<double>[m[K’ to ‘[01m[Kshort unsigned int[m[K’
[2.574s]   181 |       operator<<([01;36m[Kunsigned short __n[m[K)
[2.574s]       |                  [01;36m[K~~~~~~~~~~~~~~~^~~[m[K
[2.574s] In file included from [01m[K/usr/include/c++/9/ostream:702[m[K,
[2.574s]                  from [01m[K/usr/include/c++/9/iostream:39[m[K,
[2.574s]                  from [01m[K/usr/include/tinyxml.h:52[m[K,
[2.574s]                  from [01m[K/opt/ros/foxy/include/urdf/model.h:42[m[K,
[2.574s]                  from [01m[K/opt/ros/foxy/include/srdfdom/model.h:44[m[K,
[2.575s]                  from [01m[K/opt/ros/foxy/include/moveit/robot_model/robot_model.h:42[m[K,
[2.575s]                  from [01m[K/opt/ros/foxy/include/moveit/robot_state/robot_state.h:40[m[K,
[2.576s]                  from [01m[K/opt/ros/foxy/include/moveit/move_group_interface/move_group_interface.h:41[m[K,
[2.576s]                  from [01m[K/home/d-lab/workspace/ros_ur_driver/src/move_arm/src/move_to_point.cpp:38[m[K:
[2.576s] [01m[K/usr/include/c++/9/bits/ostream.tcc:105:5:[m[K [01;36m[Knote: [m[Kcandidate: ‘[01m[Kstd::basic_ostream<_CharT, _Traits>& std::basic_ostream<_CharT, _Traits>::operator<<(int) [with _CharT = char; _Traits = std::char_traits<char>][m[K’
[2.576s]   105 |     [01;36m[Kbasic_ostream<_CharT, _Traits>[m[K::
[2.576s]       |     [01;36m[K^~~~~~~~~~~~~~~~~~~~~~~~~~~~~~[m[K
[2.576s] [01m[K/usr/include/c++/9/bits/ostream.tcc:106:20:[m[K [01;36m[Knote: [m[K  no known conversion for argument 1 from ‘[01m[Kstd::vector<double>[m[K’ to ‘[01m[Kint[m[K’
[2.576s]   106 |     operator<<([01;36m[Kint __n[m[K)
[2.577s]       |                [01;36m[K~~~~^~~[m[K
[2.577s] In file included from [01m[K/usr/include/c++/9/iostream:39[m[K,
[2.577s]                  from [01m[K/usr/include/tinyxml.h:52[m[K,
[2.577s]                  from [01m[K/opt/ros/foxy/include/urdf/model.h:42[m[K,
[2.577s]                  from [01m[K/opt/ros/foxy/include/srdfdom/model.h:44[m[K,
[2.577s]                  from [01m[K/opt/ros/foxy/include/moveit/robot_model/robot_model.h:42[m[K,
[2.579s]                  from [01m[K/opt/ros/foxy/include/moveit/robot_state/robot_state.h:40[m[K,
[2.579s]                  from [01m[K/opt/ros/foxy/include/moveit/move_group_interface/move_group_interface.h:41[m[K,
[2.579s]                  from [01m[K/home/d-lab/workspace/ros_ur_driver/src/move_arm/src/move_to_point.cpp:38[m[K:
[2.579s] [01m[K/usr/include/c++/9/ostream:192:7:[m[K [01;36m[Knote: [m[Kcandidate: ‘[01m[Kstd::basic_ostream<_CharT, _Traits>::__ostream_type& std::basic_ostream<_CharT, _Traits>::operator<<(unsigned int) [with _CharT = char; _Traits = std::char_traits<char>; std::basic_ostream<_CharT, _Traits>::__ostream_type = std::basic_ostream<char>][m[K’
[2.579s]   192 |       [01;36m[Koperator[m[K<<(unsigned int __n)
[2.579s]       |       [01;36m[K^~~~~~~~[m[K
[2.579s] [01m[K/usr/include/c++/9/ostream:192:31:[m[K [01;36m[Knote: [m[K  no known conversion for argument 1 from ‘[01m[Kstd::vector<double>[m[K’ to ‘[01m[Kunsigned int[m[K’
[2.579s]   192 |       operator<<([01;36m[Kunsigned int __n[m[K)
[2.581s]       |                  [01;36m[K~~~~~~~~~~~~~^~~[m[K
[2.581s] [01m[K/usr/include/c++/9/ostream:201:7:[m[K [01;36m[Knote: [m[Kcandidate: ‘[01m[Kstd::basic_ostream<_CharT, _Traits>::__ostream_type& std::basic_ostream<_CharT, _Traits>::operator<<(long long int) [with _CharT = char; _Traits = std::char_traits<char>; std::basic_ostream<_CharT, _Traits>::__ostream_type = std::basic_ostream<char>][m[K’
[2.581s]   201 |       [01;36m[Koperator[m[K<<(long long __n)
[2.581s]       |       [01;36m[K^~~~~~~~[m[K
[2.581s] [01m[K/usr/include/c++/9/ostream:201:28:[m[K [01;36m[Knote: [m[K  no known conversion for argument 1 from ‘[01m[Kstd::vector<double>[m[K’ to ‘[01m[Klong long int[m[K’
[2.581s]   201 |       operator<<([01;36m[Klong long __n[m[K)
[2.581s]       |                  [01;36m[K~~~~~~~~~~^~~[m[K
[2.581s] [01m[K/usr/include/c++/9/ostream:205:7:[m[K [01;36m[Knote: [m[Kcandidate: ‘[01m[Kstd::basic_ostream<_CharT, _Traits>::__ostream_type& std::basic_ostream<_CharT, _Traits>::operator<<(long long unsigned int) [with _CharT = char; _Traits = std::char_traits<char>; std::basic_ostream<_CharT, _Traits>::__ostream_type = std::basic_ostream<char>][m[K’
[2.582s]   205 |       [01;36m[Koperator[m[K<<(unsigned long long __n)
[2.582s]       |       [01;36m[K^~~~~~~~[m[K
[2.582s] [01m[K/usr/include/c++/9/ostream:205:37:[m[K [01;36m[Knote: [m[K  no known conversion for argument 1 from ‘[01m[Kstd::vector<double>[m[K’ to ‘[01m[Klong long unsigned int[m[K’
[2.582s]   205 |       operator<<([01;36m[Kunsigned long long __n[m[K)
[2.582s]       |                  [01;36m[K~~~~~~~~~~~~~~~~~~~^~~[m[K
[2.582s] [01m[K/usr/include/c++/9/ostream:220:7:[m[K [01;36m[Knote: [m[Kcandidate: ‘[01m[Kstd::basic_ostream<_CharT, _Traits>::__ostream_type& std::basic_ostream<_CharT, _Traits>::operator<<(double) [with _CharT = char; _Traits = std::char_traits<char>; std::basic_ostream<_CharT, _Traits>::__ostream_type = std::basic_ostream<char>][m[K’
[2.582s]   220 |       [01;36m[Koperator[m[K<<(double __f)
[2.582s]       |       [01;36m[K^~~~~~~~[m[K
[2.582s] [01m[K/usr/include/c++/9/ostream:220:25:[m[K [01;36m[Knote: [m[K  no known conversion for argument 1 from ‘[01m[Kstd::vector<double>[m[K’ to ‘[01m[Kdouble[m[K’
[2.582s]   220 |       operator<<([01;36m[Kdouble __f[m[K)
[2.583s]       |                  [01;36m[K~~~~~~~^~~[m[K
[2.583s] [01m[K/usr/include/c++/9/ostream:224:7:[m[K [01;36m[Knote: [m[Kcandidate: ‘[01m[Kstd::basic_ostream<_CharT, _Traits>::__ostream_type& std::basic_ostream<_CharT, _Traits>::operator<<(float) [with _CharT = char; _Traits = std::char_traits<char>; std::basic_ostream<_CharT, _Traits>::__ostream_type = std::basic_ostream<char>][m[K’
[2.583s]   224 |       [01;36m[Koperator[m[K<<(float __f)
[2.583s]       |       [01;36m[K^~~~~~~~[m[K
[2.583s] [01m[K/usr/include/c++/9/ostream:224:24:[m[K [01;36m[Knote: [m[K  no known conversion for argument 1 from ‘[01m[Kstd::vector<double>[m[K’ to ‘[01m[Kfloat[m[K’
[2.584s]   224 |       operator<<([01;36m[Kfloat __f[m[K)
[2.584s]       |                  [01;36m[K~~~~~~^~~[m[K
[2.584s] [01m[K/usr/include/c++/9/ostream:232:7:[m[K [01;36m[Knote: [m[Kcandidate: ‘[01m[Kstd::basic_ostream<_CharT, _Traits>::__ostream_type& std::basic_ostream<_CharT, _Traits>::operator<<(long double) [with _CharT = char; _Traits = std::char_traits<char>; std::basic_ostream<_CharT, _Traits>::__ostream_type = std::basic_ostream<char>][m[K’
[2.584s]   232 |       [01;36m[Koperator[m[K<<(long double __f)
[2.584s]       |       [01;36m[K^~~~~~~~[m[K
[2.584s] [01m[K/usr/include/c++/9/ostream:232:30:[m[K [01;36m[Knote: [m[K  no known conversion for argument 1 from ‘[01m[Kstd::vector<double>[m[K’ to ‘[01m[Klong double[m[K’
[2.585s]   232 |       operator<<([01;36m[Klong double __f[m[K)
[2.585s]       |                  [01;36m[K~~~~~~~~~~~~^~~[m[K
[2.585s] [01m[K/usr/include/c++/9/ostream:245:7:[m[K [01;36m[Knote: [m[Kcandidate: ‘[01m[Kstd::basic_ostream<_CharT, _Traits>::__ostream_type& std::basic_ostream<_CharT, _Traits>::operator<<(const void*) [with _CharT = char; _Traits = std::char_traits<char>; std::basic_ostream<_CharT, _Traits>::__ostream_type = std::basic_ostream<char>][m[K’
[2.585s]   245 |       [01;36m[Koperator[m[K<<(const void* __p)
[2.585s]       |       [01;36m[K^~~~~~~~[m[K
[2.585s] [01m[K/usr/include/c++/9/ostream:245:30:[m[K [01;36m[Knote: [m[K  no known conversion for argument 1 from ‘[01m[Kstd::vector<double>[m[K’ to ‘[01m[Kconst void*[m[K’
[2.586s]   245 |       operator<<([01;36m[Kconst void* __p[m[K)
[2.586s]       |                  [01;36m[K~~~~~~~~~~~~^~~[m[K
[2.586s] In file included from [01m[K/usr/include/c++/9/ostream:702[m[K,
[2.586s]                  from [01m[K/usr/include/c++/9/iostream:39[m[K,
[2.587s]                  from [01m[K/usr/include/tinyxml.h:52[m[K,
[2.587s]                  from [01m[K/opt/ros/foxy/include/urdf/model.h:42[m[K,
[2.587s]                  from [01m[K/opt/ros/foxy/include/srdfdom/model.h:44[m[K,
[2.588s]                  from [01m[K/opt/ros/foxy/include/moveit/robot_model/robot_model.h:42[m[K,
[2.588s]                  from [01m[K/opt/ros/foxy/include/moveit/robot_state/robot_state.h:40[m[K,
[2.588s]                  from [01m[K/opt/ros/foxy/include/moveit/move_group_interface/move_group_interface.h:41[m[K,
[2.588s]                  from [01m[K/home/d-lab/workspace/ros_ur_driver/src/move_arm/src/move_to_point.cpp:38[m[K:
[2.588s] [01m[K/usr/include/c++/9/bits/ostream.tcc:119:5:[m[K [01;36m[Knote: [m[Kcandidate: ‘[01m[Kstd::basic_ostream<_CharT, _Traits>& std::basic_ostream<_CharT, _Traits>::operator<<(std::basic_ostream<_CharT, _Traits>::__streambuf_type*) [with _CharT = char; _Traits = std::char_traits<char>; std::basic_ostream<_CharT, _Traits>::__streambuf_type = std::basic_streambuf<char>][m[K’
[2.589s]   119 |     [01;36m[Kbasic_ostream<_CharT, _Traits>[m[K::
[2.589s]       |     [01;36m[K^~~~~~~~~~~~~~~~~~~~~~~~~~~~~~[m[K
[2.589s] [01m[K/usr/include/c++/9/bits/ostream.tcc:120:34:[m[K [01;36m[Knote: [m[K  no known conversion for argument 1 from ‘[01m[Kstd::vector<double>[m[K’ to ‘[01m[Kstd::basic_ostream<char>::__streambuf_type*[m[K’ {aka ‘[01m[Kstd::basic_streambuf<char>*[m[K’}
[2.589s]   120 |     operator<<([01;36m[K__streambuf_type* __sbin[m[K)
[2.589s]       |                [01;36m[K~~~~~~~~~~~~~~~~~~^~~~~~[m[K
[2.589s] In file included from [01m[K/usr/include/c++/9/string:55[m[K,
[2.589s]                  from [01m[K/usr/include/c++/9/stdexcept:39[m[K,
[2.591s]                  from [01m[K/usr/include/c++/9/array:39[m[K,
[2.592s]                  from [01m[K/usr/include/c++/9/tuple:39[m[K,
[2.592s]                  from [01m[K/usr/include/c++/9/bits/unique_ptr.h:37[m[K,
[2.592s]                  from [01m[K/usr/include/c++/9/memory:80[m[K,
[2.592s]                  from [01m[K/opt/ros/foxy/include/moveit/macros/declare_ptr.h:37[m[K,
[2.592s]                  from [01m[K/opt/ros/foxy/include/moveit/macros/class_forward.h:39[m[K,
[2.592s]                  from [01m[K/opt/ros/foxy/include/moveit/move_group_interface/move_group_interface.h:40[m[K,
[2.592s]                  from [01m[K/home/d-lab/workspace/ros_ur_driver/src/move_arm/src/move_to_point.cpp:38[m[K:
[2.592s] [01m[K/usr/include/c++/9/bits/basic_string.h:6419:5:[m[K [01;36m[Knote: [m[Kcandidate: ‘[01m[Ktemplate<class _CharT, class _Traits, class _Alloc> std::basic_ostream<_CharT, _Traits>& std::operator<<(std::basic_ostream<_CharT, _Traits>&, const std::__cxx11::basic_string<_CharT, _Traits, _Alloc>&)[m[K’
[2.593s]  6419 |     [01;36m[Koperator[m[K<<(basic_ostream<_CharT, _Traits>& __os,
[2.593s]       |     [01;36m[K^~~~~~~~[m[K
[2.594s] [01m[K/usr/include/c++/9/bits/basic_string.h:6419:5:[m[K [01;36m[Knote: [m[K  template argument deduction/substitution failed:
[2.595s] [01m[K/home/d-lab/workspace/ros_ur_driver/src/move_arm/src/move_to_point.cpp:94:49:[m[K [01;36m[Knote: [m[K  ‘[01m[Kstd::vector<double>[m[K’ is not derived from ‘[01m[Kconst std::__cxx11::basic_string<_CharT, _Traits, _Alloc>[m[K’
[2.595s]    94 |   std::cout << move_group.getCurrentJointValues([01;36m[K)[m[K << std::endl;
[2.595s]       |                                                 [01;36m[K^[m[K
[2.596s] In file included from [01m[K/usr/include/c++/9/memory:81[m[K,
[2.596s]                  from [01m[K/opt/ros/foxy/include/moveit/macros/declare_ptr.h:37[m[K,
[2.596s]                  from [01m[K/opt/ros/foxy/include/moveit/macros/class_forward.h:39[m[K,
[2.596s]                  from [01m[K/opt/ros/foxy/include/moveit/move_group_interface/move_group_interface.h:40[m[K,
[2.598s]                  from [01m[K/home/d-lab/workspace/ros_ur_driver/src/move_arm/src/move_to_point.cpp:38[m[K:
[2.598s] [01m[K/usr/include/c++/9/bits/shared_ptr.h:66:5:[m[K [01;36m[Knote: [m[Kcandidate: ‘[01m[Ktemplate<class _Ch, class _Tr, class _Tp, __gnu_cxx::_Lock_policy _Lp> std::basic_ostream<_CharT, _Traits>& std::operator<<(std::basic_ostream<_CharT, _Traits>&, const std::__shared_ptr<_Tp, _Lp>&)[m[K’
[2.602s]    66 |     [01;36m[Koperator[m[K<<(std::basic_ostream<_Ch, _Tr>& __os,
[2.602s]       |     [01;36m[K^~~~~~~~[m[K
[2.602s] [01m[K/usr/include/c++/9/bits/shared_ptr.h:66:5:[m[K [01;36m[Knote: [m[K  template argument deduction/substitution failed:
[2.603s] [01m[K/home/d-lab/workspace/ros_ur_driver/src/move_arm/src/move_to_point.cpp:94:49:[m[K [01;36m[Knote: [m[K  ‘[01m[Kstd::vector<double>[m[K’ is not derived from ‘[01m[Kconst std::__shared_ptr<_Tp, _Lp>[m[K’
[2.603s]    94 |   std::cout << move_group.getCurrentJointValues([01;36m[K)[m[K << std::endl;
[2.603s]       |                                                 [01;36m[K^[m[K
[2.603s] In file included from [01m[K/usr/include/c++/9/bits/ios_base.h:46[m[K,
[2.603s]                  from [01m[K/usr/include/c++/9/ios:42[m[K,
[2.603s]                  from [01m[K/usr/include/c++/9/ostream:38[m[K,
[2.603s]                  from [01m[K/usr/include/c++/9/iostream:39[m[K,
[2.603s]                  from [01m[K/usr/include/tinyxml.h:52[m[K,
[2.604s]                  from [01m[K/opt/ros/foxy/include/urdf/model.h:42[m[K,
[2.604s]                  from [01m[K/opt/ros/foxy/include/srdfdom/model.h:44[m[K,
[2.604s]                  from [01m[K/opt/ros/foxy/include/moveit/robot_model/robot_model.h:42[m[K,
[2.605s]                  from [01m[K/opt/ros/foxy/include/moveit/robot_state/robot_state.h:40[m[K,
[2.605s]                  from [01m[K/opt/ros/foxy/include/moveit/move_group_interface/move_group_interface.h:41[m[K,
[2.605s]                  from [01m[K/home/d-lab/workspace/ros_ur_driver/src/move_arm/src/move_to_point.cpp:38[m[K:
[2.605s] [01m[K/usr/include/c++/9/system_error:217:5:[m[K [01;36m[Knote: [m[Kcandidate: ‘[01m[Ktemplate<class _CharT, class _Traits> std::basic_ostream<_CharT, _Traits>& std::operator<<(std::basic_ostream<_CharT, _Traits>&, const std::error_code&)[m[K’
[2.605s]   217 |     [01;36m[Koperator[m[K<<(basic_ostream<_CharT, _Traits>& __os, const error_code& __e)
[2.606s]       |     [01;36m[K^~~~~~~~[m[K
[2.606s] [01m[K/usr/include/c++/9/system_error:217:5:[m[K [01;36m[Knote: [m[K  template argument deduction/substitution failed:
[2.606s] [01m[K/home/d-lab/workspace/ros_ur_driver/src/move_arm/src/move_to_point.cpp:94:48:[m[K [01;36m[Knote: [m[K  cannot convert ‘[01m[Kmoveit::planning_interface::MoveGroupInterface::getCurrentJointValues() const()[m[K’ (type ‘[01m[Kstd::vector<double>[m[K’) to type ‘[01m[Kconst std::error_code&[m[K’
[2.606s]    94 |   std::cout << [01;36m[Kmove_group.getCurrentJointValues()[m[K << std::endl;
[2.606s]       |                [01;36m[K~~~~~~~~~~~~~~~~~~~~~~~~~~~~~~~~^~[m[K
[2.607s] In file included from [01m[K/usr/include/c++/9/iostream:39[m[K,
[2.607s]                  from [01m[K/usr/include/tinyxml.h:52[m[K,
[2.607s]                  from [01m[K/opt/ros/foxy/include/urdf/model.h:42[m[K,
[2.607s]                  from [01m[K/opt/ros/foxy/include/srdfdom/model.h:44[m[K,
[2.607s]                  from [01m[K/opt/ros/foxy/include/moveit/robot_model/robot_model.h:42[m[K,
[2.608s]                  from [01m[K/opt/ros/foxy/include/moveit/robot_state/robot_state.h:40[m[K,
[2.608s]                  from [01m[K/opt/ros/foxy/include/moveit/move_group_interface/move_group_interface.h:41[m[K,
[2.608s]                  from [01m[K/home/d-lab/workspace/ros_ur_driver/src/move_arm/src/move_to_point.cpp:38[m[K:
[2.608s] [01m[K/usr/include/c++/9/ostream:506:5:[m[K [01;36m[Knote: [m[Kcandidate: ‘[01m[Ktemplate<class _CharT, class _Traits> std::basic_ostream<_CharT, _Traits>& std::operator<<(std::basic_ostream<_CharT, _Traits>&, _CharT)[m[K’
[2.608s]   506 |     [01;36m[Koperator[m[K<<(basic_ostream<_CharT, _Traits>& __out, _CharT __c)
[2.608s]       |     [01;36m[K^~~~~~~~[m[K
[2.609s] [01m[K/usr/include/c++/9/ostream:506:5:[m[K [01;36m[Knote: [m[K  template argument deduction/substitution failed:
[2.609s] [01m[K/home/d-lab/workspace/ros_ur_driver/src/move_arm/src/move_to_point.cpp:94:49:[m[K [01;36m[Knote: [m[K  deduced conflicting types for parameter ‘[01m[K_CharT[m[K’ (‘[01m[Kchar[m[K’ and ‘[01m[Kstd::vector<double>[m[K’)
[2.610s]    94 |   std::cout << move_group.getCurrentJointValues([01;36m[K)[m[K << std::endl;
[2.610s]       |                                                 [01;36m[K^[m[K
[2.610s] In file included from [01m[K/usr/include/c++/9/iostream:39[m[K,
[2.610s]                  from [01m[K/usr/include/tinyxml.h:52[m[K,
[2.611s]                  from [01m[K/opt/ros/foxy/include/urdf/model.h:42[m[K,
[2.611s]                  from [01m[K/opt/ros/foxy/include/srdfdom/model.h:44[m[K,
[2.611s]                  from [01m[K/opt/ros/foxy/include/moveit/robot_model/robot_model.h:42[m[K,
[2.611s]                  from [01m[K/opt/ros/foxy/include/moveit/robot_state/robot_state.h:40[m[K,
[2.611s]                  from [01m[K/opt/ros/foxy/include/moveit/move_group_interface/move_group_interface.h:41[m[K,
[2.611s]                  from [01m[K/home/d-lab/workspace/ros_ur_driver/src/move_arm/src/move_to_point.cpp:38[m[K:
[2.612s] [01m[K/usr/include/c++/9/ostream:511:5:[m[K [01;36m[Knote: [m[Kcandidate: ‘[01m[Ktemplate<class _CharT, class _Traits> std::basic_ostream<_CharT, _Traits>& std::operator<<(std::basic_ostream<_CharT, _Traits>&, char)[m[K’
[2.612s]   511 |     [01;36m[Koperator[m[K<<(basic_ostream<_CharT, _Traits>& __out, char __c)
[2.612s]       |     [01;36m[K^~~~~~~~[m[K
[2.612s] [01m[K/usr/include/c++/9/ostream:511:5:[m[K [01;36m[Knote: [m[K  template argument deduction/substitution failed:
[2.613s] [01m[K/home/d-lab/workspace/ros_ur_driver/src/move_arm/src/move_to_point.cpp:94:48:[m[K [01;36m[Knote: [m[K  cannot convert ‘[01m[Kmoveit::planning_interface::MoveGroupInterface::getCurrentJointValues() const()[m[K’ (type ‘[01m[Kstd::vector<double>[m[K’) to type ‘[01m[Kchar[m[K’
[2.613s]    94 |   std::cout << [01;36m[Kmove_group.getCurrentJointValues()[m[K << std::endl;
[2.613s]       |                [01;36m[K~~~~~~~~~~~~~~~~~~~~~~~~~~~~~~~~^~[m[K
[2.613s] In file included from [01m[K/usr/include/c++/9/iostream:39[m[K,
[2.613s]                  from [01m[K/usr/include/tinyxml.h:52[m[K,
[2.613s]                  from [01m[K/opt/ros/foxy/include/urdf/model.h:42[m[K,
[2.614s]                  from [01m[K/opt/ros/foxy/include/srdfdom/model.h:44[m[K,
[2.614s]                  from [01m[K/opt/ros/foxy/include/moveit/robot_model/robot_model.h:42[m[K,
[2.614s]                  from [01m[K/opt/ros/foxy/include/moveit/robot_state/robot_state.h:40[m[K,
[2.614s]                  from [01m[K/opt/ros/foxy/include/moveit/move_group_interface/move_group_interface.h:41[m[K,
[2.614s]                  from [01m[K/home/d-lab/workspace/ros_ur_driver/src/move_arm/src/move_to_point.cpp:38[m[K:
[2.614s] [01m[K/usr/include/c++/9/ostream:517:5:[m[K [01;36m[Knote: [m[Kcandidate: ‘[01m[Ktemplate<class _Traits> std::basic_ostream<char, _Traits>& std::operator<<(std::basic_ostream<char, _Traits>&, char)[m[K’
[2.614s]   517 |     [01;36m[Koperator[m[K<<(basic_ostream<char, _Traits>& __out, char __c)
[2.614s]       |     [01;36m[K^~~~~~~~[m[K
[2.614s] [01m[K/usr/include/c++/9/ostream:517:5:[m[K [01;36m[Knote: [m[K  template argument deduction/substitution failed:
[2.614s] [01m[K/home/d-lab/workspace/ros_ur_driver/src/move_arm/src/move_to_point.cpp:94:48:[m[K [01;36m[Knote: [m[K  cannot convert ‘[01m[Kmoveit::planning_interface::MoveGroupInterface::getCurrentJointValues() const()[m[K’ (type ‘[01m[Kstd::vector<double>[m[K’) to type ‘[01m[Kchar[m[K’
[2.614s]    94 |   std::cout << [01;36m[Kmove_group.getCurrentJointValues()[m[K << std::endl;
[2.615s]       |                [01;36m[K~~~~~~~~~~~~~~~~~~~~~~~~~~~~~~~~^~[m[K
[2.615s] In file included from [01m[K/usr/include/c++/9/iostream:39[m[K,
[2.615s]                  from [01m[K/usr/include/tinyxml.h:52[m[K,
[2.615s]                  from [01m[K/opt/ros/foxy/include/urdf/model.h:42[m[K,
[2.615s]                  from [01m[K/opt/ros/foxy/include/srdfdom/model.h:44[m[K,
[2.616s]                  from [01m[K/opt/ros/foxy/include/moveit/robot_model/robot_model.h:42[m[K,
[2.616s]                  from [01m[K/opt/ros/foxy/include/moveit/robot_state/robot_state.h:40[m[K,
[2.616s]                  from [01m[K/opt/ros/foxy/include/moveit/move_group_interface/move_group_interface.h:41[m[K,
[2.616s]                  from [01m[K/home/d-lab/workspace/ros_ur_driver/src/move_arm/src/move_to_point.cpp:38[m[K:
[2.617s] [01m[K/usr/include/c++/9/ostream:523:5:[m[K [01;36m[Knote: [m[Kcandidate: ‘[01m[Ktemplate<class _Traits> std::basic_ostream<char, _Traits>& std::operator<<(std::basic_ostream<char, _Traits>&, signed char)[m[K’
[2.617s]   523 |     [01;36m[Koperator[m[K<<(basic_ostream<char, _Traits>& __out, signed char __c)
[2.617s]       |     [01;36m[K^~~~~~~~[m[K
[2.617s] [01m[K/usr/include/c++/9/ostream:523:5:[m[K [01;36m[Knote: [m[K  template argument deduction/substitution failed:
[2.617s] [01m[K/home/d-lab/workspace/ros_ur_driver/src/move_arm/src/move_to_point.cpp:94:48:[m[K [01;36m[Knote: [m[K  cannot convert ‘[01m[Kmoveit::planning_interface::MoveGroupInterface::getCurrentJointValues() const()[m[K’ (type ‘[01m[Kstd::vector<double>[m[K’) to type ‘[01m[Ksigned char[m[K’
[2.617s]    94 |   std::cout << [01;36m[Kmove_group.getCurrentJointValues()[m[K << std::endl;
[2.617s]       |                [01;36m[K~~~~~~~~~~~~~~~~~~~~~~~~~~~~~~~~^~[m[K
[2.618s] In file included from [01m[K/usr/include/c++/9/iostream:39[m[K,
[2.618s]                  from [01m[K/usr/include/tinyxml.h:52[m[K,
[2.619s]                  from [01m[K/opt/ros/foxy/include/urdf/model.h:42[m[K,
[2.619s]                  from [01m[K/opt/ros/foxy/include/srdfdom/model.h:44[m[K,
[2.619s]                  from [01m[K/opt/ros/foxy/include/moveit/robot_model/robot_model.h:42[m[K,
[2.619s]                  from [01m[K/opt/ros/foxy/include/moveit/robot_state/robot_state.h:40[m[K,
[2.619s]                  from [01m[K/opt/ros/foxy/include/moveit/move_group_interface/move_group_interface.h:41[m[K,
[2.620s]                  from [01m[K/home/d-lab/workspace/ros_ur_driver/src/move_arm/src/move_to_point.cpp:38[m[K:
[2.620s] [01m[K/usr/include/c++/9/ostream:528:5:[m[K [01;36m[Knote: [m[Kcandidate: ‘[01m[Ktemplate<class _Traits> std::basic_ostream<char, _Traits>& std::operator<<(std::basic_ostream<char, _Traits>&, unsigned char)[m[K’
[2.620s]   528 |     [01;36m[Koperator[m[K<<(basic_ostream<char, _Traits>& __out, unsigned char __c)
[2.620s]       |     [01;36m[K^~~~~~~~[m[K
[2.620s] [01m[K/usr/include/c++/9/ostream:528:5:[m[K [01;36m[Knote: [m[K  template argument deduction/substitution failed:
[2.620s] [01m[K/home/d-lab/workspace/ros_ur_driver/src/move_arm/src/move_to_point.cpp:94:48:[m[K [01;36m[Knote: [m[K  cannot convert ‘[01m[Kmoveit::planning_interface::MoveGroupInterface::getCurrentJointValues() const()[m[K’ (type ‘[01m[Kstd::vector<double>[m[K’) to type ‘[01m[Kunsigned char[m[K’
[2.621s]    94 |   std::cout << [01;36m[Kmove_group.getCurrentJointValues()[m[K << std::endl;
[2.621s]       |                [01;36m[K~~~~~~~~~~~~~~~~~~~~~~~~~~~~~~~~^~[m[K
[2.621s] In file included from [01m[K/usr/include/c++/9/iostream:39[m[K,
[2.621s]                  from [01m[K/usr/include/tinyxml.h:52[m[K,
[2.621s]                  from [01m[K/opt/ros/foxy/include/urdf/model.h:42[m[K,
[2.621s]                  from [01m[K/opt/ros/foxy/include/srdfdom/model.h:44[m[K,
[2.622s]                  from [01m[K/opt/ros/foxy/include/moveit/robot_model/robot_model.h:42[m[K,
[2.622s]                  from [01m[K/opt/ros/foxy/include/moveit/robot_state/robot_state.h:40[m[K,
[2.622s]                  from [01m[K/opt/ros/foxy/include/moveit/move_group_interface/move_group_interface.h:41[m[K,
[2.622s]                  from [01m[K/home/d-lab/workspace/ros_ur_driver/src/move_arm/src/move_to_point.cpp:38[m[K:
[2.622s] [01m[K/usr/include/c++/9/ostream:548:5:[m[K [01;36m[Knote: [m[Kcandidate: ‘[01m[Ktemplate<class _CharT, class _Traits> std::basic_ostream<_CharT, _Traits>& std::operator<<(std::basic_ostream<_CharT, _Traits>&, const _CharT*)[m[K’
[2.623s]   548 |     [01;36m[Koperator[m[K<<(basic_ostream<_CharT, _Traits>& __out, const _CharT* __s)
[2.623s]       |     [01;36m[K^~~~~~~~[m[K
[2.623s] [01m[K/usr/include/c++/9/ostream:548:5:[m[K [01;36m[Knote: [m[K  template argument deduction/substitution failed:
[2.623s] [01m[K/home/d-lab/workspace/ros_ur_driver/src/move_arm/src/move_to_point.cpp:94:49:[m[K [01;36m[Knote: [m[K  mismatched types ‘[01m[Kconst _CharT*[m[K’ and ‘[01m[Kstd::vector<double>[m[K’
[2.623s]    94 |   std::cout << move_group.getCurrentJointValues([01;36m[K)[m[K << std::endl;
[2.623s]       |                                                 [01;36m[K^[m[K
[2.623s] In file included from [01m[K/usr/include/c++/9/ostream:702[m[K,
[2.623s]                  from [01m[K/usr/include/c++/9/iostream:39[m[K,
[2.623s]                  from [01m[K/usr/include/tinyxml.h:52[m[K,
[2.624s]                  from [01m[K/opt/ros/foxy/include/urdf/model.h:42[m[K,
[2.624s]                  from [01m[K/opt/ros/foxy/include/srdfdom/model.h:44[m[K,
[2.624s]                  from [01m[K/opt/ros/foxy/include/moveit/robot_model/robot_model.h:42[m[K,
[2.624s]                  from [01m[K/opt/ros/foxy/include/moveit/robot_state/robot_state.h:40[m[K,
[2.624s]                  from [01m[K/opt/ros/foxy/include/moveit/move_group_interface/move_group_interface.h:41[m[K,
[2.624s]                  from [01m[K/home/d-lab/workspace/ros_ur_driver/src/move_arm/src/move_to_point.cpp:38[m[K:
[2.624s] [01m[K/usr/include/c++/9/bits/ostream.tcc:321:5:[m[K [01;36m[Knote: [m[Kcandidate: ‘[01m[Ktemplate<class _CharT, class _Traits> std::basic_ostream<_CharT, _Traits>& std::operator<<(std::basic_ostream<_CharT, _Traits>&, const char*)[m[K’
[2.624s]   321 |     [01;36m[Koperator[m[K<<(basic_ostream<_CharT, _Traits>& __out, const char* __s)
[2.624s]       |     [01;36m[K^~~~~~~~[m[K
[2.624s] [01m[K/usr/include/c++/9/bits/ostream.tcc:321:5:[m[K [01;36m[Knote: [m[K  template argument deduction/substitution failed:
[2.624s] [01m[K/home/d-lab/workspace/ros_ur_driver/src/move_arm/src/move_to_point.cpp:94:48:[m[K [01;36m[Knote: [m[K  cannot convert ‘[01m[Kmoveit::planning_interface::MoveGroupInterface::getCurrentJointValues() const()[m[K’ (type ‘[01m[Kstd::vector<double>[m[K’) to type ‘[01m[Kconst char*[m[K’
[2.624s]    94 |   std::cout << [01;36m[Kmove_group.getCurrentJointValues()[m[K << std::endl;
[2.624s]       |                [01;36m[K~~~~~~~~~~~~~~~~~~~~~~~~~~~~~~~~^~[m[K
[2.625s] In file included from [01m[K/usr/include/c++/9/iostream:39[m[K,
[2.625s]                  from [01m[K/usr/include/tinyxml.h:52[m[K,
[2.625s]                  from [01m[K/opt/ros/foxy/include/urdf/model.h:42[m[K,
[2.625s]                  from [01m[K/opt/ros/foxy/include/srdfdom/model.h:44[m[K,
[2.625s]                  from [01m[K/opt/ros/foxy/include/moveit/robot_model/robot_model.h:42[m[K,
[2.625s]                  from [01m[K/opt/ros/foxy/include/moveit/robot_state/robot_state.h:40[m[K,
[2.625s]                  from [01m[K/opt/ros/foxy/include/moveit/move_group_interface/move_group_interface.h:41[m[K,
[2.625s]                  from [01m[K/home/d-lab/workspace/ros_ur_driver/src/move_arm/src/move_to_point.cpp:38[m[K:
[2.625s] [01m[K/usr/include/c++/9/ostream:565:5:[m[K [01;36m[Knote: [m[Kcandidate: ‘[01m[Ktemplate<class _Traits> std::basic_ostream<char, _Traits>& std::operator<<(std::basic_ostream<char, _Traits>&, const char*)[m[K’
[2.625s]   565 |     [01;36m[Koperator[m[K<<(basic_ostream<char, _Traits>& __out, const char* __s)
[2.625s]       |     [01;36m[K^~~~~~~~[m[K
[2.625s] [01m[K/usr/include/c++/9/ostream:565:5:[m[K [01;36m[Knote: [m[K  template argument deduction/substitution failed:
[2.626s] [01m[K/home/d-lab/workspace/ros_ur_driver/src/move_arm/src/move_to_point.cpp:94:48:[m[K [01;36m[Knote: [m[K  cannot convert ‘[01m[Kmoveit::planning_interface::MoveGroupInterface::getCurrentJointValues() const()[m[K’ (type ‘[01m[Kstd::vector<double>[m[K’) to type ‘[01m[Kconst char*[m[K’
[2.626s]    94 |   std::cout << [01;36m[Kmove_group.getCurrentJointValues()[m[K << std::endl;
[2.626s]       |                [01;36m[K~~~~~~~~~~~~~~~~~~~~~~~~~~~~~~~~^~[m[K
[2.626s] In file included from [01m[K/usr/include/c++/9/iostream:39[m[K,
[2.626s]                  from [01m[K/usr/include/tinyxml.h:52[m[K,
[2.626s]                  from [01m[K/opt/ros/foxy/include/urdf/model.h:42[m[K,
[2.626s]                  from [01m[K/opt/ros/foxy/include/srdfdom/model.h:44[m[K,
[2.626s]                  from [01m[K/opt/ros/foxy/include/moveit/robot_model/robot_model.h:42[m[K,
[2.626s]                  from [01m[K/opt/ros/foxy/include/moveit/robot_state/robot_state.h:40[m[K,
[2.626s]                  from [01m[K/opt/ros/foxy/include/moveit/move_group_interface/move_group_interface.h:41[m[K,
[2.626s]                  from [01m[K/home/d-lab/workspace/ros_ur_driver/src/move_arm/src/move_to_point.cpp:38[m[K:
[2.626s] [01m[K/usr/include/c++/9/ostream:578:5:[m[K [01;36m[Knote: [m[Kcandidate: ‘[01m[Ktemplate<class _Traits> std::basic_ostream<char, _Traits>& std::operator<<(std::basic_ostream<char, _Traits>&, const signed char*)[m[K’
[2.626s]   578 |     [01;36m[Koperator[m[K<<(basic_ostream<char, _Traits>& __out, const signed char* __s)
[2.627s]       |     [01;36m[K^~~~~~~~[m[K
[2.627s] [01m[K/usr/include/c++/9/ostream:578:5:[m[K [01;36m[Knote: [m[K  template argument deduction/substitution failed:
[2.627s] [01m[K/home/d-lab/workspace/ros_ur_driver/src/move_arm/src/move_to_point.cpp:94:48:[m[K [01;36m[Knote: [m[K  cannot convert ‘[01m[Kmoveit::planning_interface::MoveGroupInterface::getCurrentJointValues() const()[m[K’ (type ‘[01m[Kstd::vector<double>[m[K’) to type ‘[01m[Kconst signed char*[m[K’
[2.627s]    94 |   std::cout << [01;36m[Kmove_group.getCurrentJointValues()[m[K << std::endl;
[2.627s]       |                [01;36m[K~~~~~~~~~~~~~~~~~~~~~~~~~~~~~~~~^~[m[K
[2.627s] In file included from [01m[K/usr/include/c++/9/iostream:39[m[K,
[2.627s]                  from [01m[K/usr/include/tinyxml.h:52[m[K,
[2.627s]                  from [01m[K/opt/ros/foxy/include/urdf/model.h:42[m[K,
[2.627s]                  from [01m[K/opt/ros/foxy/include/srdfdom/model.h:44[m[K,
[2.627s]                  from [01m[K/opt/ros/foxy/include/moveit/robot_model/robot_model.h:42[m[K,
[2.627s]                  from [01m[K/opt/ros/foxy/include/moveit/robot_state/robot_state.h:40[m[K,
[2.627s]                  from [01m[K/opt/ros/foxy/include/moveit/move_group_interface/move_group_interface.h:41[m[K,
[2.627s]                  from [01m[K/home/d-lab/workspace/ros_ur_driver/src/move_arm/src/move_to_point.cpp:38[m[K:
[2.628s] [01m[K/usr/include/c++/9/ostream:583:5:[m[K [01;36m[Knote: [m[Kcandidate: ‘[01m[Ktemplate<class _Traits> std::basic_ostream<char, _Traits>& std::operator<<(std::basic_ostream<char, _Traits>&, const unsigned char*)[m[K’
[2.628s]   583 |     [01;36m[Koperator[m[K<<(basic_ostream<char, _Traits>& __out, const unsigned char* __s)
[2.628s]       |     [01;36m[K^~~~~~~~[m[K
[2.628s] [01m[K/usr/include/c++/9/ostream:583:5:[m[K [01;36m[Knote: [m[K  template argument deduction/substitution failed:
[2.628s] [01m[K/home/d-lab/workspace/ros_ur_driver/src/move_arm/src/move_to_point.cpp:94:48:[m[K [01;36m[Knote: [m[K  cannot convert ‘[01m[Kmoveit::planning_interface::MoveGroupInterface::getCurrentJointValues() const()[m[K’ (type ‘[01m[Kstd::vector<double>[m[K’) to type ‘[01m[Kconst unsigned char*[m[K’
[2.628s]    94 |   std::cout << [01;36m[Kmove_group.getCurrentJointValues()[m[K << std::endl;
[2.628s]       |                [01;36m[K~~~~~~~~~~~~~~~~~~~~~~~~~~~~~~~~^~[m[K
[2.629s] In file included from [01m[K/usr/include/c++/9/iostream:39[m[K,
[2.629s]                  from [01m[K/usr/include/tinyxml.h:52[m[K,
[2.629s]                  from [01m[K/opt/ros/foxy/include/urdf/model.h:42[m[K,
[2.629s]                  from [01m[K/opt/ros/foxy/include/srdfdom/model.h:44[m[K,
[2.629s]                  from [01m[K/opt/ros/foxy/include/moveit/robot_model/robot_model.h:42[m[K,
[2.629s]                  from [01m[K/opt/ros/foxy/include/moveit/robot_state/robot_state.h:40[m[K,
[2.629s]                  from [01m[K/opt/ros/foxy/include/moveit/move_group_interface/move_group_interface.h:41[m[K,
[2.630s]                  from [01m[K/home/d-lab/workspace/ros_ur_driver/src/move_arm/src/move_to_point.cpp:38[m[K:
[2.630s] [01m[K/usr/include/c++/9/ostream:691:5:[m[K [01;36m[Knote: [m[Kcandidate: ‘[01m[Ktemplate<class _Ostream, class _Tp> typename std::enable_if<std::__and_<std::__not_<std::is_lvalue_reference<_Tp> >, std::__is_convertible_to_basic_ostream<_Ostream>, std::__is_insertable<typename std::__is_convertible_to_basic_ostream<_Tp>::__ostream_type, const _Tp&, void> >::value, typename std::__is_convertible_to_basic_ostream<_Tp>::__ostream_type>::type std::operator<<(_Ostream&&, const _Tp&)[m[K’
[2.630s]   691 |     [01;36m[Koperator[m[K<<(_Ostream&& __os, const _Tp& __x)
[2.630s]       |     [01;36m[K^~~~~~~~[m[K
[2.630s] [01m[K/usr/include/c++/9/ostream:691:5:[m[K [01;36m[Knote: [m[K  template argument deduction/substitution failed:
[2.630s] /usr/include/c++/9/ostream: In substitution of ‘[01m[Ktemplate<class _Ostream, class _Tp> typename std::enable_if<std::__and_<std::__not_<std::is_lvalue_reference<_Tp> >, std::__is_convertible_to_basic_ostream<_Ostream>, std::__is_insertable<typename std::__is_convertible_to_basic_ostream<_Tp>::__ostream_type, const _Tp&, void> >::value, typename std::__is_convertible_to_basic_ostream<_Tp>::__ostream_type>::type std::operator<<(_Ostream&&, const _Tp&) [with _Ostream = std::basic_ostream<char>&; _Tp = std::vector<double>][m[K’:
[2.630s] [01m[K/home/d-lab/workspace/ros_ur_driver/src/move_arm/src/move_to_point.cpp:94:49:[m[K   required from here
[2.631s] [01m[K/usr/include/c++/9/ostream:691:5:[m[K [01;31m[Kerror: [m[Kno type named ‘[01m[Ktype[m[K’ in ‘[01m[Kstruct std::enable_if<false, std::basic_ostream<char>&>[m[K’
[2.631s] In file included from [01m[K/usr/include/eigen3/Eigen/Core:96[m[K,
[2.631s]                  from [01m[K/usr/include/eigen3/Eigen/Geometry:11[m[K,
[2.631s]                  from [01m[K/opt/ros/foxy/include/moveit/robot_model/joint_model.h:46[m[K,
[2.631s]                  from [01m[K/opt/ros/foxy/include/moveit/robot_model/joint_model_group.h:40[m[K,
[2.631s]                  from [01m[K/opt/ros/foxy/include/moveit/robot_model/robot_model.h:45[m[K,
[2.631s]                  from [01m[K/opt/ros/foxy/include/moveit/robot_state/robot_state.h:40[m[K,
[2.631s]                  from [01m[K/opt/ros/foxy/include/moveit/move_group_interface/move_group_interface.h:41[m[K,
[2.631s]                  from [01m[K/home/d-lab/workspace/ros_ur_driver/src/move_arm/src/move_to_point.cpp:38[m[K:
[2.631s] [01m[K/usr/include/c++/9/complex:552:5:[m[K [01;36m[Knote: [m[Kcandidate: ‘[01m[Ktemplate<class _Tp, class _CharT, class _Traits> std::basic_ostream<_CharT, _Traits>& std::operator<<(std::basic_ostream<_CharT, _Traits>&, const std::complex<_Tp>&)[m[K’
[2.631s]   552 |     [01;36m[Koperator[m[K<<(basic_ostream<_CharT, _Traits>& __os, const complex<_Tp>& __x)
[2.632s]       |     [01;36m[K^~~~~~~~[m[K
[2.632s] [01m[K/usr/include/c++/9/complex:552:5:[m[K [01;36m[Knote: [m[K  template argument deduction/substitution failed:
[2.632s] [01m[K/home/d-lab/workspace/ros_ur_driver/src/move_arm/src/move_to_point.cpp:94:49:[m[K [01;36m[Knote: [m[K  ‘[01m[Kstd::vector<double>[m[K’ is not derived from ‘[01m[Kconst std::complex<_Tp>[m[K’
[2.632s]    94 |   std::cout << move_group.getCurrentJointValues([01;36m[K)[m[K << std::endl;
[2.632s]       |                                                 [01;36m[K^[m[K
[2.632s] In file included from [01m[K/usr/include/c++/9/future:39[m[K,
[2.632s]                  from [01m[K/opt/ros/foxy/include/rclcpp/executors.hpp:18[m[K,
[2.632s]                  from [01m[K/opt/ros/foxy/include/rclcpp/rclcpp.hpp:146[m[K,
[2.632s]                  from [01m[K/opt/ros/foxy/include/moveit/kinematics_base/kinematics_base.h:42[m[K,
[2.632s]                  from [01m[K/opt/ros/foxy/include/moveit/robot_model/joint_model_group.h:42[m[K,
[2.632s]                  from [01m[K/opt/ros/foxy/include/moveit/robot_model/robot_model.h:45[m[K,
[2.632s]                  from [01m[K/opt/ros/foxy/include/moveit/robot_state/robot_state.h:40[m[K,
[2.632s]                  from [01m[K/opt/ros/foxy/include/moveit/move_group_interface/move_group_interface.h:41[m[K,
[2.632s]                  from [01m[K/home/d-lab/workspace/ros_ur_driver/src/move_arm/src/move_to_point.cpp:38[m[K:
[2.633s] [01m[K/usr/include/c++/9/thread:322:5:[m[K [01;36m[Knote: [m[Kcandidate: ‘[01m[Ktemplate<class _CharT, class _Traits> std::basic_ostream<_CharT, _Traits>& std::operator<<(std::basic_ostream<_CharT, _Traits>&, std::thread::id)[m[K’
[2.633s]   322 |     [01;36m[Koperator[m[K<<(basic_ostream<_CharT, _Traits>& __out, thread::id __id)
[2.633s]       |     [01;36m[K^~~~~~~~[m[K
[2.633s] [01m[K/usr/include/c++/9/thread:322:5:[m[K [01;36m[Knote: [m[K  template argument deduction/substitution failed:
[2.633s] [01m[K/home/d-lab/workspace/ros_ur_driver/src/move_arm/src/move_to_point.cpp:94:48:[m[K [01;36m[Knote: [m[K  cannot convert ‘[01m[Kmoveit::planning_interface::MoveGroupInterface::getCurrentJointValues() const()[m[K’ (type ‘[01m[Kstd::vector<double>[m[K’) to type ‘[01m[Kstd::thread::id[m[K’
[2.633s]    94 |   std::cout << [01;36m[Kmove_group.getCurrentJointValues()[m[K << std::endl;
[2.633s]       |                [01;36m[K~~~~~~~~~~~~~~~~~~~~~~~~~~~~~~~~^~[m[K
[2.633s] [01m[K/home/d-lab/workspace/ros_ur_driver/src/move_arm/src/move_to_point.cpp:91:40:[m[K [01;35m[Kwarning: [m[Kunused variable ‘[01m[Kjoint_model_group[m[K’ [[01;35m[K-Wunused-variable[m[K]
[2.633s]    91 |   const moveit::core::JointModelGroup* [01;35m[Kjoint_model_group[m[K =
[2.635s]       |                                        [01;35m[K^~~~~~~~~~~~~~~~~[m[K
[4.105s] make[2]: *** [CMakeFiles/move_to_point.dir/build.make:63: CMakeFiles/move_to_point.dir/src/move_to_point.cpp.o] Error 1
[4.105s] make[1]: *** [CMakeFiles/Makefile2:78: CMakeFiles/move_to_point.dir/all] Error 2
[4.105s] make: *** [Makefile:141: all] Error 2
[4.107s] Invoked command in '/home/d-lab/workspace/ros_ur_driver/build/move_arm' returned '2': CMAKE_PREFIX_PATH=${CMAKE_PREFIX_PATH}:/home/d-lab/workspace/ros_ur_driver/install/utils:/home/d-lab/workspace/ros_ur_driver/install/ros2controlcli:/home/d-lab/workspace/ros_ur_driver/install/ros2_control_test_nodes:/home/d-lab/workspace/ros_ur_driver/install/robotiq_control:/home/d-lab/workspace/ros_ur_driver/install/gripper_control:/opt/ros/foxy /usr/bin/cmake --build /home/d-lab/workspace/ros_ur_driver/build/move_arm -- -j16 -l16
