[1.587s] Invoking command in '/home/d-lab/workspace/ros_ur_driver/src/robotiq/robotiq_control': PYTHONPATH=/home/d-lab/workspace/ros_ur_driver/build/robotiq_control/prefix_override:/home/d-lab/workspace/ros_ur_driver/install/robotiq_control/lib/python3.8/site-packages:${PYTHONPATH} /usr/bin/python3 setup.py egg_info --egg-base ../../../build/robotiq_control build --build-base /home/d-lab/workspace/ros_ur_driver/build/robotiq_control/build install --record /home/d-lab/workspace/ros_ur_driver/build/robotiq_control/install.log --single-version-externally-managed
[2.124s] running egg_info
[2.124s] writing ../../../build/robotiq_control/robotiq_control.egg-info/PKG-INFO
[2.124s] writing dependency_links to ../../../build/robotiq_control/robotiq_control.egg-info/dependency_links.txt
[2.124s] writing entry points to ../../../build/robotiq_control/robotiq_control.egg-info/entry_points.txt
[2.124s] writing requirements to ../../../build/robotiq_control/robotiq_control.egg-info/requires.txt
[2.124s] writing top-level names to ../../../build/robotiq_control/robotiq_control.egg-info/top_level.txt
[2.128s] reading manifest file '../../../build/robotiq_control/robotiq_control.egg-info/SOURCES.txt'
[2.128s] writing manifest file '../../../build/robotiq_control/robotiq_control.egg-info/SOURCES.txt'
[2.128s] running build
[2.128s] running build_py
[2.128s] running install
[2.128s] running install_lib
[2.128s] running install_data
[2.129s] running install_egg_info
[2.129s] removing '/home/d-lab/workspace/ros_ur_driver/install/robotiq_control/lib/python3.8/site-packages/robotiq_control-0.0.0-py3.8.egg-info' (and everything under it)
[2.129s] Copying ../../../build/robotiq_control/robotiq_control.egg-info to /home/d-lab/workspace/ros_ur_driver/install/robotiq_control/lib/python3.8/site-packages/robotiq_control-0.0.0-py3.8.egg-info
[2.129s] running install_scripts
[2.129s] Installing gripper script to /home/d-lab/workspace/ros_ur_driver/install/robotiq_control/bin
[2.129s] writing list of installed files to '/home/d-lab/workspace/ros_ur_driver/build/robotiq_control/install.log'
[2.132s] Invoked command in '/home/d-lab/workspace/ros_ur_driver/src/robotiq/robotiq_control' returned '0': PYTHONPATH=/home/d-lab/workspace/ros_ur_driver/build/robotiq_control/prefix_override:/home/d-lab/workspace/ros_ur_driver/install/robotiq_control/lib/python3.8/site-packages:${PYTHONPATH} /usr/bin/python3 setup.py egg_info --egg-base ../../../build/robotiq_control build --build-base /home/d-lab/workspace/ros_ur_driver/build/robotiq_control/build install --record /home/d-lab/workspace/ros_ur_driver/build/robotiq_control/install.log --single-version-externally-managed
