[0.068s] Invoking command in '/home/d-lab/workspace/ros_ur_driver/build/eigen3_cmake_module': CMAKE_PREFIX_PATH=/opt/ros/foxy /usr/bin/cmake --build /home/d-lab/workspace/ros_ur_driver/build/eigen3_cmake_module -- -j16 -l16
[0.504s] Invoked command in '/home/d-lab/workspace/ros_ur_driver/build/eigen3_cmake_module' returned '0': CMAKE_PREFIX_PATH=/opt/ros/foxy /usr/bin/cmake --build /home/d-lab/workspace/ros_ur_driver/build/eigen3_cmake_module -- -j16 -l16
[0.544s] Invoking command in '/home/d-lab/workspace/ros_ur_driver/build/eigen3_cmake_module': CMAKE_PREFIX_PATH=/opt/ros/foxy /usr/bin/cmake --install /home/d-lab/workspace/ros_ur_driver/build/eigen3_cmake_module
[0.555s] -- Install configuration: "Release"
[0.556s] -- Up-to-date: /home/d-lab/workspace/ros_ur_driver/install/eigen3_cmake_module/share/ament_index/resource_index/package_run_dependencies/eigen3_cmake_module
[0.556s] -- Up-to-date: /home/d-lab/workspace/ros_ur_driver/install/eigen3_cmake_module/share/ament_index/resource_index/parent_prefix_path/eigen3_cmake_module
[0.558s] -- Up-to-date: /home/d-lab/workspace/ros_ur_driver/install/eigen3_cmake_module/share/eigen3_cmake_module/environment/ament_prefix_path.sh
[0.559s] -- Up-to-date: /home/d-lab/workspace/ros_ur_driver/install/eigen3_cmake_module/share/eigen3_cmake_module/environment/ament_prefix_path.dsv
[0.559s] -- Up-to-date: /home/d-lab/workspace/ros_ur_driver/install/eigen3_cmake_module/share/eigen3_cmake_module/environment/path.sh
[0.560s] -- Up-to-date: /home/d-lab/workspace/ros_ur_driver/install/eigen3_cmake_module/share/eigen3_cmake_module/environment/path.dsv
[0.560s] -- Up-to-date: /home/d-lab/workspace/ros_ur_driver/install/eigen3_cmake_module/share/eigen3_cmake_module/local_setup.bash
[0.561s] -- Up-to-date: /home/d-lab/workspace/ros_ur_driver/install/eigen3_cmake_module/share/eigen3_cmake_module/local_setup.sh
[0.561s] -- Up-to-date: /home/d-lab/workspace/ros_ur_driver/install/eigen3_cmake_module/share/eigen3_cmake_module/local_setup.zsh
[0.561s] -- Up-to-date: /home/d-lab/workspace/ros_ur_driver/install/eigen3_cmake_module/share/eigen3_cmake_module/local_setup.dsv
[0.562s] -- Installing: /home/d-lab/workspace/ros_ur_driver/install/eigen3_cmake_module/share/eigen3_cmake_module/package.dsv
[0.562s] -- Up-to-date: /home/d-lab/workspace/ros_ur_driver/install/eigen3_cmake_module/share/ament_index/resource_index/packages/eigen3_cmake_module
[0.562s] -- Up-to-date: /home/d-lab/workspace/ros_ur_driver/install/eigen3_cmake_module/share/eigen3_cmake_module/cmake/eigen3_cmake_module-extras.cmake
[0.562s] -- Up-to-date: /home/d-lab/workspace/ros_ur_driver/install/eigen3_cmake_module/share/eigen3_cmake_module/cmake/eigen3_cmake_moduleConfig.cmake
[0.562s] -- Up-to-date: /home/d-lab/workspace/ros_ur_driver/install/eigen3_cmake_module/share/eigen3_cmake_module/cmake/eigen3_cmake_moduleConfig-version.cmake
[0.562s] -- Up-to-date: /home/d-lab/workspace/ros_ur_driver/install/eigen3_cmake_module/share/eigen3_cmake_module/package.xml
[0.563s] -- Up-to-date: /home/d-lab/workspace/ros_ur_driver/install/eigen3_cmake_module/share/eigen3_cmake_module/cmake
[0.563s] -- Up-to-date: /home/d-lab/workspace/ros_ur_driver/install/eigen3_cmake_module/share/eigen3_cmake_module/cmake/Modules
[0.563s] -- Up-to-date: /home/d-lab/workspace/ros_ur_driver/install/eigen3_cmake_module/share/eigen3_cmake_module/cmake/Modules/FindEigen3.cmake
[0.583s] Invoked command in '/home/d-lab/workspace/ros_ur_driver/build/eigen3_cmake_module' returned '0': CMAKE_PREFIX_PATH=/opt/ros/foxy /usr/bin/cmake --install /home/d-lab/workspace/ros_ur_driver/build/eigen3_cmake_module
