[0.293s] Invoking command in '/home/d-lab/workspace/ros_ur_driver/build/rrbot_description': CMAKE_PREFIX_PATH=${CMAKE_PREFIX_PATH}:/home/d-lab/workspace/ros_ur_driver/install/utils:/home/d-lab/workspace/ros_ur_driver/install/ros2controlcli:/home/d-lab/workspace/ros_ur_driver/install/ros2_control_test_nodes:/home/d-lab/workspace/ros_ur_driver/install/robotiq_control:/home/d-lab/workspace/ros_ur_driver/install/gripper_control:/opt/ros/foxy /usr/bin/cmake --build /home/d-lab/workspace/ros_ur_driver/build/rrbot_description -- -j16 -l16
[0.594s] Invoked command in '/home/d-lab/workspace/ros_ur_driver/build/rrbot_description' returned '0': CMAKE_PREFIX_PATH=${CMAKE_PREFIX_PATH}:/home/d-lab/workspace/ros_ur_driver/install/utils:/home/d-lab/workspace/ros_ur_driver/install/ros2controlcli:/home/d-lab/workspace/ros_ur_driver/install/ros2_control_test_nodes:/home/d-lab/workspace/ros_ur_driver/install/robotiq_control:/home/d-lab/workspace/ros_ur_driver/install/gripper_control:/opt/ros/foxy /usr/bin/cmake --build /home/d-lab/workspace/ros_ur_driver/build/rrbot_description -- -j16 -l16
[0.659s] Invoking command in '/home/d-lab/workspace/ros_ur_driver/build/rrbot_description': CMAKE_PREFIX_PATH=${CMAKE_PREFIX_PATH}:/home/d-lab/workspace/ros_ur_driver/install/utils:/home/d-lab/workspace/ros_ur_driver/install/ros2controlcli:/home/d-lab/workspace/ros_ur_driver/install/ros2_control_test_nodes:/home/d-lab/workspace/ros_ur_driver/install/robotiq_control:/home/d-lab/workspace/ros_ur_driver/install/gripper_control:/opt/ros/foxy /usr/bin/cmake --install /home/d-lab/workspace/ros_ur_driver/build/rrbot_description
[0.694s] -- Install configuration: "Release"
[0.694s] -- Up-to-date: /home/d-lab/workspace/ros_ur_driver/install/rrbot_description/share/rrbot_description/config
[0.694s] -- Up-to-date: /home/d-lab/workspace/ros_ur_driver/install/rrbot_description/share/rrbot_description/config/rrbot.rviz
[0.694s] -- Up-to-date: /home/d-lab/workspace/ros_ur_driver/install/rrbot_description/share/rrbot_description/gazebo
[0.695s] -- Up-to-date: /home/d-lab/workspace/ros_ur_driver/install/rrbot_description/share/rrbot_description/gazebo/rrbot.materials.xacro
[0.695s] -- Up-to-date: /home/d-lab/workspace/ros_ur_driver/install/rrbot_description/share/rrbot_description/gazebo/rrbot.gazebo.xacro
[0.695s] -- Up-to-date: /home/d-lab/workspace/ros_ur_driver/install/rrbot_description/share/rrbot_description/meshes
[0.696s] -- Up-to-date: /home/d-lab/workspace/ros_ur_driver/install/rrbot_description/share/rrbot_description/meshes/hokuyo.dae
[0.696s] -- Up-to-date: /home/d-lab/workspace/ros_ur_driver/install/rrbot_description/share/rrbot_description/launch
[0.697s] -- Up-to-date: /home/d-lab/workspace/ros_ur_driver/install/rrbot_description/share/rrbot_description/launch/view_robot.launch.py
[0.698s] -- Up-to-date: /home/d-lab/workspace/ros_ur_driver/install/rrbot_description/share/rrbot_description/ros2_control
[0.699s] -- Up-to-date: /home/d-lab/workspace/ros_ur_driver/install/rrbot_description/share/rrbot_description/ros2_control/rrbot_system_multi_interface.ros2_control.xacro
[0.699s] -- Up-to-date: /home/d-lab/workspace/ros_ur_driver/install/rrbot_description/share/rrbot_description/ros2_control/rrbot.ros2_control.xacro
[0.700s] -- Up-to-date: /home/d-lab/workspace/ros_ur_driver/install/rrbot_description/share/rrbot_description/ros2_control/rrbot_system_position_only.ros2_control.xacro
[0.700s] -- Up-to-date: /home/d-lab/workspace/ros_ur_driver/install/rrbot_description/share/rrbot_description/ros2_control/rrbot_system_with_sensor.ros2_control.xacro
[0.700s] -- Up-to-date: /home/d-lab/workspace/ros_ur_driver/install/rrbot_description/share/rrbot_description/urdf
[0.701s] -- Up-to-date: /home/d-lab/workspace/ros_ur_driver/install/rrbot_description/share/rrbot_description/urdf/rrbot_system_multi_interface.urdf.xacro
[0.701s] -- Up-to-date: /home/d-lab/workspace/ros_ur_driver/install/rrbot_description/share/rrbot_description/urdf/rrbot.urdf.xacro
[0.702s] -- Up-to-date: /home/d-lab/workspace/ros_ur_driver/install/rrbot_description/share/rrbot_description/urdf/rrbot_description.urdf.xacro
[0.702s] -- Up-to-date: /home/d-lab/workspace/ros_ur_driver/install/rrbot_description/share/rrbot_description/urdf/rrbot_system_with_sensor.urdf.xacro
[0.703s] -- Up-to-date: /home/d-lab/workspace/ros_ur_driver/install/rrbot_description/share/rrbot_description/urdf/rrbot_system_position_only.urdf.xacro
[0.703s] -- Up-to-date: /home/d-lab/workspace/ros_ur_driver/install/rrbot_description/share/rrbot_description/environment/rrbot_description.dsv
[0.705s] -- Up-to-date: /home/d-lab/workspace/ros_ur_driver/install/rrbot_description/share/ament_index/resource_index/package_run_dependencies/rrbot_description
[0.705s] -- Up-to-date: /home/d-lab/workspace/ros_ur_driver/install/rrbot_description/share/ament_index/resource_index/parent_prefix_path/rrbot_description
[0.706s] -- Up-to-date: /home/d-lab/workspace/ros_ur_driver/install/rrbot_description/share/rrbot_description/environment/ament_prefix_path.sh
[0.709s] -- Up-to-date: /home/d-lab/workspace/ros_ur_driver/install/rrbot_description/share/rrbot_description/environment/ament_prefix_path.dsv
[0.709s] -- Up-to-date: /home/d-lab/workspace/ros_ur_driver/install/rrbot_description/share/rrbot_description/environment/path.sh
[0.710s] -- Up-to-date: /home/d-lab/workspace/ros_ur_driver/install/rrbot_description/share/rrbot_description/environment/path.dsv
[0.710s] -- Up-to-date: /home/d-lab/workspace/ros_ur_driver/install/rrbot_description/share/rrbot_description/local_setup.bash
[0.710s] -- Up-to-date: /home/d-lab/workspace/ros_ur_driver/install/rrbot_description/share/rrbot_description/local_setup.sh
[0.710s] -- Up-to-date: /home/d-lab/workspace/ros_ur_driver/install/rrbot_description/share/rrbot_description/local_setup.zsh
[0.710s] -- Up-to-date: /home/d-lab/workspace/ros_ur_driver/install/rrbot_description/share/rrbot_description/local_setup.dsv
[0.710s] -- Installing: /home/d-lab/workspace/ros_ur_driver/install/rrbot_description/share/rrbot_description/package.dsv
[0.710s] -- Up-to-date: /home/d-lab/workspace/ros_ur_driver/install/rrbot_description/share/ament_index/resource_index/packages/rrbot_description
[0.711s] -- Up-to-date: /home/d-lab/workspace/ros_ur_driver/install/rrbot_description/share/rrbot_description/cmake/rrbot_descriptionConfig.cmake
[0.711s] -- Up-to-date: /home/d-lab/workspace/ros_ur_driver/install/rrbot_description/share/rrbot_description/cmake/rrbot_descriptionConfig-version.cmake
[0.712s] -- Up-to-date: /home/d-lab/workspace/ros_ur_driver/install/rrbot_description/share/rrbot_description/package.xml
[0.804s] Invoked command in '/home/d-lab/workspace/ros_ur_driver/build/rrbot_description' returned '0': CMAKE_PREFIX_PATH=${CMAKE_PREFIX_PATH}:/home/d-lab/workspace/ros_ur_driver/install/utils:/home/d-lab/workspace/ros_ur_driver/install/ros2controlcli:/home/d-lab/workspace/ros_ur_driver/install/ros2_control_test_nodes:/home/d-lab/workspace/ros_ur_driver/install/robotiq_control:/home/d-lab/workspace/ros_ur_driver/install/gripper_control:/opt/ros/foxy /usr/bin/cmake --install /home/d-lab/workspace/ros_ur_driver/build/rrbot_description
