[0.266s] Invoking command in '/home/d-lab/workspace/ros_ur_driver/build/ur_moveit_config': CMAKE_PREFIX_PATH=${CMAKE_PREFIX_PATH}:/home/d-lab/workspace/ros_ur_driver/install/ros2controlcli:/home/d-lab/workspace/ros_ur_driver/install/ros2_control_test_nodes:/opt/ros/foxy /usr/bin/cmake --build /home/d-lab/workspace/ros_ur_driver/build/ur_moveit_config -- -j16 -l16
[0.294s] -- Found ament_cmake: 0.9.9 (/opt/ros/foxy/share/ament_cmake/cmake)
[0.328s] -- Using PYTHON_EXECUTABLE: /usr/bin/python3
[0.600s] -- Configuring done
[0.605s] -- Generating done
[0.606s] -- Build files have been written to: /home/d-lab/workspace/ros_ur_driver/build/ur_moveit_config
[0.640s] Invoked command in '/home/d-lab/workspace/ros_ur_driver/build/ur_moveit_config' returned '0': CMAKE_PREFIX_PATH=${CMAKE_PREFIX_PATH}:/home/d-lab/workspace/ros_ur_driver/install/ros2controlcli:/home/d-lab/workspace/ros_ur_driver/install/ros2_control_test_nodes:/opt/ros/foxy /usr/bin/cmake --build /home/d-lab/workspace/ros_ur_driver/build/ur_moveit_config -- -j16 -l16
[0.697s] Invoking command in '/home/d-lab/workspace/ros_ur_driver/build/ur_moveit_config': CMAKE_PREFIX_PATH=${CMAKE_PREFIX_PATH}:/home/d-lab/workspace/ros_ur_driver/install/ros2controlcli:/home/d-lab/workspace/ros_ur_driver/install/ros2_control_test_nodes:/opt/ros/foxy /usr/bin/cmake --install /home/d-lab/workspace/ros_ur_driver/build/ur_moveit_config
[0.710s] -- Install configuration: "Release"
[0.710s] -- Up-to-date: /home/d-lab/workspace/ros_ur_driver/install/ur_moveit_config/share/ur_moveit_config/config
[0.710s] -- Up-to-date: /home/d-lab/workspace/ros_ur_driver/install/ur_moveit_config/share/ur_moveit_config/config/ompl_planning.yaml
[0.710s] -- Up-to-date: /home/d-lab/workspace/ros_ur_driver/install/ur_moveit_config/share/ur_moveit_config/config/controllers.yaml
[0.711s] -- Up-to-date: /home/d-lab/workspace/ros_ur_driver/install/ur_moveit_config/share/ur_moveit_config/config/kinematics.yaml
[0.711s] -- Installing: /home/d-lab/workspace/ros_ur_driver/install/ur_moveit_config/share/ur_moveit_config/launch
[0.711s] -- Installing: /home/d-lab/workspace/ros_ur_driver/install/ur_moveit_config/share/ur_moveit_config/launch/ur_moveit.launch.py
[0.711s] -- Up-to-date: /home/d-lab/workspace/ros_ur_driver/install/ur_moveit_config/share/ur_moveit_config/rviz
[0.711s] -- Up-to-date: /home/d-lab/workspace/ros_ur_driver/install/ur_moveit_config/share/ur_moveit_config/rviz/view_robot.rviz
[0.711s] -- Up-to-date: /home/d-lab/workspace/ros_ur_driver/install/ur_moveit_config/share/ur_moveit_config/srdf
[0.711s] -- Up-to-date: /home/d-lab/workspace/ros_ur_driver/install/ur_moveit_config/share/ur_moveit_config/srdf/ur_macro.srdf.xacro
[0.712s] -- Up-to-date: /home/d-lab/workspace/ros_ur_driver/install/ur_moveit_config/share/ur_moveit_config/srdf/ur.srdf.xacro
[0.712s] -- Up-to-date: /home/d-lab/workspace/ros_ur_driver/install/ur_moveit_config/share/ament_index/resource_index/package_run_dependencies/ur_moveit_config
[0.712s] -- Up-to-date: /home/d-lab/workspace/ros_ur_driver/install/ur_moveit_config/share/ament_index/resource_index/parent_prefix_path/ur_moveit_config
[0.712s] -- Up-to-date: /home/d-lab/workspace/ros_ur_driver/install/ur_moveit_config/share/ur_moveit_config/environment/ament_prefix_path.sh
[0.713s] -- Installing: /home/d-lab/workspace/ros_ur_driver/install/ur_moveit_config/share/ur_moveit_config/environment/ament_prefix_path.dsv
[0.714s] -- Up-to-date: /home/d-lab/workspace/ros_ur_driver/install/ur_moveit_config/share/ur_moveit_config/environment/path.sh
[0.714s] -- Installing: /home/d-lab/workspace/ros_ur_driver/install/ur_moveit_config/share/ur_moveit_config/environment/path.dsv
[0.715s] -- Up-to-date: /home/d-lab/workspace/ros_ur_driver/install/ur_moveit_config/share/ur_moveit_config/local_setup.bash
[0.715s] -- Up-to-date: /home/d-lab/workspace/ros_ur_driver/install/ur_moveit_config/share/ur_moveit_config/local_setup.sh
[0.715s] -- Up-to-date: /home/d-lab/workspace/ros_ur_driver/install/ur_moveit_config/share/ur_moveit_config/local_setup.zsh
[0.715s] -- Installing: /home/d-lab/workspace/ros_ur_driver/install/ur_moveit_config/share/ur_moveit_config/local_setup.dsv
[0.715s] -- Installing: /home/d-lab/workspace/ros_ur_driver/install/ur_moveit_config/share/ur_moveit_config/package.dsv
[0.715s] -- Up-to-date: /home/d-lab/workspace/ros_ur_driver/install/ur_moveit_config/share/ament_index/resource_index/packages/ur_moveit_config
[0.716s] -- Up-to-date: /home/d-lab/workspace/ros_ur_driver/install/ur_moveit_config/share/ur_moveit_config/cmake/ur_moveit_configConfig.cmake
[0.716s] -- Up-to-date: /home/d-lab/workspace/ros_ur_driver/install/ur_moveit_config/share/ur_moveit_config/cmake/ur_moveit_configConfig-version.cmake
[0.716s] -- Up-to-date: /home/d-lab/workspace/ros_ur_driver/install/ur_moveit_config/share/ur_moveit_config/package.xml
[0.717s] Invoked command in '/home/d-lab/workspace/ros_ur_driver/build/ur_moveit_config' returned '0': CMAKE_PREFIX_PATH=${CMAKE_PREFIX_PATH}:/home/d-lab/workspace/ros_ur_driver/install/ros2controlcli:/home/d-lab/workspace/ros_ur_driver/install/ros2_control_test_nodes:/opt/ros/foxy /usr/bin/cmake --install /home/d-lab/workspace/ros_ur_driver/build/ur_moveit_config
