[0.017s] Invoking command in '/home/d-lab/workspace/ros_ur_driver/build/cartesian_controller_base': CMAKE_PREFIX_PATH=/home/d-lab/workspace/ros_ur_driver/install/controller_interface:/home/d-lab/workspace/ros_ur_driver/install/hardware_interface:/home/d-lab/workspace/ros_ur_driver/install/control_msgs:/home/d-lab/workspace/ros_ur_driver/install/run_ompl_constrained_planning:/home/d-lab/workspace/ros_ur_driver/install/run_moveit_cpp:/home/d-lab/workspace/ros_ur_driver/install/run_move_group:/home/d-lab/workspace/ros_ur_driver/install/warehouse_ros_mongo:/home/d-lab/workspace/ros_ur_driver/install/ros2_controllers:/home/d-lab/workspace/ros_ur_driver/install/velocity_controllers:/home/d-lab/workspace/ros_ur_driver/install/ur_robot_driver:/home/d-lab/workspace/ros_ur_driver/install/ur_controllers:/home/d-lab/workspace/ros_ur_driver/install/ur_msgs:/home/d-lab/workspace/ros_ur_driver/install/ur_moveit_config:/home/d-lab/workspace/ros_ur_driver/install/ur_description:/home/d-lab/workspace/ros_ur_driver/install/ur_dashboard_msgs:/home/d-lab/workspace/ros_ur_driver/install/ur_client_library:/home/d-lab/workspace/ros_ur_driver/install/ur_bringup:/home/d-lab/workspace/ros_ur_driver/install/ur5_robotiq_moveit_config:/home/d-lab/workspace/ros_ur_driver/install/transmission_interface:/home/d-lab/workspace/ros_ur_driver/install/srdfdom:/home/d-lab/workspace/ros_ur_driver/install/move_arm:/home/d-lab/workspace/ros_ur_driver/install/moveit_visual_tools:/home/d-lab/workspace/ros_ur_driver/install/rviz_visual_tools:/home/d-lab/workspace/ros_ur_driver/install/ros2_control_demos:/home/d-lab/workspace/ros_ur_driver/install/ros2_control_demo_bringup:/home/d-lab/workspace/ros_ur_driver/install/rrbot_description:/home/d-lab/workspace/ros_ur_driver/install/ros2_control:/home/d-lab/workspace/ros_ur_driver/install/utils:/home/d-lab/workspace/ros_ur_driver/install/ros2controlcli:/home/d-lab/workspace/ros_ur_driver/install/ros2_control_test_nodes:/home/d-lab/workspace/ros_ur_driver/install/robotiq_control:/home/d-lab/workspace/ros_ur_driver/install/gripper_control:/opt/ros/foxy:/home/d-lab/workspace/ros_ur_driver/install/cartesian_controller_examples:/home/d-lab/workspace/ros_ur_driver/install/controller_manager:/home/d-lab/workspace/ros_ur_driver/install/ros2_control_test_assets:/home/d-lab/workspace/ros_ur_driver/install/ros2_control_demo_hardware:/home/d-lab/workspace/ros_ur_driver/install/robotiq_description:/home/d-lab/workspace/ros_ur_driver/install/position_controllers:/home/d-lab/workspace/ros_ur_driver/install/joint_trajectory_controller:/home/d-lab/workspace/ros_ur_driver/install/joint_state_controller:/home/d-lab/workspace/ros_ur_driver/install/joint_state_broadcaster:/home/d-lab/workspace/ros_ur_driver/install/imu_sensor_broadcaster:/home/d-lab/workspace/ros_ur_driver/install/gripper_controllers:/home/d-lab/workspace/ros_ur_driver/install/effort_controllers:/home/d-lab/workspace/ros_ur_driver/install/forward_command_controller:/home/d-lab/workspace/ros_ur_driver/install/force_torque_sensor_broadcaster:/home/d-lab/workspace/ros_ur_driver/install/diff_drive_controller:/home/d-lab/workspace/ros_ur_driver/install/cartesian_force_controller:/home/d-lab/workspace/ros_ur_driver/install/cartesian_controller_base:/home/d-lab/workspace/ros_ur_driver/install/graph_msgs:/home/d-lab/workspace/ros_ur_driver/install/filters:/home/d-lab/workspace/ros_ur_driver/install/eigen3_cmake_module:/home/d-lab/workspace/ros_ur_driver/install/diffbot_description:/home/d-lab/workspace/ros_ur_driver/install/controller_manager_msgs:/home/d-lab/workspace/ros_ur_driver/install/chomp_motion_planner LD_LIBRARY_PATH=/home/d-lab/workspace/ros_ur_driver/install/controller_interface/lib:/home/d-lab/workspace/ros_ur_driver/install/hardware_interface/lib:/home/d-lab/workspace/ros_ur_driver/install/control_msgs/lib:/home/d-lab/workspace/ros_ur_driver/install/warehouse_ros_mongo/lib:/home/d-lab/workspace/ros_ur_driver/install/velocity_controllers/lib:/home/d-lab/workspace/ros_ur_driver/install/ur_robot_driver/lib:/home/d-lab/workspace/ros_ur_driver/install/ur_controllers/lib:/home/d-lab/workspace/ros_ur_driver/install/ur_msgs/lib:/home/d-lab/workspace/ros_ur_driver/install/ur_dashboard_msgs/lib:/home/d-lab/workspace/ros_ur_driver/install/ur_client_library/lib:/home/d-lab/workspace/ros_ur_driver/install/srdfdom/lib:/home/d-lab/workspace/ros_ur_driver/install/moveit_visual_tools/lib:/home/d-lab/workspace/ros_ur_driver/install/rviz_visual_tools/lib:/home/d-lab/workspace/ros_ur_driver/install/controller_manager/lib:/home/d-lab/workspace/ros_ur_driver/install/ros2_control_demo_hardware/lib:/home/d-lab/workspace/ros_ur_driver/install/position_controllers/lib:/home/d-lab/workspace/ros_ur_driver/install/joint_trajectory_controller/lib:/home/d-lab/workspace/ros_ur_driver/install/joint_state_controller/lib:/home/d-lab/workspace/ros_ur_driver/install/joint_state_broadcaster/lib:/home/d-lab/workspace/ros_ur_driver/install/imu_sensor_broadcaster/lib:/home/d-lab/workspace/ros_ur_driver/install/gripper_controllers/lib:/home/d-lab/workspace/ros_ur_driver/install/effort_controllers/lib:/home/d-lab/workspace/ros_ur_driver/install/forward_command_controller/lib:/home/d-lab/workspace/ros_ur_driver/install/force_torque_sensor_broadcaster/lib:/home/d-lab/workspace/ros_ur_driver/install/diff_drive_controller/lib:/home/d-lab/workspace/ros_ur_driver/install/cartesian_force_controller/lib:/home/d-lab/workspace/ros_ur_driver/install/cartesian_controller_base/lib:/home/d-lab/workspace/ros_ur_driver/install/graph_msgs/lib:/home/d-lab/workspace/ros_ur_driver/install/filters/lib:/home/d-lab/workspace/ros_ur_driver/install/controller_manager_msgs/lib:/home/d-lab/workspace/ros_ur_driver/install/chomp_motion_planner/lib:/opt/ros/foxy/opt/yaml_cpp_vendor/lib:/opt/ros/foxy/opt/rviz_ogre_vendor/lib:/opt/ros/foxy/lib/x86_64-linux-gnu:/opt/ros/foxy/lib PYTHONPATH=/home/d-lab/workspace/ros_ur_driver/install/control_msgs/lib/python3.8/site-packages:/home/d-lab/workspace/ros_ur_driver/install/warehouse_ros_mongo/lib/python3.8/site-packages:/home/d-lab/workspace/ros_ur_driver/install/utils/lib/python3.8/site-packages:/home/d-lab/workspace/ros_ur_driver/install/ur_msgs/lib/python3.8/site-packages:/home/d-lab/workspace/ros_ur_driver/install/ur_dashboard_msgs/lib/python3.8/site-packages:/home/d-lab/workspace/ros_ur_driver/install/srdfdom/lib/python3.8/site-packages:/home/d-lab/workspace/ros_ur_driver/install/ros2controlcli/lib/python3.8/site-packages:/home/d-lab/workspace/ros_ur_driver/install/ros2_control_test_nodes/lib/python3.8/site-packages:/home/d-lab/workspace/ros_ur_driver/install/controller_manager/lib/python3.8/site-packages:/home/d-lab/workspace/ros_ur_driver/install/robotiq_control/lib/python3.8/site-packages:/home/d-lab/workspace/ros_ur_driver/install/gripper_control/lib/python3.8/site-packages:/home/d-lab/workspace/ros_ur_driver/install/graph_msgs/lib/python3.8/site-packages:/home/d-lab/workspace/ros_ur_driver/install/controller_manager_msgs/lib/python3.8/site-packages:/opt/ros/foxy/lib/python3.8/site-packages /usr/bin/cmake --build /home/d-lab/workspace/ros_ur_driver/build/cartesian_controller_base -- -j16 -l16
[0.037s] -- Found ament_cmake: 0.9.9 (/opt/ros/foxy/share/ament_cmake/cmake)
[0.054s] -- Using PYTHON_EXECUTABLE: /usr/bin/python3
[0.169s] -- Found rclcpp: 2.4.1 (/opt/ros/foxy/share/rclcpp/cmake)
[0.193s] -- Using all available rosidl_typesupport_c: rosidl_typesupport_fastrtps_c;rosidl_typesupport_introspection_c
[0.195s] -- Found rosidl_adapter: 1.2.1 (/opt/ros/foxy/share/rosidl_adapter/cmake)
[0.281s] -- Using all available rosidl_typesupport_cpp: rosidl_typesupport_fastrtps_cpp;rosidl_typesupport_introspection_cpp
[0.312s] -- Found rmw_implementation_cmake: 1.0.3 (/opt/ros/foxy/share/rmw_implementation_cmake/cmake)
[0.314s] -- Using RMW implementation 'rmw_fastrtps_cpp' as default
[0.437s] -- Found controller_interface: 0.10.0 (/home/d-lab/workspace/ros_ur_driver/install/controller_interface/share/controller_interface/cmake)
[0.835s] -- Found kdl_parser: 2.4.1 (/opt/ros/foxy/share/kdl_parser/cmake)
[0.836s] -- Found eigen3_cmake_module: 0.1.1 (/opt/ros/foxy/share/eigen3_cmake_module/cmake)
[0.842s] -- Found urdf: 2.4.0 (/opt/ros/foxy/share/urdf/cmake)
[0.970s] -- Configuring done
[1.001s] -- Generating done
[1.001s] -- Build files have been written to: /home/d-lab/workspace/ros_ur_driver/build/cartesian_controller_base
[1.028s] [35m[1mScanning dependencies of target cartesian_controller_base[0m
[1.031s] [35m[1mScanning dependencies of target ik_solvers[0m
[1.071s] [  9%] [32mBuilding CXX object CMakeFiles/cartesian_controller_base.dir/src/cartesian_controller_base.cpp.o[0m
[1.071s] [ 18%] [32mBuilding CXX object CMakeFiles/cartesian_controller_base.dir/src/SpatialPDController.cpp.o[0m
[1.072s] [ 27%] [32mBuilding CXX object CMakeFiles/cartesian_controller_base.dir/src/PDController.cpp.o[0m
[1.073s] [ 36%] [32mBuilding CXX object CMakeFiles/cartesian_controller_base.dir/src/IKSolver.cpp.o[0m
[1.075s] [ 45%] [32mBuilding CXX object CMakeFiles/ik_solvers.dir/src/IKSolver.cpp.o[0m
[1.076s] [ 63%] [32mBuilding CXX object CMakeFiles/ik_solvers.dir/src/JacobianTransposeSolver.cpp.o[0m
[1.076s] [ 63%] [32mBuilding CXX object CMakeFiles/ik_solvers.dir/src/ForwardDynamicsSolver.cpp.o[0m
[1.076s] [ 72%] [32mBuilding CXX object CMakeFiles/ik_solvers.dir/src/SelectivelyDampedLeastSquaresSolver.cpp.o[0m
[1.077s] [ 81%] [32mBuilding CXX object CMakeFiles/ik_solvers.dir/src/DampedLeastSquaresSolver.cpp.o[0m
[2.655s] [01m[K/home/d-lab/workspace/ros_ur_driver/src/cartesian_controllers/cartesian_controller_base/src/IKSolver.cpp:[m[K In member function ‘[01m[Kbool cartesian_controller_base::IKSolver::setStartState(const std::vector<std::reference_wrapper<hardware_interface::LoanedStateInterface> >&)[m[K’:
[2.655s] [01m[K/home/d-lab/workspace/ros_ur_driver/src/cartesian_controllers/cartesian_controller_base/src/IKSolver.cpp:87:23:[m[K [01;35m[Kwarning: [m[Kcomparison of integer expressions of different signedness: ‘[01m[Kint[m[K’ and ‘[01m[Kstd::vector<std::reference_wrapper<hardware_interface::LoanedStateInterface> >::size_type[m[K’ {aka ‘[01m[Klong unsigned int[m[K’} [[01;35m[K-Wsign-compare[m[K]
[2.655s]    87 |     for (int i = 0; [01;35m[Ki < joint_pos_handles.size()[m[K; ++i)
[2.655s]       |                     [01;35m[K~~^~~~~~~~~~~~~~~~~~~~~~~~~~[m[K
[3.108s] [01m[K/home/d-lab/workspace/ros_ur_driver/src/cartesian_controllers/cartesian_controller_base/src/IKSolver.cpp:[m[K In member function ‘[01m[Kbool cartesian_controller_base::IKSolver::setStartState(const std::vector<std::reference_wrapper<hardware_interface::LoanedStateInterface> >&)[m[K’:
[3.108s] [01m[K/home/d-lab/workspace/ros_ur_driver/src/cartesian_controllers/cartesian_controller_base/src/IKSolver.cpp:87:23:[m[K [01;35m[Kwarning: [m[Kcomparison of integer expressions of different signedness: ‘[01m[Kint[m[K’ and ‘[01m[Kstd::vector<std::reference_wrapper<hardware_interface::LoanedStateInterface> >::size_type[m[K’ {aka ‘[01m[Klong unsigned int[m[K’} [[01;35m[K-Wsign-compare[m[K]
[3.108s]    87 |     for (int i = 0; [01;35m[Ki < joint_pos_handles.size()[m[K; ++i)
[3.108s]       |                     [01;35m[K~~^~~~~~~~~~~~~~~~~~~~~~~~~~[m[K
[5.555s] [ 90%] [32m[1mLinking CXX shared library libcartesian_controller_base.so[0m
[5.743s] [ 90%] Built target cartesian_controller_base
[9.967s] [100%] [32m[1mLinking CXX shared library libik_solvers.so[0m
[10.354s] [100%] Built target ik_solvers
