[0.215s] Invoking command in '/home/d-lab/workspace/ros_ur_driver/build/ur_client_library': CMAKE_PREFIX_PATH=${CMAKE_PREFIX_PATH}:/home/d-lab/workspace/ros_ur_driver/install/ros2controlcli:/home/d-lab/workspace/ros_ur_driver/install/ros2_control_test_nodes:/opt/ros/foxy /usr/bin/cmake /home/d-lab/workspace/ros_ur_driver/src/Universal_Robots_Client_Library -DCMAKE_BUILD_TYPE=Release -DCMAKE_INSTALL_PREFIX=/home/d-lab/workspace/ros_ur_driver/install/ur_client_library
[0.241s] -- Building tests disabled.
[0.242s] -- Configuring done
[0.257s] -- Generating done
[0.258s] -- Build files have been written to: /home/d-lab/workspace/ros_ur_driver/build/ur_client_library
[0.268s] Invoked command in '/home/d-lab/workspace/ros_ur_driver/build/ur_client_library' returned '0': CMAKE_PREFIX_PATH=${CMAKE_PREFIX_PATH}:/home/d-lab/workspace/ros_ur_driver/install/ros2controlcli:/home/d-lab/workspace/ros_ur_driver/install/ros2_control_test_nodes:/opt/ros/foxy /usr/bin/cmake /home/d-lab/workspace/ros_ur_driver/src/Universal_Robots_Client_Library -DCMAKE_BUILD_TYPE=Release -DCMAKE_INSTALL_PREFIX=/home/d-lab/workspace/ros_ur_driver/install/ur_client_library
[0.269s] Invoking command in '/home/d-lab/workspace/ros_ur_driver/build/ur_client_library': CMAKE_PREFIX_PATH=${CMAKE_PREFIX_PATH}:/home/d-lab/workspace/ros_ur_driver/install/ros2controlcli:/home/d-lab/workspace/ros_ur_driver/install/ros2_control_test_nodes:/opt/ros/foxy /usr/bin/cmake --build /home/d-lab/workspace/ros_ur_driver/build/ur_client_library -- -j16 -l16
[0.542s] [  5%] [32mBuilding CXX object CMakeFiles/urcl.dir/src/comm/tcp_server.cpp.o[0m
[0.542s] [  5%] [32mBuilding CXX object CMakeFiles/urcl.dir/src/comm/tcp_socket.cpp.o[0m
[0.542s] [  8%] [32mBuilding CXX object CMakeFiles/urcl.dir/src/control/script_sender.cpp.o[0m
[0.542s] [ 11%] [32mBuilding CXX object CMakeFiles/urcl.dir/src/control/reverse_interface.cpp.o[0m
[0.542s] [ 14%] [32mBuilding CXX object CMakeFiles/urcl.dir/src/control/trajectory_point_interface.cpp.o[0m
[0.543s] [ 17%] [32mBuilding CXX object CMakeFiles/urcl.dir/src/primary/primary_package.cpp.o[0m
[0.543s] [ 20%] [32mBuilding CXX object CMakeFiles/urcl.dir/src/primary/robot_message.cpp.o[0m
[0.543s] [ 23%] [32mBuilding CXX object CMakeFiles/urcl.dir/src/primary/robot_state.cpp.o[0m
[0.543s] [ 26%] [32mBuilding CXX object CMakeFiles/urcl.dir/src/primary/robot_message/version_message.cpp.o[0m
[0.543s] [ 29%] [32mBuilding CXX object CMakeFiles/urcl.dir/src/primary/robot_state/kinematics_info.cpp.o[0m
[0.543s] [ 32%] [32mBuilding CXX object CMakeFiles/urcl.dir/src/rtde/control_package_pause.cpp.o[0m
[0.543s] [ 35%] [32mBuilding CXX object CMakeFiles/urcl.dir/src/rtde/control_package_setup_inputs.cpp.o[0m
[0.587s] [ 38%] [32mBuilding CXX object CMakeFiles/urcl.dir/src/rtde/control_package_setup_outputs.cpp.o[0m
[0.587s] [ 41%] [32mBuilding CXX object CMakeFiles/urcl.dir/src/rtde/control_package_start.cpp.o[0m
[0.588s] [ 44%] [32mBuilding CXX object CMakeFiles/urcl.dir/src/rtde/get_urcontrol_version.cpp.o[0m
[0.589s] [ 47%] [32mBuilding CXX object CMakeFiles/urcl.dir/src/rtde/data_package.cpp.o[0m
[1.375s] [ 50%] [32mBuilding CXX object CMakeFiles/urcl.dir/src/rtde/request_protocol_version.cpp.o[0m
[1.398s] [ 52%] [32mBuilding CXX object CMakeFiles/urcl.dir/src/rtde/rtde_package.cpp.o[0m
[1.408s] [ 55%] [32mBuilding CXX object CMakeFiles/urcl.dir/src/rtde/text_message.cpp.o[0m
[1.443s] [ 58%] [32mBuilding CXX object CMakeFiles/urcl.dir/src/rtde/rtde_client.cpp.o[0m
[1.445s] [ 61%] [32mBuilding CXX object CMakeFiles/urcl.dir/src/ur/ur_driver.cpp.o[0m
[1.533s] [ 64%] [32mBuilding CXX object CMakeFiles/urcl.dir/src/ur/calibration_checker.cpp.o[0m
[1.543s] [ 67%] [32mBuilding CXX object CMakeFiles/urcl.dir/src/ur/dashboard_client.cpp.o[0m
[1.575s] [ 70%] [32mBuilding CXX object CMakeFiles/urcl.dir/src/ur/tool_communication.cpp.o[0m
[1.622s] [ 73%] [32mBuilding CXX object CMakeFiles/urcl.dir/src/rtde/rtde_writer.cpp.o[0m
[1.651s] [ 76%] [32mBuilding CXX object CMakeFiles/urcl.dir/src/default_log_handler.cpp.o[0m
[1.656s] [ 79%] [32mBuilding CXX object CMakeFiles/urcl.dir/src/log.cpp.o[0m
[15.243s] [ 17%] [32m[1mLinking CXX shared library liburcl.so[0m
[15.372s] [ 82%] Built target urcl
[15.419s] [ 85%] [32mBuilding CXX object examples/CMakeFiles/rtde_client_example.dir/rtde_client.cpp.o[0m
[16.419s] [ 88%] [32m[1mLinking CXX executable rtde_client_example[0m
[16.482s] [ 88%] Built target rtde_client_example
[16.505s] [ 91%] [32mBuilding CXX object examples/CMakeFiles/driver_example.dir/full_driver.cpp.o[0m
[17.412s] [ 94%] [32m[1mLinking CXX executable driver_example[0m
[17.468s] [ 94%] Built target driver_example
[17.489s] [ 97%] [32mBuilding CXX object examples/CMakeFiles/primary_pipeline_example.dir/primary_pipeline.cpp.o[0m
[18.191s] [100%] [32m[1mLinking CXX executable primary_pipeline_example[0m
[18.248s] [100%] Built target primary_pipeline_example
