[0.235s] Invoking command in '/home/d-lab/workspace/ros_ur_driver/build/ur_moveit_config': CMAKE_PREFIX_PATH=${CMAKE_PREFIX_PATH}:/home/d-lab/workspace/ros_ur_driver/install/ros2controlcli:/home/d-lab/workspace/ros_ur_driver/install/ros2_control_test_nodes:/opt/ros/foxy /usr/bin/cmake --build /home/d-lab/workspace/ros_ur_driver/build/ur_moveit_config -- -j16 -l16
[0.308s] Invoked command in '/home/d-lab/workspace/ros_ur_driver/build/ur_moveit_config' returned '0': CMAKE_PREFIX_PATH=${CMAKE_PREFIX_PATH}:/home/d-lab/workspace/ros_ur_driver/install/ros2controlcli:/home/d-lab/workspace/ros_ur_driver/install/ros2_control_test_nodes:/opt/ros/foxy /usr/bin/cmake --build /home/d-lab/workspace/ros_ur_driver/build/ur_moveit_config -- -j16 -l16
[0.440s] Invoking command in '/home/d-lab/workspace/ros_ur_driver/build/ur_moveit_config': CMAKE_PREFIX_PATH=${CMAKE_PREFIX_PATH}:/home/d-lab/workspace/ros_ur_driver/install/ros2controlcli:/home/d-lab/workspace/ros_ur_driver/install/ros2_control_test_nodes:/opt/ros/foxy /usr/bin/cmake --install /home/d-lab/workspace/ros_ur_driver/build/ur_moveit_config
[0.446s] -- Install configuration: "Release"
[0.446s] -- Up-to-date: /home/d-lab/workspace/ros_ur_driver/install/ur_moveit_config/share/ur_moveit_config/config
[0.447s] -- Up-to-date: /home/d-lab/workspace/ros_ur_driver/install/ur_moveit_config/share/ur_moveit_config/config/ompl_planning.yaml
[0.447s] -- Up-to-date: /home/d-lab/workspace/ros_ur_driver/install/ur_moveit_config/share/ur_moveit_config/config/controllers.yaml
[0.447s] -- Up-to-date: /home/d-lab/workspace/ros_ur_driver/install/ur_moveit_config/share/ur_moveit_config/config/kinematics.yaml
[0.447s] -- Up-to-date: /home/d-lab/workspace/ros_ur_driver/install/ur_moveit_config/share/ur_moveit_config/rviz
[0.447s] -- Up-to-date: /home/d-lab/workspace/ros_ur_driver/install/ur_moveit_config/share/ur_moveit_config/rviz/view_robot.rviz
[0.448s] -- Up-to-date: /home/d-lab/workspace/ros_ur_driver/install/ur_moveit_config/share/ur_moveit_config/srdf
[0.448s] -- Up-to-date: /home/d-lab/workspace/ros_ur_driver/install/ur_moveit_config/share/ur_moveit_config/srdf/ur_macro.srdf.xacro
[0.448s] -- Up-to-date: /home/d-lab/workspace/ros_ur_driver/install/ur_moveit_config/share/ur_moveit_config/srdf/ur.srdf.xacro
[0.448s] -- Up-to-date: /home/d-lab/workspace/ros_ur_driver/install/ur_moveit_config/share/ament_index/resource_index/package_run_dependencies/ur_moveit_config
[0.448s] -- Up-to-date: /home/d-lab/workspace/ros_ur_driver/install/ur_moveit_config/share/ament_index/resource_index/parent_prefix_path/ur_moveit_config
[0.448s] -- Up-to-date: /home/d-lab/workspace/ros_ur_driver/install/ur_moveit_config/share/ur_moveit_config/environment/ament_prefix_path.sh
[0.448s] -- Up-to-date: /home/d-lab/workspace/ros_ur_driver/install/ur_moveit_config/share/ur_moveit_config/environment/ament_prefix_path.dsv
[0.449s] -- Up-to-date: /home/d-lab/workspace/ros_ur_driver/install/ur_moveit_config/share/ur_moveit_config/environment/path.sh
[0.449s] -- Up-to-date: /home/d-lab/workspace/ros_ur_driver/install/ur_moveit_config/share/ur_moveit_config/environment/path.dsv
[0.449s] -- Up-to-date: /home/d-lab/workspace/ros_ur_driver/install/ur_moveit_config/share/ur_moveit_config/local_setup.bash
[0.449s] -- Up-to-date: /home/d-lab/workspace/ros_ur_driver/install/ur_moveit_config/share/ur_moveit_config/local_setup.sh
[0.449s] -- Up-to-date: /home/d-lab/workspace/ros_ur_driver/install/ur_moveit_config/share/ur_moveit_config/local_setup.zsh
[0.450s] -- Up-to-date: /home/d-lab/workspace/ros_ur_driver/install/ur_moveit_config/share/ur_moveit_config/local_setup.dsv
[0.450s] -- Installing: /home/d-lab/workspace/ros_ur_driver/install/ur_moveit_config/share/ur_moveit_config/package.dsv
[0.450s] -- Up-to-date: /home/d-lab/workspace/ros_ur_driver/install/ur_moveit_config/share/ament_index/resource_index/packages/ur_moveit_config
[0.450s] -- Up-to-date: /home/d-lab/workspace/ros_ur_driver/install/ur_moveit_config/share/ur_moveit_config/cmake/ur_moveit_configConfig.cmake
[0.450s] -- Up-to-date: /home/d-lab/workspace/ros_ur_driver/install/ur_moveit_config/share/ur_moveit_config/cmake/ur_moveit_configConfig-version.cmake
[0.450s] -- Up-to-date: /home/d-lab/workspace/ros_ur_driver/install/ur_moveit_config/share/ur_moveit_config/package.xml
[0.474s] Invoked command in '/home/d-lab/workspace/ros_ur_driver/build/ur_moveit_config' returned '0': CMAKE_PREFIX_PATH=${CMAKE_PREFIX_PATH}:/home/d-lab/workspace/ros_ur_driver/install/ros2controlcli:/home/d-lab/workspace/ros_ur_driver/install/ros2_control_test_nodes:/opt/ros/foxy /usr/bin/cmake --install /home/d-lab/workspace/ros_ur_driver/build/ur_moveit_config
