-- The C compiler identification is GNU 9.4.0
-- The CXX compiler identification is GNU 9.4.0
-- Check for working C compiler: /usr/bin/cc
-- Check for working C compiler: /usr/bin/cc -- works
-- Detecting C compiler ABI info
-- Detecting C compiler ABI info - done
-- Detecting C compile features
-- Detecting C compile features - done
-- Check for working CXX compiler: /usr/bin/c++
-- Check for working CXX compiler: /usr/bin/c++ -- works
-- Detecting CXX compiler ABI info
-- Detecting CXX compiler ABI info - done
-- Detecting CXX compile features
-- Detecting CXX compile features - done
-- Found ament_cmake: 0.9.9 (/opt/ros/foxy/share/ament_cmake/cmake)
-- Found PythonInterp: /usr/bin/python3 (found suitable version "3.8.10", minimum required is "3") 
-- Using PYTHON_EXECUTABLE: /usr/bin/python3
-- Found controller_interface: 0.10.0 (/home/d-lab/workspace/ros_ur_driver/install/controller_interface/share/controller_interface/cmake)
-- Using all available rosidl_typesupport_c: rosidl_typesupport_fastrtps_c;rosidl_typesupport_introspection_c
-- Found rosidl_adapter: 1.2.1 (/opt/ros/foxy/share/rosidl_adapter/cmake)
-- Found OpenSSL: /usr/lib/x86_64-linux-gnu/libcrypto.so (found version "1.1.1f")  
-- Found FastRTPS: /opt/ros/foxy/include  
-- Using all available rosidl_typesupport_cpp: rosidl_typesupport_fastrtps_cpp;rosidl_typesupport_introspection_cpp
-- Found rmw_implementation_cmake: 1.0.3 (/opt/ros/foxy/share/rmw_implementation_cmake/cmake)
-- Using RMW implementation 'rmw_fastrtps_cpp' as default
-- Looking for pthread.h
-- Looking for pthread.h - found
-- Performing Test CMAKE_HAVE_LIBC_PTHREAD
-- Performing Test CMAKE_HAVE_LIBC_PTHREAD - Failed
-- Looking for pthread_create in pthreads
-- Looking for pthread_create in pthreads - not found
-- Looking for pthread_create in pthread
-- Looking for pthread_create in pthread - found
-- Found Threads: TRUE  
-- Found realtime_tools: 2.2.0 (/opt/ros/foxy/share/realtime_tools/cmake)
-- Found ament_cmake_gmock: 0.9.9 (/opt/ros/foxy/share/ament_cmake_gmock/cmake)
-- Found controller_manager: 0.10.0 (/home/d-lab/workspace/ros_ur_driver/install/controller_manager/share/controller_manager/cmake)
-- Found ros2_control_test_assets: 0.10.0 (/home/d-lab/workspace/ros_ur_driver/install/ros2_control_test_assets/share/ros2_control_test_assets/cmake)
-- Found gmock sources under '/opt/ros/foxy/src/gmock_vendor': C++ tests using 'Google Mock' will be built
-- Found ament_cmake_gtest: 0.9.9 (/opt/ros/foxy/share/ament_cmake_gtest/cmake)
-- Found gtest sources under '/opt/ros/foxy/src/gtest_vendor': C++ tests using 'Google Test' will be built
-- Configuring done
-- Generating done
-- Build files have been written to: /home/d-lab/workspace/ros_ur_driver/build/forward_command_controller
[35m[1mScanning dependencies of target gmock[0m
[35m[1mScanning dependencies of target gmock_main[0m
[35m[1mScanning dependencies of target forward_command_controller[0m
[  9%] [32mBuilding CXX object gmock/CMakeFiles/gmock.dir/opt/ros/foxy/src/gtest_vendor/src/gtest-all.cc.o[0m
[ 18%] [32mBuilding CXX object gmock/CMakeFiles/gmock.dir/src/gmock-all.cc.o[0m
[ 27%] [32mBuilding CXX object gmock/CMakeFiles/gmock_main.dir/src/gmock_main.cc.o[0m
[ 36%] [32mBuilding CXX object CMakeFiles/forward_command_controller.dir/src/forward_command_controller.cpp.o[0m
[ 45%] [32m[1mLinking CXX static library libgmock_main.a[0m
[ 45%] Built target gmock_main
[ 54%] [32m[1mLinking CXX static library libgmock.a[0m
[ 54%] Built target gmock
[35m[1mScanning dependencies of target test_load_forward_command_controller[0m
[ 63%] [32mBuilding CXX object CMakeFiles/test_load_forward_command_controller.dir/test/test_load_forward_command_controller.cpp.o[0m
[ 72%] [32m[1mLinking CXX shared library libforward_command_controller.so[0m
[ 72%] Built target forward_command_controller
[35m[1mScanning dependencies of target test_forward_command_controller[0m
[ 81%] [32mBuilding CXX object CMakeFiles/test_forward_command_controller.dir/test/test_forward_command_controller.cpp.o[0m
[ 90%] [32m[1mLinking CXX executable test_load_forward_command_controller[0m
[ 90%] Built target test_load_forward_command_controller
[100%] [32m[1mLinking CXX executable test_forward_command_controller[0m
[100%] Built target test_forward_command_controller
-- Install configuration: ""
-- Installing: /home/d-lab/workspace/ros_ur_driver/install/forward_command_controller/share/forward_command_controller/forward_command_plugin.xml
-- Installing: /home/d-lab/workspace/ros_ur_driver/install/forward_command_controller/include
-- Installing: /home/d-lab/workspace/ros_ur_driver/install/forward_command_controller/include/forward_command_controller
-- Installing: /home/d-lab/workspace/ros_ur_driver/install/forward_command_controller/include/forward_command_controller/visibility_control.h
-- Installing: /home/d-lab/workspace/ros_ur_driver/install/forward_command_controller/include/forward_command_controller/forward_command_controller.hpp
-- Installing: /home/d-lab/workspace/ros_ur_driver/install/forward_command_controller/lib/libforward_command_controller.so
-- Set runtime path of "/home/d-lab/workspace/ros_ur_driver/install/forward_command_controller/lib/libforward_command_controller.so" to ""
-- Installing: /home/d-lab/workspace/ros_ur_driver/install/forward_command_controller/share/forward_command_controller/environment/library_path.sh
-- Installing: /home/d-lab/workspace/ros_ur_driver/install/forward_command_controller/share/forward_command_controller/environment/library_path.dsv
-- Installing: /home/d-lab/workspace/ros_ur_driver/install/forward_command_controller/share/ament_index/resource_index/package_run_dependencies/forward_command_controller
-- Installing: /home/d-lab/workspace/ros_ur_driver/install/forward_command_controller/share/ament_index/resource_index/parent_prefix_path/forward_command_controller
-- Installing: /home/d-lab/workspace/ros_ur_driver/install/forward_command_controller/share/forward_command_controller/environment/ament_prefix_path.sh
-- Installing: /home/d-lab/workspace/ros_ur_driver/install/forward_command_controller/share/forward_command_controller/environment/ament_prefix_path.dsv
-- Installing: /home/d-lab/workspace/ros_ur_driver/install/forward_command_controller/share/forward_command_controller/environment/path.sh
-- Installing: /home/d-lab/workspace/ros_ur_driver/install/forward_command_controller/share/forward_command_controller/environment/path.dsv
-- Installing: /home/d-lab/workspace/ros_ur_driver/install/forward_command_controller/share/forward_command_controller/local_setup.bash
-- Installing: /home/d-lab/workspace/ros_ur_driver/install/forward_command_controller/share/forward_command_controller/local_setup.sh
-- Installing: /home/d-lab/workspace/ros_ur_driver/install/forward_command_controller/share/forward_command_controller/local_setup.zsh
-- Installing: /home/d-lab/workspace/ros_ur_driver/install/forward_command_controller/share/forward_command_controller/local_setup.dsv
-- Installing: /home/d-lab/workspace/ros_ur_driver/install/forward_command_controller/share/forward_command_controller/package.dsv
-- Installing: /home/d-lab/workspace/ros_ur_driver/install/forward_command_controller/share/ament_index/resource_index/packages/forward_command_controller
-- Installing: /home/d-lab/workspace/ros_ur_driver/install/forward_command_controller/share/ament_index/resource_index/controller_interface__pluginlib__plugin/forward_command_controller
-- Installing: /home/d-lab/workspace/ros_ur_driver/install/forward_command_controller/share/forward_command_controller/cmake/ament_cmake_export_dependencies-extras.cmake
-- Installing: /home/d-lab/workspace/ros_ur_driver/install/forward_command_controller/share/forward_command_controller/cmake/ament_cmake_export_include_directories-extras.cmake
-- Installing: /home/d-lab/workspace/ros_ur_driver/install/forward_command_controller/share/forward_command_controller/cmake/ament_cmake_export_libraries-extras.cmake
-- Installing: /home/d-lab/workspace/ros_ur_driver/install/forward_command_controller/share/forward_command_controller/cmake/forward_command_controllerConfig.cmake
-- Installing: /home/d-lab/workspace/ros_ur_driver/install/forward_command_controller/share/forward_command_controller/cmake/forward_command_controllerConfig-version.cmake
-- Installing: /home/d-lab/workspace/ros_ur_driver/install/forward_command_controller/share/forward_command_controller/package.xml
