[0.047s] Invoking command in '/home/d-lab/workspace/ros_ur_driver/build/effort_controllers': AMENT_PREFIX_PATH=/home/d-lab/workspace/ros_ur_driver/install/forward_command_controller:/home/d-lab/workspace/ros_ur_driver/install/controller_manager:/home/d-lab/workspace/ros_ur_driver/install/controller_interface:/home/d-lab/workspace/ros_ur_driver/install/hardware_interface:/home/d-lab/workspace/ros_ur_driver/install/ros2_control_test_assets:/home/d-lab/workspace/ros_ur_driver/install/controller_manager_msgs:/home/d-lab/workspace/ros_ur_driver/install/control_msgs:${AMENT_PREFIX_PATH} CMAKE_PREFIX_PATH=/home/d-lab/workspace/ros_ur_driver/install/forward_command_controller:/home/d-lab/workspace/ros_ur_driver/install/controller_manager:/home/d-lab/workspace/ros_ur_driver/install/controller_interface:/home/d-lab/workspace/ros_ur_driver/install/hardware_interface:/home/d-lab/workspace/ros_ur_driver/install/ros2_control_test_assets:/home/d-lab/workspace/ros_ur_driver/install/controller_manager_msgs:/home/d-lab/workspace/ros_ur_driver/install/control_msgs:/opt/ros/foxy LD_LIBRARY_PATH=/home/d-lab/workspace/ros_ur_driver/install/forward_command_controller/lib:/home/d-lab/workspace/ros_ur_driver/install/controller_manager/lib:/home/d-lab/workspace/ros_ur_driver/install/controller_interface/lib:/home/d-lab/workspace/ros_ur_driver/install/hardware_interface/lib:/home/d-lab/workspace/ros_ur_driver/install/controller_manager_msgs/lib:/home/d-lab/workspace/ros_ur_driver/install/control_msgs/lib:${LD_LIBRARY_PATH} PYTHONPATH=/home/d-lab/workspace/ros_ur_driver/install/controller_manager/lib/python3.8/site-packages:/home/d-lab/workspace/ros_ur_driver/install/controller_manager_msgs/lib/python3.8/site-packages:/home/d-lab/workspace/ros_ur_driver/install/control_msgs/lib/python3.8/site-packages:${PYTHONPATH} /usr/bin/cmake /home/d-lab/workspace/ros_ur_driver/src/ros2_controllers/effort_controllers -DCMAKE_INSTALL_PREFIX=/home/d-lab/workspace/ros_ur_driver/install/effort_controllers
[0.064s] -- Found ament_cmake: 0.9.9 (/opt/ros/foxy/share/ament_cmake/cmake)
[0.089s] -- Using PYTHON_EXECUTABLE: /usr/bin/python3
[0.323s] -- Found forward_command_controller: 0.7.0 (/home/d-lab/workspace/ros_ur_driver/install/forward_command_controller/share/forward_command_controller/cmake)
[0.358s] -- Using all available rosidl_typesupport_c: rosidl_typesupport_fastrtps_c;rosidl_typesupport_introspection_c
[0.363s] -- Found rosidl_adapter: 1.2.1 (/opt/ros/foxy/share/rosidl_adapter/cmake)
[0.497s] -- Using all available rosidl_typesupport_cpp: rosidl_typesupport_fastrtps_cpp;rosidl_typesupport_introspection_cpp
[0.945s] -- Found rmw_implementation_cmake: 1.0.3 (/opt/ros/foxy/share/rmw_implementation_cmake/cmake)
[0.946s] -- Using RMW implementation 'rmw_fastrtps_cpp' as default
[1.426s] -- Found ament_cmake_gmock: 0.9.9 (/opt/ros/foxy/share/ament_cmake_gmock/cmake)
[1.427s] -- Found controller_manager: 0.10.0 (/home/d-lab/workspace/ros_ur_driver/install/controller_manager/share/controller_manager/cmake)
[1.482s] -- Found ros2_control_test_assets: 0.10.0 (/home/d-lab/workspace/ros_ur_driver/install/ros2_control_test_assets/share/ros2_control_test_assets/cmake)
[1.483s] -- Found gmock sources under '/opt/ros/foxy/src/gmock_vendor': C++ tests using 'Google Mock' will be built
[1.485s] -- Found ament_cmake_gtest: 0.9.9 (/opt/ros/foxy/share/ament_cmake_gtest/cmake)
[1.485s] -- Found gtest sources under '/opt/ros/foxy/src/gtest_vendor': C++ tests using 'Google Test' will be built
[1.596s] -- Configuring done
[1.646s] -- Generating done
[1.648s] -- Build files have been written to: /home/d-lab/workspace/ros_ur_driver/build/effort_controllers
[1.657s] Invoked command in '/home/d-lab/workspace/ros_ur_driver/build/effort_controllers' returned '0': AMENT_PREFIX_PATH=/home/d-lab/workspace/ros_ur_driver/install/forward_command_controller:/home/d-lab/workspace/ros_ur_driver/install/controller_manager:/home/d-lab/workspace/ros_ur_driver/install/controller_interface:/home/d-lab/workspace/ros_ur_driver/install/hardware_interface:/home/d-lab/workspace/ros_ur_driver/install/ros2_control_test_assets:/home/d-lab/workspace/ros_ur_driver/install/controller_manager_msgs:/home/d-lab/workspace/ros_ur_driver/install/control_msgs:${AMENT_PREFIX_PATH} CMAKE_PREFIX_PATH=/home/d-lab/workspace/ros_ur_driver/install/forward_command_controller:/home/d-lab/workspace/ros_ur_driver/install/controller_manager:/home/d-lab/workspace/ros_ur_driver/install/controller_interface:/home/d-lab/workspace/ros_ur_driver/install/hardware_interface:/home/d-lab/workspace/ros_ur_driver/install/ros2_control_test_assets:/home/d-lab/workspace/ros_ur_driver/install/controller_manager_msgs:/home/d-lab/workspace/ros_ur_driver/install/control_msgs:/opt/ros/foxy LD_LIBRARY_PATH=/home/d-lab/workspace/ros_ur_driver/install/forward_command_controller/lib:/home/d-lab/workspace/ros_ur_driver/install/controller_manager/lib:/home/d-lab/workspace/ros_ur_driver/install/controller_interface/lib:/home/d-lab/workspace/ros_ur_driver/install/hardware_interface/lib:/home/d-lab/workspace/ros_ur_driver/install/controller_manager_msgs/lib:/home/d-lab/workspace/ros_ur_driver/install/control_msgs/lib:${LD_LIBRARY_PATH} PYTHONPATH=/home/d-lab/workspace/ros_ur_driver/install/controller_manager/lib/python3.8/site-packages:/home/d-lab/workspace/ros_ur_driver/install/controller_manager_msgs/lib/python3.8/site-packages:/home/d-lab/workspace/ros_ur_driver/install/control_msgs/lib/python3.8/site-packages:${PYTHONPATH} /usr/bin/cmake /home/d-lab/workspace/ros_ur_driver/src/ros2_controllers/effort_controllers -DCMAKE_INSTALL_PREFIX=/home/d-lab/workspace/ros_ur_driver/install/effort_controllers
[1.661s] Invoking command in '/home/d-lab/workspace/ros_ur_driver/build/effort_controllers': AMENT_PREFIX_PATH=/home/d-lab/workspace/ros_ur_driver/install/forward_command_controller:/home/d-lab/workspace/ros_ur_driver/install/controller_manager:/home/d-lab/workspace/ros_ur_driver/install/controller_interface:/home/d-lab/workspace/ros_ur_driver/install/hardware_interface:/home/d-lab/workspace/ros_ur_driver/install/ros2_control_test_assets:/home/d-lab/workspace/ros_ur_driver/install/controller_manager_msgs:/home/d-lab/workspace/ros_ur_driver/install/control_msgs:${AMENT_PREFIX_PATH} CMAKE_PREFIX_PATH=/home/d-lab/workspace/ros_ur_driver/install/forward_command_controller:/home/d-lab/workspace/ros_ur_driver/install/controller_manager:/home/d-lab/workspace/ros_ur_driver/install/controller_interface:/home/d-lab/workspace/ros_ur_driver/install/hardware_interface:/home/d-lab/workspace/ros_ur_driver/install/ros2_control_test_assets:/home/d-lab/workspace/ros_ur_driver/install/controller_manager_msgs:/home/d-lab/workspace/ros_ur_driver/install/control_msgs:/opt/ros/foxy LD_LIBRARY_PATH=/home/d-lab/workspace/ros_ur_driver/install/forward_command_controller/lib:/home/d-lab/workspace/ros_ur_driver/install/controller_manager/lib:/home/d-lab/workspace/ros_ur_driver/install/controller_interface/lib:/home/d-lab/workspace/ros_ur_driver/install/hardware_interface/lib:/home/d-lab/workspace/ros_ur_driver/install/controller_manager_msgs/lib:/home/d-lab/workspace/ros_ur_driver/install/control_msgs/lib:${LD_LIBRARY_PATH} PYTHONPATH=/home/d-lab/workspace/ros_ur_driver/install/controller_manager/lib/python3.8/site-packages:/home/d-lab/workspace/ros_ur_driver/install/controller_manager_msgs/lib/python3.8/site-packages:/home/d-lab/workspace/ros_ur_driver/install/control_msgs/lib/python3.8/site-packages:${PYTHONPATH} /usr/bin/cmake --build /home/d-lab/workspace/ros_ur_driver/build/effort_controllers -- -j16 -l16
[1.706s] [ 45%] Built target gmock
[1.706s] [ 45%] Built target gmock_main
[1.728s] [ 54%] [32m[1mLinking CXX shared library libeffort_controllers.so[0m
[1.738s] [ 63%] [32m[1mLinking CXX executable test_load_joint_group_effort_controller[0m
[1.846s] [ 72%] Built target effort_controllers
[1.877s] [ 81%] [32m[1mLinking CXX executable test_joint_group_effort_controller[0m
[1.916s] [ 90%] Built target test_load_joint_group_effort_controller
[2.041s] [100%] Built target test_joint_group_effort_controller
[2.051s] Invoked command in '/home/d-lab/workspace/ros_ur_driver/build/effort_controllers' returned '0': AMENT_PREFIX_PATH=/home/d-lab/workspace/ros_ur_driver/install/forward_command_controller:/home/d-lab/workspace/ros_ur_driver/install/controller_manager:/home/d-lab/workspace/ros_ur_driver/install/controller_interface:/home/d-lab/workspace/ros_ur_driver/install/hardware_interface:/home/d-lab/workspace/ros_ur_driver/install/ros2_control_test_assets:/home/d-lab/workspace/ros_ur_driver/install/controller_manager_msgs:/home/d-lab/workspace/ros_ur_driver/install/control_msgs:${AMENT_PREFIX_PATH} CMAKE_PREFIX_PATH=/home/d-lab/workspace/ros_ur_driver/install/forward_command_controller:/home/d-lab/workspace/ros_ur_driver/install/controller_manager:/home/d-lab/workspace/ros_ur_driver/install/controller_interface:/home/d-lab/workspace/ros_ur_driver/install/hardware_interface:/home/d-lab/workspace/ros_ur_driver/install/ros2_control_test_assets:/home/d-lab/workspace/ros_ur_driver/install/controller_manager_msgs:/home/d-lab/workspace/ros_ur_driver/install/control_msgs:/opt/ros/foxy LD_LIBRARY_PATH=/home/d-lab/workspace/ros_ur_driver/install/forward_command_controller/lib:/home/d-lab/workspace/ros_ur_driver/install/controller_manager/lib:/home/d-lab/workspace/ros_ur_driver/install/controller_interface/lib:/home/d-lab/workspace/ros_ur_driver/install/hardware_interface/lib:/home/d-lab/workspace/ros_ur_driver/install/controller_manager_msgs/lib:/home/d-lab/workspace/ros_ur_driver/install/control_msgs/lib:${LD_LIBRARY_PATH} PYTHONPATH=/home/d-lab/workspace/ros_ur_driver/install/controller_manager/lib/python3.8/site-packages:/home/d-lab/workspace/ros_ur_driver/install/controller_manager_msgs/lib/python3.8/site-packages:/home/d-lab/workspace/ros_ur_driver/install/control_msgs/lib/python3.8/site-packages:${PYTHONPATH} /usr/bin/cmake --build /home/d-lab/workspace/ros_ur_driver/build/effort_controllers -- -j16 -l16
[2.077s] Invoking command in '/home/d-lab/workspace/ros_ur_driver/build/effort_controllers': AMENT_PREFIX_PATH=/home/d-lab/workspace/ros_ur_driver/install/forward_command_controller:/home/d-lab/workspace/ros_ur_driver/install/controller_manager:/home/d-lab/workspace/ros_ur_driver/install/controller_interface:/home/d-lab/workspace/ros_ur_driver/install/hardware_interface:/home/d-lab/workspace/ros_ur_driver/install/ros2_control_test_assets:/home/d-lab/workspace/ros_ur_driver/install/controller_manager_msgs:/home/d-lab/workspace/ros_ur_driver/install/control_msgs:${AMENT_PREFIX_PATH} CMAKE_PREFIX_PATH=/home/d-lab/workspace/ros_ur_driver/install/forward_command_controller:/home/d-lab/workspace/ros_ur_driver/install/controller_manager:/home/d-lab/workspace/ros_ur_driver/install/controller_interface:/home/d-lab/workspace/ros_ur_driver/install/hardware_interface:/home/d-lab/workspace/ros_ur_driver/install/ros2_control_test_assets:/home/d-lab/workspace/ros_ur_driver/install/controller_manager_msgs:/home/d-lab/workspace/ros_ur_driver/install/control_msgs:/opt/ros/foxy LD_LIBRARY_PATH=/home/d-lab/workspace/ros_ur_driver/install/forward_command_controller/lib:/home/d-lab/workspace/ros_ur_driver/install/controller_manager/lib:/home/d-lab/workspace/ros_ur_driver/install/controller_interface/lib:/home/d-lab/workspace/ros_ur_driver/install/hardware_interface/lib:/home/d-lab/workspace/ros_ur_driver/install/controller_manager_msgs/lib:/home/d-lab/workspace/ros_ur_driver/install/control_msgs/lib:${LD_LIBRARY_PATH} PYTHONPATH=/home/d-lab/workspace/ros_ur_driver/install/controller_manager/lib/python3.8/site-packages:/home/d-lab/workspace/ros_ur_driver/install/controller_manager_msgs/lib/python3.8/site-packages:/home/d-lab/workspace/ros_ur_driver/install/control_msgs/lib/python3.8/site-packages:${PYTHONPATH} /usr/bin/cmake --install /home/d-lab/workspace/ros_ur_driver/build/effort_controllers
[2.084s] -- Install configuration: "Release"
[2.084s] -- Up-to-date: /home/d-lab/workspace/ros_ur_driver/install/effort_controllers/share/effort_controllers/effort_controllers_plugins.xml
[2.084s] -- Up-to-date: /home/d-lab/workspace/ros_ur_driver/install/effort_controllers/include
[2.084s] -- Up-to-date: /home/d-lab/workspace/ros_ur_driver/install/effort_controllers/include/effort_controllers
[2.084s] -- Up-to-date: /home/d-lab/workspace/ros_ur_driver/install/effort_controllers/include/effort_controllers/joint_group_effort_controller.hpp
[2.084s] -- Up-to-date: /home/d-lab/workspace/ros_ur_driver/install/effort_controllers/include/effort_controllers/visibility_control.h
[2.084s] -- Installing: /home/d-lab/workspace/ros_ur_driver/install/effort_controllers/lib/libeffort_controllers.so
[2.084s] -- Set runtime path of "/home/d-lab/workspace/ros_ur_driver/install/effort_controllers/lib/libeffort_controllers.so" to ""
[2.084s] -- Up-to-date: /home/d-lab/workspace/ros_ur_driver/install/effort_controllers/share/effort_controllers/environment/library_path.sh
[2.084s] -- Installing: /home/d-lab/workspace/ros_ur_driver/install/effort_controllers/share/effort_controllers/environment/library_path.dsv
[2.084s] -- Up-to-date: /home/d-lab/workspace/ros_ur_driver/install/effort_controllers/share/ament_index/resource_index/package_run_dependencies/effort_controllers
[2.085s] -- Up-to-date: /home/d-lab/workspace/ros_ur_driver/install/effort_controllers/share/ament_index/resource_index/parent_prefix_path/effort_controllers
[2.085s] -- Up-to-date: /home/d-lab/workspace/ros_ur_driver/install/effort_controllers/share/effort_controllers/environment/ament_prefix_path.sh
[2.085s] -- Installing: /home/d-lab/workspace/ros_ur_driver/install/effort_controllers/share/effort_controllers/environment/ament_prefix_path.dsv
[2.085s] -- Up-to-date: /home/d-lab/workspace/ros_ur_driver/install/effort_controllers/share/effort_controllers/environment/path.sh
[2.085s] -- Installing: /home/d-lab/workspace/ros_ur_driver/install/effort_controllers/share/effort_controllers/environment/path.dsv
[2.085s] -- Up-to-date: /home/d-lab/workspace/ros_ur_driver/install/effort_controllers/share/effort_controllers/local_setup.bash
[2.085s] -- Up-to-date: /home/d-lab/workspace/ros_ur_driver/install/effort_controllers/share/effort_controllers/local_setup.sh
[2.085s] -- Up-to-date: /home/d-lab/workspace/ros_ur_driver/install/effort_controllers/share/effort_controllers/local_setup.zsh
[2.085s] -- Installing: /home/d-lab/workspace/ros_ur_driver/install/effort_controllers/share/effort_controllers/local_setup.dsv
[2.085s] -- Installing: /home/d-lab/workspace/ros_ur_driver/install/effort_controllers/share/effort_controllers/package.dsv
[2.085s] -- Up-to-date: /home/d-lab/workspace/ros_ur_driver/install/effort_controllers/share/ament_index/resource_index/packages/effort_controllers
[2.085s] -- Up-to-date: /home/d-lab/workspace/ros_ur_driver/install/effort_controllers/share/ament_index/resource_index/controller_interface__pluginlib__plugin/effort_controllers
[2.085s] -- Up-to-date: /home/d-lab/workspace/ros_ur_driver/install/effort_controllers/share/effort_controllers/cmake/ament_cmake_export_dependencies-extras.cmake
[2.086s] -- Up-to-date: /home/d-lab/workspace/ros_ur_driver/install/effort_controllers/share/effort_controllers/cmake/ament_cmake_export_include_directories-extras.cmake
[2.086s] -- Up-to-date: /home/d-lab/workspace/ros_ur_driver/install/effort_controllers/share/effort_controllers/cmake/ament_cmake_export_libraries-extras.cmake
[2.086s] -- Up-to-date: /home/d-lab/workspace/ros_ur_driver/install/effort_controllers/share/effort_controllers/cmake/effort_controllersConfig.cmake
[2.086s] -- Up-to-date: /home/d-lab/workspace/ros_ur_driver/install/effort_controllers/share/effort_controllers/cmake/effort_controllersConfig-version.cmake
[2.086s] -- Up-to-date: /home/d-lab/workspace/ros_ur_driver/install/effort_controllers/share/effort_controllers/package.xml
[2.088s] Invoked command in '/home/d-lab/workspace/ros_ur_driver/build/effort_controllers' returned '0': AMENT_PREFIX_PATH=/home/d-lab/workspace/ros_ur_driver/install/forward_command_controller:/home/d-lab/workspace/ros_ur_driver/install/controller_manager:/home/d-lab/workspace/ros_ur_driver/install/controller_interface:/home/d-lab/workspace/ros_ur_driver/install/hardware_interface:/home/d-lab/workspace/ros_ur_driver/install/ros2_control_test_assets:/home/d-lab/workspace/ros_ur_driver/install/controller_manager_msgs:/home/d-lab/workspace/ros_ur_driver/install/control_msgs:${AMENT_PREFIX_PATH} CMAKE_PREFIX_PATH=/home/d-lab/workspace/ros_ur_driver/install/forward_command_controller:/home/d-lab/workspace/ros_ur_driver/install/controller_manager:/home/d-lab/workspace/ros_ur_driver/install/controller_interface:/home/d-lab/workspace/ros_ur_driver/install/hardware_interface:/home/d-lab/workspace/ros_ur_driver/install/ros2_control_test_assets:/home/d-lab/workspace/ros_ur_driver/install/controller_manager_msgs:/home/d-lab/workspace/ros_ur_driver/install/control_msgs:/opt/ros/foxy LD_LIBRARY_PATH=/home/d-lab/workspace/ros_ur_driver/install/forward_command_controller/lib:/home/d-lab/workspace/ros_ur_driver/install/controller_manager/lib:/home/d-lab/workspace/ros_ur_driver/install/controller_interface/lib:/home/d-lab/workspace/ros_ur_driver/install/hardware_interface/lib:/home/d-lab/workspace/ros_ur_driver/install/controller_manager_msgs/lib:/home/d-lab/workspace/ros_ur_driver/install/control_msgs/lib:${LD_LIBRARY_PATH} PYTHONPATH=/home/d-lab/workspace/ros_ur_driver/install/controller_manager/lib/python3.8/site-packages:/home/d-lab/workspace/ros_ur_driver/install/controller_manager_msgs/lib/python3.8/site-packages:/home/d-lab/workspace/ros_ur_driver/install/control_msgs/lib/python3.8/site-packages:${PYTHONPATH} /usr/bin/cmake --install /home/d-lab/workspace/ros_ur_driver/build/effort_controllers
