[0.592s] Invoking command in '/home/d-lab/workspace/ros_ur_driver/src/utils': PYTHONPATH=/home/d-lab/workspace/ros_ur_driver/build/utils/prefix_override:/home/d-lab/workspace/ros_ur_driver/install/utils/lib/python3.8/site-packages:${PYTHONPATH} /usr/bin/python3 setup.py egg_info --egg-base ../../build/utils build --build-base /home/d-lab/workspace/ros_ur_driver/build/utils/build install --record /home/d-lab/workspace/ros_ur_driver/build/utils/install.log --single-version-externally-managed
[0.726s] running egg_info
[0.727s] writing ../../build/utils/utils.egg-info/PKG-INFO
[0.727s] writing dependency_links to ../../build/utils/utils.egg-info/dependency_links.txt
[0.727s] writing entry points to ../../build/utils/utils.egg-info/entry_points.txt
[0.727s] writing requirements to ../../build/utils/utils.egg-info/requires.txt
[0.727s] writing top-level names to ../../build/utils/utils.egg-info/top_level.txt
[0.749s] reading manifest file '../../build/utils/utils.egg-info/SOURCES.txt'
[0.750s] writing manifest file '../../build/utils/utils.egg-info/SOURCES.txt'
[0.750s] running build
[0.750s] running build_py
[0.750s] running install
[0.750s] running install_lib
[0.751s] running install_data
[0.752s] running install_egg_info
[0.753s] removing '/home/d-lab/workspace/ros_ur_driver/install/utils/lib/python3.8/site-packages/utils-0.0.0-py3.8.egg-info' (and everything under it)
[0.753s] Copying ../../build/utils/utils.egg-info to /home/d-lab/workspace/ros_ur_driver/install/utils/lib/python3.8/site-packages/utils-0.0.0-py3.8.egg-info
[0.753s] running install_scripts
[0.764s] Installing torque_broadcaster script to /home/d-lab/workspace/ros_ur_driver/install/utils/bin
[0.764s] writing list of installed files to '/home/d-lab/workspace/ros_ur_driver/build/utils/install.log'
[0.780s] Invoked command in '/home/d-lab/workspace/ros_ur_driver/src/utils' returned '0': PYTHONPATH=/home/d-lab/workspace/ros_ur_driver/build/utils/prefix_override:/home/d-lab/workspace/ros_ur_driver/install/utils/lib/python3.8/site-packages:${PYTHONPATH} /usr/bin/python3 setup.py egg_info --egg-base ../../build/utils build --build-base /home/d-lab/workspace/ros_ur_driver/build/utils/build install --record /home/d-lab/workspace/ros_ur_driver/build/utils/install.log --single-version-externally-managed
