[0.075s] Invoking command in '/home/d-lab/workspace/ros_ur_driver/build/warehouse_ros_mongo': CMAKE_PREFIX_PATH=${CMAKE_PREFIX_PATH}:/home/d-lab/workspace/ros_ur_driver/install/ros2controlcli:/home/d-lab/workspace/ros_ur_driver/install/ros2_control_test_nodes:/opt/ros/foxy /usr/bin/cmake --build /home/d-lab/workspace/ros_ur_driver/build/warehouse_ros_mongo -- -j16 -l16
[0.256s] [ 20%] Built target gtest
[0.256s] [ 40%] Built target gtest_main
[0.256s] [ 80%] Built target warehouse_ros_mongo
[0.256s] [ 90%] [32mBuilding CXX object CMakeFiles/test_warehouse_ros_mongo_cpp.dir/test/test_warehouse_ros_mongo.cpp.o[0m
[3.108s] [100%] [32m[1mLinking CXX executable test_warehouse_ros_mongo_cpp[0m
[3.255s] [100%] Built target test_warehouse_ros_mongo_cpp
[3.265s] Invoked command in '/home/d-lab/workspace/ros_ur_driver/build/warehouse_ros_mongo' returned '0': CMAKE_PREFIX_PATH=${CMAKE_PREFIX_PATH}:/home/d-lab/workspace/ros_ur_driver/install/ros2controlcli:/home/d-lab/workspace/ros_ur_driver/install/ros2_control_test_nodes:/opt/ros/foxy /usr/bin/cmake --build /home/d-lab/workspace/ros_ur_driver/build/warehouse_ros_mongo -- -j16 -l16
[3.312s] Invoking command in '/home/d-lab/workspace/ros_ur_driver/build/warehouse_ros_mongo': CMAKE_PREFIX_PATH=${CMAKE_PREFIX_PATH}:/home/d-lab/workspace/ros_ur_driver/install/ros2controlcli:/home/d-lab/workspace/ros_ur_driver/install/ros2_control_test_nodes:/opt/ros/foxy /usr/bin/cmake --install /home/d-lab/workspace/ros_ur_driver/build/warehouse_ros_mongo
[3.321s] -- Install configuration: "Release"
[3.321s] -- Up-to-date: /home/d-lab/workspace/ros_ur_driver/install/warehouse_ros_mongo/share/warehouse_ros_mongo/environment/pythonpath.sh
[3.321s] -- Installing: /home/d-lab/workspace/ros_ur_driver/install/warehouse_ros_mongo/share/warehouse_ros_mongo/environment/pythonpath.dsv
[3.323s] -- Up-to-date: /home/d-lab/workspace/ros_ur_driver/install/warehouse_ros_mongo/lib/python3.8/site-packages/warehouse_ros_mongo
[3.323s] -- Up-to-date: /home/d-lab/workspace/ros_ur_driver/install/warehouse_ros_mongo/lib/python3.8/site-packages/warehouse_ros_mongo/mongo_wrapper_ros.py
[3.323s] -- Up-to-date: /home/d-lab/workspace/ros_ur_driver/install/warehouse_ros_mongo/lib/python3.8/site-packages/warehouse_ros_mongo/__init__.py
[3.343s] Listing '/home/d-lab/workspace/ros_ur_driver/install/warehouse_ros_mongo/lib/python3.8/site-packages/warehouse_ros_mongo'...
[3.346s] -- Up-to-date: /home/d-lab/workspace/ros_ur_driver/install/warehouse_ros_mongo/lib/warehouse_ros_mongo/mongo_wrapper_ros.py
[3.346s] -- Up-to-date: /home/d-lab/workspace/ros_ur_driver/install/warehouse_ros_mongo/include
[3.346s] -- Up-to-date: /home/d-lab/workspace/ros_ur_driver/install/warehouse_ros_mongo/include/message_collection.h
[3.346s] -- Up-to-date: /home/d-lab/workspace/ros_ur_driver/install/warehouse_ros_mongo/include/metadata.h
[3.346s] -- Up-to-date: /home/d-lab/workspace/ros_ur_driver/install/warehouse_ros_mongo/include/query_results.h
[3.346s] -- Up-to-date: /home/d-lab/workspace/ros_ur_driver/install/warehouse_ros_mongo/include/database_connection.h
[3.346s] -- Up-to-date: /home/d-lab/workspace/ros_ur_driver/install/warehouse_ros_mongo/include/warehouse_ros_mongo/config.h
[3.346s] -- Up-to-date: /home/d-lab/workspace/ros_ur_driver/install/warehouse_ros_mongo/share/warehouse_ros_mongo/warehouse_ros_mongo.launch.py
[3.346s] -- Up-to-date: /home/d-lab/workspace/ros_ur_driver/install/warehouse_ros_mongo/share/warehouse_ros_mongo/cmake/FindMONGODB.cmake
[3.346s] -- Installing: /home/d-lab/workspace/ros_ur_driver/install/warehouse_ros_mongo/lib/libwarehouse_ros_mongo.so
[3.347s] -- Set runtime path of "/home/d-lab/workspace/ros_ur_driver/install/warehouse_ros_mongo/lib/libwarehouse_ros_mongo.so" to ""
[3.347s] -- Up-to-date: /home/d-lab/workspace/ros_ur_driver/install/warehouse_ros_mongo/share/warehouse_ros_mongo/environment/library_path.sh
[3.347s] -- Installing: /home/d-lab/workspace/ros_ur_driver/install/warehouse_ros_mongo/share/warehouse_ros_mongo/environment/library_path.dsv
[3.347s] -- Up-to-date: /home/d-lab/workspace/ros_ur_driver/install/warehouse_ros_mongo/share/warehouse_ros_mongo/mongo_database_connection_plugin_description.xml
[3.347s] -- Up-to-date: /home/d-lab/workspace/ros_ur_driver/install/warehouse_ros_mongo/share/ament_index/resource_index/package_run_dependencies/warehouse_ros_mongo
[3.347s] -- Up-to-date: /home/d-lab/workspace/ros_ur_driver/install/warehouse_ros_mongo/share/ament_index/resource_index/parent_prefix_path/warehouse_ros_mongo
[3.347s] -- Up-to-date: /home/d-lab/workspace/ros_ur_driver/install/warehouse_ros_mongo/share/warehouse_ros_mongo/environment/ament_prefix_path.sh
[3.347s] -- Installing: /home/d-lab/workspace/ros_ur_driver/install/warehouse_ros_mongo/share/warehouse_ros_mongo/environment/ament_prefix_path.dsv
[3.347s] -- Up-to-date: /home/d-lab/workspace/ros_ur_driver/install/warehouse_ros_mongo/share/warehouse_ros_mongo/environment/path.sh
[3.347s] -- Installing: /home/d-lab/workspace/ros_ur_driver/install/warehouse_ros_mongo/share/warehouse_ros_mongo/environment/path.dsv
[3.347s] -- Up-to-date: /home/d-lab/workspace/ros_ur_driver/install/warehouse_ros_mongo/share/warehouse_ros_mongo/local_setup.bash
[3.348s] -- Up-to-date: /home/d-lab/workspace/ros_ur_driver/install/warehouse_ros_mongo/share/warehouse_ros_mongo/local_setup.sh
[3.348s] -- Up-to-date: /home/d-lab/workspace/ros_ur_driver/install/warehouse_ros_mongo/share/warehouse_ros_mongo/local_setup.zsh
[3.348s] -- Installing: /home/d-lab/workspace/ros_ur_driver/install/warehouse_ros_mongo/share/warehouse_ros_mongo/local_setup.dsv
[3.348s] -- Installing: /home/d-lab/workspace/ros_ur_driver/install/warehouse_ros_mongo/share/warehouse_ros_mongo/package.dsv
[3.348s] -- Up-to-date: /home/d-lab/workspace/ros_ur_driver/install/warehouse_ros_mongo/share/ament_index/resource_index/packages/warehouse_ros_mongo
[3.348s] -- Up-to-date: /home/d-lab/workspace/ros_ur_driver/install/warehouse_ros_mongo/share/ament_index/resource_index/warehouse_ros__pluginlib__plugin/warehouse_ros_mongo
[3.348s] -- Up-to-date: /home/d-lab/workspace/ros_ur_driver/install/warehouse_ros_mongo/share/warehouse_ros_mongo/cmake/export_warehouse_ros_mongoExport.cmake
[3.348s] -- Installing: /home/d-lab/workspace/ros_ur_driver/install/warehouse_ros_mongo/share/warehouse_ros_mongo/cmake/export_warehouse_ros_mongoExport-release.cmake
[3.348s] -- Up-to-date: /home/d-lab/workspace/ros_ur_driver/install/warehouse_ros_mongo/share/warehouse_ros_mongo/cmake/ConfigExtras.cmake
[3.348s] -- Up-to-date: /home/d-lab/workspace/ros_ur_driver/install/warehouse_ros_mongo/share/warehouse_ros_mongo/cmake/ament_cmake_export_targets-extras.cmake
[3.348s] -- Up-to-date: /home/d-lab/workspace/ros_ur_driver/install/warehouse_ros_mongo/share/warehouse_ros_mongo/cmake/ament_cmake_export_dependencies-extras.cmake
[3.348s] -- Up-to-date: /home/d-lab/workspace/ros_ur_driver/install/warehouse_ros_mongo/share/warehouse_ros_mongo/cmake/warehouse_ros_mongoConfig.cmake
[3.348s] -- Up-to-date: /home/d-lab/workspace/ros_ur_driver/install/warehouse_ros_mongo/share/warehouse_ros_mongo/cmake/warehouse_ros_mongoConfig-version.cmake
[3.348s] -- Up-to-date: /home/d-lab/workspace/ros_ur_driver/install/warehouse_ros_mongo/share/warehouse_ros_mongo/package.xml
[3.351s] Invoked command in '/home/d-lab/workspace/ros_ur_driver/build/warehouse_ros_mongo' returned '0': CMAKE_PREFIX_PATH=${CMAKE_PREFIX_PATH}:/home/d-lab/workspace/ros_ur_driver/install/ros2controlcli:/home/d-lab/workspace/ros_ur_driver/install/ros2_control_test_nodes:/opt/ros/foxy /usr/bin/cmake --install /home/d-lab/workspace/ros_ur_driver/build/warehouse_ros_mongo
