[0.030s] Invoking command in '/home/d-lab/workspace/ros_ur_driver/build/diffbot_description': /usr/bin/cmake /home/d-lab/workspace/ros_ur_driver/src/ros2_control_demos/ros2_control_demo_description/diffbot_description -DCMAKE_BUILD_TYPE=Release -DCMAKE_INSTALL_PREFIX=/home/d-lab/workspace/ros_ur_driver/install/diffbot_description
[0.155s] CMake Error at CMakeLists.txt:4 (find_package):
[0.155s]   By not providing "Findament_cmake.cmake" in CMAKE_MODULE_PATH this project
[0.155s]   has asked CMake to find a package configuration file provided by
[0.155s]   "ament_cmake", but CMake did not find one.
[0.155s] 
[0.155s]   Could not find a package configuration file provided by "ament_cmake" with
[0.155s]   any of the following names:
[0.155s] 
[0.155s]     ament_cmakeConfig.cmake
[0.155s]     ament_cmake-config.cmake
[0.155s] 
[0.155s]   Add the installation prefix of "ament_cmake" to CMAKE_PREFIX_PATH or set
[0.156s]   "ament_cmake_DIR" to a directory containing one of the above files.  If
[0.156s]   "ament_cmake" provides a separate development package or SDK, be sure it
[0.156s]   has been installed.
[0.156s] 
[0.156s] 
[0.156s] -- Configuring incomplete, errors occurred!
[0.156s] See also "/home/d-lab/workspace/ros_ur_driver/build/diffbot_description/CMakeFiles/CMakeOutput.log".
[0.165s] Invoked command in '/home/d-lab/workspace/ros_ur_driver/build/diffbot_description' returned '1': /usr/bin/cmake /home/d-lab/workspace/ros_ur_driver/src/ros2_control_demos/ros2_control_demo_description/diffbot_description -DCMAKE_BUILD_TYPE=Release -DCMAKE_INSTALL_PREFIX=/home/d-lab/workspace/ros_ur_driver/install/diffbot_description
