[0.079s] Invoking command in '/home/d-lab/workspace/ros_ur_driver/build/srdfdom': CMAKE_PREFIX_PATH=${CMAKE_PREFIX_PATH}:/home/d-lab/workspace/ros_ur_driver/install/ros2controlcli:/home/d-lab/workspace/ros_ur_driver/install/ros2_control_test_nodes:/opt/ros/foxy /usr/bin/cmake --build /home/d-lab/workspace/ros_ur_driver/build/srdfdom -- -j16 -l16
[0.267s] [ 18%] Built target gtest_main
[0.267s] [ 45%] Built target srdfdom
[0.267s] [ 63%] Built target gtest
[0.268s] [ 81%] Built target test_cpp_nl_NL.UTF-8
[0.268s] [100%] Built target test_cpp_C
[0.279s] Invoked command in '/home/d-lab/workspace/ros_ur_driver/build/srdfdom' returned '0': CMAKE_PREFIX_PATH=${CMAKE_PREFIX_PATH}:/home/d-lab/workspace/ros_ur_driver/install/ros2controlcli:/home/d-lab/workspace/ros_ur_driver/install/ros2_control_test_nodes:/opt/ros/foxy /usr/bin/cmake --build /home/d-lab/workspace/ros_ur_driver/build/srdfdom -- -j16 -l16
[0.363s] Invoking command in '/home/d-lab/workspace/ros_ur_driver/build/srdfdom': CMAKE_PREFIX_PATH=${CMAKE_PREFIX_PATH}:/home/d-lab/workspace/ros_ur_driver/install/ros2controlcli:/home/d-lab/workspace/ros_ur_driver/install/ros2_control_test_nodes:/opt/ros/foxy /usr/bin/cmake --install /home/d-lab/workspace/ros_ur_driver/build/srdfdom
[0.375s] -- Install configuration: "Release"
[0.375s] -- Up-to-date: /home/d-lab/workspace/ros_ur_driver/install/srdfdom/lib/libsrdfdom.so.2.0.4
[0.376s] -- Up-to-date: /home/d-lab/workspace/ros_ur_driver/install/srdfdom/lib/libsrdfdom.so
[0.376s] -- Up-to-date: /home/d-lab/workspace/ros_ur_driver/install/srdfdom/include/srdfdom
[0.376s] -- Up-to-date: /home/d-lab/workspace/ros_ur_driver/install/srdfdom/include/srdfdom/visibility_control.h
[0.376s] -- Up-to-date: /home/d-lab/workspace/ros_ur_driver/install/srdfdom/include/srdfdom/model.h
[0.376s] -- Up-to-date: /home/d-lab/workspace/ros_ur_driver/install/srdfdom/include/srdfdom/srdf_writer.h
[0.376s] -- Up-to-date: /home/d-lab/workspace/ros_ur_driver/install/srdfdom/lib/srdfdom/display_srdf
[0.376s] -- Up-to-date: /home/d-lab/workspace/ros_ur_driver/install/srdfdom/share/srdfdom/environment/pythonpath.sh
[0.376s] -- Up-to-date: /home/d-lab/workspace/ros_ur_driver/install/srdfdom/share/srdfdom/environment/pythonpath.dsv
[0.376s] -- Up-to-date: /home/d-lab/workspace/ros_ur_driver/install/srdfdom/lib/python3.8/site-packages/srdfdom
[0.376s] -- Up-to-date: /home/d-lab/workspace/ros_ur_driver/install/srdfdom/lib/python3.8/site-packages/srdfdom/srdf.py
[0.376s] -- Up-to-date: /home/d-lab/workspace/ros_ur_driver/install/srdfdom/lib/python3.8/site-packages/srdfdom/__init__.py
[0.420s] Listing '/home/d-lab/workspace/ros_ur_driver/install/srdfdom/lib/python3.8/site-packages/srdfdom'...
[0.422s] -- Up-to-date: /home/d-lab/workspace/ros_ur_driver/install/srdfdom/share/srdfdom/environment/library_path.sh
[0.422s] -- Up-to-date: /home/d-lab/workspace/ros_ur_driver/install/srdfdom/share/srdfdom/environment/library_path.dsv
[0.423s] -- Up-to-date: /home/d-lab/workspace/ros_ur_driver/install/srdfdom/share/ament_index/resource_index/package_run_dependencies/srdfdom
[0.424s] -- Up-to-date: /home/d-lab/workspace/ros_ur_driver/install/srdfdom/share/ament_index/resource_index/parent_prefix_path/srdfdom
[0.424s] -- Up-to-date: /home/d-lab/workspace/ros_ur_driver/install/srdfdom/share/srdfdom/environment/ament_prefix_path.sh
[0.425s] -- Up-to-date: /home/d-lab/workspace/ros_ur_driver/install/srdfdom/share/srdfdom/environment/ament_prefix_path.dsv
[0.427s] -- Up-to-date: /home/d-lab/workspace/ros_ur_driver/install/srdfdom/share/srdfdom/environment/path.sh
[0.427s] -- Up-to-date: /home/d-lab/workspace/ros_ur_driver/install/srdfdom/share/srdfdom/environment/path.dsv
[0.427s] -- Up-to-date: /home/d-lab/workspace/ros_ur_driver/install/srdfdom/share/srdfdom/local_setup.bash
[0.429s] -- Up-to-date: /home/d-lab/workspace/ros_ur_driver/install/srdfdom/share/srdfdom/local_setup.sh
[0.430s] -- Up-to-date: /home/d-lab/workspace/ros_ur_driver/install/srdfdom/share/srdfdom/local_setup.zsh
[0.430s] -- Up-to-date: /home/d-lab/workspace/ros_ur_driver/install/srdfdom/share/srdfdom/local_setup.dsv
[0.430s] -- Installing: /home/d-lab/workspace/ros_ur_driver/install/srdfdom/share/srdfdom/package.dsv
[0.430s] -- Up-to-date: /home/d-lab/workspace/ros_ur_driver/install/srdfdom/share/ament_index/resource_index/packages/srdfdom
[0.430s] -- Up-to-date: /home/d-lab/workspace/ros_ur_driver/install/srdfdom/share/srdfdom/cmake/srdfdomTargetsExport.cmake
[0.430s] -- Up-to-date: /home/d-lab/workspace/ros_ur_driver/install/srdfdom/share/srdfdom/cmake/srdfdomTargetsExport-release.cmake
[0.430s] -- Up-to-date: /home/d-lab/workspace/ros_ur_driver/install/srdfdom/share/srdfdom/cmake/ament_cmake_export_targets-extras.cmake
[0.430s] -- Up-to-date: /home/d-lab/workspace/ros_ur_driver/install/srdfdom/share/srdfdom/cmake/ament_cmake_export_dependencies-extras.cmake
[0.430s] -- Up-to-date: /home/d-lab/workspace/ros_ur_driver/install/srdfdom/share/srdfdom/cmake/srdfdomConfig.cmake
[0.431s] -- Up-to-date: /home/d-lab/workspace/ros_ur_driver/install/srdfdom/share/srdfdom/cmake/srdfdomConfig-version.cmake
[0.431s] -- Up-to-date: /home/d-lab/workspace/ros_ur_driver/install/srdfdom/share/srdfdom/package.xml
[0.479s] Invoked command in '/home/d-lab/workspace/ros_ur_driver/build/srdfdom' returned '0': CMAKE_PREFIX_PATH=${CMAKE_PREFIX_PATH}:/home/d-lab/workspace/ros_ur_driver/install/ros2controlcli:/home/d-lab/workspace/ros_ur_driver/install/ros2_control_test_nodes:/opt/ros/foxy /usr/bin/cmake --install /home/d-lab/workspace/ros_ur_driver/build/srdfdom
