[0.051s] Invoking command in '/home/d-lab/workspace/ros_ur_driver/build/joint_state_broadcaster': AMENT_PREFIX_PATH=/home/d-lab/workspace/ros_ur_driver/install/controller_manager:/home/d-lab/workspace/ros_ur_driver/install/controller_interface:/home/d-lab/workspace/ros_ur_driver/install/hardware_interface:/home/d-lab/workspace/ros_ur_driver/install/ros2_control_test_assets:/home/d-lab/workspace/ros_ur_driver/install/controller_manager_msgs:/home/d-lab/workspace/ros_ur_driver/install/control_msgs:${AMENT_PREFIX_PATH} CMAKE_PREFIX_PATH=/home/d-lab/workspace/ros_ur_driver/install/controller_manager:/home/d-lab/workspace/ros_ur_driver/install/controller_interface:/home/d-lab/workspace/ros_ur_driver/install/hardware_interface:/home/d-lab/workspace/ros_ur_driver/install/ros2_control_test_assets:/home/d-lab/workspace/ros_ur_driver/install/controller_manager_msgs:/home/d-lab/workspace/ros_ur_driver/install/control_msgs:/opt/ros/foxy LD_LIBRARY_PATH=/home/d-lab/workspace/ros_ur_driver/install/controller_manager/lib:/home/d-lab/workspace/ros_ur_driver/install/controller_interface/lib:/home/d-lab/workspace/ros_ur_driver/install/hardware_interface/lib:/home/d-lab/workspace/ros_ur_driver/install/controller_manager_msgs/lib:/home/d-lab/workspace/ros_ur_driver/install/control_msgs/lib:${LD_LIBRARY_PATH} PYTHONPATH=/home/d-lab/workspace/ros_ur_driver/install/controller_manager/lib/python3.8/site-packages:/home/d-lab/workspace/ros_ur_driver/install/controller_manager_msgs/lib/python3.8/site-packages:/home/d-lab/workspace/ros_ur_driver/install/control_msgs/lib/python3.8/site-packages:${PYTHONPATH} /usr/bin/cmake --build /home/d-lab/workspace/ros_ur_driver/build/joint_state_broadcaster -- -j16 -l16
[0.104s] [ 27%] Built target gmock
[0.108s] [ 45%] Built target gmock_main
[0.123s] [ 63%] Built target joint_state_broadcaster
[0.151s] [ 81%] Built target test_load_joint_state_broadcaster
[0.165s] [100%] Built target test_joint_state_broadcaster
[0.280s] Invoked command in '/home/d-lab/workspace/ros_ur_driver/build/joint_state_broadcaster' returned '0': AMENT_PREFIX_PATH=/home/d-lab/workspace/ros_ur_driver/install/controller_manager:/home/d-lab/workspace/ros_ur_driver/install/controller_interface:/home/d-lab/workspace/ros_ur_driver/install/hardware_interface:/home/d-lab/workspace/ros_ur_driver/install/ros2_control_test_assets:/home/d-lab/workspace/ros_ur_driver/install/controller_manager_msgs:/home/d-lab/workspace/ros_ur_driver/install/control_msgs:${AMENT_PREFIX_PATH} CMAKE_PREFIX_PATH=/home/d-lab/workspace/ros_ur_driver/install/controller_manager:/home/d-lab/workspace/ros_ur_driver/install/controller_interface:/home/d-lab/workspace/ros_ur_driver/install/hardware_interface:/home/d-lab/workspace/ros_ur_driver/install/ros2_control_test_assets:/home/d-lab/workspace/ros_ur_driver/install/controller_manager_msgs:/home/d-lab/workspace/ros_ur_driver/install/control_msgs:/opt/ros/foxy LD_LIBRARY_PATH=/home/d-lab/workspace/ros_ur_driver/install/controller_manager/lib:/home/d-lab/workspace/ros_ur_driver/install/controller_interface/lib:/home/d-lab/workspace/ros_ur_driver/install/hardware_interface/lib:/home/d-lab/workspace/ros_ur_driver/install/controller_manager_msgs/lib:/home/d-lab/workspace/ros_ur_driver/install/control_msgs/lib:${LD_LIBRARY_PATH} PYTHONPATH=/home/d-lab/workspace/ros_ur_driver/install/controller_manager/lib/python3.8/site-packages:/home/d-lab/workspace/ros_ur_driver/install/controller_manager_msgs/lib/python3.8/site-packages:/home/d-lab/workspace/ros_ur_driver/install/control_msgs/lib/python3.8/site-packages:${PYTHONPATH} /usr/bin/cmake --build /home/d-lab/workspace/ros_ur_driver/build/joint_state_broadcaster -- -j16 -l16
[0.312s] Invoking command in '/home/d-lab/workspace/ros_ur_driver/build/joint_state_broadcaster': AMENT_PREFIX_PATH=/home/d-lab/workspace/ros_ur_driver/install/controller_manager:/home/d-lab/workspace/ros_ur_driver/install/controller_interface:/home/d-lab/workspace/ros_ur_driver/install/hardware_interface:/home/d-lab/workspace/ros_ur_driver/install/ros2_control_test_assets:/home/d-lab/workspace/ros_ur_driver/install/controller_manager_msgs:/home/d-lab/workspace/ros_ur_driver/install/control_msgs:${AMENT_PREFIX_PATH} CMAKE_PREFIX_PATH=/home/d-lab/workspace/ros_ur_driver/install/controller_manager:/home/d-lab/workspace/ros_ur_driver/install/controller_interface:/home/d-lab/workspace/ros_ur_driver/install/hardware_interface:/home/d-lab/workspace/ros_ur_driver/install/ros2_control_test_assets:/home/d-lab/workspace/ros_ur_driver/install/controller_manager_msgs:/home/d-lab/workspace/ros_ur_driver/install/control_msgs:/opt/ros/foxy LD_LIBRARY_PATH=/home/d-lab/workspace/ros_ur_driver/install/controller_manager/lib:/home/d-lab/workspace/ros_ur_driver/install/controller_interface/lib:/home/d-lab/workspace/ros_ur_driver/install/hardware_interface/lib:/home/d-lab/workspace/ros_ur_driver/install/controller_manager_msgs/lib:/home/d-lab/workspace/ros_ur_driver/install/control_msgs/lib:${LD_LIBRARY_PATH} PYTHONPATH=/home/d-lab/workspace/ros_ur_driver/install/controller_manager/lib/python3.8/site-packages:/home/d-lab/workspace/ros_ur_driver/install/controller_manager_msgs/lib/python3.8/site-packages:/home/d-lab/workspace/ros_ur_driver/install/control_msgs/lib/python3.8/site-packages:${PYTHONPATH} /usr/bin/cmake --install /home/d-lab/workspace/ros_ur_driver/build/joint_state_broadcaster
[0.325s] -- Install configuration: "Release"
[0.325s] -- Up-to-date: /home/d-lab/workspace/ros_ur_driver/install/joint_state_broadcaster/share/joint_state_broadcaster/joint_state_plugin.xml
[0.326s] -- Up-to-date: /home/d-lab/workspace/ros_ur_driver/install/joint_state_broadcaster/include
[0.326s] -- Up-to-date: /home/d-lab/workspace/ros_ur_driver/install/joint_state_broadcaster/include/joint_state_broadcaster
[0.327s] -- Up-to-date: /home/d-lab/workspace/ros_ur_driver/install/joint_state_broadcaster/include/joint_state_broadcaster/joint_state_broadcaster.hpp
[0.327s] -- Up-to-date: /home/d-lab/workspace/ros_ur_driver/install/joint_state_broadcaster/include/joint_state_broadcaster/visibility_control.h
[0.327s] -- Up-to-date: /home/d-lab/workspace/ros_ur_driver/install/joint_state_broadcaster/lib/libjoint_state_broadcaster.so
[0.327s] -- Up-to-date: /home/d-lab/workspace/ros_ur_driver/install/joint_state_broadcaster/share/joint_state_broadcaster/environment/library_path.sh
[0.328s] -- Up-to-date: /home/d-lab/workspace/ros_ur_driver/install/joint_state_broadcaster/share/joint_state_broadcaster/environment/library_path.dsv
[0.328s] -- Up-to-date: /home/d-lab/workspace/ros_ur_driver/install/joint_state_broadcaster/share/ament_index/resource_index/package_run_dependencies/joint_state_broadcaster
[0.328s] -- Up-to-date: /home/d-lab/workspace/ros_ur_driver/install/joint_state_broadcaster/share/ament_index/resource_index/parent_prefix_path/joint_state_broadcaster
[0.329s] -- Up-to-date: /home/d-lab/workspace/ros_ur_driver/install/joint_state_broadcaster/share/joint_state_broadcaster/environment/ament_prefix_path.sh
[0.329s] -- Up-to-date: /home/d-lab/workspace/ros_ur_driver/install/joint_state_broadcaster/share/joint_state_broadcaster/environment/ament_prefix_path.dsv
[0.329s] -- Up-to-date: /home/d-lab/workspace/ros_ur_driver/install/joint_state_broadcaster/share/joint_state_broadcaster/environment/path.sh
[0.330s] -- Up-to-date: /home/d-lab/workspace/ros_ur_driver/install/joint_state_broadcaster/share/joint_state_broadcaster/environment/path.dsv
[0.330s] -- Up-to-date: /home/d-lab/workspace/ros_ur_driver/install/joint_state_broadcaster/share/joint_state_broadcaster/local_setup.bash
[0.330s] -- Up-to-date: /home/d-lab/workspace/ros_ur_driver/install/joint_state_broadcaster/share/joint_state_broadcaster/local_setup.sh
[0.331s] -- Up-to-date: /home/d-lab/workspace/ros_ur_driver/install/joint_state_broadcaster/share/joint_state_broadcaster/local_setup.zsh
[0.332s] -- Up-to-date: /home/d-lab/workspace/ros_ur_driver/install/joint_state_broadcaster/share/joint_state_broadcaster/local_setup.dsv
[0.332s] -- Up-to-date: /home/d-lab/workspace/ros_ur_driver/install/joint_state_broadcaster/share/joint_state_broadcaster/package.dsv
[0.332s] -- Up-to-date: /home/d-lab/workspace/ros_ur_driver/install/joint_state_broadcaster/share/ament_index/resource_index/packages/joint_state_broadcaster
[0.332s] -- Up-to-date: /home/d-lab/workspace/ros_ur_driver/install/joint_state_broadcaster/share/ament_index/resource_index/controller_interface__pluginlib__plugin/joint_state_broadcaster
[0.332s] -- Up-to-date: /home/d-lab/workspace/ros_ur_driver/install/joint_state_broadcaster/share/joint_state_broadcaster/cmake/ament_cmake_export_dependencies-extras.cmake
[0.332s] -- Up-to-date: /home/d-lab/workspace/ros_ur_driver/install/joint_state_broadcaster/share/joint_state_broadcaster/cmake/ament_cmake_export_include_directories-extras.cmake
[0.332s] -- Up-to-date: /home/d-lab/workspace/ros_ur_driver/install/joint_state_broadcaster/share/joint_state_broadcaster/cmake/ament_cmake_export_libraries-extras.cmake
[0.332s] -- Up-to-date: /home/d-lab/workspace/ros_ur_driver/install/joint_state_broadcaster/share/joint_state_broadcaster/cmake/joint_state_broadcasterConfig.cmake
[0.332s] -- Up-to-date: /home/d-lab/workspace/ros_ur_driver/install/joint_state_broadcaster/share/joint_state_broadcaster/cmake/joint_state_broadcasterConfig-version.cmake
[0.332s] -- Up-to-date: /home/d-lab/workspace/ros_ur_driver/install/joint_state_broadcaster/share/joint_state_broadcaster/package.xml
