[0.181s] Invoking command in '/home/d-lab/workspace/ros_ur_driver/src/build/eigen3_cmake_module': CMAKE_PREFIX_PATH=/opt/ros/foxy /usr/bin/cmake /home/d-lab/workspace/ros_ur_driver/src/eigen3_cmake_module -DCMAKE_INSTALL_PREFIX=/home/d-lab/workspace/ros_ur_driver/src/install/eigen3_cmake_module
[0.418s] -- The C compiler identification is GNU 9.4.0
[0.418s] -- The CXX compiler identification is GNU 9.4.0
[0.418s] -- Check for working C compiler: /usr/bin/cc
[0.418s] -- Check for working C compiler: /usr/bin/cc -- works
[0.418s] -- Detecting C compiler ABI info
[0.418s] -- Detecting C compiler ABI info - done
[0.418s] -- Detecting C compile features
[0.418s] -- Detecting C compile features - done
[0.418s] -- Check for working CXX compiler: /usr/bin/c++
[0.499s] -- Check for working CXX compiler: /usr/bin/c++ -- works
[0.503s] -- Detecting CXX compiler ABI info
[0.573s] -- Detecting CXX compiler ABI info - done
[0.587s] -- Detecting CXX compile features
[0.588s] -- Detecting CXX compile features - done
[0.594s] -- Found ament_cmake: 0.9.9 (/opt/ros/foxy/share/ament_cmake/cmake)
[0.615s] -- Found PythonInterp: /usr/bin/python3 (found suitable version "3.8.10", minimum required is "3") 
[0.615s] -- Using PYTHON_EXECUTABLE: /usr/bin/python3
[0.797s] -- Found ament_cmake_lint_cmake: 0.9.6 (/opt/ros/foxy/share/ament_cmake_lint_cmake/cmake)
[0.799s] -- Found ament_cmake_copyright: 0.9.6 (/opt/ros/foxy/share/ament_cmake_copyright/cmake)
[0.863s] -- Configuring done
[0.864s] -- Generating done
[0.864s] -- Build files have been written to: /home/d-lab/workspace/ros_ur_driver/src/build/eigen3_cmake_module
[0.864s] Invoked command in '/home/d-lab/workspace/ros_ur_driver/src/build/eigen3_cmake_module' returned '0': CMAKE_PREFIX_PATH=/opt/ros/foxy /usr/bin/cmake /home/d-lab/workspace/ros_ur_driver/src/eigen3_cmake_module -DCMAKE_INSTALL_PREFIX=/home/d-lab/workspace/ros_ur_driver/src/install/eigen3_cmake_module
[0.867s] Invoking command in '/home/d-lab/workspace/ros_ur_driver/src/build/eigen3_cmake_module': CMAKE_PREFIX_PATH=/opt/ros/foxy /usr/bin/cmake --build /home/d-lab/workspace/ros_ur_driver/src/build/eigen3_cmake_module -- -j16 -l16
[1.096s] Invoked command in '/home/d-lab/workspace/ros_ur_driver/src/build/eigen3_cmake_module' returned '0': CMAKE_PREFIX_PATH=/opt/ros/foxy /usr/bin/cmake --build /home/d-lab/workspace/ros_ur_driver/src/build/eigen3_cmake_module -- -j16 -l16
[1.338s] Invoking command in '/home/d-lab/workspace/ros_ur_driver/src/build/eigen3_cmake_module': CMAKE_PREFIX_PATH=/opt/ros/foxy /usr/bin/cmake --install /home/d-lab/workspace/ros_ur_driver/src/build/eigen3_cmake_module
[1.974s] -- Install configuration: ""
[1.977s] -- Installing: /home/d-lab/workspace/ros_ur_driver/src/install/eigen3_cmake_module/share/ament_index/resource_index/package_run_dependencies/eigen3_cmake_module
[1.977s] -- Installing: /home/d-lab/workspace/ros_ur_driver/src/install/eigen3_cmake_module/share/ament_index/resource_index/parent_prefix_path/eigen3_cmake_module
[1.977s] -- Installing: /home/d-lab/workspace/ros_ur_driver/src/install/eigen3_cmake_module/share/eigen3_cmake_module/environment/ament_prefix_path.sh
[1.977s] -- Installing: /home/d-lab/workspace/ros_ur_driver/src/install/eigen3_cmake_module/share/eigen3_cmake_module/environment/ament_prefix_path.dsv
[1.977s] -- Installing: /home/d-lab/workspace/ros_ur_driver/src/install/eigen3_cmake_module/share/eigen3_cmake_module/environment/path.sh
[1.977s] -- Installing: /home/d-lab/workspace/ros_ur_driver/src/install/eigen3_cmake_module/share/eigen3_cmake_module/environment/path.dsv
[1.977s] -- Installing: /home/d-lab/workspace/ros_ur_driver/src/install/eigen3_cmake_module/share/eigen3_cmake_module/local_setup.bash
[1.977s] -- Installing: /home/d-lab/workspace/ros_ur_driver/src/install/eigen3_cmake_module/share/eigen3_cmake_module/local_setup.sh
[1.978s] -- Installing: /home/d-lab/workspace/ros_ur_driver/src/install/eigen3_cmake_module/share/eigen3_cmake_module/local_setup.zsh
[1.978s] -- Installing: /home/d-lab/workspace/ros_ur_driver/src/install/eigen3_cmake_module/share/eigen3_cmake_module/local_setup.dsv
[1.978s] -- Installing: /home/d-lab/workspace/ros_ur_driver/src/install/eigen3_cmake_module/share/eigen3_cmake_module/package.dsv
[1.978s] -- Installing: /home/d-lab/workspace/ros_ur_driver/src/install/eigen3_cmake_module/share/ament_index/resource_index/packages/eigen3_cmake_module
[1.978s] -- Installing: /home/d-lab/workspace/ros_ur_driver/src/install/eigen3_cmake_module/share/eigen3_cmake_module/cmake/eigen3_cmake_module-extras.cmake
[1.978s] -- Installing: /home/d-lab/workspace/ros_ur_driver/src/install/eigen3_cmake_module/share/eigen3_cmake_module/cmake/eigen3_cmake_moduleConfig.cmake
[1.978s] -- Installing: /home/d-lab/workspace/ros_ur_driver/src/install/eigen3_cmake_module/share/eigen3_cmake_module/cmake/eigen3_cmake_moduleConfig-version.cmake
[1.978s] -- Installing: /home/d-lab/workspace/ros_ur_driver/src/install/eigen3_cmake_module/share/eigen3_cmake_module/package.xml
[1.978s] -- Up-to-date: /home/d-lab/workspace/ros_ur_driver/src/install/eigen3_cmake_module/share/eigen3_cmake_module/cmake
[1.978s] -- Installing: /home/d-lab/workspace/ros_ur_driver/src/install/eigen3_cmake_module/share/eigen3_cmake_module/cmake/Modules
[1.978s] -- Installing: /home/d-lab/workspace/ros_ur_driver/src/install/eigen3_cmake_module/share/eigen3_cmake_module/cmake/Modules/FindEigen3.cmake
[2.061s] Invoked command in '/home/d-lab/workspace/ros_ur_driver/src/build/eigen3_cmake_module' returned '0': CMAKE_PREFIX_PATH=/opt/ros/foxy /usr/bin/cmake --install /home/d-lab/workspace/ros_ur_driver/src/build/eigen3_cmake_module
