[ 18%] Built target gtest
[ 36%] Built target gtest_main
[ 63%] Built target srdfdom
[ 81%] Built target test_cpp_C
[100%] Built target test_cpp_nl_NL.UTF-8
-- Install configuration: ""
-- Installing: /home/d-lab/workspace/ros_ur_driver/src/install/srdfdom/lib/libsrdfdom.so.2.0.4
-- Set runtime path of "/home/d-lab/workspace/ros_ur_driver/src/install/srdfdom/lib/libsrdfdom.so.2.0.4" to ""
-- Installing: /home/d-lab/workspace/ros_ur_driver/src/install/srdfdom/lib/libsrdfdom.so
-- Installing: /home/d-lab/workspace/ros_ur_driver/src/install/srdfdom/include/srdfdom
-- Installing: /home/d-lab/workspace/ros_ur_driver/src/install/srdfdom/include/srdfdom/visibility_control.h
-- Installing: /home/d-lab/workspace/ros_ur_driver/src/install/srdfdom/include/srdfdom/model.h
-- Installing: /home/d-lab/workspace/ros_ur_driver/src/install/srdfdom/include/srdfdom/srdf_writer.h
-- Installing: /home/d-lab/workspace/ros_ur_driver/src/install/srdfdom/lib/srdfdom/display_srdf
-- Installing: /home/d-lab/workspace/ros_ur_driver/src/install/srdfdom/share/srdfdom/environment/pythonpath.sh
-- Installing: /home/d-lab/workspace/ros_ur_driver/src/install/srdfdom/share/srdfdom/environment/pythonpath.dsv
-- Installing: /home/d-lab/workspace/ros_ur_driver/src/install/srdfdom/lib/python3.8/site-packages/srdfdom
-- Installing: /home/d-lab/workspace/ros_ur_driver/src/install/srdfdom/lib/python3.8/site-packages/srdfdom/srdf.py
-- Installing: /home/d-lab/workspace/ros_ur_driver/src/install/srdfdom/lib/python3.8/site-packages/srdfdom/__init__.py
Listing '/home/d-lab/workspace/ros_ur_driver/src/install/srdfdom/lib/python3.8/site-packages/srdfdom'...
Compiling '/home/d-lab/workspace/ros_ur_driver/src/install/srdfdom/lib/python3.8/site-packages/srdfdom/__init__.py'...
Compiling '/home/d-lab/workspace/ros_ur_driver/src/install/srdfdom/lib/python3.8/site-packages/srdfdom/srdf.py'...
-- Installing: /home/d-lab/workspace/ros_ur_driver/src/install/srdfdom/share/srdfdom/environment/library_path.sh
-- Installing: /home/d-lab/workspace/ros_ur_driver/src/install/srdfdom/share/srdfdom/environment/library_path.dsv
-- Installing: /home/d-lab/workspace/ros_ur_driver/src/install/srdfdom/share/ament_index/resource_index/package_run_dependencies/srdfdom
-- Installing: /home/d-lab/workspace/ros_ur_driver/src/install/srdfdom/share/ament_index/resource_index/parent_prefix_path/srdfdom
-- Installing: /home/d-lab/workspace/ros_ur_driver/src/install/srdfdom/share/srdfdom/environment/ament_prefix_path.sh
-- Installing: /home/d-lab/workspace/ros_ur_driver/src/install/srdfdom/share/srdfdom/environment/ament_prefix_path.dsv
-- Installing: /home/d-lab/workspace/ros_ur_driver/src/install/srdfdom/share/srdfdom/environment/path.sh
-- Installing: /home/d-lab/workspace/ros_ur_driver/src/install/srdfdom/share/srdfdom/environment/path.dsv
-- Installing: /home/d-lab/workspace/ros_ur_driver/src/install/srdfdom/share/srdfdom/local_setup.bash
-- Installing: /home/d-lab/workspace/ros_ur_driver/src/install/srdfdom/share/srdfdom/local_setup.sh
-- Installing: /home/d-lab/workspace/ros_ur_driver/src/install/srdfdom/share/srdfdom/local_setup.zsh
-- Installing: /home/d-lab/workspace/ros_ur_driver/src/install/srdfdom/share/srdfdom/local_setup.dsv
-- Installing: /home/d-lab/workspace/ros_ur_driver/src/install/srdfdom/share/srdfdom/package.dsv
-- Installing: /home/d-lab/workspace/ros_ur_driver/src/install/srdfdom/share/ament_index/resource_index/packages/srdfdom
-- Installing: /home/d-lab/workspace/ros_ur_driver/src/install/srdfdom/share/srdfdom/cmake/srdfdomTargetsExport.cmake
-- Installing: /home/d-lab/workspace/ros_ur_driver/src/install/srdfdom/share/srdfdom/cmake/srdfdomTargetsExport-noconfig.cmake
-- Installing: /home/d-lab/workspace/ros_ur_driver/src/install/srdfdom/share/srdfdom/cmake/ament_cmake_export_targets-extras.cmake
-- Installing: /home/d-lab/workspace/ros_ur_driver/src/install/srdfdom/share/srdfdom/cmake/ament_cmake_export_dependencies-extras.cmake
-- Installing: /home/d-lab/workspace/ros_ur_driver/src/install/srdfdom/share/srdfdom/cmake/srdfdomConfig.cmake
-- Installing: /home/d-lab/workspace/ros_ur_driver/src/install/srdfdom/share/srdfdom/cmake/srdfdomConfig-version.cmake
-- Installing: /home/d-lab/workspace/ros_ur_driver/src/install/srdfdom/share/srdfdom/package.xml
