[0.088s] Invoking command in '/home/d-lab/workspace/ros_ur_driver/build/control_msgs': CMAKE_PREFIX_PATH=${CMAKE_PREFIX_PATH}:/home/d-lab/workspace/ros_ur_driver/install/ros2controlcli:/home/d-lab/workspace/ros_ur_driver/install/ros2_control_test_nodes:/opt/ros/foxy /usr/bin/cmake --build /home/d-lab/workspace/ros_ur_driver/build/control_msgs -- -j16 -l16
[0.280s] [  0%] Built target control_msgs__cpp
[0.281s] [  1%] [32mBuilding C object CMakeFiles/control_msgs__rosidl_generator_c.dir/rosidl_generator_c/control_msgs/action/detail/point_head__functions.c.o[0m
[0.281s] [  1%] [32mBuilding C object CMakeFiles/control_msgs__rosidl_generator_c.dir/rosidl_generator_c/control_msgs/action/detail/single_joint_position__functions.c.o[0m
[0.284s] [  2%] [32m[1mLinking C shared library libcontrol_msgs__rosidl_generator_c.so[0m
[0.333s] [ 12%] Built target control_msgs__rosidl_generator_c
[0.368s] [ 13%] [32mBuilding CXX object CMakeFiles/control_msgs__rosidl_typesupport_introspection_cpp.dir/rosidl_typesupport_introspection_cpp/control_msgs/msg/detail/gripper_command__type_support.cpp.o[0m
[0.572s] [ 14%] [32mBuilding CXX object CMakeFiles/control_msgs__rosidl_typesupport_introspection_cpp.dir/rosidl_typesupport_introspection_cpp/control_msgs/action/detail/gripper_command__type_support.cpp.o[0m
[0.793s] [ 14%] [32mBuilding CXX object CMakeFiles/control_msgs__rosidl_typesupport_introspection_cpp.dir/rosidl_typesupport_introspection_cpp/control_msgs/srv/detail/query_trajectory_state__type_support.cpp.o[0m
[1.032s] [ 15%] [32mBuilding CXX object CMakeFiles/control_msgs__rosidl_typesupport_introspection_cpp.dir/rosidl_typesupport_introspection_cpp/control_msgs/srv/detail/query_calibration_state__type_support.cpp.o[0m
[1.210s] [ 16%] [32mBuilding CXX object CMakeFiles/control_msgs__rosidl_typesupport_introspection_cpp.dir/rosidl_typesupport_introspection_cpp/control_msgs/msg/detail/pid_state__type_support.cpp.o[0m
[1.387s] [ 16%] [32mBuilding CXX object CMakeFiles/control_msgs__rosidl_typesupport_introspection_cpp.dir/rosidl_typesupport_introspection_cpp/control_msgs/msg/detail/joint_trajectory_controller_state__type_support.cpp.o[0m
[1.601s] [ 17%] [32mBuilding CXX object CMakeFiles/control_msgs__rosidl_typesupport_introspection_cpp.dir/rosidl_typesupport_introspection_cpp/control_msgs/msg/detail/joint_tolerance__type_support.cpp.o[0m
[1.782s] [ 18%] [32mBuilding CXX object CMakeFiles/control_msgs__rosidl_typesupport_introspection_cpp.dir/rosidl_typesupport_introspection_cpp/control_msgs/msg/detail/joint_jog__type_support.cpp.o[0m
[2.008s] [ 19%] [32mBuilding CXX object CMakeFiles/control_msgs__rosidl_typesupport_introspection_cpp.dir/rosidl_typesupport_introspection_cpp/control_msgs/msg/detail/joint_controller_state__type_support.cpp.o[0m
[2.184s] [ 20%] [32m[1mLinking CXX shared library libcontrol_msgs__rosidl_typesupport_introspection_cpp.so[0m
[2.251s] [ 24%] Built target control_msgs__rosidl_typesupport_introspection_cpp
[2.277s] [ 24%] [32mBuilding CXX object CMakeFiles/control_msgs__rosidl_typesupport_c.dir/rosidl_typesupport_c/control_msgs/msg/dynamic_joint_state__type_support.cpp.o[0m
[2.301s] [ 25%] [32mBuilding CXX object CMakeFiles/control_msgs__rosidl_typesupport_c.dir/rosidl_typesupport_c/control_msgs/msg/joint_trajectory_controller_state__type_support.cpp.o[0m
[2.327s] [ 26%] [32mBuilding CXX object CMakeFiles/control_msgs__rosidl_typesupport_c.dir/rosidl_typesupport_c/control_msgs/msg/joint_tolerance__type_support.cpp.o[0m
[2.354s] [ 27%] [32mBuilding CXX object CMakeFiles/control_msgs__rosidl_typesupport_c.dir/rosidl_typesupport_c/control_msgs/msg/joint_jog__type_support.cpp.o[0m
[2.379s] [ 27%] [32mBuilding CXX object CMakeFiles/control_msgs__rosidl_typesupport_c.dir/rosidl_typesupport_c/control_msgs/msg/joint_controller_state__type_support.cpp.o[0m
[2.404s] [ 28%] [32mBuilding CXX object CMakeFiles/control_msgs__rosidl_typesupport_c.dir/rosidl_typesupport_c/control_msgs/msg/interface_value__type_support.cpp.o[0m
[2.429s] [ 29%] [32mBuilding CXX object CMakeFiles/control_msgs__rosidl_typesupport_c.dir/rosidl_typesupport_c/control_msgs/msg/gripper_command__type_support.cpp.o[0m
[2.454s] [ 30%] [32m[1mLinking CXX shared library libcontrol_msgs__rosidl_typesupport_c.so[0m
[2.492s] [ 36%] Built target control_msgs__rosidl_typesupport_c
[2.518s] [ 37%] [32mBuilding C object CMakeFiles/control_msgs__rosidl_typesupport_introspection_c.dir/rosidl_typesupport_introspection_c/control_msgs/msg/detail/dynamic_joint_state__type_support.c.o[0m
[2.546s] [ 38%] [32mBuilding C object CMakeFiles/control_msgs__rosidl_typesupport_introspection_c.dir/rosidl_typesupport_introspection_c/control_msgs/msg/detail/joint_trajectory_controller_state__type_support.c.o[0m
[2.573s] [ 38%] [32mBuilding C object CMakeFiles/control_msgs__rosidl_typesupport_introspection_c.dir/rosidl_typesupport_introspection_c/control_msgs/msg/detail/joint_tolerance__type_support.c.o[0m
[2.599s] [ 39%] [32mBuilding C object CMakeFiles/control_msgs__rosidl_typesupport_introspection_c.dir/rosidl_typesupport_introspection_c/control_msgs/msg/detail/joint_jog__type_support.c.o[0m
[2.626s] [ 40%] [32mBuilding C object CMakeFiles/control_msgs__rosidl_typesupport_introspection_c.dir/rosidl_typesupport_introspection_c/control_msgs/msg/detail/joint_controller_state__type_support.c.o[0m
[2.653s] [ 41%] [32mBuilding C object CMakeFiles/control_msgs__rosidl_typesupport_introspection_c.dir/rosidl_typesupport_introspection_c/control_msgs/msg/detail/interface_value__type_support.c.o[0m
[2.679s] [ 41%] [32mBuilding C object CMakeFiles/control_msgs__rosidl_typesupport_introspection_c.dir/rosidl_typesupport_introspection_c/control_msgs/msg/detail/gripper_command__type_support.c.o[0m
[2.705s] [ 41%] [32m[1mLinking C shared library libcontrol_msgs__rosidl_typesupport_introspection_c.so[0m
[2.738s] [ 48%] Built target control_msgs__rosidl_typesupport_introspection_c
[2.767s] [ 49%] [32mBuilding CXX object CMakeFiles/control_msgs__rosidl_typesupport_fastrtps_cpp.dir/rosidl_typesupport_fastrtps_cpp/control_msgs/msg/detail/dds_fastrtps/dynamic_joint_state__type_support.cpp.o[0m
[3.099s] [ 50%] [32mBuilding CXX object CMakeFiles/control_msgs__rosidl_typesupport_fastrtps_cpp.dir/rosidl_typesupport_fastrtps_cpp/control_msgs/msg/detail/dds_fastrtps/gripper_command__type_support.cpp.o[0m
[3.099s] [ 50%] [32mBuilding CXX object CMakeFiles/control_msgs__rosidl_typesupport_fastrtps_cpp.dir/rosidl_typesupport_fastrtps_cpp/control_msgs/msg/detail/dds_fastrtps/joint_tolerance__type_support.cpp.o[0m
[3.356s] [ 50%] [32m[1mLinking CXX shared library libcontrol_msgs__rosidl_typesupport_fastrtps_cpp.so[0m
[3.432s] [ 60%] Built target control_msgs__rosidl_typesupport_fastrtps_cpp
[3.459s] [ 62%] [32mBuilding CXX object CMakeFiles/control_msgs__rosidl_typesupport_cpp.dir/rosidl_typesupport_cpp/control_msgs/msg/interface_value__type_support.cpp.o[0m
[3.459s] [ 62%] [32mBuilding CXX object CMakeFiles/control_msgs__rosidl_typesupport_cpp.dir/rosidl_typesupport_cpp/control_msgs/msg/dynamic_joint_state__type_support.cpp.o[0m
[3.459s] [ 62%] [32mBuilding CXX object CMakeFiles/control_msgs__rosidl_typesupport_cpp.dir/rosidl_typesupport_cpp/control_msgs/msg/gripper_command__type_support.cpp.o[0m
[3.459s] [ 63%] [32mBuilding CXX object CMakeFiles/control_msgs__rosidl_typesupport_fastrtps_c.dir/rosidl_typesupport_fastrtps_c/control_msgs/msg/detail/dynamic_joint_state__type_support_c.cpp.o[0m
[3.460s] [ 64%] [32mBuilding CXX object CMakeFiles/control_msgs__rosidl_typesupport_fastrtps_c.dir/rosidl_typesupport_fastrtps_c/control_msgs/msg/detail/interface_value__type_support_c.cpp.o[0m
[3.463s] [ 64%] [32mBuilding CXX object CMakeFiles/control_msgs__rosidl_typesupport_fastrtps_c.dir/rosidl_typesupport_fastrtps_c/control_msgs/msg/detail/gripper_command__type_support_c.cpp.o[0m
[3.638s] [ 65%] [32mBuilding CXX object CMakeFiles/control_msgs__rosidl_typesupport_cpp.dir/rosidl_typesupport_cpp/control_msgs/action/point_head__type_support.cpp.o[0m
[3.639s] [ 66%] [32mBuilding CXX object CMakeFiles/control_msgs__rosidl_typesupport_cpp.dir/rosidl_typesupport_cpp/control_msgs/action/follow_joint_trajectory__type_support.cpp.o[0m
[3.639s] [ 65%] [32mBuilding CXX object CMakeFiles/control_msgs__rosidl_typesupport_cpp.dir/rosidl_typesupport_cpp/control_msgs/action/gripper_command__type_support.cpp.o[0m
[3.689s] [ 67%] [32mBuilding CXX object CMakeFiles/control_msgs__rosidl_typesupport_fastrtps_c.dir/rosidl_typesupport_fastrtps_c/control_msgs/msg/detail/joint_trajectory_controller_state__type_support_c.cpp.o[0m
[3.690s] [ 67%] [32mBuilding CXX object CMakeFiles/control_msgs__rosidl_typesupport_fastrtps_c.dir/rosidl_typesupport_fastrtps_c/control_msgs/msg/detail/pid_state__type_support_c.cpp.o[0m
[3.825s] [ 68%] [32mBuilding CXX object CMakeFiles/control_msgs__rosidl_typesupport_fastrtps_c.dir/rosidl_typesupport_fastrtps_c/control_msgs/srv/detail/query_calibration_state__type_support_c.cpp.o[0m
[3.844s] [ 69%] [32mBuilding CXX object CMakeFiles/control_msgs__rosidl_typesupport_cpp.dir/rosidl_typesupport_cpp/control_msgs/srv/query_trajectory_state__type_support.cpp.o[0m
[3.845s] [ 69%] [32mBuilding CXX object CMakeFiles/control_msgs__rosidl_typesupport_cpp.dir/rosidl_typesupport_cpp/control_msgs/srv/query_calibration_state__type_support.cpp.o[0m
[3.849s] [ 70%] [32mBuilding CXX object CMakeFiles/control_msgs__rosidl_typesupport_cpp.dir/rosidl_typesupport_cpp/control_msgs/msg/pid_state__type_support.cpp.o[0m
[3.918s] [ 71%] [32mBuilding CXX object CMakeFiles/control_msgs__rosidl_typesupport_fastrtps_c.dir/rosidl_typesupport_fastrtps_c/control_msgs/action/detail/joint_trajectory__type_support_c.cpp.o[0m
[3.919s] [ 72%] [32mBuilding CXX object CMakeFiles/control_msgs__rosidl_typesupport_fastrtps_c.dir/rosidl_typesupport_fastrtps_c/control_msgs/action/detail/point_head__type_support_c.cpp.o[0m
[4.026s] [ 74%] [32mBuilding CXX object CMakeFiles/control_msgs__rosidl_typesupport_cpp.dir/rosidl_typesupport_cpp/control_msgs/msg/joint_tolerance__type_support.cpp.o[0m
[4.026s] [ 74%] [32mBuilding CXX object CMakeFiles/control_msgs__rosidl_typesupport_cpp.dir/rosidl_typesupport_cpp/control_msgs/msg/joint_trajectory_controller_state__type_support.cpp.o[0m
[4.029s] [ 74%] [32mBuilding CXX object CMakeFiles/control_msgs__rosidl_typesupport_cpp.dir/rosidl_typesupport_cpp/control_msgs/msg/joint_jog__type_support.cpp.o[0m
[4.057s] [ 74%] [32mBuilding CXX object CMakeFiles/control_msgs__rosidl_typesupport_fastrtps_c.dir/rosidl_typesupport_fastrtps_c/control_msgs/action/detail/single_joint_position__type_support_c.cpp.o[0m
[4.172s] [ 74%] [32mBuilding CXX object CMakeFiles/control_msgs__rosidl_typesupport_fastrtps_c.dir/rosidl_typesupport_fastrtps_c/control_msgs/action/detail/gripper_command__type_support_c.cpp.o[0m
[4.180s] [ 75%] [32mBuilding CXX object CMakeFiles/control_msgs__rosidl_typesupport_fastrtps_c.dir/rosidl_typesupport_fastrtps_c/control_msgs/action/detail/follow_joint_trajectory__type_support_c.cpp.o[0m
[4.208s] [ 76%] [32m[1mLinking CXX shared library libcontrol_msgs__rosidl_typesupport_cpp.so[0m
[4.248s] [ 79%] Built target control_msgs__rosidl_typesupport_cpp
[4.312s] [ 80%] [32mBuilding CXX object CMakeFiles/control_msgs__rosidl_typesupport_fastrtps_c.dir/rosidl_typesupport_fastrtps_c/control_msgs/srv/detail/query_trajectory_state__type_support_c.cpp.o[0m
[4.421s] [ 81%] [32mBuilding CXX object CMakeFiles/control_msgs__rosidl_typesupport_fastrtps_c.dir/rosidl_typesupport_fastrtps_c/control_msgs/msg/detail/joint_jog__type_support_c.cpp.o[0m
[4.421s] [ 81%] [32mBuilding CXX object CMakeFiles/control_msgs__rosidl_typesupport_fastrtps_c.dir/rosidl_typesupport_fastrtps_c/control_msgs/msg/detail/joint_tolerance__type_support_c.cpp.o[0m
[4.440s] [ 82%] [32mBuilding CXX object CMakeFiles/control_msgs__rosidl_typesupport_fastrtps_c.dir/rosidl_typesupport_fastrtps_c/control_msgs/msg/detail/joint_controller_state__type_support_c.cpp.o[0m
[4.661s] [ 83%] [32m[1mLinking CXX shared library libcontrol_msgs__rosidl_typesupport_fastrtps_c.so[0m
[4.730s] [ 84%] Built target control_msgs__rosidl_typesupport_fastrtps_c
[4.752s] [ 84%] Built target control_msgs
[4.774s] [ 85%] Built target control_msgs__py
[4.802s] [ 86%] [32mBuilding C object CMakeFiles/control_msgs__python.dir/rosidl_generator_py/control_msgs/msg/_dynamic_joint_state_s.c.o[0m
[4.802s] [ 86%] [32mBuilding C object CMakeFiles/control_msgs__python.dir/rosidl_generator_py/control_msgs/msg/_gripper_command_s.c.o[0m
[4.802s] [ 87%] [32mBuilding C object CMakeFiles/control_msgs__python.dir/rosidl_generator_py/control_msgs/msg/_interface_value_s.c.o[0m
[4.864s] [ 87%] [32mBuilding C object CMakeFiles/control_msgs__python.dir/rosidl_generator_py/control_msgs/action/_single_joint_position_s.c.o[0m
[4.866s] [ 88%] [32mBuilding C object CMakeFiles/control_msgs__python.dir/rosidl_generator_py/control_msgs/action/_point_head_s.c.o[0m
[4.866s] [ 89%] [32mBuilding C object CMakeFiles/control_msgs__python.dir/rosidl_generator_py/control_msgs/action/_joint_trajectory_s.c.o[0m
[4.949s] [ 89%] [32mBuilding C object CMakeFiles/control_msgs__python.dir/rosidl_generator_py/control_msgs/action/_gripper_command_s.c.o[0m
[4.950s] [ 90%] [32mBuilding C object CMakeFiles/control_msgs__python.dir/rosidl_generator_py/control_msgs/action/_follow_joint_trajectory_s.c.o[0m
[4.951s] [ 91%] [32mBuilding C object CMakeFiles/control_msgs__python.dir/rosidl_generator_py/control_msgs/srv/_query_trajectory_state_s.c.o[0m
[5.026s] [ 92%] [32mBuilding C object CMakeFiles/control_msgs__python.dir/rosidl_generator_py/control_msgs/srv/_query_calibration_state_s.c.o[0m
[5.034s] [ 92%] [32mBuilding C object CMakeFiles/control_msgs__python.dir/rosidl_generator_py/control_msgs/msg/_pid_state_s.c.o[0m
[5.040s] [ 93%] [32mBuilding C object CMakeFiles/control_msgs__python.dir/rosidl_generator_py/control_msgs/msg/_joint_trajectory_controller_state_s.c.o[0m
[5.087s] [ 94%] [32mBuilding C object CMakeFiles/control_msgs__python.dir/rosidl_generator_py/control_msgs/msg/_joint_tolerance_s.c.o[0m
[5.096s] [ 94%] [32mBuilding C object CMakeFiles/control_msgs__python.dir/rosidl_generator_py/control_msgs/msg/_joint_jog_s.c.o[0m
[5.101s] [ 95%] [32mBuilding C object CMakeFiles/control_msgs__python.dir/rosidl_generator_py/control_msgs/msg/_joint_controller_state_s.c.o[0m
[5.167s] [ 96%] [32m[1mLinking C shared library rosidl_generator_py/control_msgs/libcontrol_msgs__python.so[0m
[5.209s] [ 96%] Built target control_msgs__python
[5.232s] [ 99%] [32mBuilding C object CMakeFiles/control_msgs__rosidl_typesupport_introspection_c__pyext.dir/rosidl_generator_py/control_msgs/_control_msgs_s.ep.rosidl_typesupport_introspection_c.c.o[0m
[5.232s] [ 99%] [32mBuilding C object CMakeFiles/control_msgs__rosidl_typesupport_fastrtps_c__pyext.dir/rosidl_generator_py/control_msgs/_control_msgs_s.ep.rosidl_typesupport_fastrtps_c.c.o[0m
[5.232s] [ 99%] [32mBuilding C object CMakeFiles/control_msgs__rosidl_typesupport_c__pyext.dir/rosidl_generator_py/control_msgs/_control_msgs_s.ep.rosidl_typesupport_c.c.o[0m
[5.388s] [ 99%] [32m[1mLinking C shared library rosidl_generator_py/control_msgs/control_msgs_s__rosidl_typesupport_c.cpython-38-x86_64-linux-gnu.so[0m
[5.388s] [ 99%] [32m[1mLinking CXX shared library rosidl_generator_py/control_msgs/control_msgs_s__rosidl_typesupport_fastrtps_c.cpython-38-x86_64-linux-gnu.so[0m
[5.389s] [100%] [32m[1mLinking C shared library rosidl_generator_py/control_msgs/control_msgs_s__rosidl_typesupport_introspection_c.cpython-38-x86_64-linux-gnu.so[0m
[5.427s] [100%] Built target control_msgs__rosidl_typesupport_c__pyext
[5.427s] [100%] Built target control_msgs__rosidl_typesupport_introspection_c__pyext
[5.447s] [100%] Built target control_msgs__rosidl_typesupport_fastrtps_c__pyext
[5.458s] Invoked command in '/home/d-lab/workspace/ros_ur_driver/build/control_msgs' returned '0': CMAKE_PREFIX_PATH=${CMAKE_PREFIX_PATH}:/home/d-lab/workspace/ros_ur_driver/install/ros2controlcli:/home/d-lab/workspace/ros_ur_driver/install/ros2_control_test_nodes:/opt/ros/foxy /usr/bin/cmake --build /home/d-lab/workspace/ros_ur_driver/build/control_msgs -- -j16 -l16
[5.888s] Invoking command in '/home/d-lab/workspace/ros_ur_driver/build/control_msgs': CMAKE_PREFIX_PATH=${CMAKE_PREFIX_PATH}:/home/d-lab/workspace/ros_ur_driver/install/ros2controlcli:/home/d-lab/workspace/ros_ur_driver/install/ros2_control_test_nodes:/opt/ros/foxy /usr/bin/cmake --install /home/d-lab/workspace/ros_ur_driver/build/control_msgs
[5.897s] -- Install configuration: ""
[5.897s] -- Up-to-date: /home/d-lab/workspace/ros_ur_driver/install/control_msgs/share/ament_index/resource_index/rosidl_interfaces/control_msgs
[5.897s] -- Up-to-date: /home/d-lab/workspace/ros_ur_driver/install/control_msgs/include/control_msgs
[5.897s] -- Up-to-date: /home/d-lab/workspace/ros_ur_driver/install/control_msgs/include/control_msgs/srv
[5.897s] -- Up-to-date: /home/d-lab/workspace/ros_ur_driver/install/control_msgs/include/control_msgs/srv/query_trajectory_state.h
[5.897s] -- Up-to-date: /home/d-lab/workspace/ros_ur_driver/install/control_msgs/include/control_msgs/srv/query_calibration_state.h
[5.897s] -- Up-to-date: /home/d-lab/workspace/ros_ur_driver/install/control_msgs/include/control_msgs/srv/detail
[5.898s] -- Up-to-date: /home/d-lab/workspace/ros_ur_driver/install/control_msgs/include/control_msgs/srv/detail/query_calibration_state__struct.h
[5.898s] -- Up-to-date: /home/d-lab/workspace/ros_ur_driver/install/control_msgs/include/control_msgs/srv/detail/query_calibration_state__functions.c
[5.898s] -- Up-to-date: /home/d-lab/workspace/ros_ur_driver/install/control_msgs/include/control_msgs/srv/detail/query_trajectory_state__functions.c
[5.898s] -- Up-to-date: /home/d-lab/workspace/ros_ur_driver/install/control_msgs/include/control_msgs/srv/detail/query_trajectory_state__functions.h
[5.898s] -- Up-to-date: /home/d-lab/workspace/ros_ur_driver/install/control_msgs/include/control_msgs/srv/detail/query_trajectory_state__struct.h
[5.898s] -- Up-to-date: /home/d-lab/workspace/ros_ur_driver/install/control_msgs/include/control_msgs/srv/detail/query_calibration_state__type_support.h
[5.898s] -- Up-to-date: /home/d-lab/workspace/ros_ur_driver/install/control_msgs/include/control_msgs/srv/detail/query_trajectory_state__type_support.h
[5.898s] -- Up-to-date: /home/d-lab/workspace/ros_ur_driver/install/control_msgs/include/control_msgs/srv/detail/query_calibration_state__functions.h
[5.898s] -- Up-to-date: /home/d-lab/workspace/ros_ur_driver/install/control_msgs/include/control_msgs/action
[5.898s] -- Up-to-date: /home/d-lab/workspace/ros_ur_driver/install/control_msgs/include/control_msgs/action/point_head.h
[5.898s] -- Up-to-date: /home/d-lab/workspace/ros_ur_driver/install/control_msgs/include/control_msgs/action/gripper_command.h
[5.898s] -- Up-to-date: /home/d-lab/workspace/ros_ur_driver/install/control_msgs/include/control_msgs/action/joint_trajectory.h
[5.898s] -- Up-to-date: /home/d-lab/workspace/ros_ur_driver/install/control_msgs/include/control_msgs/action/follow_joint_trajectory.h
[5.898s] -- Up-to-date: /home/d-lab/workspace/ros_ur_driver/install/control_msgs/include/control_msgs/action/single_joint_position.h
[5.898s] -- Up-to-date: /home/d-lab/workspace/ros_ur_driver/install/control_msgs/include/control_msgs/action/detail
[5.898s] -- Up-to-date: /home/d-lab/workspace/ros_ur_driver/install/control_msgs/include/control_msgs/action/detail/follow_joint_trajectory__functions.h
[5.898s] -- Up-to-date: /home/d-lab/workspace/ros_ur_driver/install/control_msgs/include/control_msgs/action/detail/joint_trajectory__type_support.h
[5.898s] -- Up-to-date: /home/d-lab/workspace/ros_ur_driver/install/control_msgs/include/control_msgs/action/detail/joint_trajectory__functions.c
[5.899s] -- Up-to-date: /home/d-lab/workspace/ros_ur_driver/install/control_msgs/include/control_msgs/action/detail/point_head__functions.h
[5.899s] -- Up-to-date: /home/d-lab/workspace/ros_ur_driver/install/control_msgs/include/control_msgs/action/detail/follow_joint_trajectory__type_support.h
[5.899s] -- Up-to-date: /home/d-lab/workspace/ros_ur_driver/install/control_msgs/include/control_msgs/action/detail/point_head__struct.h
[5.899s] -- Up-to-date: /home/d-lab/workspace/ros_ur_driver/install/control_msgs/include/control_msgs/action/detail/single_joint_position__type_support.h
[5.899s] -- Up-to-date: /home/d-lab/workspace/ros_ur_driver/install/control_msgs/include/control_msgs/action/detail/single_joint_position__functions.c
[5.899s] -- Up-to-date: /home/d-lab/workspace/ros_ur_driver/install/control_msgs/include/control_msgs/action/detail/single_joint_position__struct.h
[5.899s] -- Up-to-date: /home/d-lab/workspace/ros_ur_driver/install/control_msgs/include/control_msgs/action/detail/gripper_command__functions.h
[5.899s] -- Up-to-date: /home/d-lab/workspace/ros_ur_driver/install/control_msgs/include/control_msgs/action/detail/point_head__type_support.h
[5.899s] -- Up-to-date: /home/d-lab/workspace/ros_ur_driver/install/control_msgs/include/control_msgs/action/detail/gripper_command__type_support.h
[5.899s] -- Up-to-date: /home/d-lab/workspace/ros_ur_driver/install/control_msgs/include/control_msgs/action/detail/gripper_command__functions.c
[5.899s] -- Up-to-date: /home/d-lab/workspace/ros_ur_driver/install/control_msgs/include/control_msgs/action/detail/gripper_command__struct.h
[5.899s] -- Up-to-date: /home/d-lab/workspace/ros_ur_driver/install/control_msgs/include/control_msgs/action/detail/follow_joint_trajectory__functions.c
[5.899s] -- Up-to-date: /home/d-lab/workspace/ros_ur_driver/install/control_msgs/include/control_msgs/action/detail/single_joint_position__functions.h
[5.899s] -- Up-to-date: /home/d-lab/workspace/ros_ur_driver/install/control_msgs/include/control_msgs/action/detail/joint_trajectory__struct.h
[5.899s] -- Up-to-date: /home/d-lab/workspace/ros_ur_driver/install/control_msgs/include/control_msgs/action/detail/joint_trajectory__functions.h
[5.899s] -- Up-to-date: /home/d-lab/workspace/ros_ur_driver/install/control_msgs/include/control_msgs/action/detail/point_head__functions.c
[5.899s] -- Up-to-date: /home/d-lab/workspace/ros_ur_driver/install/control_msgs/include/control_msgs/action/detail/follow_joint_trajectory__struct.h
[5.899s] -- Up-to-date: /home/d-lab/workspace/ros_ur_driver/install/control_msgs/include/control_msgs/msg
[5.899s] -- Up-to-date: /home/d-lab/workspace/ros_ur_driver/install/control_msgs/include/control_msgs/msg/dynamic_joint_state.h
[5.899s] -- Up-to-date: /home/d-lab/workspace/ros_ur_driver/install/control_msgs/include/control_msgs/msg/pid_state.h
[5.899s] -- Up-to-date: /home/d-lab/workspace/ros_ur_driver/install/control_msgs/include/control_msgs/msg/interface_value.h
[5.899s] -- Up-to-date: /home/d-lab/workspace/ros_ur_driver/install/control_msgs/include/control_msgs/msg/rosidl_generator_c__visibility_control.h
[5.900s] -- Up-to-date: /home/d-lab/workspace/ros_ur_driver/install/control_msgs/include/control_msgs/msg/joint_controller_state.h
[5.900s] -- Up-to-date: /home/d-lab/workspace/ros_ur_driver/install/control_msgs/include/control_msgs/msg/joint_trajectory_controller_state.h
[5.900s] -- Up-to-date: /home/d-lab/workspace/ros_ur_driver/install/control_msgs/include/control_msgs/msg/gripper_command.h
[5.900s] -- Up-to-date: /home/d-lab/workspace/ros_ur_driver/install/control_msgs/include/control_msgs/msg/joint_jog.h
[5.900s] -- Up-to-date: /home/d-lab/workspace/ros_ur_driver/install/control_msgs/include/control_msgs/msg/detail
[5.900s] -- Up-to-date: /home/d-lab/workspace/ros_ur_driver/install/control_msgs/include/control_msgs/msg/detail/pid_state__struct.h
[5.900s] -- Up-to-date: /home/d-lab/workspace/ros_ur_driver/install/control_msgs/include/control_msgs/msg/detail/pid_state__type_support.h
[5.900s] -- Up-to-date: /home/d-lab/workspace/ros_ur_driver/install/control_msgs/include/control_msgs/msg/detail/dynamic_joint_state__functions.c
[5.900s] -- Up-to-date: /home/d-lab/workspace/ros_ur_driver/install/control_msgs/include/control_msgs/msg/detail/joint_trajectory_controller_state__struct.h
[5.900s] -- Up-to-date: /home/d-lab/workspace/ros_ur_driver/install/control_msgs/include/control_msgs/msg/detail/joint_jog__struct.h
[5.900s] -- Up-to-date: /home/d-lab/workspace/ros_ur_driver/install/control_msgs/include/control_msgs/msg/detail/joint_trajectory_controller_state__functions.h
[5.900s] -- Up-to-date: /home/d-lab/workspace/ros_ur_driver/install/control_msgs/include/control_msgs/msg/detail/joint_controller_state__struct.h
[5.900s] -- Up-to-date: /home/d-lab/workspace/ros_ur_driver/install/control_msgs/include/control_msgs/msg/detail/pid_state__functions.c
[5.900s] -- Up-to-date: /home/d-lab/workspace/ros_ur_driver/install/control_msgs/include/control_msgs/msg/detail/joint_tolerance__functions.h
[5.900s] -- Up-to-date: /home/d-lab/workspace/ros_ur_driver/install/control_msgs/include/control_msgs/msg/detail/interface_value__functions.c
[5.900s] -- Up-to-date: /home/d-lab/workspace/ros_ur_driver/install/control_msgs/include/control_msgs/msg/detail/joint_jog__functions.c
[5.900s] -- Up-to-date: /home/d-lab/workspace/ros_ur_driver/install/control_msgs/include/control_msgs/msg/detail/joint_jog__type_support.h
[5.900s] -- Up-to-date: /home/d-lab/workspace/ros_ur_driver/install/control_msgs/include/control_msgs/msg/detail/joint_trajectory_controller_state__functions.c
[5.900s] -- Up-to-date: /home/d-lab/workspace/ros_ur_driver/install/control_msgs/include/control_msgs/msg/detail/joint_tolerance__functions.c
[5.900s] -- Up-to-date: /home/d-lab/workspace/ros_ur_driver/install/control_msgs/include/control_msgs/msg/detail/joint_tolerance__type_support.h
[5.900s] -- Up-to-date: /home/d-lab/workspace/ros_ur_driver/install/control_msgs/include/control_msgs/msg/detail/dynamic_joint_state__functions.h
[5.901s] -- Up-to-date: /home/d-lab/workspace/ros_ur_driver/install/control_msgs/include/control_msgs/msg/detail/interface_value__struct.h
[5.901s] -- Up-to-date: /home/d-lab/workspace/ros_ur_driver/install/control_msgs/include/control_msgs/msg/detail/gripper_command__functions.h
[5.901s] -- Up-to-date: /home/d-lab/workspace/ros_ur_driver/install/control_msgs/include/control_msgs/msg/detail/joint_jog__functions.h
[5.901s] -- Up-to-date: /home/d-lab/workspace/ros_ur_driver/install/control_msgs/include/control_msgs/msg/detail/joint_controller_state__type_support.h
[5.901s] -- Up-to-date: /home/d-lab/workspace/ros_ur_driver/install/control_msgs/include/control_msgs/msg/detail/dynamic_joint_state__type_support.h
[5.901s] -- Up-to-date: /home/d-lab/workspace/ros_ur_driver/install/control_msgs/include/control_msgs/msg/detail/gripper_command__type_support.h
[5.901s] -- Up-to-date: /home/d-lab/workspace/ros_ur_driver/install/control_msgs/include/control_msgs/msg/detail/interface_value__type_support.h
[5.901s] -- Up-to-date: /home/d-lab/workspace/ros_ur_driver/install/control_msgs/include/control_msgs/msg/detail/pid_state__functions.h
[5.901s] -- Up-to-date: /home/d-lab/workspace/ros_ur_driver/install/control_msgs/include/control_msgs/msg/detail/gripper_command__functions.c
[5.901s] -- Up-to-date: /home/d-lab/workspace/ros_ur_driver/install/control_msgs/include/control_msgs/msg/detail/gripper_command__struct.h
[5.901s] -- Up-to-date: /home/d-lab/workspace/ros_ur_driver/install/control_msgs/include/control_msgs/msg/detail/joint_trajectory_controller_state__type_support.h
[5.901s] -- Up-to-date: /home/d-lab/workspace/ros_ur_driver/install/control_msgs/include/control_msgs/msg/detail/dynamic_joint_state__struct.h
[5.901s] -- Up-to-date: /home/d-lab/workspace/ros_ur_driver/install/control_msgs/include/control_msgs/msg/detail/joint_tolerance__struct.h
[5.901s] -- Up-to-date: /home/d-lab/workspace/ros_ur_driver/install/control_msgs/include/control_msgs/msg/detail/joint_controller_state__functions.c
[5.901s] -- Up-to-date: /home/d-lab/workspace/ros_ur_driver/install/control_msgs/include/control_msgs/msg/detail/interface_value__functions.h
[5.901s] -- Up-to-date: /home/d-lab/workspace/ros_ur_driver/install/control_msgs/include/control_msgs/msg/detail/joint_controller_state__functions.h
[5.901s] -- Up-to-date: /home/d-lab/workspace/ros_ur_driver/install/control_msgs/include/control_msgs/msg/joint_tolerance.h
[5.901s] -- Up-to-date: /home/d-lab/workspace/ros_ur_driver/install/control_msgs/share/control_msgs/environment/library_path.sh
[5.901s] -- Installing: /home/d-lab/workspace/ros_ur_driver/install/control_msgs/share/control_msgs/environment/library_path.dsv
[5.901s] -- Installing: /home/d-lab/workspace/ros_ur_driver/install/control_msgs/lib/libcontrol_msgs__rosidl_generator_c.so
[5.901s] -- Set runtime path of "/home/d-lab/workspace/ros_ur_driver/install/control_msgs/lib/libcontrol_msgs__rosidl_generator_c.so" to ""
[5.901s] -- Up-to-date: /home/d-lab/workspace/ros_ur_driver/install/control_msgs/include/control_msgs
[5.901s] -- Up-to-date: /home/d-lab/workspace/ros_ur_driver/install/control_msgs/include/control_msgs/srv
[5.901s] -- Up-to-date: /home/d-lab/workspace/ros_ur_driver/install/control_msgs/include/control_msgs/srv/detail
[5.902s] -- Up-to-date: /home/d-lab/workspace/ros_ur_driver/install/control_msgs/include/control_msgs/srv/detail/query_calibration_state__rosidl_typesupport_fastrtps_c.h
[5.902s] -- Up-to-date: /home/d-lab/workspace/ros_ur_driver/install/control_msgs/include/control_msgs/srv/detail/query_trajectory_state__rosidl_typesupport_fastrtps_c.h
[5.902s] -- Up-to-date: /home/d-lab/workspace/ros_ur_driver/install/control_msgs/include/control_msgs/action
[5.902s] -- Up-to-date: /home/d-lab/workspace/ros_ur_driver/install/control_msgs/include/control_msgs/action/detail
[5.902s] -- Up-to-date: /home/d-lab/workspace/ros_ur_driver/install/control_msgs/include/control_msgs/action/detail/single_joint_position__rosidl_typesupport_fastrtps_c.h
[5.902s] -- Up-to-date: /home/d-lab/workspace/ros_ur_driver/install/control_msgs/include/control_msgs/action/detail/follow_joint_trajectory__rosidl_typesupport_fastrtps_c.h
[5.902s] -- Up-to-date: /home/d-lab/workspace/ros_ur_driver/install/control_msgs/include/control_msgs/action/detail/gripper_command__rosidl_typesupport_fastrtps_c.h
[5.902s] -- Up-to-date: /home/d-lab/workspace/ros_ur_driver/install/control_msgs/include/control_msgs/action/detail/joint_trajectory__rosidl_typesupport_fastrtps_c.h
[5.902s] -- Up-to-date: /home/d-lab/workspace/ros_ur_driver/install/control_msgs/include/control_msgs/action/detail/point_head__rosidl_typesupport_fastrtps_c.h
[5.902s] -- Up-to-date: /home/d-lab/workspace/ros_ur_driver/install/control_msgs/include/control_msgs/msg
[5.902s] -- Up-to-date: /home/d-lab/workspace/ros_ur_driver/install/control_msgs/include/control_msgs/msg/rosidl_typesupport_fastrtps_c__visibility_control.h
[5.902s] -- Up-to-date: /home/d-lab/workspace/ros_ur_driver/install/control_msgs/include/control_msgs/msg/detail
[5.902s] -- Up-to-date: /home/d-lab/workspace/ros_ur_driver/install/control_msgs/include/control_msgs/msg/detail/joint_jog__rosidl_typesupport_fastrtps_c.h
[5.902s] -- Up-to-date: /home/d-lab/workspace/ros_ur_driver/install/control_msgs/include/control_msgs/msg/detail/gripper_command__rosidl_typesupport_fastrtps_c.h
[5.902s] -- Up-to-date: /home/d-lab/workspace/ros_ur_driver/install/control_msgs/include/control_msgs/msg/detail/joint_trajectory_controller_state__rosidl_typesupport_fastrtps_c.h
[5.902s] -- Up-to-date: /home/d-lab/workspace/ros_ur_driver/install/control_msgs/include/control_msgs/msg/detail/dynamic_joint_state__rosidl_typesupport_fastrtps_c.h
[5.902s] -- Up-to-date: /home/d-lab/workspace/ros_ur_driver/install/control_msgs/include/control_msgs/msg/detail/interface_value__rosidl_typesupport_fastrtps_c.h
[5.902s] -- Up-to-date: /home/d-lab/workspace/ros_ur_driver/install/control_msgs/include/control_msgs/msg/detail/joint_controller_state__rosidl_typesupport_fastrtps_c.h
[5.902s] -- Up-to-date: /home/d-lab/workspace/ros_ur_driver/install/control_msgs/include/control_msgs/msg/detail/joint_tolerance__rosidl_typesupport_fastrtps_c.h
[5.903s] -- Up-to-date: /home/d-lab/workspace/ros_ur_driver/install/control_msgs/include/control_msgs/msg/detail/pid_state__rosidl_typesupport_fastrtps_c.h
[5.903s] -- Installing: /home/d-lab/workspace/ros_ur_driver/install/control_msgs/lib/libcontrol_msgs__rosidl_typesupport_fastrtps_c.so
[5.903s] -- Set runtime path of "/home/d-lab/workspace/ros_ur_driver/install/control_msgs/lib/libcontrol_msgs__rosidl_typesupport_fastrtps_c.so" to ""
[5.903s] -- Up-to-date: /home/d-lab/workspace/ros_ur_driver/install/control_msgs/include/control_msgs
[5.903s] -- Up-to-date: /home/d-lab/workspace/ros_ur_driver/install/control_msgs/include/control_msgs/srv
[5.903s] -- Up-to-date: /home/d-lab/workspace/ros_ur_driver/install/control_msgs/include/control_msgs/srv/detail
[5.903s] -- Up-to-date: /home/d-lab/workspace/ros_ur_driver/install/control_msgs/include/control_msgs/srv/detail/dds_fastrtps
[5.903s] -- Up-to-date: /home/d-lab/workspace/ros_ur_driver/install/control_msgs/include/control_msgs/srv/detail/query_trajectory_state__rosidl_typesupport_fastrtps_cpp.hpp
[5.903s] -- Up-to-date: /home/d-lab/workspace/ros_ur_driver/install/control_msgs/include/control_msgs/srv/detail/query_calibration_state__rosidl_typesupport_fastrtps_cpp.hpp
[5.903s] -- Up-to-date: /home/d-lab/workspace/ros_ur_driver/install/control_msgs/include/control_msgs/action
[5.903s] -- Up-to-date: /home/d-lab/workspace/ros_ur_driver/install/control_msgs/include/control_msgs/action/detail
[5.903s] -- Up-to-date: /home/d-lab/workspace/ros_ur_driver/install/control_msgs/include/control_msgs/action/detail/dds_fastrtps
[5.903s] -- Up-to-date: /home/d-lab/workspace/ros_ur_driver/install/control_msgs/include/control_msgs/action/detail/point_head__rosidl_typesupport_fastrtps_cpp.hpp
[5.903s] -- Up-to-date: /home/d-lab/workspace/ros_ur_driver/install/control_msgs/include/control_msgs/action/detail/gripper_command__rosidl_typesupport_fastrtps_cpp.hpp
[5.903s] -- Up-to-date: /home/d-lab/workspace/ros_ur_driver/install/control_msgs/include/control_msgs/action/detail/single_joint_position__rosidl_typesupport_fastrtps_cpp.hpp
[5.903s] -- Up-to-date: /home/d-lab/workspace/ros_ur_driver/install/control_msgs/include/control_msgs/action/detail/joint_trajectory__rosidl_typesupport_fastrtps_cpp.hpp
[5.903s] -- Up-to-date: /home/d-lab/workspace/ros_ur_driver/install/control_msgs/include/control_msgs/action/detail/follow_joint_trajectory__rosidl_typesupport_fastrtps_cpp.hpp
[5.903s] -- Up-to-date: /home/d-lab/workspace/ros_ur_driver/install/control_msgs/include/control_msgs/msg
[5.903s] -- Up-to-date: /home/d-lab/workspace/ros_ur_driver/install/control_msgs/include/control_msgs/msg/rosidl_typesupport_fastrtps_cpp__visibility_control.h
[5.903s] -- Up-to-date: /home/d-lab/workspace/ros_ur_driver/install/control_msgs/include/control_msgs/msg/detail
[5.904s] -- Up-to-date: /home/d-lab/workspace/ros_ur_driver/install/control_msgs/include/control_msgs/msg/detail/pid_state__rosidl_typesupport_fastrtps_cpp.hpp
[5.904s] -- Up-to-date: /home/d-lab/workspace/ros_ur_driver/install/control_msgs/include/control_msgs/msg/detail/dds_fastrtps
[5.904s] -- Up-to-date: /home/d-lab/workspace/ros_ur_driver/install/control_msgs/include/control_msgs/msg/detail/joint_jog__rosidl_typesupport_fastrtps_cpp.hpp
[5.904s] -- Up-to-date: /home/d-lab/workspace/ros_ur_driver/install/control_msgs/include/control_msgs/msg/detail/dynamic_joint_state__rosidl_typesupport_fastrtps_cpp.hpp
[5.904s] -- Up-to-date: /home/d-lab/workspace/ros_ur_driver/install/control_msgs/include/control_msgs/msg/detail/joint_trajectory_controller_state__rosidl_typesupport_fastrtps_cpp.hpp
[5.904s] -- Up-to-date: /home/d-lab/workspace/ros_ur_driver/install/control_msgs/include/control_msgs/msg/detail/gripper_command__rosidl_typesupport_fastrtps_cpp.hpp
[5.904s] -- Up-to-date: /home/d-lab/workspace/ros_ur_driver/install/control_msgs/include/control_msgs/msg/detail/joint_tolerance__rosidl_typesupport_fastrtps_cpp.hpp
[5.904s] -- Up-to-date: /home/d-lab/workspace/ros_ur_driver/install/control_msgs/include/control_msgs/msg/detail/joint_controller_state__rosidl_typesupport_fastrtps_cpp.hpp
[5.904s] -- Up-to-date: /home/d-lab/workspace/ros_ur_driver/install/control_msgs/include/control_msgs/msg/detail/interface_value__rosidl_typesupport_fastrtps_cpp.hpp
[5.904s] -- Installing: /home/d-lab/workspace/ros_ur_driver/install/control_msgs/lib/libcontrol_msgs__rosidl_typesupport_fastrtps_cpp.so
[5.904s] -- Set runtime path of "/home/d-lab/workspace/ros_ur_driver/install/control_msgs/lib/libcontrol_msgs__rosidl_typesupport_fastrtps_cpp.so" to ""
[5.904s] -- Up-to-date: /home/d-lab/workspace/ros_ur_driver/install/control_msgs/include/control_msgs
[5.904s] -- Up-to-date: /home/d-lab/workspace/ros_ur_driver/install/control_msgs/include/control_msgs/srv
[5.904s] -- Up-to-date: /home/d-lab/workspace/ros_ur_driver/install/control_msgs/include/control_msgs/srv/detail
[5.904s] -- Up-to-date: /home/d-lab/workspace/ros_ur_driver/install/control_msgs/include/control_msgs/srv/detail/query_calibration_state__type_support.c
[5.905s] -- Up-to-date: /home/d-lab/workspace/ros_ur_driver/install/control_msgs/include/control_msgs/srv/detail/query_trajectory_state__type_support.c
[5.905s] -- Up-to-date: /home/d-lab/workspace/ros_ur_driver/install/control_msgs/include/control_msgs/srv/detail/query_trajectory_state__rosidl_typesupport_introspection_c.h
[5.905s] -- Up-to-date: /home/d-lab/workspace/ros_ur_driver/install/control_msgs/include/control_msgs/srv/detail/query_calibration_state__rosidl_typesupport_introspection_c.h
[5.905s] -- Up-to-date: /home/d-lab/workspace/ros_ur_driver/install/control_msgs/include/control_msgs/action
[5.905s] -- Up-to-date: /home/d-lab/workspace/ros_ur_driver/install/control_msgs/include/control_msgs/action/detail
[5.905s] -- Up-to-date: /home/d-lab/workspace/ros_ur_driver/install/control_msgs/include/control_msgs/action/detail/joint_trajectory__type_support.c
[5.905s] -- Up-to-date: /home/d-lab/workspace/ros_ur_driver/install/control_msgs/include/control_msgs/action/detail/follow_joint_trajectory__type_support.c
[5.905s] -- Up-to-date: /home/d-lab/workspace/ros_ur_driver/install/control_msgs/include/control_msgs/action/detail/gripper_command__type_support.c
[5.905s] -- Up-to-date: /home/d-lab/workspace/ros_ur_driver/install/control_msgs/include/control_msgs/action/detail/point_head__rosidl_typesupport_introspection_c.h
[5.905s] -- Up-to-date: /home/d-lab/workspace/ros_ur_driver/install/control_msgs/include/control_msgs/action/detail/single_joint_position__rosidl_typesupport_introspection_c.h
[5.905s] -- Up-to-date: /home/d-lab/workspace/ros_ur_driver/install/control_msgs/include/control_msgs/action/detail/follow_joint_trajectory__rosidl_typesupport_introspection_c.h
[5.905s] -- Up-to-date: /home/d-lab/workspace/ros_ur_driver/install/control_msgs/include/control_msgs/action/detail/gripper_command__rosidl_typesupport_introspection_c.h
[5.905s] -- Up-to-date: /home/d-lab/workspace/ros_ur_driver/install/control_msgs/include/control_msgs/action/detail/single_joint_position__type_support.c
[5.905s] -- Up-to-date: /home/d-lab/workspace/ros_ur_driver/install/control_msgs/include/control_msgs/action/detail/joint_trajectory__rosidl_typesupport_introspection_c.h
[5.905s] -- Up-to-date: /home/d-lab/workspace/ros_ur_driver/install/control_msgs/include/control_msgs/action/detail/point_head__type_support.c
[5.905s] -- Up-to-date: /home/d-lab/workspace/ros_ur_driver/install/control_msgs/include/control_msgs/msg
[5.905s] -- Up-to-date: /home/d-lab/workspace/ros_ur_driver/install/control_msgs/include/control_msgs/msg/rosidl_typesupport_introspection_c__visibility_control.h
[5.905s] -- Up-to-date: /home/d-lab/workspace/ros_ur_driver/install/control_msgs/include/control_msgs/msg/detail
[5.905s] -- Up-to-date: /home/d-lab/workspace/ros_ur_driver/install/control_msgs/include/control_msgs/msg/detail/joint_tolerance__type_support.c
[5.905s] -- Up-to-date: /home/d-lab/workspace/ros_ur_driver/install/control_msgs/include/control_msgs/msg/detail/gripper_command__type_support.c
[5.905s] -- Up-to-date: /home/d-lab/workspace/ros_ur_driver/install/control_msgs/include/control_msgs/msg/detail/dynamic_joint_state__type_support.c
[5.905s] -- Up-to-date: /home/d-lab/workspace/ros_ur_driver/install/control_msgs/include/control_msgs/msg/detail/interface_value__rosidl_typesupport_introspection_c.h
[5.905s] -- Up-to-date: /home/d-lab/workspace/ros_ur_driver/install/control_msgs/include/control_msgs/msg/detail/dynamic_joint_state__rosidl_typesupport_introspection_c.h
[5.905s] -- Up-to-date: /home/d-lab/workspace/ros_ur_driver/install/control_msgs/include/control_msgs/msg/detail/gripper_command__rosidl_typesupport_introspection_c.h
[5.906s] -- Up-to-date: /home/d-lab/workspace/ros_ur_driver/install/control_msgs/include/control_msgs/msg/detail/joint_trajectory_controller_state__type_support.c
[5.906s] -- Up-to-date: /home/d-lab/workspace/ros_ur_driver/install/control_msgs/include/control_msgs/msg/detail/interface_value__type_support.c
[5.906s] -- Up-to-date: /home/d-lab/workspace/ros_ur_driver/install/control_msgs/include/control_msgs/msg/detail/joint_controller_state__rosidl_typesupport_introspection_c.h
[5.906s] -- Up-to-date: /home/d-lab/workspace/ros_ur_driver/install/control_msgs/include/control_msgs/msg/detail/pid_state__type_support.c
[5.906s] -- Up-to-date: /home/d-lab/workspace/ros_ur_driver/install/control_msgs/include/control_msgs/msg/detail/pid_state__rosidl_typesupport_introspection_c.h
[5.906s] -- Up-to-date: /home/d-lab/workspace/ros_ur_driver/install/control_msgs/include/control_msgs/msg/detail/joint_jog__rosidl_typesupport_introspection_c.h
[5.906s] -- Up-to-date: /home/d-lab/workspace/ros_ur_driver/install/control_msgs/include/control_msgs/msg/detail/joint_controller_state__type_support.c
[5.906s] -- Up-to-date: /home/d-lab/workspace/ros_ur_driver/install/control_msgs/include/control_msgs/msg/detail/joint_jog__type_support.c
[5.906s] -- Up-to-date: /home/d-lab/workspace/ros_ur_driver/install/control_msgs/include/control_msgs/msg/detail/joint_trajectory_controller_state__rosidl_typesupport_introspection_c.h
[5.906s] -- Up-to-date: /home/d-lab/workspace/ros_ur_driver/install/control_msgs/include/control_msgs/msg/detail/joint_tolerance__rosidl_typesupport_introspection_c.h
[5.906s] -- Installing: /home/d-lab/workspace/ros_ur_driver/install/control_msgs/lib/libcontrol_msgs__rosidl_typesupport_introspection_c.so
[5.906s] -- Set runtime path of "/home/d-lab/workspace/ros_ur_driver/install/control_msgs/lib/libcontrol_msgs__rosidl_typesupport_introspection_c.so" to ""
[5.906s] -- Installing: /home/d-lab/workspace/ros_ur_driver/install/control_msgs/lib/libcontrol_msgs__rosidl_typesupport_c.so
[5.906s] -- Set runtime path of "/home/d-lab/workspace/ros_ur_driver/install/control_msgs/lib/libcontrol_msgs__rosidl_typesupport_c.so" to ""
[5.906s] -- Up-to-date: /home/d-lab/workspace/ros_ur_driver/install/control_msgs/include/control_msgs
[5.906s] -- Up-to-date: /home/d-lab/workspace/ros_ur_driver/install/control_msgs/include/control_msgs/srv
[5.906s] -- Up-to-date: /home/d-lab/workspace/ros_ur_driver/install/control_msgs/include/control_msgs/srv/query_trajectory_state.hpp
[5.906s] -- Up-to-date: /home/d-lab/workspace/ros_ur_driver/install/control_msgs/include/control_msgs/srv/detail
[5.906s] -- Up-to-date: /home/d-lab/workspace/ros_ur_driver/install/control_msgs/include/control_msgs/srv/detail/query_trajectory_state__struct.hpp
[5.906s] -- Up-to-date: /home/d-lab/workspace/ros_ur_driver/install/control_msgs/include/control_msgs/srv/detail/query_trajectory_state__builder.hpp
[5.906s] -- Up-to-date: /home/d-lab/workspace/ros_ur_driver/install/control_msgs/include/control_msgs/srv/detail/query_calibration_state__struct.hpp
[5.906s] -- Up-to-date: /home/d-lab/workspace/ros_ur_driver/install/control_msgs/include/control_msgs/srv/detail/query_calibration_state__builder.hpp
[5.906s] -- Up-to-date: /home/d-lab/workspace/ros_ur_driver/install/control_msgs/include/control_msgs/srv/detail/query_trajectory_state__traits.hpp
[5.906s] -- Up-to-date: /home/d-lab/workspace/ros_ur_driver/install/control_msgs/include/control_msgs/srv/detail/query_calibration_state__traits.hpp
[5.906s] -- Up-to-date: /home/d-lab/workspace/ros_ur_driver/install/control_msgs/include/control_msgs/srv/query_calibration_state.hpp
[5.906s] -- Up-to-date: /home/d-lab/workspace/ros_ur_driver/install/control_msgs/include/control_msgs/action
[5.906s] -- Up-to-date: /home/d-lab/workspace/ros_ur_driver/install/control_msgs/include/control_msgs/action/follow_joint_trajectory.hpp
[5.907s] -- Up-to-date: /home/d-lab/workspace/ros_ur_driver/install/control_msgs/include/control_msgs/action/gripper_command.hpp
[5.907s] -- Up-to-date: /home/d-lab/workspace/ros_ur_driver/install/control_msgs/include/control_msgs/action/point_head.hpp
[5.907s] -- Up-to-date: /home/d-lab/workspace/ros_ur_driver/install/control_msgs/include/control_msgs/action/single_joint_position.hpp
[5.907s] -- Up-to-date: /home/d-lab/workspace/ros_ur_driver/install/control_msgs/include/control_msgs/action/detail
[5.907s] -- Up-to-date: /home/d-lab/workspace/ros_ur_driver/install/control_msgs/include/control_msgs/action/detail/joint_trajectory__traits.hpp
[5.907s] -- Up-to-date: /home/d-lab/workspace/ros_ur_driver/install/control_msgs/include/control_msgs/action/detail/single_joint_position__traits.hpp
[5.907s] -- Up-to-date: /home/d-lab/workspace/ros_ur_driver/install/control_msgs/include/control_msgs/action/detail/follow_joint_trajectory__builder.hpp
[5.907s] -- Up-to-date: /home/d-lab/workspace/ros_ur_driver/install/control_msgs/include/control_msgs/action/detail/point_head__builder.hpp
[5.907s] -- Up-to-date: /home/d-lab/workspace/ros_ur_driver/install/control_msgs/include/control_msgs/action/detail/gripper_command__struct.hpp
[5.907s] -- Up-to-date: /home/d-lab/workspace/ros_ur_driver/install/control_msgs/include/control_msgs/action/detail/joint_trajectory__builder.hpp
[5.907s] -- Up-to-date: /home/d-lab/workspace/ros_ur_driver/install/control_msgs/include/control_msgs/action/detail/joint_trajectory__struct.hpp
[5.907s] -- Up-to-date: /home/d-lab/workspace/ros_ur_driver/install/control_msgs/include/control_msgs/action/detail/gripper_command__builder.hpp
[5.907s] -- Up-to-date: /home/d-lab/workspace/ros_ur_driver/install/control_msgs/include/control_msgs/action/detail/single_joint_position__builder.hpp
[5.907s] -- Up-to-date: /home/d-lab/workspace/ros_ur_driver/install/control_msgs/include/control_msgs/action/detail/point_head__struct.hpp
[5.907s] -- Up-to-date: /home/d-lab/workspace/ros_ur_driver/install/control_msgs/include/control_msgs/action/detail/follow_joint_trajectory__traits.hpp
[5.907s] -- Up-to-date: /home/d-lab/workspace/ros_ur_driver/install/control_msgs/include/control_msgs/action/detail/single_joint_position__struct.hpp
[5.907s] -- Up-to-date: /home/d-lab/workspace/ros_ur_driver/install/control_msgs/include/control_msgs/action/detail/point_head__traits.hpp
[5.907s] -- Up-to-date: /home/d-lab/workspace/ros_ur_driver/install/control_msgs/include/control_msgs/action/detail/follow_joint_trajectory__struct.hpp
[5.907s] -- Up-to-date: /home/d-lab/workspace/ros_ur_driver/install/control_msgs/include/control_msgs/action/detail/gripper_command__traits.hpp
[5.907s] -- Up-to-date: /home/d-lab/workspace/ros_ur_driver/install/control_msgs/include/control_msgs/action/joint_trajectory.hpp
[5.907s] -- Up-to-date: /home/d-lab/workspace/ros_ur_driver/install/control_msgs/include/control_msgs/msg
[5.907s] -- Up-to-date: /home/d-lab/workspace/ros_ur_driver/install/control_msgs/include/control_msgs/msg/gripper_command.hpp
[5.907s] -- Up-to-date: /home/d-lab/workspace/ros_ur_driver/install/control_msgs/include/control_msgs/msg/interface_value.hpp
[5.907s] -- Up-to-date: /home/d-lab/workspace/ros_ur_driver/install/control_msgs/include/control_msgs/msg/joint_jog.hpp
[5.908s] -- Up-to-date: /home/d-lab/workspace/ros_ur_driver/install/control_msgs/include/control_msgs/msg/joint_trajectory_controller_state.hpp
[5.908s] -- Up-to-date: /home/d-lab/workspace/ros_ur_driver/install/control_msgs/include/control_msgs/msg/joint_tolerance.hpp
[5.908s] -- Up-to-date: /home/d-lab/workspace/ros_ur_driver/install/control_msgs/include/control_msgs/msg/detail
[5.908s] -- Up-to-date: /home/d-lab/workspace/ros_ur_driver/install/control_msgs/include/control_msgs/msg/detail/dynamic_joint_state__struct.hpp
[5.908s] -- Up-to-date: /home/d-lab/workspace/ros_ur_driver/install/control_msgs/include/control_msgs/msg/detail/pid_state__traits.hpp
[5.908s] -- Up-to-date: /home/d-lab/workspace/ros_ur_driver/install/control_msgs/include/control_msgs/msg/detail/joint_tolerance__builder.hpp
[5.908s] -- Up-to-date: /home/d-lab/workspace/ros_ur_driver/install/control_msgs/include/control_msgs/msg/detail/pid_state__builder.hpp
[5.908s] -- Up-to-date: /home/d-lab/workspace/ros_ur_driver/install/control_msgs/include/control_msgs/msg/detail/joint_jog__struct.hpp
[5.908s] -- Up-to-date: /home/d-lab/workspace/ros_ur_driver/install/control_msgs/include/control_msgs/msg/detail/joint_jog__traits.hpp
[5.908s] -- Up-to-date: /home/d-lab/workspace/ros_ur_driver/install/control_msgs/include/control_msgs/msg/detail/joint_controller_state__builder.hpp
[5.908s] -- Up-to-date: /home/d-lab/workspace/ros_ur_driver/install/control_msgs/include/control_msgs/msg/detail/interface_value__struct.hpp
[5.908s] -- Up-to-date: /home/d-lab/workspace/ros_ur_driver/install/control_msgs/include/control_msgs/msg/detail/joint_controller_state__struct.hpp
[5.908s] -- Up-to-date: /home/d-lab/workspace/ros_ur_driver/install/control_msgs/include/control_msgs/msg/detail/joint_tolerance__struct.hpp
[5.908s] -- Up-to-date: /home/d-lab/workspace/ros_ur_driver/install/control_msgs/include/control_msgs/msg/detail/gripper_command__struct.hpp
[5.908s] -- Up-to-date: /home/d-lab/workspace/ros_ur_driver/install/control_msgs/include/control_msgs/msg/detail/interface_value__builder.hpp
[5.908s] -- Up-to-date: /home/d-lab/workspace/ros_ur_driver/install/control_msgs/include/control_msgs/msg/detail/joint_controller_state__traits.hpp
[5.908s] -- Up-to-date: /home/d-lab/workspace/ros_ur_driver/install/control_msgs/include/control_msgs/msg/detail/joint_trajectory_controller_state__traits.hpp
[5.908s] -- Up-to-date: /home/d-lab/workspace/ros_ur_driver/install/control_msgs/include/control_msgs/msg/detail/gripper_command__builder.hpp
[5.908s] -- Up-to-date: /home/d-lab/workspace/ros_ur_driver/install/control_msgs/include/control_msgs/msg/detail/joint_trajectory_controller_state__struct.hpp
[5.908s] -- Up-to-date: /home/d-lab/workspace/ros_ur_driver/install/control_msgs/include/control_msgs/msg/detail/joint_trajectory_controller_state__builder.hpp
[5.908s] -- Up-to-date: /home/d-lab/workspace/ros_ur_driver/install/control_msgs/include/control_msgs/msg/detail/dynamic_joint_state__builder.hpp
[5.908s] -- Up-to-date: /home/d-lab/workspace/ros_ur_driver/install/control_msgs/include/control_msgs/msg/detail/joint_tolerance__traits.hpp
[5.908s] -- Up-to-date: /home/d-lab/workspace/ros_ur_driver/install/control_msgs/include/control_msgs/msg/detail/interface_value__traits.hpp
[5.908s] -- Up-to-date: /home/d-lab/workspace/ros_ur_driver/install/control_msgs/include/control_msgs/msg/detail/dynamic_joint_state__traits.hpp
[5.908s] -- Up-to-date: /home/d-lab/workspace/ros_ur_driver/install/control_msgs/include/control_msgs/msg/detail/joint_jog__builder.hpp
[5.909s] -- Up-to-date: /home/d-lab/workspace/ros_ur_driver/install/control_msgs/include/control_msgs/msg/detail/pid_state__struct.hpp
[5.909s] -- Up-to-date: /home/d-lab/workspace/ros_ur_driver/install/control_msgs/include/control_msgs/msg/detail/gripper_command__traits.hpp
[5.909s] -- Up-to-date: /home/d-lab/workspace/ros_ur_driver/install/control_msgs/include/control_msgs/msg/dynamic_joint_state.hpp
[5.909s] -- Up-to-date: /home/d-lab/workspace/ros_ur_driver/install/control_msgs/include/control_msgs/msg/pid_state.hpp
[5.909s] -- Up-to-date: /home/d-lab/workspace/ros_ur_driver/install/control_msgs/include/control_msgs/msg/joint_controller_state.hpp
[5.909s] -- Up-to-date: /home/d-lab/workspace/ros_ur_driver/install/control_msgs/include/control_msgs
[5.909s] -- Up-to-date: /home/d-lab/workspace/ros_ur_driver/install/control_msgs/include/control_msgs/srv
[5.909s] -- Up-to-date: /home/d-lab/workspace/ros_ur_driver/install/control_msgs/include/control_msgs/srv/detail
[5.909s] -- Up-to-date: /home/d-lab/workspace/ros_ur_driver/install/control_msgs/include/control_msgs/srv/detail/query_trajectory_state__type_support.cpp
[5.909s] -- Up-to-date: /home/d-lab/workspace/ros_ur_driver/install/control_msgs/include/control_msgs/srv/detail/query_calibration_state__type_support.cpp
[5.909s] -- Up-to-date: /home/d-lab/workspace/ros_ur_driver/install/control_msgs/include/control_msgs/srv/detail/query_calibration_state__rosidl_typesupport_introspection_cpp.hpp
[5.909s] -- Up-to-date: /home/d-lab/workspace/ros_ur_driver/install/control_msgs/include/control_msgs/srv/detail/query_trajectory_state__rosidl_typesupport_introspection_cpp.hpp
[5.909s] -- Up-to-date: /home/d-lab/workspace/ros_ur_driver/install/control_msgs/include/control_msgs/action
[5.909s] -- Up-to-date: /home/d-lab/workspace/ros_ur_driver/install/control_msgs/include/control_msgs/action/detail
[5.909s] -- Up-to-date: /home/d-lab/workspace/ros_ur_driver/install/control_msgs/include/control_msgs/action/detail/gripper_command__type_support.cpp
[5.909s] -- Up-to-date: /home/d-lab/workspace/ros_ur_driver/install/control_msgs/include/control_msgs/action/detail/single_joint_position__rosidl_typesupport_introspection_cpp.hpp
[5.909s] -- Up-to-date: /home/d-lab/workspace/ros_ur_driver/install/control_msgs/include/control_msgs/action/detail/point_head__type_support.cpp
[5.909s] -- Up-to-date: /home/d-lab/workspace/ros_ur_driver/install/control_msgs/include/control_msgs/action/detail/point_head__rosidl_typesupport_introspection_cpp.hpp
[5.909s] -- Up-to-date: /home/d-lab/workspace/ros_ur_driver/install/control_msgs/include/control_msgs/action/detail/joint_trajectory__rosidl_typesupport_introspection_cpp.hpp
[5.909s] -- Up-to-date: /home/d-lab/workspace/ros_ur_driver/install/control_msgs/include/control_msgs/action/detail/follow_joint_trajectory__rosidl_typesupport_introspection_cpp.hpp
[5.909s] -- Up-to-date: /home/d-lab/workspace/ros_ur_driver/install/control_msgs/include/control_msgs/action/detail/joint_trajectory__type_support.cpp
[5.909s] -- Up-to-date: /home/d-lab/workspace/ros_ur_driver/install/control_msgs/include/control_msgs/action/detail/gripper_command__rosidl_typesupport_introspection_cpp.hpp
[5.909s] -- Up-to-date: /home/d-lab/workspace/ros_ur_driver/install/control_msgs/include/control_msgs/action/detail/follow_joint_trajectory__type_support.cpp
[5.909s] -- Up-to-date: /home/d-lab/workspace/ros_ur_driver/install/control_msgs/include/control_msgs/action/detail/single_joint_position__type_support.cpp
[5.909s] -- Up-to-date: /home/d-lab/workspace/ros_ur_driver/install/control_msgs/include/control_msgs/msg
[5.909s] -- Up-to-date: /home/d-lab/workspace/ros_ur_driver/install/control_msgs/include/control_msgs/msg/detail
[5.910s] -- Up-to-date: /home/d-lab/workspace/ros_ur_driver/install/control_msgs/include/control_msgs/msg/detail/joint_trajectory_controller_state__rosidl_typesupport_introspection_cpp.hpp
[5.910s] -- Up-to-date: /home/d-lab/workspace/ros_ur_driver/install/control_msgs/include/control_msgs/msg/detail/gripper_command__type_support.cpp
[5.910s] -- Up-to-date: /home/d-lab/workspace/ros_ur_driver/install/control_msgs/include/control_msgs/msg/detail/joint_tolerance__rosidl_typesupport_introspection_cpp.hpp
[5.910s] -- Up-to-date: /home/d-lab/workspace/ros_ur_driver/install/control_msgs/include/control_msgs/msg/detail/dynamic_joint_state__rosidl_typesupport_introspection_cpp.hpp
[5.910s] -- Up-to-date: /home/d-lab/workspace/ros_ur_driver/install/control_msgs/include/control_msgs/msg/detail/joint_controller_state__type_support.cpp
[5.910s] -- Up-to-date: /home/d-lab/workspace/ros_ur_driver/install/control_msgs/include/control_msgs/msg/detail/joint_tolerance__type_support.cpp
[5.910s] -- Up-to-date: /home/d-lab/workspace/ros_ur_driver/install/control_msgs/include/control_msgs/msg/detail/joint_jog__type_support.cpp
[5.910s] -- Up-to-date: /home/d-lab/workspace/ros_ur_driver/install/control_msgs/include/control_msgs/msg/detail/gripper_command__rosidl_typesupport_introspection_cpp.hpp
[5.910s] -- Up-to-date: /home/d-lab/workspace/ros_ur_driver/install/control_msgs/include/control_msgs/msg/detail/interface_value__type_support.cpp
[5.910s] -- Up-to-date: /home/d-lab/workspace/ros_ur_driver/install/control_msgs/include/control_msgs/msg/detail/pid_state__type_support.cpp
[5.910s] -- Up-to-date: /home/d-lab/workspace/ros_ur_driver/install/control_msgs/include/control_msgs/msg/detail/interface_value__rosidl_typesupport_introspection_cpp.hpp
[5.910s] -- Up-to-date: /home/d-lab/workspace/ros_ur_driver/install/control_msgs/include/control_msgs/msg/detail/joint_controller_state__rosidl_typesupport_introspection_cpp.hpp
[5.910s] -- Up-to-date: /home/d-lab/workspace/ros_ur_driver/install/control_msgs/include/control_msgs/msg/detail/joint_jog__rosidl_typesupport_introspection_cpp.hpp
[5.910s] -- Up-to-date: /home/d-lab/workspace/ros_ur_driver/install/control_msgs/include/control_msgs/msg/detail/pid_state__rosidl_typesupport_introspection_cpp.hpp
[5.910s] -- Up-to-date: /home/d-lab/workspace/ros_ur_driver/install/control_msgs/include/control_msgs/msg/detail/dynamic_joint_state__type_support.cpp
[5.910s] -- Up-to-date: /home/d-lab/workspace/ros_ur_driver/install/control_msgs/include/control_msgs/msg/detail/joint_trajectory_controller_state__type_support.cpp
[5.910s] -- Installing: /home/d-lab/workspace/ros_ur_driver/install/control_msgs/lib/libcontrol_msgs__rosidl_typesupport_introspection_cpp.so
[5.910s] -- Set runtime path of "/home/d-lab/workspace/ros_ur_driver/install/control_msgs/lib/libcontrol_msgs__rosidl_typesupport_introspection_cpp.so" to ""
[5.910s] -- Installing: /home/d-lab/workspace/ros_ur_driver/install/control_msgs/lib/libcontrol_msgs__rosidl_typesupport_cpp.so
[5.910s] -- Set runtime path of "/home/d-lab/workspace/ros_ur_driver/install/control_msgs/lib/libcontrol_msgs__rosidl_typesupport_cpp.so" to ""
[5.910s] -- Up-to-date: /home/d-lab/workspace/ros_ur_driver/install/control_msgs/share/control_msgs/environment/pythonpath.sh
[5.910s] -- Installing: /home/d-lab/workspace/ros_ur_driver/install/control_msgs/share/control_msgs/environment/pythonpath.dsv
[5.910s] -- Installing: /home/d-lab/workspace/ros_ur_driver/install/control_msgs/lib/python3.8/site-packages/control_msgs/__init__.py
[5.928s] Compiling '/home/d-lab/workspace/ros_ur_driver/install/control_msgs/lib/python3.8/site-packages/control_msgs/__init__.py'...
[5.931s] -- Up-to-date: /home/d-lab/workspace/ros_ur_driver/install/control_msgs/lib/python3.8/site-packages/control_msgs/msg
[5.931s] -- Up-to-date: /home/d-lab/workspace/ros_ur_driver/install/control_msgs/lib/python3.8/site-packages/control_msgs/msg/_gripper_command_s.c
[5.931s] -- Up-to-date: /home/d-lab/workspace/ros_ur_driver/install/control_msgs/lib/python3.8/site-packages/control_msgs/msg/_joint_tolerance.py
[5.931s] -- Up-to-date: /home/d-lab/workspace/ros_ur_driver/install/control_msgs/lib/python3.8/site-packages/control_msgs/msg/_joint_controller_state_s.c
[5.932s] -- Up-to-date: /home/d-lab/workspace/ros_ur_driver/install/control_msgs/lib/python3.8/site-packages/control_msgs/msg/_gripper_command.py
[5.932s] -- Up-to-date: /home/d-lab/workspace/ros_ur_driver/install/control_msgs/lib/python3.8/site-packages/control_msgs/msg/_interface_value.py
[5.932s] -- Up-to-date: /home/d-lab/workspace/ros_ur_driver/install/control_msgs/lib/python3.8/site-packages/control_msgs/msg/_interface_value_s.c
[5.932s] -- Up-to-date: /home/d-lab/workspace/ros_ur_driver/install/control_msgs/lib/python3.8/site-packages/control_msgs/msg/_pid_state_s.c
[5.932s] -- Up-to-date: /home/d-lab/workspace/ros_ur_driver/install/control_msgs/lib/python3.8/site-packages/control_msgs/msg/_dynamic_joint_state.py
[5.932s] -- Up-to-date: /home/d-lab/workspace/ros_ur_driver/install/control_msgs/lib/python3.8/site-packages/control_msgs/msg/_joint_jog.py
[5.932s] -- Up-to-date: /home/d-lab/workspace/ros_ur_driver/install/control_msgs/lib/python3.8/site-packages/control_msgs/msg/_joint_tolerance_s.c
[5.932s] -- Up-to-date: /home/d-lab/workspace/ros_ur_driver/install/control_msgs/lib/python3.8/site-packages/control_msgs/msg/_dynamic_joint_state_s.c
[5.932s] -- Up-to-date: /home/d-lab/workspace/ros_ur_driver/install/control_msgs/lib/python3.8/site-packages/control_msgs/msg/_joint_jog_s.c
[5.932s] -- Up-to-date: /home/d-lab/workspace/ros_ur_driver/install/control_msgs/lib/python3.8/site-packages/control_msgs/msg/__init__.py
[5.932s] -- Up-to-date: /home/d-lab/workspace/ros_ur_driver/install/control_msgs/lib/python3.8/site-packages/control_msgs/msg/_pid_state.py
[5.932s] -- Up-to-date: /home/d-lab/workspace/ros_ur_driver/install/control_msgs/lib/python3.8/site-packages/control_msgs/msg/_joint_controller_state.py
[5.932s] -- Up-to-date: /home/d-lab/workspace/ros_ur_driver/install/control_msgs/lib/python3.8/site-packages/control_msgs/msg/_joint_trajectory_controller_state_s.c
[5.932s] -- Up-to-date: /home/d-lab/workspace/ros_ur_driver/install/control_msgs/lib/python3.8/site-packages/control_msgs/msg/_joint_trajectory_controller_state.py
[5.932s] -- Up-to-date: /home/d-lab/workspace/ros_ur_driver/install/control_msgs/lib/python3.8/site-packages/control_msgs/srv
[5.932s] -- Up-to-date: /home/d-lab/workspace/ros_ur_driver/install/control_msgs/lib/python3.8/site-packages/control_msgs/srv/_query_trajectory_state_s.c
[5.932s] -- Up-to-date: /home/d-lab/workspace/ros_ur_driver/install/control_msgs/lib/python3.8/site-packages/control_msgs/srv/_query_calibration_state.py
[5.932s] -- Up-to-date: /home/d-lab/workspace/ros_ur_driver/install/control_msgs/lib/python3.8/site-packages/control_msgs/srv/_query_trajectory_state.py
[5.932s] -- Up-to-date: /home/d-lab/workspace/ros_ur_driver/install/control_msgs/lib/python3.8/site-packages/control_msgs/srv/__init__.py
[5.932s] -- Up-to-date: /home/d-lab/workspace/ros_ur_driver/install/control_msgs/lib/python3.8/site-packages/control_msgs/srv/_query_calibration_state_s.c
[5.932s] -- Up-to-date: /home/d-lab/workspace/ros_ur_driver/install/control_msgs/lib/python3.8/site-packages/control_msgs/action
[5.932s] -- Up-to-date: /home/d-lab/workspace/ros_ur_driver/install/control_msgs/lib/python3.8/site-packages/control_msgs/action/_gripper_command_s.c
[5.932s] -- Up-to-date: /home/d-lab/workspace/ros_ur_driver/install/control_msgs/lib/python3.8/site-packages/control_msgs/action/_point_head_s.c
[5.932s] -- Up-to-date: /home/d-lab/workspace/ros_ur_driver/install/control_msgs/lib/python3.8/site-packages/control_msgs/action/_point_head.py
[5.932s] -- Up-to-date: /home/d-lab/workspace/ros_ur_driver/install/control_msgs/lib/python3.8/site-packages/control_msgs/action/_single_joint_position.py
[5.932s] -- Up-to-date: /home/d-lab/workspace/ros_ur_driver/install/control_msgs/lib/python3.8/site-packages/control_msgs/action/_gripper_command.py
[5.933s] -- Up-to-date: /home/d-lab/workspace/ros_ur_driver/install/control_msgs/lib/python3.8/site-packages/control_msgs/action/_single_joint_position_s.c
[5.933s] -- Up-to-date: /home/d-lab/workspace/ros_ur_driver/install/control_msgs/lib/python3.8/site-packages/control_msgs/action/_joint_trajectory.py
[5.933s] -- Up-to-date: /home/d-lab/workspace/ros_ur_driver/install/control_msgs/lib/python3.8/site-packages/control_msgs/action/_follow_joint_trajectory.py
[5.933s] -- Up-to-date: /home/d-lab/workspace/ros_ur_driver/install/control_msgs/lib/python3.8/site-packages/control_msgs/action/_follow_joint_trajectory_s.c
[5.933s] -- Up-to-date: /home/d-lab/workspace/ros_ur_driver/install/control_msgs/lib/python3.8/site-packages/control_msgs/action/__init__.py
[5.933s] -- Up-to-date: /home/d-lab/workspace/ros_ur_driver/install/control_msgs/lib/python3.8/site-packages/control_msgs/action/_joint_trajectory_s.c
[5.933s] -- Installing: /home/d-lab/workspace/ros_ur_driver/install/control_msgs/lib/python3.8/site-packages/control_msgs/control_msgs_s__rosidl_typesupport_fastrtps_c.cpython-38-x86_64-linux-gnu.so
[5.933s] -- Set runtime path of "/home/d-lab/workspace/ros_ur_driver/install/control_msgs/lib/python3.8/site-packages/control_msgs/control_msgs_s__rosidl_typesupport_fastrtps_c.cpython-38-x86_64-linux-gnu.so" to ""
[5.933s] -- Installing: /home/d-lab/workspace/ros_ur_driver/install/control_msgs/lib/python3.8/site-packages/control_msgs/control_msgs_s__rosidl_typesupport_introspection_c.cpython-38-x86_64-linux-gnu.so
[5.933s] -- Set runtime path of "/home/d-lab/workspace/ros_ur_driver/install/control_msgs/lib/python3.8/site-packages/control_msgs/control_msgs_s__rosidl_typesupport_introspection_c.cpython-38-x86_64-linux-gnu.so" to ""
[5.934s] -- Installing: /home/d-lab/workspace/ros_ur_driver/install/control_msgs/lib/python3.8/site-packages/control_msgs/control_msgs_s__rosidl_typesupport_c.cpython-38-x86_64-linux-gnu.so
[5.935s] -- Set runtime path of "/home/d-lab/workspace/ros_ur_driver/install/control_msgs/lib/python3.8/site-packages/control_msgs/control_msgs_s__rosidl_typesupport_c.cpython-38-x86_64-linux-gnu.so" to ""
[5.935s] -- Installing: /home/d-lab/workspace/ros_ur_driver/install/control_msgs/lib/libcontrol_msgs__python.so
[5.935s] -- Set runtime path of "/home/d-lab/workspace/ros_ur_driver/install/control_msgs/lib/libcontrol_msgs__python.so" to ""
[5.935s] -- Up-to-date: /home/d-lab/workspace/ros_ur_driver/install/control_msgs/share/control_msgs/msg/DynamicJointState.idl
[5.935s] -- Up-to-date: /home/d-lab/workspace/ros_ur_driver/install/control_msgs/share/control_msgs/msg/GripperCommand.idl
[5.935s] -- Up-to-date: /home/d-lab/workspace/ros_ur_driver/install/control_msgs/share/control_msgs/msg/InterfaceValue.idl
[5.935s] -- Up-to-date: /home/d-lab/workspace/ros_ur_driver/install/control_msgs/share/control_msgs/msg/JointControllerState.idl
[5.936s] -- Up-to-date: /home/d-lab/workspace/ros_ur_driver/install/control_msgs/share/control_msgs/msg/JointJog.idl
[5.936s] -- Up-to-date: /home/d-lab/workspace/ros_ur_driver/install/control_msgs/share/control_msgs/msg/JointTolerance.idl
[5.936s] -- Up-to-date: /home/d-lab/workspace/ros_ur_driver/install/control_msgs/share/control_msgs/msg/JointTrajectoryControllerState.idl
[5.936s] -- Up-to-date: /home/d-lab/workspace/ros_ur_driver/install/control_msgs/share/control_msgs/msg/PidState.idl
[5.936s] -- Up-to-date: /home/d-lab/workspace/ros_ur_driver/install/control_msgs/share/control_msgs/srv/QueryCalibrationState.idl
[5.936s] -- Up-to-date: /home/d-lab/workspace/ros_ur_driver/install/control_msgs/share/control_msgs/srv/QueryTrajectoryState.idl
[5.936s] -- Up-to-date: /home/d-lab/workspace/ros_ur_driver/install/control_msgs/share/control_msgs/action/FollowJointTrajectory.idl
[5.936s] -- Up-to-date: /home/d-lab/workspace/ros_ur_driver/install/control_msgs/share/control_msgs/action/GripperCommand.idl
[5.936s] -- Up-to-date: /home/d-lab/workspace/ros_ur_driver/install/control_msgs/share/control_msgs/action/JointTrajectory.idl
[5.936s] -- Up-to-date: /home/d-lab/workspace/ros_ur_driver/install/control_msgs/share/control_msgs/action/PointHead.idl
[5.936s] -- Up-to-date: /home/d-lab/workspace/ros_ur_driver/install/control_msgs/share/control_msgs/action/SingleJointPosition.idl
[5.936s] -- Up-to-date: /home/d-lab/workspace/ros_ur_driver/install/control_msgs/share/control_msgs/msg/DynamicJointState.msg
[5.936s] -- Up-to-date: /home/d-lab/workspace/ros_ur_driver/install/control_msgs/share/control_msgs/msg/GripperCommand.msg
[5.936s] -- Up-to-date: /home/d-lab/workspace/ros_ur_driver/install/control_msgs/share/control_msgs/msg/InterfaceValue.msg
[5.936s] -- Up-to-date: /home/d-lab/workspace/ros_ur_driver/install/control_msgs/share/control_msgs/msg/JointControllerState.msg
[5.937s] -- Up-to-date: /home/d-lab/workspace/ros_ur_driver/install/control_msgs/share/control_msgs/msg/JointJog.msg
[5.937s] -- Up-to-date: /home/d-lab/workspace/ros_ur_driver/install/control_msgs/share/control_msgs/msg/JointTolerance.msg
[5.937s] -- Up-to-date: /home/d-lab/workspace/ros_ur_driver/install/control_msgs/share/control_msgs/msg/JointTrajectoryControllerState.msg
[5.937s] -- Up-to-date: /home/d-lab/workspace/ros_ur_driver/install/control_msgs/share/control_msgs/msg/PidState.msg
[5.937s] -- Up-to-date: /home/d-lab/workspace/ros_ur_driver/install/control_msgs/share/control_msgs/srv/QueryCalibrationState.srv
[5.937s] -- Up-to-date: /home/d-lab/workspace/ros_ur_driver/install/control_msgs/share/control_msgs/srv/QueryCalibrationState_Request.msg
[5.937s] -- Up-to-date: /home/d-lab/workspace/ros_ur_driver/install/control_msgs/share/control_msgs/srv/QueryCalibrationState_Response.msg
[5.937s] -- Up-to-date: /home/d-lab/workspace/ros_ur_driver/install/control_msgs/share/control_msgs/srv/QueryTrajectoryState.srv
[5.937s] -- Up-to-date: /home/d-lab/workspace/ros_ur_driver/install/control_msgs/share/control_msgs/srv/QueryTrajectoryState_Request.msg
[5.937s] -- Up-to-date: /home/d-lab/workspace/ros_ur_driver/install/control_msgs/share/control_msgs/srv/QueryTrajectoryState_Response.msg
[5.937s] -- Up-to-date: /home/d-lab/workspace/ros_ur_driver/install/control_msgs/share/control_msgs/action/FollowJointTrajectory.action
[5.937s] -- Up-to-date: /home/d-lab/workspace/ros_ur_driver/install/control_msgs/share/control_msgs/action/GripperCommand.action
[5.937s] -- Up-to-date: /home/d-lab/workspace/ros_ur_driver/install/control_msgs/share/control_msgs/action/JointTrajectory.action
[5.937s] -- Up-to-date: /home/d-lab/workspace/ros_ur_driver/install/control_msgs/share/control_msgs/action/PointHead.action
[5.937s] -- Up-to-date: /home/d-lab/workspace/ros_ur_driver/install/control_msgs/share/control_msgs/action/SingleJointPosition.action
[5.937s] -- Up-to-date: /home/d-lab/workspace/ros_ur_driver/install/control_msgs/share/ament_index/resource_index/package_run_dependencies/control_msgs
[5.937s] -- Installing: /home/d-lab/workspace/ros_ur_driver/install/control_msgs/share/ament_index/resource_index/parent_prefix_path/control_msgs
[5.937s] -- Up-to-date: /home/d-lab/workspace/ros_ur_driver/install/control_msgs/share/control_msgs/environment/ament_prefix_path.sh
[5.937s] -- Installing: /home/d-lab/workspace/ros_ur_driver/install/control_msgs/share/control_msgs/environment/ament_prefix_path.dsv
[5.937s] -- Up-to-date: /home/d-lab/workspace/ros_ur_driver/install/control_msgs/share/control_msgs/environment/path.sh
[5.937s] -- Installing: /home/d-lab/workspace/ros_ur_driver/install/control_msgs/share/control_msgs/environment/path.dsv
[5.937s] -- Up-to-date: /home/d-lab/workspace/ros_ur_driver/install/control_msgs/share/control_msgs/local_setup.bash
[5.938s] -- Up-to-date: /home/d-lab/workspace/ros_ur_driver/install/control_msgs/share/control_msgs/local_setup.sh
[5.938s] -- Up-to-date: /home/d-lab/workspace/ros_ur_driver/install/control_msgs/share/control_msgs/local_setup.zsh
[5.938s] -- Installing: /home/d-lab/workspace/ros_ur_driver/install/control_msgs/share/control_msgs/local_setup.dsv
[5.938s] -- Installing: /home/d-lab/workspace/ros_ur_driver/install/control_msgs/share/control_msgs/package.dsv
[5.938s] -- Up-to-date: /home/d-lab/workspace/ros_ur_driver/install/control_msgs/share/ament_index/resource_index/packages/control_msgs
[5.938s] -- Up-to-date: /home/d-lab/workspace/ros_ur_driver/install/control_msgs/share/control_msgs/cmake/control_msgs__rosidl_generator_cExport.cmake
[5.938s] -- Installing: /home/d-lab/workspace/ros_ur_driver/install/control_msgs/share/control_msgs/cmake/control_msgs__rosidl_generator_cExport-noconfig.cmake
[5.938s] -- Up-to-date: /home/d-lab/workspace/ros_ur_driver/install/control_msgs/share/control_msgs/cmake/control_msgs__rosidl_typesupport_introspection_cExport.cmake
[5.938s] -- Installing: /home/d-lab/workspace/ros_ur_driver/install/control_msgs/share/control_msgs/cmake/control_msgs__rosidl_typesupport_introspection_cExport-noconfig.cmake
[5.938s] -- Up-to-date: /home/d-lab/workspace/ros_ur_driver/install/control_msgs/share/control_msgs/cmake/control_msgs__rosidl_typesupport_cExport.cmake
[5.938s] -- Installing: /home/d-lab/workspace/ros_ur_driver/install/control_msgs/share/control_msgs/cmake/control_msgs__rosidl_typesupport_cExport-noconfig.cmake
[5.939s] -- Up-to-date: /home/d-lab/workspace/ros_ur_driver/install/control_msgs/share/control_msgs/cmake/control_msgs__rosidl_generator_cppExport.cmake
[5.939s] -- Up-to-date: /home/d-lab/workspace/ros_ur_driver/install/control_msgs/share/control_msgs/cmake/control_msgs__rosidl_typesupport_introspection_cppExport.cmake
[5.939s] -- Installing: /home/d-lab/workspace/ros_ur_driver/install/control_msgs/share/control_msgs/cmake/control_msgs__rosidl_typesupport_introspection_cppExport-noconfig.cmake
[5.939s] -- Up-to-date: /home/d-lab/workspace/ros_ur_driver/install/control_msgs/share/control_msgs/cmake/control_msgs__rosidl_typesupport_cppExport.cmake
[5.939s] -- Installing: /home/d-lab/workspace/ros_ur_driver/install/control_msgs/share/control_msgs/cmake/control_msgs__rosidl_typesupport_cppExport-noconfig.cmake
[5.939s] -- Up-to-date: /home/d-lab/workspace/ros_ur_driver/install/control_msgs/share/control_msgs/cmake/rosidl_cmake-extras.cmake
[5.939s] -- Up-to-date: /home/d-lab/workspace/ros_ur_driver/install/control_msgs/share/control_msgs/cmake/ament_cmake_export_dependencies-extras.cmake
[5.939s] -- Up-to-date: /home/d-lab/workspace/ros_ur_driver/install/control_msgs/share/control_msgs/cmake/ament_cmake_export_libraries-extras.cmake
[5.939s] -- Up-to-date: /home/d-lab/workspace/ros_ur_driver/install/control_msgs/share/control_msgs/cmake/ament_cmake_export_targets-extras.cmake
[5.939s] -- Up-to-date: /home/d-lab/workspace/ros_ur_driver/install/control_msgs/share/control_msgs/cmake/ament_cmake_export_include_directories-extras.cmake
[5.939s] -- Up-to-date: /home/d-lab/workspace/ros_ur_driver/install/control_msgs/share/control_msgs/cmake/rosidl_cmake_export_typesupport_libraries-extras.cmake
[5.939s] -- Up-to-date: /home/d-lab/workspace/ros_ur_driver/install/control_msgs/share/control_msgs/cmake/rosidl_cmake_export_typesupport_targets-extras.cmake
[5.940s] -- Up-to-date: /home/d-lab/workspace/ros_ur_driver/install/control_msgs/share/control_msgs/cmake/control_msgsConfig.cmake
[5.940s] -- Up-to-date: /home/d-lab/workspace/ros_ur_driver/install/control_msgs/share/control_msgs/cmake/control_msgsConfig-version.cmake
[5.940s] -- Up-to-date: /home/d-lab/workspace/ros_ur_driver/install/control_msgs/share/control_msgs/package.xml
[5.942s] Invoked command in '/home/d-lab/workspace/ros_ur_driver/build/control_msgs' returned '0': CMAKE_PREFIX_PATH=${CMAKE_PREFIX_PATH}:/home/d-lab/workspace/ros_ur_driver/install/ros2controlcli:/home/d-lab/workspace/ros_ur_driver/install/ros2_control_test_nodes:/opt/ros/foxy /usr/bin/cmake --install /home/d-lab/workspace/ros_ur_driver/build/control_msgs
