[0.022s] Invoking command in '/home/d-lab/workspace/ros_ur_driver/build/cartesian_controller_base': AMENT_PREFIX_PATH=/home/d-lab/workspace/ros_ur_driver/install/controller_interface:/home/d-lab/workspace/ros_ur_driver/install/hardware_interface:/home/d-lab/workspace/ros_ur_driver/install/control_msgs:${AMENT_PREFIX_PATH} CMAKE_PREFIX_PATH=/home/d-lab/workspace/ros_ur_driver/install/controller_interface:/home/d-lab/workspace/ros_ur_driver/install/hardware_interface:/home/d-lab/workspace/ros_ur_driver/install/control_msgs:/opt/ros/foxy LD_LIBRARY_PATH=/home/d-lab/workspace/ros_ur_driver/install/controller_interface/lib:/home/d-lab/workspace/ros_ur_driver/install/hardware_interface/lib:/home/d-lab/workspace/ros_ur_driver/install/control_msgs/lib:${LD_LIBRARY_PATH} PYTHONPATH=/home/d-lab/workspace/ros_ur_driver/install/control_msgs/lib/python3.8/site-packages:${PYTHONPATH} /usr/bin/cmake --build /home/d-lab/workspace/ros_ur_driver/build/cartesian_controller_base -- -j16 -l16
[0.087s] [ 45%] Built target cartesian_controller_base
[0.088s] [100%] Built target ik_solvers
[0.099s] Invoked command in '/home/d-lab/workspace/ros_ur_driver/build/cartesian_controller_base' returned '0': AMENT_PREFIX_PATH=/home/d-lab/workspace/ros_ur_driver/install/controller_interface:/home/d-lab/workspace/ros_ur_driver/install/hardware_interface:/home/d-lab/workspace/ros_ur_driver/install/control_msgs:${AMENT_PREFIX_PATH} CMAKE_PREFIX_PATH=/home/d-lab/workspace/ros_ur_driver/install/controller_interface:/home/d-lab/workspace/ros_ur_driver/install/hardware_interface:/home/d-lab/workspace/ros_ur_driver/install/control_msgs:/opt/ros/foxy LD_LIBRARY_PATH=/home/d-lab/workspace/ros_ur_driver/install/controller_interface/lib:/home/d-lab/workspace/ros_ur_driver/install/hardware_interface/lib:/home/d-lab/workspace/ros_ur_driver/install/control_msgs/lib:${LD_LIBRARY_PATH} PYTHONPATH=/home/d-lab/workspace/ros_ur_driver/install/control_msgs/lib/python3.8/site-packages:${PYTHONPATH} /usr/bin/cmake --build /home/d-lab/workspace/ros_ur_driver/build/cartesian_controller_base -- -j16 -l16
[0.133s] Invoking command in '/home/d-lab/workspace/ros_ur_driver/build/cartesian_controller_base': AMENT_PREFIX_PATH=/home/d-lab/workspace/ros_ur_driver/install/controller_interface:/home/d-lab/workspace/ros_ur_driver/install/hardware_interface:/home/d-lab/workspace/ros_ur_driver/install/control_msgs:${AMENT_PREFIX_PATH} CMAKE_PREFIX_PATH=/home/d-lab/workspace/ros_ur_driver/install/controller_interface:/home/d-lab/workspace/ros_ur_driver/install/hardware_interface:/home/d-lab/workspace/ros_ur_driver/install/control_msgs:/opt/ros/foxy LD_LIBRARY_PATH=/home/d-lab/workspace/ros_ur_driver/install/controller_interface/lib:/home/d-lab/workspace/ros_ur_driver/install/hardware_interface/lib:/home/d-lab/workspace/ros_ur_driver/install/control_msgs/lib:${LD_LIBRARY_PATH} PYTHONPATH=/home/d-lab/workspace/ros_ur_driver/install/control_msgs/lib/python3.8/site-packages:${PYTHONPATH} /usr/bin/cmake --install /home/d-lab/workspace/ros_ur_driver/build/cartesian_controller_base
[0.139s] -- Install configuration: ""
[0.139s] -- Up-to-date: /home/d-lab/workspace/ros_ur_driver/install/cartesian_controller_base/share/cartesian_controller_base/ik_solver_plugin.xml
[0.139s] -- Up-to-date: /home/d-lab/workspace/ros_ur_driver/install/cartesian_controller_base/include
[0.139s] -- Up-to-date: /home/d-lab/workspace/ros_ur_driver/install/cartesian_controller_base/include/cartesian_controller_base
[0.140s] -- Up-to-date: /home/d-lab/workspace/ros_ur_driver/install/cartesian_controller_base/include/cartesian_controller_base/DampedLeastSquaresSolver.h
[0.140s] -- Up-to-date: /home/d-lab/workspace/ros_ur_driver/install/cartesian_controller_base/include/cartesian_controller_base/Utility.h
[0.140s] -- Up-to-date: /home/d-lab/workspace/ros_ur_driver/install/cartesian_controller_base/include/cartesian_controller_base/SpatialPDController.h
[0.140s] -- Up-to-date: /home/d-lab/workspace/ros_ur_driver/install/cartesian_controller_base/include/cartesian_controller_base/ForwardDynamicsSolver.h
[0.140s] -- Up-to-date: /home/d-lab/workspace/ros_ur_driver/install/cartesian_controller_base/include/cartesian_controller_base/IKSolver.h
[0.140s] -- Up-to-date: /home/d-lab/workspace/ros_ur_driver/install/cartesian_controller_base/include/cartesian_controller_base/SelectivelyDampedLeastSquaresSolver.h
[0.140s] -- Up-to-date: /home/d-lab/workspace/ros_ur_driver/install/cartesian_controller_base/include/cartesian_controller_base/cartesian_controller_base.h
[0.140s] -- Up-to-date: /home/d-lab/workspace/ros_ur_driver/install/cartesian_controller_base/include/cartesian_controller_base/JacobianTransposeSolver.h
[0.141s] -- Up-to-date: /home/d-lab/workspace/ros_ur_driver/install/cartesian_controller_base/include/cartesian_controller_base/ROS2VersionConfig.h.in
[0.141s] -- Up-to-date: /home/d-lab/workspace/ros_ur_driver/install/cartesian_controller_base/include/cartesian_controller_base/PDController.h
[0.141s] -- Up-to-date: /home/d-lab/workspace/ros_ur_driver/install/cartesian_controller_base/lib/libcartesian_controller_base.so
[0.141s] -- Up-to-date: /home/d-lab/workspace/ros_ur_driver/install/cartesian_controller_base/lib/libik_solvers.so
[0.141s] -- Up-to-date: /home/d-lab/workspace/ros_ur_driver/install/cartesian_controller_base/include/cartesian_controller_base/ROS2VersionConfig.h
[0.141s] -- Up-to-date: /home/d-lab/workspace/ros_ur_driver/install/cartesian_controller_base/share/cartesian_controller_base/environment/library_path.sh
[0.141s] -- Up-to-date: /home/d-lab/workspace/ros_ur_driver/install/cartesian_controller_base/share/cartesian_controller_base/environment/library_path.dsv
[0.141s] -- Up-to-date: /home/d-lab/workspace/ros_ur_driver/install/cartesian_controller_base/share/ament_index/resource_index/package_run_dependencies/cartesian_controller_base
[0.141s] -- Up-to-date: /home/d-lab/workspace/ros_ur_driver/install/cartesian_controller_base/share/ament_index/resource_index/parent_prefix_path/cartesian_controller_base
[0.141s] -- Up-to-date: /home/d-lab/workspace/ros_ur_driver/install/cartesian_controller_base/share/cartesian_controller_base/environment/ament_prefix_path.sh
[0.141s] -- Up-to-date: /home/d-lab/workspace/ros_ur_driver/install/cartesian_controller_base/share/cartesian_controller_base/environment/ament_prefix_path.dsv
[0.141s] -- Up-to-date: /home/d-lab/workspace/ros_ur_driver/install/cartesian_controller_base/share/cartesian_controller_base/environment/path.sh
[0.141s] -- Up-to-date: /home/d-lab/workspace/ros_ur_driver/install/cartesian_controller_base/share/cartesian_controller_base/environment/path.dsv
[0.141s] -- Up-to-date: /home/d-lab/workspace/ros_ur_driver/install/cartesian_controller_base/share/cartesian_controller_base/local_setup.bash
[0.142s] -- Up-to-date: /home/d-lab/workspace/ros_ur_driver/install/cartesian_controller_base/share/cartesian_controller_base/local_setup.sh
[0.142s] -- Up-to-date: /home/d-lab/workspace/ros_ur_driver/install/cartesian_controller_base/share/cartesian_controller_base/local_setup.zsh
[0.142s] -- Up-to-date: /home/d-lab/workspace/ros_ur_driver/install/cartesian_controller_base/share/cartesian_controller_base/local_setup.dsv
[0.142s] -- Installing: /home/d-lab/workspace/ros_ur_driver/install/cartesian_controller_base/share/cartesian_controller_base/package.dsv
[0.142s] -- Up-to-date: /home/d-lab/workspace/ros_ur_driver/install/cartesian_controller_base/share/ament_index/resource_index/packages/cartesian_controller_base
[0.142s] -- Up-to-date: /home/d-lab/workspace/ros_ur_driver/install/cartesian_controller_base/share/ament_index/resource_index/cartesian_controller_base__pluginlib__plugin/cartesian_controller_base
[0.142s] -- Up-to-date: /home/d-lab/workspace/ros_ur_driver/install/cartesian_controller_base/share/cartesian_controller_base/cmake/ament_cmake_export_dependencies-extras.cmake
[0.142s] -- Up-to-date: /home/d-lab/workspace/ros_ur_driver/install/cartesian_controller_base/share/cartesian_controller_base/cmake/ament_cmake_export_include_directories-extras.cmake
[0.142s] -- Up-to-date: /home/d-lab/workspace/ros_ur_driver/install/cartesian_controller_base/share/cartesian_controller_base/cmake/ament_cmake_export_libraries-extras.cmake
[0.142s] -- Up-to-date: /home/d-lab/workspace/ros_ur_driver/install/cartesian_controller_base/share/cartesian_controller_base/cmake/cartesian_controller_baseConfig.cmake
[0.142s] -- Up-to-date: /home/d-lab/workspace/ros_ur_driver/install/cartesian_controller_base/share/cartesian_controller_base/cmake/cartesian_controller_baseConfig-version.cmake
[0.143s] -- Up-to-date: /home/d-lab/workspace/ros_ur_driver/install/cartesian_controller_base/share/cartesian_controller_base/package.xml
[0.144s] Invoked command in '/home/d-lab/workspace/ros_ur_driver/build/cartesian_controller_base' returned '0': AMENT_PREFIX_PATH=/home/d-lab/workspace/ros_ur_driver/install/controller_interface:/home/d-lab/workspace/ros_ur_driver/install/hardware_interface:/home/d-lab/workspace/ros_ur_driver/install/control_msgs:${AMENT_PREFIX_PATH} CMAKE_PREFIX_PATH=/home/d-lab/workspace/ros_ur_driver/install/controller_interface:/home/d-lab/workspace/ros_ur_driver/install/hardware_interface:/home/d-lab/workspace/ros_ur_driver/install/control_msgs:/opt/ros/foxy LD_LIBRARY_PATH=/home/d-lab/workspace/ros_ur_driver/install/controller_interface/lib:/home/d-lab/workspace/ros_ur_driver/install/hardware_interface/lib:/home/d-lab/workspace/ros_ur_driver/install/control_msgs/lib:${LD_LIBRARY_PATH} PYTHONPATH=/home/d-lab/workspace/ros_ur_driver/install/control_msgs/lib/python3.8/site-packages:${PYTHONPATH} /usr/bin/cmake --install /home/d-lab/workspace/ros_ur_driver/build/cartesian_controller_base
