-- Found moveit_common: 2.2.3 (/home/d-lab/workspace/ros_ur_driver/install/moveit_common/share/moveit_common/cmake)
-- Found ament_cmake: 0.9.9 (/opt/ros/foxy/share/ament_cmake/cmake)
-- Using PYTHON_EXECUTABLE: /usr/bin/python3
-- Found moveit_ros_planning: 2.2.3 (/home/d-lab/workspace/ros_ur_driver/install/moveit_ros_planning/share/moveit_ros_planning/cmake)
-- Found Boost: /usr/lib/x86_64-linux-gnu/cmake/Boost-1.71.0/BoostConfig.cmake (found version "1.71.0") found components: system filesystem date_time program_options thread chrono 
-- Using all available rosidl_typesupport_c: rosidl_typesupport_fastrtps_c;rosidl_typesupport_introspection_c
-- Found rosidl_adapter: 1.2.1 (/opt/ros/foxy/share/rosidl_adapter/cmake)
-- Using all available rosidl_typesupport_cpp: rosidl_typesupport_fastrtps_cpp;rosidl_typesupport_introspection_cpp
-- Found rmw_implementation_cmake: 1.0.3 (/opt/ros/foxy/share/rmw_implementation_cmake/cmake)
-- Using RMW implementation 'rmw_fastrtps_cpp' as default
-- Found Boost: /usr/lib/x86_64-linux-gnu/cmake/Boost-1.71.0/BoostConfig.cmake (found version "1.71.0") found components: chrono date_time filesystem iostreams program_options regex serialization system thread 
-- Found Boost: /usr/lib/x86_64-linux-gnu/cmake/Boost-1.71.0/BoostConfig.cmake (found version "1.71.0") found components: filesystem 
-- library: /usr/lib/x86_64-linux-gnu/libcurl.so
-- Found Boost: /usr/lib/x86_64-linux-gnu/cmake/Boost-1.71.0/BoostConfig.cmake (found version "1.71.0") found components: thread 
-- Found interactive_markers: 2.1.3 (/opt/ros/foxy/share/interactive_markers/cmake)
-- Found ament_cmake_gtest: 0.9.9 (/opt/ros/foxy/share/ament_cmake_gtest/cmake)
-- Found gtest sources under '/opt/ros/foxy/src/gtest_vendor': C++ tests using 'Google Test' will be built
-- Found ament_lint_auto: 0.9.6 (/opt/ros/foxy/share/ament_lint_auto/cmake)
-- Added test 'lint_cmake' to check CMake code style
-- Added test 'xmllint' to check XML markup files
-- Configuring done
-- Generating done
-- Build files have been written to: /home/d-lab/workspace/ros_ur_driver/build/moveit_ros_robot_interaction
[ 15%] Built target gtest
[ 30%] Built target gtest_main
[ 38%] [32mBuilding CXX object CMakeFiles/moveit_robot_interaction.dir/src/interactive_marker_helpers.cpp.o[0m
[ 46%] [32mBuilding CXX object CMakeFiles/moveit_robot_interaction.dir/src/kinematic_options.cpp.o[0m
[ 53%] [32mBuilding CXX object CMakeFiles/moveit_robot_interaction.dir/src/kinematic_options_map.cpp.o[0m
[ 61%] [32mBuilding CXX object CMakeFiles/moveit_robot_interaction.dir/src/interaction_handler.cpp.o[0m
[ 69%] [32mBuilding CXX object CMakeFiles/moveit_robot_interaction.dir/src/locked_robot_state.cpp.o[0m
[ 76%] [32mBuilding CXX object CMakeFiles/moveit_robot_interaction.dir/src/robot_interaction.cpp.o[0m
[ 84%] [32m[1mLinking CXX shared library libmoveit_robot_interaction.so[0m
[ 84%] Built target moveit_robot_interaction
[ 92%] [32mBuilding CXX object CMakeFiles/locked_robot_state_test.dir/test/locked_robot_state_test.cpp.o[0m
[100%] [32m[1mLinking CXX executable locked_robot_state_test[0m
[100%] Built target locked_robot_state_test
-- Install configuration: "Release"
-- Installing: /home/d-lab/workspace/ros_ur_driver/install/moveit_ros_robot_interaction/lib/libmoveit_robot_interaction.so.2.2.3
-- Set runtime path of "/home/d-lab/workspace/ros_ur_driver/install/moveit_ros_robot_interaction/lib/libmoveit_robot_interaction.so.2.2.3" to ""
-- Up-to-date: /home/d-lab/workspace/ros_ur_driver/install/moveit_ros_robot_interaction/lib/libmoveit_robot_interaction.so
-- Up-to-date: /home/d-lab/workspace/ros_ur_driver/install/moveit_ros_robot_interaction/include
-- Up-to-date: /home/d-lab/workspace/ros_ur_driver/install/moveit_ros_robot_interaction/include/moveit
-- Up-to-date: /home/d-lab/workspace/ros_ur_driver/install/moveit_ros_robot_interaction/include/moveit/robot_interaction
-- Up-to-date: /home/d-lab/workspace/ros_ur_driver/install/moveit_ros_robot_interaction/include/moveit/robot_interaction/robot_interaction.h
-- Up-to-date: /home/d-lab/workspace/ros_ur_driver/install/moveit_ros_robot_interaction/include/moveit/robot_interaction/kinematic_options.h
-- Up-to-date: /home/d-lab/workspace/ros_ur_driver/install/moveit_ros_robot_interaction/include/moveit/robot_interaction/interaction.h
-- Up-to-date: /home/d-lab/workspace/ros_ur_driver/install/moveit_ros_robot_interaction/include/moveit/robot_interaction/locked_robot_state.h
-- Up-to-date: /home/d-lab/workspace/ros_ur_driver/install/moveit_ros_robot_interaction/include/moveit/robot_interaction/kinematic_options_map.h
-- Up-to-date: /home/d-lab/workspace/ros_ur_driver/install/moveit_ros_robot_interaction/include/moveit/robot_interaction/interactive_marker_helpers.h
-- Up-to-date: /home/d-lab/workspace/ros_ur_driver/install/moveit_ros_robot_interaction/include/moveit/robot_interaction/interaction_handler.h
-- Up-to-date: /home/d-lab/workspace/ros_ur_driver/install/moveit_ros_robot_interaction/include/moveit_robot_interaction_export.h
-- Up-to-date: /home/d-lab/workspace/ros_ur_driver/install/moveit_ros_robot_interaction/share/moveit_ros_robot_interaction/resources
-- Up-to-date: /home/d-lab/workspace/ros_ur_driver/install/moveit_ros_robot_interaction/share/moveit_ros_robot_interaction/resources/access-denied.stl
-- Up-to-date: /home/d-lab/workspace/ros_ur_driver/install/moveit_ros_robot_interaction/share/moveit_ros_robot_interaction/resources/access-denied.dae
-- Up-to-date: /home/d-lab/workspace/ros_ur_driver/install/moveit_ros_robot_interaction/share/moveit_ros_robot_interaction/environment/library_path.sh
-- Installing: /home/d-lab/workspace/ros_ur_driver/install/moveit_ros_robot_interaction/share/moveit_ros_robot_interaction/environment/library_path.dsv
-- Up-to-date: /home/d-lab/workspace/ros_ur_driver/install/moveit_ros_robot_interaction/share/ament_index/resource_index/package_run_dependencies/moveit_ros_robot_interaction
-- Up-to-date: /home/d-lab/workspace/ros_ur_driver/install/moveit_ros_robot_interaction/share/ament_index/resource_index/parent_prefix_path/moveit_ros_robot_interaction
-- Up-to-date: /home/d-lab/workspace/ros_ur_driver/install/moveit_ros_robot_interaction/share/moveit_ros_robot_interaction/environment/ament_prefix_path.sh
-- Installing: /home/d-lab/workspace/ros_ur_driver/install/moveit_ros_robot_interaction/share/moveit_ros_robot_interaction/environment/ament_prefix_path.dsv
-- Up-to-date: /home/d-lab/workspace/ros_ur_driver/install/moveit_ros_robot_interaction/share/moveit_ros_robot_interaction/environment/path.sh
-- Installing: /home/d-lab/workspace/ros_ur_driver/install/moveit_ros_robot_interaction/share/moveit_ros_robot_interaction/environment/path.dsv
-- Up-to-date: /home/d-lab/workspace/ros_ur_driver/install/moveit_ros_robot_interaction/share/moveit_ros_robot_interaction/local_setup.bash
-- Up-to-date: /home/d-lab/workspace/ros_ur_driver/install/moveit_ros_robot_interaction/share/moveit_ros_robot_interaction/local_setup.sh
-- Up-to-date: /home/d-lab/workspace/ros_ur_driver/install/moveit_ros_robot_interaction/share/moveit_ros_robot_interaction/local_setup.zsh
-- Installing: /home/d-lab/workspace/ros_ur_driver/install/moveit_ros_robot_interaction/share/moveit_ros_robot_interaction/local_setup.dsv
-- Installing: /home/d-lab/workspace/ros_ur_driver/install/moveit_ros_robot_interaction/share/moveit_ros_robot_interaction/package.dsv
-- Up-to-date: /home/d-lab/workspace/ros_ur_driver/install/moveit_ros_robot_interaction/share/ament_index/resource_index/packages/moveit_ros_robot_interaction
-- Up-to-date: /home/d-lab/workspace/ros_ur_driver/install/moveit_ros_robot_interaction/share/moveit_ros_robot_interaction/cmake/export_moveit_ros_robot_interactionExport.cmake
-- Installing: /home/d-lab/workspace/ros_ur_driver/install/moveit_ros_robot_interaction/share/moveit_ros_robot_interaction/cmake/export_moveit_ros_robot_interactionExport-release.cmake
-- Up-to-date: /home/d-lab/workspace/ros_ur_driver/install/moveit_ros_robot_interaction/share/moveit_ros_robot_interaction/cmake/ConfigExtras.cmake
-- Up-to-date: /home/d-lab/workspace/ros_ur_driver/install/moveit_ros_robot_interaction/share/moveit_ros_robot_interaction/cmake/ament_cmake_export_targets-extras.cmake
-- Up-to-date: /home/d-lab/workspace/ros_ur_driver/install/moveit_ros_robot_interaction/share/moveit_ros_robot_interaction/cmake/ament_cmake_export_dependencies-extras.cmake
-- Up-to-date: /home/d-lab/workspace/ros_ur_driver/install/moveit_ros_robot_interaction/share/moveit_ros_robot_interaction/cmake/moveit_ros_robot_interactionConfig.cmake
-- Up-to-date: /home/d-lab/workspace/ros_ur_driver/install/moveit_ros_robot_interaction/share/moveit_ros_robot_interaction/cmake/moveit_ros_robot_interactionConfig-version.cmake
-- Up-to-date: /home/d-lab/workspace/ros_ur_driver/install/moveit_ros_robot_interaction/share/moveit_ros_robot_interaction/package.xml
