[0.088s] Invoking command in '/home/d-lab/workspace/ros_ur_driver/build/control_msgs': CMAKE_PREFIX_PATH=/home/d-lab/workspace/ros_ur_driver/install/ros2controlcli:/home/d-lab/workspace/ros_ur_driver/install/ros2_control_test_nodes:/opt/ros/foxy:${CMAKE_PREFIX_PATH} /usr/bin/cmake --build /home/d-lab/workspace/ros_ur_driver/build/control_msgs -- -j16 -l16
[0.287s] [  0%] Built target control_msgs__cpp
[0.287s] [ 12%] Built target control_msgs__rosidl_generator_c
[0.287s] [ 24%] Built target control_msgs__rosidl_typesupport_cpp
[0.288s] [ 36%] Built target control_msgs__rosidl_typesupport_introspection_cpp
[0.288s] [ 48%] Built target control_msgs__rosidl_typesupport_c
[0.288s] [ 60%] Built target control_msgs__rosidl_typesupport_fastrtps_cpp
[0.288s] [ 72%] Built target control_msgs__rosidl_typesupport_introspection_c
[0.288s] [ 84%] Built target control_msgs__rosidl_typesupport_fastrtps_c
[0.289s] [ 84%] Built target control_msgs
[0.289s] [ 85%] Built target control_msgs__py
[0.300s] [ 96%] Built target control_msgs__python
[0.339s] [ 97%] Built target control_msgs__rosidl_typesupport_c__pyext
[0.340s] [ 99%] Built target control_msgs__rosidl_typesupport_introspection_c__pyext
[0.348s] [100%] Built target control_msgs__rosidl_typesupport_fastrtps_c__pyext
[0.402s] Invoked command in '/home/d-lab/workspace/ros_ur_driver/build/control_msgs' returned '0': CMAKE_PREFIX_PATH=/home/d-lab/workspace/ros_ur_driver/install/ros2controlcli:/home/d-lab/workspace/ros_ur_driver/install/ros2_control_test_nodes:/opt/ros/foxy:${CMAKE_PREFIX_PATH} /usr/bin/cmake --build /home/d-lab/workspace/ros_ur_driver/build/control_msgs -- -j16 -l16
[0.951s] Invoking command in '/home/d-lab/workspace/ros_ur_driver/build/control_msgs': CMAKE_PREFIX_PATH=/home/d-lab/workspace/ros_ur_driver/install/ros2controlcli:/home/d-lab/workspace/ros_ur_driver/install/ros2_control_test_nodes:/opt/ros/foxy:${CMAKE_PREFIX_PATH} /usr/bin/cmake --install /home/d-lab/workspace/ros_ur_driver/build/control_msgs
[0.962s] -- Install configuration: "Release"
[0.962s] -- Up-to-date: /home/d-lab/workspace/ros_ur_driver/install/control_msgs/share/ament_index/resource_index/rosidl_interfaces/control_msgs
[0.962s] -- Up-to-date: /home/d-lab/workspace/ros_ur_driver/install/control_msgs/include/control_msgs
[0.962s] -- Up-to-date: /home/d-lab/workspace/ros_ur_driver/install/control_msgs/include/control_msgs/srv
[0.962s] -- Up-to-date: /home/d-lab/workspace/ros_ur_driver/install/control_msgs/include/control_msgs/srv/query_trajectory_state.h
[0.962s] -- Up-to-date: /home/d-lab/workspace/ros_ur_driver/install/control_msgs/include/control_msgs/srv/query_calibration_state.h
[0.962s] -- Up-to-date: /home/d-lab/workspace/ros_ur_driver/install/control_msgs/include/control_msgs/srv/detail
[0.963s] -- Up-to-date: /home/d-lab/workspace/ros_ur_driver/install/control_msgs/include/control_msgs/srv/detail/query_calibration_state__struct.h
[0.963s] -- Up-to-date: /home/d-lab/workspace/ros_ur_driver/install/control_msgs/include/control_msgs/srv/detail/query_calibration_state__functions.c
[0.963s] -- Up-to-date: /home/d-lab/workspace/ros_ur_driver/install/control_msgs/include/control_msgs/srv/detail/query_trajectory_state__functions.c
[0.963s] -- Up-to-date: /home/d-lab/workspace/ros_ur_driver/install/control_msgs/include/control_msgs/srv/detail/query_trajectory_state__functions.h
[0.963s] -- Up-to-date: /home/d-lab/workspace/ros_ur_driver/install/control_msgs/include/control_msgs/srv/detail/query_trajectory_state__struct.h
[0.963s] -- Up-to-date: /home/d-lab/workspace/ros_ur_driver/install/control_msgs/include/control_msgs/srv/detail/query_calibration_state__type_support.h
[0.963s] -- Up-to-date: /home/d-lab/workspace/ros_ur_driver/install/control_msgs/include/control_msgs/srv/detail/query_trajectory_state__type_support.h
[0.963s] -- Up-to-date: /home/d-lab/workspace/ros_ur_driver/install/control_msgs/include/control_msgs/srv/detail/query_calibration_state__functions.h
[0.964s] -- Up-to-date: /home/d-lab/workspace/ros_ur_driver/install/control_msgs/include/control_msgs/action
[0.964s] -- Up-to-date: /home/d-lab/workspace/ros_ur_driver/install/control_msgs/include/control_msgs/action/point_head.h
[0.964s] -- Up-to-date: /home/d-lab/workspace/ros_ur_driver/install/control_msgs/include/control_msgs/action/gripper_command.h
[0.964s] -- Up-to-date: /home/d-lab/workspace/ros_ur_driver/install/control_msgs/include/control_msgs/action/joint_trajectory.h
[0.964s] -- Up-to-date: /home/d-lab/workspace/ros_ur_driver/install/control_msgs/include/control_msgs/action/follow_joint_trajectory.h
[0.964s] -- Up-to-date: /home/d-lab/workspace/ros_ur_driver/install/control_msgs/include/control_msgs/action/single_joint_position.h
[0.964s] -- Up-to-date: /home/d-lab/workspace/ros_ur_driver/install/control_msgs/include/control_msgs/action/detail
[0.964s] -- Up-to-date: /home/d-lab/workspace/ros_ur_driver/install/control_msgs/include/control_msgs/action/detail/follow_joint_trajectory__functions.h
[0.964s] -- Up-to-date: /home/d-lab/workspace/ros_ur_driver/install/control_msgs/include/control_msgs/action/detail/joint_trajectory__type_support.h
[0.965s] -- Up-to-date: /home/d-lab/workspace/ros_ur_driver/install/control_msgs/include/control_msgs/action/detail/joint_trajectory__functions.c
[0.965s] -- Up-to-date: /home/d-lab/workspace/ros_ur_driver/install/control_msgs/include/control_msgs/action/detail/point_head__functions.h
[0.965s] -- Up-to-date: /home/d-lab/workspace/ros_ur_driver/install/control_msgs/include/control_msgs/action/detail/follow_joint_trajectory__type_support.h
[0.965s] -- Up-to-date: /home/d-lab/workspace/ros_ur_driver/install/control_msgs/include/control_msgs/action/detail/point_head__struct.h
[0.965s] -- Up-to-date: /home/d-lab/workspace/ros_ur_driver/install/control_msgs/include/control_msgs/action/detail/single_joint_position__type_support.h
[0.965s] -- Up-to-date: /home/d-lab/workspace/ros_ur_driver/install/control_msgs/include/control_msgs/action/detail/single_joint_position__functions.c
[0.965s] -- Up-to-date: /home/d-lab/workspace/ros_ur_driver/install/control_msgs/include/control_msgs/action/detail/single_joint_position__struct.h
[0.965s] -- Up-to-date: /home/d-lab/workspace/ros_ur_driver/install/control_msgs/include/control_msgs/action/detail/gripper_command__functions.h
[0.966s] -- Up-to-date: /home/d-lab/workspace/ros_ur_driver/install/control_msgs/include/control_msgs/action/detail/point_head__type_support.h
[0.966s] -- Up-to-date: /home/d-lab/workspace/ros_ur_driver/install/control_msgs/include/control_msgs/action/detail/gripper_command__type_support.h
[0.966s] -- Up-to-date: /home/d-lab/workspace/ros_ur_driver/install/control_msgs/include/control_msgs/action/detail/gripper_command__functions.c
[0.966s] -- Up-to-date: /home/d-lab/workspace/ros_ur_driver/install/control_msgs/include/control_msgs/action/detail/gripper_command__struct.h
[0.966s] -- Up-to-date: /home/d-lab/workspace/ros_ur_driver/install/control_msgs/include/control_msgs/action/detail/follow_joint_trajectory__functions.c
[0.966s] -- Up-to-date: /home/d-lab/workspace/ros_ur_driver/install/control_msgs/include/control_msgs/action/detail/single_joint_position__functions.h
[0.966s] -- Up-to-date: /home/d-lab/workspace/ros_ur_driver/install/control_msgs/include/control_msgs/action/detail/joint_trajectory__struct.h
[0.966s] -- Up-to-date: /home/d-lab/workspace/ros_ur_driver/install/control_msgs/include/control_msgs/action/detail/joint_trajectory__functions.h
[0.966s] -- Up-to-date: /home/d-lab/workspace/ros_ur_driver/install/control_msgs/include/control_msgs/action/detail/point_head__functions.c
[0.966s] -- Up-to-date: /home/d-lab/workspace/ros_ur_driver/install/control_msgs/include/control_msgs/action/detail/follow_joint_trajectory__struct.h
[0.966s] -- Up-to-date: /home/d-lab/workspace/ros_ur_driver/install/control_msgs/include/control_msgs/msg
[0.966s] -- Up-to-date: /home/d-lab/workspace/ros_ur_driver/install/control_msgs/include/control_msgs/msg/dynamic_joint_state.h
[0.966s] -- Up-to-date: /home/d-lab/workspace/ros_ur_driver/install/control_msgs/include/control_msgs/msg/pid_state.h
[0.966s] -- Up-to-date: /home/d-lab/workspace/ros_ur_driver/install/control_msgs/include/control_msgs/msg/interface_value.h
[0.967s] -- Up-to-date: /home/d-lab/workspace/ros_ur_driver/install/control_msgs/include/control_msgs/msg/rosidl_generator_c__visibility_control.h
[0.967s] -- Up-to-date: /home/d-lab/workspace/ros_ur_driver/install/control_msgs/include/control_msgs/msg/joint_controller_state.h
[0.967s] -- Up-to-date: /home/d-lab/workspace/ros_ur_driver/install/control_msgs/include/control_msgs/msg/joint_trajectory_controller_state.h
[0.967s] -- Up-to-date: /home/d-lab/workspace/ros_ur_driver/install/control_msgs/include/control_msgs/msg/gripper_command.h
[0.967s] -- Up-to-date: /home/d-lab/workspace/ros_ur_driver/install/control_msgs/include/control_msgs/msg/joint_jog.h
[0.967s] -- Up-to-date: /home/d-lab/workspace/ros_ur_driver/install/control_msgs/include/control_msgs/msg/detail
[0.968s] -- Up-to-date: /home/d-lab/workspace/ros_ur_driver/install/control_msgs/include/control_msgs/msg/detail/pid_state__struct.h
[0.968s] -- Up-to-date: /home/d-lab/workspace/ros_ur_driver/install/control_msgs/include/control_msgs/msg/detail/pid_state__type_support.h
[0.968s] -- Up-to-date: /home/d-lab/workspace/ros_ur_driver/install/control_msgs/include/control_msgs/msg/detail/dynamic_joint_state__functions.c
[0.968s] -- Up-to-date: /home/d-lab/workspace/ros_ur_driver/install/control_msgs/include/control_msgs/msg/detail/joint_trajectory_controller_state__struct.h
[0.968s] -- Up-to-date: /home/d-lab/workspace/ros_ur_driver/install/control_msgs/include/control_msgs/msg/detail/joint_jog__struct.h
[0.968s] -- Up-to-date: /home/d-lab/workspace/ros_ur_driver/install/control_msgs/include/control_msgs/msg/detail/joint_trajectory_controller_state__functions.h
[0.968s] -- Up-to-date: /home/d-lab/workspace/ros_ur_driver/install/control_msgs/include/control_msgs/msg/detail/joint_controller_state__struct.h
[0.968s] -- Up-to-date: /home/d-lab/workspace/ros_ur_driver/install/control_msgs/include/control_msgs/msg/detail/pid_state__functions.c
[0.968s] -- Up-to-date: /home/d-lab/workspace/ros_ur_driver/install/control_msgs/include/control_msgs/msg/detail/joint_tolerance__functions.h
[0.968s] -- Up-to-date: /home/d-lab/workspace/ros_ur_driver/install/control_msgs/include/control_msgs/msg/detail/interface_value__functions.c
[0.968s] -- Up-to-date: /home/d-lab/workspace/ros_ur_driver/install/control_msgs/include/control_msgs/msg/detail/joint_jog__functions.c
[0.969s] -- Up-to-date: /home/d-lab/workspace/ros_ur_driver/install/control_msgs/include/control_msgs/msg/detail/joint_jog__type_support.h
[0.969s] -- Up-to-date: /home/d-lab/workspace/ros_ur_driver/install/control_msgs/include/control_msgs/msg/detail/joint_trajectory_controller_state__functions.c
[0.969s] -- Up-to-date: /home/d-lab/workspace/ros_ur_driver/install/control_msgs/include/control_msgs/msg/detail/joint_tolerance__functions.c
[0.969s] -- Up-to-date: /home/d-lab/workspace/ros_ur_driver/install/control_msgs/include/control_msgs/msg/detail/joint_tolerance__type_support.h
[0.969s] -- Up-to-date: /home/d-lab/workspace/ros_ur_driver/install/control_msgs/include/control_msgs/msg/detail/dynamic_joint_state__functions.h
[0.969s] -- Up-to-date: /home/d-lab/workspace/ros_ur_driver/install/control_msgs/include/control_msgs/msg/detail/interface_value__struct.h
[0.969s] -- Up-to-date: /home/d-lab/workspace/ros_ur_driver/install/control_msgs/include/control_msgs/msg/detail/gripper_command__functions.h
[0.969s] -- Up-to-date: /home/d-lab/workspace/ros_ur_driver/install/control_msgs/include/control_msgs/msg/detail/joint_jog__functions.h
[0.969s] -- Up-to-date: /home/d-lab/workspace/ros_ur_driver/install/control_msgs/include/control_msgs/msg/detail/joint_controller_state__type_support.h
[0.969s] -- Up-to-date: /home/d-lab/workspace/ros_ur_driver/install/control_msgs/include/control_msgs/msg/detail/dynamic_joint_state__type_support.h
[0.969s] -- Up-to-date: /home/d-lab/workspace/ros_ur_driver/install/control_msgs/include/control_msgs/msg/detail/gripper_command__type_support.h
[0.970s] -- Up-to-date: /home/d-lab/workspace/ros_ur_driver/install/control_msgs/include/control_msgs/msg/detail/interface_value__type_support.h
[0.970s] -- Up-to-date: /home/d-lab/workspace/ros_ur_driver/install/control_msgs/include/control_msgs/msg/detail/pid_state__functions.h
[0.970s] -- Up-to-date: /home/d-lab/workspace/ros_ur_driver/install/control_msgs/include/control_msgs/msg/detail/gripper_command__functions.c
[0.970s] -- Up-to-date: /home/d-lab/workspace/ros_ur_driver/install/control_msgs/include/control_msgs/msg/detail/gripper_command__struct.h
[0.970s] -- Up-to-date: /home/d-lab/workspace/ros_ur_driver/install/control_msgs/include/control_msgs/msg/detail/joint_trajectory_controller_state__type_support.h
[0.970s] -- Up-to-date: /home/d-lab/workspace/ros_ur_driver/install/control_msgs/include/control_msgs/msg/detail/dynamic_joint_state__struct.h
[0.970s] -- Up-to-date: /home/d-lab/workspace/ros_ur_driver/install/control_msgs/include/control_msgs/msg/detail/joint_tolerance__struct.h
[0.970s] -- Up-to-date: /home/d-lab/workspace/ros_ur_driver/install/control_msgs/include/control_msgs/msg/detail/joint_controller_state__functions.c
[0.970s] -- Up-to-date: /home/d-lab/workspace/ros_ur_driver/install/control_msgs/include/control_msgs/msg/detail/interface_value__functions.h
[0.970s] -- Up-to-date: /home/d-lab/workspace/ros_ur_driver/install/control_msgs/include/control_msgs/msg/detail/joint_controller_state__functions.h
[0.970s] -- Up-to-date: /home/d-lab/workspace/ros_ur_driver/install/control_msgs/include/control_msgs/msg/joint_tolerance.h
[0.970s] -- Up-to-date: /home/d-lab/workspace/ros_ur_driver/install/control_msgs/share/control_msgs/environment/library_path.sh
[0.970s] -- Up-to-date: /home/d-lab/workspace/ros_ur_driver/install/control_msgs/share/control_msgs/environment/library_path.dsv
[0.970s] -- Up-to-date: /home/d-lab/workspace/ros_ur_driver/install/control_msgs/lib/libcontrol_msgs__rosidl_generator_c.so
[0.970s] -- Up-to-date: /home/d-lab/workspace/ros_ur_driver/install/control_msgs/include/control_msgs
[0.971s] -- Up-to-date: /home/d-lab/workspace/ros_ur_driver/install/control_msgs/include/control_msgs/srv
[0.971s] -- Up-to-date: /home/d-lab/workspace/ros_ur_driver/install/control_msgs/include/control_msgs/srv/detail
[0.971s] -- Up-to-date: /home/d-lab/workspace/ros_ur_driver/install/control_msgs/include/control_msgs/srv/detail/query_calibration_state__rosidl_typesupport_fastrtps_c.h
[0.971s] -- Up-to-date: /home/d-lab/workspace/ros_ur_driver/install/control_msgs/include/control_msgs/srv/detail/query_trajectory_state__rosidl_typesupport_fastrtps_c.h
[0.971s] -- Up-to-date: /home/d-lab/workspace/ros_ur_driver/install/control_msgs/include/control_msgs/action
[0.971s] -- Up-to-date: /home/d-lab/workspace/ros_ur_driver/install/control_msgs/include/control_msgs/action/detail
[0.971s] -- Up-to-date: /home/d-lab/workspace/ros_ur_driver/install/control_msgs/include/control_msgs/action/detail/single_joint_position__rosidl_typesupport_fastrtps_c.h
[0.971s] -- Up-to-date: /home/d-lab/workspace/ros_ur_driver/install/control_msgs/include/control_msgs/action/detail/follow_joint_trajectory__rosidl_typesupport_fastrtps_c.h
[0.971s] -- Up-to-date: /home/d-lab/workspace/ros_ur_driver/install/control_msgs/include/control_msgs/action/detail/gripper_command__rosidl_typesupport_fastrtps_c.h
[0.971s] -- Up-to-date: /home/d-lab/workspace/ros_ur_driver/install/control_msgs/include/control_msgs/action/detail/joint_trajectory__rosidl_typesupport_fastrtps_c.h
[0.971s] -- Up-to-date: /home/d-lab/workspace/ros_ur_driver/install/control_msgs/include/control_msgs/action/detail/point_head__rosidl_typesupport_fastrtps_c.h
[0.971s] -- Up-to-date: /home/d-lab/workspace/ros_ur_driver/install/control_msgs/include/control_msgs/msg
[0.971s] -- Up-to-date: /home/d-lab/workspace/ros_ur_driver/install/control_msgs/include/control_msgs/msg/rosidl_typesupport_fastrtps_c__visibility_control.h
[0.972s] -- Up-to-date: /home/d-lab/workspace/ros_ur_driver/install/control_msgs/include/control_msgs/msg/detail
[0.972s] -- Up-to-date: /home/d-lab/workspace/ros_ur_driver/install/control_msgs/include/control_msgs/msg/detail/joint_jog__rosidl_typesupport_fastrtps_c.h
[0.972s] -- Up-to-date: /home/d-lab/workspace/ros_ur_driver/install/control_msgs/include/control_msgs/msg/detail/gripper_command__rosidl_typesupport_fastrtps_c.h
[0.972s] -- Up-to-date: /home/d-lab/workspace/ros_ur_driver/install/control_msgs/include/control_msgs/msg/detail/joint_trajectory_controller_state__rosidl_typesupport_fastrtps_c.h
[0.972s] -- Up-to-date: /home/d-lab/workspace/ros_ur_driver/install/control_msgs/include/control_msgs/msg/detail/dynamic_joint_state__rosidl_typesupport_fastrtps_c.h
[0.972s] -- Up-to-date: /home/d-lab/workspace/ros_ur_driver/install/control_msgs/include/control_msgs/msg/detail/interface_value__rosidl_typesupport_fastrtps_c.h
[0.972s] -- Up-to-date: /home/d-lab/workspace/ros_ur_driver/install/control_msgs/include/control_msgs/msg/detail/joint_controller_state__rosidl_typesupport_fastrtps_c.h
[0.972s] -- Up-to-date: /home/d-lab/workspace/ros_ur_driver/install/control_msgs/include/control_msgs/msg/detail/joint_tolerance__rosidl_typesupport_fastrtps_c.h
[0.972s] -- Up-to-date: /home/d-lab/workspace/ros_ur_driver/install/control_msgs/include/control_msgs/msg/detail/pid_state__rosidl_typesupport_fastrtps_c.h
[0.972s] -- Up-to-date: /home/d-lab/workspace/ros_ur_driver/install/control_msgs/lib/libcontrol_msgs__rosidl_typesupport_fastrtps_c.so
[0.972s] -- Up-to-date: /home/d-lab/workspace/ros_ur_driver/install/control_msgs/include/control_msgs
[0.972s] -- Up-to-date: /home/d-lab/workspace/ros_ur_driver/install/control_msgs/include/control_msgs/srv
[0.972s] -- Up-to-date: /home/d-lab/workspace/ros_ur_driver/install/control_msgs/include/control_msgs/srv/detail
[0.972s] -- Up-to-date: /home/d-lab/workspace/ros_ur_driver/install/control_msgs/include/control_msgs/srv/detail/dds_fastrtps
[0.972s] -- Up-to-date: /home/d-lab/workspace/ros_ur_driver/install/control_msgs/include/control_msgs/srv/detail/query_trajectory_state__rosidl_typesupport_fastrtps_cpp.hpp
[0.973s] -- Up-to-date: /home/d-lab/workspace/ros_ur_driver/install/control_msgs/include/control_msgs/srv/detail/query_calibration_state__rosidl_typesupport_fastrtps_cpp.hpp
[0.973s] -- Up-to-date: /home/d-lab/workspace/ros_ur_driver/install/control_msgs/include/control_msgs/action
[0.973s] -- Up-to-date: /home/d-lab/workspace/ros_ur_driver/install/control_msgs/include/control_msgs/action/detail
[0.973s] -- Up-to-date: /home/d-lab/workspace/ros_ur_driver/install/control_msgs/include/control_msgs/action/detail/dds_fastrtps
[0.973s] -- Up-to-date: /home/d-lab/workspace/ros_ur_driver/install/control_msgs/include/control_msgs/action/detail/point_head__rosidl_typesupport_fastrtps_cpp.hpp
[0.973s] -- Up-to-date: /home/d-lab/workspace/ros_ur_driver/install/control_msgs/include/control_msgs/action/detail/gripper_command__rosidl_typesupport_fastrtps_cpp.hpp
[0.973s] -- Up-to-date: /home/d-lab/workspace/ros_ur_driver/install/control_msgs/include/control_msgs/action/detail/single_joint_position__rosidl_typesupport_fastrtps_cpp.hpp
[0.973s] -- Up-to-date: /home/d-lab/workspace/ros_ur_driver/install/control_msgs/include/control_msgs/action/detail/joint_trajectory__rosidl_typesupport_fastrtps_cpp.hpp
[0.973s] -- Up-to-date: /home/d-lab/workspace/ros_ur_driver/install/control_msgs/include/control_msgs/action/detail/follow_joint_trajectory__rosidl_typesupport_fastrtps_cpp.hpp
[0.973s] -- Up-to-date: /home/d-lab/workspace/ros_ur_driver/install/control_msgs/include/control_msgs/msg
[0.973s] -- Up-to-date: /home/d-lab/workspace/ros_ur_driver/install/control_msgs/include/control_msgs/msg/rosidl_typesupport_fastrtps_cpp__visibility_control.h
[0.973s] -- Up-to-date: /home/d-lab/workspace/ros_ur_driver/install/control_msgs/include/control_msgs/msg/detail
[0.973s] -- Up-to-date: /home/d-lab/workspace/ros_ur_driver/install/control_msgs/include/control_msgs/msg/detail/pid_state__rosidl_typesupport_fastrtps_cpp.hpp
[0.973s] -- Up-to-date: /home/d-lab/workspace/ros_ur_driver/install/control_msgs/include/control_msgs/msg/detail/dds_fastrtps
[0.974s] -- Up-to-date: /home/d-lab/workspace/ros_ur_driver/install/control_msgs/include/control_msgs/msg/detail/joint_jog__rosidl_typesupport_fastrtps_cpp.hpp
[0.974s] -- Up-to-date: /home/d-lab/workspace/ros_ur_driver/install/control_msgs/include/control_msgs/msg/detail/dynamic_joint_state__rosidl_typesupport_fastrtps_cpp.hpp
[0.974s] -- Up-to-date: /home/d-lab/workspace/ros_ur_driver/install/control_msgs/include/control_msgs/msg/detail/joint_trajectory_controller_state__rosidl_typesupport_fastrtps_cpp.hpp
[0.974s] -- Up-to-date: /home/d-lab/workspace/ros_ur_driver/install/control_msgs/include/control_msgs/msg/detail/gripper_command__rosidl_typesupport_fastrtps_cpp.hpp
[0.974s] -- Up-to-date: /home/d-lab/workspace/ros_ur_driver/install/control_msgs/include/control_msgs/msg/detail/joint_tolerance__rosidl_typesupport_fastrtps_cpp.hpp
[0.974s] -- Up-to-date: /home/d-lab/workspace/ros_ur_driver/install/control_msgs/include/control_msgs/msg/detail/joint_controller_state__rosidl_typesupport_fastrtps_cpp.hpp
[0.974s] -- Up-to-date: /home/d-lab/workspace/ros_ur_driver/install/control_msgs/include/control_msgs/msg/detail/interface_value__rosidl_typesupport_fastrtps_cpp.hpp
[0.974s] -- Up-to-date: /home/d-lab/workspace/ros_ur_driver/install/control_msgs/lib/libcontrol_msgs__rosidl_typesupport_fastrtps_cpp.so
[0.974s] -- Up-to-date: /home/d-lab/workspace/ros_ur_driver/install/control_msgs/include/control_msgs
[0.974s] -- Up-to-date: /home/d-lab/workspace/ros_ur_driver/install/control_msgs/include/control_msgs/srv
[0.974s] -- Up-to-date: /home/d-lab/workspace/ros_ur_driver/install/control_msgs/include/control_msgs/srv/detail
[0.974s] -- Up-to-date: /home/d-lab/workspace/ros_ur_driver/install/control_msgs/include/control_msgs/srv/detail/query_calibration_state__type_support.c
[0.974s] -- Up-to-date: /home/d-lab/workspace/ros_ur_driver/install/control_msgs/include/control_msgs/srv/detail/query_trajectory_state__type_support.c
[0.974s] -- Up-to-date: /home/d-lab/workspace/ros_ur_driver/install/control_msgs/include/control_msgs/srv/detail/query_trajectory_state__rosidl_typesupport_introspection_c.h
[0.974s] -- Up-to-date: /home/d-lab/workspace/ros_ur_driver/install/control_msgs/include/control_msgs/srv/detail/query_calibration_state__rosidl_typesupport_introspection_c.h
[0.974s] -- Up-to-date: /home/d-lab/workspace/ros_ur_driver/install/control_msgs/include/control_msgs/action
[0.975s] -- Up-to-date: /home/d-lab/workspace/ros_ur_driver/install/control_msgs/include/control_msgs/action/detail
[0.975s] -- Up-to-date: /home/d-lab/workspace/ros_ur_driver/install/control_msgs/include/control_msgs/action/detail/joint_trajectory__type_support.c
[0.975s] -- Up-to-date: /home/d-lab/workspace/ros_ur_driver/install/control_msgs/include/control_msgs/action/detail/follow_joint_trajectory__type_support.c
[0.975s] -- Up-to-date: /home/d-lab/workspace/ros_ur_driver/install/control_msgs/include/control_msgs/action/detail/gripper_command__type_support.c
[0.975s] -- Up-to-date: /home/d-lab/workspace/ros_ur_driver/install/control_msgs/include/control_msgs/action/detail/point_head__rosidl_typesupport_introspection_c.h
[0.975s] -- Up-to-date: /home/d-lab/workspace/ros_ur_driver/install/control_msgs/include/control_msgs/action/detail/single_joint_position__rosidl_typesupport_introspection_c.h
[0.975s] -- Up-to-date: /home/d-lab/workspace/ros_ur_driver/install/control_msgs/include/control_msgs/action/detail/follow_joint_trajectory__rosidl_typesupport_introspection_c.h
[0.975s] -- Up-to-date: /home/d-lab/workspace/ros_ur_driver/install/control_msgs/include/control_msgs/action/detail/gripper_command__rosidl_typesupport_introspection_c.h
[0.975s] -- Up-to-date: /home/d-lab/workspace/ros_ur_driver/install/control_msgs/include/control_msgs/action/detail/single_joint_position__type_support.c
[0.975s] -- Up-to-date: /home/d-lab/workspace/ros_ur_driver/install/control_msgs/include/control_msgs/action/detail/joint_trajectory__rosidl_typesupport_introspection_c.h
[0.975s] -- Up-to-date: /home/d-lab/workspace/ros_ur_driver/install/control_msgs/include/control_msgs/action/detail/point_head__type_support.c
[0.975s] -- Up-to-date: /home/d-lab/workspace/ros_ur_driver/install/control_msgs/include/control_msgs/msg
[0.975s] -- Up-to-date: /home/d-lab/workspace/ros_ur_driver/install/control_msgs/include/control_msgs/msg/rosidl_typesupport_introspection_c__visibility_control.h
[0.975s] -- Up-to-date: /home/d-lab/workspace/ros_ur_driver/install/control_msgs/include/control_msgs/msg/detail
[0.975s] -- Up-to-date: /home/d-lab/workspace/ros_ur_driver/install/control_msgs/include/control_msgs/msg/detail/joint_tolerance__type_support.c
[0.975s] -- Up-to-date: /home/d-lab/workspace/ros_ur_driver/install/control_msgs/include/control_msgs/msg/detail/gripper_command__type_support.c
[0.975s] -- Up-to-date: /home/d-lab/workspace/ros_ur_driver/install/control_msgs/include/control_msgs/msg/detail/dynamic_joint_state__type_support.c
[0.975s] -- Up-to-date: /home/d-lab/workspace/ros_ur_driver/install/control_msgs/include/control_msgs/msg/detail/interface_value__rosidl_typesupport_introspection_c.h
[0.976s] -- Up-to-date: /home/d-lab/workspace/ros_ur_driver/install/control_msgs/include/control_msgs/msg/detail/dynamic_joint_state__rosidl_typesupport_introspection_c.h
[0.976s] -- Up-to-date: /home/d-lab/workspace/ros_ur_driver/install/control_msgs/include/control_msgs/msg/detail/gripper_command__rosidl_typesupport_introspection_c.h
[0.976s] -- Up-to-date: /home/d-lab/workspace/ros_ur_driver/install/control_msgs/include/control_msgs/msg/detail/joint_trajectory_controller_state__type_support.c
[0.976s] -- Up-to-date: /home/d-lab/workspace/ros_ur_driver/install/control_msgs/include/control_msgs/msg/detail/interface_value__type_support.c
[0.976s] -- Up-to-date: /home/d-lab/workspace/ros_ur_driver/install/control_msgs/include/control_msgs/msg/detail/joint_controller_state__rosidl_typesupport_introspection_c.h
[0.976s] -- Up-to-date: /home/d-lab/workspace/ros_ur_driver/install/control_msgs/include/control_msgs/msg/detail/pid_state__type_support.c
[0.976s] -- Up-to-date: /home/d-lab/workspace/ros_ur_driver/install/control_msgs/include/control_msgs/msg/detail/pid_state__rosidl_typesupport_introspection_c.h
[0.976s] -- Up-to-date: /home/d-lab/workspace/ros_ur_driver/install/control_msgs/include/control_msgs/msg/detail/joint_jog__rosidl_typesupport_introspection_c.h
[0.976s] -- Up-to-date: /home/d-lab/workspace/ros_ur_driver/install/control_msgs/include/control_msgs/msg/detail/joint_controller_state__type_support.c
[0.976s] -- Up-to-date: /home/d-lab/workspace/ros_ur_driver/install/control_msgs/include/control_msgs/msg/detail/joint_jog__type_support.c
[0.976s] -- Up-to-date: /home/d-lab/workspace/ros_ur_driver/install/control_msgs/include/control_msgs/msg/detail/joint_trajectory_controller_state__rosidl_typesupport_introspection_c.h
[0.976s] -- Up-to-date: /home/d-lab/workspace/ros_ur_driver/install/control_msgs/include/control_msgs/msg/detail/joint_tolerance__rosidl_typesupport_introspection_c.h
[0.976s] -- Up-to-date: /home/d-lab/workspace/ros_ur_driver/install/control_msgs/lib/libcontrol_msgs__rosidl_typesupport_introspection_c.so
[0.976s] -- Up-to-date: /home/d-lab/workspace/ros_ur_driver/install/control_msgs/lib/libcontrol_msgs__rosidl_typesupport_c.so
[0.976s] -- Up-to-date: /home/d-lab/workspace/ros_ur_driver/install/control_msgs/include/control_msgs
[0.976s] -- Up-to-date: /home/d-lab/workspace/ros_ur_driver/install/control_msgs/include/control_msgs/srv
[0.977s] -- Up-to-date: /home/d-lab/workspace/ros_ur_driver/install/control_msgs/include/control_msgs/srv/query_trajectory_state.hpp
[0.977s] -- Up-to-date: /home/d-lab/workspace/ros_ur_driver/install/control_msgs/include/control_msgs/srv/detail
[0.977s] -- Up-to-date: /home/d-lab/workspace/ros_ur_driver/install/control_msgs/include/control_msgs/srv/detail/query_trajectory_state__struct.hpp
[0.977s] -- Up-to-date: /home/d-lab/workspace/ros_ur_driver/install/control_msgs/include/control_msgs/srv/detail/query_trajectory_state__builder.hpp
[0.977s] -- Up-to-date: /home/d-lab/workspace/ros_ur_driver/install/control_msgs/include/control_msgs/srv/detail/query_calibration_state__struct.hpp
[0.977s] -- Up-to-date: /home/d-lab/workspace/ros_ur_driver/install/control_msgs/include/control_msgs/srv/detail/query_calibration_state__builder.hpp
[0.977s] -- Up-to-date: /home/d-lab/workspace/ros_ur_driver/install/control_msgs/include/control_msgs/srv/detail/query_trajectory_state__traits.hpp
[0.977s] -- Up-to-date: /home/d-lab/workspace/ros_ur_driver/install/control_msgs/include/control_msgs/srv/detail/query_calibration_state__traits.hpp
[0.977s] -- Up-to-date: /home/d-lab/workspace/ros_ur_driver/install/control_msgs/include/control_msgs/srv/query_calibration_state.hpp
[0.977s] -- Up-to-date: /home/d-lab/workspace/ros_ur_driver/install/control_msgs/include/control_msgs/action
[0.977s] -- Up-to-date: /home/d-lab/workspace/ros_ur_driver/install/control_msgs/include/control_msgs/action/follow_joint_trajectory.hpp
[0.977s] -- Up-to-date: /home/d-lab/workspace/ros_ur_driver/install/control_msgs/include/control_msgs/action/gripper_command.hpp
[0.978s] -- Up-to-date: /home/d-lab/workspace/ros_ur_driver/install/control_msgs/include/control_msgs/action/point_head.hpp
[0.978s] -- Up-to-date: /home/d-lab/workspace/ros_ur_driver/install/control_msgs/include/control_msgs/action/single_joint_position.hpp
[0.978s] -- Up-to-date: /home/d-lab/workspace/ros_ur_driver/install/control_msgs/include/control_msgs/action/detail
[0.978s] -- Up-to-date: /home/d-lab/workspace/ros_ur_driver/install/control_msgs/include/control_msgs/action/detail/joint_trajectory__traits.hpp
[0.978s] -- Up-to-date: /home/d-lab/workspace/ros_ur_driver/install/control_msgs/include/control_msgs/action/detail/single_joint_position__traits.hpp
[0.978s] -- Up-to-date: /home/d-lab/workspace/ros_ur_driver/install/control_msgs/include/control_msgs/action/detail/follow_joint_trajectory__builder.hpp
[0.978s] -- Up-to-date: /home/d-lab/workspace/ros_ur_driver/install/control_msgs/include/control_msgs/action/detail/point_head__builder.hpp
[0.978s] -- Up-to-date: /home/d-lab/workspace/ros_ur_driver/install/control_msgs/include/control_msgs/action/detail/gripper_command__struct.hpp
[0.978s] -- Up-to-date: /home/d-lab/workspace/ros_ur_driver/install/control_msgs/include/control_msgs/action/detail/joint_trajectory__builder.hpp
[0.978s] -- Up-to-date: /home/d-lab/workspace/ros_ur_driver/install/control_msgs/include/control_msgs/action/detail/joint_trajectory__struct.hpp
[0.978s] -- Up-to-date: /home/d-lab/workspace/ros_ur_driver/install/control_msgs/include/control_msgs/action/detail/gripper_command__builder.hpp
[0.978s] -- Up-to-date: /home/d-lab/workspace/ros_ur_driver/install/control_msgs/include/control_msgs/action/detail/single_joint_position__builder.hpp
[0.978s] -- Up-to-date: /home/d-lab/workspace/ros_ur_driver/install/control_msgs/include/control_msgs/action/detail/point_head__struct.hpp
[0.978s] -- Up-to-date: /home/d-lab/workspace/ros_ur_driver/install/control_msgs/include/control_msgs/action/detail/follow_joint_trajectory__traits.hpp
[0.978s] -- Up-to-date: /home/d-lab/workspace/ros_ur_driver/install/control_msgs/include/control_msgs/action/detail/single_joint_position__struct.hpp
[0.979s] -- Up-to-date: /home/d-lab/workspace/ros_ur_driver/install/control_msgs/include/control_msgs/action/detail/point_head__traits.hpp
[0.979s] -- Up-to-date: /home/d-lab/workspace/ros_ur_driver/install/control_msgs/include/control_msgs/action/detail/follow_joint_trajectory__struct.hpp
[0.979s] -- Up-to-date: /home/d-lab/workspace/ros_ur_driver/install/control_msgs/include/control_msgs/action/detail/gripper_command__traits.hpp
[0.979s] -- Up-to-date: /home/d-lab/workspace/ros_ur_driver/install/control_msgs/include/control_msgs/action/joint_trajectory.hpp
[0.979s] -- Up-to-date: /home/d-lab/workspace/ros_ur_driver/install/control_msgs/include/control_msgs/msg
[0.979s] -- Up-to-date: /home/d-lab/workspace/ros_ur_driver/install/control_msgs/include/control_msgs/msg/gripper_command.hpp
[0.979s] -- Up-to-date: /home/d-lab/workspace/ros_ur_driver/install/control_msgs/include/control_msgs/msg/interface_value.hpp
[0.979s] -- Up-to-date: /home/d-lab/workspace/ros_ur_driver/install/control_msgs/include/control_msgs/msg/joint_jog.hpp
[0.979s] -- Up-to-date: /home/d-lab/workspace/ros_ur_driver/install/control_msgs/include/control_msgs/msg/joint_trajectory_controller_state.hpp
[0.979s] -- Up-to-date: /home/d-lab/workspace/ros_ur_driver/install/control_msgs/include/control_msgs/msg/joint_tolerance.hpp
[0.979s] -- Up-to-date: /home/d-lab/workspace/ros_ur_driver/install/control_msgs/include/control_msgs/msg/detail
[0.979s] -- Up-to-date: /home/d-lab/workspace/ros_ur_driver/install/control_msgs/include/control_msgs/msg/detail/dynamic_joint_state__struct.hpp
[0.979s] -- Up-to-date: /home/d-lab/workspace/ros_ur_driver/install/control_msgs/include/control_msgs/msg/detail/pid_state__traits.hpp
[0.979s] -- Up-to-date: /home/d-lab/workspace/ros_ur_driver/install/control_msgs/include/control_msgs/msg/detail/joint_tolerance__builder.hpp
[0.980s] -- Up-to-date: /home/d-lab/workspace/ros_ur_driver/install/control_msgs/include/control_msgs/msg/detail/pid_state__builder.hpp
[0.980s] -- Up-to-date: /home/d-lab/workspace/ros_ur_driver/install/control_msgs/include/control_msgs/msg/detail/joint_jog__struct.hpp
[0.980s] -- Up-to-date: /home/d-lab/workspace/ros_ur_driver/install/control_msgs/include/control_msgs/msg/detail/joint_jog__traits.hpp
[0.980s] -- Up-to-date: /home/d-lab/workspace/ros_ur_driver/install/control_msgs/include/control_msgs/msg/detail/joint_controller_state__builder.hpp
[0.980s] -- Up-to-date: /home/d-lab/workspace/ros_ur_driver/install/control_msgs/include/control_msgs/msg/detail/interface_value__struct.hpp
[0.980s] -- Up-to-date: /home/d-lab/workspace/ros_ur_driver/install/control_msgs/include/control_msgs/msg/detail/joint_controller_state__struct.hpp
[0.980s] -- Up-to-date: /home/d-lab/workspace/ros_ur_driver/install/control_msgs/include/control_msgs/msg/detail/joint_tolerance__struct.hpp
[0.980s] -- Up-to-date: /home/d-lab/workspace/ros_ur_driver/install/control_msgs/include/control_msgs/msg/detail/gripper_command__struct.hpp
[0.980s] -- Up-to-date: /home/d-lab/workspace/ros_ur_driver/install/control_msgs/include/control_msgs/msg/detail/interface_value__builder.hpp
[0.980s] -- Up-to-date: /home/d-lab/workspace/ros_ur_driver/install/control_msgs/include/control_msgs/msg/detail/joint_controller_state__traits.hpp
[0.980s] -- Up-to-date: /home/d-lab/workspace/ros_ur_driver/install/control_msgs/include/control_msgs/msg/detail/joint_trajectory_controller_state__traits.hpp
[0.980s] -- Up-to-date: /home/d-lab/workspace/ros_ur_driver/install/control_msgs/include/control_msgs/msg/detail/gripper_command__builder.hpp
[0.980s] -- Up-to-date: /home/d-lab/workspace/ros_ur_driver/install/control_msgs/include/control_msgs/msg/detail/joint_trajectory_controller_state__struct.hpp
[0.980s] -- Up-to-date: /home/d-lab/workspace/ros_ur_driver/install/control_msgs/include/control_msgs/msg/detail/joint_trajectory_controller_state__builder.hpp
[0.981s] -- Up-to-date: /home/d-lab/workspace/ros_ur_driver/install/control_msgs/include/control_msgs/msg/detail/dynamic_joint_state__builder.hpp
[0.981s] -- Up-to-date: /home/d-lab/workspace/ros_ur_driver/install/control_msgs/include/control_msgs/msg/detail/joint_tolerance__traits.hpp
[0.981s] -- Up-to-date: /home/d-lab/workspace/ros_ur_driver/install/control_msgs/include/control_msgs/msg/detail/interface_value__traits.hpp
[0.981s] -- Up-to-date: /home/d-lab/workspace/ros_ur_driver/install/control_msgs/include/control_msgs/msg/detail/dynamic_joint_state__traits.hpp
[0.981s] -- Up-to-date: /home/d-lab/workspace/ros_ur_driver/install/control_msgs/include/control_msgs/msg/detail/joint_jog__builder.hpp
[0.981s] -- Up-to-date: /home/d-lab/workspace/ros_ur_driver/install/control_msgs/include/control_msgs/msg/detail/pid_state__struct.hpp
[0.981s] -- Up-to-date: /home/d-lab/workspace/ros_ur_driver/install/control_msgs/include/control_msgs/msg/detail/gripper_command__traits.hpp
[0.981s] -- Up-to-date: /home/d-lab/workspace/ros_ur_driver/install/control_msgs/include/control_msgs/msg/dynamic_joint_state.hpp
[0.981s] -- Up-to-date: /home/d-lab/workspace/ros_ur_driver/install/control_msgs/include/control_msgs/msg/pid_state.hpp
[0.981s] -- Up-to-date: /home/d-lab/workspace/ros_ur_driver/install/control_msgs/include/control_msgs/msg/joint_controller_state.hpp
[0.981s] -- Up-to-date: /home/d-lab/workspace/ros_ur_driver/install/control_msgs/include/control_msgs
[0.981s] -- Up-to-date: /home/d-lab/workspace/ros_ur_driver/install/control_msgs/include/control_msgs/srv
[0.982s] -- Up-to-date: /home/d-lab/workspace/ros_ur_driver/install/control_msgs/include/control_msgs/srv/detail
[0.982s] -- Up-to-date: /home/d-lab/workspace/ros_ur_driver/install/control_msgs/include/control_msgs/srv/detail/query_trajectory_state__type_support.cpp
[0.982s] -- Up-to-date: /home/d-lab/workspace/ros_ur_driver/install/control_msgs/include/control_msgs/srv/detail/query_calibration_state__type_support.cpp
[0.982s] -- Up-to-date: /home/d-lab/workspace/ros_ur_driver/install/control_msgs/include/control_msgs/srv/detail/query_calibration_state__rosidl_typesupport_introspection_cpp.hpp
[0.982s] -- Up-to-date: /home/d-lab/workspace/ros_ur_driver/install/control_msgs/include/control_msgs/srv/detail/query_trajectory_state__rosidl_typesupport_introspection_cpp.hpp
[0.982s] -- Up-to-date: /home/d-lab/workspace/ros_ur_driver/install/control_msgs/include/control_msgs/action
[0.982s] -- Up-to-date: /home/d-lab/workspace/ros_ur_driver/install/control_msgs/include/control_msgs/action/detail
[0.982s] -- Up-to-date: /home/d-lab/workspace/ros_ur_driver/install/control_msgs/include/control_msgs/action/detail/gripper_command__type_support.cpp
[0.982s] -- Up-to-date: /home/d-lab/workspace/ros_ur_driver/install/control_msgs/include/control_msgs/action/detail/single_joint_position__rosidl_typesupport_introspection_cpp.hpp
[0.982s] -- Up-to-date: /home/d-lab/workspace/ros_ur_driver/install/control_msgs/include/control_msgs/action/detail/point_head__type_support.cpp
[0.982s] -- Up-to-date: /home/d-lab/workspace/ros_ur_driver/install/control_msgs/include/control_msgs/action/detail/point_head__rosidl_typesupport_introspection_cpp.hpp
[0.982s] -- Up-to-date: /home/d-lab/workspace/ros_ur_driver/install/control_msgs/include/control_msgs/action/detail/joint_trajectory__rosidl_typesupport_introspection_cpp.hpp
[0.982s] -- Up-to-date: /home/d-lab/workspace/ros_ur_driver/install/control_msgs/include/control_msgs/action/detail/follow_joint_trajectory__rosidl_typesupport_introspection_cpp.hpp
[0.982s] -- Up-to-date: /home/d-lab/workspace/ros_ur_driver/install/control_msgs/include/control_msgs/action/detail/joint_trajectory__type_support.cpp
[0.982s] -- Up-to-date: /home/d-lab/workspace/ros_ur_driver/install/control_msgs/include/control_msgs/action/detail/gripper_command__rosidl_typesupport_introspection_cpp.hpp
[0.983s] -- Up-to-date: /home/d-lab/workspace/ros_ur_driver/install/control_msgs/include/control_msgs/action/detail/follow_joint_trajectory__type_support.cpp
[0.983s] -- Up-to-date: /home/d-lab/workspace/ros_ur_driver/install/control_msgs/include/control_msgs/action/detail/single_joint_position__type_support.cpp
[0.983s] -- Up-to-date: /home/d-lab/workspace/ros_ur_driver/install/control_msgs/include/control_msgs/msg
[0.983s] -- Up-to-date: /home/d-lab/workspace/ros_ur_driver/install/control_msgs/include/control_msgs/msg/detail
[0.983s] -- Up-to-date: /home/d-lab/workspace/ros_ur_driver/install/control_msgs/include/control_msgs/msg/detail/joint_trajectory_controller_state__rosidl_typesupport_introspection_cpp.hpp
[0.983s] -- Up-to-date: /home/d-lab/workspace/ros_ur_driver/install/control_msgs/include/control_msgs/msg/detail/gripper_command__type_support.cpp
[0.983s] -- Up-to-date: /home/d-lab/workspace/ros_ur_driver/install/control_msgs/include/control_msgs/msg/detail/joint_tolerance__rosidl_typesupport_introspection_cpp.hpp
[0.983s] -- Up-to-date: /home/d-lab/workspace/ros_ur_driver/install/control_msgs/include/control_msgs/msg/detail/dynamic_joint_state__rosidl_typesupport_introspection_cpp.hpp
[0.983s] -- Up-to-date: /home/d-lab/workspace/ros_ur_driver/install/control_msgs/include/control_msgs/msg/detail/joint_controller_state__type_support.cpp
[0.983s] -- Up-to-date: /home/d-lab/workspace/ros_ur_driver/install/control_msgs/include/control_msgs/msg/detail/joint_tolerance__type_support.cpp
[0.983s] -- Up-to-date: /home/d-lab/workspace/ros_ur_driver/install/control_msgs/include/control_msgs/msg/detail/joint_jog__type_support.cpp
[0.983s] -- Up-to-date: /home/d-lab/workspace/ros_ur_driver/install/control_msgs/include/control_msgs/msg/detail/gripper_command__rosidl_typesupport_introspection_cpp.hpp
[0.983s] -- Up-to-date: /home/d-lab/workspace/ros_ur_driver/install/control_msgs/include/control_msgs/msg/detail/interface_value__type_support.cpp
[0.984s] -- Up-to-date: /home/d-lab/workspace/ros_ur_driver/install/control_msgs/include/control_msgs/msg/detail/pid_state__type_support.cpp
[0.984s] -- Up-to-date: /home/d-lab/workspace/ros_ur_driver/install/control_msgs/include/control_msgs/msg/detail/interface_value__rosidl_typesupport_introspection_cpp.hpp
[0.984s] -- Up-to-date: /home/d-lab/workspace/ros_ur_driver/install/control_msgs/include/control_msgs/msg/detail/joint_controller_state__rosidl_typesupport_introspection_cpp.hpp
[0.984s] -- Up-to-date: /home/d-lab/workspace/ros_ur_driver/install/control_msgs/include/control_msgs/msg/detail/joint_jog__rosidl_typesupport_introspection_cpp.hpp
[0.984s] -- Up-to-date: /home/d-lab/workspace/ros_ur_driver/install/control_msgs/include/control_msgs/msg/detail/pid_state__rosidl_typesupport_introspection_cpp.hpp
[0.984s] -- Up-to-date: /home/d-lab/workspace/ros_ur_driver/install/control_msgs/include/control_msgs/msg/detail/dynamic_joint_state__type_support.cpp
[0.984s] -- Up-to-date: /home/d-lab/workspace/ros_ur_driver/install/control_msgs/include/control_msgs/msg/detail/joint_trajectory_controller_state__type_support.cpp
[0.984s] -- Up-to-date: /home/d-lab/workspace/ros_ur_driver/install/control_msgs/lib/libcontrol_msgs__rosidl_typesupport_introspection_cpp.so
[0.984s] -- Up-to-date: /home/d-lab/workspace/ros_ur_driver/install/control_msgs/lib/libcontrol_msgs__rosidl_typesupport_cpp.so
[0.984s] -- Up-to-date: /home/d-lab/workspace/ros_ur_driver/install/control_msgs/share/control_msgs/environment/pythonpath.sh
[0.984s] -- Up-to-date: /home/d-lab/workspace/ros_ur_driver/install/control_msgs/share/control_msgs/environment/pythonpath.dsv
[0.984s] -- Up-to-date: /home/d-lab/workspace/ros_ur_driver/install/control_msgs/lib/python3.8/site-packages/control_msgs/__init__.py
[0.995s] -- Up-to-date: /home/d-lab/workspace/ros_ur_driver/install/control_msgs/lib/python3.8/site-packages/control_msgs/msg
[0.995s] -- Up-to-date: /home/d-lab/workspace/ros_ur_driver/install/control_msgs/lib/python3.8/site-packages/control_msgs/msg/_gripper_command_s.c
[0.995s] -- Up-to-date: /home/d-lab/workspace/ros_ur_driver/install/control_msgs/lib/python3.8/site-packages/control_msgs/msg/_joint_tolerance.py
[0.996s] -- Up-to-date: /home/d-lab/workspace/ros_ur_driver/install/control_msgs/lib/python3.8/site-packages/control_msgs/msg/_joint_controller_state_s.c
[0.996s] -- Up-to-date: /home/d-lab/workspace/ros_ur_driver/install/control_msgs/lib/python3.8/site-packages/control_msgs/msg/_gripper_command.py
[0.996s] -- Up-to-date: /home/d-lab/workspace/ros_ur_driver/install/control_msgs/lib/python3.8/site-packages/control_msgs/msg/_interface_value.py
[0.996s] -- Up-to-date: /home/d-lab/workspace/ros_ur_driver/install/control_msgs/lib/python3.8/site-packages/control_msgs/msg/_interface_value_s.c
[0.996s] -- Up-to-date: /home/d-lab/workspace/ros_ur_driver/install/control_msgs/lib/python3.8/site-packages/control_msgs/msg/_pid_state_s.c
[0.996s] -- Up-to-date: /home/d-lab/workspace/ros_ur_driver/install/control_msgs/lib/python3.8/site-packages/control_msgs/msg/_dynamic_joint_state.py
[0.996s] -- Up-to-date: /home/d-lab/workspace/ros_ur_driver/install/control_msgs/lib/python3.8/site-packages/control_msgs/msg/_joint_jog.py
[0.996s] -- Up-to-date: /home/d-lab/workspace/ros_ur_driver/install/control_msgs/lib/python3.8/site-packages/control_msgs/msg/_joint_tolerance_s.c
[0.996s] -- Up-to-date: /home/d-lab/workspace/ros_ur_driver/install/control_msgs/lib/python3.8/site-packages/control_msgs/msg/_dynamic_joint_state_s.c
[0.996s] -- Up-to-date: /home/d-lab/workspace/ros_ur_driver/install/control_msgs/lib/python3.8/site-packages/control_msgs/msg/_joint_jog_s.c
[0.997s] -- Up-to-date: /home/d-lab/workspace/ros_ur_driver/install/control_msgs/lib/python3.8/site-packages/control_msgs/msg/__init__.py
[0.997s] -- Up-to-date: /home/d-lab/workspace/ros_ur_driver/install/control_msgs/lib/python3.8/site-packages/control_msgs/msg/_pid_state.py
[0.997s] -- Up-to-date: /home/d-lab/workspace/ros_ur_driver/install/control_msgs/lib/python3.8/site-packages/control_msgs/msg/_joint_controller_state.py
[0.997s] -- Up-to-date: /home/d-lab/workspace/ros_ur_driver/install/control_msgs/lib/python3.8/site-packages/control_msgs/msg/_joint_trajectory_controller_state_s.c
[0.997s] -- Up-to-date: /home/d-lab/workspace/ros_ur_driver/install/control_msgs/lib/python3.8/site-packages/control_msgs/msg/_joint_trajectory_controller_state.py
[0.997s] -- Up-to-date: /home/d-lab/workspace/ros_ur_driver/install/control_msgs/lib/python3.8/site-packages/control_msgs/srv
[0.997s] -- Up-to-date: /home/d-lab/workspace/ros_ur_driver/install/control_msgs/lib/python3.8/site-packages/control_msgs/srv/_query_trajectory_state_s.c
[0.997s] -- Up-to-date: /home/d-lab/workspace/ros_ur_driver/install/control_msgs/lib/python3.8/site-packages/control_msgs/srv/_query_calibration_state.py
[0.997s] -- Up-to-date: /home/d-lab/workspace/ros_ur_driver/install/control_msgs/lib/python3.8/site-packages/control_msgs/srv/_query_trajectory_state.py
[0.997s] -- Up-to-date: /home/d-lab/workspace/ros_ur_driver/install/control_msgs/lib/python3.8/site-packages/control_msgs/srv/__init__.py
[0.997s] -- Up-to-date: /home/d-lab/workspace/ros_ur_driver/install/control_msgs/lib/python3.8/site-packages/control_msgs/srv/_query_calibration_state_s.c
[0.997s] -- Up-to-date: /home/d-lab/workspace/ros_ur_driver/install/control_msgs/lib/python3.8/site-packages/control_msgs/action
[0.997s] -- Up-to-date: /home/d-lab/workspace/ros_ur_driver/install/control_msgs/lib/python3.8/site-packages/control_msgs/action/_gripper_command_s.c
[0.998s] -- Up-to-date: /home/d-lab/workspace/ros_ur_driver/install/control_msgs/lib/python3.8/site-packages/control_msgs/action/_point_head_s.c
[0.998s] -- Up-to-date: /home/d-lab/workspace/ros_ur_driver/install/control_msgs/lib/python3.8/site-packages/control_msgs/action/_point_head.py
[0.998s] -- Up-to-date: /home/d-lab/workspace/ros_ur_driver/install/control_msgs/lib/python3.8/site-packages/control_msgs/action/_single_joint_position.py
[0.998s] -- Up-to-date: /home/d-lab/workspace/ros_ur_driver/install/control_msgs/lib/python3.8/site-packages/control_msgs/action/_gripper_command.py
[0.998s] -- Up-to-date: /home/d-lab/workspace/ros_ur_driver/install/control_msgs/lib/python3.8/site-packages/control_msgs/action/_single_joint_position_s.c
[0.998s] -- Up-to-date: /home/d-lab/workspace/ros_ur_driver/install/control_msgs/lib/python3.8/site-packages/control_msgs/action/_joint_trajectory.py
[0.998s] -- Up-to-date: /home/d-lab/workspace/ros_ur_driver/install/control_msgs/lib/python3.8/site-packages/control_msgs/action/_follow_joint_trajectory.py
[0.998s] -- Up-to-date: /home/d-lab/workspace/ros_ur_driver/install/control_msgs/lib/python3.8/site-packages/control_msgs/action/_follow_joint_trajectory_s.c
[0.998s] -- Up-to-date: /home/d-lab/workspace/ros_ur_driver/install/control_msgs/lib/python3.8/site-packages/control_msgs/action/__init__.py
[0.998s] -- Up-to-date: /home/d-lab/workspace/ros_ur_driver/install/control_msgs/lib/python3.8/site-packages/control_msgs/action/_joint_trajectory_s.c
[0.999s] -- Up-to-date: /home/d-lab/workspace/ros_ur_driver/install/control_msgs/lib/python3.8/site-packages/control_msgs/control_msgs_s__rosidl_typesupport_fastrtps_c.cpython-38-x86_64-linux-gnu.so
[0.999s] -- Up-to-date: /home/d-lab/workspace/ros_ur_driver/install/control_msgs/lib/python3.8/site-packages/control_msgs/control_msgs_s__rosidl_typesupport_introspection_c.cpython-38-x86_64-linux-gnu.so
[0.999s] -- Up-to-date: /home/d-lab/workspace/ros_ur_driver/install/control_msgs/lib/python3.8/site-packages/control_msgs/control_msgs_s__rosidl_typesupport_c.cpython-38-x86_64-linux-gnu.so
[0.999s] -- Up-to-date: /home/d-lab/workspace/ros_ur_driver/install/control_msgs/lib/libcontrol_msgs__python.so
[0.999s] -- Up-to-date: /home/d-lab/workspace/ros_ur_driver/install/control_msgs/share/control_msgs/msg/DynamicJointState.idl
[1.000s] -- Up-to-date: /home/d-lab/workspace/ros_ur_driver/install/control_msgs/share/control_msgs/msg/GripperCommand.idl
[1.000s] -- Up-to-date: /home/d-lab/workspace/ros_ur_driver/install/control_msgs/share/control_msgs/msg/InterfaceValue.idl
[1.000s] -- Up-to-date: /home/d-lab/workspace/ros_ur_driver/install/control_msgs/share/control_msgs/msg/JointControllerState.idl
[1.000s] -- Up-to-date: /home/d-lab/workspace/ros_ur_driver/install/control_msgs/share/control_msgs/msg/JointJog.idl
[1.000s] -- Up-to-date: /home/d-lab/workspace/ros_ur_driver/install/control_msgs/share/control_msgs/msg/JointTolerance.idl
[1.000s] -- Up-to-date: /home/d-lab/workspace/ros_ur_driver/install/control_msgs/share/control_msgs/msg/JointTrajectoryControllerState.idl
[1.000s] -- Up-to-date: /home/d-lab/workspace/ros_ur_driver/install/control_msgs/share/control_msgs/msg/PidState.idl
[1.000s] -- Up-to-date: /home/d-lab/workspace/ros_ur_driver/install/control_msgs/share/control_msgs/srv/QueryCalibrationState.idl
[1.000s] -- Up-to-date: /home/d-lab/workspace/ros_ur_driver/install/control_msgs/share/control_msgs/srv/QueryTrajectoryState.idl
[1.000s] -- Up-to-date: /home/d-lab/workspace/ros_ur_driver/install/control_msgs/share/control_msgs/action/FollowJointTrajectory.idl
[1.000s] -- Up-to-date: /home/d-lab/workspace/ros_ur_driver/install/control_msgs/share/control_msgs/action/GripperCommand.idl
[1.000s] -- Up-to-date: /home/d-lab/workspace/ros_ur_driver/install/control_msgs/share/control_msgs/action/JointTrajectory.idl
[1.000s] -- Up-to-date: /home/d-lab/workspace/ros_ur_driver/install/control_msgs/share/control_msgs/action/PointHead.idl
[1.000s] -- Up-to-date: /home/d-lab/workspace/ros_ur_driver/install/control_msgs/share/control_msgs/action/SingleJointPosition.idl
[1.000s] -- Up-to-date: /home/d-lab/workspace/ros_ur_driver/install/control_msgs/share/control_msgs/msg/DynamicJointState.msg
[1.000s] -- Up-to-date: /home/d-lab/workspace/ros_ur_driver/install/control_msgs/share/control_msgs/msg/GripperCommand.msg
[1.000s] -- Up-to-date: /home/d-lab/workspace/ros_ur_driver/install/control_msgs/share/control_msgs/msg/InterfaceValue.msg
[1.000s] -- Up-to-date: /home/d-lab/workspace/ros_ur_driver/install/control_msgs/share/control_msgs/msg/JointControllerState.msg
[1.001s] -- Up-to-date: /home/d-lab/workspace/ros_ur_driver/install/control_msgs/share/control_msgs/msg/JointJog.msg
[1.001s] -- Up-to-date: /home/d-lab/workspace/ros_ur_driver/install/control_msgs/share/control_msgs/msg/JointTolerance.msg
[1.001s] -- Up-to-date: /home/d-lab/workspace/ros_ur_driver/install/control_msgs/share/control_msgs/msg/JointTrajectoryControllerState.msg
[1.001s] -- Up-to-date: /home/d-lab/workspace/ros_ur_driver/install/control_msgs/share/control_msgs/msg/PidState.msg
[1.001s] -- Up-to-date: /home/d-lab/workspace/ros_ur_driver/install/control_msgs/share/control_msgs/srv/QueryCalibrationState.srv
[1.001s] -- Up-to-date: /home/d-lab/workspace/ros_ur_driver/install/control_msgs/share/control_msgs/srv/QueryCalibrationState_Request.msg
[1.001s] -- Up-to-date: /home/d-lab/workspace/ros_ur_driver/install/control_msgs/share/control_msgs/srv/QueryCalibrationState_Response.msg
[1.001s] -- Up-to-date: /home/d-lab/workspace/ros_ur_driver/install/control_msgs/share/control_msgs/srv/QueryTrajectoryState.srv
[1.001s] -- Up-to-date: /home/d-lab/workspace/ros_ur_driver/install/control_msgs/share/control_msgs/srv/QueryTrajectoryState_Request.msg
[1.001s] -- Up-to-date: /home/d-lab/workspace/ros_ur_driver/install/control_msgs/share/control_msgs/srv/QueryTrajectoryState_Response.msg
[1.001s] -- Up-to-date: /home/d-lab/workspace/ros_ur_driver/install/control_msgs/share/control_msgs/action/FollowJointTrajectory.action
[1.001s] -- Up-to-date: /home/d-lab/workspace/ros_ur_driver/install/control_msgs/share/control_msgs/action/GripperCommand.action
[1.001s] -- Up-to-date: /home/d-lab/workspace/ros_ur_driver/install/control_msgs/share/control_msgs/action/JointTrajectory.action
[1.001s] -- Up-to-date: /home/d-lab/workspace/ros_ur_driver/install/control_msgs/share/control_msgs/action/PointHead.action
[1.003s] -- Up-to-date: /home/d-lab/workspace/ros_ur_driver/install/control_msgs/share/control_msgs/action/SingleJointPosition.action
[1.003s] -- Up-to-date: /home/d-lab/workspace/ros_ur_driver/install/control_msgs/share/ament_index/resource_index/package_run_dependencies/control_msgs
[1.003s] -- Up-to-date: /home/d-lab/workspace/ros_ur_driver/install/control_msgs/share/ament_index/resource_index/parent_prefix_path/control_msgs
[1.003s] -- Up-to-date: /home/d-lab/workspace/ros_ur_driver/install/control_msgs/share/control_msgs/environment/ament_prefix_path.sh
[1.003s] -- Up-to-date: /home/d-lab/workspace/ros_ur_driver/install/control_msgs/share/control_msgs/environment/ament_prefix_path.dsv
[1.005s] -- Up-to-date: /home/d-lab/workspace/ros_ur_driver/install/control_msgs/share/control_msgs/environment/path.sh
[1.005s] -- Up-to-date: /home/d-lab/workspace/ros_ur_driver/install/control_msgs/share/control_msgs/environment/path.dsv
[1.005s] -- Up-to-date: /home/d-lab/workspace/ros_ur_driver/install/control_msgs/share/control_msgs/local_setup.bash
[1.005s] -- Up-to-date: /home/d-lab/workspace/ros_ur_driver/install/control_msgs/share/control_msgs/local_setup.sh
[1.005s] -- Up-to-date: /home/d-lab/workspace/ros_ur_driver/install/control_msgs/share/control_msgs/local_setup.zsh
[1.005s] -- Up-to-date: /home/d-lab/workspace/ros_ur_driver/install/control_msgs/share/control_msgs/local_setup.dsv
[1.006s] -- Installing: /home/d-lab/workspace/ros_ur_driver/install/control_msgs/share/control_msgs/package.dsv
[1.006s] -- Up-to-date: /home/d-lab/workspace/ros_ur_driver/install/control_msgs/share/ament_index/resource_index/packages/control_msgs
[1.006s] -- Up-to-date: /home/d-lab/workspace/ros_ur_driver/install/control_msgs/share/control_msgs/cmake/control_msgs__rosidl_generator_cExport.cmake
[1.006s] -- Up-to-date: /home/d-lab/workspace/ros_ur_driver/install/control_msgs/share/control_msgs/cmake/control_msgs__rosidl_generator_cExport-release.cmake
[1.006s] -- Up-to-date: /home/d-lab/workspace/ros_ur_driver/install/control_msgs/share/control_msgs/cmake/control_msgs__rosidl_typesupport_introspection_cExport.cmake
[1.006s] -- Up-to-date: /home/d-lab/workspace/ros_ur_driver/install/control_msgs/share/control_msgs/cmake/control_msgs__rosidl_typesupport_introspection_cExport-release.cmake
[1.006s] -- Up-to-date: /home/d-lab/workspace/ros_ur_driver/install/control_msgs/share/control_msgs/cmake/control_msgs__rosidl_typesupport_cExport.cmake
[1.006s] -- Up-to-date: /home/d-lab/workspace/ros_ur_driver/install/control_msgs/share/control_msgs/cmake/control_msgs__rosidl_typesupport_cExport-release.cmake
[1.006s] -- Up-to-date: /home/d-lab/workspace/ros_ur_driver/install/control_msgs/share/control_msgs/cmake/control_msgs__rosidl_generator_cppExport.cmake
[1.006s] -- Up-to-date: /home/d-lab/workspace/ros_ur_driver/install/control_msgs/share/control_msgs/cmake/control_msgs__rosidl_typesupport_introspection_cppExport.cmake
[1.006s] -- Up-to-date: /home/d-lab/workspace/ros_ur_driver/install/control_msgs/share/control_msgs/cmake/control_msgs__rosidl_typesupport_introspection_cppExport-release.cmake
[1.006s] -- Up-to-date: /home/d-lab/workspace/ros_ur_driver/install/control_msgs/share/control_msgs/cmake/control_msgs__rosidl_typesupport_cppExport.cmake
[1.006s] -- Up-to-date: /home/d-lab/workspace/ros_ur_driver/install/control_msgs/share/control_msgs/cmake/control_msgs__rosidl_typesupport_cppExport-release.cmake
[1.006s] -- Up-to-date: /home/d-lab/workspace/ros_ur_driver/install/control_msgs/share/control_msgs/cmake/rosidl_cmake-extras.cmake
[1.006s] -- Up-to-date: /home/d-lab/workspace/ros_ur_driver/install/control_msgs/share/control_msgs/cmake/ament_cmake_export_dependencies-extras.cmake
[1.006s] -- Up-to-date: /home/d-lab/workspace/ros_ur_driver/install/control_msgs/share/control_msgs/cmake/ament_cmake_export_libraries-extras.cmake
[1.006s] -- Up-to-date: /home/d-lab/workspace/ros_ur_driver/install/control_msgs/share/control_msgs/cmake/ament_cmake_export_targets-extras.cmake
[1.006s] -- Up-to-date: /home/d-lab/workspace/ros_ur_driver/install/control_msgs/share/control_msgs/cmake/ament_cmake_export_include_directories-extras.cmake
[1.007s] -- Up-to-date: /home/d-lab/workspace/ros_ur_driver/install/control_msgs/share/control_msgs/cmake/rosidl_cmake_export_typesupport_libraries-extras.cmake
[1.007s] -- Up-to-date: /home/d-lab/workspace/ros_ur_driver/install/control_msgs/share/control_msgs/cmake/rosidl_cmake_export_typesupport_targets-extras.cmake
[1.007s] -- Up-to-date: /home/d-lab/workspace/ros_ur_driver/install/control_msgs/share/control_msgs/cmake/control_msgsConfig.cmake
[1.007s] -- Up-to-date: /home/d-lab/workspace/ros_ur_driver/install/control_msgs/share/control_msgs/cmake/control_msgsConfig-version.cmake
[1.007s] -- Up-to-date: /home/d-lab/workspace/ros_ur_driver/install/control_msgs/share/control_msgs/package.xml
[1.007s] Invoked command in '/home/d-lab/workspace/ros_ur_driver/build/control_msgs' returned '0': CMAKE_PREFIX_PATH=/home/d-lab/workspace/ros_ur_driver/install/ros2controlcli:/home/d-lab/workspace/ros_ur_driver/install/ros2_control_test_nodes:/opt/ros/foxy:${CMAKE_PREFIX_PATH} /usr/bin/cmake --install /home/d-lab/workspace/ros_ur_driver/build/control_msgs
