[0.022s] Invoking command in '/home/d-lab/workspace/ros_ur_driver/src/build/effort_controllers': AMENT_PREFIX_PATH=/home/d-lab/workspace/ros_ur_driver/src/install/forward_command_controller:/home/d-lab/workspace/ros_ur_driver/src/install/controller_manager:/home/d-lab/workspace/ros_ur_driver/src/install/controller_interface:/home/d-lab/workspace/ros_ur_driver/src/install/hardware_interface:/home/d-lab/workspace/ros_ur_driver/src/install/ros2_control_test_assets:/home/d-lab/workspace/ros_ur_driver/src/install/controller_manager_msgs:/home/d-lab/workspace/ros_ur_driver/src/install/control_msgs:${AMENT_PREFIX_PATH} CMAKE_PREFIX_PATH=/home/d-lab/workspace/ros_ur_driver/src/install/forward_command_controller:/home/d-lab/workspace/ros_ur_driver/src/install/controller_manager:/home/d-lab/workspace/ros_ur_driver/src/install/controller_interface:/home/d-lab/workspace/ros_ur_driver/src/install/hardware_interface:/home/d-lab/workspace/ros_ur_driver/src/install/ros2_control_test_assets:/home/d-lab/workspace/ros_ur_driver/src/install/controller_manager_msgs:/home/d-lab/workspace/ros_ur_driver/src/install/control_msgs:/opt/ros/foxy LD_LIBRARY_PATH=/home/d-lab/workspace/ros_ur_driver/src/install/forward_command_controller/lib:/home/d-lab/workspace/ros_ur_driver/src/install/controller_manager/lib:/home/d-lab/workspace/ros_ur_driver/src/install/controller_interface/lib:/home/d-lab/workspace/ros_ur_driver/src/install/hardware_interface/lib:/home/d-lab/workspace/ros_ur_driver/src/install/controller_manager_msgs/lib:/home/d-lab/workspace/ros_ur_driver/src/install/control_msgs/lib:${LD_LIBRARY_PATH} PYTHONPATH=/home/d-lab/workspace/ros_ur_driver/src/install/controller_manager/lib/python3.8/site-packages:/home/d-lab/workspace/ros_ur_driver/src/install/controller_manager_msgs/lib/python3.8/site-packages:/home/d-lab/workspace/ros_ur_driver/src/install/control_msgs/lib/python3.8/site-packages:${PYTHONPATH} /usr/bin/cmake /home/d-lab/workspace/ros_ur_driver/src/ros2_controllers/effort_controllers -DCMAKE_INSTALL_PREFIX=/home/d-lab/workspace/ros_ur_driver/src/install/effort_controllers
[0.061s] -- The C compiler identification is GNU 9.4.0
[0.098s] -- The CXX compiler identification is GNU 9.4.0
[0.100s] -- Check for working C compiler: /usr/bin/cc
[0.148s] -- Check for working C compiler: /usr/bin/cc -- works
[0.149s] -- Detecting C compiler ABI info
[0.197s] -- Detecting C compiler ABI info - done
[0.210s] -- Detecting C compile features
[0.210s] -- Detecting C compile features - done
[0.213s] -- Check for working CXX compiler: /usr/bin/c++
[0.269s] -- Check for working CXX compiler: /usr/bin/c++ -- works
[0.270s] -- Detecting CXX compiler ABI info
[0.325s] -- Detecting CXX compiler ABI info - done
[0.333s] -- Detecting CXX compile features
[0.333s] -- Detecting CXX compile features - done
[0.335s] -- Found ament_cmake: 0.9.9 (/opt/ros/foxy/share/ament_cmake/cmake)
[0.352s] -- Found PythonInterp: /usr/bin/python3 (found suitable version "3.8.10", minimum required is "3") 
[0.352s] -- Using PYTHON_EXECUTABLE: /usr/bin/python3
[0.501s] -- Found forward_command_controller: 0.7.0 (/home/d-lab/workspace/ros_ur_driver/src/install/forward_command_controller/share/forward_command_controller/cmake)
[0.543s] -- Using all available rosidl_typesupport_c: rosidl_typesupport_fastrtps_c;rosidl_typesupport_introspection_c
[0.552s] -- Found rosidl_adapter: 1.2.1 (/opt/ros/foxy/share/rosidl_adapter/cmake)
[0.624s] -- Found OpenSSL: /usr/lib/x86_64-linux-gnu/libcrypto.so (found version "1.1.1f")  
[0.658s] -- Found FastRTPS: /opt/ros/foxy/include  
[0.730s] -- Using all available rosidl_typesupport_cpp: rosidl_typesupport_fastrtps_cpp;rosidl_typesupport_introspection_cpp
[1.140s] -- Found rmw_implementation_cmake: 1.0.3 (/opt/ros/foxy/share/rmw_implementation_cmake/cmake)
[1.141s] -- Using RMW implementation 'rmw_fastrtps_cpp' as default
[1.141s] -- Looking for pthread.h
[1.192s] -- Looking for pthread.h - found
[1.192s] -- Performing Test CMAKE_HAVE_LIBC_PTHREAD
[1.243s] -- Performing Test CMAKE_HAVE_LIBC_PTHREAD - Failed
[1.243s] -- Looking for pthread_create in pthreads
[1.287s] -- Looking for pthread_create in pthreads - not found
[1.287s] -- Looking for pthread_create in pthread
[1.339s] -- Looking for pthread_create in pthread - found
[1.340s] -- Found Threads: TRUE  
[1.701s] -- Found ament_cmake_gmock: 0.9.9 (/opt/ros/foxy/share/ament_cmake_gmock/cmake)
[1.702s] -- Found controller_manager: 0.10.0 (/home/d-lab/workspace/ros_ur_driver/src/install/controller_manager/share/controller_manager/cmake)
[1.748s] -- Found ros2_control_test_assets: 0.10.0 (/home/d-lab/workspace/ros_ur_driver/src/install/ros2_control_test_assets/share/ros2_control_test_assets/cmake)
[1.750s] -- Found gmock sources under '/opt/ros/foxy/src/gmock_vendor': C++ tests using 'Google Mock' will be built
[1.754s] -- Found ament_cmake_gtest: 0.9.9 (/opt/ros/foxy/share/ament_cmake_gtest/cmake)
[1.754s] -- Found gtest sources under '/opt/ros/foxy/src/gtest_vendor': C++ tests using 'Google Test' will be built
[1.851s] -- Configuring done
[1.893s] -- Generating done
[1.895s] -- Build files have been written to: /home/d-lab/workspace/ros_ur_driver/src/build/effort_controllers
[1.904s] Invoked command in '/home/d-lab/workspace/ros_ur_driver/src/build/effort_controllers' returned '0': AMENT_PREFIX_PATH=/home/d-lab/workspace/ros_ur_driver/src/install/forward_command_controller:/home/d-lab/workspace/ros_ur_driver/src/install/controller_manager:/home/d-lab/workspace/ros_ur_driver/src/install/controller_interface:/home/d-lab/workspace/ros_ur_driver/src/install/hardware_interface:/home/d-lab/workspace/ros_ur_driver/src/install/ros2_control_test_assets:/home/d-lab/workspace/ros_ur_driver/src/install/controller_manager_msgs:/home/d-lab/workspace/ros_ur_driver/src/install/control_msgs:${AMENT_PREFIX_PATH} CMAKE_PREFIX_PATH=/home/d-lab/workspace/ros_ur_driver/src/install/forward_command_controller:/home/d-lab/workspace/ros_ur_driver/src/install/controller_manager:/home/d-lab/workspace/ros_ur_driver/src/install/controller_interface:/home/d-lab/workspace/ros_ur_driver/src/install/hardware_interface:/home/d-lab/workspace/ros_ur_driver/src/install/ros2_control_test_assets:/home/d-lab/workspace/ros_ur_driver/src/install/controller_manager_msgs:/home/d-lab/workspace/ros_ur_driver/src/install/control_msgs:/opt/ros/foxy LD_LIBRARY_PATH=/home/d-lab/workspace/ros_ur_driver/src/install/forward_command_controller/lib:/home/d-lab/workspace/ros_ur_driver/src/install/controller_manager/lib:/home/d-lab/workspace/ros_ur_driver/src/install/controller_interface/lib:/home/d-lab/workspace/ros_ur_driver/src/install/hardware_interface/lib:/home/d-lab/workspace/ros_ur_driver/src/install/controller_manager_msgs/lib:/home/d-lab/workspace/ros_ur_driver/src/install/control_msgs/lib:${LD_LIBRARY_PATH} PYTHONPATH=/home/d-lab/workspace/ros_ur_driver/src/install/controller_manager/lib/python3.8/site-packages:/home/d-lab/workspace/ros_ur_driver/src/install/controller_manager_msgs/lib/python3.8/site-packages:/home/d-lab/workspace/ros_ur_driver/src/install/control_msgs/lib/python3.8/site-packages:${PYTHONPATH} /usr/bin/cmake /home/d-lab/workspace/ros_ur_driver/src/ros2_controllers/effort_controllers -DCMAKE_INSTALL_PREFIX=/home/d-lab/workspace/ros_ur_driver/src/install/effort_controllers
[1.906s] Invoking command in '/home/d-lab/workspace/ros_ur_driver/src/build/effort_controllers': AMENT_PREFIX_PATH=/home/d-lab/workspace/ros_ur_driver/src/install/forward_command_controller:/home/d-lab/workspace/ros_ur_driver/src/install/controller_manager:/home/d-lab/workspace/ros_ur_driver/src/install/controller_interface:/home/d-lab/workspace/ros_ur_driver/src/install/hardware_interface:/home/d-lab/workspace/ros_ur_driver/src/install/ros2_control_test_assets:/home/d-lab/workspace/ros_ur_driver/src/install/controller_manager_msgs:/home/d-lab/workspace/ros_ur_driver/src/install/control_msgs:${AMENT_PREFIX_PATH} CMAKE_PREFIX_PATH=/home/d-lab/workspace/ros_ur_driver/src/install/forward_command_controller:/home/d-lab/workspace/ros_ur_driver/src/install/controller_manager:/home/d-lab/workspace/ros_ur_driver/src/install/controller_interface:/home/d-lab/workspace/ros_ur_driver/src/install/hardware_interface:/home/d-lab/workspace/ros_ur_driver/src/install/ros2_control_test_assets:/home/d-lab/workspace/ros_ur_driver/src/install/controller_manager_msgs:/home/d-lab/workspace/ros_ur_driver/src/install/control_msgs:/opt/ros/foxy LD_LIBRARY_PATH=/home/d-lab/workspace/ros_ur_driver/src/install/forward_command_controller/lib:/home/d-lab/workspace/ros_ur_driver/src/install/controller_manager/lib:/home/d-lab/workspace/ros_ur_driver/src/install/controller_interface/lib:/home/d-lab/workspace/ros_ur_driver/src/install/hardware_interface/lib:/home/d-lab/workspace/ros_ur_driver/src/install/controller_manager_msgs/lib:/home/d-lab/workspace/ros_ur_driver/src/install/control_msgs/lib:${LD_LIBRARY_PATH} PYTHONPATH=/home/d-lab/workspace/ros_ur_driver/src/install/controller_manager/lib/python3.8/site-packages:/home/d-lab/workspace/ros_ur_driver/src/install/controller_manager_msgs/lib/python3.8/site-packages:/home/d-lab/workspace/ros_ur_driver/src/install/control_msgs/lib/python3.8/site-packages:${PYTHONPATH} /usr/bin/cmake --build /home/d-lab/workspace/ros_ur_driver/src/build/effort_controllers -- -j16 -l16
[1.935s] [35m[1mScanning dependencies of target gmock[0m
[1.936s] [35m[1mScanning dependencies of target effort_controllers[0m
[1.937s] [35m[1mScanning dependencies of target gmock_main[0m
[1.950s] [  9%] [32mBuilding CXX object gmock/CMakeFiles/gmock_main.dir/src/gmock_main.cc.o[0m
[1.951s] [ 18%] [32mBuilding CXX object gmock/CMakeFiles/gmock.dir/opt/ros/foxy/src/gtest_vendor/src/gtest-all.cc.o[0m
[1.953s] [ 27%] [32mBuilding CXX object gmock/CMakeFiles/gmock.dir/src/gmock-all.cc.o[0m
[1.971s] [ 36%] [32mBuilding CXX object CMakeFiles/effort_controllers.dir/src/joint_group_effort_controller.cpp.o[0m
[3.036s] [ 45%] [32m[1mLinking CXX static library libgmock_main.a[0m
[3.074s] [ 45%] Built target gmock_main
[4.080s] [ 54%] [32m[1mLinking CXX shared library libeffort_controllers.so[0m
[4.202s] [ 54%] Built target effort_controllers
[5.385s] [ 63%] [32m[1mLinking CXX static library libgmock.a[0m
[5.429s] [ 63%] Built target gmock
[5.437s] [35m[1mScanning dependencies of target test_load_joint_group_effort_controller[0m
[5.440s] [35m[1mScanning dependencies of target test_joint_group_effort_controller[0m
[5.482s] [ 72%] [32mBuilding CXX object CMakeFiles/test_load_joint_group_effort_controller.dir/test/test_load_joint_group_effort_controller.cpp.o[0m
[5.496s] [ 81%] [32mBuilding CXX object CMakeFiles/test_joint_group_effort_controller.dir/test/test_joint_group_effort_controller.cpp.o[0m
[8.123s] [ 90%] [32m[1mLinking CXX executable test_load_joint_group_effort_controller[0m
[8.461s] [ 90%] Built target test_load_joint_group_effort_controller
[9.183s] [100%] [32m[1mLinking CXX executable test_joint_group_effort_controller[0m
[9.475s] [100%] Built target test_joint_group_effort_controller
[9.482s] Invoked command in '/home/d-lab/workspace/ros_ur_driver/src/build/effort_controllers' returned '0': AMENT_PREFIX_PATH=/home/d-lab/workspace/ros_ur_driver/src/install/forward_command_controller:/home/d-lab/workspace/ros_ur_driver/src/install/controller_manager:/home/d-lab/workspace/ros_ur_driver/src/install/controller_interface:/home/d-lab/workspace/ros_ur_driver/src/install/hardware_interface:/home/d-lab/workspace/ros_ur_driver/src/install/ros2_control_test_assets:/home/d-lab/workspace/ros_ur_driver/src/install/controller_manager_msgs:/home/d-lab/workspace/ros_ur_driver/src/install/control_msgs:${AMENT_PREFIX_PATH} CMAKE_PREFIX_PATH=/home/d-lab/workspace/ros_ur_driver/src/install/forward_command_controller:/home/d-lab/workspace/ros_ur_driver/src/install/controller_manager:/home/d-lab/workspace/ros_ur_driver/src/install/controller_interface:/home/d-lab/workspace/ros_ur_driver/src/install/hardware_interface:/home/d-lab/workspace/ros_ur_driver/src/install/ros2_control_test_assets:/home/d-lab/workspace/ros_ur_driver/src/install/controller_manager_msgs:/home/d-lab/workspace/ros_ur_driver/src/install/control_msgs:/opt/ros/foxy LD_LIBRARY_PATH=/home/d-lab/workspace/ros_ur_driver/src/install/forward_command_controller/lib:/home/d-lab/workspace/ros_ur_driver/src/install/controller_manager/lib:/home/d-lab/workspace/ros_ur_driver/src/install/controller_interface/lib:/home/d-lab/workspace/ros_ur_driver/src/install/hardware_interface/lib:/home/d-lab/workspace/ros_ur_driver/src/install/controller_manager_msgs/lib:/home/d-lab/workspace/ros_ur_driver/src/install/control_msgs/lib:${LD_LIBRARY_PATH} PYTHONPATH=/home/d-lab/workspace/ros_ur_driver/src/install/controller_manager/lib/python3.8/site-packages:/home/d-lab/workspace/ros_ur_driver/src/install/controller_manager_msgs/lib/python3.8/site-packages:/home/d-lab/workspace/ros_ur_driver/src/install/control_msgs/lib/python3.8/site-packages:${PYTHONPATH} /usr/bin/cmake --build /home/d-lab/workspace/ros_ur_driver/src/build/effort_controllers -- -j16 -l16
[9.502s] Invoking command in '/home/d-lab/workspace/ros_ur_driver/src/build/effort_controllers': AMENT_PREFIX_PATH=/home/d-lab/workspace/ros_ur_driver/src/install/forward_command_controller:/home/d-lab/workspace/ros_ur_driver/src/install/controller_manager:/home/d-lab/workspace/ros_ur_driver/src/install/controller_interface:/home/d-lab/workspace/ros_ur_driver/src/install/hardware_interface:/home/d-lab/workspace/ros_ur_driver/src/install/ros2_control_test_assets:/home/d-lab/workspace/ros_ur_driver/src/install/controller_manager_msgs:/home/d-lab/workspace/ros_ur_driver/src/install/control_msgs:${AMENT_PREFIX_PATH} CMAKE_PREFIX_PATH=/home/d-lab/workspace/ros_ur_driver/src/install/forward_command_controller:/home/d-lab/workspace/ros_ur_driver/src/install/controller_manager:/home/d-lab/workspace/ros_ur_driver/src/install/controller_interface:/home/d-lab/workspace/ros_ur_driver/src/install/hardware_interface:/home/d-lab/workspace/ros_ur_driver/src/install/ros2_control_test_assets:/home/d-lab/workspace/ros_ur_driver/src/install/controller_manager_msgs:/home/d-lab/workspace/ros_ur_driver/src/install/control_msgs:/opt/ros/foxy LD_LIBRARY_PATH=/home/d-lab/workspace/ros_ur_driver/src/install/forward_command_controller/lib:/home/d-lab/workspace/ros_ur_driver/src/install/controller_manager/lib:/home/d-lab/workspace/ros_ur_driver/src/install/controller_interface/lib:/home/d-lab/workspace/ros_ur_driver/src/install/hardware_interface/lib:/home/d-lab/workspace/ros_ur_driver/src/install/controller_manager_msgs/lib:/home/d-lab/workspace/ros_ur_driver/src/install/control_msgs/lib:${LD_LIBRARY_PATH} PYTHONPATH=/home/d-lab/workspace/ros_ur_driver/src/install/controller_manager/lib/python3.8/site-packages:/home/d-lab/workspace/ros_ur_driver/src/install/controller_manager_msgs/lib/python3.8/site-packages:/home/d-lab/workspace/ros_ur_driver/src/install/control_msgs/lib/python3.8/site-packages:${PYTHONPATH} /usr/bin/cmake --install /home/d-lab/workspace/ros_ur_driver/src/build/effort_controllers
[9.509s] -- Install configuration: ""
[9.509s] -- Installing: /home/d-lab/workspace/ros_ur_driver/src/install/effort_controllers/share/effort_controllers/effort_controllers_plugins.xml
[9.509s] -- Installing: /home/d-lab/workspace/ros_ur_driver/src/install/effort_controllers/include
[9.509s] -- Installing: /home/d-lab/workspace/ros_ur_driver/src/install/effort_controllers/include/effort_controllers
[9.510s] -- Installing: /home/d-lab/workspace/ros_ur_driver/src/install/effort_controllers/include/effort_controllers/joint_group_effort_controller.hpp
[9.510s] -- Installing: /home/d-lab/workspace/ros_ur_driver/src/install/effort_controllers/include/effort_controllers/visibility_control.h
[9.510s] -- Installing: /home/d-lab/workspace/ros_ur_driver/src/install/effort_controllers/lib/libeffort_controllers.so
[9.510s] -- Set runtime path of "/home/d-lab/workspace/ros_ur_driver/src/install/effort_controllers/lib/libeffort_controllers.so" to ""
[9.510s] -- Installing: /home/d-lab/workspace/ros_ur_driver/src/install/effort_controllers/share/effort_controllers/environment/library_path.sh
[9.510s] -- Installing: /home/d-lab/workspace/ros_ur_driver/src/install/effort_controllers/share/effort_controllers/environment/library_path.dsv
[9.510s] -- Installing: /home/d-lab/workspace/ros_ur_driver/src/install/effort_controllers/share/ament_index/resource_index/package_run_dependencies/effort_controllers
[9.510s] -- Installing: /home/d-lab/workspace/ros_ur_driver/src/install/effort_controllers/share/ament_index/resource_index/parent_prefix_path/effort_controllers
[9.510s] -- Installing: /home/d-lab/workspace/ros_ur_driver/src/install/effort_controllers/share/effort_controllers/environment/ament_prefix_path.sh
[9.510s] -- Installing: /home/d-lab/workspace/ros_ur_driver/src/install/effort_controllers/share/effort_controllers/environment/ament_prefix_path.dsv
[9.510s] -- Installing: /home/d-lab/workspace/ros_ur_driver/src/install/effort_controllers/share/effort_controllers/environment/path.sh
[9.510s] -- Installing: /home/d-lab/workspace/ros_ur_driver/src/install/effort_controllers/share/effort_controllers/environment/path.dsv
[9.511s] -- Installing: /home/d-lab/workspace/ros_ur_driver/src/install/effort_controllers/share/effort_controllers/local_setup.bash
[9.511s] -- Installing: /home/d-lab/workspace/ros_ur_driver/src/install/effort_controllers/share/effort_controllers/local_setup.sh
[9.511s] -- Installing: /home/d-lab/workspace/ros_ur_driver/src/install/effort_controllers/share/effort_controllers/local_setup.zsh
[9.511s] -- Installing: /home/d-lab/workspace/ros_ur_driver/src/install/effort_controllers/share/effort_controllers/local_setup.dsv
[9.511s] -- Installing: /home/d-lab/workspace/ros_ur_driver/src/install/effort_controllers/share/effort_controllers/package.dsv
[9.511s] -- Installing: /home/d-lab/workspace/ros_ur_driver/src/install/effort_controllers/share/ament_index/resource_index/packages/effort_controllers
[9.511s] -- Installing: /home/d-lab/workspace/ros_ur_driver/src/install/effort_controllers/share/ament_index/resource_index/controller_interface__pluginlib__plugin/effort_controllers
[9.511s] -- Installing: /home/d-lab/workspace/ros_ur_driver/src/install/effort_controllers/share/effort_controllers/cmake/ament_cmake_export_dependencies-extras.cmake
[9.511s] -- Installing: /home/d-lab/workspace/ros_ur_driver/src/install/effort_controllers/share/effort_controllers/cmake/ament_cmake_export_include_directories-extras.cmake
[9.511s] -- Installing: /home/d-lab/workspace/ros_ur_driver/src/install/effort_controllers/share/effort_controllers/cmake/ament_cmake_export_libraries-extras.cmake
[9.511s] -- Installing: /home/d-lab/workspace/ros_ur_driver/src/install/effort_controllers/share/effort_controllers/cmake/effort_controllersConfig.cmake
[9.511s] -- Installing: /home/d-lab/workspace/ros_ur_driver/src/install/effort_controllers/share/effort_controllers/cmake/effort_controllersConfig-version.cmake
[9.511s] -- Installing: /home/d-lab/workspace/ros_ur_driver/src/install/effort_controllers/share/effort_controllers/package.xml
[9.514s] Invoked command in '/home/d-lab/workspace/ros_ur_driver/src/build/effort_controllers' returned '0': AMENT_PREFIX_PATH=/home/d-lab/workspace/ros_ur_driver/src/install/forward_command_controller:/home/d-lab/workspace/ros_ur_driver/src/install/controller_manager:/home/d-lab/workspace/ros_ur_driver/src/install/controller_interface:/home/d-lab/workspace/ros_ur_driver/src/install/hardware_interface:/home/d-lab/workspace/ros_ur_driver/src/install/ros2_control_test_assets:/home/d-lab/workspace/ros_ur_driver/src/install/controller_manager_msgs:/home/d-lab/workspace/ros_ur_driver/src/install/control_msgs:${AMENT_PREFIX_PATH} CMAKE_PREFIX_PATH=/home/d-lab/workspace/ros_ur_driver/src/install/forward_command_controller:/home/d-lab/workspace/ros_ur_driver/src/install/controller_manager:/home/d-lab/workspace/ros_ur_driver/src/install/controller_interface:/home/d-lab/workspace/ros_ur_driver/src/install/hardware_interface:/home/d-lab/workspace/ros_ur_driver/src/install/ros2_control_test_assets:/home/d-lab/workspace/ros_ur_driver/src/install/controller_manager_msgs:/home/d-lab/workspace/ros_ur_driver/src/install/control_msgs:/opt/ros/foxy LD_LIBRARY_PATH=/home/d-lab/workspace/ros_ur_driver/src/install/forward_command_controller/lib:/home/d-lab/workspace/ros_ur_driver/src/install/controller_manager/lib:/home/d-lab/workspace/ros_ur_driver/src/install/controller_interface/lib:/home/d-lab/workspace/ros_ur_driver/src/install/hardware_interface/lib:/home/d-lab/workspace/ros_ur_driver/src/install/controller_manager_msgs/lib:/home/d-lab/workspace/ros_ur_driver/src/install/control_msgs/lib:${LD_LIBRARY_PATH} PYTHONPATH=/home/d-lab/workspace/ros_ur_driver/src/install/controller_manager/lib/python3.8/site-packages:/home/d-lab/workspace/ros_ur_driver/src/install/controller_manager_msgs/lib/python3.8/site-packages:/home/d-lab/workspace/ros_ur_driver/src/install/control_msgs/lib/python3.8/site-packages:${PYTHONPATH} /usr/bin/cmake --install /home/d-lab/workspace/ros_ur_driver/src/build/effort_controllers
