-- Found ament_cmake: 0.9.9 (/opt/ros/foxy/share/ament_cmake/cmake)
-- Using PYTHON_EXECUTABLE: /usr/bin/python3
-- Found ament_lint_auto: 0.9.6 (/opt/ros/foxy/share/ament_lint_auto/cmake)
-- Added test 'copyright' to check source files copyright and LICENSE
-- Added test 'lint_cmake' to check CMake code style
-- Added test 'xmllint' to check XML markup files
-- Configuring done
-- Generating done
-- Build files have been written to: /home/d-lab/workspace/ros_ur_driver/build/moveit_ros
-- Install configuration: "Release"
-- Up-to-date: /home/d-lab/workspace/ros_ur_driver/install/moveit_ros/share/ament_index/resource_index/package_run_dependencies/moveit_ros
-- Up-to-date: /home/d-lab/workspace/ros_ur_driver/install/moveit_ros/share/ament_index/resource_index/parent_prefix_path/moveit_ros
-- Up-to-date: /home/d-lab/workspace/ros_ur_driver/install/moveit_ros/share/moveit_ros/environment/ament_prefix_path.sh
-- Installing: /home/d-lab/workspace/ros_ur_driver/install/moveit_ros/share/moveit_ros/environment/ament_prefix_path.dsv
-- Up-to-date: /home/d-lab/workspace/ros_ur_driver/install/moveit_ros/share/moveit_ros/environment/path.sh
-- Installing: /home/d-lab/workspace/ros_ur_driver/install/moveit_ros/share/moveit_ros/environment/path.dsv
-- Up-to-date: /home/d-lab/workspace/ros_ur_driver/install/moveit_ros/share/moveit_ros/local_setup.bash
-- Up-to-date: /home/d-lab/workspace/ros_ur_driver/install/moveit_ros/share/moveit_ros/local_setup.sh
-- Up-to-date: /home/d-lab/workspace/ros_ur_driver/install/moveit_ros/share/moveit_ros/local_setup.zsh
-- Installing: /home/d-lab/workspace/ros_ur_driver/install/moveit_ros/share/moveit_ros/local_setup.dsv
-- Installing: /home/d-lab/workspace/ros_ur_driver/install/moveit_ros/share/moveit_ros/package.dsv
-- Up-to-date: /home/d-lab/workspace/ros_ur_driver/install/moveit_ros/share/ament_index/resource_index/packages/moveit_ros
-- Up-to-date: /home/d-lab/workspace/ros_ur_driver/install/moveit_ros/share/moveit_ros/cmake/moveit_rosConfig.cmake
-- Up-to-date: /home/d-lab/workspace/ros_ur_driver/install/moveit_ros/share/moveit_ros/cmake/moveit_rosConfig-version.cmake
-- Up-to-date: /home/d-lab/workspace/ros_ur_driver/install/moveit_ros/share/moveit_ros/package.xml
