[0.083s] Invoking command in '/home/d-lab/workspace/ros_ur_driver/build/moveit_common': CMAKE_PREFIX_PATH=${CMAKE_PREFIX_PATH}:/home/d-lab/workspace/ros_ur_driver/install/ros2controlcli:/home/d-lab/workspace/ros_ur_driver/install/ros2_control_test_nodes:/opt/ros/foxy /usr/bin/cmake /home/d-lab/workspace/ros_ur_driver/src/moveit2/moveit_common -DCMAKE_BUILD_TYPE=Release -DCMAKE_INSTALL_PREFIX=/home/d-lab/workspace/ros_ur_driver/install/moveit_common
[0.277s] -- Found ament_cmake: 0.9.9 (/opt/ros/foxy/share/ament_cmake/cmake)
[0.278s] -- Using PYTHON_EXECUTABLE: /usr/bin/python3
[0.278s] -- Found ament_lint_auto: 0.9.6 (/opt/ros/foxy/share/ament_lint_auto/cmake)
[0.285s] -- Added test 'copyright' to check source files copyright and LICENSE
[0.296s] -- Added test 'lint_cmake' to check CMake code style
[0.296s] -- Added test 'xmllint' to check XML markup files
[0.296s] -- Configuring done
[0.296s] -- Generating done
[0.297s] -- Build files have been written to: /home/d-lab/workspace/ros_ur_driver/build/moveit_common
[0.302s] Invoked command in '/home/d-lab/workspace/ros_ur_driver/build/moveit_common' returned '0': CMAKE_PREFIX_PATH=${CMAKE_PREFIX_PATH}:/home/d-lab/workspace/ros_ur_driver/install/ros2controlcli:/home/d-lab/workspace/ros_ur_driver/install/ros2_control_test_nodes:/opt/ros/foxy /usr/bin/cmake /home/d-lab/workspace/ros_ur_driver/src/moveit2/moveit_common -DCMAKE_BUILD_TYPE=Release -DCMAKE_INSTALL_PREFIX=/home/d-lab/workspace/ros_ur_driver/install/moveit_common
[0.304s] Invoking command in '/home/d-lab/workspace/ros_ur_driver/build/moveit_common': CMAKE_PREFIX_PATH=${CMAKE_PREFIX_PATH}:/home/d-lab/workspace/ros_ur_driver/install/ros2controlcli:/home/d-lab/workspace/ros_ur_driver/install/ros2_control_test_nodes:/opt/ros/foxy /usr/bin/cmake --build /home/d-lab/workspace/ros_ur_driver/build/moveit_common -- -j16 -l16
[0.605s] Invoked command in '/home/d-lab/workspace/ros_ur_driver/build/moveit_common' returned '0': CMAKE_PREFIX_PATH=${CMAKE_PREFIX_PATH}:/home/d-lab/workspace/ros_ur_driver/install/ros2controlcli:/home/d-lab/workspace/ros_ur_driver/install/ros2_control_test_nodes:/opt/ros/foxy /usr/bin/cmake --build /home/d-lab/workspace/ros_ur_driver/build/moveit_common -- -j16 -l16
[0.914s] Invoking command in '/home/d-lab/workspace/ros_ur_driver/build/moveit_common': CMAKE_PREFIX_PATH=${CMAKE_PREFIX_PATH}:/home/d-lab/workspace/ros_ur_driver/install/ros2controlcli:/home/d-lab/workspace/ros_ur_driver/install/ros2_control_test_nodes:/opt/ros/foxy /usr/bin/cmake --install /home/d-lab/workspace/ros_ur_driver/build/moveit_common
[0.963s] -- Install configuration: "Release"
[0.964s] -- Up-to-date: /home/d-lab/workspace/ros_ur_driver/install/moveit_common/share/ament_index/resource_index/package_run_dependencies/moveit_common
[0.964s] -- Up-to-date: /home/d-lab/workspace/ros_ur_driver/install/moveit_common/share/ament_index/resource_index/parent_prefix_path/moveit_common
[0.964s] -- Up-to-date: /home/d-lab/workspace/ros_ur_driver/install/moveit_common/share/moveit_common/environment/ament_prefix_path.sh
[0.964s] -- Installing: /home/d-lab/workspace/ros_ur_driver/install/moveit_common/share/moveit_common/environment/ament_prefix_path.dsv
[0.964s] -- Up-to-date: /home/d-lab/workspace/ros_ur_driver/install/moveit_common/share/moveit_common/environment/path.sh
[0.965s] -- Installing: /home/d-lab/workspace/ros_ur_driver/install/moveit_common/share/moveit_common/environment/path.dsv
[0.965s] -- Up-to-date: /home/d-lab/workspace/ros_ur_driver/install/moveit_common/share/moveit_common/local_setup.bash
[0.965s] -- Up-to-date: /home/d-lab/workspace/ros_ur_driver/install/moveit_common/share/moveit_common/local_setup.sh
[0.965s] -- Up-to-date: /home/d-lab/workspace/ros_ur_driver/install/moveit_common/share/moveit_common/local_setup.zsh
[0.965s] -- Installing: /home/d-lab/workspace/ros_ur_driver/install/moveit_common/share/moveit_common/local_setup.dsv
[0.966s] -- Installing: /home/d-lab/workspace/ros_ur_driver/install/moveit_common/share/moveit_common/package.dsv
[0.966s] -- Up-to-date: /home/d-lab/workspace/ros_ur_driver/install/moveit_common/share/ament_index/resource_index/packages/moveit_common
[0.966s] -- Up-to-date: /home/d-lab/workspace/ros_ur_driver/install/moveit_common/share/moveit_common/cmake/moveit_common-extras.cmake
[0.966s] -- Up-to-date: /home/d-lab/workspace/ros_ur_driver/install/moveit_common/share/moveit_common/cmake/moveit_commonConfig.cmake
[0.967s] -- Up-to-date: /home/d-lab/workspace/ros_ur_driver/install/moveit_common/share/moveit_common/cmake/moveit_commonConfig-version.cmake
[0.967s] -- Up-to-date: /home/d-lab/workspace/ros_ur_driver/install/moveit_common/share/moveit_common/package.xml
[0.967s] -- Up-to-date: /home/d-lab/workspace/ros_ur_driver/install/moveit_common/share/moveit_common/cmake
[0.967s] -- Up-to-date: /home/d-lab/workspace/ros_ur_driver/install/moveit_common/share/moveit_common/cmake/moveit_package.cmake
[1.045s] Invoked command in '/home/d-lab/workspace/ros_ur_driver/build/moveit_common' returned '0': CMAKE_PREFIX_PATH=${CMAKE_PREFIX_PATH}:/home/d-lab/workspace/ros_ur_driver/install/ros2controlcli:/home/d-lab/workspace/ros_ur_driver/install/ros2_control_test_nodes:/opt/ros/foxy /usr/bin/cmake --install /home/d-lab/workspace/ros_ur_driver/build/moveit_common
