[0.659s] Invoking command in '/home/d-lab/workspace/ros_ur_driver/src/ros2_control/ros2controlcli': AMENT_PREFIX_PATH=/home/d-lab/workspace/ros_ur_driver/src/install/controller_manager:/home/d-lab/workspace/ros_ur_driver/src/install/controller_interface:/home/d-lab/workspace/ros_ur_driver/src/install/hardware_interface:/home/d-lab/workspace/ros_ur_driver/src/install/ros2_control_test_assets:/home/d-lab/workspace/ros_ur_driver/src/install/controller_manager_msgs:/home/d-lab/workspace/ros_ur_driver/src/install/control_msgs:${AMENT_PREFIX_PATH} CMAKE_PREFIX_PATH=/home/d-lab/workspace/ros_ur_driver/src/install/controller_manager:/home/d-lab/workspace/ros_ur_driver/src/install/controller_interface:/home/d-lab/workspace/ros_ur_driver/src/install/hardware_interface:/home/d-lab/workspace/ros_ur_driver/src/install/ros2_control_test_assets:/home/d-lab/workspace/ros_ur_driver/src/install/controller_manager_msgs:/home/d-lab/workspace/ros_ur_driver/src/install/control_msgs:${CMAKE_PREFIX_PATH} LD_LIBRARY_PATH=/home/d-lab/workspace/ros_ur_driver/src/install/controller_manager/lib:/home/d-lab/workspace/ros_ur_driver/src/install/controller_interface/lib:/home/d-lab/workspace/ros_ur_driver/src/install/hardware_interface/lib:/home/d-lab/workspace/ros_ur_driver/src/install/controller_manager_msgs/lib:/home/d-lab/workspace/ros_ur_driver/src/install/control_msgs/lib:${LD_LIBRARY_PATH} PYTHONPATH=/home/d-lab/workspace/ros_ur_driver/src/install/ros2controlcli/lib/python3.8/site-packages:/home/d-lab/workspace/ros_ur_driver/src/install/controller_manager/lib/python3.8/site-packages:/home/d-lab/workspace/ros_ur_driver/src/install/controller_manager_msgs/lib/python3.8/site-packages:/home/d-lab/workspace/ros_ur_driver/src/install/control_msgs/lib/python3.8/site-packages:${PYTHONPATH} /usr/bin/python3 setup.py egg_info --egg-base ../../build/ros2controlcli build --build-base /home/d-lab/workspace/ros_ur_driver/src/build/ros2controlcli/build install --prefix /home/d-lab/workspace/ros_ur_driver/src/install/ros2controlcli --record /home/d-lab/workspace/ros_ur_driver/src/build/ros2controlcli/install.log --single-version-externally-managed
[0.879s] running egg_info
[0.881s] writing ../../build/ros2controlcli/ros2controlcli.egg-info/PKG-INFO
[0.882s] writing dependency_links to ../../build/ros2controlcli/ros2controlcli.egg-info/dependency_links.txt
[0.882s] writing entry points to ../../build/ros2controlcli/ros2controlcli.egg-info/entry_points.txt
[0.883s] writing requirements to ../../build/ros2controlcli/ros2controlcli.egg-info/requires.txt
[0.883s] writing top-level names to ../../build/ros2controlcli/ros2controlcli.egg-info/top_level.txt
[0.916s] reading manifest file '../../build/ros2controlcli/ros2controlcli.egg-info/SOURCES.txt'
[0.916s] writing manifest file '../../build/ros2controlcli/ros2controlcli.egg-info/SOURCES.txt'
[0.916s] running build
[0.916s] running build_py
[0.917s] running install
[0.917s] running install_lib
[0.917s] running install_data
[0.917s] running install_egg_info
[0.917s] removing '/home/d-lab/workspace/ros_ur_driver/src/install/ros2controlcli/lib/python3.8/site-packages/ros2controlcli-0.0.0-py3.8.egg-info' (and everything under it)
[0.919s] Copying ../../build/ros2controlcli/ros2controlcli.egg-info to /home/d-lab/workspace/ros_ur_driver/src/install/ros2controlcli/lib/python3.8/site-packages/ros2controlcli-0.0.0-py3.8.egg-info
[0.919s] running install_scripts
[0.921s] writing list of installed files to '/home/d-lab/workspace/ros_ur_driver/src/build/ros2controlcli/install.log'
[0.950s] Invoked command in '/home/d-lab/workspace/ros_ur_driver/src/ros2_control/ros2controlcli' returned '0': AMENT_PREFIX_PATH=/home/d-lab/workspace/ros_ur_driver/src/install/controller_manager:/home/d-lab/workspace/ros_ur_driver/src/install/controller_interface:/home/d-lab/workspace/ros_ur_driver/src/install/hardware_interface:/home/d-lab/workspace/ros_ur_driver/src/install/ros2_control_test_assets:/home/d-lab/workspace/ros_ur_driver/src/install/controller_manager_msgs:/home/d-lab/workspace/ros_ur_driver/src/install/control_msgs:${AMENT_PREFIX_PATH} CMAKE_PREFIX_PATH=/home/d-lab/workspace/ros_ur_driver/src/install/controller_manager:/home/d-lab/workspace/ros_ur_driver/src/install/controller_interface:/home/d-lab/workspace/ros_ur_driver/src/install/hardware_interface:/home/d-lab/workspace/ros_ur_driver/src/install/ros2_control_test_assets:/home/d-lab/workspace/ros_ur_driver/src/install/controller_manager_msgs:/home/d-lab/workspace/ros_ur_driver/src/install/control_msgs:${CMAKE_PREFIX_PATH} LD_LIBRARY_PATH=/home/d-lab/workspace/ros_ur_driver/src/install/controller_manager/lib:/home/d-lab/workspace/ros_ur_driver/src/install/controller_interface/lib:/home/d-lab/workspace/ros_ur_driver/src/install/hardware_interface/lib:/home/d-lab/workspace/ros_ur_driver/src/install/controller_manager_msgs/lib:/home/d-lab/workspace/ros_ur_driver/src/install/control_msgs/lib:${LD_LIBRARY_PATH} PYTHONPATH=/home/d-lab/workspace/ros_ur_driver/src/install/ros2controlcli/lib/python3.8/site-packages:/home/d-lab/workspace/ros_ur_driver/src/install/controller_manager/lib/python3.8/site-packages:/home/d-lab/workspace/ros_ur_driver/src/install/controller_manager_msgs/lib/python3.8/site-packages:/home/d-lab/workspace/ros_ur_driver/src/install/control_msgs/lib/python3.8/site-packages:${PYTHONPATH} /usr/bin/python3 setup.py egg_info --egg-base ../../build/ros2controlcli build --build-base /home/d-lab/workspace/ros_ur_driver/src/build/ros2controlcli/build install --prefix /home/d-lab/workspace/ros_ur_driver/src/install/ros2controlcli --record /home/d-lab/workspace/ros_ur_driver/src/build/ros2controlcli/install.log --single-version-externally-managed
