-- Found moveit_common: 2.2.3 (/home/d-lab/workspace/ros_ur_driver/install/moveit_common/share/moveit_common/cmake)
-- Found ament_cmake: 0.9.9 (/opt/ros/foxy/share/ament_cmake/cmake)
-- Using PYTHON_EXECUTABLE: /usr/bin/python3
-- Found rclcpp: 2.4.1 (/opt/ros/foxy/share/rclcpp/cmake)
-- Using all available rosidl_typesupport_c: rosidl_typesupport_fastrtps_c;rosidl_typesupport_introspection_c
-- Found rosidl_adapter: 1.2.1 (/opt/ros/foxy/share/rosidl_adapter/cmake)
-- Using all available rosidl_typesupport_cpp: rosidl_typesupport_fastrtps_cpp;rosidl_typesupport_introspection_cpp
-- Found rmw_implementation_cmake: 1.0.3 (/opt/ros/foxy/share/rmw_implementation_cmake/cmake)
-- Using RMW implementation 'rmw_fastrtps_cpp' as default
-- Found eigen3_cmake_module: 0.1.1 (/opt/ros/foxy/share/eigen3_cmake_module/cmake)
-- Found angles: 1.12.3 (/opt/ros/foxy/share/angles/cmake)
-- Found urdf: 2.4.0 (/opt/ros/foxy/share/urdf/cmake)
-- Found tf2_eigen: 0.13.13 (/opt/ros/foxy/share/tf2_eigen/cmake)
-- Found tf2_kdl: 0.13.13 (/opt/ros/foxy/share/tf2_kdl/cmake)
-- Found tf2_geometry_msgs: 0.13.13 (/opt/ros/foxy/share/tf2_geometry_msgs/cmake)
-- Found eigen_stl_containers: 1.0.0 (/opt/ros/foxy/share/eigen_stl_containers/cmake)
-- Found geometric_shapes: 2.1.2 (/opt/ros/foxy/share/geometric_shapes/cmake)
-- Found Boost: /usr/lib/x86_64-linux-gnu/cmake/Boost-1.71.0/BoostConfig.cmake (found version "1.71.0") found components: filesystem 
-- library: /usr/lib/x86_64-linux-gnu/libcurl.so
-- Found kdl_parser: 2.4.1 (/opt/ros/foxy/share/kdl_parser/cmake)
-- Found moveit_msgs: 2.1.0 (/opt/ros/foxy/share/moveit_msgs/cmake)
-- Found srdfdom: 2.0.4 (/home/d-lab/workspace/ros_ur_driver/install/srdfdom/share/srdfdom/cmake)
-- Found common_interfaces: 2.0.5 (/opt/ros/foxy/share/common_interfaces/cmake)
-- Found pluginlib: 2.5.4 (/opt/ros/foxy/share/pluginlib/cmake)
-- Found Boost: /usr/lib/x86_64-linux-gnu/cmake/Boost-1.71.0/BoostConfig.cmake (found version "1.71.0") found components: chrono date_time filesystem iostreams program_options regex serialization system thread 
--  *** Building MoveIt 2.2.3-Alpha ***
-- Found ament_cmake_gtest: 0.9.9 (/opt/ros/foxy/share/ament_cmake_gtest/cmake)
-- Found gtest sources under '/opt/ros/foxy/src/gtest_vendor': C++ tests using 'Google Test' will be built
-- Found gtest sources under '/opt/ros/foxy/src/gtest_vendor': C++ tests using 'Google Test' will be built
-- Found ament_cmake_gtest: 0.9.9 (/opt/ros/foxy/share/ament_cmake_gtest/cmake)
-- Found gtest sources under '/opt/ros/foxy/src/gtest_vendor': C++ tests using 'Google Test' will be built
-- Found ament_cmake_gtest: 0.9.9 (/opt/ros/foxy/share/ament_cmake_gtest/cmake)
-- Found gtest sources under '/opt/ros/foxy/src/gtest_vendor': C++ tests using 'Google Test' will be built
-- Found gtest sources under '/opt/ros/foxy/src/gtest_vendor': C++ tests using 'Google Test' will be built
-- Found gtest sources under '/opt/ros/foxy/src/gtest_vendor': C++ tests using 'Google Test' will be built
-- Found ament_cmake_gtest: 0.9.9 (/opt/ros/foxy/share/ament_cmake_gtest/cmake)
-- Found gtest sources under '/opt/ros/foxy/src/gtest_vendor': C++ tests using 'Google Test' will be built
-- Found gtest sources under '/opt/ros/foxy/src/gtest_vendor': C++ tests using 'Google Test' will be built
-- Found ament_cmake_gtest: 0.9.9 (/opt/ros/foxy/share/ament_cmake_gtest/cmake)
-- Found gtest sources under '/opt/ros/foxy/src/gtest_vendor': C++ tests using 'Google Test' will be built
-- Found gtest sources under '/opt/ros/foxy/src/gtest_vendor': C++ tests using 'Google Test' will be built
-- Found ament_cmake_gtest: 0.9.9 (/opt/ros/foxy/share/ament_cmake_gtest/cmake)
-- Found gtest sources under '/opt/ros/foxy/src/gtest_vendor': C++ tests using 'Google Test' will be built
-- Found ament_cmake_gtest: 0.9.9 (/opt/ros/foxy/share/ament_cmake_gtest/cmake)
-- Found gtest sources under '/opt/ros/foxy/src/gtest_vendor': C++ tests using 'Google Test' will be built
-- Found gtest sources under '/opt/ros/foxy/src/gtest_vendor': C++ tests using 'Google Test' will be built
-- Found ament_lint_auto: 0.9.6 (/opt/ros/foxy/share/ament_lint_auto/cmake)
-- Added test 'pep257' to check Python code against some of the style conventions in PEP 257
-- Added test 'xmllint' to check XML markup files
-- Configuring done
-- Generating done
-- Build files have been written to: /home/d-lab/workspace/ros_ur_driver/build/moveit_core
[  1%] Built target moveit_version
[  2%] Built target gtest
[  4%] Built target gtest_main
[  7%] Built target moveit_utils
[  8%] Built target moveit_background_processing
[ 10%] Built target moveit_profiler
[ 11%] Built target moveit_exceptions
[ 12%] Built target moveit_transforms
[ 14%] Built target moveit_kinematics_base
[ 17%] Built target moveit_distance_field
[ 19%] Built target test_transforms
[ 20%] Built target test_voxel_grid
[ 21%] Built target test_distance_field
[ 28%] Built target moveit_robot_model
[35m[1mScanning dependencies of target moveit_robot_state[0m
[ 30%] Built target moveit_test_utils
[35m[1mScanning dependencies of target test_robot_model[0m
[ 31%] [32mBuilding CXX object robot_model/CMakeFiles/test_robot_model.dir/test/test.cpp.o[0m
[ 31%] [32mBuilding CXX object robot_state/CMakeFiles/moveit_robot_state.dir/src/conversions.cpp.o[0m
[ 32%] [32mBuilding CXX object robot_state/CMakeFiles/moveit_robot_state.dir/src/robot_state.cpp.o[0m
[ 32%] [32mBuilding CXX object robot_state/CMakeFiles/moveit_robot_state.dir/src/cartesian_interpolator.cpp.o[0m
[ 33%] [32m[1mLinking CXX executable test_robot_model[0m
[ 33%] Built target test_robot_model
[ 34%] [32m[1mLinking CXX shared library libmoveit_robot_state.so[0m
[ 35%] Built target moveit_robot_state
[35m[1mScanning dependencies of target test_aabb[0m
[35m[1mScanning dependencies of target test_robot_state_complex[0m
[35m[1mScanning dependencies of target test_robot_state[0m
[35m[1mScanning dependencies of target moveit_kinematics_metrics[0m
[35m[1mScanning dependencies of target test_cartesian_interpolator[0m
[35m[1mScanning dependencies of target moveit_robot_trajectory[0m
[35m[1mScanning dependencies of target test_robot_state_benchmark[0m
[35m[1mScanning dependencies of target moveit_collision_detection[0m
[35m[1mScanning dependencies of target moveit_dynamics_solver[0m
[ 35%] [32mBuilding CXX object robot_state/CMakeFiles/test_cartesian_interpolator.dir/test/test_cartesian_interpolator.cpp.o[0m
[ 35%] [32mBuilding CXX object robot_state/CMakeFiles/test_robot_state_benchmark.dir/test/robot_state_benchmark.cpp.o[0m
[ 35%] [32mBuilding CXX object kinematics_metrics/CMakeFiles/moveit_kinematics_metrics.dir/src/kinematics_metrics.cpp.o[0m
[ 36%] [32mBuilding CXX object robot_trajectory/CMakeFiles/moveit_robot_trajectory.dir/src/robot_trajectory.cpp.o[0m
[ 37%] [32mBuilding CXX object robot_state/CMakeFiles/test_robot_state_complex.dir/test/test_kinematic_complex.cpp.o[0m
[ 37%] [32mBuilding CXX object robot_state/CMakeFiles/test_robot_state.dir/test/robot_state_test.cpp.o[0m
[ 38%] [32mBuilding CXX object robot_state/CMakeFiles/test_aabb.dir/test/test_aabb.cpp.o[0m
[ 38%] [32mBuilding CXX object dynamics_solver/CMakeFiles/moveit_dynamics_solver.dir/src/dynamics_solver.cpp.o[0m
[ 39%] [32mBuilding CXX object collision_detection/CMakeFiles/moveit_collision_detection.dir/src/allvalid/collision_env_allvalid.cpp.o[0m
[ 39%] [32mBuilding CXX object collision_detection/CMakeFiles/moveit_collision_detection.dir/src/collision_common.cpp.o[0m
[ 40%] [32mBuilding CXX object collision_detection/CMakeFiles/moveit_collision_detection.dir/src/collision_matrix.cpp.o[0m
[ 41%] [32mBuilding CXX object collision_detection/CMakeFiles/moveit_collision_detection.dir/src/collision_octomap_filter.cpp.o[0m
[ 41%] [32mBuilding CXX object collision_detection/CMakeFiles/moveit_collision_detection.dir/src/collision_tools.cpp.o[0m
[ 41%] [32mBuilding CXX object collision_detection/CMakeFiles/moveit_collision_detection.dir/src/collision_env.cpp.o[0m
[ 41%] [32m[1mLinking CXX executable test_aabb[0m
[ 42%] [32m[1mLinking CXX executable test_cartesian_interpolator[0m
[ 43%] [32m[1mLinking CXX shared library libmoveit_dynamics_solver.so[0m
[ 43%] Built target test_aabb
[ 43%] Built target moveit_dynamics_solver
[ 43%] Built target test_cartesian_interpolator
[ 44%] [32m[1mLinking CXX shared library libmoveit_collision_detection.so[0m
[ 45%] [32m[1mLinking CXX executable test_robot_state[0m
[ 47%] Built target moveit_collision_detection
[35m[1mScanning dependencies of target test_all_valid[0m
[35m[1mScanning dependencies of target moveit_collision_detection_fcl[0m
[ 49%] [32m[1mLinking CXX executable test_robot_state_benchmark[0m
[ 49%] [32m[1mLinking CXX executable test_world_diff[0m
[ 49%] [32m[1mLinking CXX executable test_world[0m
[35m[1mScanning dependencies of target moveit_collision_detection_bullet[0m
[ 49%] Built target test_robot_state
[ 50%] [32mBuilding CXX object collision_detection/CMakeFiles/test_all_valid.dir/test/test_all_valid.cpp.o[0m
[ 51%] [32mBuilding CXX object collision_detection_fcl/CMakeFiles/moveit_collision_detection_fcl.dir/src/collision_common.cpp.o[0m
[ 51%] [32mBuilding CXX object collision_detection_fcl/CMakeFiles/moveit_collision_detection_fcl.dir/src/collision_env_fcl.cpp.o[0m
[ 52%] Built target test_world
[ 53%] Built target test_world_diff
[ 53%] [32mBuilding CXX object collision_detection_bullet/CMakeFiles/moveit_collision_detection_bullet.dir/src/bullet_integration/bullet_utils.cpp.o[0m
[ 54%] [32mBuilding CXX object collision_detection_bullet/CMakeFiles/moveit_collision_detection_bullet.dir/src/bullet_integration/bullet_discrete_bvh_manager.cpp.o[0m
[ 54%] Built target test_robot_state_benchmark
[ 55%] [32mBuilding CXX object collision_detection_bullet/CMakeFiles/moveit_collision_detection_bullet.dir/src/bullet_integration/bullet_cast_bvh_manager.cpp.o[0m
[ 56%] [32mBuilding CXX object collision_detection_bullet/CMakeFiles/moveit_collision_detection_bullet.dir/src/bullet_integration/contact_checker_common.cpp.o[0m
[ 57%] [32mBuilding CXX object collision_detection_bullet/CMakeFiles/moveit_collision_detection_bullet.dir/src/bullet_integration/bullet_bvh_manager.cpp.o[0m
[ 57%] [32mBuilding CXX object collision_detection_bullet/CMakeFiles/moveit_collision_detection_bullet.dir/src/collision_env_bullet.cpp.o[0m
[ 57%] [32mBuilding CXX object collision_detection_bullet/CMakeFiles/moveit_collision_detection_bullet.dir/src/bullet_integration/ros_bullet_utils.cpp.o[0m
[ 57%] [32m[1mLinking CXX shared library libmoveit_robot_trajectory.so[0m
[ 57%] Built target moveit_robot_trajectory
[35m[1mScanning dependencies of target test_robot_trajectory[0m
[35m[1mScanning dependencies of target moveit_trajectory_processing[0m
[35m[1mScanning dependencies of target moveit_planning_interface[0m
[ 58%] [32mBuilding CXX object robot_trajectory/CMakeFiles/test_robot_trajectory.dir/test/test_robot_trajectory.cpp.o[0m
[ 58%] [32mBuilding CXX object trajectory_processing/CMakeFiles/moveit_trajectory_processing.dir/src/iterative_time_parameterization.cpp.o[0m
[ 59%] [32mBuilding CXX object trajectory_processing/CMakeFiles/moveit_trajectory_processing.dir/src/iterative_spline_parameterization.cpp.o[0m
[ 60%] [32mBuilding CXX object planning_interface/CMakeFiles/moveit_planning_interface.dir/src/planning_interface.cpp.o[0m
[ 60%] [32m[1mLinking CXX executable test_robot_state_complex[0m
[ 60%] Built target test_robot_state_complex
[ 60%] [32mBuilding CXX object planning_interface/CMakeFiles/moveit_planning_interface.dir/src/planning_response.cpp.o[0m
[ 60%] [32mBuilding CXX object trajectory_processing/CMakeFiles/moveit_trajectory_processing.dir/src/time_optimal_trajectory_generation.cpp.o[0m
[ 61%] [32m[1mLinking CXX executable test_all_valid[0m
[ 61%] Built target test_all_valid
[ 62%] [32m[1mLinking CXX executable test_robot_trajectory[0m
[ 62%] Built target test_robot_trajectory
[ 63%] [32m[1mLinking CXX shared library libmoveit_collision_detection_bullet.so[0m
[ 63%] Built target moveit_collision_detection_bullet
[35m[1mScanning dependencies of target test_bullet_continuous_collision_checking[0m
[35m[1mScanning dependencies of target test_bullet_collision_detection_panda[0m
[35m[1mScanning dependencies of target test_bullet_collision_detection[0m
[ 64%] [32mBuilding CXX object collision_detection_bullet/CMakeFiles/test_bullet_collision_detection_panda.dir/test/test_bullet_collision_detection_panda.cpp.o[0m
[ 64%] [32mBuilding CXX object collision_detection_bullet/CMakeFiles/test_bullet_collision_detection.dir/test/test_bullet_collision_detection_pr2.cpp.o[0m
[ 65%] [32mBuilding CXX object collision_detection_bullet/CMakeFiles/test_bullet_continuous_collision_checking.dir/test/test_bullet_continuous_collision_checking.cpp.o[0m
[ 66%] [32m[1mLinking CXX shared library libmoveit_collision_detection_fcl.so[0m
[ 66%] Built target moveit_collision_detection_fcl
[35m[1mScanning dependencies of target test_fcl_collision_env[0m
[35m[1mScanning dependencies of target moveit_kinematic_constraints[0m
[35m[1mScanning dependencies of target test_fcl_collision_detection_panda[0m
[35m[1mScanning dependencies of target test_fcl_collision_detection[0m
[ 67%] [32mBuilding CXX object collision_detection_fcl/CMakeFiles/test_fcl_collision_env.dir/test/test_fcl_env.cpp.o[0m
[ 68%] [32mBuilding CXX object kinematic_constraints/CMakeFiles/moveit_kinematic_constraints.dir/src/kinematic_constraint.cpp.o[0m
[ 69%] [32mBuilding CXX object kinematic_constraints/CMakeFiles/moveit_kinematic_constraints.dir/src/utils.cpp.o[0m
[ 69%] [32mBuilding CXX object collision_detection_fcl/CMakeFiles/test_fcl_collision_detection_panda.dir/test/test_fcl_collision_detection_panda.cpp.o[0m
[ 70%] [32mBuilding CXX object collision_detection_fcl/CMakeFiles/test_fcl_collision_detection.dir/test/test_fcl_collision_detection_pr2.cpp.o[0m
[ 71%] [32m[1mLinking CXX shared library libmoveit_planning_interface.so[0m
[ 71%] Built target moveit_planning_interface
[ 72%] [32m[1mLinking CXX shared library libmoveit_kinematics_metrics.so[0m
[ 72%] Built target moveit_kinematics_metrics
[ 73%] [32m[1mLinking CXX shared library libmoveit_trajectory_processing.so[0m
[ 74%] Built target moveit_trajectory_processing
[35m[1mScanning dependencies of target test_time_optimal_trajectory_generation[0m
[35m[1mScanning dependencies of target test_time_parameterization[0m
[ 74%] [32mBuilding CXX object trajectory_processing/CMakeFiles/test_time_optimal_trajectory_generation.dir/test/test_time_optimal_trajectory_generation.cpp.o[0m
[ 75%] [32mBuilding CXX object trajectory_processing/CMakeFiles/test_time_parameterization.dir/test/test_time_parameterization.cpp.o[0m
[ 76%] [32m[1mLinking CXX executable test_fcl_collision_detection[0m
[ 76%] [32m[1mLinking CXX executable test_fcl_collision_env[0m
[ 76%] Built target test_fcl_collision_detection
[ 76%] Built target test_fcl_collision_env
[ 76%] [32m[1mLinking CXX executable test_time_parameterization[0m
[ 76%] Built target test_time_parameterization
[ 77%] [32m[1mLinking CXX executable test_bullet_collision_detection[0m
[ 77%] Built target test_bullet_collision_detection
[ 78%] [32m[1mLinking CXX executable test_time_optimal_trajectory_generation[0m
[ 78%] Built target test_time_optimal_trajectory_generation
[ 78%] [32m[1mLinking CXX shared library libmoveit_kinematic_constraints.so[0m
[ 78%] Built target moveit_kinematic_constraints
