[0.095s] Invoking command in '/home/d-lab/workspace/ros_ur_driver/build/moveit_common': CMAKE_PREFIX_PATH=${CMAKE_PREFIX_PATH}:/home/d-lab/workspace/ros_ur_driver/install/utils:/home/d-lab/workspace/ros_ur_driver/install/ros2controlcli:/home/d-lab/workspace/ros_ur_driver/install/ros2_control_test_nodes:/home/d-lab/workspace/ros_ur_driver/install/robotiq_control:/home/d-lab/workspace/ros_ur_driver/install/gripper_control:/opt/ros/foxy /usr/bin/cmake --build /home/d-lab/workspace/ros_ur_driver/build/moveit_common -- -j16 -l16
[0.491s] Invoked command in '/home/d-lab/workspace/ros_ur_driver/build/moveit_common' returned '0': CMAKE_PREFIX_PATH=${CMAKE_PREFIX_PATH}:/home/d-lab/workspace/ros_ur_driver/install/utils:/home/d-lab/workspace/ros_ur_driver/install/ros2controlcli:/home/d-lab/workspace/ros_ur_driver/install/ros2_control_test_nodes:/home/d-lab/workspace/ros_ur_driver/install/robotiq_control:/home/d-lab/workspace/ros_ur_driver/install/gripper_control:/opt/ros/foxy /usr/bin/cmake --build /home/d-lab/workspace/ros_ur_driver/build/moveit_common -- -j16 -l16
[0.554s] Invoking command in '/home/d-lab/workspace/ros_ur_driver/build/moveit_common': CMAKE_PREFIX_PATH=${CMAKE_PREFIX_PATH}:/home/d-lab/workspace/ros_ur_driver/install/utils:/home/d-lab/workspace/ros_ur_driver/install/ros2controlcli:/home/d-lab/workspace/ros_ur_driver/install/ros2_control_test_nodes:/home/d-lab/workspace/ros_ur_driver/install/robotiq_control:/home/d-lab/workspace/ros_ur_driver/install/gripper_control:/opt/ros/foxy /usr/bin/cmake --install /home/d-lab/workspace/ros_ur_driver/build/moveit_common
[0.569s] -- Install configuration: "Release"
[0.571s] -- Up-to-date: /home/d-lab/workspace/ros_ur_driver/install/moveit_common/share/ament_index/resource_index/package_run_dependencies/moveit_common
[0.571s] -- Up-to-date: /home/d-lab/workspace/ros_ur_driver/install/moveit_common/share/ament_index/resource_index/parent_prefix_path/moveit_common
[0.571s] -- Up-to-date: /home/d-lab/workspace/ros_ur_driver/install/moveit_common/share/moveit_common/environment/ament_prefix_path.sh
[0.572s] -- Up-to-date: /home/d-lab/workspace/ros_ur_driver/install/moveit_common/share/moveit_common/environment/ament_prefix_path.dsv
[0.573s] -- Up-to-date: /home/d-lab/workspace/ros_ur_driver/install/moveit_common/share/moveit_common/environment/path.sh
[0.574s] -- Up-to-date: /home/d-lab/workspace/ros_ur_driver/install/moveit_common/share/moveit_common/environment/path.dsv
[0.575s] -- Up-to-date: /home/d-lab/workspace/ros_ur_driver/install/moveit_common/share/moveit_common/local_setup.bash
[0.575s] -- Up-to-date: /home/d-lab/workspace/ros_ur_driver/install/moveit_common/share/moveit_common/local_setup.sh
[0.576s] -- Up-to-date: /home/d-lab/workspace/ros_ur_driver/install/moveit_common/share/moveit_common/local_setup.zsh
[0.576s] -- Up-to-date: /home/d-lab/workspace/ros_ur_driver/install/moveit_common/share/moveit_common/local_setup.dsv
[0.578s] -- Installing: /home/d-lab/workspace/ros_ur_driver/install/moveit_common/share/moveit_common/package.dsv
[0.579s] -- Up-to-date: /home/d-lab/workspace/ros_ur_driver/install/moveit_common/share/ament_index/resource_index/packages/moveit_common
[0.581s] -- Up-to-date: /home/d-lab/workspace/ros_ur_driver/install/moveit_common/share/moveit_common/cmake/moveit_common-extras.cmake
[0.582s] -- Up-to-date: /home/d-lab/workspace/ros_ur_driver/install/moveit_common/share/moveit_common/cmake/moveit_commonConfig.cmake
[0.583s] -- Up-to-date: /home/d-lab/workspace/ros_ur_driver/install/moveit_common/share/moveit_common/cmake/moveit_commonConfig-version.cmake
[0.584s] -- Up-to-date: /home/d-lab/workspace/ros_ur_driver/install/moveit_common/share/moveit_common/package.xml
[0.585s] -- Up-to-date: /home/d-lab/workspace/ros_ur_driver/install/moveit_common/share/moveit_common/cmake
[0.586s] -- Up-to-date: /home/d-lab/workspace/ros_ur_driver/install/moveit_common/share/moveit_common/cmake/moveit_package.cmake
[0.645s] Invoked command in '/home/d-lab/workspace/ros_ur_driver/build/moveit_common' returned '0': CMAKE_PREFIX_PATH=${CMAKE_PREFIX_PATH}:/home/d-lab/workspace/ros_ur_driver/install/utils:/home/d-lab/workspace/ros_ur_driver/install/ros2controlcli:/home/d-lab/workspace/ros_ur_driver/install/ros2_control_test_nodes:/home/d-lab/workspace/ros_ur_driver/install/robotiq_control:/home/d-lab/workspace/ros_ur_driver/install/gripper_control:/opt/ros/foxy /usr/bin/cmake --install /home/d-lab/workspace/ros_ur_driver/build/moveit_common
