[0.022s] Invoking command in '/home/d-lab/workspace/ros_ur_driver/build/moveit_core': CMAKE_PREFIX_PATH=/home/d-lab/workspace/ros_ur_driver/install/srdfdom:/home/d-lab/workspace/ros_ur_driver/install/moveit_common:/home/d-lab/workspace/ros_ur_driver/install/run_ompl_constrained_planning:/home/d-lab/workspace/ros_ur_driver/install/run_moveit_cpp:/home/d-lab/workspace/ros_ur_driver/install/run_move_group:/home/d-lab/workspace/ros_ur_driver/install/warehouse_ros_mongo:/home/d-lab/workspace/ros_ur_driver/install/ros2_controllers:/home/d-lab/workspace/ros_ur_driver/install/velocity_controllers:/home/d-lab/workspace/ros_ur_driver/install/ur_robot_driver:/home/d-lab/workspace/ros_ur_driver/install/ur_controllers:/home/d-lab/workspace/ros_ur_driver/install/ur_msgs:/home/d-lab/workspace/ros_ur_driver/install/ur_moveit_config:/home/d-lab/workspace/ros_ur_driver/install/ur_description:/home/d-lab/workspace/ros_ur_driver/install/ur_dashboard_msgs:/home/d-lab/workspace/ros_ur_driver/install/ur_client_library:/home/d-lab/workspace/ros_ur_driver/install/ur_bringup:/home/d-lab/workspace/ros_ur_driver/install/transmission_interface:/home/d-lab/workspace/ros_ur_driver/install/moveit_runtime:/home/d-lab/workspace/ros_ur_driver/install/moveit:/home/d-lab/workspace/ros_ur_driver/install/moveit_plugins:/home/d-lab/workspace/ros_ur_driver/install/moveit_simple_controller_manager:/home/d-lab/workspace/ros_ur_driver/install/moveit_servo:/home/d-lab/workspace/ros_ur_driver/install/moveit_ros:/home/d-lab/workspace/ros_ur_driver/install/moveit_ros_visualization:/home/d-lab/workspace/ros_ur_driver/install/moveit_ros_planning_interface:/home/d-lab/workspace/ros_ur_driver/install/moveit_ros_benchmarks:/home/d-lab/workspace/ros_ur_driver/install/moveit_ros_warehouse:/home/d-lab/workspace/ros_ur_driver/install/moveit_ros_robot_interaction:/home/d-lab/workspace/ros_ur_driver/install/moveit_ros_perception:/home/d-lab/workspace/ros_ur_driver/install/moveit_ros_move_group:/home/d-lab/workspace/ros_ur_driver/install/moveit_planners:/home/d-lab/workspace/ros_ur_driver/install/moveit_planners_ompl:/home/d-lab/workspace/ros_ur_driver/install/moveit_ros_planning:/home/d-lab/workspace/ros_ur_driver/install/moveit_ros_occupancy_map_monitor:/home/d-lab/workspace/ros_ur_driver/install/moveit_planners_chomp:/home/d-lab/workspace/ros_ur_driver/install/moveit_kinematics:/home/d-lab/workspace/ros_ur_driver/install/moveit_chomp_optimizer_adapter:/home/d-lab/workspace/ros_ur_driver/install/chomp_motion_planner:/home/d-lab/workspace/ros_ur_driver/install/moveit_core:/home/d-lab/workspace/ros_ur_driver/install/ros2_control_demos:/home/d-lab/workspace/ros_ur_driver/install/ros2_control_demo_bringup:/home/d-lab/workspace/ros_ur_driver/install/rrbot_description:/home/d-lab/workspace/ros_ur_driver/install/ros2_control:/home/d-lab/workspace/ros_ur_driver/install/controller_manager:/home/d-lab/workspace/ros_ur_driver/install/ros2_control_test_assets:/home/d-lab/workspace/ros_ur_driver/install/ros2_control_demo_hardware:/home/d-lab/workspace/ros_ur_driver/install/position_controllers:/home/d-lab/workspace/ros_ur_driver/install/joint_trajectory_controller:/home/d-lab/workspace/ros_ur_driver/install/joint_state_controller:/home/d-lab/workspace/ros_ur_driver/install/joint_state_broadcaster:/home/d-lab/workspace/ros_ur_driver/install/imu_sensor_broadcaster:/home/d-lab/workspace/ros_ur_driver/install/gripper_controllers:/home/d-lab/workspace/ros_ur_driver/install/effort_controllers:/home/d-lab/workspace/ros_ur_driver/install/forward_command_controller:/home/d-lab/workspace/ros_ur_driver/install/force_torque_sensor_broadcaster:/home/d-lab/workspace/ros_ur_driver/install/diff_drive_controller:/home/d-lab/workspace/ros_ur_driver/install/controller_interface:/home/d-lab/workspace/ros_ur_driver/install/hardware_interface:/home/d-lab/workspace/ros_ur_driver/install/diffbot_description:/home/d-lab/workspace/ros_ur_driver/install/controller_manager_msgs:/home/d-lab/workspace/ros_ur_driver/install/control_msgs:/home/d-lab/workspace/ros_ur_driver/install/ros2controlcli:/home/d-lab/workspace/ros_ur_driver/install/ros2_control_test_nodes:/opt/ros/foxy LD_LIBRARY_PATH=/home/d-lab/workspace/ros_ur_driver/install/srdfdom/lib:/home/d-lab/workspace/ros_ur_driver/install/warehouse_ros_mongo/lib:/home/d-lab/workspace/ros_ur_driver/install/velocity_controllers/lib:/home/d-lab/workspace/ros_ur_driver/install/ur_robot_driver/lib:/home/d-lab/workspace/ros_ur_driver/install/ur_controllers/lib:/home/d-lab/workspace/ros_ur_driver/install/ur_msgs/lib:/home/d-lab/workspace/ros_ur_driver/install/ur_dashboard_msgs/lib:/home/d-lab/workspace/ros_ur_driver/install/ur_client_library/lib:/home/d-lab/workspace/ros_ur_driver/install/moveit_simple_controller_manager/lib:/home/d-lab/workspace/ros_ur_driver/install/moveit_servo/lib:/home/d-lab/workspace/ros_ur_driver/install/moveit_ros_visualization/lib:/home/d-lab/workspace/ros_ur_driver/install/moveit_ros_planning_interface/lib:/home/d-lab/workspace/ros_ur_driver/install/moveit_ros_benchmarks/lib:/home/d-lab/workspace/ros_ur_driver/install/moveit_ros_warehouse/lib:/home/d-lab/workspace/ros_ur_driver/install/moveit_ros_robot_interaction/lib:/home/d-lab/workspace/ros_ur_driver/install/moveit_ros_perception/lib:/home/d-lab/workspace/ros_ur_driver/install/moveit_ros_move_group/lib:/home/d-lab/workspace/ros_ur_driver/install/moveit_planners_ompl/lib:/home/d-lab/workspace/ros_ur_driver/install/moveit_ros_planning/lib:/home/d-lab/workspace/ros_ur_driver/install/moveit_ros_occupancy_map_monitor/lib:/home/d-lab/workspace/ros_ur_driver/install/moveit_planners_chomp/lib:/home/d-lab/workspace/ros_ur_driver/install/moveit_kinematics/lib:/home/d-lab/workspace/ros_ur_driver/install/moveit_chomp_optimizer_adapter/lib:/home/d-lab/workspace/ros_ur_driver/install/chomp_motion_planner/lib:/home/d-lab/workspace/ros_ur_driver/install/moveit_core/lib:/home/d-lab/workspace/ros_ur_driver/install/controller_manager/lib:/home/d-lab/workspace/ros_ur_driver/install/ros2_control_demo_hardware/lib:/home/d-lab/workspace/ros_ur_driver/install/position_controllers/lib:/home/d-lab/workspace/ros_ur_driver/install/joint_trajectory_controller/lib:/home/d-lab/workspace/ros_ur_driver/install/joint_state_controller/lib:/home/d-lab/workspace/ros_ur_driver/install/joint_state_broadcaster/lib:/home/d-lab/workspace/ros_ur_driver/install/imu_sensor_broadcaster/lib:/home/d-lab/workspace/ros_ur_driver/install/gripper_controllers/lib:/home/d-lab/workspace/ros_ur_driver/install/effort_controllers/lib:/home/d-lab/workspace/ros_ur_driver/install/forward_command_controller/lib:/home/d-lab/workspace/ros_ur_driver/install/force_torque_sensor_broadcaster/lib:/home/d-lab/workspace/ros_ur_driver/install/diff_drive_controller/lib:/home/d-lab/workspace/ros_ur_driver/install/controller_interface/lib:/home/d-lab/workspace/ros_ur_driver/install/hardware_interface/lib:/home/d-lab/workspace/ros_ur_driver/install/controller_manager_msgs/lib:/home/d-lab/workspace/ros_ur_driver/install/control_msgs/lib:/opt/ros/foxy/opt/yaml_cpp_vendor/lib:/opt/ros/foxy/opt/rviz_ogre_vendor/lib:/opt/ros/foxy/lib/x86_64-linux-gnu:/opt/ros/foxy/lib PYTHONPATH=/home/d-lab/workspace/ros_ur_driver/install/srdfdom/lib/python3.8/site-packages:/home/d-lab/workspace/ros_ur_driver/install/warehouse_ros_mongo/lib/python3.8/site-packages:/home/d-lab/workspace/ros_ur_driver/install/ur_msgs/lib/python3.8/site-packages:/home/d-lab/workspace/ros_ur_driver/install/ur_dashboard_msgs/lib/python3.8/site-packages:/home/d-lab/workspace/ros_ur_driver/install/ros2controlcli/lib/python3.8/site-packages:/home/d-lab/workspace/ros_ur_driver/install/ros2_control_test_nodes/lib/python3.8/site-packages:/home/d-lab/workspace/ros_ur_driver/install/controller_manager/lib/python3.8/site-packages:/home/d-lab/workspace/ros_ur_driver/install/controller_manager_msgs/lib/python3.8/site-packages:/home/d-lab/workspace/ros_ur_driver/install/control_msgs/lib/python3.8/site-packages:/opt/ros/foxy/lib/python3.8/site-packages /usr/bin/cmake --build /home/d-lab/workspace/ros_ur_driver/build/moveit_core -- -j16 -l16
[0.107s] [  1%] Built target moveit_version
[0.115s] [  4%] Built target moveit_utils
[0.116s] [  5%] Built target gtest
[0.116s] [  7%] Built target gtest_main
[0.117s] [  8%] Built target moveit_exceptions
[0.120s] [ 10%] Built target moveit_profiler
[0.123s] [ 11%] Built target moveit_background_processing
[0.125s] [ 12%] Built target moveit_transforms
[0.125s] [ 14%] Built target moveit_kinematics_base
[0.133s] [ 17%] Built target moveit_distance_field
[0.168s] [ 19%] Built target test_transforms
[0.172s] [ 20%] Built target test_voxel_grid
[0.181s] [ 21%] Built target test_distance_field
[0.185s] [ 28%] Built target moveit_robot_model
[0.221s] [ 30%] Built target moveit_test_utils
[0.227s] [ 33%] Built target moveit_robot_state
[0.268s] [ 35%] Built target test_robot_model
[0.274s] [ 36%] Built target moveit_robot_trajectory
[0.275s] [ 37%] Built target test_robot_state_benchmark
[0.277s] [ 38%] Built target test_aabb
[0.278s] [ 39%] Built target moveit_dynamics_solver
[0.278s] [ 40%] Built target test_cartesian_interpolator
[0.278s] [ 41%] Built target test_robot_state
[0.279s] [ 42%] Built target test_robot_state_complex
[0.282s] [ 43%] Built target moveit_kinematics_metrics
[0.298s] [ 49%] Built target moveit_collision_detection
[0.314s] [ 51%] Built target test_robot_trajectory
[0.322s] [ 53%] Built target moveit_planning_interface
[0.325s] [ 56%] Built target moveit_trajectory_processing
[0.329s] [ 57%] Built target test_world
[0.337s] [ 59%] Built target test_world_diff
[0.340s] [ 61%] Built target test_all_valid
[0.349s] [ 63%] Built target moveit_collision_detection_fcl
[0.362s] [ 64%] Built target test_time_parameterization
[0.362s] [ 65%] Built target test_time_optimal_trajectory_generation
[0.371s] [ 70%] Built target moveit_collision_detection_bullet
[0.386s] [ 71%] Built target test_fcl_collision_detection_panda
[0.389s] [ 72%] Built target test_fcl_collision_env
[0.392s] [ 74%] Built target moveit_kinematic_constraints
[0.393s] [ 76%] Built target test_fcl_collision_detection
[0.408s] [ 78%] Built target test_bullet_continuous_collision_checking
[0.410s] [ 79%] Built target test_bullet_collision_detection_panda
[0.410s] [ 80%] Built target test_bullet_collision_detection
[0.430s] [ 83%] Built target test_constraints
[0.430s] [ 83%] Built target test_orientation_constraints
[0.430s] [ 83%] Built target moveit_planning_scene
[0.467s] [ 86%] Built target collision_detector_bullet_plugin
[0.467s] [ 86%] Built target test_planning_scene
[0.467s] [ 87%] Built target collision_detector_fcl_plugin
[0.467s] [ 86%] Built target moveit_planning_request_adapter
[0.468s] [ 89%] Built target test_multi_threaded
[0.479s] [ 92%] Built target moveit_collision_distance_field
[0.480s] [ 96%] Built target moveit_constraint_samplers
[0.515s] [ 97%] Built target test_collision_distance_field
[0.522s] [100%] Built target test_constraint_samplers
