[0.025s] Invoking command in '/home/d-lab/workspace/ros_ur_driver/build/moveit_core': CMAKE_PREFIX_PATH=/home/d-lab/workspace/ros_ur_driver/install/srdfdom:/home/d-lab/workspace/ros_ur_driver/install/moveit_common:/home/d-lab/workspace/ros_ur_driver/install/run_ompl_constrained_planning:/home/d-lab/workspace/ros_ur_driver/install/run_moveit_cpp:/home/d-lab/workspace/ros_ur_driver/install/run_move_group:/home/d-lab/workspace/ros_ur_driver/install/warehouse_ros_mongo:/home/d-lab/workspace/ros_ur_driver/install/ros2_controllers:/home/d-lab/workspace/ros_ur_driver/install/velocity_controllers:/home/d-lab/workspace/ros_ur_driver/install/ur_robot_driver:/home/d-lab/workspace/ros_ur_driver/install/ur_controllers:/home/d-lab/workspace/ros_ur_driver/install/ur_msgs:/home/d-lab/workspace/ros_ur_driver/install/ur_moveit_config:/home/d-lab/workspace/ros_ur_driver/install/ur_description:/home/d-lab/workspace/ros_ur_driver/install/ur_dashboard_msgs:/home/d-lab/workspace/ros_ur_driver/install/ur_client_library:/home/d-lab/workspace/ros_ur_driver/install/ur_bringup:/home/d-lab/workspace/ros_ur_driver/install/transmission_interface:/home/d-lab/workspace/ros_ur_driver/install/moveit_runtime:/home/d-lab/workspace/ros_ur_driver/install/moveit:/home/d-lab/workspace/ros_ur_driver/install/moveit_plugins:/home/d-lab/workspace/ros_ur_driver/install/moveit_simple_controller_manager:/home/d-lab/workspace/ros_ur_driver/install/moveit_servo:/home/d-lab/workspace/ros_ur_driver/install/moveit_ros:/home/d-lab/workspace/ros_ur_driver/install/moveit_ros_visualization:/home/d-lab/workspace/ros_ur_driver/install/moveit_ros_planning_interface:/home/d-lab/workspace/ros_ur_driver/install/moveit_ros_benchmarks:/home/d-lab/workspace/ros_ur_driver/install/moveit_ros_warehouse:/home/d-lab/workspace/ros_ur_driver/install/moveit_ros_robot_interaction:/home/d-lab/workspace/ros_ur_driver/install/moveit_ros_perception:/home/d-lab/workspace/ros_ur_driver/install/moveit_ros_move_group:/home/d-lab/workspace/ros_ur_driver/install/moveit_planners:/home/d-lab/workspace/ros_ur_driver/install/moveit_planners_ompl:/home/d-lab/workspace/ros_ur_driver/install/moveit_ros_planning:/home/d-lab/workspace/ros_ur_driver/install/moveit_ros_occupancy_map_monitor:/home/d-lab/workspace/ros_ur_driver/install/moveit_planners_chomp:/home/d-lab/workspace/ros_ur_driver/install/moveit_kinematics:/home/d-lab/workspace/ros_ur_driver/install/moveit_chomp_optimizer_adapter:/home/d-lab/workspace/ros_ur_driver/install/chomp_motion_planner:/home/d-lab/workspace/ros_ur_driver/install/moveit_core:/home/d-lab/workspace/ros_ur_driver/install/ros2_control_demos:/home/d-lab/workspace/ros_ur_driver/install/ros2_control_demo_bringup:/home/d-lab/workspace/ros_ur_driver/install/rrbot_description:/home/d-lab/workspace/ros_ur_driver/install/ros2_control:/home/d-lab/workspace/ros_ur_driver/install/controller_manager:/home/d-lab/workspace/ros_ur_driver/install/ros2_control_test_assets:/home/d-lab/workspace/ros_ur_driver/install/ros2_control_demo_hardware:/home/d-lab/workspace/ros_ur_driver/install/position_controllers:/home/d-lab/workspace/ros_ur_driver/install/joint_trajectory_controller:/home/d-lab/workspace/ros_ur_driver/install/joint_state_controller:/home/d-lab/workspace/ros_ur_driver/install/joint_state_broadcaster:/home/d-lab/workspace/ros_ur_driver/install/imu_sensor_broadcaster:/home/d-lab/workspace/ros_ur_driver/install/gripper_controllers:/home/d-lab/workspace/ros_ur_driver/install/effort_controllers:/home/d-lab/workspace/ros_ur_driver/install/forward_command_controller:/home/d-lab/workspace/ros_ur_driver/install/force_torque_sensor_broadcaster:/home/d-lab/workspace/ros_ur_driver/install/diff_drive_controller:/home/d-lab/workspace/ros_ur_driver/install/controller_interface:/home/d-lab/workspace/ros_ur_driver/install/hardware_interface:/home/d-lab/workspace/ros_ur_driver/install/diffbot_description:/home/d-lab/workspace/ros_ur_driver/install/controller_manager_msgs:/home/d-lab/workspace/ros_ur_driver/install/control_msgs:/home/d-lab/workspace/ros_ur_driver/install/ros2controlcli:/home/d-lab/workspace/ros_ur_driver/install/ros2_control_test_nodes:/opt/ros/foxy LD_LIBRARY_PATH=/home/d-lab/workspace/ros_ur_driver/install/srdfdom/lib:/home/d-lab/workspace/ros_ur_driver/install/warehouse_ros_mongo/lib:/home/d-lab/workspace/ros_ur_driver/install/velocity_controllers/lib:/home/d-lab/workspace/ros_ur_driver/install/ur_robot_driver/lib:/home/d-lab/workspace/ros_ur_driver/install/ur_controllers/lib:/home/d-lab/workspace/ros_ur_driver/install/ur_msgs/lib:/home/d-lab/workspace/ros_ur_driver/install/ur_dashboard_msgs/lib:/home/d-lab/workspace/ros_ur_driver/install/ur_client_library/lib:/home/d-lab/workspace/ros_ur_driver/install/moveit_simple_controller_manager/lib:/home/d-lab/workspace/ros_ur_driver/install/moveit_servo/lib:/home/d-lab/workspace/ros_ur_driver/install/moveit_ros_visualization/lib:/home/d-lab/workspace/ros_ur_driver/install/moveit_ros_planning_interface/lib:/home/d-lab/workspace/ros_ur_driver/install/moveit_ros_benchmarks/lib:/home/d-lab/workspace/ros_ur_driver/install/moveit_ros_warehouse/lib:/home/d-lab/workspace/ros_ur_driver/install/moveit_ros_robot_interaction/lib:/home/d-lab/workspace/ros_ur_driver/install/moveit_ros_perception/lib:/home/d-lab/workspace/ros_ur_driver/install/moveit_ros_move_group/lib:/home/d-lab/workspace/ros_ur_driver/install/moveit_planners_ompl/lib:/home/d-lab/workspace/ros_ur_driver/install/moveit_ros_planning/lib:/home/d-lab/workspace/ros_ur_driver/install/moveit_ros_occupancy_map_monitor/lib:/home/d-lab/workspace/ros_ur_driver/install/moveit_planners_chomp/lib:/home/d-lab/workspace/ros_ur_driver/install/moveit_kinematics/lib:/home/d-lab/workspace/ros_ur_driver/install/moveit_chomp_optimizer_adapter/lib:/home/d-lab/workspace/ros_ur_driver/install/chomp_motion_planner/lib:/home/d-lab/workspace/ros_ur_driver/install/moveit_core/lib:/home/d-lab/workspace/ros_ur_driver/install/controller_manager/lib:/home/d-lab/workspace/ros_ur_driver/install/ros2_control_demo_hardware/lib:/home/d-lab/workspace/ros_ur_driver/install/position_controllers/lib:/home/d-lab/workspace/ros_ur_driver/install/joint_trajectory_controller/lib:/home/d-lab/workspace/ros_ur_driver/install/joint_state_controller/lib:/home/d-lab/workspace/ros_ur_driver/install/joint_state_broadcaster/lib:/home/d-lab/workspace/ros_ur_driver/install/imu_sensor_broadcaster/lib:/home/d-lab/workspace/ros_ur_driver/install/gripper_controllers/lib:/home/d-lab/workspace/ros_ur_driver/install/effort_controllers/lib:/home/d-lab/workspace/ros_ur_driver/install/forward_command_controller/lib:/home/d-lab/workspace/ros_ur_driver/install/force_torque_sensor_broadcaster/lib:/home/d-lab/workspace/ros_ur_driver/install/diff_drive_controller/lib:/home/d-lab/workspace/ros_ur_driver/install/controller_interface/lib:/home/d-lab/workspace/ros_ur_driver/install/hardware_interface/lib:/home/d-lab/workspace/ros_ur_driver/install/controller_manager_msgs/lib:/home/d-lab/workspace/ros_ur_driver/install/control_msgs/lib:/opt/ros/foxy/opt/yaml_cpp_vendor/lib:/opt/ros/foxy/opt/rviz_ogre_vendor/lib:/opt/ros/foxy/lib/x86_64-linux-gnu:/opt/ros/foxy/lib PYTHONPATH=/home/d-lab/workspace/ros_ur_driver/install/srdfdom/lib/python3.8/site-packages:/home/d-lab/workspace/ros_ur_driver/install/warehouse_ros_mongo/lib/python3.8/site-packages:/home/d-lab/workspace/ros_ur_driver/install/ur_msgs/lib/python3.8/site-packages:/home/d-lab/workspace/ros_ur_driver/install/ur_dashboard_msgs/lib/python3.8/site-packages:/home/d-lab/workspace/ros_ur_driver/install/ros2controlcli/lib/python3.8/site-packages:/home/d-lab/workspace/ros_ur_driver/install/ros2_control_test_nodes/lib/python3.8/site-packages:/home/d-lab/workspace/ros_ur_driver/install/controller_manager/lib/python3.8/site-packages:/home/d-lab/workspace/ros_ur_driver/install/controller_manager_msgs/lib/python3.8/site-packages:/home/d-lab/workspace/ros_ur_driver/install/control_msgs/lib/python3.8/site-packages:/opt/ros/foxy/lib/python3.8/site-packages /usr/bin/cmake --build /home/d-lab/workspace/ros_ur_driver/build/moveit_core -- -j16 -l16
[0.121s] [  1%] Built target moveit_version
[0.123s] [  2%] Built target gtest
[0.124s] [  4%] Built target gtest_main
[0.134s] [  7%] Built target moveit_utils
[0.135s] [ 10%] Built target moveit_exceptions
[0.135s] [ 10%] Built target moveit_profiler
[0.141s] [ 11%] Built target moveit_background_processing
[0.142s] [ 13%] Built target moveit_kinematics_base
[0.145s] [ 14%] Built target moveit_transforms
[0.159s] [ 17%] Built target moveit_distance_field
[0.205s] [ 19%] Built target test_transforms
[0.212s] [ 20%] Built target test_voxel_grid
[0.219s] [ 27%] Built target moveit_robot_model
[0.221s] [ 28%] Built target test_distance_field
[0.268s] [ 30%] Built target moveit_test_utils
[0.282s] [ 33%] Built target moveit_robot_state
[0.338s] [ 35%] Built target test_robot_model
[0.354s] [ 36%] Built target test_robot_state_benchmark
[0.354s] [ 37%] Built target test_cartesian_interpolator
[0.354s] [ 38%] Built target moveit_kinematics_metrics
[0.355s] [ 39%] Built target moveit_robot_trajectory
[0.356s] [ 40%] Built target test_robot_state
[0.356s] [ 42%] Built target moveit_dynamics_solver
[0.356s] [ 42%] Built target test_robot_state_complex
[0.356s] [ 43%] Built target test_aabb
[0.389s] [ 49%] Built target moveit_collision_detection
[0.415s] [ 51%] Built target test_robot_trajectory
[0.420s] [ 53%] Built target moveit_planning_interface
[0.426s] [ 56%] Built target moveit_trajectory_processing
[0.435s] [ 58%] Built target test_world_diff
[0.441s] [ 59%] Built target test_world
[0.447s] [ 61%] Built target test_all_valid
[0.461s] [ 63%] Built target moveit_collision_detection_fcl
[0.479s] [ 64%] Built target test_time_parameterization
[0.497s] [ 69%] Built target moveit_collision_detection_bullet
[0.499s] [ 70%] Built target test_time_optimal_trajectory_generation
[0.527s] [ 72%] Built target test_fcl_collision_detection
[0.527s] [ 74%] Built target moveit_kinematic_constraints
[0.535s] [ 76%] Built target test_fcl_collision_detection_panda
[0.536s] [ 76%] Built target test_fcl_collision_env
[0.567s] [ 78%] Built target test_bullet_collision_detection
[0.567s] [ 78%] Built target test_bullet_collision_detection_panda
[0.588s] [ 80%] Built target test_bullet_continuous_collision_checking
[0.606s] [ 81%] Built target test_constraints
[0.606s] [ 82%] Built target moveit_planning_scene
[0.615s] [ 83%] Built target test_orientation_constraints
[0.676s] [ 85%] Built target test_multi_threaded
[0.677s] [ 86%] Built target collision_detector_bullet_plugin
[0.677s] [ 87%] Built target collision_detector_fcl_plugin
[0.677s] [ 88%] Built target moveit_planning_request_adapter
[0.690s] [ 89%] Built target test_planning_scene
[0.697s] [ 92%] Built target moveit_collision_distance_field
[0.697s] [ 96%] Built target moveit_constraint_samplers
[0.727s] [ 97%] Built target test_collision_distance_field
[0.744s] [100%] Built target test_constraint_samplers
[0.780s] Invoked command in '/home/d-lab/workspace/ros_ur_driver/build/moveit_core' returned '0': CMAKE_PREFIX_PATH=/home/d-lab/workspace/ros_ur_driver/install/srdfdom:/home/d-lab/workspace/ros_ur_driver/install/moveit_common:/home/d-lab/workspace/ros_ur_driver/install/run_ompl_constrained_planning:/home/d-lab/workspace/ros_ur_driver/install/run_moveit_cpp:/home/d-lab/workspace/ros_ur_driver/install/run_move_group:/home/d-lab/workspace/ros_ur_driver/install/warehouse_ros_mongo:/home/d-lab/workspace/ros_ur_driver/install/ros2_controllers:/home/d-lab/workspace/ros_ur_driver/install/velocity_controllers:/home/d-lab/workspace/ros_ur_driver/install/ur_robot_driver:/home/d-lab/workspace/ros_ur_driver/install/ur_controllers:/home/d-lab/workspace/ros_ur_driver/install/ur_msgs:/home/d-lab/workspace/ros_ur_driver/install/ur_moveit_config:/home/d-lab/workspace/ros_ur_driver/install/ur_description:/home/d-lab/workspace/ros_ur_driver/install/ur_dashboard_msgs:/home/d-lab/workspace/ros_ur_driver/install/ur_client_library:/home/d-lab/workspace/ros_ur_driver/install/ur_bringup:/home/d-lab/workspace/ros_ur_driver/install/transmission_interface:/home/d-lab/workspace/ros_ur_driver/install/moveit_runtime:/home/d-lab/workspace/ros_ur_driver/install/moveit:/home/d-lab/workspace/ros_ur_driver/install/moveit_plugins:/home/d-lab/workspace/ros_ur_driver/install/moveit_simple_controller_manager:/home/d-lab/workspace/ros_ur_driver/install/moveit_servo:/home/d-lab/workspace/ros_ur_driver/install/moveit_ros:/home/d-lab/workspace/ros_ur_driver/install/moveit_ros_visualization:/home/d-lab/workspace/ros_ur_driver/install/moveit_ros_planning_interface:/home/d-lab/workspace/ros_ur_driver/install/moveit_ros_benchmarks:/home/d-lab/workspace/ros_ur_driver/install/moveit_ros_warehouse:/home/d-lab/workspace/ros_ur_driver/install/moveit_ros_robot_interaction:/home/d-lab/workspace/ros_ur_driver/install/moveit_ros_perception:/home/d-lab/workspace/ros_ur_driver/install/moveit_ros_move_group:/home/d-lab/workspace/ros_ur_driver/install/moveit_planners:/home/d-lab/workspace/ros_ur_driver/install/moveit_planners_ompl:/home/d-lab/workspace/ros_ur_driver/install/moveit_ros_planning:/home/d-lab/workspace/ros_ur_driver/install/moveit_ros_occupancy_map_monitor:/home/d-lab/workspace/ros_ur_driver/install/moveit_planners_chomp:/home/d-lab/workspace/ros_ur_driver/install/moveit_kinematics:/home/d-lab/workspace/ros_ur_driver/install/moveit_chomp_optimizer_adapter:/home/d-lab/workspace/ros_ur_driver/install/chomp_motion_planner:/home/d-lab/workspace/ros_ur_driver/install/moveit_core:/home/d-lab/workspace/ros_ur_driver/install/ros2_control_demos:/home/d-lab/workspace/ros_ur_driver/install/ros2_control_demo_bringup:/home/d-lab/workspace/ros_ur_driver/install/rrbot_description:/home/d-lab/workspace/ros_ur_driver/install/ros2_control:/home/d-lab/workspace/ros_ur_driver/install/controller_manager:/home/d-lab/workspace/ros_ur_driver/install/ros2_control_test_assets:/home/d-lab/workspace/ros_ur_driver/install/ros2_control_demo_hardware:/home/d-lab/workspace/ros_ur_driver/install/position_controllers:/home/d-lab/workspace/ros_ur_driver/install/joint_trajectory_controller:/home/d-lab/workspace/ros_ur_driver/install/joint_state_controller:/home/d-lab/workspace/ros_ur_driver/install/joint_state_broadcaster:/home/d-lab/workspace/ros_ur_driver/install/imu_sensor_broadcaster:/home/d-lab/workspace/ros_ur_driver/install/gripper_controllers:/home/d-lab/workspace/ros_ur_driver/install/effort_controllers:/home/d-lab/workspace/ros_ur_driver/install/forward_command_controller:/home/d-lab/workspace/ros_ur_driver/install/force_torque_sensor_broadcaster:/home/d-lab/workspace/ros_ur_driver/install/diff_drive_controller:/home/d-lab/workspace/ros_ur_driver/install/controller_interface:/home/d-lab/workspace/ros_ur_driver/install/hardware_interface:/home/d-lab/workspace/ros_ur_driver/install/diffbot_description:/home/d-lab/workspace/ros_ur_driver/install/controller_manager_msgs:/home/d-lab/workspace/ros_ur_driver/install/control_msgs:/home/d-lab/workspace/ros_ur_driver/install/ros2controlcli:/home/d-lab/workspace/ros_ur_driver/install/ros2_control_test_nodes:/opt/ros/foxy LD_LIBRARY_PATH=/home/d-lab/workspace/ros_ur_driver/install/srdfdom/lib:/home/d-lab/workspace/ros_ur_driver/install/warehouse_ros_mongo/lib:/home/d-lab/workspace/ros_ur_driver/install/velocity_controllers/lib:/home/d-lab/workspace/ros_ur_driver/install/ur_robot_driver/lib:/home/d-lab/workspace/ros_ur_driver/install/ur_controllers/lib:/home/d-lab/workspace/ros_ur_driver/install/ur_msgs/lib:/home/d-lab/workspace/ros_ur_driver/install/ur_dashboard_msgs/lib:/home/d-lab/workspace/ros_ur_driver/install/ur_client_library/lib:/home/d-lab/workspace/ros_ur_driver/install/moveit_simple_controller_manager/lib:/home/d-lab/workspace/ros_ur_driver/install/moveit_servo/lib:/home/d-lab/workspace/ros_ur_driver/install/moveit_ros_visualization/lib:/home/d-lab/workspace/ros_ur_driver/install/moveit_ros_planning_interface/lib:/home/d-lab/workspace/ros_ur_driver/install/moveit_ros_benchmarks/lib:/home/d-lab/workspace/ros_ur_driver/install/moveit_ros_warehouse/lib:/home/d-lab/workspace/ros_ur_driver/install/moveit_ros_robot_interaction/lib:/home/d-lab/workspace/ros_ur_driver/install/moveit_ros_perception/lib:/home/d-lab/workspace/ros_ur_driver/install/moveit_ros_move_group/lib:/home/d-lab/workspace/ros_ur_driver/install/moveit_planners_ompl/lib:/home/d-lab/workspace/ros_ur_driver/install/moveit_ros_planning/lib:/home/d-lab/workspace/ros_ur_driver/install/moveit_ros_occupancy_map_monitor/lib:/home/d-lab/workspace/ros_ur_driver/install/moveit_planners_chomp/lib:/home/d-lab/workspace/ros_ur_driver/install/moveit_kinematics/lib:/home/d-lab/workspace/ros_ur_driver/install/moveit_chomp_optimizer_adapter/lib:/home/d-lab/workspace/ros_ur_driver/install/chomp_motion_planner/lib:/home/d-lab/workspace/ros_ur_driver/install/moveit_core/lib:/home/d-lab/workspace/ros_ur_driver/install/controller_manager/lib:/home/d-lab/workspace/ros_ur_driver/install/ros2_control_demo_hardware/lib:/home/d-lab/workspace/ros_ur_driver/install/position_controllers/lib:/home/d-lab/workspace/ros_ur_driver/install/joint_trajectory_controller/lib:/home/d-lab/workspace/ros_ur_driver/install/joint_state_controller/lib:/home/d-lab/workspace/ros_ur_driver/install/joint_state_broadcaster/lib:/home/d-lab/workspace/ros_ur_driver/install/imu_sensor_broadcaster/lib:/home/d-lab/workspace/ros_ur_driver/install/gripper_controllers/lib:/home/d-lab/workspace/ros_ur_driver/install/effort_controllers/lib:/home/d-lab/workspace/ros_ur_driver/install/forward_command_controller/lib:/home/d-lab/workspace/ros_ur_driver/install/force_torque_sensor_broadcaster/lib:/home/d-lab/workspace/ros_ur_driver/install/diff_drive_controller/lib:/home/d-lab/workspace/ros_ur_driver/install/controller_interface/lib:/home/d-lab/workspace/ros_ur_driver/install/hardware_interface/lib:/home/d-lab/workspace/ros_ur_driver/install/controller_manager_msgs/lib:/home/d-lab/workspace/ros_ur_driver/install/control_msgs/lib:/opt/ros/foxy/opt/yaml_cpp_vendor/lib:/opt/ros/foxy/opt/rviz_ogre_vendor/lib:/opt/ros/foxy/lib/x86_64-linux-gnu:/opt/ros/foxy/lib PYTHONPATH=/home/d-lab/workspace/ros_ur_driver/install/srdfdom/lib/python3.8/site-packages:/home/d-lab/workspace/ros_ur_driver/install/warehouse_ros_mongo/lib/python3.8/site-packages:/home/d-lab/workspace/ros_ur_driver/install/ur_msgs/lib/python3.8/site-packages:/home/d-lab/workspace/ros_ur_driver/install/ur_dashboard_msgs/lib/python3.8/site-packages:/home/d-lab/workspace/ros_ur_driver/install/ros2controlcli/lib/python3.8/site-packages:/home/d-lab/workspace/ros_ur_driver/install/ros2_control_test_nodes/lib/python3.8/site-packages:/home/d-lab/workspace/ros_ur_driver/install/controller_manager/lib/python3.8/site-packages:/home/d-lab/workspace/ros_ur_driver/install/controller_manager_msgs/lib/python3.8/site-packages:/home/d-lab/workspace/ros_ur_driver/install/control_msgs/lib/python3.8/site-packages:/opt/ros/foxy/lib/python3.8/site-packages /usr/bin/cmake --build /home/d-lab/workspace/ros_ur_driver/build/moveit_core -- -j16 -l16
[0.893s] Invoking command in '/home/d-lab/workspace/ros_ur_driver/build/moveit_core': CMAKE_PREFIX_PATH=/home/d-lab/workspace/ros_ur_driver/install/srdfdom:/home/d-lab/workspace/ros_ur_driver/install/moveit_common:/home/d-lab/workspace/ros_ur_driver/install/run_ompl_constrained_planning:/home/d-lab/workspace/ros_ur_driver/install/run_moveit_cpp:/home/d-lab/workspace/ros_ur_driver/install/run_move_group:/home/d-lab/workspace/ros_ur_driver/install/warehouse_ros_mongo:/home/d-lab/workspace/ros_ur_driver/install/ros2_controllers:/home/d-lab/workspace/ros_ur_driver/install/velocity_controllers:/home/d-lab/workspace/ros_ur_driver/install/ur_robot_driver:/home/d-lab/workspace/ros_ur_driver/install/ur_controllers:/home/d-lab/workspace/ros_ur_driver/install/ur_msgs:/home/d-lab/workspace/ros_ur_driver/install/ur_moveit_config:/home/d-lab/workspace/ros_ur_driver/install/ur_description:/home/d-lab/workspace/ros_ur_driver/install/ur_dashboard_msgs:/home/d-lab/workspace/ros_ur_driver/install/ur_client_library:/home/d-lab/workspace/ros_ur_driver/install/ur_bringup:/home/d-lab/workspace/ros_ur_driver/install/transmission_interface:/home/d-lab/workspace/ros_ur_driver/install/moveit_runtime:/home/d-lab/workspace/ros_ur_driver/install/moveit:/home/d-lab/workspace/ros_ur_driver/install/moveit_plugins:/home/d-lab/workspace/ros_ur_driver/install/moveit_simple_controller_manager:/home/d-lab/workspace/ros_ur_driver/install/moveit_servo:/home/d-lab/workspace/ros_ur_driver/install/moveit_ros:/home/d-lab/workspace/ros_ur_driver/install/moveit_ros_visualization:/home/d-lab/workspace/ros_ur_driver/install/moveit_ros_planning_interface:/home/d-lab/workspace/ros_ur_driver/install/moveit_ros_benchmarks:/home/d-lab/workspace/ros_ur_driver/install/moveit_ros_warehouse:/home/d-lab/workspace/ros_ur_driver/install/moveit_ros_robot_interaction:/home/d-lab/workspace/ros_ur_driver/install/moveit_ros_perception:/home/d-lab/workspace/ros_ur_driver/install/moveit_ros_move_group:/home/d-lab/workspace/ros_ur_driver/install/moveit_planners:/home/d-lab/workspace/ros_ur_driver/install/moveit_planners_ompl:/home/d-lab/workspace/ros_ur_driver/install/moveit_ros_planning:/home/d-lab/workspace/ros_ur_driver/install/moveit_ros_occupancy_map_monitor:/home/d-lab/workspace/ros_ur_driver/install/moveit_planners_chomp:/home/d-lab/workspace/ros_ur_driver/install/moveit_kinematics:/home/d-lab/workspace/ros_ur_driver/install/moveit_chomp_optimizer_adapter:/home/d-lab/workspace/ros_ur_driver/install/chomp_motion_planner:/home/d-lab/workspace/ros_ur_driver/install/moveit_core:/home/d-lab/workspace/ros_ur_driver/install/ros2_control_demos:/home/d-lab/workspace/ros_ur_driver/install/ros2_control_demo_bringup:/home/d-lab/workspace/ros_ur_driver/install/rrbot_description:/home/d-lab/workspace/ros_ur_driver/install/ros2_control:/home/d-lab/workspace/ros_ur_driver/install/controller_manager:/home/d-lab/workspace/ros_ur_driver/install/ros2_control_test_assets:/home/d-lab/workspace/ros_ur_driver/install/ros2_control_demo_hardware:/home/d-lab/workspace/ros_ur_driver/install/position_controllers:/home/d-lab/workspace/ros_ur_driver/install/joint_trajectory_controller:/home/d-lab/workspace/ros_ur_driver/install/joint_state_controller:/home/d-lab/workspace/ros_ur_driver/install/joint_state_broadcaster:/home/d-lab/workspace/ros_ur_driver/install/imu_sensor_broadcaster:/home/d-lab/workspace/ros_ur_driver/install/gripper_controllers:/home/d-lab/workspace/ros_ur_driver/install/effort_controllers:/home/d-lab/workspace/ros_ur_driver/install/forward_command_controller:/home/d-lab/workspace/ros_ur_driver/install/force_torque_sensor_broadcaster:/home/d-lab/workspace/ros_ur_driver/install/diff_drive_controller:/home/d-lab/workspace/ros_ur_driver/install/controller_interface:/home/d-lab/workspace/ros_ur_driver/install/hardware_interface:/home/d-lab/workspace/ros_ur_driver/install/diffbot_description:/home/d-lab/workspace/ros_ur_driver/install/controller_manager_msgs:/home/d-lab/workspace/ros_ur_driver/install/control_msgs:/home/d-lab/workspace/ros_ur_driver/install/ros2controlcli:/home/d-lab/workspace/ros_ur_driver/install/ros2_control_test_nodes:/opt/ros/foxy LD_LIBRARY_PATH=/home/d-lab/workspace/ros_ur_driver/install/srdfdom/lib:/home/d-lab/workspace/ros_ur_driver/install/warehouse_ros_mongo/lib:/home/d-lab/workspace/ros_ur_driver/install/velocity_controllers/lib:/home/d-lab/workspace/ros_ur_driver/install/ur_robot_driver/lib:/home/d-lab/workspace/ros_ur_driver/install/ur_controllers/lib:/home/d-lab/workspace/ros_ur_driver/install/ur_msgs/lib:/home/d-lab/workspace/ros_ur_driver/install/ur_dashboard_msgs/lib:/home/d-lab/workspace/ros_ur_driver/install/ur_client_library/lib:/home/d-lab/workspace/ros_ur_driver/install/moveit_simple_controller_manager/lib:/home/d-lab/workspace/ros_ur_driver/install/moveit_servo/lib:/home/d-lab/workspace/ros_ur_driver/install/moveit_ros_visualization/lib:/home/d-lab/workspace/ros_ur_driver/install/moveit_ros_planning_interface/lib:/home/d-lab/workspace/ros_ur_driver/install/moveit_ros_benchmarks/lib:/home/d-lab/workspace/ros_ur_driver/install/moveit_ros_warehouse/lib:/home/d-lab/workspace/ros_ur_driver/install/moveit_ros_robot_interaction/lib:/home/d-lab/workspace/ros_ur_driver/install/moveit_ros_perception/lib:/home/d-lab/workspace/ros_ur_driver/install/moveit_ros_move_group/lib:/home/d-lab/workspace/ros_ur_driver/install/moveit_planners_ompl/lib:/home/d-lab/workspace/ros_ur_driver/install/moveit_ros_planning/lib:/home/d-lab/workspace/ros_ur_driver/install/moveit_ros_occupancy_map_monitor/lib:/home/d-lab/workspace/ros_ur_driver/install/moveit_planners_chomp/lib:/home/d-lab/workspace/ros_ur_driver/install/moveit_kinematics/lib:/home/d-lab/workspace/ros_ur_driver/install/moveit_chomp_optimizer_adapter/lib:/home/d-lab/workspace/ros_ur_driver/install/chomp_motion_planner/lib:/home/d-lab/workspace/ros_ur_driver/install/moveit_core/lib:/home/d-lab/workspace/ros_ur_driver/install/controller_manager/lib:/home/d-lab/workspace/ros_ur_driver/install/ros2_control_demo_hardware/lib:/home/d-lab/workspace/ros_ur_driver/install/position_controllers/lib:/home/d-lab/workspace/ros_ur_driver/install/joint_trajectory_controller/lib:/home/d-lab/workspace/ros_ur_driver/install/joint_state_controller/lib:/home/d-lab/workspace/ros_ur_driver/install/joint_state_broadcaster/lib:/home/d-lab/workspace/ros_ur_driver/install/imu_sensor_broadcaster/lib:/home/d-lab/workspace/ros_ur_driver/install/gripper_controllers/lib:/home/d-lab/workspace/ros_ur_driver/install/effort_controllers/lib:/home/d-lab/workspace/ros_ur_driver/install/forward_command_controller/lib:/home/d-lab/workspace/ros_ur_driver/install/force_torque_sensor_broadcaster/lib:/home/d-lab/workspace/ros_ur_driver/install/diff_drive_controller/lib:/home/d-lab/workspace/ros_ur_driver/install/controller_interface/lib:/home/d-lab/workspace/ros_ur_driver/install/hardware_interface/lib:/home/d-lab/workspace/ros_ur_driver/install/controller_manager_msgs/lib:/home/d-lab/workspace/ros_ur_driver/install/control_msgs/lib:/opt/ros/foxy/opt/yaml_cpp_vendor/lib:/opt/ros/foxy/opt/rviz_ogre_vendor/lib:/opt/ros/foxy/lib/x86_64-linux-gnu:/opt/ros/foxy/lib PYTHONPATH=/home/d-lab/workspace/ros_ur_driver/install/srdfdom/lib/python3.8/site-packages:/home/d-lab/workspace/ros_ur_driver/install/warehouse_ros_mongo/lib/python3.8/site-packages:/home/d-lab/workspace/ros_ur_driver/install/ur_msgs/lib/python3.8/site-packages:/home/d-lab/workspace/ros_ur_driver/install/ur_dashboard_msgs/lib/python3.8/site-packages:/home/d-lab/workspace/ros_ur_driver/install/ros2controlcli/lib/python3.8/site-packages:/home/d-lab/workspace/ros_ur_driver/install/ros2_control_test_nodes/lib/python3.8/site-packages:/home/d-lab/workspace/ros_ur_driver/install/controller_manager/lib/python3.8/site-packages:/home/d-lab/workspace/ros_ur_driver/install/controller_manager_msgs/lib/python3.8/site-packages:/home/d-lab/workspace/ros_ur_driver/install/control_msgs/lib/python3.8/site-packages:/opt/ros/foxy/lib/python3.8/site-packages /usr/bin/cmake --install /home/d-lab/workspace/ros_ur_driver/build/moveit_core
[0.904s] -- Install configuration: "Release"
[0.905s] -- Up-to-date: /home/d-lab/workspace/ros_ur_driver/install/moveit_core/share/moveit_core/collision_detector_fcl_description.xml
[0.905s] -- Up-to-date: /home/d-lab/workspace/ros_ur_driver/install/moveit_core/share/moveit_core/collision_detector_bullet_description.xml
[0.905s] -- Up-to-date: /home/d-lab/workspace/ros_ur_driver/install/moveit_core/include/moveit/version.h
[0.905s] -- Up-to-date: /home/d-lab/workspace/ros_ur_driver/install/moveit_core/share/moveit_core/collision_detector_bullet_description.xml
[0.905s] -- Up-to-date: /home/d-lab/workspace/ros_ur_driver/install/moveit_core/lib/libmoveit_exceptions.so.2.2.3
[0.905s] -- Up-to-date: /home/d-lab/workspace/ros_ur_driver/install/moveit_core/lib/libmoveit_exceptions.so
[0.905s] -- Up-to-date: /home/d-lab/workspace/ros_ur_driver/install/moveit_core/lib/libmoveit_background_processing.so.2.2.3
[0.905s] -- Up-to-date: /home/d-lab/workspace/ros_ur_driver/install/moveit_core/lib/libmoveit_background_processing.so
[0.906s] -- Up-to-date: /home/d-lab/workspace/ros_ur_driver/install/moveit_core/lib/libmoveit_kinematics_base.so
[0.906s] -- Up-to-date: /home/d-lab/workspace/ros_ur_driver/install/moveit_core/lib/libmoveit_robot_model.so.2.2.3
[0.906s] -- Up-to-date: /home/d-lab/workspace/ros_ur_driver/install/moveit_core/lib/libmoveit_robot_model.so
[0.906s] -- Up-to-date: /home/d-lab/workspace/ros_ur_driver/install/moveit_core/lib/libmoveit_transforms.so.2.2.3
[0.907s] -- Up-to-date: /home/d-lab/workspace/ros_ur_driver/install/moveit_core/lib/libmoveit_transforms.so
[0.907s] -- Up-to-date: /home/d-lab/workspace/ros_ur_driver/install/moveit_core/lib/libmoveit_robot_state.so.2.2.3
[0.907s] -- Up-to-date: /home/d-lab/workspace/ros_ur_driver/install/moveit_core/lib/libmoveit_robot_state.so
[0.907s] -- Up-to-date: /home/d-lab/workspace/ros_ur_driver/install/moveit_core/lib/libmoveit_robot_trajectory.so.2.2.3
[0.907s] -- Up-to-date: /home/d-lab/workspace/ros_ur_driver/install/moveit_core/lib/libmoveit_robot_trajectory.so
[0.908s] -- Up-to-date: /home/d-lab/workspace/ros_ur_driver/install/moveit_core/lib/libmoveit_planning_interface.so.2.2.3
[0.908s] -- Up-to-date: /home/d-lab/workspace/ros_ur_driver/install/moveit_core/lib/libmoveit_planning_interface.so
[0.908s] -- Up-to-date: /home/d-lab/workspace/ros_ur_driver/install/moveit_core/lib/libmoveit_collision_detection.so.2.2.3
[0.908s] -- Up-to-date: /home/d-lab/workspace/ros_ur_driver/install/moveit_core/lib/libmoveit_collision_detection.so
[0.908s] -- Up-to-date: /home/d-lab/workspace/ros_ur_driver/install/moveit_core/lib/libmoveit_collision_detection_fcl.so.2.2.3
[0.908s] -- Up-to-date: /home/d-lab/workspace/ros_ur_driver/install/moveit_core/lib/libmoveit_collision_detection_fcl.so
[0.909s] -- Up-to-date: /home/d-lab/workspace/ros_ur_driver/install/moveit_core/lib/libmoveit_collision_detection_bullet.so.2.2.3
[0.909s] -- Up-to-date: /home/d-lab/workspace/ros_ur_driver/install/moveit_core/lib/libmoveit_collision_detection_bullet.so
[0.909s] -- Up-to-date: /home/d-lab/workspace/ros_ur_driver/install/moveit_core/lib/libmoveit_kinematic_constraints.so.2.2.3
[0.909s] -- Up-to-date: /home/d-lab/workspace/ros_ur_driver/install/moveit_core/lib/libmoveit_kinematic_constraints.so
[0.910s] -- Up-to-date: /home/d-lab/workspace/ros_ur_driver/install/moveit_core/lib/libmoveit_planning_scene.so.2.2.3
[0.910s] -- Up-to-date: /home/d-lab/workspace/ros_ur_driver/install/moveit_core/lib/libmoveit_planning_scene.so
[0.910s] -- Up-to-date: /home/d-lab/workspace/ros_ur_driver/install/moveit_core/lib/libmoveit_constraint_samplers.so.2.2.3
[0.910s] -- Up-to-date: /home/d-lab/workspace/ros_ur_driver/install/moveit_core/lib/libmoveit_constraint_samplers.so
[0.910s] -- Up-to-date: /home/d-lab/workspace/ros_ur_driver/install/moveit_core/lib/libmoveit_planning_request_adapter.so.2.2.3
[0.910s] -- Up-to-date: /home/d-lab/workspace/ros_ur_driver/install/moveit_core/lib/libmoveit_planning_request_adapter.so
[0.911s] -- Up-to-date: /home/d-lab/workspace/ros_ur_driver/install/moveit_core/lib/libmoveit_profiler.so.2.2.3
[0.911s] -- Up-to-date: /home/d-lab/workspace/ros_ur_driver/install/moveit_core/lib/libmoveit_profiler.so
[0.911s] -- Up-to-date: /home/d-lab/workspace/ros_ur_driver/install/moveit_core/lib/libmoveit_trajectory_processing.so.2.2.3
[0.911s] -- Up-to-date: /home/d-lab/workspace/ros_ur_driver/install/moveit_core/lib/libmoveit_trajectory_processing.so
[0.911s] -- Up-to-date: /home/d-lab/workspace/ros_ur_driver/install/moveit_core/lib/libmoveit_distance_field.so.2.2.3
[0.911s] -- Up-to-date: /home/d-lab/workspace/ros_ur_driver/install/moveit_core/lib/libmoveit_distance_field.so
[0.912s] -- Up-to-date: /home/d-lab/workspace/ros_ur_driver/install/moveit_core/lib/libmoveit_collision_distance_field.so.2.2.3
[0.912s] -- Up-to-date: /home/d-lab/workspace/ros_ur_driver/install/moveit_core/lib/libmoveit_collision_distance_field.so
[0.912s] -- Up-to-date: /home/d-lab/workspace/ros_ur_driver/install/moveit_core/lib/libmoveit_kinematics_metrics.so.2.2.3
[0.912s] -- Up-to-date: /home/d-lab/workspace/ros_ur_driver/install/moveit_core/lib/libmoveit_kinematics_metrics.so
[0.912s] -- Up-to-date: /home/d-lab/workspace/ros_ur_driver/install/moveit_core/lib/libmoveit_dynamics_solver.so.2.2.3
[0.912s] -- Up-to-date: /home/d-lab/workspace/ros_ur_driver/install/moveit_core/lib/libmoveit_dynamics_solver.so
[0.913s] -- Up-to-date: /home/d-lab/workspace/ros_ur_driver/install/moveit_core/lib/libmoveit_utils.so.2.2.3
[0.913s] -- Up-to-date: /home/d-lab/workspace/ros_ur_driver/install/moveit_core/lib/libmoveit_utils.so
[0.913s] -- Up-to-date: /home/d-lab/workspace/ros_ur_driver/install/moveit_core/lib/libmoveit_test_utils.so.2.2.3
[0.913s] -- Up-to-date: /home/d-lab/workspace/ros_ur_driver/install/moveit_core/lib/libmoveit_test_utils.so
[0.913s] -- Up-to-date: /home/d-lab/workspace/ros_ur_driver/install/moveit_core/share/moveit_core/environment/library_path.sh
[0.913s] -- Up-to-date: /home/d-lab/workspace/ros_ur_driver/install/moveit_core/share/moveit_core/environment/library_path.dsv
[0.914s] -- Up-to-date: /home/d-lab/workspace/ros_ur_driver/install/moveit_core/share/ament_index/resource_index/package_run_dependencies/moveit_core
[0.914s] -- Up-to-date: /home/d-lab/workspace/ros_ur_driver/install/moveit_core/share/ament_index/resource_index/parent_prefix_path/moveit_core
[0.914s] -- Up-to-date: /home/d-lab/workspace/ros_ur_driver/install/moveit_core/share/moveit_core/environment/ament_prefix_path.sh
[0.914s] -- Up-to-date: /home/d-lab/workspace/ros_ur_driver/install/moveit_core/share/moveit_core/environment/ament_prefix_path.dsv
[0.914s] -- Up-to-date: /home/d-lab/workspace/ros_ur_driver/install/moveit_core/share/moveit_core/environment/path.sh
[0.914s] -- Up-to-date: /home/d-lab/workspace/ros_ur_driver/install/moveit_core/share/moveit_core/environment/path.dsv
[0.914s] -- Up-to-date: /home/d-lab/workspace/ros_ur_driver/install/moveit_core/share/moveit_core/local_setup.bash
[0.914s] -- Up-to-date: /home/d-lab/workspace/ros_ur_driver/install/moveit_core/share/moveit_core/local_setup.sh
[0.915s] -- Up-to-date: /home/d-lab/workspace/ros_ur_driver/install/moveit_core/share/moveit_core/local_setup.zsh
[0.915s] -- Up-to-date: /home/d-lab/workspace/ros_ur_driver/install/moveit_core/share/moveit_core/local_setup.dsv
[0.915s] -- Installing: /home/d-lab/workspace/ros_ur_driver/install/moveit_core/share/moveit_core/package.dsv
[0.915s] -- Up-to-date: /home/d-lab/workspace/ros_ur_driver/install/moveit_core/share/ament_index/resource_index/packages/moveit_core
[0.915s] -- Up-to-date: /home/d-lab/workspace/ros_ur_driver/install/moveit_core/share/ament_index/resource_index/moveit_core__pluginlib__plugin/moveit_core
[0.915s] -- Up-to-date: /home/d-lab/workspace/ros_ur_driver/install/moveit_core/share/moveit_core/cmake/export_moveit_coreExport.cmake
[0.915s] -- Up-to-date: /home/d-lab/workspace/ros_ur_driver/install/moveit_core/share/moveit_core/cmake/export_moveit_coreExport-release.cmake
[0.915s] -- Up-to-date: /home/d-lab/workspace/ros_ur_driver/install/moveit_core/share/moveit_core/cmake/ConfigExtras.cmake
[0.915s] -- Up-to-date: /home/d-lab/workspace/ros_ur_driver/install/moveit_core/share/moveit_core/cmake/ament_cmake_export_targets-extras.cmake
[0.915s] -- Up-to-date: /home/d-lab/workspace/ros_ur_driver/install/moveit_core/share/moveit_core/cmake/ament_cmake_export_dependencies-extras.cmake
[0.916s] -- Up-to-date: /home/d-lab/workspace/ros_ur_driver/install/moveit_core/share/moveit_core/cmake/moveit_coreConfig.cmake
[0.916s] -- Up-to-date: /home/d-lab/workspace/ros_ur_driver/install/moveit_core/share/moveit_core/cmake/moveit_coreConfig-version.cmake
[0.916s] -- Up-to-date: /home/d-lab/workspace/ros_ur_driver/install/moveit_core/share/moveit_core/package.xml
[0.916s] -- Up-to-date: /home/d-lab/workspace/ros_ur_driver/install/moveit_core/bin/moveit_version
[0.916s] -- Up-to-date: /home/d-lab/workspace/ros_ur_driver/install/moveit_core/include
[0.916s] -- Up-to-date: /home/d-lab/workspace/ros_ur_driver/install/moveit_core/include/moveit
[0.916s] -- Up-to-date: /home/d-lab/workspace/ros_ur_driver/install/moveit_core/include/moveit/macros
[0.916s] -- Up-to-date: /home/d-lab/workspace/ros_ur_driver/install/moveit_core/include/moveit/macros/deprecation.h
[0.916s] -- Up-to-date: /home/d-lab/workspace/ros_ur_driver/install/moveit_core/include/moveit/macros/class_forward.h
[0.917s] -- Up-to-date: /home/d-lab/workspace/ros_ur_driver/install/moveit_core/include/moveit/macros/declare_ptr.h
[0.917s] -- Up-to-date: /home/d-lab/workspace/ros_ur_driver/install/moveit_core/include/moveit/macros/console_colors.h
[0.917s] -- Up-to-date: /home/d-lab/workspace/ros_ur_driver/install/moveit_core/include
[0.917s] -- Up-to-date: /home/d-lab/workspace/ros_ur_driver/install/moveit_core/include/moveit
[0.917s] -- Up-to-date: /home/d-lab/workspace/ros_ur_driver/install/moveit_core/include/moveit/backtrace
[0.917s] -- Up-to-date: /home/d-lab/workspace/ros_ur_driver/install/moveit_core/include/moveit/backtrace/backtrace.h
[0.917s] -- Up-to-date: /home/d-lab/workspace/ros_ur_driver/install/moveit_core/include
[0.917s] -- Up-to-date: /home/d-lab/workspace/ros_ur_driver/install/moveit_core/include/moveit
[0.918s] -- Up-to-date: /home/d-lab/workspace/ros_ur_driver/install/moveit_core/include/moveit/exceptions
[0.918s] -- Up-to-date: /home/d-lab/workspace/ros_ur_driver/install/moveit_core/include/moveit/exceptions/exceptions.h
[0.918s] -- Up-to-date: /home/d-lab/workspace/ros_ur_driver/install/moveit_core/include
[0.918s] -- Up-to-date: /home/d-lab/workspace/ros_ur_driver/install/moveit_core/include/moveit
[0.918s] -- Up-to-date: /home/d-lab/workspace/ros_ur_driver/install/moveit_core/include/moveit/profiler
[0.918s] -- Up-to-date: /home/d-lab/workspace/ros_ur_driver/install/moveit_core/include/moveit/profiler/profiler.h
[0.918s] -- Up-to-date: /home/d-lab/workspace/ros_ur_driver/install/moveit_core/include
[0.919s] -- Up-to-date: /home/d-lab/workspace/ros_ur_driver/install/moveit_core/include/moveit
[0.919s] -- Up-to-date: /home/d-lab/workspace/ros_ur_driver/install/moveit_core/include/moveit/utils
[0.919s] -- Up-to-date: /home/d-lab/workspace/ros_ur_driver/install/moveit_core/include/moveit/utils/robot_model_test_utils.h
[0.919s] -- Up-to-date: /home/d-lab/workspace/ros_ur_driver/install/moveit_core/include/moveit/utils/lexical_casts.h
[0.919s] -- Up-to-date: /home/d-lab/workspace/ros_ur_driver/install/moveit_core/include/moveit/utils/message_checks.h
[0.919s] -- Up-to-date: /home/d-lab/workspace/ros_ur_driver/install/moveit_core/include/moveit/utils/rclcpp_utils.h
[0.920s] -- Up-to-date: /home/d-lab/workspace/ros_ur_driver/install/moveit_core/include
[0.920s] -- Up-to-date: /home/d-lab/workspace/ros_ur_driver/install/moveit_core/include/moveit
[0.920s] -- Up-to-date: /home/d-lab/workspace/ros_ur_driver/install/moveit_core/include/moveit/background_processing
[0.920s] -- Up-to-date: /home/d-lab/workspace/ros_ur_driver/install/moveit_core/include/moveit/background_processing/background_processing.h
[0.920s] -- Up-to-date: /home/d-lab/workspace/ros_ur_driver/install/moveit_core/include
[0.920s] -- Up-to-date: /home/d-lab/workspace/ros_ur_driver/install/moveit_core/include/moveit
[0.920s] -- Up-to-date: /home/d-lab/workspace/ros_ur_driver/install/moveit_core/include/moveit/robot_model
[0.920s] -- Up-to-date: /home/d-lab/workspace/ros_ur_driver/install/moveit_core/include/moveit/robot_model/joint_model_group.h
[0.921s] -- Up-to-date: /home/d-lab/workspace/ros_ur_driver/install/moveit_core/include/moveit/robot_model/fixed_joint_model.h
[0.921s] -- Up-to-date: /home/d-lab/workspace/ros_ur_driver/install/moveit_core/include/moveit/robot_model/joint_model.h
[0.921s] -- Up-to-date: /home/d-lab/workspace/ros_ur_driver/install/moveit_core/include/moveit/robot_model/link_model.h
[0.921s] -- Up-to-date: /home/d-lab/workspace/ros_ur_driver/install/moveit_core/include/moveit/robot_model/revolute_joint_model.h
[0.921s] -- Up-to-date: /home/d-lab/workspace/ros_ur_driver/install/moveit_core/include/moveit/robot_model/floating_joint_model.h
[0.921s] -- Up-to-date: /home/d-lab/workspace/ros_ur_driver/install/moveit_core/include/moveit/robot_model/prismatic_joint_model.h
[0.921s] -- Up-to-date: /home/d-lab/workspace/ros_ur_driver/install/moveit_core/include/moveit/robot_model/robot_model.h
[0.921s] -- Up-to-date: /home/d-lab/workspace/ros_ur_driver/install/moveit_core/include/moveit/robot_model/planar_joint_model.h
[0.921s] -- Up-to-date: /home/d-lab/workspace/ros_ur_driver/install/moveit_core/include/moveit/robot_model/aabb.h
[0.921s] -- Up-to-date: /home/d-lab/workspace/ros_ur_driver/install/moveit_core/include
[0.921s] -- Up-to-date: /home/d-lab/workspace/ros_ur_driver/install/moveit_core/include/moveit
[0.922s] -- Up-to-date: /home/d-lab/workspace/ros_ur_driver/install/moveit_core/include/moveit/collision_detection
[0.922s] -- Up-to-date: /home/d-lab/workspace/ros_ur_driver/install/moveit_core/include/moveit/collision_detection/collision_plugin.h
[0.922s] -- Up-to-date: /home/d-lab/workspace/ros_ur_driver/install/moveit_core/include/moveit/collision_detection/test_collision_common_pr2.h
[0.922s] -- Up-to-date: /home/d-lab/workspace/ros_ur_driver/install/moveit_core/include/moveit/collision_detection/collision_common.h
[0.922s] -- Up-to-date: /home/d-lab/workspace/ros_ur_driver/install/moveit_core/include/moveit/collision_detection/test_collision_common_panda.h
[0.922s] -- Up-to-date: /home/d-lab/workspace/ros_ur_driver/install/moveit_core/include/moveit/collision_detection/collision_env.h
[0.922s] -- Up-to-date: /home/d-lab/workspace/ros_ur_driver/install/moveit_core/include/moveit/collision_detection/world.h
[0.922s] -- Up-to-date: /home/d-lab/workspace/ros_ur_driver/install/moveit_core/include/moveit/collision_detection/allvalid
[0.922s] -- Up-to-date: /home/d-lab/workspace/ros_ur_driver/install/moveit_core/include/moveit/collision_detection/allvalid/collision_detector_allocator_allvalid.h
[0.922s] -- Up-to-date: /home/d-lab/workspace/ros_ur_driver/install/moveit_core/include/moveit/collision_detection/allvalid/collision_env_allvalid.h
[0.922s] -- Up-to-date: /home/d-lab/workspace/ros_ur_driver/install/moveit_core/include/moveit/collision_detection/collision_matrix.h
[0.922s] -- Up-to-date: /home/d-lab/workspace/ros_ur_driver/install/moveit_core/include/moveit/collision_detection/world_diff.h
[0.922s] -- Up-to-date: /home/d-lab/workspace/ros_ur_driver/install/moveit_core/include/moveit/collision_detection/collision_octomap_filter.h
[0.922s] -- Up-to-date: /home/d-lab/workspace/ros_ur_driver/install/moveit_core/include/moveit/collision_detection/collision_tools.h
[0.923s] -- Up-to-date: /home/d-lab/workspace/ros_ur_driver/install/moveit_core/include/moveit/collision_detection/collision_detector_allocator.h
[0.923s] -- Up-to-date: /home/d-lab/workspace/ros_ur_driver/install/moveit_core/include/moveit_collision_detection_export.h
[0.923s] -- Up-to-date: /home/d-lab/workspace/ros_ur_driver/install/moveit_core/include
[0.923s] -- Up-to-date: /home/d-lab/workspace/ros_ur_driver/install/moveit_core/include/moveit
[0.923s] -- Up-to-date: /home/d-lab/workspace/ros_ur_driver/install/moveit_core/include/moveit/kinematics_base
[0.923s] -- Up-to-date: /home/d-lab/workspace/ros_ur_driver/install/moveit_core/include/moveit/kinematics_base/kinematics_base.h
[0.923s] -- Up-to-date: /home/d-lab/workspace/ros_ur_driver/install/moveit_core/include/moveit_kinematics_base_export.h
[0.923s] -- Up-to-date: /home/d-lab/workspace/ros_ur_driver/install/moveit_core/include
[0.923s] -- Up-to-date: /home/d-lab/workspace/ros_ur_driver/install/moveit_core/include/moveit
[0.923s] -- Up-to-date: /home/d-lab/workspace/ros_ur_driver/install/moveit_core/include/moveit/transforms
[0.923s] -- Up-to-date: /home/d-lab/workspace/ros_ur_driver/install/moveit_core/include/moveit/transforms/transforms.h
[0.923s] -- Up-to-date: /home/d-lab/workspace/ros_ur_driver/install/moveit_core/include
[0.924s] -- Up-to-date: /home/d-lab/workspace/ros_ur_driver/install/moveit_core/include/moveit
[0.924s] -- Up-to-date: /home/d-lab/workspace/ros_ur_driver/install/moveit_core/include/moveit/robot_state
[0.925s] -- Up-to-date: /home/d-lab/workspace/ros_ur_driver/install/moveit_core/include/moveit/robot_state/conversions.h
[0.926s] -- Up-to-date: /home/d-lab/workspace/ros_ur_driver/install/moveit_core/include/moveit/robot_state/cartesian_interpolator.h
[0.926s] -- Up-to-date: /home/d-lab/workspace/ros_ur_driver/install/moveit_core/include/moveit/robot_state/attached_body.h
[0.926s] -- Up-to-date: /home/d-lab/workspace/ros_ur_driver/install/moveit_core/include/moveit/robot_state/robot_state.h
[0.926s] -- Up-to-date: /home/d-lab/workspace/ros_ur_driver/install/moveit_core/include
[0.926s] -- Up-to-date: /home/d-lab/workspace/ros_ur_driver/install/moveit_core/include/moveit
[0.926s] -- Up-to-date: /home/d-lab/workspace/ros_ur_driver/install/moveit_core/include/moveit/collision_detection_fcl
[0.927s] -- Up-to-date: /home/d-lab/workspace/ros_ur_driver/install/moveit_core/include/moveit/collision_detection_fcl/collision_detector_allocator_fcl.h
[0.927s] -- Up-to-date: /home/d-lab/workspace/ros_ur_driver/install/moveit_core/include/moveit/collision_detection_fcl/collision_common.h
[0.927s] -- Up-to-date: /home/d-lab/workspace/ros_ur_driver/install/moveit_core/include/moveit/collision_detection_fcl/fcl_compat.h
[0.927s] -- Up-to-date: /home/d-lab/workspace/ros_ur_driver/install/moveit_core/include/moveit/collision_detection_fcl/collision_env_fcl.h
[0.927s] -- Up-to-date: /home/d-lab/workspace/ros_ur_driver/install/moveit_core/include/moveit/collision_detection_fcl/collision_detector_fcl_plugin_loader.h
[0.927s] -- Up-to-date: /home/d-lab/workspace/ros_ur_driver/install/moveit_core/include/moveit_collision_detection_fcl_export.h
[0.927s] -- Up-to-date: /home/d-lab/workspace/ros_ur_driver/install/moveit_core/include
[0.927s] -- Up-to-date: /home/d-lab/workspace/ros_ur_driver/install/moveit_core/include/moveit
[0.927s] -- Up-to-date: /home/d-lab/workspace/ros_ur_driver/install/moveit_core/include/moveit/robot_trajectory
[0.928s] -- Up-to-date: /home/d-lab/workspace/ros_ur_driver/install/moveit_core/include/moveit/robot_trajectory/robot_trajectory.h
[0.928s] -- Up-to-date: /home/d-lab/workspace/ros_ur_driver/install/moveit_core/include
[0.928s] -- Up-to-date: /home/d-lab/workspace/ros_ur_driver/install/moveit_core/include/moveit
[0.928s] -- Up-to-date: /home/d-lab/workspace/ros_ur_driver/install/moveit_core/include/moveit/kinematic_constraints
[0.928s] -- Up-to-date: /home/d-lab/workspace/ros_ur_driver/install/moveit_core/include/moveit/kinematic_constraints/kinematic_constraint.h
[0.928s] -- Up-to-date: /home/d-lab/workspace/ros_ur_driver/install/moveit_core/include/moveit/kinematic_constraints/utils.h
[0.928s] -- Up-to-date: /home/d-lab/workspace/ros_ur_driver/install/moveit_core/include
[0.928s] -- Up-to-date: /home/d-lab/workspace/ros_ur_driver/install/moveit_core/include/moveit
[0.928s] -- Up-to-date: /home/d-lab/workspace/ros_ur_driver/install/moveit_core/include/moveit/trajectory_processing
[0.928s] -- Up-to-date: /home/d-lab/workspace/ros_ur_driver/install/moveit_core/include/moveit/trajectory_processing/iterative_spline_parameterization.h
[0.929s] -- Up-to-date: /home/d-lab/workspace/ros_ur_driver/install/moveit_core/include/moveit/trajectory_processing/trajectory_tools.h
[0.929s] -- Up-to-date: /home/d-lab/workspace/ros_ur_driver/install/moveit_core/include/moveit/trajectory_processing/time_optimal_trajectory_generation.h
[0.929s] -- Up-to-date: /home/d-lab/workspace/ros_ur_driver/install/moveit_core/include/moveit/trajectory_processing/iterative_time_parameterization.h
[0.929s] -- Up-to-date: /home/d-lab/workspace/ros_ur_driver/install/moveit_core/include
[0.929s] -- Up-to-date: /home/d-lab/workspace/ros_ur_driver/install/moveit_core/include/moveit
[0.929s] -- Up-to-date: /home/d-lab/workspace/ros_ur_driver/install/moveit_core/include/moveit/planning_scene
[0.929s] -- Up-to-date: /home/d-lab/workspace/ros_ur_driver/install/moveit_core/include/moveit/planning_scene/planning_scene.h
[0.929s] -- Up-to-date: /home/d-lab/workspace/ros_ur_driver/install/moveit_core/include/moveit_planning_scene_export.h
[0.929s] -- Up-to-date: /home/d-lab/workspace/ros_ur_driver/install/moveit_core/include
[0.930s] -- Up-to-date: /home/d-lab/workspace/ros_ur_driver/install/moveit_core/include/moveit
[0.931s] -- Up-to-date: /home/d-lab/workspace/ros_ur_driver/install/moveit_core/include/moveit/controller_manager
[0.931s] -- Up-to-date: /home/d-lab/workspace/ros_ur_driver/install/moveit_core/include/moveit/controller_manager/controller_manager.h
[0.931s] -- Up-to-date: /home/d-lab/workspace/ros_ur_driver/install/moveit_core/include
[0.931s] -- Up-to-date: /home/d-lab/workspace/ros_ur_driver/install/moveit_core/include/moveit
[0.931s] -- Up-to-date: /home/d-lab/workspace/ros_ur_driver/install/moveit_core/include/moveit/sensor_manager
[0.931s] -- Up-to-date: /home/d-lab/workspace/ros_ur_driver/install/moveit_core/include/moveit/sensor_manager/sensor_manager.h
[0.932s] -- Up-to-date: /home/d-lab/workspace/ros_ur_driver/install/moveit_core/include
[0.932s] -- Up-to-date: /home/d-lab/workspace/ros_ur_driver/install/moveit_core/include/moveit
[0.932s] -- Up-to-date: /home/d-lab/workspace/ros_ur_driver/install/moveit_core/include/moveit/constraint_samplers
[0.932s] -- Up-to-date: /home/d-lab/workspace/ros_ur_driver/install/moveit_core/include/moveit/constraint_samplers/union_constraint_sampler.h
[0.932s] -- Up-to-date: /home/d-lab/workspace/ros_ur_driver/install/moveit_core/include/moveit/constraint_samplers/constraint_sampler_allocator.h
[0.932s] -- Up-to-date: /home/d-lab/workspace/ros_ur_driver/install/moveit_core/include/moveit/constraint_samplers/constraint_sampler_tools.h
[0.932s] -- Up-to-date: /home/d-lab/workspace/ros_ur_driver/install/moveit_core/include/moveit/constraint_samplers/constraint_sampler.h
[0.933s] -- Up-to-date: /home/d-lab/workspace/ros_ur_driver/install/moveit_core/include/moveit/constraint_samplers/constraint_sampler_manager.h
[0.933s] -- Up-to-date: /home/d-lab/workspace/ros_ur_driver/install/moveit_core/include/moveit/constraint_samplers/default_constraint_samplers.h
[0.933s] -- Up-to-date: /home/d-lab/workspace/ros_ur_driver/install/moveit_core/include
[0.934s] -- Up-to-date: /home/d-lab/workspace/ros_ur_driver/install/moveit_core/include/moveit
[0.934s] -- Up-to-date: /home/d-lab/workspace/ros_ur_driver/install/moveit_core/include/moveit/planning_interface
[0.934s] -- Up-to-date: /home/d-lab/workspace/ros_ur_driver/install/moveit_core/include/moveit/planning_interface/planning_request.h
[0.934s] -- Up-to-date: /home/d-lab/workspace/ros_ur_driver/install/moveit_core/include/moveit/planning_interface/planning_response.h
[0.934s] -- Up-to-date: /home/d-lab/workspace/ros_ur_driver/install/moveit_core/include/moveit/planning_interface/planning_interface.h
[0.935s] -- Up-to-date: /home/d-lab/workspace/ros_ur_driver/install/moveit_core/include
[0.935s] -- Up-to-date: /home/d-lab/workspace/ros_ur_driver/install/moveit_core/include/moveit
[0.935s] -- Up-to-date: /home/d-lab/workspace/ros_ur_driver/install/moveit_core/include/moveit/planning_request_adapter
[0.936s] -- Up-to-date: /home/d-lab/workspace/ros_ur_driver/install/moveit_core/include/moveit/planning_request_adapter/planning_request_adapter.h
[0.936s] -- Up-to-date: /home/d-lab/workspace/ros_ur_driver/install/moveit_core/include
[0.936s] -- Up-to-date: /home/d-lab/workspace/ros_ur_driver/install/moveit_core/include/moveit
[0.936s] -- Up-to-date: /home/d-lab/workspace/ros_ur_driver/install/moveit_core/include/moveit/distance_field
[0.936s] -- Up-to-date: /home/d-lab/workspace/ros_ur_driver/install/moveit_core/include/moveit/distance_field/propagation_distance_field.h
[0.937s] -- Up-to-date: /home/d-lab/workspace/ros_ur_driver/install/moveit_core/include/moveit/distance_field/voxel_grid.h
[0.937s] -- Up-to-date: /home/d-lab/workspace/ros_ur_driver/install/moveit_core/include/moveit/distance_field/find_internal_points.h
[0.937s] -- Up-to-date: /home/d-lab/workspace/ros_ur_driver/install/moveit_core/include/moveit/distance_field/distance_field.h
[0.937s] -- Up-to-date: /home/d-lab/workspace/ros_ur_driver/install/moveit_core/include
[0.937s] -- Up-to-date: /home/d-lab/workspace/ros_ur_driver/install/moveit_core/include/moveit
[0.938s] -- Up-to-date: /home/d-lab/workspace/ros_ur_driver/install/moveit_core/include/moveit/collision_distance_field
[0.938s] -- Up-to-date: /home/d-lab/workspace/ros_ur_driver/install/moveit_core/include/moveit/collision_distance_field/collision_env_distance_field.h
[0.938s] -- Up-to-date: /home/d-lab/workspace/ros_ur_driver/install/moveit_core/include/moveit/collision_distance_field/collision_detector_allocator_distance_field.h
[0.939s] -- Up-to-date: /home/d-lab/workspace/ros_ur_driver/install/moveit_core/include/moveit/collision_distance_field/collision_common_distance_field.h
[0.939s] -- Up-to-date: /home/d-lab/workspace/ros_ur_driver/install/moveit_core/include/moveit/collision_distance_field/collision_detector_allocator_hybrid.h
[0.939s] -- Up-to-date: /home/d-lab/workspace/ros_ur_driver/install/moveit_core/include/moveit/collision_distance_field/collision_env_hybrid.h
[0.939s] -- Up-to-date: /home/d-lab/workspace/ros_ur_driver/install/moveit_core/include/moveit/collision_distance_field/collision_distance_field_types.h
[0.940s] -- Up-to-date: /home/d-lab/workspace/ros_ur_driver/install/moveit_core/include/moveit_collision_distance_field_export.h
[0.941s] -- Up-to-date: /home/d-lab/workspace/ros_ur_driver/install/moveit_core/include
[0.941s] -- Up-to-date: /home/d-lab/workspace/ros_ur_driver/install/moveit_core/include/moveit
[0.941s] -- Up-to-date: /home/d-lab/workspace/ros_ur_driver/install/moveit_core/include/moveit/kinematics_metrics
[0.941s] -- Up-to-date: /home/d-lab/workspace/ros_ur_driver/install/moveit_core/include/moveit/kinematics_metrics/kinematics_metrics.h
[0.941s] -- Up-to-date: /home/d-lab/workspace/ros_ur_driver/install/moveit_core/include
[0.942s] -- Up-to-date: /home/d-lab/workspace/ros_ur_driver/install/moveit_core/include/moveit
[0.942s] -- Up-to-date: /home/d-lab/workspace/ros_ur_driver/install/moveit_core/include/moveit/dynamics_solver
[0.942s] -- Up-to-date: /home/d-lab/workspace/ros_ur_driver/install/moveit_core/include/moveit/dynamics_solver/dynamics_solver.h
[0.942s] -- Up-to-date: /home/d-lab/workspace/ros_ur_driver/install/moveit_core/include
[0.942s] -- Up-to-date: /home/d-lab/workspace/ros_ur_driver/install/moveit_core/include/moveit
[0.943s] -- Up-to-date: /home/d-lab/workspace/ros_ur_driver/install/moveit_core/include/moveit/collision_detection_bullet
[0.943s] -- Up-to-date: /home/d-lab/workspace/ros_ur_driver/install/moveit_core/include/moveit/collision_detection_bullet/collision_detector_bullet_plugin_loader.h
[0.943s] -- Up-to-date: /home/d-lab/workspace/ros_ur_driver/install/moveit_core/include/moveit/collision_detection_bullet/collision_env_bullet.h
[0.943s] -- Up-to-date: /home/d-lab/workspace/ros_ur_driver/install/moveit_core/include/moveit/collision_detection_bullet/bullet_integration
[0.943s] -- Up-to-date: /home/d-lab/workspace/ros_ur_driver/install/moveit_core/include/moveit/collision_detection_bullet/bullet_integration/contact_checker_common.h
[0.943s] -- Up-to-date: /home/d-lab/workspace/ros_ur_driver/install/moveit_core/include/moveit/collision_detection_bullet/bullet_integration/bullet_cast_bvh_manager.h
[0.944s] -- Up-to-date: /home/d-lab/workspace/ros_ur_driver/install/moveit_core/include/moveit/collision_detection_bullet/bullet_integration/bullet_discrete_bvh_manager.h
[0.945s] -- Up-to-date: /home/d-lab/workspace/ros_ur_driver/install/moveit_core/include/moveit/collision_detection_bullet/bullet_integration/ros_bullet_utils.h
[0.946s] -- Up-to-date: /home/d-lab/workspace/ros_ur_driver/install/moveit_core/include/moveit/collision_detection_bullet/bullet_integration/bullet_bvh_manager.h
[0.946s] -- Up-to-date: /home/d-lab/workspace/ros_ur_driver/install/moveit_core/include/moveit/collision_detection_bullet/bullet_integration/basic_types.h
[0.946s] -- Up-to-date: /home/d-lab/workspace/ros_ur_driver/install/moveit_core/include/moveit/collision_detection_bullet/bullet_integration/bullet_utils.h
[0.946s] -- Up-to-date: /home/d-lab/workspace/ros_ur_driver/install/moveit_core/include/moveit/collision_detection_bullet/collision_detector_allocator_bullet.h
[0.946s] -- Up-to-date: /home/d-lab/workspace/ros_ur_driver/install/moveit_core/include/moveit_collision_detection_bullet_export.h
[0.946s] -- Up-to-date: /home/d-lab/workspace/ros_ur_driver/install/moveit_core/lib/libmoveit_collision_detection_bullet.so.2.2.3
[0.946s] -- Up-to-date: /home/d-lab/workspace/ros_ur_driver/install/moveit_core/lib/libmoveit_collision_detection_bullet.so
[0.946s] -- Up-to-date: /home/d-lab/workspace/ros_ur_driver/install/moveit_core/lib/libcollision_detector_bullet_plugin.so.2.2.3
[0.946s] -- Up-to-date: /home/d-lab/workspace/ros_ur_driver/install/moveit_core/lib/libcollision_detector_bullet_plugin.so
[0.946s] -- Up-to-date: /home/d-lab/workspace/ros_ur_driver/install/moveit_core/share/moveit_core/environment/library_path.sh
[0.946s] -- Up-to-date: /home/d-lab/workspace/ros_ur_driver/install/moveit_core/share/moveit_core/environment/library_path.dsv
[0.946s] Invoked command in '/home/d-lab/workspace/ros_ur_driver/build/moveit_core' returned '0': CMAKE_PREFIX_PATH=/home/d-lab/workspace/ros_ur_driver/install/srdfdom:/home/d-lab/workspace/ros_ur_driver/install/moveit_common:/home/d-lab/workspace/ros_ur_driver/install/run_ompl_constrained_planning:/home/d-lab/workspace/ros_ur_driver/install/run_moveit_cpp:/home/d-lab/workspace/ros_ur_driver/install/run_move_group:/home/d-lab/workspace/ros_ur_driver/install/warehouse_ros_mongo:/home/d-lab/workspace/ros_ur_driver/install/ros2_controllers:/home/d-lab/workspace/ros_ur_driver/install/velocity_controllers:/home/d-lab/workspace/ros_ur_driver/install/ur_robot_driver:/home/d-lab/workspace/ros_ur_driver/install/ur_controllers:/home/d-lab/workspace/ros_ur_driver/install/ur_msgs:/home/d-lab/workspace/ros_ur_driver/install/ur_moveit_config:/home/d-lab/workspace/ros_ur_driver/install/ur_description:/home/d-lab/workspace/ros_ur_driver/install/ur_dashboard_msgs:/home/d-lab/workspace/ros_ur_driver/install/ur_client_library:/home/d-lab/workspace/ros_ur_driver/install/ur_bringup:/home/d-lab/workspace/ros_ur_driver/install/transmission_interface:/home/d-lab/workspace/ros_ur_driver/install/moveit_runtime:/home/d-lab/workspace/ros_ur_driver/install/moveit:/home/d-lab/workspace/ros_ur_driver/install/moveit_plugins:/home/d-lab/workspace/ros_ur_driver/install/moveit_simple_controller_manager:/home/d-lab/workspace/ros_ur_driver/install/moveit_servo:/home/d-lab/workspace/ros_ur_driver/install/moveit_ros:/home/d-lab/workspace/ros_ur_driver/install/moveit_ros_visualization:/home/d-lab/workspace/ros_ur_driver/install/moveit_ros_planning_interface:/home/d-lab/workspace/ros_ur_driver/install/moveit_ros_benchmarks:/home/d-lab/workspace/ros_ur_driver/install/moveit_ros_warehouse:/home/d-lab/workspace/ros_ur_driver/install/moveit_ros_robot_interaction:/home/d-lab/workspace/ros_ur_driver/install/moveit_ros_perception:/home/d-lab/workspace/ros_ur_driver/install/moveit_ros_move_group:/home/d-lab/workspace/ros_ur_driver/install/moveit_planners:/home/d-lab/workspace/ros_ur_driver/install/moveit_planners_ompl:/home/d-lab/workspace/ros_ur_driver/install/moveit_ros_planning:/home/d-lab/workspace/ros_ur_driver/install/moveit_ros_occupancy_map_monitor:/home/d-lab/workspace/ros_ur_driver/install/moveit_planners_chomp:/home/d-lab/workspace/ros_ur_driver/install/moveit_kinematics:/home/d-lab/workspace/ros_ur_driver/install/moveit_chomp_optimizer_adapter:/home/d-lab/workspace/ros_ur_driver/install/chomp_motion_planner:/home/d-lab/workspace/ros_ur_driver/install/moveit_core:/home/d-lab/workspace/ros_ur_driver/install/ros2_control_demos:/home/d-lab/workspace/ros_ur_driver/install/ros2_control_demo_bringup:/home/d-lab/workspace/ros_ur_driver/install/rrbot_description:/home/d-lab/workspace/ros_ur_driver/install/ros2_control:/home/d-lab/workspace/ros_ur_driver/install/controller_manager:/home/d-lab/workspace/ros_ur_driver/install/ros2_control_test_assets:/home/d-lab/workspace/ros_ur_driver/install/ros2_control_demo_hardware:/home/d-lab/workspace/ros_ur_driver/install/position_controllers:/home/d-lab/workspace/ros_ur_driver/install/joint_trajectory_controller:/home/d-lab/workspace/ros_ur_driver/install/joint_state_controller:/home/d-lab/workspace/ros_ur_driver/install/joint_state_broadcaster:/home/d-lab/workspace/ros_ur_driver/install/imu_sensor_broadcaster:/home/d-lab/workspace/ros_ur_driver/install/gripper_controllers:/home/d-lab/workspace/ros_ur_driver/install/effort_controllers:/home/d-lab/workspace/ros_ur_driver/install/forward_command_controller:/home/d-lab/workspace/ros_ur_driver/install/force_torque_sensor_broadcaster:/home/d-lab/workspace/ros_ur_driver/install/diff_drive_controller:/home/d-lab/workspace/ros_ur_driver/install/controller_interface:/home/d-lab/workspace/ros_ur_driver/install/hardware_interface:/home/d-lab/workspace/ros_ur_driver/install/diffbot_description:/home/d-lab/workspace/ros_ur_driver/install/controller_manager_msgs:/home/d-lab/workspace/ros_ur_driver/install/control_msgs:/home/d-lab/workspace/ros_ur_driver/install/ros2controlcli:/home/d-lab/workspace/ros_ur_driver/install/ros2_control_test_nodes:/opt/ros/foxy LD_LIBRARY_PATH=/home/d-lab/workspace/ros_ur_driver/install/srdfdom/lib:/home/d-lab/workspace/ros_ur_driver/install/warehouse_ros_mongo/lib:/home/d-lab/workspace/ros_ur_driver/install/velocity_controllers/lib:/home/d-lab/workspace/ros_ur_driver/install/ur_robot_driver/lib:/home/d-lab/workspace/ros_ur_driver/install/ur_controllers/lib:/home/d-lab/workspace/ros_ur_driver/install/ur_msgs/lib:/home/d-lab/workspace/ros_ur_driver/install/ur_dashboard_msgs/lib:/home/d-lab/workspace/ros_ur_driver/install/ur_client_library/lib:/home/d-lab/workspace/ros_ur_driver/install/moveit_simple_controller_manager/lib:/home/d-lab/workspace/ros_ur_driver/install/moveit_servo/lib:/home/d-lab/workspace/ros_ur_driver/install/moveit_ros_visualization/lib:/home/d-lab/workspace/ros_ur_driver/install/moveit_ros_planning_interface/lib:/home/d-lab/workspace/ros_ur_driver/install/moveit_ros_benchmarks/lib:/home/d-lab/workspace/ros_ur_driver/install/moveit_ros_warehouse/lib:/home/d-lab/workspace/ros_ur_driver/install/moveit_ros_robot_interaction/lib:/home/d-lab/workspace/ros_ur_driver/install/moveit_ros_perception/lib:/home/d-lab/workspace/ros_ur_driver/install/moveit_ros_move_group/lib:/home/d-lab/workspace/ros_ur_driver/install/moveit_planners_ompl/lib:/home/d-lab/workspace/ros_ur_driver/install/moveit_ros_planning/lib:/home/d-lab/workspace/ros_ur_driver/install/moveit_ros_occupancy_map_monitor/lib:/home/d-lab/workspace/ros_ur_driver/install/moveit_planners_chomp/lib:/home/d-lab/workspace/ros_ur_driver/install/moveit_kinematics/lib:/home/d-lab/workspace/ros_ur_driver/install/moveit_chomp_optimizer_adapter/lib:/home/d-lab/workspace/ros_ur_driver/install/chomp_motion_planner/lib:/home/d-lab/workspace/ros_ur_driver/install/moveit_core/lib:/home/d-lab/workspace/ros_ur_driver/install/controller_manager/lib:/home/d-lab/workspace/ros_ur_driver/install/ros2_control_demo_hardware/lib:/home/d-lab/workspace/ros_ur_driver/install/position_controllers/lib:/home/d-lab/workspace/ros_ur_driver/install/joint_trajectory_controller/lib:/home/d-lab/workspace/ros_ur_driver/install/joint_state_controller/lib:/home/d-lab/workspace/ros_ur_driver/install/joint_state_broadcaster/lib:/home/d-lab/workspace/ros_ur_driver/install/imu_sensor_broadcaster/lib:/home/d-lab/workspace/ros_ur_driver/install/gripper_controllers/lib:/home/d-lab/workspace/ros_ur_driver/install/effort_controllers/lib:/home/d-lab/workspace/ros_ur_driver/install/forward_command_controller/lib:/home/d-lab/workspace/ros_ur_driver/install/force_torque_sensor_broadcaster/lib:/home/d-lab/workspace/ros_ur_driver/install/diff_drive_controller/lib:/home/d-lab/workspace/ros_ur_driver/install/controller_interface/lib:/home/d-lab/workspace/ros_ur_driver/install/hardware_interface/lib:/home/d-lab/workspace/ros_ur_driver/install/controller_manager_msgs/lib:/home/d-lab/workspace/ros_ur_driver/install/control_msgs/lib:/opt/ros/foxy/opt/yaml_cpp_vendor/lib:/opt/ros/foxy/opt/rviz_ogre_vendor/lib:/opt/ros/foxy/lib/x86_64-linux-gnu:/opt/ros/foxy/lib PYTHONPATH=/home/d-lab/workspace/ros_ur_driver/install/srdfdom/lib/python3.8/site-packages:/home/d-lab/workspace/ros_ur_driver/install/warehouse_ros_mongo/lib/python3.8/site-packages:/home/d-lab/workspace/ros_ur_driver/install/ur_msgs/lib/python3.8/site-packages:/home/d-lab/workspace/ros_ur_driver/install/ur_dashboard_msgs/lib/python3.8/site-packages:/home/d-lab/workspace/ros_ur_driver/install/ros2controlcli/lib/python3.8/site-packages:/home/d-lab/workspace/ros_ur_driver/install/ros2_control_test_nodes/lib/python3.8/site-packages:/home/d-lab/workspace/ros_ur_driver/install/controller_manager/lib/python3.8/site-packages:/home/d-lab/workspace/ros_ur_driver/install/controller_manager_msgs/lib/python3.8/site-packages:/home/d-lab/workspace/ros_ur_driver/install/control_msgs/lib/python3.8/site-packages:/opt/ros/foxy/lib/python3.8/site-packages /usr/bin/cmake --install /home/d-lab/workspace/ros_ur_driver/build/moveit_core
