[100%] Built target ros2_control_demo_hardware
-- Install configuration: ""
-- Installing: /home/d-lab/workspace/ros_ur_driver/src/install/ros2_control_demo_hardware/share/ros2_control_demo_hardware/ros2_control_demo_hardware.xml
-- Installing: /home/d-lab/workspace/ros_ur_driver/src/install/ros2_control_demo_hardware/lib/libros2_control_demo_hardware.so
-- Set runtime path of "/home/d-lab/workspace/ros_ur_driver/src/install/ros2_control_demo_hardware/lib/libros2_control_demo_hardware.so" to ""
-- Installing: /home/d-lab/workspace/ros_ur_driver/src/install/ros2_control_demo_hardware/include
-- Installing: /home/d-lab/workspace/ros_ur_driver/src/install/ros2_control_demo_hardware/include/ros2_control_demo_hardware
-- Installing: /home/d-lab/workspace/ros_ur_driver/src/install/ros2_control_demo_hardware/include/ros2_control_demo_hardware/rrbot_system_position_only.hpp
-- Installing: /home/d-lab/workspace/ros_ur_driver/src/install/ros2_control_demo_hardware/include/ros2_control_demo_hardware/rrbot_system_with_sensor.hpp
-- Installing: /home/d-lab/workspace/ros_ur_driver/src/install/ros2_control_demo_hardware/include/ros2_control_demo_hardware/rrbot_system_multi_interface.hpp
-- Installing: /home/d-lab/workspace/ros_ur_driver/src/install/ros2_control_demo_hardware/include/ros2_control_demo_hardware/visibility_control.h
-- Installing: /home/d-lab/workspace/ros_ur_driver/src/install/ros2_control_demo_hardware/include/ros2_control_demo_hardware/diffbot_system.hpp
-- Installing: /home/d-lab/workspace/ros_ur_driver/src/install/ros2_control_demo_hardware/share/ros2_control_demo_hardware/environment/library_path.sh
-- Installing: /home/d-lab/workspace/ros_ur_driver/src/install/ros2_control_demo_hardware/share/ros2_control_demo_hardware/environment/library_path.dsv
-- Installing: /home/d-lab/workspace/ros_ur_driver/src/install/ros2_control_demo_hardware/share/ament_index/resource_index/package_run_dependencies/ros2_control_demo_hardware
-- Installing: /home/d-lab/workspace/ros_ur_driver/src/install/ros2_control_demo_hardware/share/ament_index/resource_index/parent_prefix_path/ros2_control_demo_hardware
-- Installing: /home/d-lab/workspace/ros_ur_driver/src/install/ros2_control_demo_hardware/share/ros2_control_demo_hardware/environment/ament_prefix_path.sh
-- Installing: /home/d-lab/workspace/ros_ur_driver/src/install/ros2_control_demo_hardware/share/ros2_control_demo_hardware/environment/ament_prefix_path.dsv
-- Installing: /home/d-lab/workspace/ros_ur_driver/src/install/ros2_control_demo_hardware/share/ros2_control_demo_hardware/environment/path.sh
-- Installing: /home/d-lab/workspace/ros_ur_driver/src/install/ros2_control_demo_hardware/share/ros2_control_demo_hardware/environment/path.dsv
-- Installing: /home/d-lab/workspace/ros_ur_driver/src/install/ros2_control_demo_hardware/share/ros2_control_demo_hardware/local_setup.bash
-- Installing: /home/d-lab/workspace/ros_ur_driver/src/install/ros2_control_demo_hardware/share/ros2_control_demo_hardware/local_setup.sh
-- Installing: /home/d-lab/workspace/ros_ur_driver/src/install/ros2_control_demo_hardware/share/ros2_control_demo_hardware/local_setup.zsh
-- Installing: /home/d-lab/workspace/ros_ur_driver/src/install/ros2_control_demo_hardware/share/ros2_control_demo_hardware/local_setup.dsv
-- Installing: /home/d-lab/workspace/ros_ur_driver/src/install/ros2_control_demo_hardware/share/ros2_control_demo_hardware/package.dsv
-- Installing: /home/d-lab/workspace/ros_ur_driver/src/install/ros2_control_demo_hardware/share/ament_index/resource_index/packages/ros2_control_demo_hardware
-- Installing: /home/d-lab/workspace/ros_ur_driver/src/install/ros2_control_demo_hardware/share/ament_index/resource_index/hardware_interface__pluginlib__plugin/ros2_control_demo_hardware
-- Installing: /home/d-lab/workspace/ros_ur_driver/src/install/ros2_control_demo_hardware/share/ros2_control_demo_hardware/cmake/ament_cmake_export_include_directories-extras.cmake
-- Installing: /home/d-lab/workspace/ros_ur_driver/src/install/ros2_control_demo_hardware/share/ros2_control_demo_hardware/cmake/ament_cmake_export_libraries-extras.cmake
-- Installing: /home/d-lab/workspace/ros_ur_driver/src/install/ros2_control_demo_hardware/share/ros2_control_demo_hardware/cmake/ament_cmake_export_dependencies-extras.cmake
-- Installing: /home/d-lab/workspace/ros_ur_driver/src/install/ros2_control_demo_hardware/share/ros2_control_demo_hardware/cmake/ros2_control_demo_hardwareConfig.cmake
-- Installing: /home/d-lab/workspace/ros_ur_driver/src/install/ros2_control_demo_hardware/share/ros2_control_demo_hardware/cmake/ros2_control_demo_hardwareConfig-version.cmake
-- Installing: /home/d-lab/workspace/ros_ur_driver/src/install/ros2_control_demo_hardware/share/ros2_control_demo_hardware/package.xml
