[0.076s] Invoking command in '/home/d-lab/workspace/ros_ur_driver/build/moveit_common': CMAKE_PREFIX_PATH=${CMAKE_PREFIX_PATH}:/home/d-lab/workspace/ros_ur_driver/install/ros2controlcli:/home/d-lab/workspace/ros_ur_driver/install/ros2_control_test_nodes:/opt/ros/foxy /usr/bin/cmake --build /home/d-lab/workspace/ros_ur_driver/build/moveit_common -- -j16 -l16
[0.278s] Invoked command in '/home/d-lab/workspace/ros_ur_driver/build/moveit_common' returned '0': CMAKE_PREFIX_PATH=${CMAKE_PREFIX_PATH}:/home/d-lab/workspace/ros_ur_driver/install/ros2controlcli:/home/d-lab/workspace/ros_ur_driver/install/ros2_control_test_nodes:/opt/ros/foxy /usr/bin/cmake --build /home/d-lab/workspace/ros_ur_driver/build/moveit_common -- -j16 -l16
[0.339s] Invoking command in '/home/d-lab/workspace/ros_ur_driver/build/moveit_common': CMAKE_PREFIX_PATH=${CMAKE_PREFIX_PATH}:/home/d-lab/workspace/ros_ur_driver/install/ros2controlcli:/home/d-lab/workspace/ros_ur_driver/install/ros2_control_test_nodes:/opt/ros/foxy /usr/bin/cmake --install /home/d-lab/workspace/ros_ur_driver/build/moveit_common
[0.355s] -- Install configuration: "Release"
[0.355s] -- Up-to-date: /home/d-lab/workspace/ros_ur_driver/install/moveit_common/share/ament_index/resource_index/package_run_dependencies/moveit_common
[0.355s] -- Up-to-date: /home/d-lab/workspace/ros_ur_driver/install/moveit_common/share/ament_index/resource_index/parent_prefix_path/moveit_common
[0.356s] -- Up-to-date: /home/d-lab/workspace/ros_ur_driver/install/moveit_common/share/moveit_common/environment/ament_prefix_path.sh
[0.356s] -- Up-to-date: /home/d-lab/workspace/ros_ur_driver/install/moveit_common/share/moveit_common/environment/ament_prefix_path.dsv
[0.357s] -- Up-to-date: /home/d-lab/workspace/ros_ur_driver/install/moveit_common/share/moveit_common/environment/path.sh
[0.358s] -- Up-to-date: /home/d-lab/workspace/ros_ur_driver/install/moveit_common/share/moveit_common/environment/path.dsv
[0.358s] -- Up-to-date: /home/d-lab/workspace/ros_ur_driver/install/moveit_common/share/moveit_common/local_setup.bash
[0.358s] -- Up-to-date: /home/d-lab/workspace/ros_ur_driver/install/moveit_common/share/moveit_common/local_setup.sh
[0.358s] -- Up-to-date: /home/d-lab/workspace/ros_ur_driver/install/moveit_common/share/moveit_common/local_setup.zsh
[0.358s] -- Up-to-date: /home/d-lab/workspace/ros_ur_driver/install/moveit_common/share/moveit_common/local_setup.dsv
[0.358s] -- Installing: /home/d-lab/workspace/ros_ur_driver/install/moveit_common/share/moveit_common/package.dsv
[0.358s] -- Up-to-date: /home/d-lab/workspace/ros_ur_driver/install/moveit_common/share/ament_index/resource_index/packages/moveit_common
[0.359s] -- Up-to-date: /home/d-lab/workspace/ros_ur_driver/install/moveit_common/share/moveit_common/cmake/moveit_common-extras.cmake
[0.359s] -- Up-to-date: /home/d-lab/workspace/ros_ur_driver/install/moveit_common/share/moveit_common/cmake/moveit_commonConfig.cmake
[0.359s] -- Up-to-date: /home/d-lab/workspace/ros_ur_driver/install/moveit_common/share/moveit_common/cmake/moveit_commonConfig-version.cmake
[0.360s] -- Up-to-date: /home/d-lab/workspace/ros_ur_driver/install/moveit_common/share/moveit_common/package.xml
[0.361s] -- Up-to-date: /home/d-lab/workspace/ros_ur_driver/install/moveit_common/share/moveit_common/cmake
[0.361s] -- Up-to-date: /home/d-lab/workspace/ros_ur_driver/install/moveit_common/share/moveit_common/cmake/moveit_package.cmake
[0.381s] Invoked command in '/home/d-lab/workspace/ros_ur_driver/build/moveit_common' returned '0': CMAKE_PREFIX_PATH=${CMAKE_PREFIX_PATH}:/home/d-lab/workspace/ros_ur_driver/install/ros2controlcli:/home/d-lab/workspace/ros_ur_driver/install/ros2_control_test_nodes:/opt/ros/foxy /usr/bin/cmake --install /home/d-lab/workspace/ros_ur_driver/build/moveit_common
