[0.013s] Invoking command in '/home/d-lab/workspace/ros_ur_driver/src/build/ros2_control_demo_hardware': AMENT_PREFIX_PATH=/home/d-lab/workspace/ros_ur_driver/src/install/hardware_interface:/home/d-lab/workspace/ros_ur_driver/src/install/control_msgs:${AMENT_PREFIX_PATH} CMAKE_PREFIX_PATH=/home/d-lab/workspace/ros_ur_driver/src/install/hardware_interface:/home/d-lab/workspace/ros_ur_driver/src/install/control_msgs:/opt/ros/foxy LD_LIBRARY_PATH=/home/d-lab/workspace/ros_ur_driver/src/install/hardware_interface/lib:/home/d-lab/workspace/ros_ur_driver/src/install/control_msgs/lib:${LD_LIBRARY_PATH} PYTHONPATH=/home/d-lab/workspace/ros_ur_driver/src/install/control_msgs/lib/python3.8/site-packages:${PYTHONPATH} /usr/bin/cmake /home/d-lab/workspace/ros_ur_driver/src/ros2_control_demos/ros2_control_demo_hardware -DCMAKE_INSTALL_PREFIX=/home/d-lab/workspace/ros_ur_driver/src/install/ros2_control_demo_hardware
[0.046s] -- The C compiler identification is GNU 9.4.0
[0.078s] -- The CXX compiler identification is GNU 9.4.0
[0.081s] -- Check for working C compiler: /usr/bin/cc
[0.126s] -- Check for working C compiler: /usr/bin/cc -- works
[0.126s] -- Detecting C compiler ABI info
[0.177s] -- Detecting C compiler ABI info - done
[0.186s] -- Detecting C compile features
[0.186s] -- Detecting C compile features - done
[0.188s] -- Check for working CXX compiler: /usr/bin/c++
[0.243s] -- Check for working CXX compiler: /usr/bin/c++ -- works
[0.243s] -- Detecting CXX compiler ABI info
[0.292s] -- Detecting CXX compiler ABI info - done
[0.299s] -- Detecting CXX compile features
[0.300s] -- Detecting CXX compile features - done
[0.301s] -- Found ament_cmake: 0.9.9 (/opt/ros/foxy/share/ament_cmake/cmake)
[0.316s] -- Found PythonInterp: /usr/bin/python3 (found suitable version "3.8.10", minimum required is "3") 
[0.316s] -- Using PYTHON_EXECUTABLE: /usr/bin/python3
[0.442s] -- Found hardware_interface: 0.10.0 (/home/d-lab/workspace/ros_ur_driver/src/install/hardware_interface/share/hardware_interface/cmake)
[0.475s] -- Using all available rosidl_typesupport_c: rosidl_typesupport_fastrtps_c;rosidl_typesupport_introspection_c
[0.480s] -- Found rosidl_adapter: 1.2.1 (/opt/ros/foxy/share/rosidl_adapter/cmake)
[0.528s] -- Found OpenSSL: /usr/lib/x86_64-linux-gnu/libcrypto.so (found version "1.1.1f")  
[0.546s] -- Found FastRTPS: /opt/ros/foxy/include  
[0.594s] -- Using all available rosidl_typesupport_cpp: rosidl_typesupport_fastrtps_cpp;rosidl_typesupport_introspection_cpp
[0.899s] -- Found rclcpp: 2.4.1 (/opt/ros/foxy/share/rclcpp/cmake)
[0.930s] -- Found rmw_implementation_cmake: 1.0.3 (/opt/ros/foxy/share/rmw_implementation_cmake/cmake)
[0.931s] -- Using RMW implementation 'rmw_fastrtps_cpp' as default
[0.931s] -- Looking for pthread.h
[0.980s] -- Looking for pthread.h - found
[0.981s] -- Performing Test CMAKE_HAVE_LIBC_PTHREAD
[1.029s] -- Performing Test CMAKE_HAVE_LIBC_PTHREAD - Failed
[1.029s] -- Looking for pthread_create in pthreads
[1.065s] -- Looking for pthread_create in pthreads - not found
[1.065s] -- Looking for pthread_create in pthread
[1.111s] -- Looking for pthread_create in pthread - found
[1.111s] -- Found Threads: TRUE  
[1.215s] -- Found ament_cmake_gtest: 0.9.9 (/opt/ros/foxy/share/ament_cmake_gtest/cmake)
[1.257s] -- Configuring done
[1.269s] -- Generating done
[1.270s] -- Build files have been written to: /home/d-lab/workspace/ros_ur_driver/src/build/ros2_control_demo_hardware
[1.276s] Invoked command in '/home/d-lab/workspace/ros_ur_driver/src/build/ros2_control_demo_hardware' returned '0': AMENT_PREFIX_PATH=/home/d-lab/workspace/ros_ur_driver/src/install/hardware_interface:/home/d-lab/workspace/ros_ur_driver/src/install/control_msgs:${AMENT_PREFIX_PATH} CMAKE_PREFIX_PATH=/home/d-lab/workspace/ros_ur_driver/src/install/hardware_interface:/home/d-lab/workspace/ros_ur_driver/src/install/control_msgs:/opt/ros/foxy LD_LIBRARY_PATH=/home/d-lab/workspace/ros_ur_driver/src/install/hardware_interface/lib:/home/d-lab/workspace/ros_ur_driver/src/install/control_msgs/lib:${LD_LIBRARY_PATH} PYTHONPATH=/home/d-lab/workspace/ros_ur_driver/src/install/control_msgs/lib/python3.8/site-packages:${PYTHONPATH} /usr/bin/cmake /home/d-lab/workspace/ros_ur_driver/src/ros2_control_demos/ros2_control_demo_hardware -DCMAKE_INSTALL_PREFIX=/home/d-lab/workspace/ros_ur_driver/src/install/ros2_control_demo_hardware
[1.278s] Invoking command in '/home/d-lab/workspace/ros_ur_driver/src/build/ros2_control_demo_hardware': AMENT_PREFIX_PATH=/home/d-lab/workspace/ros_ur_driver/src/install/hardware_interface:/home/d-lab/workspace/ros_ur_driver/src/install/control_msgs:${AMENT_PREFIX_PATH} CMAKE_PREFIX_PATH=/home/d-lab/workspace/ros_ur_driver/src/install/hardware_interface:/home/d-lab/workspace/ros_ur_driver/src/install/control_msgs:/opt/ros/foxy LD_LIBRARY_PATH=/home/d-lab/workspace/ros_ur_driver/src/install/hardware_interface/lib:/home/d-lab/workspace/ros_ur_driver/src/install/control_msgs/lib:${LD_LIBRARY_PATH} PYTHONPATH=/home/d-lab/workspace/ros_ur_driver/src/install/control_msgs/lib/python3.8/site-packages:${PYTHONPATH} /usr/bin/cmake --build /home/d-lab/workspace/ros_ur_driver/src/build/ros2_control_demo_hardware -- -j16 -l16
[1.305s] [35m[1mScanning dependencies of target ros2_control_demo_hardware[0m
[1.337s] [ 20%] [32mBuilding CXX object CMakeFiles/ros2_control_demo_hardware.dir/src/diffbot_system.cpp.o[0m
[1.338s] [ 40%] [32mBuilding CXX object CMakeFiles/ros2_control_demo_hardware.dir/src/rrbot_system_position_only.cpp.o[0m
[1.338s] [ 60%] [32mBuilding CXX object CMakeFiles/ros2_control_demo_hardware.dir/src/rrbot_system_multi_interface.cpp.o[0m
[1.339s] [ 80%] [32mBuilding CXX object CMakeFiles/ros2_control_demo_hardware.dir/src/rrbot_system_with_sensor.cpp.o[0m
[3.814s] [100%] [32m[1mLinking CXX shared library libros2_control_demo_hardware.so[0m
[3.962s] [100%] Built target ros2_control_demo_hardware
