[0.015s] Invoking command in '/home/d-lab/workspace/ros_ur_driver/build/ros2_control_demo_hardware': AMENT_PREFIX_PATH=/home/d-lab/workspace/ros_ur_driver/install/hardware_interface:/home/d-lab/workspace/ros_ur_driver/install/control_msgs:${AMENT_PREFIX_PATH} CMAKE_PREFIX_PATH=/home/d-lab/workspace/ros_ur_driver/install/hardware_interface:/home/d-lab/workspace/ros_ur_driver/install/control_msgs:/opt/ros/foxy LD_LIBRARY_PATH=/home/d-lab/workspace/ros_ur_driver/install/hardware_interface/lib:/home/d-lab/workspace/ros_ur_driver/install/control_msgs/lib:${LD_LIBRARY_PATH} PYTHONPATH=/home/d-lab/workspace/ros_ur_driver/install/control_msgs/lib/python3.8/site-packages:${PYTHONPATH} /usr/bin/cmake /home/d-lab/workspace/ros_ur_driver/src/ros2_control_demos/ros2_control_demo_hardware -DCMAKE_INSTALL_PREFIX=/home/d-lab/workspace/ros_ur_driver/install/ros2_control_demo_hardware
[0.026s] -- Found ament_cmake: 0.9.9 (/opt/ros/foxy/share/ament_cmake/cmake)
[0.041s] -- Using PYTHON_EXECUTABLE: /usr/bin/python3
[0.174s] -- Found hardware_interface: 0.10.0 (/home/d-lab/workspace/ros_ur_driver/install/hardware_interface/share/hardware_interface/cmake)
[0.191s] -- Using all available rosidl_typesupport_c: rosidl_typesupport_fastrtps_c;rosidl_typesupport_introspection_c
[0.194s] -- Found rosidl_adapter: 1.2.1 (/opt/ros/foxy/share/rosidl_adapter/cmake)
[0.283s] -- Using all available rosidl_typesupport_cpp: rosidl_typesupport_fastrtps_cpp;rosidl_typesupport_introspection_cpp
[0.616s] -- Found rclcpp: 2.4.1 (/opt/ros/foxy/share/rclcpp/cmake)
[0.641s] -- Found rmw_implementation_cmake: 1.0.3 (/opt/ros/foxy/share/rmw_implementation_cmake/cmake)
[0.642s] -- Using RMW implementation 'rmw_fastrtps_cpp' as default
[0.745s] -- Found ament_cmake_gtest: 0.9.9 (/opt/ros/foxy/share/ament_cmake_gtest/cmake)
[0.793s] -- Configuring done
[0.807s] -- Generating done
[0.809s] -- Build files have been written to: /home/d-lab/workspace/ros_ur_driver/build/ros2_control_demo_hardware
[0.815s] Invoked command in '/home/d-lab/workspace/ros_ur_driver/build/ros2_control_demo_hardware' returned '0': AMENT_PREFIX_PATH=/home/d-lab/workspace/ros_ur_driver/install/hardware_interface:/home/d-lab/workspace/ros_ur_driver/install/control_msgs:${AMENT_PREFIX_PATH} CMAKE_PREFIX_PATH=/home/d-lab/workspace/ros_ur_driver/install/hardware_interface:/home/d-lab/workspace/ros_ur_driver/install/control_msgs:/opt/ros/foxy LD_LIBRARY_PATH=/home/d-lab/workspace/ros_ur_driver/install/hardware_interface/lib:/home/d-lab/workspace/ros_ur_driver/install/control_msgs/lib:${LD_LIBRARY_PATH} PYTHONPATH=/home/d-lab/workspace/ros_ur_driver/install/control_msgs/lib/python3.8/site-packages:${PYTHONPATH} /usr/bin/cmake /home/d-lab/workspace/ros_ur_driver/src/ros2_control_demos/ros2_control_demo_hardware -DCMAKE_INSTALL_PREFIX=/home/d-lab/workspace/ros_ur_driver/install/ros2_control_demo_hardware
[0.817s] Invoking command in '/home/d-lab/workspace/ros_ur_driver/build/ros2_control_demo_hardware': AMENT_PREFIX_PATH=/home/d-lab/workspace/ros_ur_driver/install/hardware_interface:/home/d-lab/workspace/ros_ur_driver/install/control_msgs:${AMENT_PREFIX_PATH} CMAKE_PREFIX_PATH=/home/d-lab/workspace/ros_ur_driver/install/hardware_interface:/home/d-lab/workspace/ros_ur_driver/install/control_msgs:/opt/ros/foxy LD_LIBRARY_PATH=/home/d-lab/workspace/ros_ur_driver/install/hardware_interface/lib:/home/d-lab/workspace/ros_ur_driver/install/control_msgs/lib:${LD_LIBRARY_PATH} PYTHONPATH=/home/d-lab/workspace/ros_ur_driver/install/control_msgs/lib/python3.8/site-packages:${PYTHONPATH} /usr/bin/cmake --build /home/d-lab/workspace/ros_ur_driver/build/ros2_control_demo_hardware -- -j16 -l16
[0.868s] [ 20%] [32m[1mLinking CXX shared library libros2_control_demo_hardware.so[0m
[0.972s] [100%] Built target ros2_control_demo_hardware
[0.981s] Invoked command in '/home/d-lab/workspace/ros_ur_driver/build/ros2_control_demo_hardware' returned '0': AMENT_PREFIX_PATH=/home/d-lab/workspace/ros_ur_driver/install/hardware_interface:/home/d-lab/workspace/ros_ur_driver/install/control_msgs:${AMENT_PREFIX_PATH} CMAKE_PREFIX_PATH=/home/d-lab/workspace/ros_ur_driver/install/hardware_interface:/home/d-lab/workspace/ros_ur_driver/install/control_msgs:/opt/ros/foxy LD_LIBRARY_PATH=/home/d-lab/workspace/ros_ur_driver/install/hardware_interface/lib:/home/d-lab/workspace/ros_ur_driver/install/control_msgs/lib:${LD_LIBRARY_PATH} PYTHONPATH=/home/d-lab/workspace/ros_ur_driver/install/control_msgs/lib/python3.8/site-packages:${PYTHONPATH} /usr/bin/cmake --build /home/d-lab/workspace/ros_ur_driver/build/ros2_control_demo_hardware -- -j16 -l16
[1.003s] Invoking command in '/home/d-lab/workspace/ros_ur_driver/build/ros2_control_demo_hardware': AMENT_PREFIX_PATH=/home/d-lab/workspace/ros_ur_driver/install/hardware_interface:/home/d-lab/workspace/ros_ur_driver/install/control_msgs:${AMENT_PREFIX_PATH} CMAKE_PREFIX_PATH=/home/d-lab/workspace/ros_ur_driver/install/hardware_interface:/home/d-lab/workspace/ros_ur_driver/install/control_msgs:/opt/ros/foxy LD_LIBRARY_PATH=/home/d-lab/workspace/ros_ur_driver/install/hardware_interface/lib:/home/d-lab/workspace/ros_ur_driver/install/control_msgs/lib:${LD_LIBRARY_PATH} PYTHONPATH=/home/d-lab/workspace/ros_ur_driver/install/control_msgs/lib/python3.8/site-packages:${PYTHONPATH} /usr/bin/cmake --install /home/d-lab/workspace/ros_ur_driver/build/ros2_control_demo_hardware
[1.008s] -- Install configuration: "Release"
[1.008s] -- Up-to-date: /home/d-lab/workspace/ros_ur_driver/install/ros2_control_demo_hardware/share/ros2_control_demo_hardware/ros2_control_demo_hardware.xml
[1.008s] -- Installing: /home/d-lab/workspace/ros_ur_driver/install/ros2_control_demo_hardware/lib/libros2_control_demo_hardware.so
[1.009s] -- Set runtime path of "/home/d-lab/workspace/ros_ur_driver/install/ros2_control_demo_hardware/lib/libros2_control_demo_hardware.so" to ""
[1.009s] -- Up-to-date: /home/d-lab/workspace/ros_ur_driver/install/ros2_control_demo_hardware/include
[1.009s] -- Up-to-date: /home/d-lab/workspace/ros_ur_driver/install/ros2_control_demo_hardware/include/ros2_control_demo_hardware
[1.009s] -- Up-to-date: /home/d-lab/workspace/ros_ur_driver/install/ros2_control_demo_hardware/include/ros2_control_demo_hardware/rrbot_system_position_only.hpp
[1.009s] -- Up-to-date: /home/d-lab/workspace/ros_ur_driver/install/ros2_control_demo_hardware/include/ros2_control_demo_hardware/rrbot_system_with_sensor.hpp
[1.009s] -- Up-to-date: /home/d-lab/workspace/ros_ur_driver/install/ros2_control_demo_hardware/include/ros2_control_demo_hardware/rrbot_system_multi_interface.hpp
[1.009s] -- Up-to-date: /home/d-lab/workspace/ros_ur_driver/install/ros2_control_demo_hardware/include/ros2_control_demo_hardware/visibility_control.h
[1.009s] -- Up-to-date: /home/d-lab/workspace/ros_ur_driver/install/ros2_control_demo_hardware/include/ros2_control_demo_hardware/diffbot_system.hpp
[1.009s] -- Up-to-date: /home/d-lab/workspace/ros_ur_driver/install/ros2_control_demo_hardware/share/ros2_control_demo_hardware/environment/library_path.sh
[1.010s] -- Installing: /home/d-lab/workspace/ros_ur_driver/install/ros2_control_demo_hardware/share/ros2_control_demo_hardware/environment/library_path.dsv
[1.010s] -- Up-to-date: /home/d-lab/workspace/ros_ur_driver/install/ros2_control_demo_hardware/share/ament_index/resource_index/package_run_dependencies/ros2_control_demo_hardware
[1.010s] -- Up-to-date: /home/d-lab/workspace/ros_ur_driver/install/ros2_control_demo_hardware/share/ament_index/resource_index/parent_prefix_path/ros2_control_demo_hardware
[1.010s] -- Up-to-date: /home/d-lab/workspace/ros_ur_driver/install/ros2_control_demo_hardware/share/ros2_control_demo_hardware/environment/ament_prefix_path.sh
[1.010s] -- Installing: /home/d-lab/workspace/ros_ur_driver/install/ros2_control_demo_hardware/share/ros2_control_demo_hardware/environment/ament_prefix_path.dsv
[1.010s] -- Up-to-date: /home/d-lab/workspace/ros_ur_driver/install/ros2_control_demo_hardware/share/ros2_control_demo_hardware/environment/path.sh
[1.010s] -- Installing: /home/d-lab/workspace/ros_ur_driver/install/ros2_control_demo_hardware/share/ros2_control_demo_hardware/environment/path.dsv
[1.010s] -- Up-to-date: /home/d-lab/workspace/ros_ur_driver/install/ros2_control_demo_hardware/share/ros2_control_demo_hardware/local_setup.bash
[1.010s] -- Up-to-date: /home/d-lab/workspace/ros_ur_driver/install/ros2_control_demo_hardware/share/ros2_control_demo_hardware/local_setup.sh
[1.010s] -- Up-to-date: /home/d-lab/workspace/ros_ur_driver/install/ros2_control_demo_hardware/share/ros2_control_demo_hardware/local_setup.zsh
[1.010s] -- Installing: /home/d-lab/workspace/ros_ur_driver/install/ros2_control_demo_hardware/share/ros2_control_demo_hardware/local_setup.dsv
[1.010s] -- Installing: /home/d-lab/workspace/ros_ur_driver/install/ros2_control_demo_hardware/share/ros2_control_demo_hardware/package.dsv
[1.010s] -- Up-to-date: /home/d-lab/workspace/ros_ur_driver/install/ros2_control_demo_hardware/share/ament_index/resource_index/packages/ros2_control_demo_hardware
[1.010s] -- Up-to-date: /home/d-lab/workspace/ros_ur_driver/install/ros2_control_demo_hardware/share/ament_index/resource_index/hardware_interface__pluginlib__plugin/ros2_control_demo_hardware
[1.010s] -- Up-to-date: /home/d-lab/workspace/ros_ur_driver/install/ros2_control_demo_hardware/share/ros2_control_demo_hardware/cmake/ament_cmake_export_include_directories-extras.cmake
[1.010s] -- Up-to-date: /home/d-lab/workspace/ros_ur_driver/install/ros2_control_demo_hardware/share/ros2_control_demo_hardware/cmake/ament_cmake_export_libraries-extras.cmake
[1.011s] -- Up-to-date: /home/d-lab/workspace/ros_ur_driver/install/ros2_control_demo_hardware/share/ros2_control_demo_hardware/cmake/ament_cmake_export_dependencies-extras.cmake
[1.011s] -- Up-to-date: /home/d-lab/workspace/ros_ur_driver/install/ros2_control_demo_hardware/share/ros2_control_demo_hardware/cmake/ros2_control_demo_hardwareConfig.cmake
[1.011s] -- Up-to-date: /home/d-lab/workspace/ros_ur_driver/install/ros2_control_demo_hardware/share/ros2_control_demo_hardware/cmake/ros2_control_demo_hardwareConfig-version.cmake
[1.011s] -- Up-to-date: /home/d-lab/workspace/ros_ur_driver/install/ros2_control_demo_hardware/share/ros2_control_demo_hardware/package.xml
[1.014s] Invoked command in '/home/d-lab/workspace/ros_ur_driver/build/ros2_control_demo_hardware' returned '0': AMENT_PREFIX_PATH=/home/d-lab/workspace/ros_ur_driver/install/hardware_interface:/home/d-lab/workspace/ros_ur_driver/install/control_msgs:${AMENT_PREFIX_PATH} CMAKE_PREFIX_PATH=/home/d-lab/workspace/ros_ur_driver/install/hardware_interface:/home/d-lab/workspace/ros_ur_driver/install/control_msgs:/opt/ros/foxy LD_LIBRARY_PATH=/home/d-lab/workspace/ros_ur_driver/install/hardware_interface/lib:/home/d-lab/workspace/ros_ur_driver/install/control_msgs/lib:${LD_LIBRARY_PATH} PYTHONPATH=/home/d-lab/workspace/ros_ur_driver/install/control_msgs/lib/python3.8/site-packages:${PYTHONPATH} /usr/bin/cmake --install /home/d-lab/workspace/ros_ur_driver/build/ros2_control_demo_hardware
