[0.015s] Invoking command in '/home/d-lab/workspace/ros_ur_driver/build/moveit_ros_planning': AMENT_PREFIX_PATH=/home/d-lab/workspace/ros_ur_driver/install/moveit_ros_occupancy_map_monitor:/home/d-lab/workspace/ros_ur_driver/install/moveit_core:/home/d-lab/workspace/ros_ur_driver/install/srdfdom:/home/d-lab/workspace/ros_ur_driver/install/moveit_common:${AMENT_PREFIX_PATH} CMAKE_PREFIX_PATH=/home/d-lab/workspace/ros_ur_driver/install/moveit_ros_occupancy_map_monitor:/home/d-lab/workspace/ros_ur_driver/install/moveit_core:/home/d-lab/workspace/ros_ur_driver/install/srdfdom:/home/d-lab/workspace/ros_ur_driver/install/moveit_common:/home/d-lab/workspace/ros_ur_driver/install/ros2_controllers:/home/d-lab/workspace/ros_ur_driver/install/velocity_controllers:/home/d-lab/workspace/ros_ur_driver/install/ur_robot_driver:/home/d-lab/workspace/ros_ur_driver/install/ur_controllers:/home/d-lab/workspace/ros_ur_driver/install/ur_msgs:/home/d-lab/workspace/ros_ur_driver/install/ur_moveit_config:/home/d-lab/workspace/ros_ur_driver/install/ur_description:/home/d-lab/workspace/ros_ur_driver/install/ur_dashboard_msgs:/home/d-lab/workspace/ros_ur_driver/install/ur_client_library:/home/d-lab/workspace/ros_ur_driver/install/ur_bringup:/home/d-lab/workspace/ros_ur_driver/install/transmission_interface:/home/d-lab/workspace/ros_ur_driver/install/ros2_control_demos:/home/d-lab/workspace/ros_ur_driver/install/ros2_control_demo_bringup:/home/d-lab/workspace/ros_ur_driver/install/rrbot_description:/home/d-lab/workspace/ros_ur_driver/install/ros2_control:/home/d-lab/workspace/ros_ur_driver/install/controller_manager:/home/d-lab/workspace/ros_ur_driver/install/ros2_control_test_assets:/home/d-lab/workspace/ros_ur_driver/install/ros2_control_demo_hardware:/home/d-lab/workspace/ros_ur_driver/install/position_controllers:/home/d-lab/workspace/ros_ur_driver/install/joint_trajectory_controller:/home/d-lab/workspace/ros_ur_driver/install/joint_state_controller:/home/d-lab/workspace/ros_ur_driver/install/joint_state_broadcaster:/home/d-lab/workspace/ros_ur_driver/install/imu_sensor_broadcaster:/home/d-lab/workspace/ros_ur_driver/install/gripper_controllers:/home/d-lab/workspace/ros_ur_driver/install/effort_controllers:/home/d-lab/workspace/ros_ur_driver/install/forward_command_controller:/home/d-lab/workspace/ros_ur_driver/install/force_torque_sensor_broadcaster:/home/d-lab/workspace/ros_ur_driver/install/diff_drive_controller:/home/d-lab/workspace/ros_ur_driver/install/controller_interface:/home/d-lab/workspace/ros_ur_driver/install/hardware_interface:/home/d-lab/workspace/ros_ur_driver/install/diffbot_description:/home/d-lab/workspace/ros_ur_driver/install/controller_manager_msgs:/home/d-lab/workspace/ros_ur_driver/install/control_msgs:/home/d-lab/workspace/ros_ur_driver/install/ros2controlcli:/home/d-lab/workspace/ros_ur_driver/install/ros2_control_test_nodes:/opt/ros/foxy LD_LIBRARY_PATH=/home/d-lab/workspace/ros_ur_driver/install/moveit_ros_occupancy_map_monitor/lib:/home/d-lab/workspace/ros_ur_driver/install/moveit_core/lib:/home/d-lab/workspace/ros_ur_driver/install/srdfdom/lib:${LD_LIBRARY_PATH} PATH=/home/d-lab/workspace/ros_ur_driver/install/moveit_core/bin:${PATH} PYTHONPATH=/home/d-lab/workspace/ros_ur_driver/install/srdfdom/lib/python3.8/site-packages:${PYTHONPATH} /usr/bin/cmake /home/d-lab/workspace/ros_ur_driver/src/moveit2/moveit_ros/planning -DCMAKE_BUILD_TYPE=Release -DCMAKE_INSTALL_PREFIX=/home/d-lab/workspace/ros_ur_driver/install/moveit_ros_planning
[0.056s] -- The C compiler identification is GNU 9.4.0
[0.095s] -- The CXX compiler identification is GNU 9.4.0
[0.101s] -- Check for working C compiler: /usr/bin/cc
[0.152s] -- Check for working C compiler: /usr/bin/cc -- works
[0.152s] -- Detecting C compiler ABI info
[0.203s] -- Detecting C compiler ABI info - done
[0.210s] -- Detecting C compile features
[0.210s] -- Detecting C compile features - done
[0.212s] -- Check for working CXX compiler: /usr/bin/c++
[0.269s] -- Check for working CXX compiler: /usr/bin/c++ -- works
[0.269s] -- Detecting CXX compiler ABI info
[0.327s] -- Detecting CXX compiler ABI info - done
[0.334s] -- Detecting CXX compile features
[0.334s] -- Detecting CXX compile features - done
[0.335s] -- Found moveit_common: 2.2.3 (/home/d-lab/workspace/ros_ur_driver/install/moveit_common/share/moveit_common/cmake)
[0.338s] -- Found ament_cmake: 0.9.9 (/opt/ros/foxy/share/ament_cmake/cmake)
[0.357s] -- Found PythonInterp: /usr/bin/python3 (found suitable version "3.8.10", minimum required is "3") 
[0.357s] -- Using PYTHON_EXECUTABLE: /usr/bin/python3
[0.534s] -- Found moveit_msgs: 2.1.0 (/opt/ros/foxy/share/moveit_msgs/cmake)
[0.567s] -- Using all available rosidl_typesupport_c: rosidl_typesupport_fastrtps_c;rosidl_typesupport_introspection_c
[0.575s] -- Found rosidl_adapter: 1.2.1 (/opt/ros/foxy/share/rosidl_adapter/cmake)
[0.641s] -- Found OpenSSL: /usr/lib/x86_64-linux-gnu/libcrypto.so (found version "1.1.1f")  
[0.662s] -- Found FastRTPS: /opt/ros/foxy/include  
[0.724s] -- Using all available rosidl_typesupport_cpp: rosidl_typesupport_fastrtps_cpp;rosidl_typesupport_introspection_cpp
[1.568s] -- Found pluginlib: 2.5.4 (/opt/ros/foxy/share/pluginlib/cmake)
[1.593s] -- Found rclcpp: 2.4.1 (/opt/ros/foxy/share/rclcpp/cmake)
[1.631s] -- Found rmw_implementation_cmake: 1.0.3 (/opt/ros/foxy/share/rmw_implementation_cmake/cmake)
[1.633s] -- Using RMW implementation 'rmw_fastrtps_cpp' as default
[1.634s] -- Looking for pthread.h
[1.687s] -- Looking for pthread.h - found
[1.687s] -- Performing Test CMAKE_HAVE_LIBC_PTHREAD
[1.741s] -- Performing Test CMAKE_HAVE_LIBC_PTHREAD - Failed
[1.741s] -- Looking for pthread_create in pthreads
[1.788s] -- Looking for pthread_create in pthreads - not found
[1.788s] -- Looking for pthread_create in pthread
[1.840s] -- Looking for pthread_create in pthread - found
[1.840s] -- Found Threads: TRUE  
[1.936s] -- Found message_filters: 3.2.5 (/opt/ros/foxy/share/message_filters/cmake)
[1.938s] -- Found srdfdom: 2.0.4 (/home/d-lab/workspace/ros_ur_driver/install/srdfdom/share/srdfdom/cmake)
[1.963s] -- Found tf2: 0.13.13 (/opt/ros/foxy/share/tf2/cmake)
[1.971s] -- Found tf2_geometry_msgs: 0.13.13 (/opt/ros/foxy/share/tf2_geometry_msgs/cmake)
[1.979s] -- Found eigen3_cmake_module: 0.1.1 (/opt/ros/foxy/share/eigen3_cmake_module/cmake)
[1.982s] -- Found Eigen3: TRUE (found version "3.3.7") 
[2.186s] -- Found tf2_eigen: 0.13.13 (/opt/ros/foxy/share/tf2_eigen/cmake)
[2.189s] -- Found moveit_core: 2.2.3 (/home/d-lab/workspace/ros_ur_driver/install/moveit_core/share/moveit_core/cmake)
[2.224s] -- Found Boost: /usr/lib/x86_64-linux-gnu/cmake/Boost-1.71.0/BoostConfig.cmake (found version "1.71.0") found components: chrono date_time filesystem iostreams program_options regex serialization system thread 
[2.240s] -- Found Boost: /usr/lib/x86_64-linux-gnu/cmake/Boost-1.71.0/BoostConfig.cmake (found version "1.71.0") found components: filesystem 
[2.318s] -- library: /usr/lib/x86_64-linux-gnu/libcurl.so
[2.526s] -- Found moveit_ros_occupancy_map_monitor: 2.2.3 (/home/d-lab/workspace/ros_ur_driver/install/moveit_ros_occupancy_map_monitor/share/moveit_ros_occupancy_map_monitor/cmake)
[2.529s] -- Found Boost: /usr/lib/x86_64-linux-gnu/cmake/Boost-1.71.0/BoostConfig.cmake (found version "1.71.0") found components: thread 
[2.773s] -- Found Boost: /usr/lib/x86_64-linux-gnu/cmake/Boost-1.71.0/BoostConfig.cmake (found version "1.71.0") found components: system filesystem date_time program_options thread chrono 
[2.804s] -- Performing Test COMPILER_HAS_HIDDEN_VISIBILITY
[2.859s] -- Performing Test COMPILER_HAS_HIDDEN_VISIBILITY - Success
[2.860s] -- Performing Test COMPILER_HAS_HIDDEN_INLINE_VISIBILITY
[2.915s] -- Performing Test COMPILER_HAS_HIDDEN_INLINE_VISIBILITY - Success
[2.916s] -- Performing Test COMPILER_HAS_DEPRECATED_ATTR
[2.972s] -- Performing Test COMPILER_HAS_DEPRECATED_ATTR - Success
[3.000s] -- Found ament_cmake_gtest: 0.9.9 (/opt/ros/foxy/share/ament_cmake_gtest/cmake)
[3.002s] -- Found ament_cmake_gmock: 0.9.9 (/opt/ros/foxy/share/ament_cmake_gmock/cmake)
[3.005s] -- Found gmock sources under '/opt/ros/foxy/src/gmock_vendor': C++ tests using 'Google Mock' will be built
[3.009s] -- Found gtest sources under '/opt/ros/foxy/src/gtest_vendor': C++ tests using 'Google Test' will be built
[3.052s] -- Found ament_lint_auto: 0.9.6 (/opt/ros/foxy/share/ament_lint_auto/cmake)
[3.072s] -- Added test 'lint_cmake' to check CMake code style
[3.074s] -- Added test 'xmllint' to check XML markup files
[3.080s] -- Configuring done
[3.444s] -- Generating done
[3.447s] -- Build files have been written to: /home/d-lab/workspace/ros_ur_driver/build/moveit_ros_planning
[3.464s] Invoked command in '/home/d-lab/workspace/ros_ur_driver/build/moveit_ros_planning' returned '0': AMENT_PREFIX_PATH=/home/d-lab/workspace/ros_ur_driver/install/moveit_ros_occupancy_map_monitor:/home/d-lab/workspace/ros_ur_driver/install/moveit_core:/home/d-lab/workspace/ros_ur_driver/install/srdfdom:/home/d-lab/workspace/ros_ur_driver/install/moveit_common:${AMENT_PREFIX_PATH} CMAKE_PREFIX_PATH=/home/d-lab/workspace/ros_ur_driver/install/moveit_ros_occupancy_map_monitor:/home/d-lab/workspace/ros_ur_driver/install/moveit_core:/home/d-lab/workspace/ros_ur_driver/install/srdfdom:/home/d-lab/workspace/ros_ur_driver/install/moveit_common:/home/d-lab/workspace/ros_ur_driver/install/ros2_controllers:/home/d-lab/workspace/ros_ur_driver/install/velocity_controllers:/home/d-lab/workspace/ros_ur_driver/install/ur_robot_driver:/home/d-lab/workspace/ros_ur_driver/install/ur_controllers:/home/d-lab/workspace/ros_ur_driver/install/ur_msgs:/home/d-lab/workspace/ros_ur_driver/install/ur_moveit_config:/home/d-lab/workspace/ros_ur_driver/install/ur_description:/home/d-lab/workspace/ros_ur_driver/install/ur_dashboard_msgs:/home/d-lab/workspace/ros_ur_driver/install/ur_client_library:/home/d-lab/workspace/ros_ur_driver/install/ur_bringup:/home/d-lab/workspace/ros_ur_driver/install/transmission_interface:/home/d-lab/workspace/ros_ur_driver/install/ros2_control_demos:/home/d-lab/workspace/ros_ur_driver/install/ros2_control_demo_bringup:/home/d-lab/workspace/ros_ur_driver/install/rrbot_description:/home/d-lab/workspace/ros_ur_driver/install/ros2_control:/home/d-lab/workspace/ros_ur_driver/install/controller_manager:/home/d-lab/workspace/ros_ur_driver/install/ros2_control_test_assets:/home/d-lab/workspace/ros_ur_driver/install/ros2_control_demo_hardware:/home/d-lab/workspace/ros_ur_driver/install/position_controllers:/home/d-lab/workspace/ros_ur_driver/install/joint_trajectory_controller:/home/d-lab/workspace/ros_ur_driver/install/joint_state_controller:/home/d-lab/workspace/ros_ur_driver/install/joint_state_broadcaster:/home/d-lab/workspace/ros_ur_driver/install/imu_sensor_broadcaster:/home/d-lab/workspace/ros_ur_driver/install/gripper_controllers:/home/d-lab/workspace/ros_ur_driver/install/effort_controllers:/home/d-lab/workspace/ros_ur_driver/install/forward_command_controller:/home/d-lab/workspace/ros_ur_driver/install/force_torque_sensor_broadcaster:/home/d-lab/workspace/ros_ur_driver/install/diff_drive_controller:/home/d-lab/workspace/ros_ur_driver/install/controller_interface:/home/d-lab/workspace/ros_ur_driver/install/hardware_interface:/home/d-lab/workspace/ros_ur_driver/install/diffbot_description:/home/d-lab/workspace/ros_ur_driver/install/controller_manager_msgs:/home/d-lab/workspace/ros_ur_driver/install/control_msgs:/home/d-lab/workspace/ros_ur_driver/install/ros2controlcli:/home/d-lab/workspace/ros_ur_driver/install/ros2_control_test_nodes:/opt/ros/foxy LD_LIBRARY_PATH=/home/d-lab/workspace/ros_ur_driver/install/moveit_ros_occupancy_map_monitor/lib:/home/d-lab/workspace/ros_ur_driver/install/moveit_core/lib:/home/d-lab/workspace/ros_ur_driver/install/srdfdom/lib:${LD_LIBRARY_PATH} PATH=/home/d-lab/workspace/ros_ur_driver/install/moveit_core/bin:${PATH} PYTHONPATH=/home/d-lab/workspace/ros_ur_driver/install/srdfdom/lib/python3.8/site-packages:${PYTHONPATH} /usr/bin/cmake /home/d-lab/workspace/ros_ur_driver/src/moveit2/moveit_ros/planning -DCMAKE_BUILD_TYPE=Release -DCMAKE_INSTALL_PREFIX=/home/d-lab/workspace/ros_ur_driver/install/moveit_ros_planning
[3.466s] Invoking command in '/home/d-lab/workspace/ros_ur_driver/build/moveit_ros_planning': AMENT_PREFIX_PATH=/home/d-lab/workspace/ros_ur_driver/install/moveit_ros_occupancy_map_monitor:/home/d-lab/workspace/ros_ur_driver/install/moveit_core:/home/d-lab/workspace/ros_ur_driver/install/srdfdom:/home/d-lab/workspace/ros_ur_driver/install/moveit_common:${AMENT_PREFIX_PATH} CMAKE_PREFIX_PATH=/home/d-lab/workspace/ros_ur_driver/install/moveit_ros_occupancy_map_monitor:/home/d-lab/workspace/ros_ur_driver/install/moveit_core:/home/d-lab/workspace/ros_ur_driver/install/srdfdom:/home/d-lab/workspace/ros_ur_driver/install/moveit_common:/home/d-lab/workspace/ros_ur_driver/install/ros2_controllers:/home/d-lab/workspace/ros_ur_driver/install/velocity_controllers:/home/d-lab/workspace/ros_ur_driver/install/ur_robot_driver:/home/d-lab/workspace/ros_ur_driver/install/ur_controllers:/home/d-lab/workspace/ros_ur_driver/install/ur_msgs:/home/d-lab/workspace/ros_ur_driver/install/ur_moveit_config:/home/d-lab/workspace/ros_ur_driver/install/ur_description:/home/d-lab/workspace/ros_ur_driver/install/ur_dashboard_msgs:/home/d-lab/workspace/ros_ur_driver/install/ur_client_library:/home/d-lab/workspace/ros_ur_driver/install/ur_bringup:/home/d-lab/workspace/ros_ur_driver/install/transmission_interface:/home/d-lab/workspace/ros_ur_driver/install/ros2_control_demos:/home/d-lab/workspace/ros_ur_driver/install/ros2_control_demo_bringup:/home/d-lab/workspace/ros_ur_driver/install/rrbot_description:/home/d-lab/workspace/ros_ur_driver/install/ros2_control:/home/d-lab/workspace/ros_ur_driver/install/controller_manager:/home/d-lab/workspace/ros_ur_driver/install/ros2_control_test_assets:/home/d-lab/workspace/ros_ur_driver/install/ros2_control_demo_hardware:/home/d-lab/workspace/ros_ur_driver/install/position_controllers:/home/d-lab/workspace/ros_ur_driver/install/joint_trajectory_controller:/home/d-lab/workspace/ros_ur_driver/install/joint_state_controller:/home/d-lab/workspace/ros_ur_driver/install/joint_state_broadcaster:/home/d-lab/workspace/ros_ur_driver/install/imu_sensor_broadcaster:/home/d-lab/workspace/ros_ur_driver/install/gripper_controllers:/home/d-lab/workspace/ros_ur_driver/install/effort_controllers:/home/d-lab/workspace/ros_ur_driver/install/forward_command_controller:/home/d-lab/workspace/ros_ur_driver/install/force_torque_sensor_broadcaster:/home/d-lab/workspace/ros_ur_driver/install/diff_drive_controller:/home/d-lab/workspace/ros_ur_driver/install/controller_interface:/home/d-lab/workspace/ros_ur_driver/install/hardware_interface:/home/d-lab/workspace/ros_ur_driver/install/diffbot_description:/home/d-lab/workspace/ros_ur_driver/install/controller_manager_msgs:/home/d-lab/workspace/ros_ur_driver/install/control_msgs:/home/d-lab/workspace/ros_ur_driver/install/ros2controlcli:/home/d-lab/workspace/ros_ur_driver/install/ros2_control_test_nodes:/opt/ros/foxy LD_LIBRARY_PATH=/home/d-lab/workspace/ros_ur_driver/install/moveit_ros_occupancy_map_monitor/lib:/home/d-lab/workspace/ros_ur_driver/install/moveit_core/lib:/home/d-lab/workspace/ros_ur_driver/install/srdfdom/lib:${LD_LIBRARY_PATH} PATH=/home/d-lab/workspace/ros_ur_driver/install/moveit_core/bin:${PATH} PYTHONPATH=/home/d-lab/workspace/ros_ur_driver/install/srdfdom/lib/python3.8/site-packages:${PYTHONPATH} /usr/bin/cmake --build /home/d-lab/workspace/ros_ur_driver/build/moveit_ros_planning -- -j16 -l16
[3.501s] [35m[1mScanning dependencies of target gmock[0m
[3.501s] [35m[1mScanning dependencies of target moveit_planning_pipeline[0m
[3.501s] [35m[1mScanning dependencies of target moveit_collision_plugin_loader[0m
[3.501s] [35m[1mScanning dependencies of target moveit_rdf_loader[0m
[3.502s] [35m[1mScanning dependencies of target gmock_main[0m
[3.502s] [35m[1mScanning dependencies of target moveit_default_planning_request_adapter_plugins[0m
[3.505s] [35m[1mScanning dependencies of target moveit_list_request_adapter_plugins[0m
[3.517s] [  1%] [32mBuilding CXX object gmock/CMakeFiles/gmock_main.dir/src/gmock_main.cc.o[0m
[3.521s] [  3%] [32mBuilding CXX object gmock/CMakeFiles/gmock.dir/opt/ros/foxy/src/gtest_vendor/src/gtest-all.cc.o[0m
[3.525s] [  4%] [32mBuilding CXX object gmock/CMakeFiles/gmock.dir/src/gmock-all.cc.o[0m
[3.538s] [  6%] [32mBuilding CXX object rdf_loader/CMakeFiles/moveit_rdf_loader.dir/src/rdf_loader.cpp.o[0m
[3.569s] [  8%] [32mBuilding CXX object planning_pipeline/CMakeFiles/moveit_planning_pipeline.dir/src/planning_pipeline.cpp.o[0m
[3.576s] [  9%] [32mBuilding CXX object collision_plugin_loader/CMakeFiles/moveit_collision_plugin_loader.dir/src/collision_plugin_loader.cpp.o[0m
[3.605s] [ 11%] [32mBuilding CXX object planning_request_adapter_plugins/CMakeFiles/moveit_list_request_adapter_plugins.dir/src/list.cpp.o[0m
[3.629s] [ 16%] [32mBuilding CXX object planning_request_adapter_plugins/CMakeFiles/moveit_default_planning_request_adapter_plugins.dir/src/fix_start_state_bounds.cpp.o[0m
[3.629s] [ 17%] [32mBuilding CXX object planning_request_adapter_plugins/CMakeFiles/moveit_default_planning_request_adapter_plugins.dir/src/fix_start_state_collision.cpp.o[0m
[3.629s] [ 19%] [32mBuilding CXX object planning_request_adapter_plugins/CMakeFiles/moveit_default_planning_request_adapter_plugins.dir/src/add_time_parameterization.cpp.o[0m
[3.629s] [ 16%] [32mBuilding CXX object planning_request_adapter_plugins/CMakeFiles/moveit_default_planning_request_adapter_plugins.dir/src/fix_start_state_path_constraints.cpp.o[0m
[3.630s] [ 16%] [32mBuilding CXX object planning_request_adapter_plugins/CMakeFiles/moveit_default_planning_request_adapter_plugins.dir/src/empty.cpp.o[0m
[3.631s] [ 20%] [32mBuilding CXX object planning_request_adapter_plugins/CMakeFiles/moveit_default_planning_request_adapter_plugins.dir/src/add_time_optimal_parameterization.cpp.o[0m
[3.631s] [ 22%] [32mBuilding CXX object planning_request_adapter_plugins/CMakeFiles/moveit_default_planning_request_adapter_plugins.dir/src/add_iterative_spline_parameterization.cpp.o[0m
[3.637s] [ 24%] [32mBuilding CXX object planning_request_adapter_plugins/CMakeFiles/moveit_default_planning_request_adapter_plugins.dir/src/fix_workspace_bounds.cpp.o[0m
[3.639s] [ 25%] [32mBuilding CXX object planning_request_adapter_plugins/CMakeFiles/moveit_default_planning_request_adapter_plugins.dir/src/resolve_constraint_frames.cpp.o[0m
[4.551s] [ 27%] [32m[1mLinking CXX static library libgmock_main.a[0m
[4.682s] [ 27%] Built target gmock_main
[11.025s] [ 29%] [32m[1mLinking CXX shared library libmoveit_rdf_loader.so[0m
[11.247s] [ 29%] Built target moveit_rdf_loader
[11.263s] [35m[1mScanning dependencies of target moveit_kinematics_plugin_loader[0m
[11.263s] [35m[1mScanning dependencies of target moveit_constraint_sampler_manager_loader[0m
[11.352s] [ 30%] [32mBuilding CXX object kinematics_plugin_loader/CMakeFiles/moveit_kinematics_plugin_loader.dir/src/kinematics_plugin_loader.cpp.o[0m
[11.369s] [ 32%] [32mBuilding CXX object constraint_sampler_manager_loader/CMakeFiles/moveit_constraint_sampler_manager_loader.dir/src/constraint_sampler_manager_loader.cpp.o[0m
[12.253s] [ 33%] [32m[1mLinking CXX static library libgmock.a[0m
[12.285s] [ 33%] Built target gmock
[12.422s] [ 35%] [32m[1mLinking CXX shared library libmoveit_default_planning_request_adapter_plugins.so[0m
[12.588s] [ 35%] Built target moveit_default_planning_request_adapter_plugins
[14.488s] [ 37%] [32m[1mLinking CXX executable moveit_list_request_adapter_plugins[0m
[14.497s] [ 38%] [32m[1mLinking CXX shared library libmoveit_collision_plugin_loader.so[0m
[14.624s] [ 38%] Built target moveit_list_request_adapter_plugins
[14.639s] [ 38%] Built target moveit_collision_plugin_loader
[17.826s] [ 40%] [32m[1mLinking CXX shared library libmoveit_planning_pipeline.so[0m
[17.995s] [ 40%] Built target moveit_planning_pipeline
[18.736s] [ 41%] [32m[1mLinking CXX shared library libmoveit_constraint_sampler_manager_loader.so[0m
[18.873s] [ 41%] Built target moveit_constraint_sampler_manager_loader
[20.347s] [ 43%] [32m[1mLinking CXX shared library libmoveit_kinematics_plugin_loader.so[0m
[20.492s] [ 43%] Built target moveit_kinematics_plugin_loader
[20.508s] [35m[1mScanning dependencies of target moveit_robot_model_loader[0m
[20.550s] [ 45%] [32mBuilding CXX object robot_model_loader/CMakeFiles/moveit_robot_model_loader.dir/src/robot_model_loader.cpp.o[0m
[25.464s] [ 46%] [32m[1mLinking CXX shared library libmoveit_robot_model_loader.so[0m
[25.600s] [ 46%] Built target moveit_robot_model_loader
[25.609s] [35m[1mScanning dependencies of target moveit_planning_scene_monitor[0m
[25.609s] [35m[1mScanning dependencies of target moveit_print_planning_model_info[0m
[25.609s] [35m[1mScanning dependencies of target moveit_evaluate_state_operations_speed[0m
[25.609s] [35m[1mScanning dependencies of target moveit_kinematics_speed_and_validity_evaluator[0m
[25.656s] [ 48%] [32mBuilding CXX object planning_components_tools/CMakeFiles/moveit_print_planning_model_info.dir/src/print_planning_model_info.cpp.o[0m
[25.657s] [ 50%] [32mBuilding CXX object planning_components_tools/CMakeFiles/moveit_evaluate_state_operations_speed.dir/src/evaluate_state_operations_speed.cpp.o[0m
[25.657s] [ 51%] [32mBuilding CXX object planning_components_tools/CMakeFiles/moveit_kinematics_speed_and_validity_evaluator.dir/src/kinematics_speed_and_validity_evaluator.cpp.o[0m
[25.694s] [ 54%] [32mBuilding CXX object planning_scene_monitor/CMakeFiles/moveit_planning_scene_monitor.dir/src/current_state_monitor.cpp.o[0m
[25.694s] [ 54%] [32mBuilding CXX object planning_scene_monitor/CMakeFiles/moveit_planning_scene_monitor.dir/src/planning_scene_monitor.cpp.o[0m
[25.694s] [ 56%] [32mBuilding CXX object planning_scene_monitor/CMakeFiles/moveit_planning_scene_monitor.dir/src/current_state_monitor_middleware_handle.cpp.o[0m
[25.694s] [ 58%] [32mBuilding CXX object planning_scene_monitor/CMakeFiles/moveit_planning_scene_monitor.dir/src/trajectory_monitor.cpp.o[0m
[28.754s] [ 59%] [32m[1mLinking CXX executable moveit_print_planning_model_info[0m
[28.941s] [ 59%] Built target moveit_print_planning_model_info
[30.885s] [ 61%] [32m[1mLinking CXX executable moveit_evaluate_state_operations_speed[0m
[31.071s] [ 61%] Built target moveit_evaluate_state_operations_speed
[31.431s] [ 62%] [32m[1mLinking CXX executable moveit_kinematics_speed_and_validity_evaluator[0m
[31.605s] [ 62%] Built target moveit_kinematics_speed_and_validity_evaluator
[43.213s] [ 64%] [32m[1mLinking CXX shared library libmoveit_planning_scene_monitor.so[0m
[43.436s] [ 64%] Built target moveit_planning_scene_monitor
[43.447s] [35m[1mScanning dependencies of target moveit_display_random_state[0m
[43.447s] [35m[1mScanning dependencies of target current_state_monitor_tests[0m
[43.447s] [35m[1mScanning dependencies of target demo_scene[0m
[43.447s] [35m[1mScanning dependencies of target moveit_print_planning_scene_info[0m
[43.447s] [35m[1mScanning dependencies of target moveit_visualize_robot_collision_volume[0m
[43.447s] [35m[1mScanning dependencies of target moveit_publish_scene_from_text[0m
[43.447s] [35m[1mScanning dependencies of target moveit_evaluate_collision_checking_speed[0m
[43.447s] [35m[1mScanning dependencies of target moveit_trajectory_execution_manager[0m
[43.511s] [ 66%] [32mBuilding CXX object trajectory_execution_manager/CMakeFiles/moveit_trajectory_execution_manager.dir/src/trajectory_execution_manager.cpp.o[0m
[43.515s] [ 67%] [32mBuilding CXX object planning_components_tools/CMakeFiles/moveit_visualize_robot_collision_volume.dir/src/visualize_robot_collision_volume.cpp.o[0m
[43.516s] [ 69%] [32mBuilding CXX object planning_scene_monitor/CMakeFiles/current_state_monitor_tests.dir/test/current_state_monitor_tests.cpp.o[0m
[43.516s] [ 70%] [32mBuilding CXX object planning_components_tools/CMakeFiles/moveit_evaluate_collision_checking_speed.dir/src/evaluate_collision_checking_speed.cpp.o[0m
[43.516s] [ 74%] [32mBuilding CXX object planning_components_tools/CMakeFiles/moveit_display_random_state.dir/src/display_random_state.cpp.o[0m
[43.516s] [ 74%] [32mBuilding CXX object planning_components_tools/CMakeFiles/moveit_publish_scene_from_text.dir/src/publish_scene_from_text.cpp.o[0m
[43.517s] [ 75%] [32mBuilding CXX object planning_components_tools/CMakeFiles/moveit_print_planning_scene_info.dir/src/print_planning_scene_info.cpp.o[0m
[43.517s] [ 77%] [32mBuilding CXX object planning_scene_monitor/CMakeFiles/demo_scene.dir/demos/demo_scene.cpp.o[0m
[49.491s] [ 79%] [32m[1mLinking CXX executable current_state_monitor_tests[0m
[49.818s] [ 79%] Built target current_state_monitor_tests
[49.849s] [ 80%] [32m[1mLinking CXX executable moveit_print_planning_scene_info[0m
[50.105s] [ 80%] Built target moveit_print_planning_scene_info
[51.161s] [ 82%] [32m[1mLinking CXX executable demo_scene[0m
[51.300s] [ 82%] Built target demo_scene
[51.379s] [ 83%] [32m[1mLinking CXX executable moveit_display_random_state[0m
[51.620s] [ 83%] Built target moveit_display_random_state
[51.760s] [ 85%] [32m[1mLinking CXX executable moveit_publish_scene_from_text[0m
[51.791s] [ 87%] [32m[1mLinking CXX executable moveit_evaluate_collision_checking_speed[0m
[52.002s] [ 87%] Built target moveit_publish_scene_from_text
[52.044s] [ 87%] Built target moveit_evaluate_collision_checking_speed
[53.380s] [ 88%] [32m[1mLinking CXX executable moveit_visualize_robot_collision_volume[0m
[53.616s] [ 88%] Built target moveit_visualize_robot_collision_volume
[58.662s] [ 90%] [32m[1mLinking CXX shared library libmoveit_trajectory_execution_manager.so[0m
[58.855s] [ 90%] Built target moveit_trajectory_execution_manager
[58.866s] [35m[1mScanning dependencies of target moveit_plan_execution[0m
[58.866s] [35m[1mScanning dependencies of target moveit_cpp[0m
[58.935s] [ 93%] [32mBuilding CXX object plan_execution/CMakeFiles/moveit_plan_execution.dir/src/plan_with_sensing.cpp.o[0m
[58.935s] [ 93%] [32mBuilding CXX object plan_execution/CMakeFiles/moveit_plan_execution.dir/src/plan_execution.cpp.o[0m
[58.938s] [ 95%] [32mBuilding CXX object moveit_cpp/CMakeFiles/moveit_cpp.dir/src/moveit_cpp.cpp.o[0m
[58.938s] [ 96%] [32mBuilding CXX object moveit_cpp/CMakeFiles/moveit_cpp.dir/src/planning_component.cpp.o[0m
[68.877s] [ 98%] [32m[1mLinking CXX shared library libmoveit_cpp.so[0m
[69.068s] [ 98%] Built target moveit_cpp
[69.527s] [100%] [32m[1mLinking CXX shared library libmoveit_plan_execution.so[0m
[69.715s] [100%] Built target moveit_plan_execution
[69.729s] Invoked command in '/home/d-lab/workspace/ros_ur_driver/build/moveit_ros_planning' returned '0': AMENT_PREFIX_PATH=/home/d-lab/workspace/ros_ur_driver/install/moveit_ros_occupancy_map_monitor:/home/d-lab/workspace/ros_ur_driver/install/moveit_core:/home/d-lab/workspace/ros_ur_driver/install/srdfdom:/home/d-lab/workspace/ros_ur_driver/install/moveit_common:${AMENT_PREFIX_PATH} CMAKE_PREFIX_PATH=/home/d-lab/workspace/ros_ur_driver/install/moveit_ros_occupancy_map_monitor:/home/d-lab/workspace/ros_ur_driver/install/moveit_core:/home/d-lab/workspace/ros_ur_driver/install/srdfdom:/home/d-lab/workspace/ros_ur_driver/install/moveit_common:/home/d-lab/workspace/ros_ur_driver/install/ros2_controllers:/home/d-lab/workspace/ros_ur_driver/install/velocity_controllers:/home/d-lab/workspace/ros_ur_driver/install/ur_robot_driver:/home/d-lab/workspace/ros_ur_driver/install/ur_controllers:/home/d-lab/workspace/ros_ur_driver/install/ur_msgs:/home/d-lab/workspace/ros_ur_driver/install/ur_moveit_config:/home/d-lab/workspace/ros_ur_driver/install/ur_description:/home/d-lab/workspace/ros_ur_driver/install/ur_dashboard_msgs:/home/d-lab/workspace/ros_ur_driver/install/ur_client_library:/home/d-lab/workspace/ros_ur_driver/install/ur_bringup:/home/d-lab/workspace/ros_ur_driver/install/transmission_interface:/home/d-lab/workspace/ros_ur_driver/install/ros2_control_demos:/home/d-lab/workspace/ros_ur_driver/install/ros2_control_demo_bringup:/home/d-lab/workspace/ros_ur_driver/install/rrbot_description:/home/d-lab/workspace/ros_ur_driver/install/ros2_control:/home/d-lab/workspace/ros_ur_driver/install/controller_manager:/home/d-lab/workspace/ros_ur_driver/install/ros2_control_test_assets:/home/d-lab/workspace/ros_ur_driver/install/ros2_control_demo_hardware:/home/d-lab/workspace/ros_ur_driver/install/position_controllers:/home/d-lab/workspace/ros_ur_driver/install/joint_trajectory_controller:/home/d-lab/workspace/ros_ur_driver/install/joint_state_controller:/home/d-lab/workspace/ros_ur_driver/install/joint_state_broadcaster:/home/d-lab/workspace/ros_ur_driver/install/imu_sensor_broadcaster:/home/d-lab/workspace/ros_ur_driver/install/gripper_controllers:/home/d-lab/workspace/ros_ur_driver/install/effort_controllers:/home/d-lab/workspace/ros_ur_driver/install/forward_command_controller:/home/d-lab/workspace/ros_ur_driver/install/force_torque_sensor_broadcaster:/home/d-lab/workspace/ros_ur_driver/install/diff_drive_controller:/home/d-lab/workspace/ros_ur_driver/install/controller_interface:/home/d-lab/workspace/ros_ur_driver/install/hardware_interface:/home/d-lab/workspace/ros_ur_driver/install/diffbot_description:/home/d-lab/workspace/ros_ur_driver/install/controller_manager_msgs:/home/d-lab/workspace/ros_ur_driver/install/control_msgs:/home/d-lab/workspace/ros_ur_driver/install/ros2controlcli:/home/d-lab/workspace/ros_ur_driver/install/ros2_control_test_nodes:/opt/ros/foxy LD_LIBRARY_PATH=/home/d-lab/workspace/ros_ur_driver/install/moveit_ros_occupancy_map_monitor/lib:/home/d-lab/workspace/ros_ur_driver/install/moveit_core/lib:/home/d-lab/workspace/ros_ur_driver/install/srdfdom/lib:${LD_LIBRARY_PATH} PATH=/home/d-lab/workspace/ros_ur_driver/install/moveit_core/bin:${PATH} PYTHONPATH=/home/d-lab/workspace/ros_ur_driver/install/srdfdom/lib/python3.8/site-packages:${PYTHONPATH} /usr/bin/cmake --build /home/d-lab/workspace/ros_ur_driver/build/moveit_ros_planning -- -j16 -l16
[69.784s] Invoking command in '/home/d-lab/workspace/ros_ur_driver/build/moveit_ros_planning': AMENT_PREFIX_PATH=/home/d-lab/workspace/ros_ur_driver/install/moveit_ros_occupancy_map_monitor:/home/d-lab/workspace/ros_ur_driver/install/moveit_core:/home/d-lab/workspace/ros_ur_driver/install/srdfdom:/home/d-lab/workspace/ros_ur_driver/install/moveit_common:${AMENT_PREFIX_PATH} CMAKE_PREFIX_PATH=/home/d-lab/workspace/ros_ur_driver/install/moveit_ros_occupancy_map_monitor:/home/d-lab/workspace/ros_ur_driver/install/moveit_core:/home/d-lab/workspace/ros_ur_driver/install/srdfdom:/home/d-lab/workspace/ros_ur_driver/install/moveit_common:/home/d-lab/workspace/ros_ur_driver/install/ros2_controllers:/home/d-lab/workspace/ros_ur_driver/install/velocity_controllers:/home/d-lab/workspace/ros_ur_driver/install/ur_robot_driver:/home/d-lab/workspace/ros_ur_driver/install/ur_controllers:/home/d-lab/workspace/ros_ur_driver/install/ur_msgs:/home/d-lab/workspace/ros_ur_driver/install/ur_moveit_config:/home/d-lab/workspace/ros_ur_driver/install/ur_description:/home/d-lab/workspace/ros_ur_driver/install/ur_dashboard_msgs:/home/d-lab/workspace/ros_ur_driver/install/ur_client_library:/home/d-lab/workspace/ros_ur_driver/install/ur_bringup:/home/d-lab/workspace/ros_ur_driver/install/transmission_interface:/home/d-lab/workspace/ros_ur_driver/install/ros2_control_demos:/home/d-lab/workspace/ros_ur_driver/install/ros2_control_demo_bringup:/home/d-lab/workspace/ros_ur_driver/install/rrbot_description:/home/d-lab/workspace/ros_ur_driver/install/ros2_control:/home/d-lab/workspace/ros_ur_driver/install/controller_manager:/home/d-lab/workspace/ros_ur_driver/install/ros2_control_test_assets:/home/d-lab/workspace/ros_ur_driver/install/ros2_control_demo_hardware:/home/d-lab/workspace/ros_ur_driver/install/position_controllers:/home/d-lab/workspace/ros_ur_driver/install/joint_trajectory_controller:/home/d-lab/workspace/ros_ur_driver/install/joint_state_controller:/home/d-lab/workspace/ros_ur_driver/install/joint_state_broadcaster:/home/d-lab/workspace/ros_ur_driver/install/imu_sensor_broadcaster:/home/d-lab/workspace/ros_ur_driver/install/gripper_controllers:/home/d-lab/workspace/ros_ur_driver/install/effort_controllers:/home/d-lab/workspace/ros_ur_driver/install/forward_command_controller:/home/d-lab/workspace/ros_ur_driver/install/force_torque_sensor_broadcaster:/home/d-lab/workspace/ros_ur_driver/install/diff_drive_controller:/home/d-lab/workspace/ros_ur_driver/install/controller_interface:/home/d-lab/workspace/ros_ur_driver/install/hardware_interface:/home/d-lab/workspace/ros_ur_driver/install/diffbot_description:/home/d-lab/workspace/ros_ur_driver/install/controller_manager_msgs:/home/d-lab/workspace/ros_ur_driver/install/control_msgs:/home/d-lab/workspace/ros_ur_driver/install/ros2controlcli:/home/d-lab/workspace/ros_ur_driver/install/ros2_control_test_nodes:/opt/ros/foxy LD_LIBRARY_PATH=/home/d-lab/workspace/ros_ur_driver/install/moveit_ros_occupancy_map_monitor/lib:/home/d-lab/workspace/ros_ur_driver/install/moveit_core/lib:/home/d-lab/workspace/ros_ur_driver/install/srdfdom/lib:${LD_LIBRARY_PATH} PATH=/home/d-lab/workspace/ros_ur_driver/install/moveit_core/bin:${PATH} PYTHONPATH=/home/d-lab/workspace/ros_ur_driver/install/srdfdom/lib/python3.8/site-packages:${PYTHONPATH} /usr/bin/cmake --install /home/d-lab/workspace/ros_ur_driver/build/moveit_ros_planning
[69.790s] -- Install configuration: "Release"
[69.790s] -- Installing: /home/d-lab/workspace/ros_ur_driver/install/moveit_ros_planning/lib/libmoveit_rdf_loader.so.2.2.3
[69.791s] -- Set runtime path of "/home/d-lab/workspace/ros_ur_driver/install/moveit_ros_planning/lib/libmoveit_rdf_loader.so.2.2.3" to ""
[69.791s] -- Installing: /home/d-lab/workspace/ros_ur_driver/install/moveit_ros_planning/lib/libmoveit_rdf_loader.so
[69.791s] -- Installing: /home/d-lab/workspace/ros_ur_driver/install/moveit_ros_planning/lib/libmoveit_kinematics_plugin_loader.so.2.2.3
[69.792s] -- Set runtime path of "/home/d-lab/workspace/ros_ur_driver/install/moveit_ros_planning/lib/libmoveit_kinematics_plugin_loader.so.2.2.3" to ""
[69.792s] -- Installing: /home/d-lab/workspace/ros_ur_driver/install/moveit_ros_planning/lib/libmoveit_kinematics_plugin_loader.so
[69.792s] -- Installing: /home/d-lab/workspace/ros_ur_driver/install/moveit_ros_planning/lib/libmoveit_robot_model_loader.so.2.2.3
[69.792s] -- Set runtime path of "/home/d-lab/workspace/ros_ur_driver/install/moveit_ros_planning/lib/libmoveit_robot_model_loader.so.2.2.3" to ""
[69.792s] -- Installing: /home/d-lab/workspace/ros_ur_driver/install/moveit_ros_planning/lib/libmoveit_robot_model_loader.so
[69.792s] -- Installing: /home/d-lab/workspace/ros_ur_driver/install/moveit_ros_planning/lib/libmoveit_constraint_sampler_manager_loader.so.2.2.3
[69.793s] -- Set runtime path of "/home/d-lab/workspace/ros_ur_driver/install/moveit_ros_planning/lib/libmoveit_constraint_sampler_manager_loader.so.2.2.3" to ""
[69.793s] -- Installing: /home/d-lab/workspace/ros_ur_driver/install/moveit_ros_planning/lib/libmoveit_constraint_sampler_manager_loader.so
[69.793s] -- Installing: /home/d-lab/workspace/ros_ur_driver/install/moveit_ros_planning/lib/libmoveit_planning_pipeline.so.2.2.3
[69.794s] -- Set runtime path of "/home/d-lab/workspace/ros_ur_driver/install/moveit_ros_planning/lib/libmoveit_planning_pipeline.so.2.2.3" to ""
[69.794s] -- Installing: /home/d-lab/workspace/ros_ur_driver/install/moveit_ros_planning/lib/libmoveit_planning_pipeline.so
[69.794s] -- Installing: /home/d-lab/workspace/ros_ur_driver/install/moveit_ros_planning/lib/libmoveit_trajectory_execution_manager.so.2.2.3
[69.795s] -- Set runtime path of "/home/d-lab/workspace/ros_ur_driver/install/moveit_ros_planning/lib/libmoveit_trajectory_execution_manager.so.2.2.3" to ""
[69.795s] -- Installing: /home/d-lab/workspace/ros_ur_driver/install/moveit_ros_planning/lib/libmoveit_trajectory_execution_manager.so
[69.795s] -- Installing: /home/d-lab/workspace/ros_ur_driver/install/moveit_ros_planning/lib/libmoveit_plan_execution.so.2.2.3
[69.795s] -- Set runtime path of "/home/d-lab/workspace/ros_ur_driver/install/moveit_ros_planning/lib/libmoveit_plan_execution.so.2.2.3" to ""
[69.795s] -- Installing: /home/d-lab/workspace/ros_ur_driver/install/moveit_ros_planning/lib/libmoveit_plan_execution.so
[69.795s] -- Installing: /home/d-lab/workspace/ros_ur_driver/install/moveit_ros_planning/lib/libmoveit_planning_scene_monitor.so.2.2.3
[69.797s] -- Set runtime path of "/home/d-lab/workspace/ros_ur_driver/install/moveit_ros_planning/lib/libmoveit_planning_scene_monitor.so.2.2.3" to ""
[69.797s] -- Installing: /home/d-lab/workspace/ros_ur_driver/install/moveit_ros_planning/lib/libmoveit_planning_scene_monitor.so
[69.797s] -- Installing: /home/d-lab/workspace/ros_ur_driver/install/moveit_ros_planning/lib/libmoveit_collision_plugin_loader.so.2.2.3
[69.797s] -- Set runtime path of "/home/d-lab/workspace/ros_ur_driver/install/moveit_ros_planning/lib/libmoveit_collision_plugin_loader.so.2.2.3" to ""
[69.797s] -- Installing: /home/d-lab/workspace/ros_ur_driver/install/moveit_ros_planning/lib/libmoveit_collision_plugin_loader.so
[69.797s] -- Installing: /home/d-lab/workspace/ros_ur_driver/install/moveit_ros_planning/lib/libmoveit_default_planning_request_adapter_plugins.so.2.2.3
[69.798s] -- Set runtime path of "/home/d-lab/workspace/ros_ur_driver/install/moveit_ros_planning/lib/libmoveit_default_planning_request_adapter_plugins.so.2.2.3" to ""
[69.798s] -- Installing: /home/d-lab/workspace/ros_ur_driver/install/moveit_ros_planning/lib/libmoveit_default_planning_request_adapter_plugins.so
[69.798s] -- Installing: /home/d-lab/workspace/ros_ur_driver/install/moveit_ros_planning/lib/libmoveit_cpp.so.2.2.3
[69.799s] -- Set runtime path of "/home/d-lab/workspace/ros_ur_driver/install/moveit_ros_planning/lib/libmoveit_cpp.so.2.2.3" to ""
[69.799s] -- Installing: /home/d-lab/workspace/ros_ur_driver/install/moveit_ros_planning/lib/libmoveit_cpp.so
[69.799s] -- Installing: /home/d-lab/workspace/ros_ur_driver/install/moveit_ros_planning/share/moveit_ros_planning/environment/library_path.sh
[69.799s] -- Installing: /home/d-lab/workspace/ros_ur_driver/install/moveit_ros_planning/share/moveit_ros_planning/environment/library_path.dsv
[69.799s] -- Installing: /home/d-lab/workspace/ros_ur_driver/install/moveit_ros_planning/share/moveit_ros_planning/planning_request_adapters_plugin_description.xml
[69.799s] -- Installing: /home/d-lab/workspace/ros_ur_driver/install/moveit_ros_planning/share/ament_index/resource_index/package_run_dependencies/moveit_ros_planning
[69.799s] -- Installing: /home/d-lab/workspace/ros_ur_driver/install/moveit_ros_planning/share/ament_index/resource_index/parent_prefix_path/moveit_ros_planning
[69.799s] -- Installing: /home/d-lab/workspace/ros_ur_driver/install/moveit_ros_planning/share/moveit_ros_planning/environment/ament_prefix_path.sh
[69.799s] -- Installing: /home/d-lab/workspace/ros_ur_driver/install/moveit_ros_planning/share/moveit_ros_planning/environment/ament_prefix_path.dsv
[69.799s] -- Installing: /home/d-lab/workspace/ros_ur_driver/install/moveit_ros_planning/share/moveit_ros_planning/environment/path.sh
[69.799s] -- Installing: /home/d-lab/workspace/ros_ur_driver/install/moveit_ros_planning/share/moveit_ros_planning/environment/path.dsv
[69.799s] -- Installing: /home/d-lab/workspace/ros_ur_driver/install/moveit_ros_planning/share/moveit_ros_planning/local_setup.bash
[69.799s] -- Installing: /home/d-lab/workspace/ros_ur_driver/install/moveit_ros_planning/share/moveit_ros_planning/local_setup.sh
[69.800s] -- Installing: /home/d-lab/workspace/ros_ur_driver/install/moveit_ros_planning/share/moveit_ros_planning/local_setup.zsh
[69.800s] -- Installing: /home/d-lab/workspace/ros_ur_driver/install/moveit_ros_planning/share/moveit_ros_planning/local_setup.dsv
[69.800s] -- Installing: /home/d-lab/workspace/ros_ur_driver/install/moveit_ros_planning/share/moveit_ros_planning/package.dsv
[69.800s] -- Installing: /home/d-lab/workspace/ros_ur_driver/install/moveit_ros_planning/share/ament_index/resource_index/packages/moveit_ros_planning
[69.800s] -- Installing: /home/d-lab/workspace/ros_ur_driver/install/moveit_ros_planning/share/ament_index/resource_index/moveit_core__pluginlib__plugin/moveit_ros_planning
[69.800s] -- Installing: /home/d-lab/workspace/ros_ur_driver/install/moveit_ros_planning/share/moveit_ros_planning/cmake/export_moveit_ros_planningExport.cmake
[69.800s] -- Installing: /home/d-lab/workspace/ros_ur_driver/install/moveit_ros_planning/share/moveit_ros_planning/cmake/export_moveit_ros_planningExport-release.cmake
[69.800s] -- Installing: /home/d-lab/workspace/ros_ur_driver/install/moveit_ros_planning/share/moveit_ros_planning/cmake/ConfigExtras.cmake
[69.800s] -- Installing: /home/d-lab/workspace/ros_ur_driver/install/moveit_ros_planning/share/moveit_ros_planning/cmake/ament_cmake_export_targets-extras.cmake
[69.800s] -- Installing: /home/d-lab/workspace/ros_ur_driver/install/moveit_ros_planning/share/moveit_ros_planning/cmake/ament_cmake_export_dependencies-extras.cmake
[69.800s] -- Installing: /home/d-lab/workspace/ros_ur_driver/install/moveit_ros_planning/share/moveit_ros_planning/cmake/moveit_ros_planningConfig.cmake
[69.800s] -- Installing: /home/d-lab/workspace/ros_ur_driver/install/moveit_ros_planning/share/moveit_ros_planning/cmake/moveit_ros_planningConfig-version.cmake
[69.800s] -- Installing: /home/d-lab/workspace/ros_ur_driver/install/moveit_ros_planning/share/moveit_ros_planning/package.xml
[69.801s] -- Installing: /home/d-lab/workspace/ros_ur_driver/install/moveit_ros_planning/include
[69.801s] -- Installing: /home/d-lab/workspace/ros_ur_driver/install/moveit_ros_planning/include/moveit
[69.801s] -- Installing: /home/d-lab/workspace/ros_ur_driver/install/moveit_ros_planning/include/moveit/rdf_loader
[69.801s] -- Installing: /home/d-lab/workspace/ros_ur_driver/install/moveit_ros_planning/include/moveit/rdf_loader/rdf_loader.h
[69.801s] -- Up-to-date: /home/d-lab/workspace/ros_ur_driver/install/moveit_ros_planning/include
[69.801s] -- Up-to-date: /home/d-lab/workspace/ros_ur_driver/install/moveit_ros_planning/include/moveit
[69.801s] -- Installing: /home/d-lab/workspace/ros_ur_driver/install/moveit_ros_planning/include/moveit/collision_plugin_loader
[69.801s] -- Installing: /home/d-lab/workspace/ros_ur_driver/install/moveit_ros_planning/include/moveit/collision_plugin_loader/collision_plugin_loader.h
[69.801s] -- Up-to-date: /home/d-lab/workspace/ros_ur_driver/install/moveit_ros_planning/include
[69.801s] -- Up-to-date: /home/d-lab/workspace/ros_ur_driver/install/moveit_ros_planning/include/moveit
[69.801s] -- Installing: /home/d-lab/workspace/ros_ur_driver/install/moveit_ros_planning/include/moveit/kinematics_plugin_loader
[69.801s] -- Installing: /home/d-lab/workspace/ros_ur_driver/install/moveit_ros_planning/include/moveit/kinematics_plugin_loader/kinematics_plugin_loader.h
[69.801s] -- Up-to-date: /home/d-lab/workspace/ros_ur_driver/install/moveit_ros_planning/include
[69.801s] -- Up-to-date: /home/d-lab/workspace/ros_ur_driver/install/moveit_ros_planning/include/moveit
[69.801s] -- Installing: /home/d-lab/workspace/ros_ur_driver/install/moveit_ros_planning/include/moveit/robot_model_loader
[69.801s] -- Installing: /home/d-lab/workspace/ros_ur_driver/install/moveit_ros_planning/include/moveit/robot_model_loader/robot_model_loader.h
[69.802s] -- Up-to-date: /home/d-lab/workspace/ros_ur_driver/install/moveit_ros_planning/include
[69.802s] -- Up-to-date: /home/d-lab/workspace/ros_ur_driver/install/moveit_ros_planning/include/moveit
[69.802s] -- Installing: /home/d-lab/workspace/ros_ur_driver/install/moveit_ros_planning/include/moveit/constraint_sampler_manager_loader
[69.802s] -- Installing: /home/d-lab/workspace/ros_ur_driver/install/moveit_ros_planning/include/moveit/constraint_sampler_manager_loader/constraint_sampler_manager_loader.h
[69.802s] -- Up-to-date: /home/d-lab/workspace/ros_ur_driver/install/moveit_ros_planning/include
[69.802s] -- Up-to-date: /home/d-lab/workspace/ros_ur_driver/install/moveit_ros_planning/include/moveit
[69.802s] -- Installing: /home/d-lab/workspace/ros_ur_driver/install/moveit_ros_planning/include/moveit/planning_pipeline
[69.802s] -- Installing: /home/d-lab/workspace/ros_ur_driver/install/moveit_ros_planning/include/moveit/planning_pipeline/planning_pipeline.h
[69.802s] -- Installing: /home/d-lab/workspace/ros_ur_driver/install/moveit_ros_planning/include/moveit_planning_pipeline_export.h
[69.802s] -- Installing: /home/d-lab/workspace/ros_ur_driver/install/moveit_ros_planning/lib/moveit_ros_planning/moveit_list_request_adapter_plugins
[69.802s] -- Set runtime path of "/home/d-lab/workspace/ros_ur_driver/install/moveit_ros_planning/lib/moveit_ros_planning/moveit_list_request_adapter_plugins" to ""
[69.802s] -- Installing: /home/d-lab/workspace/ros_ur_driver/install/moveit_ros_planning/lib/moveit_ros_planning/demo_scene
[69.803s] -- Set runtime path of "/home/d-lab/workspace/ros_ur_driver/install/moveit_ros_planning/lib/moveit_ros_planning/demo_scene" to ""
[69.803s] -- Up-to-date: /home/d-lab/workspace/ros_ur_driver/install/moveit_ros_planning/include
[69.803s] -- Up-to-date: /home/d-lab/workspace/ros_ur_driver/install/moveit_ros_planning/include/moveit
[69.803s] -- Installing: /home/d-lab/workspace/ros_ur_driver/install/moveit_ros_planning/include/moveit/planning_scene_monitor
[69.803s] -- Installing: /home/d-lab/workspace/ros_ur_driver/install/moveit_ros_planning/include/moveit/planning_scene_monitor/current_state_monitor.h
[69.803s] -- Installing: /home/d-lab/workspace/ros_ur_driver/install/moveit_ros_planning/include/moveit/planning_scene_monitor/current_state_monitor_middleware_handle.hpp
[69.803s] -- Installing: /home/d-lab/workspace/ros_ur_driver/install/moveit_ros_planning/include/moveit/planning_scene_monitor/trajectory_monitor.h
[69.803s] -- Installing: /home/d-lab/workspace/ros_ur_driver/install/moveit_ros_planning/include/moveit/planning_scene_monitor/planning_scene_monitor.h
[69.803s] -- Installing: /home/d-lab/workspace/ros_ur_driver/install/moveit_ros_planning/include/moveit_planning_scene_monitor_export.h
[69.804s] -- Installing: /home/d-lab/workspace/ros_ur_driver/install/moveit_ros_planning/lib/moveit_ros_planning/moveit_print_planning_model_info
[69.804s] -- Set runtime path of "/home/d-lab/workspace/ros_ur_driver/install/moveit_ros_planning/lib/moveit_ros_planning/moveit_print_planning_model_info" to ""
[69.804s] -- Installing: /home/d-lab/workspace/ros_ur_driver/install/moveit_ros_planning/lib/moveit_ros_planning/moveit_print_planning_scene_info
[69.804s] -- Set runtime path of "/home/d-lab/workspace/ros_ur_driver/install/moveit_ros_planning/lib/moveit_ros_planning/moveit_print_planning_scene_info" to ""
[69.804s] -- Installing: /home/d-lab/workspace/ros_ur_driver/install/moveit_ros_planning/lib/moveit_ros_planning/moveit_display_random_state
[69.805s] -- Set runtime path of "/home/d-lab/workspace/ros_ur_driver/install/moveit_ros_planning/lib/moveit_ros_planning/moveit_display_random_state" to ""
[69.805s] -- Installing: /home/d-lab/workspace/ros_ur_driver/install/moveit_ros_planning/lib/moveit_ros_planning/moveit_visualize_robot_collision_volume
[69.806s] -- Set runtime path of "/home/d-lab/workspace/ros_ur_driver/install/moveit_ros_planning/lib/moveit_ros_planning/moveit_visualize_robot_collision_volume" to ""
[69.806s] -- Installing: /home/d-lab/workspace/ros_ur_driver/install/moveit_ros_planning/lib/moveit_ros_planning/moveit_evaluate_collision_checking_speed
[69.806s] -- Set runtime path of "/home/d-lab/workspace/ros_ur_driver/install/moveit_ros_planning/lib/moveit_ros_planning/moveit_evaluate_collision_checking_speed" to ""
[69.806s] -- Installing: /home/d-lab/workspace/ros_ur_driver/install/moveit_ros_planning/lib/moveit_ros_planning/moveit_evaluate_state_operations_speed
[69.806s] -- Set runtime path of "/home/d-lab/workspace/ros_ur_driver/install/moveit_ros_planning/lib/moveit_ros_planning/moveit_evaluate_state_operations_speed" to ""
[69.807s] -- Installing: /home/d-lab/workspace/ros_ur_driver/install/moveit_ros_planning/lib/moveit_ros_planning/moveit_kinematics_speed_and_validity_evaluator
[69.807s] -- Set runtime path of "/home/d-lab/workspace/ros_ur_driver/install/moveit_ros_planning/lib/moveit_ros_planning/moveit_kinematics_speed_and_validity_evaluator" to ""
[69.807s] -- Installing: /home/d-lab/workspace/ros_ur_driver/install/moveit_ros_planning/lib/moveit_ros_planning/moveit_publish_scene_from_text
[69.807s] -- Set runtime path of "/home/d-lab/workspace/ros_ur_driver/install/moveit_ros_planning/lib/moveit_ros_planning/moveit_publish_scene_from_text" to ""
[69.807s] -- Up-to-date: /home/d-lab/workspace/ros_ur_driver/install/moveit_ros_planning/include
[69.807s] -- Up-to-date: /home/d-lab/workspace/ros_ur_driver/install/moveit_ros_planning/include/moveit
[69.807s] -- Installing: /home/d-lab/workspace/ros_ur_driver/install/moveit_ros_planning/include/moveit/trajectory_execution_manager
[69.807s] -- Installing: /home/d-lab/workspace/ros_ur_driver/install/moveit_ros_planning/include/moveit/trajectory_execution_manager/trajectory_execution_manager.h
[69.807s] -- Installing: /home/d-lab/workspace/ros_ur_driver/install/moveit_ros_planning/include/moveit_trajectory_execution_manager_export.h
[69.808s] -- Up-to-date: /home/d-lab/workspace/ros_ur_driver/install/moveit_ros_planning/include
[69.808s] -- Up-to-date: /home/d-lab/workspace/ros_ur_driver/install/moveit_ros_planning/include/moveit
[69.808s] -- Installing: /home/d-lab/workspace/ros_ur_driver/install/moveit_ros_planning/include/moveit/plan_execution
[69.808s] -- Installing: /home/d-lab/workspace/ros_ur_driver/install/moveit_ros_planning/include/moveit/plan_execution/plan_execution.h
[69.808s] -- Installing: /home/d-lab/workspace/ros_ur_driver/install/moveit_ros_planning/include/moveit/plan_execution/plan_with_sensing.h
[69.808s] -- Installing: /home/d-lab/workspace/ros_ur_driver/install/moveit_ros_planning/include/moveit/plan_execution/plan_representation.h
[69.808s] -- Up-to-date: /home/d-lab/workspace/ros_ur_driver/install/moveit_ros_planning/include
[69.808s] -- Up-to-date: /home/d-lab/workspace/ros_ur_driver/install/moveit_ros_planning/include/moveit
[69.808s] -- Installing: /home/d-lab/workspace/ros_ur_driver/install/moveit_ros_planning/include/moveit/moveit_cpp
[69.808s] -- Installing: /home/d-lab/workspace/ros_ur_driver/install/moveit_ros_planning/include/moveit/moveit_cpp/planning_component.h
[69.808s] -- Installing: /home/d-lab/workspace/ros_ur_driver/install/moveit_ros_planning/include/moveit/moveit_cpp/moveit_cpp.h
[69.810s] Invoked command in '/home/d-lab/workspace/ros_ur_driver/build/moveit_ros_planning' returned '0': AMENT_PREFIX_PATH=/home/d-lab/workspace/ros_ur_driver/install/moveit_ros_occupancy_map_monitor:/home/d-lab/workspace/ros_ur_driver/install/moveit_core:/home/d-lab/workspace/ros_ur_driver/install/srdfdom:/home/d-lab/workspace/ros_ur_driver/install/moveit_common:${AMENT_PREFIX_PATH} CMAKE_PREFIX_PATH=/home/d-lab/workspace/ros_ur_driver/install/moveit_ros_occupancy_map_monitor:/home/d-lab/workspace/ros_ur_driver/install/moveit_core:/home/d-lab/workspace/ros_ur_driver/install/srdfdom:/home/d-lab/workspace/ros_ur_driver/install/moveit_common:/home/d-lab/workspace/ros_ur_driver/install/ros2_controllers:/home/d-lab/workspace/ros_ur_driver/install/velocity_controllers:/home/d-lab/workspace/ros_ur_driver/install/ur_robot_driver:/home/d-lab/workspace/ros_ur_driver/install/ur_controllers:/home/d-lab/workspace/ros_ur_driver/install/ur_msgs:/home/d-lab/workspace/ros_ur_driver/install/ur_moveit_config:/home/d-lab/workspace/ros_ur_driver/install/ur_description:/home/d-lab/workspace/ros_ur_driver/install/ur_dashboard_msgs:/home/d-lab/workspace/ros_ur_driver/install/ur_client_library:/home/d-lab/workspace/ros_ur_driver/install/ur_bringup:/home/d-lab/workspace/ros_ur_driver/install/transmission_interface:/home/d-lab/workspace/ros_ur_driver/install/ros2_control_demos:/home/d-lab/workspace/ros_ur_driver/install/ros2_control_demo_bringup:/home/d-lab/workspace/ros_ur_driver/install/rrbot_description:/home/d-lab/workspace/ros_ur_driver/install/ros2_control:/home/d-lab/workspace/ros_ur_driver/install/controller_manager:/home/d-lab/workspace/ros_ur_driver/install/ros2_control_test_assets:/home/d-lab/workspace/ros_ur_driver/install/ros2_control_demo_hardware:/home/d-lab/workspace/ros_ur_driver/install/position_controllers:/home/d-lab/workspace/ros_ur_driver/install/joint_trajectory_controller:/home/d-lab/workspace/ros_ur_driver/install/joint_state_controller:/home/d-lab/workspace/ros_ur_driver/install/joint_state_broadcaster:/home/d-lab/workspace/ros_ur_driver/install/imu_sensor_broadcaster:/home/d-lab/workspace/ros_ur_driver/install/gripper_controllers:/home/d-lab/workspace/ros_ur_driver/install/effort_controllers:/home/d-lab/workspace/ros_ur_driver/install/forward_command_controller:/home/d-lab/workspace/ros_ur_driver/install/force_torque_sensor_broadcaster:/home/d-lab/workspace/ros_ur_driver/install/diff_drive_controller:/home/d-lab/workspace/ros_ur_driver/install/controller_interface:/home/d-lab/workspace/ros_ur_driver/install/hardware_interface:/home/d-lab/workspace/ros_ur_driver/install/diffbot_description:/home/d-lab/workspace/ros_ur_driver/install/controller_manager_msgs:/home/d-lab/workspace/ros_ur_driver/install/control_msgs:/home/d-lab/workspace/ros_ur_driver/install/ros2controlcli:/home/d-lab/workspace/ros_ur_driver/install/ros2_control_test_nodes:/opt/ros/foxy LD_LIBRARY_PATH=/home/d-lab/workspace/ros_ur_driver/install/moveit_ros_occupancy_map_monitor/lib:/home/d-lab/workspace/ros_ur_driver/install/moveit_core/lib:/home/d-lab/workspace/ros_ur_driver/install/srdfdom/lib:${LD_LIBRARY_PATH} PATH=/home/d-lab/workspace/ros_ur_driver/install/moveit_core/bin:${PATH} PYTHONPATH=/home/d-lab/workspace/ros_ur_driver/install/srdfdom/lib/python3.8/site-packages:${PYTHONPATH} /usr/bin/cmake --install /home/d-lab/workspace/ros_ur_driver/build/moveit_ros_planning
