[0.017s] Invoking command in '/home/d-lab/workspace/ros_ur_driver/build/move_arm': CMAKE_PREFIX_PATH=/home/d-lab/workspace/ros_ur_driver/install/moveit_visual_tools:/home/d-lab/workspace/ros_ur_driver/install/rviz_visual_tools:/home/d-lab/workspace/ros_ur_driver/install/graph_msgs:/home/d-lab/workspace/ros_ur_driver/install/eigen3_cmake_module:/home/d-lab/workspace/ros_ur_driver/install/action_tutorials_cpp:/home/d-lab/workspace/ros_ur_driver/install/move_arm_interfaces:/home/d-lab/workspace/ros_ur_driver/install/run_ompl_constrained_planning:/home/d-lab/workspace/ros_ur_driver/install/run_moveit_cpp:/home/d-lab/workspace/ros_ur_driver/install/run_move_group:/home/d-lab/workspace/ros_ur_driver/install/warehouse_ros_mongo:/home/d-lab/workspace/ros_ur_driver/install/ros2_controllers:/home/d-lab/workspace/ros_ur_driver/install/velocity_controllers:/home/d-lab/workspace/ros_ur_driver/install/ur_robot_driver:/home/d-lab/workspace/ros_ur_driver/install/ur_controllers:/home/d-lab/workspace/ros_ur_driver/install/ur_msgs:/home/d-lab/workspace/ros_ur_driver/install/ur_moveit_config:/home/d-lab/workspace/ros_ur_driver/install/ur_description:/home/d-lab/workspace/ros_ur_driver/install/ur_dashboard_msgs:/home/d-lab/workspace/ros_ur_driver/install/ur_client_library:/home/d-lab/workspace/ros_ur_driver/install/ur_bringup:/home/d-lab/workspace/ros_ur_driver/install/ur5_robotiq_moveit_config:/home/d-lab/workspace/ros_ur_driver/install/transmission_interface:/home/d-lab/workspace/ros_ur_driver/install/srdfdom:/home/d-lab/workspace/ros_ur_driver/install/move_arm:/home/d-lab/workspace/ros_ur_driver/install/ros2_control_demos:/home/d-lab/workspace/ros_ur_driver/install/ros2_control_demo_bringup:/home/d-lab/workspace/ros_ur_driver/install/rrbot_description:/home/d-lab/workspace/ros_ur_driver/install/ros2_control:/home/d-lab/workspace/ros_ur_driver/install/utils:/home/d-lab/workspace/ros_ur_driver/install/ros2controlcli:/home/d-lab/workspace/ros_ur_driver/install/ros2_control_test_nodes:/home/d-lab/workspace/ros_ur_driver/install/robotiq_control:/home/d-lab/workspace/ros_ur_driver/install/gripper_control:/opt/ros/foxy:/home/d-lab/workspace/ros_ur_driver/install/cartesian_controller_examples:/home/d-lab/workspace/ros_ur_driver/install/controller_manager:/home/d-lab/workspace/ros_ur_driver/install/ros2_control_test_assets:/home/d-lab/workspace/ros_ur_driver/install/ros2_control_demo_hardware:/home/d-lab/workspace/ros_ur_driver/install/robotiq_description:/home/d-lab/workspace/ros_ur_driver/install/position_controllers:/home/d-lab/workspace/ros_ur_driver/install/move_arm_cpp:/home/d-lab/workspace/ros_ur_driver/install/move_arm_interface:/home/d-lab/workspace/ros_ur_driver/install/joint_trajectory_controller:/home/d-lab/workspace/ros_ur_driver/install/joint_state_controller:/home/d-lab/workspace/ros_ur_driver/install/joint_state_broadcaster:/home/d-lab/workspace/ros_ur_driver/install/imu_sensor_broadcaster:/home/d-lab/workspace/ros_ur_driver/install/gripper_controllers:/home/d-lab/workspace/ros_ur_driver/install/effort_controllers:/home/d-lab/workspace/ros_ur_driver/install/forward_command_controller:/home/d-lab/workspace/ros_ur_driver/install/force_torque_sensor_broadcaster:/home/d-lab/workspace/ros_ur_driver/install/diff_drive_controller:/home/d-lab/workspace/ros_ur_driver/install/cartesian_compliance_controller:/home/d-lab/workspace/ros_ur_driver/install/cartesian_motion_controller:/home/d-lab/workspace/ros_ur_driver/install/cartesian_force_controller:/home/d-lab/workspace/ros_ur_driver/install/cartesian_controller_handles:/home/d-lab/workspace/ros_ur_driver/install/cartesian_controller_base:/home/d-lab/workspace/ros_ur_driver/install/controller_interface:/home/d-lab/workspace/ros_ur_driver/install/hardware_interface:/home/d-lab/workspace/ros_ur_driver/install/filters:/home/d-lab/workspace/ros_ur_driver/install/diffbot_description:/home/d-lab/workspace/ros_ur_driver/install/controller_manager_msgs:/home/d-lab/workspace/ros_ur_driver/install/control_msgs:/home/d-lab/workspace/ros_ur_driver/install/chomp_motion_planner:/home/d-lab/workspace/ros_ur_driver/install/action_tutorials_interfaces LD_LIBRARY_PATH=/home/d-lab/workspace/ros_ur_driver/install/moveit_visual_tools/lib:/home/d-lab/workspace/ros_ur_driver/install/rviz_visual_tools/lib:/home/d-lab/workspace/ros_ur_driver/install/graph_msgs/lib:/home/d-lab/workspace/ros_ur_driver/install/action_tutorials_cpp/lib:/home/d-lab/workspace/ros_ur_driver/install/move_arm_interfaces/lib:/home/d-lab/workspace/ros_ur_driver/install/warehouse_ros_mongo/lib:/home/d-lab/workspace/ros_ur_driver/install/velocity_controllers/lib:/home/d-lab/workspace/ros_ur_driver/install/ur_robot_driver/lib:/home/d-lab/workspace/ros_ur_driver/install/ur_controllers/lib:/home/d-lab/workspace/ros_ur_driver/install/ur_msgs/lib:/home/d-lab/workspace/ros_ur_driver/install/ur_dashboard_msgs/lib:/home/d-lab/workspace/ros_ur_driver/install/ur_client_library/lib:/home/d-lab/workspace/ros_ur_driver/install/srdfdom/lib:/home/d-lab/workspace/ros_ur_driver/install/move_arm/lib:/home/d-lab/workspace/ros_ur_driver/install/controller_manager/lib:/home/d-lab/workspace/ros_ur_driver/install/ros2_control_demo_hardware/lib:/home/d-lab/workspace/ros_ur_driver/install/position_controllers/lib:/home/d-lab/workspace/ros_ur_driver/install/move_arm_interface/lib:/home/d-lab/workspace/ros_ur_driver/install/joint_trajectory_controller/lib:/home/d-lab/workspace/ros_ur_driver/install/joint_state_controller/lib:/home/d-lab/workspace/ros_ur_driver/install/joint_state_broadcaster/lib:/home/d-lab/workspace/ros_ur_driver/install/imu_sensor_broadcaster/lib:/home/d-lab/workspace/ros_ur_driver/install/gripper_controllers/lib:/home/d-lab/workspace/ros_ur_driver/install/effort_controllers/lib:/home/d-lab/workspace/ros_ur_driver/install/forward_command_controller/lib:/home/d-lab/workspace/ros_ur_driver/install/force_torque_sensor_broadcaster/lib:/home/d-lab/workspace/ros_ur_driver/install/diff_drive_controller/lib:/home/d-lab/workspace/ros_ur_driver/install/cartesian_compliance_controller/lib:/home/d-lab/workspace/ros_ur_driver/install/cartesian_motion_controller/lib:/home/d-lab/workspace/ros_ur_driver/install/cartesian_force_controller/lib:/home/d-lab/workspace/ros_ur_driver/install/cartesian_controller_handles/lib:/home/d-lab/workspace/ros_ur_driver/install/cartesian_controller_base/lib:/home/d-lab/workspace/ros_ur_driver/install/controller_interface/lib:/home/d-lab/workspace/ros_ur_driver/install/hardware_interface/lib:/home/d-lab/workspace/ros_ur_driver/install/filters/lib:/home/d-lab/workspace/ros_ur_driver/install/controller_manager_msgs/lib:/home/d-lab/workspace/ros_ur_driver/install/control_msgs/lib:/home/d-lab/workspace/ros_ur_driver/install/chomp_motion_planner/lib:/home/d-lab/workspace/ros_ur_driver/install/action_tutorials_interfaces/lib:/opt/ros/foxy/opt/yaml_cpp_vendor/lib:/opt/ros/foxy/opt/rviz_ogre_vendor/lib:/opt/ros/foxy/lib/x86_64-linux-gnu:/opt/ros/foxy/lib PYTHONPATH=/home/d-lab/workspace/ros_ur_driver/install/graph_msgs/lib/python3.8/site-packages:/home/d-lab/workspace/ros_ur_driver/install/move_arm_interfaces/lib/python3.8/site-packages:/home/d-lab/workspace/ros_ur_driver/install/warehouse_ros_mongo/lib/python3.8/site-packages:/home/d-lab/workspace/ros_ur_driver/install/utils/lib/python3.8/site-packages:/home/d-lab/workspace/ros_ur_driver/install/ur_msgs/lib/python3.8/site-packages:/home/d-lab/workspace/ros_ur_driver/install/ur_dashboard_msgs/lib/python3.8/site-packages:/home/d-lab/workspace/ros_ur_driver/install/srdfdom/lib/python3.8/site-packages:/home/d-lab/workspace/ros_ur_driver/install/move_arm/lib/python3.8/site-packages:/home/d-lab/workspace/ros_ur_driver/install/ros2controlcli/lib/python3.8/site-packages:/home/d-lab/workspace/ros_ur_driver/install/ros2_control_test_nodes/lib/python3.8/site-packages:/home/d-lab/workspace/ros_ur_driver/install/controller_manager/lib/python3.8/site-packages:/home/d-lab/workspace/ros_ur_driver/install/robotiq_control/lib/python3.8/site-packages:/home/d-lab/workspace/ros_ur_driver/install/move_arm_interface/lib/python3.8/site-packages:/home/d-lab/workspace/ros_ur_driver/install/gripper_control/lib/python3.8/site-packages:/home/d-lab/workspace/ros_ur_driver/install/controller_manager_msgs/lib/python3.8/site-packages:/home/d-lab/workspace/ros_ur_driver/install/control_msgs/lib/python3.8/site-packages:/home/d-lab/workspace/ros_ur_driver/install/action_tutorials_interfaces/lib/python3.8/site-packages:/opt/ros/foxy/lib/python3.8/site-packages /usr/bin/cmake /home/d-lab/workspace/ros_ur_driver/src/move_arm -DCMAKE_INSTALL_PREFIX=/home/d-lab/workspace/ros_ur_driver/install/move_arm
[0.059s] -- The C compiler identification is GNU 9.4.0
[0.100s] -- The CXX compiler identification is GNU 9.4.0
[0.105s] -- Check for working C compiler: /usr/bin/cc
[0.161s] -- Check for working C compiler: /usr/bin/cc -- works
[0.161s] -- Detecting C compiler ABI info
[0.217s] -- Detecting C compiler ABI info - done
[0.226s] -- Detecting C compile features
[0.226s] -- Detecting C compile features - done
[0.226s] -- Check for working CXX compiler: /usr/bin/c++
[0.289s] -- Check for working CXX compiler: /usr/bin/c++ -- works
[0.290s] -- Detecting CXX compiler ABI info
[0.365s] -- Detecting CXX compiler ABI info - done
[0.378s] -- Detecting CXX compile features
[0.379s] -- Detecting CXX compile features - done
[0.379s] -- Found ament_cmake: 0.9.9 (/opt/ros/foxy/share/ament_cmake/cmake)
[0.398s] -- Found PythonInterp: /usr/bin/python3 (found suitable version "3.8.10", minimum required is "3") 
[0.398s] -- Using PYTHON_EXECUTABLE: /usr/bin/python3
[0.547s] -- Found rclcpp: 2.4.1 (/opt/ros/foxy/share/rclcpp/cmake)
[0.597s] -- Using all available rosidl_typesupport_c: rosidl_typesupport_fastrtps_c;rosidl_typesupport_introspection_c
[0.605s] -- Found rosidl_adapter: 1.2.1 (/opt/ros/foxy/share/rosidl_adapter/cmake)
[0.680s] -- Found OpenSSL: /usr/lib/x86_64-linux-gnu/libcrypto.so (found version "1.1.1f")  
[0.707s] -- Found FastRTPS: /opt/ros/foxy/include  
[0.772s] -- Using all available rosidl_typesupport_cpp: rosidl_typesupport_fastrtps_cpp;rosidl_typesupport_introspection_cpp
[0.818s] -- Found rmw_implementation_cmake: 1.0.3 (/opt/ros/foxy/share/rmw_implementation_cmake/cmake)
[0.820s] -- Using RMW implementation 'rmw_fastrtps_cpp' as default
[0.821s] -- Looking for pthread.h
[0.881s] -- Looking for pthread.h - found
[0.881s] -- Performing Test CMAKE_HAVE_LIBC_PTHREAD
[0.943s] -- Performing Test CMAKE_HAVE_LIBC_PTHREAD - Failed
[0.943s] -- Looking for pthread_create in pthreads
[1.021s] -- Looking for pthread_create in pthreads - not found
[1.021s] -- Looking for pthread_create in pthread
[1.085s] -- Looking for pthread_create in pthread - found
[1.086s] -- Found Threads: TRUE  
[1.206s] -- Found moveit: 2.2.3 (/opt/ros/foxy/share/moveit/cmake)
[1.207s] -- Found moveit_msgs: 2.1.0 (/opt/ros/foxy/share/moveit_msgs/cmake)
[2.117s] -- Found eigen3_cmake_module: 0.2.0 (/home/d-lab/workspace/ros_ur_driver/install/eigen3_cmake_module/share/eigen3_cmake_module/cmake)
[2.119s] -- Found moveit_ros_planning_interface: 2.2.3 (/opt/ros/foxy/share/moveit_ros_planning_interface/cmake)
[2.128s] -- Found Boost: /usr/lib/x86_64-linux-gnu/cmake/Boost-1.71.0/BoostConfig.cmake (found version "1.71.0")  
[2.151s] -- Found Boost: /usr/lib/x86_64-linux-gnu/cmake/Boost-1.71.0/BoostConfig.cmake (found version "1.71.0") found components: date_time filesystem program_options system thread 
[2.201s] -- Found Boost: /usr/lib/x86_64-linux-gnu/cmake/Boost-1.71.0/BoostConfig.cmake (found version "1.71.0") found components: chrono date_time filesystem iostreams program_options regex serialization system thread 
[2.215s] -- Found Boost: /usr/lib/x86_64-linux-gnu/cmake/Boost-1.71.0/BoostConfig.cmake (found version "1.71.0") found components: filesystem 
[2.303s] -- library: /usr/lib/x86_64-linux-gnu/libcurl.so
[2.372s] -- Found Eigen3: TRUE (found version "3.3.7") 
[2.832s] -- Found Boost: /usr/lib/x86_64-linux-gnu/cmake/Boost-1.71.0/BoostConfig.cmake (found version "1.71.0") found components: system filesystem date_time program_options thread chrono 
[2.978s] -- Found Boost: /usr/lib/x86_64-linux-gnu/cmake/Boost-1.71.0/BoostConfig.cmake (found version "1.71.0") found components: thread 
[3.384s] -- Found Boost: /usr/lib/x86_64-linux-gnu/cmake/Boost-1.71.0/BoostConfig.cmake (found version "1.71.0") found components: thread system filesystem regex date_time program_options 
[3.611s] -- Found Boost: /usr/lib/x86_64-linux-gnu/cmake/Boost-1.71.0/BoostConfig.cmake (found version "1.71.0") found components: system filesystem date_time program_options thread 
[3.948s] -- Found moveit_visual_tools: 4.0.0 (/home/d-lab/workspace/ros_ur_driver/install/moveit_visual_tools/share/moveit_visual_tools/cmake)
[4.251s] -- Setting OGRE_DIR to: '/opt/ros/foxy/share/rviz_ogre_vendor/cmake/../../../opt/rviz_ogre_vendor/lib/OGRE/cmake'
[4.252s] -- Found OGRE
[4.252s] --   static     : OFF
[4.252s] --   components : HLMS;MeshLodGenerator;Overlay;Paging;Property;RTShaderSystem;Terrain;Volume
[4.252s] --   plugins    : Plugin_BSPSceneManager;Plugin_OctreeSceneManager;Plugin_PCZSceneManager;Plugin_ParticleFX;RenderSystem_GL;RenderSystem_GL3Plus;Codec_STBI
[4.253s] --   media      : /opt/ros/foxy/opt/rviz_ogre_vendor/share/OGRE/Media
[4.253s] -- OGRE_LIBRARIES: OgreHLMS;OgreMeshLodGenerator;OgreOverlay;OgrePaging;OgreProperty;OgreRTShaderSystem;OgreTerrain;OgreVolume;OgreMain
[4.253s] -- OGRE_LIBRARY_DIRS: /opt/ros/foxy/opt/rviz_ogre_vendor/lib
[4.253s] -- OGRE_PLUGINS: Plugin_BSPSceneManager;Plugin_OctreeSceneManager;Plugin_PCZSceneManager;Plugin_ParticleFX;RenderSystem_GL;RenderSystem_GL3Plus;Codec_STBI
[4.253s] -- OGRE_PLUGIN_DIR: /opt/ros/foxy/opt/rviz_ogre_vendor/lib/OGRE
[4.253s] -- rviz_ogre_vendor::OgreOverlay for IMPORTED_LOCATION_RELEASE: /opt/ros/foxy/opt/rviz_ogre_vendor/lib/libOgreOverlay.so
[4.253s] -- rviz_ogre_vendor::OgreOverlay for IMPORTED_LOCATION_DEBUG: /opt/ros/foxy/opt/rviz_ogre_vendor/lib/libOgreOverlay.so
[4.253s] -- rviz_ogre_vendor::OgreMain for IMPORTED_LOCATION_RELEASE: /opt/ros/foxy/opt/rviz_ogre_vendor/lib/libOgreMain.so
[4.253s] -- rviz_ogre_vendor::OgreMain for IMPORTED_LOCATION_DEBUG: /opt/ros/foxy/opt/rviz_ogre_vendor/lib/libOgreMain.so
[4.273s] -- Found ZLIB: /usr/lib/x86_64-linux-gnu/libz.so (found version "1.2.11") 
[4.279s] -- Found OpenGL: /usr/lib/x86_64-linux-gnu/libOpenGL.so   
[4.369s] -- Found X11: /usr/include   
[4.369s] -- Looking for XOpenDisplay in /usr/lib/x86_64-linux-gnu/libX11.so;/usr/lib/x86_64-linux-gnu/libXext.so
[4.434s] -- Looking for XOpenDisplay in /usr/lib/x86_64-linux-gnu/libX11.so;/usr/lib/x86_64-linux-gnu/libXext.so - found
[4.434s] -- Looking for gethostbyname
[4.493s] -- Looking for gethostbyname - found
[4.493s] -- Looking for connect
[4.573s] -- Looking for connect - found
[4.573s] -- Looking for remove
[4.661s] -- Looking for remove - found
[4.661s] -- Looking for shmat
[4.736s] -- Looking for shmat - found
[4.736s] -- Looking for IceConnectionNumber in ICE
[4.825s] -- Looking for IceConnectionNumber in ICE - found
[4.828s] -- rviz_ogre_vendor::RenderSystem_GL for IMPORTED_LOCATION_RELEASE: _render_system_gl_static_library_abs-NOTFOUND
[4.828s] -- rviz_ogre_vendor::RenderSystem_GL for IMPORTED_LOCATION_DEBUG: _render_system_gl_static_library_abs-NOTFOUND
[4.871s] -- Setting yaml-cpp_DIR to: '/opt/ros/foxy/share/yaml_cpp_vendor/cmake/../../../opt/yaml_cpp_vendor/lib/cmake/yaml-cpp'
[5.270s] -- Found rosidl_default_generators: 1.0.1 (/opt/ros/foxy/share/rosidl_default_generators/cmake)
[5.298s] -- Found PythonInterp: /usr/bin/python3 (found version "3.8.10") 
[5.390s] -- Found ament_cmake_ros: 0.9.2 (/opt/ros/foxy/share/ament_cmake_ros/cmake)
[5.503s] -- Using all available rosidl_typesupport_c: rosidl_typesupport_fastrtps_c;rosidl_typesupport_introspection_c
[5.529s] -- Using all available rosidl_typesupport_cpp: rosidl_typesupport_fastrtps_cpp;rosidl_typesupport_introspection_cpp
[5.553s] -- Found PythonInterp: /usr/bin/python3 (found suitable version "3.8.10", minimum required is "3.5") 
[5.554s] -- Found python_cmake_module: 0.8.1 (/opt/ros/foxy/share/python_cmake_module/cmake)
[5.574s] -- Found PythonLibs: /usr/lib/x86_64-linux-gnu/libpython3.8.so (found suitable version "3.8.10", minimum required is "3.5") 
[5.574s] -- Using PYTHON_EXECUTABLE: /usr/bin/python3
[5.574s] -- Using PYTHON_INCLUDE_DIRS: /usr/include/python3.8
[5.574s] -- Using PYTHON_LIBRARIES: /usr/lib/x86_64-linux-gnu/libpython3.8.so
[5.589s] -- Found PythonExtra: .so  
[5.659s] -- Found ament_lint_auto: 0.9.6 (/opt/ros/foxy/share/ament_lint_auto/cmake)
[5.680s] -- Added test 'copyright' to check source files copyright and LICENSE
[5.681s] -- Added test 'cppcheck' to perform static code analysis on C / C++ code
[5.682s] -- Configured cppcheck include dirs: 
[5.682s] -- Configured cppcheck exclude dirs and/or files: 
[5.683s] -- Added test 'cpplint' to check C / C++ code against the Google style
[5.683s] -- Configured cpplint exclude dirs and/or files: 
[5.683s] -- Added test 'flake8' to check Python code syntax and style conventions
[5.684s] -- Added test 'lint_cmake' to check CMake code style
[5.684s] -- Added test 'pep257' to check Python code against some of the style conventions in PEP 257
[5.685s] -- Added test 'uncrustify' to check C / C++ code style
[5.685s] -- Configured uncrustify additional arguments: 
[5.686s] -- Added test 'xmllint' to check XML markup files
[5.691s] -- Configuring done
[5.741s] -- Generating done
[5.743s] -- Build files have been written to: /home/d-lab/workspace/ros_ur_driver/build/move_arm
[5.753s] Invoked command in '/home/d-lab/workspace/ros_ur_driver/build/move_arm' returned '0': CMAKE_PREFIX_PATH=/home/d-lab/workspace/ros_ur_driver/install/moveit_visual_tools:/home/d-lab/workspace/ros_ur_driver/install/rviz_visual_tools:/home/d-lab/workspace/ros_ur_driver/install/graph_msgs:/home/d-lab/workspace/ros_ur_driver/install/eigen3_cmake_module:/home/d-lab/workspace/ros_ur_driver/install/action_tutorials_cpp:/home/d-lab/workspace/ros_ur_driver/install/move_arm_interfaces:/home/d-lab/workspace/ros_ur_driver/install/run_ompl_constrained_planning:/home/d-lab/workspace/ros_ur_driver/install/run_moveit_cpp:/home/d-lab/workspace/ros_ur_driver/install/run_move_group:/home/d-lab/workspace/ros_ur_driver/install/warehouse_ros_mongo:/home/d-lab/workspace/ros_ur_driver/install/ros2_controllers:/home/d-lab/workspace/ros_ur_driver/install/velocity_controllers:/home/d-lab/workspace/ros_ur_driver/install/ur_robot_driver:/home/d-lab/workspace/ros_ur_driver/install/ur_controllers:/home/d-lab/workspace/ros_ur_driver/install/ur_msgs:/home/d-lab/workspace/ros_ur_driver/install/ur_moveit_config:/home/d-lab/workspace/ros_ur_driver/install/ur_description:/home/d-lab/workspace/ros_ur_driver/install/ur_dashboard_msgs:/home/d-lab/workspace/ros_ur_driver/install/ur_client_library:/home/d-lab/workspace/ros_ur_driver/install/ur_bringup:/home/d-lab/workspace/ros_ur_driver/install/ur5_robotiq_moveit_config:/home/d-lab/workspace/ros_ur_driver/install/transmission_interface:/home/d-lab/workspace/ros_ur_driver/install/srdfdom:/home/d-lab/workspace/ros_ur_driver/install/move_arm:/home/d-lab/workspace/ros_ur_driver/install/ros2_control_demos:/home/d-lab/workspace/ros_ur_driver/install/ros2_control_demo_bringup:/home/d-lab/workspace/ros_ur_driver/install/rrbot_description:/home/d-lab/workspace/ros_ur_driver/install/ros2_control:/home/d-lab/workspace/ros_ur_driver/install/utils:/home/d-lab/workspace/ros_ur_driver/install/ros2controlcli:/home/d-lab/workspace/ros_ur_driver/install/ros2_control_test_nodes:/home/d-lab/workspace/ros_ur_driver/install/robotiq_control:/home/d-lab/workspace/ros_ur_driver/install/gripper_control:/opt/ros/foxy:/home/d-lab/workspace/ros_ur_driver/install/cartesian_controller_examples:/home/d-lab/workspace/ros_ur_driver/install/controller_manager:/home/d-lab/workspace/ros_ur_driver/install/ros2_control_test_assets:/home/d-lab/workspace/ros_ur_driver/install/ros2_control_demo_hardware:/home/d-lab/workspace/ros_ur_driver/install/robotiq_description:/home/d-lab/workspace/ros_ur_driver/install/position_controllers:/home/d-lab/workspace/ros_ur_driver/install/move_arm_cpp:/home/d-lab/workspace/ros_ur_driver/install/move_arm_interface:/home/d-lab/workspace/ros_ur_driver/install/joint_trajectory_controller:/home/d-lab/workspace/ros_ur_driver/install/joint_state_controller:/home/d-lab/workspace/ros_ur_driver/install/joint_state_broadcaster:/home/d-lab/workspace/ros_ur_driver/install/imu_sensor_broadcaster:/home/d-lab/workspace/ros_ur_driver/install/gripper_controllers:/home/d-lab/workspace/ros_ur_driver/install/effort_controllers:/home/d-lab/workspace/ros_ur_driver/install/forward_command_controller:/home/d-lab/workspace/ros_ur_driver/install/force_torque_sensor_broadcaster:/home/d-lab/workspace/ros_ur_driver/install/diff_drive_controller:/home/d-lab/workspace/ros_ur_driver/install/cartesian_compliance_controller:/home/d-lab/workspace/ros_ur_driver/install/cartesian_motion_controller:/home/d-lab/workspace/ros_ur_driver/install/cartesian_force_controller:/home/d-lab/workspace/ros_ur_driver/install/cartesian_controller_handles:/home/d-lab/workspace/ros_ur_driver/install/cartesian_controller_base:/home/d-lab/workspace/ros_ur_driver/install/controller_interface:/home/d-lab/workspace/ros_ur_driver/install/hardware_interface:/home/d-lab/workspace/ros_ur_driver/install/filters:/home/d-lab/workspace/ros_ur_driver/install/diffbot_description:/home/d-lab/workspace/ros_ur_driver/install/controller_manager_msgs:/home/d-lab/workspace/ros_ur_driver/install/control_msgs:/home/d-lab/workspace/ros_ur_driver/install/chomp_motion_planner:/home/d-lab/workspace/ros_ur_driver/install/action_tutorials_interfaces LD_LIBRARY_PATH=/home/d-lab/workspace/ros_ur_driver/install/moveit_visual_tools/lib:/home/d-lab/workspace/ros_ur_driver/install/rviz_visual_tools/lib:/home/d-lab/workspace/ros_ur_driver/install/graph_msgs/lib:/home/d-lab/workspace/ros_ur_driver/install/action_tutorials_cpp/lib:/home/d-lab/workspace/ros_ur_driver/install/move_arm_interfaces/lib:/home/d-lab/workspace/ros_ur_driver/install/warehouse_ros_mongo/lib:/home/d-lab/workspace/ros_ur_driver/install/velocity_controllers/lib:/home/d-lab/workspace/ros_ur_driver/install/ur_robot_driver/lib:/home/d-lab/workspace/ros_ur_driver/install/ur_controllers/lib:/home/d-lab/workspace/ros_ur_driver/install/ur_msgs/lib:/home/d-lab/workspace/ros_ur_driver/install/ur_dashboard_msgs/lib:/home/d-lab/workspace/ros_ur_driver/install/ur_client_library/lib:/home/d-lab/workspace/ros_ur_driver/install/srdfdom/lib:/home/d-lab/workspace/ros_ur_driver/install/move_arm/lib:/home/d-lab/workspace/ros_ur_driver/install/controller_manager/lib:/home/d-lab/workspace/ros_ur_driver/install/ros2_control_demo_hardware/lib:/home/d-lab/workspace/ros_ur_driver/install/position_controllers/lib:/home/d-lab/workspace/ros_ur_driver/install/move_arm_interface/lib:/home/d-lab/workspace/ros_ur_driver/install/joint_trajectory_controller/lib:/home/d-lab/workspace/ros_ur_driver/install/joint_state_controller/lib:/home/d-lab/workspace/ros_ur_driver/install/joint_state_broadcaster/lib:/home/d-lab/workspace/ros_ur_driver/install/imu_sensor_broadcaster/lib:/home/d-lab/workspace/ros_ur_driver/install/gripper_controllers/lib:/home/d-lab/workspace/ros_ur_driver/install/effort_controllers/lib:/home/d-lab/workspace/ros_ur_driver/install/forward_command_controller/lib:/home/d-lab/workspace/ros_ur_driver/install/force_torque_sensor_broadcaster/lib:/home/d-lab/workspace/ros_ur_driver/install/diff_drive_controller/lib:/home/d-lab/workspace/ros_ur_driver/install/cartesian_compliance_controller/lib:/home/d-lab/workspace/ros_ur_driver/install/cartesian_motion_controller/lib:/home/d-lab/workspace/ros_ur_driver/install/cartesian_force_controller/lib:/home/d-lab/workspace/ros_ur_driver/install/cartesian_controller_handles/lib:/home/d-lab/workspace/ros_ur_driver/install/cartesian_controller_base/lib:/home/d-lab/workspace/ros_ur_driver/install/controller_interface/lib:/home/d-lab/workspace/ros_ur_driver/install/hardware_interface/lib:/home/d-lab/workspace/ros_ur_driver/install/filters/lib:/home/d-lab/workspace/ros_ur_driver/install/controller_manager_msgs/lib:/home/d-lab/workspace/ros_ur_driver/install/control_msgs/lib:/home/d-lab/workspace/ros_ur_driver/install/chomp_motion_planner/lib:/home/d-lab/workspace/ros_ur_driver/install/action_tutorials_interfaces/lib:/opt/ros/foxy/opt/yaml_cpp_vendor/lib:/opt/ros/foxy/opt/rviz_ogre_vendor/lib:/opt/ros/foxy/lib/x86_64-linux-gnu:/opt/ros/foxy/lib PYTHONPATH=/home/d-lab/workspace/ros_ur_driver/install/graph_msgs/lib/python3.8/site-packages:/home/d-lab/workspace/ros_ur_driver/install/move_arm_interfaces/lib/python3.8/site-packages:/home/d-lab/workspace/ros_ur_driver/install/warehouse_ros_mongo/lib/python3.8/site-packages:/home/d-lab/workspace/ros_ur_driver/install/utils/lib/python3.8/site-packages:/home/d-lab/workspace/ros_ur_driver/install/ur_msgs/lib/python3.8/site-packages:/home/d-lab/workspace/ros_ur_driver/install/ur_dashboard_msgs/lib/python3.8/site-packages:/home/d-lab/workspace/ros_ur_driver/install/srdfdom/lib/python3.8/site-packages:/home/d-lab/workspace/ros_ur_driver/install/move_arm/lib/python3.8/site-packages:/home/d-lab/workspace/ros_ur_driver/install/ros2controlcli/lib/python3.8/site-packages:/home/d-lab/workspace/ros_ur_driver/install/ros2_control_test_nodes/lib/python3.8/site-packages:/home/d-lab/workspace/ros_ur_driver/install/controller_manager/lib/python3.8/site-packages:/home/d-lab/workspace/ros_ur_driver/install/robotiq_control/lib/python3.8/site-packages:/home/d-lab/workspace/ros_ur_driver/install/move_arm_interface/lib/python3.8/site-packages:/home/d-lab/workspace/ros_ur_driver/install/gripper_control/lib/python3.8/site-packages:/home/d-lab/workspace/ros_ur_driver/install/controller_manager_msgs/lib/python3.8/site-packages:/home/d-lab/workspace/ros_ur_driver/install/control_msgs/lib/python3.8/site-packages:/home/d-lab/workspace/ros_ur_driver/install/action_tutorials_interfaces/lib/python3.8/site-packages:/opt/ros/foxy/lib/python3.8/site-packages /usr/bin/cmake /home/d-lab/workspace/ros_ur_driver/src/move_arm -DCMAKE_INSTALL_PREFIX=/home/d-lab/workspace/ros_ur_driver/install/move_arm
[5.754s] Invoking command in '/home/d-lab/workspace/ros_ur_driver/build/move_arm': CMAKE_PREFIX_PATH=/home/d-lab/workspace/ros_ur_driver/install/moveit_visual_tools:/home/d-lab/workspace/ros_ur_driver/install/rviz_visual_tools:/home/d-lab/workspace/ros_ur_driver/install/graph_msgs:/home/d-lab/workspace/ros_ur_driver/install/eigen3_cmake_module:/home/d-lab/workspace/ros_ur_driver/install/action_tutorials_cpp:/home/d-lab/workspace/ros_ur_driver/install/move_arm_interfaces:/home/d-lab/workspace/ros_ur_driver/install/run_ompl_constrained_planning:/home/d-lab/workspace/ros_ur_driver/install/run_moveit_cpp:/home/d-lab/workspace/ros_ur_driver/install/run_move_group:/home/d-lab/workspace/ros_ur_driver/install/warehouse_ros_mongo:/home/d-lab/workspace/ros_ur_driver/install/ros2_controllers:/home/d-lab/workspace/ros_ur_driver/install/velocity_controllers:/home/d-lab/workspace/ros_ur_driver/install/ur_robot_driver:/home/d-lab/workspace/ros_ur_driver/install/ur_controllers:/home/d-lab/workspace/ros_ur_driver/install/ur_msgs:/home/d-lab/workspace/ros_ur_driver/install/ur_moveit_config:/home/d-lab/workspace/ros_ur_driver/install/ur_description:/home/d-lab/workspace/ros_ur_driver/install/ur_dashboard_msgs:/home/d-lab/workspace/ros_ur_driver/install/ur_client_library:/home/d-lab/workspace/ros_ur_driver/install/ur_bringup:/home/d-lab/workspace/ros_ur_driver/install/ur5_robotiq_moveit_config:/home/d-lab/workspace/ros_ur_driver/install/transmission_interface:/home/d-lab/workspace/ros_ur_driver/install/srdfdom:/home/d-lab/workspace/ros_ur_driver/install/move_arm:/home/d-lab/workspace/ros_ur_driver/install/ros2_control_demos:/home/d-lab/workspace/ros_ur_driver/install/ros2_control_demo_bringup:/home/d-lab/workspace/ros_ur_driver/install/rrbot_description:/home/d-lab/workspace/ros_ur_driver/install/ros2_control:/home/d-lab/workspace/ros_ur_driver/install/utils:/home/d-lab/workspace/ros_ur_driver/install/ros2controlcli:/home/d-lab/workspace/ros_ur_driver/install/ros2_control_test_nodes:/home/d-lab/workspace/ros_ur_driver/install/robotiq_control:/home/d-lab/workspace/ros_ur_driver/install/gripper_control:/opt/ros/foxy:/home/d-lab/workspace/ros_ur_driver/install/cartesian_controller_examples:/home/d-lab/workspace/ros_ur_driver/install/controller_manager:/home/d-lab/workspace/ros_ur_driver/install/ros2_control_test_assets:/home/d-lab/workspace/ros_ur_driver/install/ros2_control_demo_hardware:/home/d-lab/workspace/ros_ur_driver/install/robotiq_description:/home/d-lab/workspace/ros_ur_driver/install/position_controllers:/home/d-lab/workspace/ros_ur_driver/install/move_arm_cpp:/home/d-lab/workspace/ros_ur_driver/install/move_arm_interface:/home/d-lab/workspace/ros_ur_driver/install/joint_trajectory_controller:/home/d-lab/workspace/ros_ur_driver/install/joint_state_controller:/home/d-lab/workspace/ros_ur_driver/install/joint_state_broadcaster:/home/d-lab/workspace/ros_ur_driver/install/imu_sensor_broadcaster:/home/d-lab/workspace/ros_ur_driver/install/gripper_controllers:/home/d-lab/workspace/ros_ur_driver/install/effort_controllers:/home/d-lab/workspace/ros_ur_driver/install/forward_command_controller:/home/d-lab/workspace/ros_ur_driver/install/force_torque_sensor_broadcaster:/home/d-lab/workspace/ros_ur_driver/install/diff_drive_controller:/home/d-lab/workspace/ros_ur_driver/install/cartesian_compliance_controller:/home/d-lab/workspace/ros_ur_driver/install/cartesian_motion_controller:/home/d-lab/workspace/ros_ur_driver/install/cartesian_force_controller:/home/d-lab/workspace/ros_ur_driver/install/cartesian_controller_handles:/home/d-lab/workspace/ros_ur_driver/install/cartesian_controller_base:/home/d-lab/workspace/ros_ur_driver/install/controller_interface:/home/d-lab/workspace/ros_ur_driver/install/hardware_interface:/home/d-lab/workspace/ros_ur_driver/install/filters:/home/d-lab/workspace/ros_ur_driver/install/diffbot_description:/home/d-lab/workspace/ros_ur_driver/install/controller_manager_msgs:/home/d-lab/workspace/ros_ur_driver/install/control_msgs:/home/d-lab/workspace/ros_ur_driver/install/chomp_motion_planner:/home/d-lab/workspace/ros_ur_driver/install/action_tutorials_interfaces LD_LIBRARY_PATH=/home/d-lab/workspace/ros_ur_driver/install/moveit_visual_tools/lib:/home/d-lab/workspace/ros_ur_driver/install/rviz_visual_tools/lib:/home/d-lab/workspace/ros_ur_driver/install/graph_msgs/lib:/home/d-lab/workspace/ros_ur_driver/install/action_tutorials_cpp/lib:/home/d-lab/workspace/ros_ur_driver/install/move_arm_interfaces/lib:/home/d-lab/workspace/ros_ur_driver/install/warehouse_ros_mongo/lib:/home/d-lab/workspace/ros_ur_driver/install/velocity_controllers/lib:/home/d-lab/workspace/ros_ur_driver/install/ur_robot_driver/lib:/home/d-lab/workspace/ros_ur_driver/install/ur_controllers/lib:/home/d-lab/workspace/ros_ur_driver/install/ur_msgs/lib:/home/d-lab/workspace/ros_ur_driver/install/ur_dashboard_msgs/lib:/home/d-lab/workspace/ros_ur_driver/install/ur_client_library/lib:/home/d-lab/workspace/ros_ur_driver/install/srdfdom/lib:/home/d-lab/workspace/ros_ur_driver/install/move_arm/lib:/home/d-lab/workspace/ros_ur_driver/install/controller_manager/lib:/home/d-lab/workspace/ros_ur_driver/install/ros2_control_demo_hardware/lib:/home/d-lab/workspace/ros_ur_driver/install/position_controllers/lib:/home/d-lab/workspace/ros_ur_driver/install/move_arm_interface/lib:/home/d-lab/workspace/ros_ur_driver/install/joint_trajectory_controller/lib:/home/d-lab/workspace/ros_ur_driver/install/joint_state_controller/lib:/home/d-lab/workspace/ros_ur_driver/install/joint_state_broadcaster/lib:/home/d-lab/workspace/ros_ur_driver/install/imu_sensor_broadcaster/lib:/home/d-lab/workspace/ros_ur_driver/install/gripper_controllers/lib:/home/d-lab/workspace/ros_ur_driver/install/effort_controllers/lib:/home/d-lab/workspace/ros_ur_driver/install/forward_command_controller/lib:/home/d-lab/workspace/ros_ur_driver/install/force_torque_sensor_broadcaster/lib:/home/d-lab/workspace/ros_ur_driver/install/diff_drive_controller/lib:/home/d-lab/workspace/ros_ur_driver/install/cartesian_compliance_controller/lib:/home/d-lab/workspace/ros_ur_driver/install/cartesian_motion_controller/lib:/home/d-lab/workspace/ros_ur_driver/install/cartesian_force_controller/lib:/home/d-lab/workspace/ros_ur_driver/install/cartesian_controller_handles/lib:/home/d-lab/workspace/ros_ur_driver/install/cartesian_controller_base/lib:/home/d-lab/workspace/ros_ur_driver/install/controller_interface/lib:/home/d-lab/workspace/ros_ur_driver/install/hardware_interface/lib:/home/d-lab/workspace/ros_ur_driver/install/filters/lib:/home/d-lab/workspace/ros_ur_driver/install/controller_manager_msgs/lib:/home/d-lab/workspace/ros_ur_driver/install/control_msgs/lib:/home/d-lab/workspace/ros_ur_driver/install/chomp_motion_planner/lib:/home/d-lab/workspace/ros_ur_driver/install/action_tutorials_interfaces/lib:/opt/ros/foxy/opt/yaml_cpp_vendor/lib:/opt/ros/foxy/opt/rviz_ogre_vendor/lib:/opt/ros/foxy/lib/x86_64-linux-gnu:/opt/ros/foxy/lib PYTHONPATH=/home/d-lab/workspace/ros_ur_driver/install/graph_msgs/lib/python3.8/site-packages:/home/d-lab/workspace/ros_ur_driver/install/move_arm_interfaces/lib/python3.8/site-packages:/home/d-lab/workspace/ros_ur_driver/install/warehouse_ros_mongo/lib/python3.8/site-packages:/home/d-lab/workspace/ros_ur_driver/install/utils/lib/python3.8/site-packages:/home/d-lab/workspace/ros_ur_driver/install/ur_msgs/lib/python3.8/site-packages:/home/d-lab/workspace/ros_ur_driver/install/ur_dashboard_msgs/lib/python3.8/site-packages:/home/d-lab/workspace/ros_ur_driver/install/srdfdom/lib/python3.8/site-packages:/home/d-lab/workspace/ros_ur_driver/install/move_arm/lib/python3.8/site-packages:/home/d-lab/workspace/ros_ur_driver/install/ros2controlcli/lib/python3.8/site-packages:/home/d-lab/workspace/ros_ur_driver/install/ros2_control_test_nodes/lib/python3.8/site-packages:/home/d-lab/workspace/ros_ur_driver/install/controller_manager/lib/python3.8/site-packages:/home/d-lab/workspace/ros_ur_driver/install/robotiq_control/lib/python3.8/site-packages:/home/d-lab/workspace/ros_ur_driver/install/move_arm_interface/lib/python3.8/site-packages:/home/d-lab/workspace/ros_ur_driver/install/gripper_control/lib/python3.8/site-packages:/home/d-lab/workspace/ros_ur_driver/install/controller_manager_msgs/lib/python3.8/site-packages:/home/d-lab/workspace/ros_ur_driver/install/control_msgs/lib/python3.8/site-packages:/home/d-lab/workspace/ros_ur_driver/install/action_tutorials_interfaces/lib/python3.8/site-packages:/opt/ros/foxy/lib/python3.8/site-packages /usr/bin/cmake --build /home/d-lab/workspace/ros_ur_driver/build/move_arm -- -j16 -l16
[5.792s] [35m[1mScanning dependencies of target move_to_point[0m
[5.792s] [35m[1mScanning dependencies of target move_arm__cpp[0m
[5.792s] [  3%] [34m[1mGenerating C code for ROS interfaces[0m
[5.801s] [  6%] [34m[1mGenerating C++ code for ROS interfaces[0m
[5.883s] [  9%] [32mBuilding CXX object CMakeFiles/move_to_point.dir/src/move_to_point.cpp.o[0m
[6.019s] [35m[1mScanning dependencies of target move_arm__rosidl_generator_c[0m
[6.029s] [ 12%] [32mBuilding C object CMakeFiles/move_arm__rosidl_generator_c.dir/rosidl_generator_c/move_arm/action/detail/move_arm__functions.c.o[0m
[6.032s] [ 12%] Built target move_arm__cpp
[6.041s] [ 21%] [34m[1mGenerating C++ type support for eProsima Fast-RTPS[0m
[6.041s] [ 21%] [34m[1mGenerating C++ introspection for ROS interfaces[0m
[6.042s] [ 21%] [34m[1mGenerating C++ type support dispatch for ROS interfaces[0m
[6.084s] [ 24%] [32m[1mLinking C shared library libmove_arm__rosidl_generator_c.so[0m
[6.114s] [ 24%] Built target move_arm__rosidl_generator_c
[6.124s] [ 30%] [34m[1mGenerating C introspection for ROS interfaces[0m
[6.124s] [ 30%] [34m[1mGenerating C type support dispatch for ROS interfaces[0m
[6.207s] [35m[1mScanning dependencies of target move_arm__rosidl_typesupport_cpp[0m
[6.220s] [ 33%] [32mBuilding CXX object CMakeFiles/move_arm__rosidl_typesupport_cpp.dir/rosidl_typesupport_cpp/move_arm/action/move_arm__type_support.cpp.o[0m
[6.236s] [35m[1mScanning dependencies of target move_arm__rosidl_typesupport_introspection_cpp[0m
[6.248s] [ 36%] [32mBuilding CXX object CMakeFiles/move_arm__rosidl_typesupport_introspection_cpp.dir/rosidl_typesupport_introspection_cpp/move_arm/action/detail/move_arm__type_support.cpp.o[0m
[6.270s] [35m[1mScanning dependencies of target move_arm__rosidl_typesupport_fastrtps_cpp[0m
[6.286s] [ 39%] [32mBuilding CXX object CMakeFiles/move_arm__rosidl_typesupport_fastrtps_cpp.dir/rosidl_typesupport_fastrtps_cpp/move_arm/action/detail/dds_fastrtps/move_arm__type_support.cpp.o[0m
[6.290s] [35m[1mScanning dependencies of target move_arm__rosidl_typesupport_c[0m
[6.302s] [ 42%] [32mBuilding CXX object CMakeFiles/move_arm__rosidl_typesupport_c.dir/rosidl_typesupport_c/move_arm/action/move_arm__type_support.cpp.o[0m
[6.335s] [ 45%] [32m[1mLinking CXX shared library libmove_arm__rosidl_typesupport_c.so[0m
[6.343s] [35m[1mScanning dependencies of target move_arm__rosidl_typesupport_introspection_c[0m
[6.355s] [ 48%] [32mBuilding C object CMakeFiles/move_arm__rosidl_typesupport_introspection_c.dir/rosidl_typesupport_introspection_c/move_arm/action/detail/move_arm__type_support.c.o[0m
[6.368s] [ 48%] Built target move_arm__rosidl_typesupport_c
[6.388s] [ 51%] [32m[1mLinking C shared library libmove_arm__rosidl_typesupport_introspection_c.so[0m
[6.415s] [ 54%] [32m[1mLinking CXX shared library libmove_arm__rosidl_typesupport_cpp.so[0m
[6.415s] [ 54%] Built target move_arm__rosidl_typesupport_introspection_c
[6.446s] [ 54%] Built target move_arm__rosidl_typesupport_cpp
[6.478s] [ 57%] [32m[1mLinking CXX shared library libmove_arm__rosidl_typesupport_introspection_cpp.so[0m
[6.527s] [ 57%] Built target move_arm__rosidl_typesupport_introspection_cpp
[6.594s] [ 60%] [32m[1mLinking CXX shared library libmove_arm__rosidl_typesupport_fastrtps_cpp.so[0m
[6.650s] [ 60%] Built target move_arm__rosidl_typesupport_fastrtps_cpp
[6.659s] [ 63%] [34m[1mGenerating C type support for eProsima Fast-RTPS[0m
[6.872s] [35m[1mScanning dependencies of target move_arm__rosidl_typesupport_fastrtps_c[0m
[6.886s] [ 66%] [32mBuilding CXX object CMakeFiles/move_arm__rosidl_typesupport_fastrtps_c.dir/rosidl_typesupport_fastrtps_c/move_arm/action/detail/move_arm__type_support_c.cpp.o[0m
[7.104s] [ 69%] [32m[1mLinking CXX shared library libmove_arm__rosidl_typesupport_fastrtps_c.so[0m
[7.160s] [ 69%] Built target move_arm__rosidl_typesupport_fastrtps_c
[7.169s] [35m[1mScanning dependencies of target move_arm[0m
[7.179s] [ 69%] Built target move_arm
[7.188s] [35m[1mScanning dependencies of target move_arm__py[0m
[7.198s] [ 72%] [34m[1mGenerating Python code for ROS interfaces[0m
[7.660s] [ 72%] Built target move_arm__py
[7.668s] [35m[1mScanning dependencies of target move_arm__python[0m
[7.682s] [ 75%] [32mBuilding C object CMakeFiles/move_arm__python.dir/rosidl_generator_py/move_arm/action/_move_arm_s.c.o[0m
[7.766s] [ 78%] [32m[1mLinking C shared library rosidl_generator_py/move_arm/libmove_arm__python.so[0m
[7.798s] [ 78%] Built target move_arm__python
[7.809s] [35m[1mScanning dependencies of target move_arm__rosidl_typesupport_c__pyext[0m
[7.809s] [35m[1mScanning dependencies of target move_arm__rosidl_typesupport_introspection_c__pyext[0m
[7.809s] [35m[1mScanning dependencies of target move_arm__rosidl_typesupport_fastrtps_c__pyext[0m
[7.823s] [ 87%] [32mBuilding C object CMakeFiles/move_arm__rosidl_typesupport_c__pyext.dir/rosidl_generator_py/move_arm/_move_arm_s.ep.rosidl_typesupport_c.c.o[0m
[7.823s] [ 87%] [32mBuilding C object CMakeFiles/move_arm__rosidl_typesupport_fastrtps_c__pyext.dir/rosidl_generator_py/move_arm/_move_arm_s.ep.rosidl_typesupport_fastrtps_c.c.o[0m
[7.823s] [ 87%] [32mBuilding C object CMakeFiles/move_arm__rosidl_typesupport_introspection_c__pyext.dir/rosidl_generator_py/move_arm/_move_arm_s.ep.rosidl_typesupport_introspection_c.c.o[0m
[7.887s] [ 96%] [32m[1mLinking C shared library rosidl_generator_py/move_arm/move_arm_s__rosidl_typesupport_c.cpython-38-x86_64-linux-gnu.so[0m
[7.887s] [ 96%] [32m[1mLinking C shared library rosidl_generator_py/move_arm/move_arm_s__rosidl_typesupport_introspection_c.cpython-38-x86_64-linux-gnu.so[0m
[7.888s] [ 96%] [32m[1mLinking CXX shared library rosidl_generator_py/move_arm/move_arm_s__rosidl_typesupport_fastrtps_c.cpython-38-x86_64-linux-gnu.so[0m
[7.918s] [ 96%] Built target move_arm__rosidl_typesupport_c__pyext
[7.918s] [ 96%] Built target move_arm__rosidl_typesupport_introspection_c__pyext
[7.935s] [ 96%] Built target move_arm__rosidl_typesupport_fastrtps_c__pyext
[11.467s] [100%] [32m[1mLinking CXX executable move_to_point[0m
[11.836s] [100%] Built target move_to_point
[11.846s] Invoked command in '/home/d-lab/workspace/ros_ur_driver/build/move_arm' returned '0': CMAKE_PREFIX_PATH=/home/d-lab/workspace/ros_ur_driver/install/moveit_visual_tools:/home/d-lab/workspace/ros_ur_driver/install/rviz_visual_tools:/home/d-lab/workspace/ros_ur_driver/install/graph_msgs:/home/d-lab/workspace/ros_ur_driver/install/eigen3_cmake_module:/home/d-lab/workspace/ros_ur_driver/install/action_tutorials_cpp:/home/d-lab/workspace/ros_ur_driver/install/move_arm_interfaces:/home/d-lab/workspace/ros_ur_driver/install/run_ompl_constrained_planning:/home/d-lab/workspace/ros_ur_driver/install/run_moveit_cpp:/home/d-lab/workspace/ros_ur_driver/install/run_move_group:/home/d-lab/workspace/ros_ur_driver/install/warehouse_ros_mongo:/home/d-lab/workspace/ros_ur_driver/install/ros2_controllers:/home/d-lab/workspace/ros_ur_driver/install/velocity_controllers:/home/d-lab/workspace/ros_ur_driver/install/ur_robot_driver:/home/d-lab/workspace/ros_ur_driver/install/ur_controllers:/home/d-lab/workspace/ros_ur_driver/install/ur_msgs:/home/d-lab/workspace/ros_ur_driver/install/ur_moveit_config:/home/d-lab/workspace/ros_ur_driver/install/ur_description:/home/d-lab/workspace/ros_ur_driver/install/ur_dashboard_msgs:/home/d-lab/workspace/ros_ur_driver/install/ur_client_library:/home/d-lab/workspace/ros_ur_driver/install/ur_bringup:/home/d-lab/workspace/ros_ur_driver/install/ur5_robotiq_moveit_config:/home/d-lab/workspace/ros_ur_driver/install/transmission_interface:/home/d-lab/workspace/ros_ur_driver/install/srdfdom:/home/d-lab/workspace/ros_ur_driver/install/move_arm:/home/d-lab/workspace/ros_ur_driver/install/ros2_control_demos:/home/d-lab/workspace/ros_ur_driver/install/ros2_control_demo_bringup:/home/d-lab/workspace/ros_ur_driver/install/rrbot_description:/home/d-lab/workspace/ros_ur_driver/install/ros2_control:/home/d-lab/workspace/ros_ur_driver/install/utils:/home/d-lab/workspace/ros_ur_driver/install/ros2controlcli:/home/d-lab/workspace/ros_ur_driver/install/ros2_control_test_nodes:/home/d-lab/workspace/ros_ur_driver/install/robotiq_control:/home/d-lab/workspace/ros_ur_driver/install/gripper_control:/opt/ros/foxy:/home/d-lab/workspace/ros_ur_driver/install/cartesian_controller_examples:/home/d-lab/workspace/ros_ur_driver/install/controller_manager:/home/d-lab/workspace/ros_ur_driver/install/ros2_control_test_assets:/home/d-lab/workspace/ros_ur_driver/install/ros2_control_demo_hardware:/home/d-lab/workspace/ros_ur_driver/install/robotiq_description:/home/d-lab/workspace/ros_ur_driver/install/position_controllers:/home/d-lab/workspace/ros_ur_driver/install/move_arm_cpp:/home/d-lab/workspace/ros_ur_driver/install/move_arm_interface:/home/d-lab/workspace/ros_ur_driver/install/joint_trajectory_controller:/home/d-lab/workspace/ros_ur_driver/install/joint_state_controller:/home/d-lab/workspace/ros_ur_driver/install/joint_state_broadcaster:/home/d-lab/workspace/ros_ur_driver/install/imu_sensor_broadcaster:/home/d-lab/workspace/ros_ur_driver/install/gripper_controllers:/home/d-lab/workspace/ros_ur_driver/install/effort_controllers:/home/d-lab/workspace/ros_ur_driver/install/forward_command_controller:/home/d-lab/workspace/ros_ur_driver/install/force_torque_sensor_broadcaster:/home/d-lab/workspace/ros_ur_driver/install/diff_drive_controller:/home/d-lab/workspace/ros_ur_driver/install/cartesian_compliance_controller:/home/d-lab/workspace/ros_ur_driver/install/cartesian_motion_controller:/home/d-lab/workspace/ros_ur_driver/install/cartesian_force_controller:/home/d-lab/workspace/ros_ur_driver/install/cartesian_controller_handles:/home/d-lab/workspace/ros_ur_driver/install/cartesian_controller_base:/home/d-lab/workspace/ros_ur_driver/install/controller_interface:/home/d-lab/workspace/ros_ur_driver/install/hardware_interface:/home/d-lab/workspace/ros_ur_driver/install/filters:/home/d-lab/workspace/ros_ur_driver/install/diffbot_description:/home/d-lab/workspace/ros_ur_driver/install/controller_manager_msgs:/home/d-lab/workspace/ros_ur_driver/install/control_msgs:/home/d-lab/workspace/ros_ur_driver/install/chomp_motion_planner:/home/d-lab/workspace/ros_ur_driver/install/action_tutorials_interfaces LD_LIBRARY_PATH=/home/d-lab/workspace/ros_ur_driver/install/moveit_visual_tools/lib:/home/d-lab/workspace/ros_ur_driver/install/rviz_visual_tools/lib:/home/d-lab/workspace/ros_ur_driver/install/graph_msgs/lib:/home/d-lab/workspace/ros_ur_driver/install/action_tutorials_cpp/lib:/home/d-lab/workspace/ros_ur_driver/install/move_arm_interfaces/lib:/home/d-lab/workspace/ros_ur_driver/install/warehouse_ros_mongo/lib:/home/d-lab/workspace/ros_ur_driver/install/velocity_controllers/lib:/home/d-lab/workspace/ros_ur_driver/install/ur_robot_driver/lib:/home/d-lab/workspace/ros_ur_driver/install/ur_controllers/lib:/home/d-lab/workspace/ros_ur_driver/install/ur_msgs/lib:/home/d-lab/workspace/ros_ur_driver/install/ur_dashboard_msgs/lib:/home/d-lab/workspace/ros_ur_driver/install/ur_client_library/lib:/home/d-lab/workspace/ros_ur_driver/install/srdfdom/lib:/home/d-lab/workspace/ros_ur_driver/install/move_arm/lib:/home/d-lab/workspace/ros_ur_driver/install/controller_manager/lib:/home/d-lab/workspace/ros_ur_driver/install/ros2_control_demo_hardware/lib:/home/d-lab/workspace/ros_ur_driver/install/position_controllers/lib:/home/d-lab/workspace/ros_ur_driver/install/move_arm_interface/lib:/home/d-lab/workspace/ros_ur_driver/install/joint_trajectory_controller/lib:/home/d-lab/workspace/ros_ur_driver/install/joint_state_controller/lib:/home/d-lab/workspace/ros_ur_driver/install/joint_state_broadcaster/lib:/home/d-lab/workspace/ros_ur_driver/install/imu_sensor_broadcaster/lib:/home/d-lab/workspace/ros_ur_driver/install/gripper_controllers/lib:/home/d-lab/workspace/ros_ur_driver/install/effort_controllers/lib:/home/d-lab/workspace/ros_ur_driver/install/forward_command_controller/lib:/home/d-lab/workspace/ros_ur_driver/install/force_torque_sensor_broadcaster/lib:/home/d-lab/workspace/ros_ur_driver/install/diff_drive_controller/lib:/home/d-lab/workspace/ros_ur_driver/install/cartesian_compliance_controller/lib:/home/d-lab/workspace/ros_ur_driver/install/cartesian_motion_controller/lib:/home/d-lab/workspace/ros_ur_driver/install/cartesian_force_controller/lib:/home/d-lab/workspace/ros_ur_driver/install/cartesian_controller_handles/lib:/home/d-lab/workspace/ros_ur_driver/install/cartesian_controller_base/lib:/home/d-lab/workspace/ros_ur_driver/install/controller_interface/lib:/home/d-lab/workspace/ros_ur_driver/install/hardware_interface/lib:/home/d-lab/workspace/ros_ur_driver/install/filters/lib:/home/d-lab/workspace/ros_ur_driver/install/controller_manager_msgs/lib:/home/d-lab/workspace/ros_ur_driver/install/control_msgs/lib:/home/d-lab/workspace/ros_ur_driver/install/chomp_motion_planner/lib:/home/d-lab/workspace/ros_ur_driver/install/action_tutorials_interfaces/lib:/opt/ros/foxy/opt/yaml_cpp_vendor/lib:/opt/ros/foxy/opt/rviz_ogre_vendor/lib:/opt/ros/foxy/lib/x86_64-linux-gnu:/opt/ros/foxy/lib PYTHONPATH=/home/d-lab/workspace/ros_ur_driver/install/graph_msgs/lib/python3.8/site-packages:/home/d-lab/workspace/ros_ur_driver/install/move_arm_interfaces/lib/python3.8/site-packages:/home/d-lab/workspace/ros_ur_driver/install/warehouse_ros_mongo/lib/python3.8/site-packages:/home/d-lab/workspace/ros_ur_driver/install/utils/lib/python3.8/site-packages:/home/d-lab/workspace/ros_ur_driver/install/ur_msgs/lib/python3.8/site-packages:/home/d-lab/workspace/ros_ur_driver/install/ur_dashboard_msgs/lib/python3.8/site-packages:/home/d-lab/workspace/ros_ur_driver/install/srdfdom/lib/python3.8/site-packages:/home/d-lab/workspace/ros_ur_driver/install/move_arm/lib/python3.8/site-packages:/home/d-lab/workspace/ros_ur_driver/install/ros2controlcli/lib/python3.8/site-packages:/home/d-lab/workspace/ros_ur_driver/install/ros2_control_test_nodes/lib/python3.8/site-packages:/home/d-lab/workspace/ros_ur_driver/install/controller_manager/lib/python3.8/site-packages:/home/d-lab/workspace/ros_ur_driver/install/robotiq_control/lib/python3.8/site-packages:/home/d-lab/workspace/ros_ur_driver/install/move_arm_interface/lib/python3.8/site-packages:/home/d-lab/workspace/ros_ur_driver/install/gripper_control/lib/python3.8/site-packages:/home/d-lab/workspace/ros_ur_driver/install/controller_manager_msgs/lib/python3.8/site-packages:/home/d-lab/workspace/ros_ur_driver/install/control_msgs/lib/python3.8/site-packages:/home/d-lab/workspace/ros_ur_driver/install/action_tutorials_interfaces/lib/python3.8/site-packages:/opt/ros/foxy/lib/python3.8/site-packages /usr/bin/cmake --build /home/d-lab/workspace/ros_ur_driver/build/move_arm -- -j16 -l16
[11.918s] Invoking command in '/home/d-lab/workspace/ros_ur_driver/build/move_arm': CMAKE_PREFIX_PATH=/home/d-lab/workspace/ros_ur_driver/install/moveit_visual_tools:/home/d-lab/workspace/ros_ur_driver/install/rviz_visual_tools:/home/d-lab/workspace/ros_ur_driver/install/graph_msgs:/home/d-lab/workspace/ros_ur_driver/install/eigen3_cmake_module:/home/d-lab/workspace/ros_ur_driver/install/action_tutorials_cpp:/home/d-lab/workspace/ros_ur_driver/install/move_arm_interfaces:/home/d-lab/workspace/ros_ur_driver/install/run_ompl_constrained_planning:/home/d-lab/workspace/ros_ur_driver/install/run_moveit_cpp:/home/d-lab/workspace/ros_ur_driver/install/run_move_group:/home/d-lab/workspace/ros_ur_driver/install/warehouse_ros_mongo:/home/d-lab/workspace/ros_ur_driver/install/ros2_controllers:/home/d-lab/workspace/ros_ur_driver/install/velocity_controllers:/home/d-lab/workspace/ros_ur_driver/install/ur_robot_driver:/home/d-lab/workspace/ros_ur_driver/install/ur_controllers:/home/d-lab/workspace/ros_ur_driver/install/ur_msgs:/home/d-lab/workspace/ros_ur_driver/install/ur_moveit_config:/home/d-lab/workspace/ros_ur_driver/install/ur_description:/home/d-lab/workspace/ros_ur_driver/install/ur_dashboard_msgs:/home/d-lab/workspace/ros_ur_driver/install/ur_client_library:/home/d-lab/workspace/ros_ur_driver/install/ur_bringup:/home/d-lab/workspace/ros_ur_driver/install/ur5_robotiq_moveit_config:/home/d-lab/workspace/ros_ur_driver/install/transmission_interface:/home/d-lab/workspace/ros_ur_driver/install/srdfdom:/home/d-lab/workspace/ros_ur_driver/install/move_arm:/home/d-lab/workspace/ros_ur_driver/install/ros2_control_demos:/home/d-lab/workspace/ros_ur_driver/install/ros2_control_demo_bringup:/home/d-lab/workspace/ros_ur_driver/install/rrbot_description:/home/d-lab/workspace/ros_ur_driver/install/ros2_control:/home/d-lab/workspace/ros_ur_driver/install/utils:/home/d-lab/workspace/ros_ur_driver/install/ros2controlcli:/home/d-lab/workspace/ros_ur_driver/install/ros2_control_test_nodes:/home/d-lab/workspace/ros_ur_driver/install/robotiq_control:/home/d-lab/workspace/ros_ur_driver/install/gripper_control:/opt/ros/foxy:/home/d-lab/workspace/ros_ur_driver/install/cartesian_controller_examples:/home/d-lab/workspace/ros_ur_driver/install/controller_manager:/home/d-lab/workspace/ros_ur_driver/install/ros2_control_test_assets:/home/d-lab/workspace/ros_ur_driver/install/ros2_control_demo_hardware:/home/d-lab/workspace/ros_ur_driver/install/robotiq_description:/home/d-lab/workspace/ros_ur_driver/install/position_controllers:/home/d-lab/workspace/ros_ur_driver/install/move_arm_cpp:/home/d-lab/workspace/ros_ur_driver/install/move_arm_interface:/home/d-lab/workspace/ros_ur_driver/install/joint_trajectory_controller:/home/d-lab/workspace/ros_ur_driver/install/joint_state_controller:/home/d-lab/workspace/ros_ur_driver/install/joint_state_broadcaster:/home/d-lab/workspace/ros_ur_driver/install/imu_sensor_broadcaster:/home/d-lab/workspace/ros_ur_driver/install/gripper_controllers:/home/d-lab/workspace/ros_ur_driver/install/effort_controllers:/home/d-lab/workspace/ros_ur_driver/install/forward_command_controller:/home/d-lab/workspace/ros_ur_driver/install/force_torque_sensor_broadcaster:/home/d-lab/workspace/ros_ur_driver/install/diff_drive_controller:/home/d-lab/workspace/ros_ur_driver/install/cartesian_compliance_controller:/home/d-lab/workspace/ros_ur_driver/install/cartesian_motion_controller:/home/d-lab/workspace/ros_ur_driver/install/cartesian_force_controller:/home/d-lab/workspace/ros_ur_driver/install/cartesian_controller_handles:/home/d-lab/workspace/ros_ur_driver/install/cartesian_controller_base:/home/d-lab/workspace/ros_ur_driver/install/controller_interface:/home/d-lab/workspace/ros_ur_driver/install/hardware_interface:/home/d-lab/workspace/ros_ur_driver/install/filters:/home/d-lab/workspace/ros_ur_driver/install/diffbot_description:/home/d-lab/workspace/ros_ur_driver/install/controller_manager_msgs:/home/d-lab/workspace/ros_ur_driver/install/control_msgs:/home/d-lab/workspace/ros_ur_driver/install/chomp_motion_planner:/home/d-lab/workspace/ros_ur_driver/install/action_tutorials_interfaces LD_LIBRARY_PATH=/home/d-lab/workspace/ros_ur_driver/install/moveit_visual_tools/lib:/home/d-lab/workspace/ros_ur_driver/install/rviz_visual_tools/lib:/home/d-lab/workspace/ros_ur_driver/install/graph_msgs/lib:/home/d-lab/workspace/ros_ur_driver/install/action_tutorials_cpp/lib:/home/d-lab/workspace/ros_ur_driver/install/move_arm_interfaces/lib:/home/d-lab/workspace/ros_ur_driver/install/warehouse_ros_mongo/lib:/home/d-lab/workspace/ros_ur_driver/install/velocity_controllers/lib:/home/d-lab/workspace/ros_ur_driver/install/ur_robot_driver/lib:/home/d-lab/workspace/ros_ur_driver/install/ur_controllers/lib:/home/d-lab/workspace/ros_ur_driver/install/ur_msgs/lib:/home/d-lab/workspace/ros_ur_driver/install/ur_dashboard_msgs/lib:/home/d-lab/workspace/ros_ur_driver/install/ur_client_library/lib:/home/d-lab/workspace/ros_ur_driver/install/srdfdom/lib:/home/d-lab/workspace/ros_ur_driver/install/move_arm/lib:/home/d-lab/workspace/ros_ur_driver/install/controller_manager/lib:/home/d-lab/workspace/ros_ur_driver/install/ros2_control_demo_hardware/lib:/home/d-lab/workspace/ros_ur_driver/install/position_controllers/lib:/home/d-lab/workspace/ros_ur_driver/install/move_arm_interface/lib:/home/d-lab/workspace/ros_ur_driver/install/joint_trajectory_controller/lib:/home/d-lab/workspace/ros_ur_driver/install/joint_state_controller/lib:/home/d-lab/workspace/ros_ur_driver/install/joint_state_broadcaster/lib:/home/d-lab/workspace/ros_ur_driver/install/imu_sensor_broadcaster/lib:/home/d-lab/workspace/ros_ur_driver/install/gripper_controllers/lib:/home/d-lab/workspace/ros_ur_driver/install/effort_controllers/lib:/home/d-lab/workspace/ros_ur_driver/install/forward_command_controller/lib:/home/d-lab/workspace/ros_ur_driver/install/force_torque_sensor_broadcaster/lib:/home/d-lab/workspace/ros_ur_driver/install/diff_drive_controller/lib:/home/d-lab/workspace/ros_ur_driver/install/cartesian_compliance_controller/lib:/home/d-lab/workspace/ros_ur_driver/install/cartesian_motion_controller/lib:/home/d-lab/workspace/ros_ur_driver/install/cartesian_force_controller/lib:/home/d-lab/workspace/ros_ur_driver/install/cartesian_controller_handles/lib:/home/d-lab/workspace/ros_ur_driver/install/cartesian_controller_base/lib:/home/d-lab/workspace/ros_ur_driver/install/controller_interface/lib:/home/d-lab/workspace/ros_ur_driver/install/hardware_interface/lib:/home/d-lab/workspace/ros_ur_driver/install/filters/lib:/home/d-lab/workspace/ros_ur_driver/install/controller_manager_msgs/lib:/home/d-lab/workspace/ros_ur_driver/install/control_msgs/lib:/home/d-lab/workspace/ros_ur_driver/install/chomp_motion_planner/lib:/home/d-lab/workspace/ros_ur_driver/install/action_tutorials_interfaces/lib:/opt/ros/foxy/opt/yaml_cpp_vendor/lib:/opt/ros/foxy/opt/rviz_ogre_vendor/lib:/opt/ros/foxy/lib/x86_64-linux-gnu:/opt/ros/foxy/lib PYTHONPATH=/home/d-lab/workspace/ros_ur_driver/install/graph_msgs/lib/python3.8/site-packages:/home/d-lab/workspace/ros_ur_driver/install/move_arm_interfaces/lib/python3.8/site-packages:/home/d-lab/workspace/ros_ur_driver/install/warehouse_ros_mongo/lib/python3.8/site-packages:/home/d-lab/workspace/ros_ur_driver/install/utils/lib/python3.8/site-packages:/home/d-lab/workspace/ros_ur_driver/install/ur_msgs/lib/python3.8/site-packages:/home/d-lab/workspace/ros_ur_driver/install/ur_dashboard_msgs/lib/python3.8/site-packages:/home/d-lab/workspace/ros_ur_driver/install/srdfdom/lib/python3.8/site-packages:/home/d-lab/workspace/ros_ur_driver/install/move_arm/lib/python3.8/site-packages:/home/d-lab/workspace/ros_ur_driver/install/ros2controlcli/lib/python3.8/site-packages:/home/d-lab/workspace/ros_ur_driver/install/ros2_control_test_nodes/lib/python3.8/site-packages:/home/d-lab/workspace/ros_ur_driver/install/controller_manager/lib/python3.8/site-packages:/home/d-lab/workspace/ros_ur_driver/install/robotiq_control/lib/python3.8/site-packages:/home/d-lab/workspace/ros_ur_driver/install/move_arm_interface/lib/python3.8/site-packages:/home/d-lab/workspace/ros_ur_driver/install/gripper_control/lib/python3.8/site-packages:/home/d-lab/workspace/ros_ur_driver/install/controller_manager_msgs/lib/python3.8/site-packages:/home/d-lab/workspace/ros_ur_driver/install/control_msgs/lib/python3.8/site-packages:/home/d-lab/workspace/ros_ur_driver/install/action_tutorials_interfaces/lib/python3.8/site-packages:/opt/ros/foxy/lib/python3.8/site-packages /usr/bin/cmake --install /home/d-lab/workspace/ros_ur_driver/build/move_arm
[11.925s] -- Install configuration: ""
[11.926s] -- Installing: /home/d-lab/workspace/ros_ur_driver/install/move_arm/share/ament_index/resource_index/rosidl_interfaces/move_arm
[11.926s] -- Installing: /home/d-lab/workspace/ros_ur_driver/install/move_arm/include/move_arm
[11.926s] -- Installing: /home/d-lab/workspace/ros_ur_driver/install/move_arm/include/move_arm/action
[11.926s] -- Installing: /home/d-lab/workspace/ros_ur_driver/install/move_arm/include/move_arm/action/move_arm.h
[11.926s] -- Installing: /home/d-lab/workspace/ros_ur_driver/install/move_arm/include/move_arm/action/detail
[11.926s] -- Installing: /home/d-lab/workspace/ros_ur_driver/install/move_arm/include/move_arm/action/detail/move_arm__functions.h
[11.926s] -- Installing: /home/d-lab/workspace/ros_ur_driver/install/move_arm/include/move_arm/action/detail/move_arm__type_support.h
[11.926s] -- Installing: /home/d-lab/workspace/ros_ur_driver/install/move_arm/include/move_arm/action/detail/move_arm__functions.c
[11.926s] -- Installing: /home/d-lab/workspace/ros_ur_driver/install/move_arm/include/move_arm/action/detail/move_arm__struct.h
[11.926s] -- Installing: /home/d-lab/workspace/ros_ur_driver/install/move_arm/include/move_arm/msg
[11.926s] -- Installing: /home/d-lab/workspace/ros_ur_driver/install/move_arm/include/move_arm/msg/rosidl_generator_c__visibility_control.h
[11.926s] -- Installing: /home/d-lab/workspace/ros_ur_driver/install/move_arm/share/move_arm/environment/library_path.sh
[11.926s] -- Installing: /home/d-lab/workspace/ros_ur_driver/install/move_arm/share/move_arm/environment/library_path.dsv
[11.926s] -- Installing: /home/d-lab/workspace/ros_ur_driver/install/move_arm/lib/libmove_arm__rosidl_generator_c.so
[11.926s] -- Set runtime path of "/home/d-lab/workspace/ros_ur_driver/install/move_arm/lib/libmove_arm__rosidl_generator_c.so" to ""
[11.926s] -- Up-to-date: /home/d-lab/workspace/ros_ur_driver/install/move_arm/include/move_arm
[11.926s] -- Up-to-date: /home/d-lab/workspace/ros_ur_driver/install/move_arm/include/move_arm/action
[11.926s] -- Up-to-date: /home/d-lab/workspace/ros_ur_driver/install/move_arm/include/move_arm/action/detail
[11.927s] -- Installing: /home/d-lab/workspace/ros_ur_driver/install/move_arm/include/move_arm/action/detail/move_arm__rosidl_typesupport_fastrtps_c.h
[11.927s] -- Up-to-date: /home/d-lab/workspace/ros_ur_driver/install/move_arm/include/move_arm/msg
[11.927s] -- Installing: /home/d-lab/workspace/ros_ur_driver/install/move_arm/include/move_arm/msg/rosidl_typesupport_fastrtps_c__visibility_control.h
[11.927s] -- Installing: /home/d-lab/workspace/ros_ur_driver/install/move_arm/lib/libmove_arm__rosidl_typesupport_fastrtps_c.so
[11.927s] -- Set runtime path of "/home/d-lab/workspace/ros_ur_driver/install/move_arm/lib/libmove_arm__rosidl_typesupport_fastrtps_c.so" to ""
[11.927s] -- Up-to-date: /home/d-lab/workspace/ros_ur_driver/install/move_arm/include/move_arm
[11.927s] -- Up-to-date: /home/d-lab/workspace/ros_ur_driver/install/move_arm/include/move_arm/action
[11.927s] -- Up-to-date: /home/d-lab/workspace/ros_ur_driver/install/move_arm/include/move_arm/action/detail
[11.927s] -- Installing: /home/d-lab/workspace/ros_ur_driver/install/move_arm/include/move_arm/action/detail/dds_fastrtps
[11.927s] -- Installing: /home/d-lab/workspace/ros_ur_driver/install/move_arm/include/move_arm/action/detail/move_arm__rosidl_typesupport_fastrtps_cpp.hpp
[11.927s] -- Up-to-date: /home/d-lab/workspace/ros_ur_driver/install/move_arm/include/move_arm/msg
[11.927s] -- Installing: /home/d-lab/workspace/ros_ur_driver/install/move_arm/include/move_arm/msg/rosidl_typesupport_fastrtps_cpp__visibility_control.h
[11.927s] -- Installing: /home/d-lab/workspace/ros_ur_driver/install/move_arm/lib/libmove_arm__rosidl_typesupport_fastrtps_cpp.so
[11.927s] -- Set runtime path of "/home/d-lab/workspace/ros_ur_driver/install/move_arm/lib/libmove_arm__rosidl_typesupport_fastrtps_cpp.so" to ""
[11.927s] -- Up-to-date: /home/d-lab/workspace/ros_ur_driver/install/move_arm/include/move_arm
[11.927s] -- Up-to-date: /home/d-lab/workspace/ros_ur_driver/install/move_arm/include/move_arm/action
[11.927s] -- Up-to-date: /home/d-lab/workspace/ros_ur_driver/install/move_arm/include/move_arm/action/detail
[11.927s] -- Installing: /home/d-lab/workspace/ros_ur_driver/install/move_arm/include/move_arm/action/detail/move_arm__type_support.c
[11.927s] -- Installing: /home/d-lab/workspace/ros_ur_driver/install/move_arm/include/move_arm/action/detail/move_arm__rosidl_typesupport_introspection_c.h
[11.927s] -- Up-to-date: /home/d-lab/workspace/ros_ur_driver/install/move_arm/include/move_arm/msg
[11.927s] -- Installing: /home/d-lab/workspace/ros_ur_driver/install/move_arm/include/move_arm/msg/rosidl_typesupport_introspection_c__visibility_control.h
[11.928s] -- Installing: /home/d-lab/workspace/ros_ur_driver/install/move_arm/lib/libmove_arm__rosidl_typesupport_introspection_c.so
[11.928s] -- Set runtime path of "/home/d-lab/workspace/ros_ur_driver/install/move_arm/lib/libmove_arm__rosidl_typesupport_introspection_c.so" to ""
[11.928s] -- Installing: /home/d-lab/workspace/ros_ur_driver/install/move_arm/lib/libmove_arm__rosidl_typesupport_c.so
[11.928s] -- Set runtime path of "/home/d-lab/workspace/ros_ur_driver/install/move_arm/lib/libmove_arm__rosidl_typesupport_c.so" to ""
[11.928s] -- Up-to-date: /home/d-lab/workspace/ros_ur_driver/install/move_arm/include/move_arm
[11.928s] -- Up-to-date: /home/d-lab/workspace/ros_ur_driver/install/move_arm/include/move_arm/action
[11.928s] -- Installing: /home/d-lab/workspace/ros_ur_driver/install/move_arm/include/move_arm/action/move_arm.hpp
[11.928s] -- Up-to-date: /home/d-lab/workspace/ros_ur_driver/install/move_arm/include/move_arm/action/detail
[11.928s] -- Installing: /home/d-lab/workspace/ros_ur_driver/install/move_arm/include/move_arm/action/detail/move_arm__traits.hpp
[11.928s] -- Installing: /home/d-lab/workspace/ros_ur_driver/install/move_arm/include/move_arm/action/detail/move_arm__builder.hpp
[11.928s] -- Installing: /home/d-lab/workspace/ros_ur_driver/install/move_arm/include/move_arm/action/detail/move_arm__struct.hpp
[11.928s] -- Up-to-date: /home/d-lab/workspace/ros_ur_driver/install/move_arm/include/move_arm
[11.928s] -- Up-to-date: /home/d-lab/workspace/ros_ur_driver/install/move_arm/include/move_arm/action
[11.928s] -- Up-to-date: /home/d-lab/workspace/ros_ur_driver/install/move_arm/include/move_arm/action/detail
[11.928s] -- Installing: /home/d-lab/workspace/ros_ur_driver/install/move_arm/include/move_arm/action/detail/move_arm__type_support.cpp
[11.928s] -- Installing: /home/d-lab/workspace/ros_ur_driver/install/move_arm/include/move_arm/action/detail/move_arm__rosidl_typesupport_introspection_cpp.hpp
[11.928s] -- Installing: /home/d-lab/workspace/ros_ur_driver/install/move_arm/lib/libmove_arm__rosidl_typesupport_introspection_cpp.so
[11.928s] -- Set runtime path of "/home/d-lab/workspace/ros_ur_driver/install/move_arm/lib/libmove_arm__rosidl_typesupport_introspection_cpp.so" to ""
[11.929s] -- Installing: /home/d-lab/workspace/ros_ur_driver/install/move_arm/lib/libmove_arm__rosidl_typesupport_cpp.so
[11.929s] -- Set runtime path of "/home/d-lab/workspace/ros_ur_driver/install/move_arm/lib/libmove_arm__rosidl_typesupport_cpp.so" to ""
[11.929s] -- Installing: /home/d-lab/workspace/ros_ur_driver/install/move_arm/share/move_arm/environment/pythonpath.sh
[11.929s] -- Installing: /home/d-lab/workspace/ros_ur_driver/install/move_arm/share/move_arm/environment/pythonpath.dsv
[11.929s] -- Installing: /home/d-lab/workspace/ros_ur_driver/install/move_arm/lib/python3.8/site-packages/move_arm/__init__.py
[11.951s] Compiling '/home/d-lab/workspace/ros_ur_driver/install/move_arm/lib/python3.8/site-packages/move_arm/__init__.py'...
[11.953s] -- Installing: /home/d-lab/workspace/ros_ur_driver/install/move_arm/lib/python3.8/site-packages/move_arm/action
[11.953s] -- Installing: /home/d-lab/workspace/ros_ur_driver/install/move_arm/lib/python3.8/site-packages/move_arm/action/_move_arm_s.c
[11.953s] -- Installing: /home/d-lab/workspace/ros_ur_driver/install/move_arm/lib/python3.8/site-packages/move_arm/action/_move_arm.py
[11.954s] -- Installing: /home/d-lab/workspace/ros_ur_driver/install/move_arm/lib/python3.8/site-packages/move_arm/action/__init__.py
[11.954s] -- Installing: /home/d-lab/workspace/ros_ur_driver/install/move_arm/lib/python3.8/site-packages/move_arm/move_arm_s__rosidl_typesupport_fastrtps_c.cpython-38-x86_64-linux-gnu.so
[11.954s] -- Set runtime path of "/home/d-lab/workspace/ros_ur_driver/install/move_arm/lib/python3.8/site-packages/move_arm/move_arm_s__rosidl_typesupport_fastrtps_c.cpython-38-x86_64-linux-gnu.so" to ""
[11.954s] -- Installing: /home/d-lab/workspace/ros_ur_driver/install/move_arm/lib/python3.8/site-packages/move_arm/move_arm_s__rosidl_typesupport_introspection_c.cpython-38-x86_64-linux-gnu.so
[11.954s] -- Set runtime path of "/home/d-lab/workspace/ros_ur_driver/install/move_arm/lib/python3.8/site-packages/move_arm/move_arm_s__rosidl_typesupport_introspection_c.cpython-38-x86_64-linux-gnu.so" to ""
[11.954s] -- Installing: /home/d-lab/workspace/ros_ur_driver/install/move_arm/lib/python3.8/site-packages/move_arm/move_arm_s__rosidl_typesupport_c.cpython-38-x86_64-linux-gnu.so
[11.955s] -- Set runtime path of "/home/d-lab/workspace/ros_ur_driver/install/move_arm/lib/python3.8/site-packages/move_arm/move_arm_s__rosidl_typesupport_c.cpython-38-x86_64-linux-gnu.so" to ""
[11.955s] -- Installing: /home/d-lab/workspace/ros_ur_driver/install/move_arm/lib/libmove_arm__python.so
[11.955s] -- Set runtime path of "/home/d-lab/workspace/ros_ur_driver/install/move_arm/lib/libmove_arm__python.so" to ""
[11.955s] -- Installing: /home/d-lab/workspace/ros_ur_driver/install/move_arm/share/move_arm/action/MoveArm.idl
[11.955s] -- Installing: /home/d-lab/workspace/ros_ur_driver/install/move_arm/share/move_arm/action/MoveArm.action
[11.955s] -- Installing: /home/d-lab/workspace/ros_ur_driver/install/move_arm/lib/move_arm/move_to_point
[11.955s] -- Set runtime path of "/home/d-lab/workspace/ros_ur_driver/install/move_arm/lib/move_arm/move_to_point" to ""
[11.956s] -- Installing: /home/d-lab/workspace/ros_ur_driver/install/move_arm/share/move_arm/launch
[11.956s] -- Installing: /home/d-lab/workspace/ros_ur_driver/install/move_arm/share/move_arm/launch/move_arm.launch.py
[11.956s] -- Up-to-date: /home/d-lab/workspace/ros_ur_driver/install/move_arm/share/move_arm/action
[11.956s] -- Up-to-date: /home/d-lab/workspace/ros_ur_driver/install/move_arm/share/move_arm/action/MoveArm.action
[11.956s] -- Installing: /home/d-lab/workspace/ros_ur_driver/install/move_arm/share/ament_index/resource_index/package_run_dependencies/move_arm
[11.956s] -- Installing: /home/d-lab/workspace/ros_ur_driver/install/move_arm/share/ament_index/resource_index/parent_prefix_path/move_arm
[11.956s] -- Installing: /home/d-lab/workspace/ros_ur_driver/install/move_arm/share/move_arm/environment/ament_prefix_path.sh
[11.956s] -- Installing: /home/d-lab/workspace/ros_ur_driver/install/move_arm/share/move_arm/environment/ament_prefix_path.dsv
[11.956s] -- Installing: /home/d-lab/workspace/ros_ur_driver/install/move_arm/share/move_arm/environment/path.sh
[11.956s] -- Installing: /home/d-lab/workspace/ros_ur_driver/install/move_arm/share/move_arm/environment/path.dsv
[11.956s] -- Installing: /home/d-lab/workspace/ros_ur_driver/install/move_arm/share/move_arm/local_setup.bash
[11.956s] -- Installing: /home/d-lab/workspace/ros_ur_driver/install/move_arm/share/move_arm/local_setup.sh
[11.956s] -- Installing: /home/d-lab/workspace/ros_ur_driver/install/move_arm/share/move_arm/local_setup.zsh
[11.956s] -- Installing: /home/d-lab/workspace/ros_ur_driver/install/move_arm/share/move_arm/local_setup.dsv
[11.956s] -- Installing: /home/d-lab/workspace/ros_ur_driver/install/move_arm/share/move_arm/package.dsv
[11.956s] -- Installing: /home/d-lab/workspace/ros_ur_driver/install/move_arm/share/ament_index/resource_index/packages/move_arm
[11.956s] -- Installing: /home/d-lab/workspace/ros_ur_driver/install/move_arm/share/move_arm/cmake/move_arm__rosidl_generator_cExport.cmake
[11.956s] -- Installing: /home/d-lab/workspace/ros_ur_driver/install/move_arm/share/move_arm/cmake/move_arm__rosidl_generator_cExport-noconfig.cmake
[11.956s] -- Installing: /home/d-lab/workspace/ros_ur_driver/install/move_arm/share/move_arm/cmake/move_arm__rosidl_typesupport_introspection_cExport.cmake
[11.956s] -- Installing: /home/d-lab/workspace/ros_ur_driver/install/move_arm/share/move_arm/cmake/move_arm__rosidl_typesupport_introspection_cExport-noconfig.cmake
[11.957s] -- Installing: /home/d-lab/workspace/ros_ur_driver/install/move_arm/share/move_arm/cmake/move_arm__rosidl_typesupport_cExport.cmake
[11.957s] -- Installing: /home/d-lab/workspace/ros_ur_driver/install/move_arm/share/move_arm/cmake/move_arm__rosidl_typesupport_cExport-noconfig.cmake
[11.957s] -- Installing: /home/d-lab/workspace/ros_ur_driver/install/move_arm/share/move_arm/cmake/move_arm__rosidl_generator_cppExport.cmake
[11.957s] -- Installing: /home/d-lab/workspace/ros_ur_driver/install/move_arm/share/move_arm/cmake/move_arm__rosidl_typesupport_introspection_cppExport.cmake
[11.957s] -- Installing: /home/d-lab/workspace/ros_ur_driver/install/move_arm/share/move_arm/cmake/move_arm__rosidl_typesupport_introspection_cppExport-noconfig.cmake
[11.957s] -- Installing: /home/d-lab/workspace/ros_ur_driver/install/move_arm/share/move_arm/cmake/move_arm__rosidl_typesupport_cppExport.cmake
[11.957s] -- Installing: /home/d-lab/workspace/ros_ur_driver/install/move_arm/share/move_arm/cmake/move_arm__rosidl_typesupport_cppExport-noconfig.cmake
[11.957s] -- Installing: /home/d-lab/workspace/ros_ur_driver/install/move_arm/share/move_arm/cmake/rosidl_cmake-extras.cmake
[11.957s] -- Installing: /home/d-lab/workspace/ros_ur_driver/install/move_arm/share/move_arm/cmake/ament_cmake_export_dependencies-extras.cmake
[11.957s] -- Installing: /home/d-lab/workspace/ros_ur_driver/install/move_arm/share/move_arm/cmake/ament_cmake_export_libraries-extras.cmake
[11.957s] -- Installing: /home/d-lab/workspace/ros_ur_driver/install/move_arm/share/move_arm/cmake/ament_cmake_export_targets-extras.cmake
[11.957s] -- Installing: /home/d-lab/workspace/ros_ur_driver/install/move_arm/share/move_arm/cmake/ament_cmake_export_include_directories-extras.cmake
[11.957s] -- Installing: /home/d-lab/workspace/ros_ur_driver/install/move_arm/share/move_arm/cmake/rosidl_cmake_export_typesupport_libraries-extras.cmake
[11.957s] -- Installing: /home/d-lab/workspace/ros_ur_driver/install/move_arm/share/move_arm/cmake/rosidl_cmake_export_typesupport_targets-extras.cmake
[11.957s] -- Installing: /home/d-lab/workspace/ros_ur_driver/install/move_arm/share/move_arm/cmake/move_armConfig.cmake
[11.958s] -- Installing: /home/d-lab/workspace/ros_ur_driver/install/move_arm/share/move_arm/cmake/move_armConfig-version.cmake
[11.958s] -- Installing: /home/d-lab/workspace/ros_ur_driver/install/move_arm/share/move_arm/package.xml
[11.960s] Invoked command in '/home/d-lab/workspace/ros_ur_driver/build/move_arm' returned '0': CMAKE_PREFIX_PATH=/home/d-lab/workspace/ros_ur_driver/install/moveit_visual_tools:/home/d-lab/workspace/ros_ur_driver/install/rviz_visual_tools:/home/d-lab/workspace/ros_ur_driver/install/graph_msgs:/home/d-lab/workspace/ros_ur_driver/install/eigen3_cmake_module:/home/d-lab/workspace/ros_ur_driver/install/action_tutorials_cpp:/home/d-lab/workspace/ros_ur_driver/install/move_arm_interfaces:/home/d-lab/workspace/ros_ur_driver/install/run_ompl_constrained_planning:/home/d-lab/workspace/ros_ur_driver/install/run_moveit_cpp:/home/d-lab/workspace/ros_ur_driver/install/run_move_group:/home/d-lab/workspace/ros_ur_driver/install/warehouse_ros_mongo:/home/d-lab/workspace/ros_ur_driver/install/ros2_controllers:/home/d-lab/workspace/ros_ur_driver/install/velocity_controllers:/home/d-lab/workspace/ros_ur_driver/install/ur_robot_driver:/home/d-lab/workspace/ros_ur_driver/install/ur_controllers:/home/d-lab/workspace/ros_ur_driver/install/ur_msgs:/home/d-lab/workspace/ros_ur_driver/install/ur_moveit_config:/home/d-lab/workspace/ros_ur_driver/install/ur_description:/home/d-lab/workspace/ros_ur_driver/install/ur_dashboard_msgs:/home/d-lab/workspace/ros_ur_driver/install/ur_client_library:/home/d-lab/workspace/ros_ur_driver/install/ur_bringup:/home/d-lab/workspace/ros_ur_driver/install/ur5_robotiq_moveit_config:/home/d-lab/workspace/ros_ur_driver/install/transmission_interface:/home/d-lab/workspace/ros_ur_driver/install/srdfdom:/home/d-lab/workspace/ros_ur_driver/install/move_arm:/home/d-lab/workspace/ros_ur_driver/install/ros2_control_demos:/home/d-lab/workspace/ros_ur_driver/install/ros2_control_demo_bringup:/home/d-lab/workspace/ros_ur_driver/install/rrbot_description:/home/d-lab/workspace/ros_ur_driver/install/ros2_control:/home/d-lab/workspace/ros_ur_driver/install/utils:/home/d-lab/workspace/ros_ur_driver/install/ros2controlcli:/home/d-lab/workspace/ros_ur_driver/install/ros2_control_test_nodes:/home/d-lab/workspace/ros_ur_driver/install/robotiq_control:/home/d-lab/workspace/ros_ur_driver/install/gripper_control:/opt/ros/foxy:/home/d-lab/workspace/ros_ur_driver/install/cartesian_controller_examples:/home/d-lab/workspace/ros_ur_driver/install/controller_manager:/home/d-lab/workspace/ros_ur_driver/install/ros2_control_test_assets:/home/d-lab/workspace/ros_ur_driver/install/ros2_control_demo_hardware:/home/d-lab/workspace/ros_ur_driver/install/robotiq_description:/home/d-lab/workspace/ros_ur_driver/install/position_controllers:/home/d-lab/workspace/ros_ur_driver/install/move_arm_cpp:/home/d-lab/workspace/ros_ur_driver/install/move_arm_interface:/home/d-lab/workspace/ros_ur_driver/install/joint_trajectory_controller:/home/d-lab/workspace/ros_ur_driver/install/joint_state_controller:/home/d-lab/workspace/ros_ur_driver/install/joint_state_broadcaster:/home/d-lab/workspace/ros_ur_driver/install/imu_sensor_broadcaster:/home/d-lab/workspace/ros_ur_driver/install/gripper_controllers:/home/d-lab/workspace/ros_ur_driver/install/effort_controllers:/home/d-lab/workspace/ros_ur_driver/install/forward_command_controller:/home/d-lab/workspace/ros_ur_driver/install/force_torque_sensor_broadcaster:/home/d-lab/workspace/ros_ur_driver/install/diff_drive_controller:/home/d-lab/workspace/ros_ur_driver/install/cartesian_compliance_controller:/home/d-lab/workspace/ros_ur_driver/install/cartesian_motion_controller:/home/d-lab/workspace/ros_ur_driver/install/cartesian_force_controller:/home/d-lab/workspace/ros_ur_driver/install/cartesian_controller_handles:/home/d-lab/workspace/ros_ur_driver/install/cartesian_controller_base:/home/d-lab/workspace/ros_ur_driver/install/controller_interface:/home/d-lab/workspace/ros_ur_driver/install/hardware_interface:/home/d-lab/workspace/ros_ur_driver/install/filters:/home/d-lab/workspace/ros_ur_driver/install/diffbot_description:/home/d-lab/workspace/ros_ur_driver/install/controller_manager_msgs:/home/d-lab/workspace/ros_ur_driver/install/control_msgs:/home/d-lab/workspace/ros_ur_driver/install/chomp_motion_planner:/home/d-lab/workspace/ros_ur_driver/install/action_tutorials_interfaces LD_LIBRARY_PATH=/home/d-lab/workspace/ros_ur_driver/install/moveit_visual_tools/lib:/home/d-lab/workspace/ros_ur_driver/install/rviz_visual_tools/lib:/home/d-lab/workspace/ros_ur_driver/install/graph_msgs/lib:/home/d-lab/workspace/ros_ur_driver/install/action_tutorials_cpp/lib:/home/d-lab/workspace/ros_ur_driver/install/move_arm_interfaces/lib:/home/d-lab/workspace/ros_ur_driver/install/warehouse_ros_mongo/lib:/home/d-lab/workspace/ros_ur_driver/install/velocity_controllers/lib:/home/d-lab/workspace/ros_ur_driver/install/ur_robot_driver/lib:/home/d-lab/workspace/ros_ur_driver/install/ur_controllers/lib:/home/d-lab/workspace/ros_ur_driver/install/ur_msgs/lib:/home/d-lab/workspace/ros_ur_driver/install/ur_dashboard_msgs/lib:/home/d-lab/workspace/ros_ur_driver/install/ur_client_library/lib:/home/d-lab/workspace/ros_ur_driver/install/srdfdom/lib:/home/d-lab/workspace/ros_ur_driver/install/move_arm/lib:/home/d-lab/workspace/ros_ur_driver/install/controller_manager/lib:/home/d-lab/workspace/ros_ur_driver/install/ros2_control_demo_hardware/lib:/home/d-lab/workspace/ros_ur_driver/install/position_controllers/lib:/home/d-lab/workspace/ros_ur_driver/install/move_arm_interface/lib:/home/d-lab/workspace/ros_ur_driver/install/joint_trajectory_controller/lib:/home/d-lab/workspace/ros_ur_driver/install/joint_state_controller/lib:/home/d-lab/workspace/ros_ur_driver/install/joint_state_broadcaster/lib:/home/d-lab/workspace/ros_ur_driver/install/imu_sensor_broadcaster/lib:/home/d-lab/workspace/ros_ur_driver/install/gripper_controllers/lib:/home/d-lab/workspace/ros_ur_driver/install/effort_controllers/lib:/home/d-lab/workspace/ros_ur_driver/install/forward_command_controller/lib:/home/d-lab/workspace/ros_ur_driver/install/force_torque_sensor_broadcaster/lib:/home/d-lab/workspace/ros_ur_driver/install/diff_drive_controller/lib:/home/d-lab/workspace/ros_ur_driver/install/cartesian_compliance_controller/lib:/home/d-lab/workspace/ros_ur_driver/install/cartesian_motion_controller/lib:/home/d-lab/workspace/ros_ur_driver/install/cartesian_force_controller/lib:/home/d-lab/workspace/ros_ur_driver/install/cartesian_controller_handles/lib:/home/d-lab/workspace/ros_ur_driver/install/cartesian_controller_base/lib:/home/d-lab/workspace/ros_ur_driver/install/controller_interface/lib:/home/d-lab/workspace/ros_ur_driver/install/hardware_interface/lib:/home/d-lab/workspace/ros_ur_driver/install/filters/lib:/home/d-lab/workspace/ros_ur_driver/install/controller_manager_msgs/lib:/home/d-lab/workspace/ros_ur_driver/install/control_msgs/lib:/home/d-lab/workspace/ros_ur_driver/install/chomp_motion_planner/lib:/home/d-lab/workspace/ros_ur_driver/install/action_tutorials_interfaces/lib:/opt/ros/foxy/opt/yaml_cpp_vendor/lib:/opt/ros/foxy/opt/rviz_ogre_vendor/lib:/opt/ros/foxy/lib/x86_64-linux-gnu:/opt/ros/foxy/lib PYTHONPATH=/home/d-lab/workspace/ros_ur_driver/install/graph_msgs/lib/python3.8/site-packages:/home/d-lab/workspace/ros_ur_driver/install/move_arm_interfaces/lib/python3.8/site-packages:/home/d-lab/workspace/ros_ur_driver/install/warehouse_ros_mongo/lib/python3.8/site-packages:/home/d-lab/workspace/ros_ur_driver/install/utils/lib/python3.8/site-packages:/home/d-lab/workspace/ros_ur_driver/install/ur_msgs/lib/python3.8/site-packages:/home/d-lab/workspace/ros_ur_driver/install/ur_dashboard_msgs/lib/python3.8/site-packages:/home/d-lab/workspace/ros_ur_driver/install/srdfdom/lib/python3.8/site-packages:/home/d-lab/workspace/ros_ur_driver/install/move_arm/lib/python3.8/site-packages:/home/d-lab/workspace/ros_ur_driver/install/ros2controlcli/lib/python3.8/site-packages:/home/d-lab/workspace/ros_ur_driver/install/ros2_control_test_nodes/lib/python3.8/site-packages:/home/d-lab/workspace/ros_ur_driver/install/controller_manager/lib/python3.8/site-packages:/home/d-lab/workspace/ros_ur_driver/install/robotiq_control/lib/python3.8/site-packages:/home/d-lab/workspace/ros_ur_driver/install/move_arm_interface/lib/python3.8/site-packages:/home/d-lab/workspace/ros_ur_driver/install/gripper_control/lib/python3.8/site-packages:/home/d-lab/workspace/ros_ur_driver/install/controller_manager_msgs/lib/python3.8/site-packages:/home/d-lab/workspace/ros_ur_driver/install/control_msgs/lib/python3.8/site-packages:/home/d-lab/workspace/ros_ur_driver/install/action_tutorials_interfaces/lib/python3.8/site-packages:/opt/ros/foxy/lib/python3.8/site-packages /usr/bin/cmake --install /home/d-lab/workspace/ros_ur_driver/build/move_arm
