-- Found moveit_common: 2.2.3 (/home/d-lab/workspace/ros_ur_driver/install/moveit_common/share/moveit_common/cmake)
-- Found ament_cmake: 0.9.9 (/opt/ros/foxy/share/ament_cmake/cmake)
-- Using PYTHON_EXECUTABLE: /usr/bin/python3
-- Found moveit_ros_planning_interface: 2.2.3 (/home/d-lab/workspace/ros_ur_driver/install/moveit_ros_planning_interface/share/moveit_ros_planning_interface/cmake)
-- Found Boost: /usr/lib/x86_64-linux-gnu/cmake/Boost-1.71.0/BoostConfig.cmake (found version "1.71.0") found components: date_time filesystem program_options system thread 
-- Using all available rosidl_typesupport_c: rosidl_typesupport_fastrtps_c;rosidl_typesupport_introspection_c
-- Found rosidl_adapter: 1.2.1 (/opt/ros/foxy/share/rosidl_adapter/cmake)
-- Using all available rosidl_typesupport_cpp: rosidl_typesupport_fastrtps_cpp;rosidl_typesupport_introspection_cpp
-- Found Boost: /usr/lib/x86_64-linux-gnu/cmake/Boost-1.71.0/BoostConfig.cmake (found version "1.71.0") found components: chrono date_time filesystem iostreams program_options regex serialization system thread 
-- Found Boost: /usr/lib/x86_64-linux-gnu/cmake/Boost-1.71.0/BoostConfig.cmake (found version "1.71.0") found components: filesystem 
-- Found rmw_implementation_cmake: 1.0.3 (/opt/ros/foxy/share/rmw_implementation_cmake/cmake)
-- Using RMW implementation 'rmw_fastrtps_cpp' as default
-- library: /usr/lib/x86_64-linux-gnu/libcurl.so
-- Found Boost: /usr/lib/x86_64-linux-gnu/cmake/Boost-1.71.0/BoostConfig.cmake (found version "1.71.0") found components: system filesystem date_time program_options thread chrono 
-- Found Boost: /usr/lib/x86_64-linux-gnu/cmake/Boost-1.71.0/BoostConfig.cmake (found version "1.71.0") found components: thread 
-- Found Boost: /usr/lib/x86_64-linux-gnu/cmake/Boost-1.71.0/BoostConfig.cmake (found version "1.71.0") found components: thread system filesystem regex date_time program_options 
-- Found Boost: /usr/lib/x86_64-linux-gnu/cmake/Boost-1.71.0/BoostConfig.cmake (found version "1.71.0") found components: system filesystem date_time program_options thread 
-- Found Boost: /usr/lib/x86_64-linux-gnu/cmake/Boost-1.71.0/BoostConfig.cmake (found version "1.71.0") found components: system 
-- Found ament_lint_auto: 0.9.6 (/opt/ros/foxy/share/ament_lint_auto/cmake)
-- Added test 'cppcheck' to perform static code analysis on C / C++ code
-- Configured cppcheck include dirs: 
-- Configured cppcheck exclude dirs and/or files: 
-- Added test 'lint_cmake' to check CMake code style
-- Added test 'pep257' to check Python code against some of the style conventions in PEP 257
-- Added test 'xmllint' to check XML markup files
-- Configuring done
-- Generating done
-- Build files have been written to: /home/d-lab/workspace/ros_ur_driver/build/run_moveit_cpp
[ 50%] [32m[1mLinking CXX executable run_moveit_cpp[0m
[100%] Built target run_moveit_cpp
-- Install configuration: "Release"
-- Installing: /home/d-lab/workspace/ros_ur_driver/install/run_moveit_cpp/lib/run_moveit_cpp/run_moveit_cpp
-- Set runtime path of "/home/d-lab/workspace/ros_ur_driver/install/run_moveit_cpp/lib/run_moveit_cpp/run_moveit_cpp" to ""
-- Up-to-date: /home/d-lab/workspace/ros_ur_driver/install/run_moveit_cpp/share/run_moveit_cpp/launch
-- Up-to-date: /home/d-lab/workspace/ros_ur_driver/install/run_moveit_cpp/share/run_moveit_cpp/launch/run_moveit_cpp.rviz
-- Up-to-date: /home/d-lab/workspace/ros_ur_driver/install/run_moveit_cpp/share/run_moveit_cpp/launch/run_moveit_cpp.launch.py
-- Up-to-date: /home/d-lab/workspace/ros_ur_driver/install/run_moveit_cpp/share/run_moveit_cpp/config
-- Up-to-date: /home/d-lab/workspace/ros_ur_driver/install/run_moveit_cpp/share/run_moveit_cpp/config/fake_controllers.yaml
-- Up-to-date: /home/d-lab/workspace/ros_ur_driver/install/run_moveit_cpp/share/run_moveit_cpp/config/moveit_cpp.yaml
-- Up-to-date: /home/d-lab/workspace/ros_ur_driver/install/run_moveit_cpp/share/run_moveit_cpp/config/panda_controllers.yaml
-- Up-to-date: /home/d-lab/workspace/ros_ur_driver/install/run_moveit_cpp/share/run_moveit_cpp/config/start_positions.yaml
-- Up-to-date: /home/d-lab/workspace/ros_ur_driver/install/run_moveit_cpp/share/ament_index/resource_index/package_run_dependencies/run_moveit_cpp
-- Up-to-date: /home/d-lab/workspace/ros_ur_driver/install/run_moveit_cpp/share/ament_index/resource_index/parent_prefix_path/run_moveit_cpp
-- Up-to-date: /home/d-lab/workspace/ros_ur_driver/install/run_moveit_cpp/share/run_moveit_cpp/environment/ament_prefix_path.sh
-- Installing: /home/d-lab/workspace/ros_ur_driver/install/run_moveit_cpp/share/run_moveit_cpp/environment/ament_prefix_path.dsv
-- Up-to-date: /home/d-lab/workspace/ros_ur_driver/install/run_moveit_cpp/share/run_moveit_cpp/environment/path.sh
-- Installing: /home/d-lab/workspace/ros_ur_driver/install/run_moveit_cpp/share/run_moveit_cpp/environment/path.dsv
-- Up-to-date: /home/d-lab/workspace/ros_ur_driver/install/run_moveit_cpp/share/run_moveit_cpp/local_setup.bash
-- Up-to-date: /home/d-lab/workspace/ros_ur_driver/install/run_moveit_cpp/share/run_moveit_cpp/local_setup.sh
-- Up-to-date: /home/d-lab/workspace/ros_ur_driver/install/run_moveit_cpp/share/run_moveit_cpp/local_setup.zsh
-- Installing: /home/d-lab/workspace/ros_ur_driver/install/run_moveit_cpp/share/run_moveit_cpp/local_setup.dsv
-- Installing: /home/d-lab/workspace/ros_ur_driver/install/run_moveit_cpp/share/run_moveit_cpp/package.dsv
-- Up-to-date: /home/d-lab/workspace/ros_ur_driver/install/run_moveit_cpp/share/ament_index/resource_index/packages/run_moveit_cpp
-- Up-to-date: /home/d-lab/workspace/ros_ur_driver/install/run_moveit_cpp/share/run_moveit_cpp/cmake/export_run_moveit_cppExport.cmake
-- Installing: /home/d-lab/workspace/ros_ur_driver/install/run_moveit_cpp/share/run_moveit_cpp/cmake/export_run_moveit_cppExport-release.cmake
-- Up-to-date: /home/d-lab/workspace/ros_ur_driver/install/run_moveit_cpp/share/run_moveit_cpp/cmake/ament_cmake_export_targets-extras.cmake
-- Up-to-date: /home/d-lab/workspace/ros_ur_driver/install/run_moveit_cpp/share/run_moveit_cpp/cmake/run_moveit_cppConfig.cmake
-- Up-to-date: /home/d-lab/workspace/ros_ur_driver/install/run_moveit_cpp/share/run_moveit_cpp/cmake/run_moveit_cppConfig-version.cmake
-- Up-to-date: /home/d-lab/workspace/ros_ur_driver/install/run_moveit_cpp/share/run_moveit_cpp/package.xml
