[0.255s] Invoking command in '/home/d-lab/workspace/ros_ur_driver/src/build/ur_dashboard_msgs': CMAKE_PREFIX_PATH=${CMAKE_PREFIX_PATH}:/home/d-lab/workspace/ros_ur_driver/install/ros2controlcli:/home/d-lab/workspace/ros_ur_driver/install/ros2_control_test_nodes:/opt/ros/foxy /usr/bin/cmake /home/d-lab/workspace/ros_ur_driver/src/Universal_Robots_ROS2_Driver/ur_dashboard_msgs -DCMAKE_INSTALL_PREFIX=/home/d-lab/workspace/ros_ur_driver/src/install/ur_dashboard_msgs
[0.341s] -- The C compiler identification is GNU 9.4.0
[0.428s] -- The CXX compiler identification is GNU 9.4.0
[0.436s] -- Check for working C compiler: /usr/bin/cc
[0.553s] -- Check for working C compiler: /usr/bin/cc -- works
[0.554s] -- Detecting C compiler ABI info
[0.659s] -- Detecting C compiler ABI info - done
[0.673s] -- Detecting C compile features
[0.673s] -- Detecting C compile features - done
[0.676s] -- Check for working CXX compiler: /usr/bin/c++
[0.791s] -- Check for working CXX compiler: /usr/bin/c++ -- works
[0.792s] -- Detecting CXX compiler ABI info
[0.923s] -- Detecting CXX compiler ABI info - done
[0.941s] -- Detecting CXX compile features
[0.942s] -- Detecting CXX compile features - done
[0.951s] -- Found ament_cmake: 0.9.9 (/opt/ros/foxy/share/ament_cmake/cmake)
[0.998s] -- Found PythonInterp: /usr/bin/python3 (found suitable version "3.8.10", minimum required is "3") 
[0.999s] -- Using PYTHON_EXECUTABLE: /usr/bin/python3
[1.309s] -- Found rosidl_default_generators: 1.0.1 (/opt/ros/foxy/share/rosidl_default_generators/cmake)
[1.329s] -- Using all available rosidl_typesupport_c: rosidl_typesupport_fastrtps_c;rosidl_typesupport_introspection_c
[1.355s] -- Found rosidl_adapter: 1.2.1 (/opt/ros/foxy/share/rosidl_adapter/cmake)
[1.544s] -- Found OpenSSL: /usr/lib/x86_64-linux-gnu/libcrypto.so (found version "1.1.1f")  
[1.593s] -- Found FastRTPS: /opt/ros/foxy/include  
[1.906s] -- Using all available rosidl_typesupport_cpp: rosidl_typesupport_fastrtps_cpp;rosidl_typesupport_introspection_cpp
[2.040s] -- Found action_msgs: 1.0.0 (/opt/ros/foxy/share/action_msgs/cmake)
[2.300s] -- Found PythonInterp: /usr/bin/python3 (found version "3.8.10") 
[2.950s] -- Found ament_cmake_ros: 0.9.2 (/opt/ros/foxy/share/ament_cmake_ros/cmake)
[3.436s] -- Using all available rosidl_typesupport_c: rosidl_typesupport_fastrtps_c;rosidl_typesupport_introspection_c
[3.515s] -- Using all available rosidl_typesupport_cpp: rosidl_typesupport_fastrtps_cpp;rosidl_typesupport_introspection_cpp
[3.570s] -- Found PythonInterp: /usr/bin/python3 (found suitable version "3.8.10", minimum required is "3.5") 
[3.577s] -- Found python_cmake_module: 0.8.1 (/opt/ros/foxy/share/python_cmake_module/cmake)
[3.620s] -- Found PythonLibs: /usr/lib/x86_64-linux-gnu/libpython3.8.so (found suitable version "3.8.10", minimum required is "3.5") 
[3.621s] -- Using PYTHON_EXECUTABLE: /usr/bin/python3
[3.621s] -- Using PYTHON_INCLUDE_DIRS: /usr/include/python3.8
[3.621s] -- Using PYTHON_LIBRARIES: /usr/lib/x86_64-linux-gnu/libpython3.8.so
[3.653s] -- Found PythonExtra: .so  
[3.808s] -- Configuring done
[3.898s] -- Generating done
[3.901s] -- Build files have been written to: /home/d-lab/workspace/ros_ur_driver/src/build/ur_dashboard_msgs
[3.908s] Invoked command in '/home/d-lab/workspace/ros_ur_driver/src/build/ur_dashboard_msgs' returned '0': CMAKE_PREFIX_PATH=${CMAKE_PREFIX_PATH}:/home/d-lab/workspace/ros_ur_driver/install/ros2controlcli:/home/d-lab/workspace/ros_ur_driver/install/ros2_control_test_nodes:/opt/ros/foxy /usr/bin/cmake /home/d-lab/workspace/ros_ur_driver/src/Universal_Robots_ROS2_Driver/ur_dashboard_msgs -DCMAKE_INSTALL_PREFIX=/home/d-lab/workspace/ros_ur_driver/src/install/ur_dashboard_msgs
[3.910s] Invoking command in '/home/d-lab/workspace/ros_ur_driver/src/build/ur_dashboard_msgs': CMAKE_PREFIX_PATH=${CMAKE_PREFIX_PATH}:/home/d-lab/workspace/ros_ur_driver/install/ros2controlcli:/home/d-lab/workspace/ros_ur_driver/install/ros2_control_test_nodes:/opt/ros/foxy /usr/bin/cmake --build /home/d-lab/workspace/ros_ur_driver/src/build/ur_dashboard_msgs -- -j16 -l16
[3.981s] [  1%] [34m[1mGenerating C code for ROS interfaces[0m
[3.987s] [35m[1mScanning dependencies of target ur_dashboard_msgs__cpp[0m
[4.013s] [  1%] [34m[1mGenerating C++ code for ROS interfaces[0m
[6.921s] [  1%] Built target ur_dashboard_msgs__cpp
[6.952s] [  1%] [34m[1mGenerating C++ introspection for ROS interfaces[0m
[7.007s] [  2%] [34m[1mGenerating C++ type support for eProsima Fast-RTPS[0m
[7.007s] [  3%] [34m[1mGenerating C++ type support dispatch for ROS interfaces[0m
[7.246s] [35m[1mScanning dependencies of target ur_dashboard_msgs__rosidl_generator_c[0m
[7.338s] [  4%] [32mBuilding C object CMakeFiles/ur_dashboard_msgs__rosidl_generator_c.dir/rosidl_generator_c/ur_dashboard_msgs/msg/detail/program_state__functions.c.o[0m
[7.344s] [  4%] [32mBuilding C object CMakeFiles/ur_dashboard_msgs__rosidl_generator_c.dir/rosidl_generator_c/ur_dashboard_msgs/msg/detail/robot_mode__functions.c.o[0m
[7.360s] [  5%] [32mBuilding C object CMakeFiles/ur_dashboard_msgs__rosidl_generator_c.dir/rosidl_generator_c/ur_dashboard_msgs/msg/detail/safety_mode__functions.c.o[0m
[7.367s] [  6%] [32mBuilding C object CMakeFiles/ur_dashboard_msgs__rosidl_generator_c.dir/rosidl_generator_c/ur_dashboard_msgs/srv/detail/add_to_log__functions.c.o[0m
[7.473s] [  7%] [32mBuilding C object CMakeFiles/ur_dashboard_msgs__rosidl_generator_c.dir/rosidl_generator_c/ur_dashboard_msgs/srv/detail/get_loaded_program__functions.c.o[0m
[7.497s] [  7%] [32mBuilding C object CMakeFiles/ur_dashboard_msgs__rosidl_generator_c.dir/rosidl_generator_c/ur_dashboard_msgs/srv/detail/get_program_state__functions.c.o[0m
[7.512s] [  8%] [32mBuilding C object CMakeFiles/ur_dashboard_msgs__rosidl_generator_c.dir/rosidl_generator_c/ur_dashboard_msgs/srv/detail/get_safety_mode__functions.c.o[0m
[7.515s] [  9%] [32mBuilding C object CMakeFiles/ur_dashboard_msgs__rosidl_generator_c.dir/rosidl_generator_c/ur_dashboard_msgs/srv/detail/get_robot_mode__functions.c.o[0m
[7.560s] [ 10%] [32mBuilding C object CMakeFiles/ur_dashboard_msgs__rosidl_generator_c.dir/rosidl_generator_c/ur_dashboard_msgs/srv/detail/is_program_running__functions.c.o[0m
[7.626s] [ 10%] [32mBuilding C object CMakeFiles/ur_dashboard_msgs__rosidl_generator_c.dir/rosidl_generator_c/ur_dashboard_msgs/srv/detail/is_program_saved__functions.c.o[0m
[7.674s] [ 11%] [32mBuilding C object CMakeFiles/ur_dashboard_msgs__rosidl_generator_c.dir/rosidl_generator_c/ur_dashboard_msgs/srv/detail/load__functions.c.o[0m
[7.680s] [ 12%] [32mBuilding C object CMakeFiles/ur_dashboard_msgs__rosidl_generator_c.dir/rosidl_generator_c/ur_dashboard_msgs/srv/detail/popup__functions.c.o[0m
[7.726s] [ 12%] [32mBuilding C object CMakeFiles/ur_dashboard_msgs__rosidl_generator_c.dir/rosidl_generator_c/ur_dashboard_msgs/srv/detail/raw_request__functions.c.o[0m
[7.785s] [ 13%] [32mBuilding C object CMakeFiles/ur_dashboard_msgs__rosidl_generator_c.dir/rosidl_generator_c/ur_dashboard_msgs/action/detail/set_mode__functions.c.o[0m
[8.104s] [ 14%] [32m[1mLinking C shared library libur_dashboard_msgs__rosidl_generator_c.so[0m
[8.268s] [ 14%] Built target ur_dashboard_msgs__rosidl_generator_c
[8.395s] [ 15%] [34m[1mGenerating C type support dispatch for ROS interfaces[0m
[8.399s] [ 16%] [34m[1mGenerating C introspection for ROS interfaces[0m
[9.680s] [35m[1mScanning dependencies of target ur_dashboard_msgs__rosidl_typesupport_cpp[0m
[9.856s] [ 17%] [32mBuilding CXX object CMakeFiles/ur_dashboard_msgs__rosidl_typesupport_cpp.dir/rosidl_typesupport_cpp/ur_dashboard_msgs/msg/program_state__type_support.cpp.o[0m
[9.915s] [ 19%] [32mBuilding CXX object CMakeFiles/ur_dashboard_msgs__rosidl_typesupport_cpp.dir/rosidl_typesupport_cpp/ur_dashboard_msgs/msg/robot_mode__type_support.cpp.o[0m
[9.915s] [ 19%] [32mBuilding CXX object CMakeFiles/ur_dashboard_msgs__rosidl_typesupport_cpp.dir/rosidl_typesupport_cpp/ur_dashboard_msgs/msg/safety_mode__type_support.cpp.o[0m
[9.915s] [ 19%] [32mBuilding CXX object CMakeFiles/ur_dashboard_msgs__rosidl_typesupport_cpp.dir/rosidl_typesupport_cpp/ur_dashboard_msgs/srv/add_to_log__type_support.cpp.o[0m
[9.915s] [ 19%] [32mBuilding CXX object CMakeFiles/ur_dashboard_msgs__rosidl_typesupport_cpp.dir/rosidl_typesupport_cpp/ur_dashboard_msgs/srv/get_program_state__type_support.cpp.o[0m
[9.920s] [ 20%] [32mBuilding CXX object CMakeFiles/ur_dashboard_msgs__rosidl_typesupport_cpp.dir/rosidl_typesupport_cpp/ur_dashboard_msgs/srv/get_loaded_program__type_support.cpp.o[0m
[9.945s] [35m[1mScanning dependencies of target ur_dashboard_msgs__rosidl_typesupport_introspection_cpp[0m
[9.964s] [ 21%] [32mBuilding CXX object CMakeFiles/ur_dashboard_msgs__rosidl_typesupport_cpp.dir/rosidl_typesupport_cpp/ur_dashboard_msgs/srv/get_robot_mode__type_support.cpp.o[0m
[9.973s] [ 22%] [32mBuilding CXX object CMakeFiles/ur_dashboard_msgs__rosidl_typesupport_cpp.dir/rosidl_typesupport_cpp/ur_dashboard_msgs/srv/get_safety_mode__type_support.cpp.o[0m
[10.079s] [ 23%] [32mBuilding CXX object CMakeFiles/ur_dashboard_msgs__rosidl_typesupport_introspection_cpp.dir/rosidl_typesupport_introspection_cpp/ur_dashboard_msgs/msg/detail/program_state__type_support.cpp.o[0m
[10.079s] [ 24%] [32mBuilding CXX object CMakeFiles/ur_dashboard_msgs__rosidl_typesupport_introspection_cpp.dir/rosidl_typesupport_introspection_cpp/ur_dashboard_msgs/msg/detail/safety_mode__type_support.cpp.o[0m
[10.097s] [ 24%] [32mBuilding CXX object CMakeFiles/ur_dashboard_msgs__rosidl_typesupport_introspection_cpp.dir/rosidl_typesupport_introspection_cpp/ur_dashboard_msgs/srv/detail/add_to_log__type_support.cpp.o[0m
[10.127s] [ 25%] [32mBuilding CXX object CMakeFiles/ur_dashboard_msgs__rosidl_typesupport_introspection_cpp.dir/rosidl_typesupport_introspection_cpp/ur_dashboard_msgs/msg/detail/robot_mode__type_support.cpp.o[0m
[10.144s] [ 26%] [32mBuilding CXX object CMakeFiles/ur_dashboard_msgs__rosidl_typesupport_cpp.dir/rosidl_typesupport_cpp/ur_dashboard_msgs/srv/is_program_running__type_support.cpp.o[0m
[10.584s] [ 27%] [32mBuilding CXX object CMakeFiles/ur_dashboard_msgs__rosidl_typesupport_introspection_cpp.dir/rosidl_typesupport_introspection_cpp/ur_dashboard_msgs/srv/detail/get_loaded_program__type_support.cpp.o[0m
[10.862s] [ 27%] [32mBuilding CXX object CMakeFiles/ur_dashboard_msgs__rosidl_typesupport_cpp.dir/rosidl_typesupport_cpp/ur_dashboard_msgs/srv/is_program_saved__type_support.cpp.o[0m
[11.299s] [ 28%] [32mBuilding CXX object CMakeFiles/ur_dashboard_msgs__rosidl_typesupport_introspection_cpp.dir/rosidl_typesupport_introspection_cpp/ur_dashboard_msgs/srv/detail/get_program_state__type_support.cpp.o[0m
[11.433s] [ 29%] [32mBuilding CXX object CMakeFiles/ur_dashboard_msgs__rosidl_typesupport_introspection_cpp.dir/rosidl_typesupport_introspection_cpp/ur_dashboard_msgs/srv/detail/get_safety_mode__type_support.cpp.o[0m
[11.434s] [ 29%] [32mBuilding CXX object CMakeFiles/ur_dashboard_msgs__rosidl_typesupport_introspection_cpp.dir/rosidl_typesupport_introspection_cpp/ur_dashboard_msgs/srv/detail/get_robot_mode__type_support.cpp.o[0m
[11.482s] [ 30%] [32mBuilding CXX object CMakeFiles/ur_dashboard_msgs__rosidl_typesupport_cpp.dir/rosidl_typesupport_cpp/ur_dashboard_msgs/srv/load__type_support.cpp.o[0m
[11.512s] [ 31%] [32mBuilding CXX object CMakeFiles/ur_dashboard_msgs__rosidl_typesupport_cpp.dir/rosidl_typesupport_cpp/ur_dashboard_msgs/srv/popup__type_support.cpp.o[0m
[11.521s] [ 32%] [32mBuilding CXX object CMakeFiles/ur_dashboard_msgs__rosidl_typesupport_cpp.dir/rosidl_typesupport_cpp/ur_dashboard_msgs/srv/raw_request__type_support.cpp.o[0m
[11.749s] [ 33%] [32mBuilding CXX object CMakeFiles/ur_dashboard_msgs__rosidl_typesupport_introspection_cpp.dir/rosidl_typesupport_introspection_cpp/ur_dashboard_msgs/srv/detail/is_program_running__type_support.cpp.o[0m
[11.797s] [ 34%] [32mBuilding CXX object CMakeFiles/ur_dashboard_msgs__rosidl_typesupport_introspection_cpp.dir/rosidl_typesupport_introspection_cpp/ur_dashboard_msgs/srv/detail/is_program_saved__type_support.cpp.o[0m
[11.829s] [ 34%] [32mBuilding CXX object CMakeFiles/ur_dashboard_msgs__rosidl_typesupport_cpp.dir/rosidl_typesupport_cpp/ur_dashboard_msgs/action/set_mode__type_support.cpp.o[0m
[11.883s] [ 35%] [32mBuilding CXX object CMakeFiles/ur_dashboard_msgs__rosidl_typesupport_introspection_cpp.dir/rosidl_typesupport_introspection_cpp/ur_dashboard_msgs/srv/detail/load__type_support.cpp.o[0m
[11.949s] [ 35%] [32mBuilding CXX object CMakeFiles/ur_dashboard_msgs__rosidl_typesupport_introspection_cpp.dir/rosidl_typesupport_introspection_cpp/ur_dashboard_msgs/srv/detail/popup__type_support.cpp.o[0m
[12.246s] [ 36%] [32mBuilding CXX object CMakeFiles/ur_dashboard_msgs__rosidl_typesupport_introspection_cpp.dir/rosidl_typesupport_introspection_cpp/ur_dashboard_msgs/action/detail/set_mode__type_support.cpp.o[0m
[12.259s] [ 37%] [32mBuilding CXX object CMakeFiles/ur_dashboard_msgs__rosidl_typesupport_introspection_cpp.dir/rosidl_typesupport_introspection_cpp/ur_dashboard_msgs/srv/detail/raw_request__type_support.cpp.o[0m
[13.122s] [ 38%] [32m[1mLinking CXX shared library libur_dashboard_msgs__rosidl_typesupport_cpp.so[0m
[13.199s] [35m[1mScanning dependencies of target ur_dashboard_msgs__rosidl_typesupport_c[0m
[13.199s] [ 39%] [32m[1mLinking CXX shared library libur_dashboard_msgs__rosidl_typesupport_introspection_cpp.so[0m
[13.251s] [ 39%] Built target ur_dashboard_msgs__rosidl_typesupport_cpp
[13.291s] [ 40%] [32mBuilding CXX object CMakeFiles/ur_dashboard_msgs__rosidl_typesupport_c.dir/rosidl_typesupport_c/ur_dashboard_msgs/msg/robot_mode__type_support.cpp.o[0m
[13.293s] [ 40%] [32mBuilding CXX object CMakeFiles/ur_dashboard_msgs__rosidl_typesupport_c.dir/rosidl_typesupport_c/ur_dashboard_msgs/msg/program_state__type_support.cpp.o[0m
[13.312s] [ 41%] [32mBuilding CXX object CMakeFiles/ur_dashboard_msgs__rosidl_typesupport_c.dir/rosidl_typesupport_c/ur_dashboard_msgs/msg/safety_mode__type_support.cpp.o[0m
[13.320s] [ 42%] [32mBuilding CXX object CMakeFiles/ur_dashboard_msgs__rosidl_typesupport_c.dir/rosidl_typesupport_c/ur_dashboard_msgs/srv/add_to_log__type_support.cpp.o[0m
[13.340s] [ 42%] [32mBuilding CXX object CMakeFiles/ur_dashboard_msgs__rosidl_typesupport_c.dir/rosidl_typesupport_c/ur_dashboard_msgs/srv/get_loaded_program__type_support.cpp.o[0m
[13.357s] [ 43%] [32mBuilding CXX object CMakeFiles/ur_dashboard_msgs__rosidl_typesupport_c.dir/rosidl_typesupport_c/ur_dashboard_msgs/srv/get_program_state__type_support.cpp.o[0m
[13.357s] [35m[1mScanning dependencies of target ur_dashboard_msgs__rosidl_typesupport_fastrtps_cpp[0m
[13.393s] [ 44%] [32mBuilding CXX object CMakeFiles/ur_dashboard_msgs__rosidl_typesupport_c.dir/rosidl_typesupport_c/ur_dashboard_msgs/srv/get_robot_mode__type_support.cpp.o[0m
[13.399s] [ 45%] [32mBuilding CXX object CMakeFiles/ur_dashboard_msgs__rosidl_typesupport_c.dir/rosidl_typesupport_c/ur_dashboard_msgs/srv/get_safety_mode__type_support.cpp.o[0m
[13.404s] [ 45%] [32mBuilding CXX object CMakeFiles/ur_dashboard_msgs__rosidl_typesupport_c.dir/rosidl_typesupport_c/ur_dashboard_msgs/srv/is_program_running__type_support.cpp.o[0m
[13.429s] [ 45%] Built target ur_dashboard_msgs__rosidl_typesupport_introspection_cpp
[13.429s] [ 46%] [32mBuilding CXX object CMakeFiles/ur_dashboard_msgs__rosidl_typesupport_c.dir/rosidl_typesupport_c/ur_dashboard_msgs/srv/is_program_saved__type_support.cpp.o[0m
[13.447s] [ 47%] [32mBuilding CXX object CMakeFiles/ur_dashboard_msgs__rosidl_typesupport_fastrtps_cpp.dir/rosidl_typesupport_fastrtps_cpp/ur_dashboard_msgs/msg/detail/dds_fastrtps/program_state__type_support.cpp.o[0m
[13.448s] [ 48%] [32mBuilding CXX object CMakeFiles/ur_dashboard_msgs__rosidl_typesupport_fastrtps_cpp.dir/rosidl_typesupport_fastrtps_cpp/ur_dashboard_msgs/msg/detail/dds_fastrtps/robot_mode__type_support.cpp.o[0m
[13.474s] [ 49%] [32mBuilding CXX object CMakeFiles/ur_dashboard_msgs__rosidl_typesupport_c.dir/rosidl_typesupport_c/ur_dashboard_msgs/action/set_mode__type_support.cpp.o[0m
[13.479s] [ 50%] [32mBuilding CXX object CMakeFiles/ur_dashboard_msgs__rosidl_typesupport_c.dir/rosidl_typesupport_c/ur_dashboard_msgs/srv/load__type_support.cpp.o[0m
[13.483s] [ 51%] [32mBuilding CXX object CMakeFiles/ur_dashboard_msgs__rosidl_typesupport_c.dir/rosidl_typesupport_c/ur_dashboard_msgs/srv/popup__type_support.cpp.o[0m
[13.486s] [ 51%] [32mBuilding CXX object CMakeFiles/ur_dashboard_msgs__rosidl_typesupport_fastrtps_cpp.dir/rosidl_typesupport_fastrtps_cpp/ur_dashboard_msgs/msg/detail/dds_fastrtps/safety_mode__type_support.cpp.o[0m
[13.492s] [ 51%] [32mBuilding CXX object CMakeFiles/ur_dashboard_msgs__rosidl_typesupport_c.dir/rosidl_typesupport_c/ur_dashboard_msgs/srv/raw_request__type_support.cpp.o[0m
[13.505s] [ 52%] [32mBuilding CXX object CMakeFiles/ur_dashboard_msgs__rosidl_typesupport_fastrtps_cpp.dir/rosidl_typesupport_fastrtps_cpp/ur_dashboard_msgs/srv/detail/dds_fastrtps/add_to_log__type_support.cpp.o[0m
[13.511s] [ 53%] [32mBuilding CXX object CMakeFiles/ur_dashboard_msgs__rosidl_typesupport_fastrtps_cpp.dir/rosidl_typesupport_fastrtps_cpp/ur_dashboard_msgs/srv/detail/dds_fastrtps/get_loaded_program__type_support.cpp.o[0m
[13.554s] [ 54%] [32mBuilding CXX object CMakeFiles/ur_dashboard_msgs__rosidl_typesupport_fastrtps_cpp.dir/rosidl_typesupport_fastrtps_cpp/ur_dashboard_msgs/srv/detail/dds_fastrtps/get_program_state__type_support.cpp.o[0m
[13.579s] [ 54%] [32mBuilding CXX object CMakeFiles/ur_dashboard_msgs__rosidl_typesupport_fastrtps_cpp.dir/rosidl_typesupport_fastrtps_cpp/ur_dashboard_msgs/srv/detail/dds_fastrtps/get_robot_mode__type_support.cpp.o[0m
[13.597s] [ 55%] [32mBuilding CXX object CMakeFiles/ur_dashboard_msgs__rosidl_typesupport_fastrtps_cpp.dir/rosidl_typesupport_fastrtps_cpp/ur_dashboard_msgs/srv/detail/dds_fastrtps/get_safety_mode__type_support.cpp.o[0m
[13.651s] [ 56%] [32mBuilding CXX object CMakeFiles/ur_dashboard_msgs__rosidl_typesupport_fastrtps_cpp.dir/rosidl_typesupport_fastrtps_cpp/ur_dashboard_msgs/srv/detail/dds_fastrtps/is_program_running__type_support.cpp.o[0m
[13.684s] [ 57%] [32m[1mLinking CXX shared library libur_dashboard_msgs__rosidl_typesupport_c.so[0m
[13.711s] [ 58%] [32mBuilding CXX object CMakeFiles/ur_dashboard_msgs__rosidl_typesupport_fastrtps_cpp.dir/rosidl_typesupport_fastrtps_cpp/ur_dashboard_msgs/srv/detail/dds_fastrtps/is_program_saved__type_support.cpp.o[0m
[13.720s] [ 59%] [32mBuilding CXX object CMakeFiles/ur_dashboard_msgs__rosidl_typesupport_fastrtps_cpp.dir/rosidl_typesupport_fastrtps_cpp/ur_dashboard_msgs/srv/detail/dds_fastrtps/popup__type_support.cpp.o[0m
[13.730s] [35m[1mScanning dependencies of target ur_dashboard_msgs__rosidl_typesupport_introspection_c[0m
[13.765s] [ 60%] [32mBuilding CXX object CMakeFiles/ur_dashboard_msgs__rosidl_typesupport_fastrtps_cpp.dir/rosidl_typesupport_fastrtps_cpp/ur_dashboard_msgs/srv/detail/dds_fastrtps/raw_request__type_support.cpp.o[0m
[13.768s] [ 61%] [32mBuilding CXX object CMakeFiles/ur_dashboard_msgs__rosidl_typesupport_fastrtps_cpp.dir/rosidl_typesupport_fastrtps_cpp/ur_dashboard_msgs/action/detail/dds_fastrtps/set_mode__type_support.cpp.o[0m
[13.773s] [ 61%] [32mBuilding CXX object CMakeFiles/ur_dashboard_msgs__rosidl_typesupport_fastrtps_cpp.dir/rosidl_typesupport_fastrtps_cpp/ur_dashboard_msgs/srv/detail/dds_fastrtps/load__type_support.cpp.o[0m
[13.876s] [ 62%] [32mBuilding C object CMakeFiles/ur_dashboard_msgs__rosidl_typesupport_introspection_c.dir/rosidl_typesupport_introspection_c/ur_dashboard_msgs/msg/detail/program_state__type_support.c.o[0m
[13.893s] [ 62%] Built target ur_dashboard_msgs__rosidl_typesupport_c
[13.954s] [ 63%] [32mBuilding C object CMakeFiles/ur_dashboard_msgs__rosidl_typesupport_introspection_c.dir/rosidl_typesupport_introspection_c/ur_dashboard_msgs/msg/detail/robot_mode__type_support.c.o[0m
[14.044s] [ 63%] [32mBuilding C object CMakeFiles/ur_dashboard_msgs__rosidl_typesupport_introspection_c.dir/rosidl_typesupport_introspection_c/ur_dashboard_msgs/msg/detail/safety_mode__type_support.c.o[0m
[14.060s] [ 64%] [32mBuilding C object CMakeFiles/ur_dashboard_msgs__rosidl_typesupport_introspection_c.dir/rosidl_typesupport_introspection_c/ur_dashboard_msgs/srv/detail/add_to_log__type_support.c.o[0m
[14.221s] [ 65%] [32mBuilding C object CMakeFiles/ur_dashboard_msgs__rosidl_typesupport_introspection_c.dir/rosidl_typesupport_introspection_c/ur_dashboard_msgs/srv/detail/get_loaded_program__type_support.c.o[0m
[14.228s] [ 66%] [32mBuilding C object CMakeFiles/ur_dashboard_msgs__rosidl_typesupport_introspection_c.dir/rosidl_typesupport_introspection_c/ur_dashboard_msgs/srv/detail/get_program_state__type_support.c.o[0m
[14.294s] [ 66%] [32mBuilding C object CMakeFiles/ur_dashboard_msgs__rosidl_typesupport_introspection_c.dir/rosidl_typesupport_introspection_c/ur_dashboard_msgs/srv/detail/get_robot_mode__type_support.c.o[0m
[14.318s] [ 67%] [32mBuilding C object CMakeFiles/ur_dashboard_msgs__rosidl_typesupport_introspection_c.dir/rosidl_typesupport_introspection_c/ur_dashboard_msgs/srv/detail/get_safety_mode__type_support.c.o[0m
[14.376s] [ 68%] [32mBuilding C object CMakeFiles/ur_dashboard_msgs__rosidl_typesupport_introspection_c.dir/rosidl_typesupport_introspection_c/ur_dashboard_msgs/srv/detail/is_program_running__type_support.c.o[0m
[14.416s] [ 68%] [32mBuilding C object CMakeFiles/ur_dashboard_msgs__rosidl_typesupport_introspection_c.dir/rosidl_typesupport_introspection_c/ur_dashboard_msgs/srv/detail/is_program_saved__type_support.c.o[0m
[14.446s] [ 69%] [32mBuilding C object CMakeFiles/ur_dashboard_msgs__rosidl_typesupport_introspection_c.dir/rosidl_typesupport_introspection_c/ur_dashboard_msgs/srv/detail/load__type_support.c.o[0m
[14.451s] [ 70%] [32mBuilding C object CMakeFiles/ur_dashboard_msgs__rosidl_typesupport_introspection_c.dir/rosidl_typesupport_introspection_c/ur_dashboard_msgs/srv/detail/raw_request__type_support.c.o[0m
[14.476s] [ 71%] [32mBuilding C object CMakeFiles/ur_dashboard_msgs__rosidl_typesupport_introspection_c.dir/rosidl_typesupport_introspection_c/ur_dashboard_msgs/srv/detail/popup__type_support.c.o[0m
[14.486s] [ 71%] [32mBuilding C object CMakeFiles/ur_dashboard_msgs__rosidl_typesupport_introspection_c.dir/rosidl_typesupport_introspection_c/ur_dashboard_msgs/action/detail/set_mode__type_support.c.o[0m
[14.670s] [ 72%] [32m[1mLinking C shared library libur_dashboard_msgs__rosidl_typesupport_introspection_c.so[0m
[14.770s] [ 72%] [32m[1mLinking CXX shared library libur_dashboard_msgs__rosidl_typesupport_fastrtps_cpp.so[0m
[14.772s] [ 72%] Built target ur_dashboard_msgs__rosidl_typesupport_introspection_c
[14.959s] [ 72%] Built target ur_dashboard_msgs__rosidl_typesupport_fastrtps_cpp
[15.050s] [ 73%] [34m[1mGenerating C type support for eProsima Fast-RTPS[0m
[19.047s] [35m[1mScanning dependencies of target ur_dashboard_msgs__rosidl_typesupport_fastrtps_c[0m
[19.115s] [ 74%] [32mBuilding CXX object CMakeFiles/ur_dashboard_msgs__rosidl_typesupport_fastrtps_c.dir/rosidl_typesupport_fastrtps_c/ur_dashboard_msgs/msg/detail/safety_mode__type_support_c.cpp.o[0m
[19.115s] [ 74%] [32mBuilding CXX object CMakeFiles/ur_dashboard_msgs__rosidl_typesupport_fastrtps_c.dir/rosidl_typesupport_fastrtps_c/ur_dashboard_msgs/msg/detail/robot_mode__type_support_c.cpp.o[0m
[19.115s] [ 75%] [32mBuilding CXX object CMakeFiles/ur_dashboard_msgs__rosidl_typesupport_fastrtps_c.dir/rosidl_typesupport_fastrtps_c/ur_dashboard_msgs/srv/detail/get_loaded_program__type_support_c.cpp.o[0m
[19.115s] [ 75%] [32mBuilding CXX object CMakeFiles/ur_dashboard_msgs__rosidl_typesupport_fastrtps_c.dir/rosidl_typesupport_fastrtps_c/ur_dashboard_msgs/srv/detail/get_program_state__type_support_c.cpp.o[0m
[19.115s] [ 77%] [32mBuilding CXX object CMakeFiles/ur_dashboard_msgs__rosidl_typesupport_fastrtps_c.dir/rosidl_typesupport_fastrtps_c/ur_dashboard_msgs/srv/detail/get_safety_mode__type_support_c.cpp.o[0m
[19.116s] [ 77%] [32mBuilding CXX object CMakeFiles/ur_dashboard_msgs__rosidl_typesupport_fastrtps_c.dir/rosidl_typesupport_fastrtps_c/ur_dashboard_msgs/srv/detail/is_program_running__type_support_c.cpp.o[0m
[19.116s] [ 78%] [32mBuilding CXX object CMakeFiles/ur_dashboard_msgs__rosidl_typesupport_fastrtps_c.dir/rosidl_typesupport_fastrtps_c/ur_dashboard_msgs/srv/detail/get_robot_mode__type_support_c.cpp.o[0m
[19.116s] [ 79%] [32mBuilding CXX object CMakeFiles/ur_dashboard_msgs__rosidl_typesupport_fastrtps_c.dir/rosidl_typesupport_fastrtps_c/ur_dashboard_msgs/srv/detail/load__type_support_c.cpp.o[0m
[19.116s] [ 80%] [32mBuilding CXX object CMakeFiles/ur_dashboard_msgs__rosidl_typesupport_fastrtps_c.dir/rosidl_typesupport_fastrtps_c/ur_dashboard_msgs/srv/detail/add_to_log__type_support_c.cpp.o[0m
[19.116s] [ 80%] [32mBuilding CXX object CMakeFiles/ur_dashboard_msgs__rosidl_typesupport_fastrtps_c.dir/rosidl_typesupport_fastrtps_c/ur_dashboard_msgs/srv/detail/is_program_saved__type_support_c.cpp.o[0m
[19.122s] [ 81%] [32mBuilding CXX object CMakeFiles/ur_dashboard_msgs__rosidl_typesupport_fastrtps_c.dir/rosidl_typesupport_fastrtps_c/ur_dashboard_msgs/msg/detail/program_state__type_support_c.cpp.o[0m
[19.126s] [ 82%] [32mBuilding CXX object CMakeFiles/ur_dashboard_msgs__rosidl_typesupport_fastrtps_c.dir/rosidl_typesupport_fastrtps_c/ur_dashboard_msgs/srv/detail/popup__type_support_c.cpp.o[0m
[19.779s] [ 82%] [32mBuilding CXX object CMakeFiles/ur_dashboard_msgs__rosidl_typesupport_fastrtps_c.dir/rosidl_typesupport_fastrtps_c/ur_dashboard_msgs/action/detail/set_mode__type_support_c.cpp.o[0m
[19.799s] [ 83%] [32mBuilding CXX object CMakeFiles/ur_dashboard_msgs__rosidl_typesupport_fastrtps_c.dir/rosidl_typesupport_fastrtps_c/ur_dashboard_msgs/srv/detail/raw_request__type_support_c.cpp.o[0m
[20.394s] [ 84%] [32m[1mLinking CXX shared library libur_dashboard_msgs__rosidl_typesupport_fastrtps_c.so[0m
[20.516s] [ 84%] Built target ur_dashboard_msgs__rosidl_typesupport_fastrtps_c
[20.535s] [35m[1mScanning dependencies of target ur_dashboard_msgs[0m
[20.554s] [ 84%] Built target ur_dashboard_msgs
[20.573s] [35m[1mScanning dependencies of target ur_dashboard_msgs__py[0m
[20.593s] [ 85%] [34m[1mGenerating Python code for ROS interfaces[0m
[24.744s] [ 85%] Built target ur_dashboard_msgs__py
[24.762s] [35m[1mScanning dependencies of target ur_dashboard_msgs__python[0m
[24.820s] [ 85%] [32mBuilding C object CMakeFiles/ur_dashboard_msgs__python.dir/rosidl_generator_py/ur_dashboard_msgs/msg/_robot_mode_s.c.o[0m
[24.820s] [ 86%] [32mBuilding C object CMakeFiles/ur_dashboard_msgs__python.dir/rosidl_generator_py/ur_dashboard_msgs/srv/_get_loaded_program_s.c.o[0m
[24.821s] [ 87%] [32mBuilding C object CMakeFiles/ur_dashboard_msgs__python.dir/rosidl_generator_py/ur_dashboard_msgs/srv/_add_to_log_s.c.o[0m
[24.822s] [ 88%] [32mBuilding C object CMakeFiles/ur_dashboard_msgs__python.dir/rosidl_generator_py/ur_dashboard_msgs/msg/_program_state_s.c.o[0m
[24.822s] [ 89%] [32mBuilding C object CMakeFiles/ur_dashboard_msgs__python.dir/rosidl_generator_py/ur_dashboard_msgs/srv/_get_safety_mode_s.c.o[0m
[24.822s] [ 90%] [32mBuilding C object CMakeFiles/ur_dashboard_msgs__python.dir/rosidl_generator_py/ur_dashboard_msgs/msg/_safety_mode_s.c.o[0m
[24.823s] [ 91%] [32mBuilding C object CMakeFiles/ur_dashboard_msgs__python.dir/rosidl_generator_py/ur_dashboard_msgs/srv/_get_robot_mode_s.c.o[0m
[24.824s] [ 91%] [32mBuilding C object CMakeFiles/ur_dashboard_msgs__python.dir/rosidl_generator_py/ur_dashboard_msgs/srv/_get_program_state_s.c.o[0m
[24.824s] [ 92%] [32mBuilding C object CMakeFiles/ur_dashboard_msgs__python.dir/rosidl_generator_py/ur_dashboard_msgs/srv/_is_program_running_s.c.o[0m
[24.826s] [ 92%] [32mBuilding C object CMakeFiles/ur_dashboard_msgs__python.dir/rosidl_generator_py/ur_dashboard_msgs/srv/_is_program_saved_s.c.o[0m
[24.961s] [ 92%] [32mBuilding C object CMakeFiles/ur_dashboard_msgs__python.dir/rosidl_generator_py/ur_dashboard_msgs/action/_set_mode_s.c.o[0m
[24.976s] [ 93%] [32mBuilding C object CMakeFiles/ur_dashboard_msgs__python.dir/rosidl_generator_py/ur_dashboard_msgs/srv/_popup_s.c.o[0m
[24.977s] [ 94%] [32mBuilding C object CMakeFiles/ur_dashboard_msgs__python.dir/rosidl_generator_py/ur_dashboard_msgs/srv/_raw_request_s.c.o[0m
[24.988s] [ 95%] [32mBuilding C object CMakeFiles/ur_dashboard_msgs__python.dir/rosidl_generator_py/ur_dashboard_msgs/srv/_load_s.c.o[0m
[25.124s] [ 96%] [32m[1mLinking C shared library rosidl_generator_py/ur_dashboard_msgs/libur_dashboard_msgs__python.so[0m
[25.181s] [ 96%] Built target ur_dashboard_msgs__python
[25.201s] [35m[1mScanning dependencies of target ur_dashboard_msgs__rosidl_typesupport_c__pyext[0m
[25.201s] [35m[1mScanning dependencies of target ur_dashboard_msgs__rosidl_typesupport_introspection_c__pyext[0m
[25.201s] [35m[1mScanning dependencies of target ur_dashboard_msgs__rosidl_typesupport_fastrtps_c__pyext[0m
[25.234s] [ 97%] [32mBuilding C object CMakeFiles/ur_dashboard_msgs__rosidl_typesupport_c__pyext.dir/rosidl_generator_py/ur_dashboard_msgs/_ur_dashboard_msgs_s.ep.rosidl_typesupport_c.c.o[0m
[25.234s] [ 98%] [32mBuilding C object CMakeFiles/ur_dashboard_msgs__rosidl_typesupport_introspection_c__pyext.dir/rosidl_generator_py/ur_dashboard_msgs/_ur_dashboard_msgs_s.ep.rosidl_typesupport_introspection_c.c.o[0m
[25.235s] [ 99%] [32mBuilding C object CMakeFiles/ur_dashboard_msgs__rosidl_typesupport_fastrtps_c__pyext.dir/rosidl_generator_py/ur_dashboard_msgs/_ur_dashboard_msgs_s.ep.rosidl_typesupport_fastrtps_c.c.o[0m
[25.430s] [100%] [32m[1mLinking C shared library rosidl_generator_py/ur_dashboard_msgs/ur_dashboard_msgs_s__rosidl_typesupport_introspection_c.cpython-38-x86_64-linux-gnu.so[0m
[25.432s] [100%] [32m[1mLinking C shared library rosidl_generator_py/ur_dashboard_msgs/ur_dashboard_msgs_s__rosidl_typesupport_c.cpython-38-x86_64-linux-gnu.so[0m
[25.433s] [100%] [32m[1mLinking CXX shared library rosidl_generator_py/ur_dashboard_msgs/ur_dashboard_msgs_s__rosidl_typesupport_fastrtps_c.cpython-38-x86_64-linux-gnu.so[0m
[25.484s] [100%] Built target ur_dashboard_msgs__rosidl_typesupport_introspection_c__pyext
[25.485s] [100%] Built target ur_dashboard_msgs__rosidl_typesupport_c__pyext
[25.512s] [100%] Built target ur_dashboard_msgs__rosidl_typesupport_fastrtps_c__pyext
[25.525s] Invoked command in '/home/d-lab/workspace/ros_ur_driver/src/build/ur_dashboard_msgs' returned '0': CMAKE_PREFIX_PATH=${CMAKE_PREFIX_PATH}:/home/d-lab/workspace/ros_ur_driver/install/ros2controlcli:/home/d-lab/workspace/ros_ur_driver/install/ros2_control_test_nodes:/opt/ros/foxy /usr/bin/cmake --build /home/d-lab/workspace/ros_ur_driver/src/build/ur_dashboard_msgs -- -j16 -l16
[25.980s] Invoking command in '/home/d-lab/workspace/ros_ur_driver/src/build/ur_dashboard_msgs': CMAKE_PREFIX_PATH=${CMAKE_PREFIX_PATH}:/home/d-lab/workspace/ros_ur_driver/install/ros2controlcli:/home/d-lab/workspace/ros_ur_driver/install/ros2_control_test_nodes:/opt/ros/foxy /usr/bin/cmake --install /home/d-lab/workspace/ros_ur_driver/src/build/ur_dashboard_msgs
[25.989s] -- Install configuration: ""
[25.990s] -- Installing: /home/d-lab/workspace/ros_ur_driver/src/install/ur_dashboard_msgs/share/ament_index/resource_index/rosidl_interfaces/ur_dashboard_msgs
[25.990s] -- Installing: /home/d-lab/workspace/ros_ur_driver/src/install/ur_dashboard_msgs/include/ur_dashboard_msgs
[25.990s] -- Installing: /home/d-lab/workspace/ros_ur_driver/src/install/ur_dashboard_msgs/include/ur_dashboard_msgs/srv
[25.990s] -- Installing: /home/d-lab/workspace/ros_ur_driver/src/install/ur_dashboard_msgs/include/ur_dashboard_msgs/srv/get_robot_mode.h
[25.990s] -- Installing: /home/d-lab/workspace/ros_ur_driver/src/install/ur_dashboard_msgs/include/ur_dashboard_msgs/srv/load.h
[25.990s] -- Installing: /home/d-lab/workspace/ros_ur_driver/src/install/ur_dashboard_msgs/include/ur_dashboard_msgs/srv/get_loaded_program.h
[25.990s] -- Installing: /home/d-lab/workspace/ros_ur_driver/src/install/ur_dashboard_msgs/include/ur_dashboard_msgs/srv/get_safety_mode.h
[25.990s] -- Installing: /home/d-lab/workspace/ros_ur_driver/src/install/ur_dashboard_msgs/include/ur_dashboard_msgs/srv/popup.h
[25.990s] -- Installing: /home/d-lab/workspace/ros_ur_driver/src/install/ur_dashboard_msgs/include/ur_dashboard_msgs/srv/is_program_saved.h
[25.990s] -- Installing: /home/d-lab/workspace/ros_ur_driver/src/install/ur_dashboard_msgs/include/ur_dashboard_msgs/srv/raw_request.h
[25.990s] -- Installing: /home/d-lab/workspace/ros_ur_driver/src/install/ur_dashboard_msgs/include/ur_dashboard_msgs/srv/add_to_log.h
[25.990s] -- Installing: /home/d-lab/workspace/ros_ur_driver/src/install/ur_dashboard_msgs/include/ur_dashboard_msgs/srv/get_program_state.h
[25.990s] -- Installing: /home/d-lab/workspace/ros_ur_driver/src/install/ur_dashboard_msgs/include/ur_dashboard_msgs/srv/is_program_running.h
[25.990s] -- Installing: /home/d-lab/workspace/ros_ur_driver/src/install/ur_dashboard_msgs/include/ur_dashboard_msgs/srv/detail
[25.990s] -- Installing: /home/d-lab/workspace/ros_ur_driver/src/install/ur_dashboard_msgs/include/ur_dashboard_msgs/srv/detail/get_safety_mode__type_support.h
[25.990s] -- Installing: /home/d-lab/workspace/ros_ur_driver/src/install/ur_dashboard_msgs/include/ur_dashboard_msgs/srv/detail/add_to_log__type_support.h
[25.990s] -- Installing: /home/d-lab/workspace/ros_ur_driver/src/install/ur_dashboard_msgs/include/ur_dashboard_msgs/srv/detail/popup__functions.c
[25.990s] -- Installing: /home/d-lab/workspace/ros_ur_driver/src/install/ur_dashboard_msgs/include/ur_dashboard_msgs/srv/detail/raw_request__functions.c
[25.990s] -- Installing: /home/d-lab/workspace/ros_ur_driver/src/install/ur_dashboard_msgs/include/ur_dashboard_msgs/srv/detail/is_program_running__functions.c
[25.991s] -- Installing: /home/d-lab/workspace/ros_ur_driver/src/install/ur_dashboard_msgs/include/ur_dashboard_msgs/srv/detail/load__type_support.h
[25.991s] -- Installing: /home/d-lab/workspace/ros_ur_driver/src/install/ur_dashboard_msgs/include/ur_dashboard_msgs/srv/detail/add_to_log__struct.h
[25.991s] -- Installing: /home/d-lab/workspace/ros_ur_driver/src/install/ur_dashboard_msgs/include/ur_dashboard_msgs/srv/detail/get_safety_mode__functions.h
[25.991s] -- Installing: /home/d-lab/workspace/ros_ur_driver/src/install/ur_dashboard_msgs/include/ur_dashboard_msgs/srv/detail/get_robot_mode__struct.h
[25.991s] -- Installing: /home/d-lab/workspace/ros_ur_driver/src/install/ur_dashboard_msgs/include/ur_dashboard_msgs/srv/detail/popup__type_support.h
[25.991s] -- Installing: /home/d-lab/workspace/ros_ur_driver/src/install/ur_dashboard_msgs/include/ur_dashboard_msgs/srv/detail/is_program_running__struct.h
[25.991s] -- Installing: /home/d-lab/workspace/ros_ur_driver/src/install/ur_dashboard_msgs/include/ur_dashboard_msgs/srv/detail/get_program_state__functions.h
[25.991s] -- Installing: /home/d-lab/workspace/ros_ur_driver/src/install/ur_dashboard_msgs/include/ur_dashboard_msgs/srv/detail/popup__struct.h
[25.991s] -- Installing: /home/d-lab/workspace/ros_ur_driver/src/install/ur_dashboard_msgs/include/ur_dashboard_msgs/srv/detail/is_program_running__type_support.h
[25.991s] -- Installing: /home/d-lab/workspace/ros_ur_driver/src/install/ur_dashboard_msgs/include/ur_dashboard_msgs/srv/detail/load__functions.h
[25.991s] -- Installing: /home/d-lab/workspace/ros_ur_driver/src/install/ur_dashboard_msgs/include/ur_dashboard_msgs/srv/detail/get_program_state__struct.h
[25.991s] -- Installing: /home/d-lab/workspace/ros_ur_driver/src/install/ur_dashboard_msgs/include/ur_dashboard_msgs/srv/detail/get_safety_mode__functions.c
[25.992s] -- Installing: /home/d-lab/workspace/ros_ur_driver/src/install/ur_dashboard_msgs/include/ur_dashboard_msgs/srv/detail/load__functions.c
[25.992s] -- Installing: /home/d-lab/workspace/ros_ur_driver/src/install/ur_dashboard_msgs/include/ur_dashboard_msgs/srv/detail/get_loaded_program__functions.h
[25.992s] -- Installing: /home/d-lab/workspace/ros_ur_driver/src/install/ur_dashboard_msgs/include/ur_dashboard_msgs/srv/detail/add_to_log__functions.c
[25.992s] -- Installing: /home/d-lab/workspace/ros_ur_driver/src/install/ur_dashboard_msgs/include/ur_dashboard_msgs/srv/detail/get_loaded_program__type_support.h
[25.992s] -- Installing: /home/d-lab/workspace/ros_ur_driver/src/install/ur_dashboard_msgs/include/ur_dashboard_msgs/srv/detail/load__struct.h
[25.992s] -- Installing: /home/d-lab/workspace/ros_ur_driver/src/install/ur_dashboard_msgs/include/ur_dashboard_msgs/srv/detail/get_robot_mode__type_support.h
[25.992s] -- Installing: /home/d-lab/workspace/ros_ur_driver/src/install/ur_dashboard_msgs/include/ur_dashboard_msgs/srv/detail/get_program_state__functions.c
[25.992s] -- Installing: /home/d-lab/workspace/ros_ur_driver/src/install/ur_dashboard_msgs/include/ur_dashboard_msgs/srv/detail/get_safety_mode__struct.h
[25.992s] -- Installing: /home/d-lab/workspace/ros_ur_driver/src/install/ur_dashboard_msgs/include/ur_dashboard_msgs/srv/detail/raw_request__functions.h
[25.992s] -- Installing: /home/d-lab/workspace/ros_ur_driver/src/install/ur_dashboard_msgs/include/ur_dashboard_msgs/srv/detail/is_program_saved__struct.h
[25.992s] -- Installing: /home/d-lab/workspace/ros_ur_driver/src/install/ur_dashboard_msgs/include/ur_dashboard_msgs/srv/detail/is_program_saved__type_support.h
[25.992s] -- Installing: /home/d-lab/workspace/ros_ur_driver/src/install/ur_dashboard_msgs/include/ur_dashboard_msgs/srv/detail/get_program_state__type_support.h
[25.992s] -- Installing: /home/d-lab/workspace/ros_ur_driver/src/install/ur_dashboard_msgs/include/ur_dashboard_msgs/srv/detail/is_program_running__functions.h
[25.992s] -- Installing: /home/d-lab/workspace/ros_ur_driver/src/install/ur_dashboard_msgs/include/ur_dashboard_msgs/srv/detail/get_robot_mode__functions.c
[25.992s] -- Installing: /home/d-lab/workspace/ros_ur_driver/src/install/ur_dashboard_msgs/include/ur_dashboard_msgs/srv/detail/popup__functions.h
[25.992s] -- Installing: /home/d-lab/workspace/ros_ur_driver/src/install/ur_dashboard_msgs/include/ur_dashboard_msgs/srv/detail/get_loaded_program__struct.h
[25.992s] -- Installing: /home/d-lab/workspace/ros_ur_driver/src/install/ur_dashboard_msgs/include/ur_dashboard_msgs/srv/detail/is_program_saved__functions.h
[25.992s] -- Installing: /home/d-lab/workspace/ros_ur_driver/src/install/ur_dashboard_msgs/include/ur_dashboard_msgs/srv/detail/get_loaded_program__functions.c
[25.992s] -- Installing: /home/d-lab/workspace/ros_ur_driver/src/install/ur_dashboard_msgs/include/ur_dashboard_msgs/srv/detail/raw_request__type_support.h
[25.993s] -- Installing: /home/d-lab/workspace/ros_ur_driver/src/install/ur_dashboard_msgs/include/ur_dashboard_msgs/srv/detail/is_program_saved__functions.c
[25.993s] -- Installing: /home/d-lab/workspace/ros_ur_driver/src/install/ur_dashboard_msgs/include/ur_dashboard_msgs/srv/detail/get_robot_mode__functions.h
[25.993s] -- Installing: /home/d-lab/workspace/ros_ur_driver/src/install/ur_dashboard_msgs/include/ur_dashboard_msgs/srv/detail/add_to_log__functions.h
[25.993s] -- Installing: /home/d-lab/workspace/ros_ur_driver/src/install/ur_dashboard_msgs/include/ur_dashboard_msgs/srv/detail/raw_request__struct.h
[25.993s] -- Installing: /home/d-lab/workspace/ros_ur_driver/src/install/ur_dashboard_msgs/include/ur_dashboard_msgs/action
[25.993s] -- Installing: /home/d-lab/workspace/ros_ur_driver/src/install/ur_dashboard_msgs/include/ur_dashboard_msgs/action/set_mode.h
[25.993s] -- Installing: /home/d-lab/workspace/ros_ur_driver/src/install/ur_dashboard_msgs/include/ur_dashboard_msgs/action/detail
[25.993s] -- Installing: /home/d-lab/workspace/ros_ur_driver/src/install/ur_dashboard_msgs/include/ur_dashboard_msgs/action/detail/set_mode__functions.c
[25.993s] -- Installing: /home/d-lab/workspace/ros_ur_driver/src/install/ur_dashboard_msgs/include/ur_dashboard_msgs/action/detail/set_mode__functions.h
[25.993s] -- Installing: /home/d-lab/workspace/ros_ur_driver/src/install/ur_dashboard_msgs/include/ur_dashboard_msgs/action/detail/set_mode__type_support.h
[25.993s] -- Installing: /home/d-lab/workspace/ros_ur_driver/src/install/ur_dashboard_msgs/include/ur_dashboard_msgs/action/detail/set_mode__struct.h
[25.993s] -- Installing: /home/d-lab/workspace/ros_ur_driver/src/install/ur_dashboard_msgs/include/ur_dashboard_msgs/msg
[25.993s] -- Installing: /home/d-lab/workspace/ros_ur_driver/src/install/ur_dashboard_msgs/include/ur_dashboard_msgs/msg/robot_mode.h
[25.993s] -- Installing: /home/d-lab/workspace/ros_ur_driver/src/install/ur_dashboard_msgs/include/ur_dashboard_msgs/msg/rosidl_generator_c__visibility_control.h
[25.993s] -- Installing: /home/d-lab/workspace/ros_ur_driver/src/install/ur_dashboard_msgs/include/ur_dashboard_msgs/msg/safety_mode.h
[25.993s] -- Installing: /home/d-lab/workspace/ros_ur_driver/src/install/ur_dashboard_msgs/include/ur_dashboard_msgs/msg/program_state.h
[25.993s] -- Installing: /home/d-lab/workspace/ros_ur_driver/src/install/ur_dashboard_msgs/include/ur_dashboard_msgs/msg/detail
[25.993s] -- Installing: /home/d-lab/workspace/ros_ur_driver/src/install/ur_dashboard_msgs/include/ur_dashboard_msgs/msg/detail/safety_mode__functions.c
[25.994s] -- Installing: /home/d-lab/workspace/ros_ur_driver/src/install/ur_dashboard_msgs/include/ur_dashboard_msgs/msg/detail/program_state__functions.c
[25.994s] -- Installing: /home/d-lab/workspace/ros_ur_driver/src/install/ur_dashboard_msgs/include/ur_dashboard_msgs/msg/detail/program_state__functions.h
[25.994s] -- Installing: /home/d-lab/workspace/ros_ur_driver/src/install/ur_dashboard_msgs/include/ur_dashboard_msgs/msg/detail/robot_mode__functions.h
[25.994s] -- Installing: /home/d-lab/workspace/ros_ur_driver/src/install/ur_dashboard_msgs/include/ur_dashboard_msgs/msg/detail/safety_mode__type_support.h
[25.994s] -- Installing: /home/d-lab/workspace/ros_ur_driver/src/install/ur_dashboard_msgs/include/ur_dashboard_msgs/msg/detail/safety_mode__functions.h
[25.994s] -- Installing: /home/d-lab/workspace/ros_ur_driver/src/install/ur_dashboard_msgs/include/ur_dashboard_msgs/msg/detail/program_state__struct.h
[25.994s] -- Installing: /home/d-lab/workspace/ros_ur_driver/src/install/ur_dashboard_msgs/include/ur_dashboard_msgs/msg/detail/robot_mode__type_support.h
[25.994s] -- Installing: /home/d-lab/workspace/ros_ur_driver/src/install/ur_dashboard_msgs/include/ur_dashboard_msgs/msg/detail/robot_mode__struct.h
[25.994s] -- Installing: /home/d-lab/workspace/ros_ur_driver/src/install/ur_dashboard_msgs/include/ur_dashboard_msgs/msg/detail/program_state__type_support.h
[25.994s] -- Installing: /home/d-lab/workspace/ros_ur_driver/src/install/ur_dashboard_msgs/include/ur_dashboard_msgs/msg/detail/safety_mode__struct.h
[25.994s] -- Installing: /home/d-lab/workspace/ros_ur_driver/src/install/ur_dashboard_msgs/include/ur_dashboard_msgs/msg/detail/robot_mode__functions.c
[25.994s] -- Installing: /home/d-lab/workspace/ros_ur_driver/src/install/ur_dashboard_msgs/share/ur_dashboard_msgs/environment/library_path.sh
[25.994s] -- Installing: /home/d-lab/workspace/ros_ur_driver/src/install/ur_dashboard_msgs/share/ur_dashboard_msgs/environment/library_path.dsv
[25.994s] -- Installing: /home/d-lab/workspace/ros_ur_driver/src/install/ur_dashboard_msgs/lib/libur_dashboard_msgs__rosidl_generator_c.so
[25.994s] -- Set runtime path of "/home/d-lab/workspace/ros_ur_driver/src/install/ur_dashboard_msgs/lib/libur_dashboard_msgs__rosidl_generator_c.so" to ""
[25.994s] -- Up-to-date: /home/d-lab/workspace/ros_ur_driver/src/install/ur_dashboard_msgs/include/ur_dashboard_msgs
[25.994s] -- Up-to-date: /home/d-lab/workspace/ros_ur_driver/src/install/ur_dashboard_msgs/include/ur_dashboard_msgs/srv
[25.994s] -- Up-to-date: /home/d-lab/workspace/ros_ur_driver/src/install/ur_dashboard_msgs/include/ur_dashboard_msgs/srv/detail
[25.994s] -- Installing: /home/d-lab/workspace/ros_ur_driver/src/install/ur_dashboard_msgs/include/ur_dashboard_msgs/srv/detail/get_safety_mode__rosidl_typesupport_fastrtps_c.h
[25.995s] -- Installing: /home/d-lab/workspace/ros_ur_driver/src/install/ur_dashboard_msgs/include/ur_dashboard_msgs/srv/detail/add_to_log__rosidl_typesupport_fastrtps_c.h
[25.995s] -- Installing: /home/d-lab/workspace/ros_ur_driver/src/install/ur_dashboard_msgs/include/ur_dashboard_msgs/srv/detail/is_program_saved__rosidl_typesupport_fastrtps_c.h
[25.995s] -- Installing: /home/d-lab/workspace/ros_ur_driver/src/install/ur_dashboard_msgs/include/ur_dashboard_msgs/srv/detail/popup__rosidl_typesupport_fastrtps_c.h
[25.995s] -- Installing: /home/d-lab/workspace/ros_ur_driver/src/install/ur_dashboard_msgs/include/ur_dashboard_msgs/srv/detail/get_program_state__rosidl_typesupport_fastrtps_c.h
[25.995s] -- Installing: /home/d-lab/workspace/ros_ur_driver/src/install/ur_dashboard_msgs/include/ur_dashboard_msgs/srv/detail/is_program_running__rosidl_typesupport_fastrtps_c.h
[25.995s] -- Installing: /home/d-lab/workspace/ros_ur_driver/src/install/ur_dashboard_msgs/include/ur_dashboard_msgs/srv/detail/raw_request__rosidl_typesupport_fastrtps_c.h
[25.995s] -- Installing: /home/d-lab/workspace/ros_ur_driver/src/install/ur_dashboard_msgs/include/ur_dashboard_msgs/srv/detail/get_loaded_program__rosidl_typesupport_fastrtps_c.h
[25.995s] -- Installing: /home/d-lab/workspace/ros_ur_driver/src/install/ur_dashboard_msgs/include/ur_dashboard_msgs/srv/detail/get_robot_mode__rosidl_typesupport_fastrtps_c.h
[25.995s] -- Installing: /home/d-lab/workspace/ros_ur_driver/src/install/ur_dashboard_msgs/include/ur_dashboard_msgs/srv/detail/load__rosidl_typesupport_fastrtps_c.h
[25.995s] -- Up-to-date: /home/d-lab/workspace/ros_ur_driver/src/install/ur_dashboard_msgs/include/ur_dashboard_msgs/action
[25.995s] -- Up-to-date: /home/d-lab/workspace/ros_ur_driver/src/install/ur_dashboard_msgs/include/ur_dashboard_msgs/action/detail
[25.995s] -- Installing: /home/d-lab/workspace/ros_ur_driver/src/install/ur_dashboard_msgs/include/ur_dashboard_msgs/action/detail/set_mode__rosidl_typesupport_fastrtps_c.h
[25.995s] -- Up-to-date: /home/d-lab/workspace/ros_ur_driver/src/install/ur_dashboard_msgs/include/ur_dashboard_msgs/msg
[25.995s] -- Installing: /home/d-lab/workspace/ros_ur_driver/src/install/ur_dashboard_msgs/include/ur_dashboard_msgs/msg/rosidl_typesupport_fastrtps_c__visibility_control.h
[25.995s] -- Up-to-date: /home/d-lab/workspace/ros_ur_driver/src/install/ur_dashboard_msgs/include/ur_dashboard_msgs/msg/detail
[25.995s] -- Installing: /home/d-lab/workspace/ros_ur_driver/src/install/ur_dashboard_msgs/include/ur_dashboard_msgs/msg/detail/program_state__rosidl_typesupport_fastrtps_c.h
[25.995s] -- Installing: /home/d-lab/workspace/ros_ur_driver/src/install/ur_dashboard_msgs/include/ur_dashboard_msgs/msg/detail/safety_mode__rosidl_typesupport_fastrtps_c.h
[25.995s] -- Installing: /home/d-lab/workspace/ros_ur_driver/src/install/ur_dashboard_msgs/include/ur_dashboard_msgs/msg/detail/robot_mode__rosidl_typesupport_fastrtps_c.h
[25.995s] -- Installing: /home/d-lab/workspace/ros_ur_driver/src/install/ur_dashboard_msgs/lib/libur_dashboard_msgs__rosidl_typesupport_fastrtps_c.so
[25.996s] -- Set runtime path of "/home/d-lab/workspace/ros_ur_driver/src/install/ur_dashboard_msgs/lib/libur_dashboard_msgs__rosidl_typesupport_fastrtps_c.so" to ""
[25.996s] -- Up-to-date: /home/d-lab/workspace/ros_ur_driver/src/install/ur_dashboard_msgs/include/ur_dashboard_msgs
[25.996s] -- Up-to-date: /home/d-lab/workspace/ros_ur_driver/src/install/ur_dashboard_msgs/include/ur_dashboard_msgs/srv
[25.996s] -- Up-to-date: /home/d-lab/workspace/ros_ur_driver/src/install/ur_dashboard_msgs/include/ur_dashboard_msgs/srv/detail
[25.996s] -- Installing: /home/d-lab/workspace/ros_ur_driver/src/install/ur_dashboard_msgs/include/ur_dashboard_msgs/srv/detail/get_loaded_program__rosidl_typesupport_fastrtps_cpp.hpp
[25.996s] -- Installing: /home/d-lab/workspace/ros_ur_driver/src/install/ur_dashboard_msgs/include/ur_dashboard_msgs/srv/detail/load__rosidl_typesupport_fastrtps_cpp.hpp
[25.996s] -- Installing: /home/d-lab/workspace/ros_ur_driver/src/install/ur_dashboard_msgs/include/ur_dashboard_msgs/srv/detail/is_program_running__rosidl_typesupport_fastrtps_cpp.hpp
[25.996s] -- Installing: /home/d-lab/workspace/ros_ur_driver/src/install/ur_dashboard_msgs/include/ur_dashboard_msgs/srv/detail/dds_fastrtps
[25.996s] -- Installing: /home/d-lab/workspace/ros_ur_driver/src/install/ur_dashboard_msgs/include/ur_dashboard_msgs/srv/detail/add_to_log__rosidl_typesupport_fastrtps_cpp.hpp
[25.996s] -- Installing: /home/d-lab/workspace/ros_ur_driver/src/install/ur_dashboard_msgs/include/ur_dashboard_msgs/srv/detail/get_safety_mode__rosidl_typesupport_fastrtps_cpp.hpp
[25.996s] -- Installing: /home/d-lab/workspace/ros_ur_driver/src/install/ur_dashboard_msgs/include/ur_dashboard_msgs/srv/detail/popup__rosidl_typesupport_fastrtps_cpp.hpp
[25.996s] -- Installing: /home/d-lab/workspace/ros_ur_driver/src/install/ur_dashboard_msgs/include/ur_dashboard_msgs/srv/detail/get_program_state__rosidl_typesupport_fastrtps_cpp.hpp
[25.996s] -- Installing: /home/d-lab/workspace/ros_ur_driver/src/install/ur_dashboard_msgs/include/ur_dashboard_msgs/srv/detail/is_program_saved__rosidl_typesupport_fastrtps_cpp.hpp
[25.996s] -- Installing: /home/d-lab/workspace/ros_ur_driver/src/install/ur_dashboard_msgs/include/ur_dashboard_msgs/srv/detail/get_robot_mode__rosidl_typesupport_fastrtps_cpp.hpp
[25.996s] -- Installing: /home/d-lab/workspace/ros_ur_driver/src/install/ur_dashboard_msgs/include/ur_dashboard_msgs/srv/detail/raw_request__rosidl_typesupport_fastrtps_cpp.hpp
[25.996s] -- Up-to-date: /home/d-lab/workspace/ros_ur_driver/src/install/ur_dashboard_msgs/include/ur_dashboard_msgs/action
[25.997s] -- Up-to-date: /home/d-lab/workspace/ros_ur_driver/src/install/ur_dashboard_msgs/include/ur_dashboard_msgs/action/detail
[25.997s] -- Installing: /home/d-lab/workspace/ros_ur_driver/src/install/ur_dashboard_msgs/include/ur_dashboard_msgs/action/detail/dds_fastrtps
[25.997s] -- Installing: /home/d-lab/workspace/ros_ur_driver/src/install/ur_dashboard_msgs/include/ur_dashboard_msgs/action/detail/set_mode__rosidl_typesupport_fastrtps_cpp.hpp
[25.997s] -- Up-to-date: /home/d-lab/workspace/ros_ur_driver/src/install/ur_dashboard_msgs/include/ur_dashboard_msgs/msg
[25.997s] -- Installing: /home/d-lab/workspace/ros_ur_driver/src/install/ur_dashboard_msgs/include/ur_dashboard_msgs/msg/rosidl_typesupport_fastrtps_cpp__visibility_control.h
[25.997s] -- Up-to-date: /home/d-lab/workspace/ros_ur_driver/src/install/ur_dashboard_msgs/include/ur_dashboard_msgs/msg/detail
[25.997s] -- Installing: /home/d-lab/workspace/ros_ur_driver/src/install/ur_dashboard_msgs/include/ur_dashboard_msgs/msg/detail/dds_fastrtps
[25.997s] -- Installing: /home/d-lab/workspace/ros_ur_driver/src/install/ur_dashboard_msgs/include/ur_dashboard_msgs/msg/detail/robot_mode__rosidl_typesupport_fastrtps_cpp.hpp
[25.997s] -- Installing: /home/d-lab/workspace/ros_ur_driver/src/install/ur_dashboard_msgs/include/ur_dashboard_msgs/msg/detail/program_state__rosidl_typesupport_fastrtps_cpp.hpp
[25.997s] -- Installing: /home/d-lab/workspace/ros_ur_driver/src/install/ur_dashboard_msgs/include/ur_dashboard_msgs/msg/detail/safety_mode__rosidl_typesupport_fastrtps_cpp.hpp
[25.997s] -- Installing: /home/d-lab/workspace/ros_ur_driver/src/install/ur_dashboard_msgs/lib/libur_dashboard_msgs__rosidl_typesupport_fastrtps_cpp.so
[25.997s] -- Set runtime path of "/home/d-lab/workspace/ros_ur_driver/src/install/ur_dashboard_msgs/lib/libur_dashboard_msgs__rosidl_typesupport_fastrtps_cpp.so" to ""
[25.997s] -- Up-to-date: /home/d-lab/workspace/ros_ur_driver/src/install/ur_dashboard_msgs/include/ur_dashboard_msgs
[25.997s] -- Up-to-date: /home/d-lab/workspace/ros_ur_driver/src/install/ur_dashboard_msgs/include/ur_dashboard_msgs/srv
[25.997s] -- Up-to-date: /home/d-lab/workspace/ros_ur_driver/src/install/ur_dashboard_msgs/include/ur_dashboard_msgs/srv/detail
[25.997s] -- Installing: /home/d-lab/workspace/ros_ur_driver/src/install/ur_dashboard_msgs/include/ur_dashboard_msgs/srv/detail/get_safety_mode__type_support.c
[25.997s] -- Installing: /home/d-lab/workspace/ros_ur_driver/src/install/ur_dashboard_msgs/include/ur_dashboard_msgs/srv/detail/get_program_state__type_support.c
[25.997s] -- Installing: /home/d-lab/workspace/ros_ur_driver/src/install/ur_dashboard_msgs/include/ur_dashboard_msgs/srv/detail/raw_request__type_support.c
[25.997s] -- Installing: /home/d-lab/workspace/ros_ur_driver/src/install/ur_dashboard_msgs/include/ur_dashboard_msgs/srv/detail/get_robot_mode__type_support.c
[25.998s] -- Installing: /home/d-lab/workspace/ros_ur_driver/src/install/ur_dashboard_msgs/include/ur_dashboard_msgs/srv/detail/raw_request__rosidl_typesupport_introspection_c.h
[25.998s] -- Installing: /home/d-lab/workspace/ros_ur_driver/src/install/ur_dashboard_msgs/include/ur_dashboard_msgs/srv/detail/is_program_saved__type_support.c
[25.998s] -- Installing: /home/d-lab/workspace/ros_ur_driver/src/install/ur_dashboard_msgs/include/ur_dashboard_msgs/srv/detail/add_to_log__type_support.c
[25.998s] -- Installing: /home/d-lab/workspace/ros_ur_driver/src/install/ur_dashboard_msgs/include/ur_dashboard_msgs/srv/detail/is_program_running__rosidl_typesupport_introspection_c.h
[25.998s] -- Installing: /home/d-lab/workspace/ros_ur_driver/src/install/ur_dashboard_msgs/include/ur_dashboard_msgs/srv/detail/is_program_running__type_support.c
[25.998s] -- Installing: /home/d-lab/workspace/ros_ur_driver/src/install/ur_dashboard_msgs/include/ur_dashboard_msgs/srv/detail/load__rosidl_typesupport_introspection_c.h
[25.998s] -- Installing: /home/d-lab/workspace/ros_ur_driver/src/install/ur_dashboard_msgs/include/ur_dashboard_msgs/srv/detail/add_to_log__rosidl_typesupport_introspection_c.h
[25.998s] -- Installing: /home/d-lab/workspace/ros_ur_driver/src/install/ur_dashboard_msgs/include/ur_dashboard_msgs/srv/detail/get_loaded_program__type_support.c
[25.998s] -- Installing: /home/d-lab/workspace/ros_ur_driver/src/install/ur_dashboard_msgs/include/ur_dashboard_msgs/srv/detail/popup__type_support.c
[25.998s] -- Installing: /home/d-lab/workspace/ros_ur_driver/src/install/ur_dashboard_msgs/include/ur_dashboard_msgs/srv/detail/popup__rosidl_typesupport_introspection_c.h
[25.998s] -- Installing: /home/d-lab/workspace/ros_ur_driver/src/install/ur_dashboard_msgs/include/ur_dashboard_msgs/srv/detail/is_program_saved__rosidl_typesupport_introspection_c.h
[25.998s] -- Installing: /home/d-lab/workspace/ros_ur_driver/src/install/ur_dashboard_msgs/include/ur_dashboard_msgs/srv/detail/get_loaded_program__rosidl_typesupport_introspection_c.h
[25.998s] -- Installing: /home/d-lab/workspace/ros_ur_driver/src/install/ur_dashboard_msgs/include/ur_dashboard_msgs/srv/detail/get_robot_mode__rosidl_typesupport_introspection_c.h
[25.998s] -- Installing: /home/d-lab/workspace/ros_ur_driver/src/install/ur_dashboard_msgs/include/ur_dashboard_msgs/srv/detail/get_safety_mode__rosidl_typesupport_introspection_c.h
[25.998s] -- Installing: /home/d-lab/workspace/ros_ur_driver/src/install/ur_dashboard_msgs/include/ur_dashboard_msgs/srv/detail/get_program_state__rosidl_typesupport_introspection_c.h
[25.999s] -- Installing: /home/d-lab/workspace/ros_ur_driver/src/install/ur_dashboard_msgs/include/ur_dashboard_msgs/srv/detail/load__type_support.c
[25.999s] -- Up-to-date: /home/d-lab/workspace/ros_ur_driver/src/install/ur_dashboard_msgs/include/ur_dashboard_msgs/action
[25.999s] -- Up-to-date: /home/d-lab/workspace/ros_ur_driver/src/install/ur_dashboard_msgs/include/ur_dashboard_msgs/action/detail
[25.999s] -- Installing: /home/d-lab/workspace/ros_ur_driver/src/install/ur_dashboard_msgs/include/ur_dashboard_msgs/action/detail/set_mode__rosidl_typesupport_introspection_c.h
[25.999s] -- Installing: /home/d-lab/workspace/ros_ur_driver/src/install/ur_dashboard_msgs/include/ur_dashboard_msgs/action/detail/set_mode__type_support.c
[25.999s] -- Up-to-date: /home/d-lab/workspace/ros_ur_driver/src/install/ur_dashboard_msgs/include/ur_dashboard_msgs/msg
[25.999s] -- Installing: /home/d-lab/workspace/ros_ur_driver/src/install/ur_dashboard_msgs/include/ur_dashboard_msgs/msg/rosidl_typesupport_introspection_c__visibility_control.h
[25.999s] -- Up-to-date: /home/d-lab/workspace/ros_ur_driver/src/install/ur_dashboard_msgs/include/ur_dashboard_msgs/msg/detail
[25.999s] -- Installing: /home/d-lab/workspace/ros_ur_driver/src/install/ur_dashboard_msgs/include/ur_dashboard_msgs/msg/detail/safety_mode__rosidl_typesupport_introspection_c.h
[25.999s] -- Installing: /home/d-lab/workspace/ros_ur_driver/src/install/ur_dashboard_msgs/include/ur_dashboard_msgs/msg/detail/program_state__rosidl_typesupport_introspection_c.h
[25.999s] -- Installing: /home/d-lab/workspace/ros_ur_driver/src/install/ur_dashboard_msgs/include/ur_dashboard_msgs/msg/detail/program_state__type_support.c
[25.999s] -- Installing: /home/d-lab/workspace/ros_ur_driver/src/install/ur_dashboard_msgs/include/ur_dashboard_msgs/msg/detail/safety_mode__type_support.c
[25.999s] -- Installing: /home/d-lab/workspace/ros_ur_driver/src/install/ur_dashboard_msgs/include/ur_dashboard_msgs/msg/detail/robot_mode__type_support.c
[25.999s] -- Installing: /home/d-lab/workspace/ros_ur_driver/src/install/ur_dashboard_msgs/include/ur_dashboard_msgs/msg/detail/robot_mode__rosidl_typesupport_introspection_c.h
[25.999s] -- Installing: /home/d-lab/workspace/ros_ur_driver/src/install/ur_dashboard_msgs/lib/libur_dashboard_msgs__rosidl_typesupport_introspection_c.so
[25.999s] -- Set runtime path of "/home/d-lab/workspace/ros_ur_driver/src/install/ur_dashboard_msgs/lib/libur_dashboard_msgs__rosidl_typesupport_introspection_c.so" to ""
[25.999s] -- Installing: /home/d-lab/workspace/ros_ur_driver/src/install/ur_dashboard_msgs/lib/libur_dashboard_msgs__rosidl_typesupport_c.so
[26.000s] -- Set runtime path of "/home/d-lab/workspace/ros_ur_driver/src/install/ur_dashboard_msgs/lib/libur_dashboard_msgs__rosidl_typesupport_c.so" to ""
[26.000s] -- Up-to-date: /home/d-lab/workspace/ros_ur_driver/src/install/ur_dashboard_msgs/include/ur_dashboard_msgs
[26.000s] -- Up-to-date: /home/d-lab/workspace/ros_ur_driver/src/install/ur_dashboard_msgs/include/ur_dashboard_msgs/srv
[26.000s] -- Installing: /home/d-lab/workspace/ros_ur_driver/src/install/ur_dashboard_msgs/include/ur_dashboard_msgs/srv/get_program_state.hpp
[26.000s] -- Installing: /home/d-lab/workspace/ros_ur_driver/src/install/ur_dashboard_msgs/include/ur_dashboard_msgs/srv/get_robot_mode.hpp
[26.000s] -- Installing: /home/d-lab/workspace/ros_ur_driver/src/install/ur_dashboard_msgs/include/ur_dashboard_msgs/srv/load.hpp
[26.000s] -- Installing: /home/d-lab/workspace/ros_ur_driver/src/install/ur_dashboard_msgs/include/ur_dashboard_msgs/srv/get_loaded_program.hpp
[26.000s] -- Installing: /home/d-lab/workspace/ros_ur_driver/src/install/ur_dashboard_msgs/include/ur_dashboard_msgs/srv/is_program_running.hpp
[26.000s] -- Installing: /home/d-lab/workspace/ros_ur_driver/src/install/ur_dashboard_msgs/include/ur_dashboard_msgs/srv/raw_request.hpp
[26.000s] -- Installing: /home/d-lab/workspace/ros_ur_driver/src/install/ur_dashboard_msgs/include/ur_dashboard_msgs/srv/is_program_saved.hpp
[26.000s] -- Installing: /home/d-lab/workspace/ros_ur_driver/src/install/ur_dashboard_msgs/include/ur_dashboard_msgs/srv/get_safety_mode.hpp
[26.000s] -- Up-to-date: /home/d-lab/workspace/ros_ur_driver/src/install/ur_dashboard_msgs/include/ur_dashboard_msgs/srv/detail
[26.000s] -- Installing: /home/d-lab/workspace/ros_ur_driver/src/install/ur_dashboard_msgs/include/ur_dashboard_msgs/srv/detail/get_program_state__builder.hpp
[26.000s] -- Installing: /home/d-lab/workspace/ros_ur_driver/src/install/ur_dashboard_msgs/include/ur_dashboard_msgs/srv/detail/get_program_state__struct.hpp
[26.001s] -- Installing: /home/d-lab/workspace/ros_ur_driver/src/install/ur_dashboard_msgs/include/ur_dashboard_msgs/srv/detail/add_to_log__struct.hpp
[26.001s] -- Installing: /home/d-lab/workspace/ros_ur_driver/src/install/ur_dashboard_msgs/include/ur_dashboard_msgs/srv/detail/load__traits.hpp
[26.001s] -- Installing: /home/d-lab/workspace/ros_ur_driver/src/install/ur_dashboard_msgs/include/ur_dashboard_msgs/srv/detail/load__struct.hpp
[26.001s] -- Installing: /home/d-lab/workspace/ros_ur_driver/src/install/ur_dashboard_msgs/include/ur_dashboard_msgs/srv/detail/get_loaded_program__traits.hpp
[26.001s] -- Installing: /home/d-lab/workspace/ros_ur_driver/src/install/ur_dashboard_msgs/include/ur_dashboard_msgs/srv/detail/is_program_saved__struct.hpp
[26.001s] -- Installing: /home/d-lab/workspace/ros_ur_driver/src/install/ur_dashboard_msgs/include/ur_dashboard_msgs/srv/detail/popup__traits.hpp
[26.001s] -- Installing: /home/d-lab/workspace/ros_ur_driver/src/install/ur_dashboard_msgs/include/ur_dashboard_msgs/srv/detail/popup__struct.hpp
[26.001s] -- Installing: /home/d-lab/workspace/ros_ur_driver/src/install/ur_dashboard_msgs/include/ur_dashboard_msgs/srv/detail/raw_request__builder.hpp
[26.001s] -- Installing: /home/d-lab/workspace/ros_ur_driver/src/install/ur_dashboard_msgs/include/ur_dashboard_msgs/srv/detail/is_program_saved__traits.hpp
[26.001s] -- Installing: /home/d-lab/workspace/ros_ur_driver/src/install/ur_dashboard_msgs/include/ur_dashboard_msgs/srv/detail/is_program_running__builder.hpp
[26.001s] -- Installing: /home/d-lab/workspace/ros_ur_driver/src/install/ur_dashboard_msgs/include/ur_dashboard_msgs/srv/detail/get_safety_mode__builder.hpp
[26.001s] -- Installing: /home/d-lab/workspace/ros_ur_driver/src/install/ur_dashboard_msgs/include/ur_dashboard_msgs/srv/detail/get_robot_mode__builder.hpp
[26.001s] -- Installing: /home/d-lab/workspace/ros_ur_driver/src/install/ur_dashboard_msgs/include/ur_dashboard_msgs/srv/detail/add_to_log__traits.hpp
[26.001s] -- Installing: /home/d-lab/workspace/ros_ur_driver/src/install/ur_dashboard_msgs/include/ur_dashboard_msgs/srv/detail/get_program_state__traits.hpp
[26.001s] -- Installing: /home/d-lab/workspace/ros_ur_driver/src/install/ur_dashboard_msgs/include/ur_dashboard_msgs/srv/detail/get_robot_mode__struct.hpp
[26.001s] -- Installing: /home/d-lab/workspace/ros_ur_driver/src/install/ur_dashboard_msgs/include/ur_dashboard_msgs/srv/detail/get_loaded_program__builder.hpp
[26.001s] -- Installing: /home/d-lab/workspace/ros_ur_driver/src/install/ur_dashboard_msgs/include/ur_dashboard_msgs/srv/detail/load__builder.hpp
[26.001s] -- Installing: /home/d-lab/workspace/ros_ur_driver/src/install/ur_dashboard_msgs/include/ur_dashboard_msgs/srv/detail/raw_request__traits.hpp
[26.002s] -- Installing: /home/d-lab/workspace/ros_ur_driver/src/install/ur_dashboard_msgs/include/ur_dashboard_msgs/srv/detail/get_loaded_program__struct.hpp
[26.002s] -- Installing: /home/d-lab/workspace/ros_ur_driver/src/install/ur_dashboard_msgs/include/ur_dashboard_msgs/srv/detail/popup__builder.hpp
[26.002s] -- Installing: /home/d-lab/workspace/ros_ur_driver/src/install/ur_dashboard_msgs/include/ur_dashboard_msgs/srv/detail/is_program_running__struct.hpp
[26.002s] -- Installing: /home/d-lab/workspace/ros_ur_driver/src/install/ur_dashboard_msgs/include/ur_dashboard_msgs/srv/detail/add_to_log__builder.hpp
[26.002s] -- Installing: /home/d-lab/workspace/ros_ur_driver/src/install/ur_dashboard_msgs/include/ur_dashboard_msgs/srv/detail/get_robot_mode__traits.hpp
[26.002s] -- Installing: /home/d-lab/workspace/ros_ur_driver/src/install/ur_dashboard_msgs/include/ur_dashboard_msgs/srv/detail/get_safety_mode__traits.hpp
[26.002s] -- Installing: /home/d-lab/workspace/ros_ur_driver/src/install/ur_dashboard_msgs/include/ur_dashboard_msgs/srv/detail/is_program_running__traits.hpp
[26.002s] -- Installing: /home/d-lab/workspace/ros_ur_driver/src/install/ur_dashboard_msgs/include/ur_dashboard_msgs/srv/detail/is_program_saved__builder.hpp
[26.002s] -- Installing: /home/d-lab/workspace/ros_ur_driver/src/install/ur_dashboard_msgs/include/ur_dashboard_msgs/srv/detail/get_safety_mode__struct.hpp
[26.002s] -- Installing: /home/d-lab/workspace/ros_ur_driver/src/install/ur_dashboard_msgs/include/ur_dashboard_msgs/srv/detail/raw_request__struct.hpp
[26.002s] -- Installing: /home/d-lab/workspace/ros_ur_driver/src/install/ur_dashboard_msgs/include/ur_dashboard_msgs/srv/popup.hpp
[26.002s] -- Installing: /home/d-lab/workspace/ros_ur_driver/src/install/ur_dashboard_msgs/include/ur_dashboard_msgs/srv/add_to_log.hpp
[26.002s] -- Up-to-date: /home/d-lab/workspace/ros_ur_driver/src/install/ur_dashboard_msgs/include/ur_dashboard_msgs/action
[26.002s] -- Installing: /home/d-lab/workspace/ros_ur_driver/src/install/ur_dashboard_msgs/include/ur_dashboard_msgs/action/set_mode.hpp
[26.002s] -- Up-to-date: /home/d-lab/workspace/ros_ur_driver/src/install/ur_dashboard_msgs/include/ur_dashboard_msgs/action/detail
[26.002s] -- Installing: /home/d-lab/workspace/ros_ur_driver/src/install/ur_dashboard_msgs/include/ur_dashboard_msgs/action/detail/set_mode__traits.hpp
[26.003s] -- Installing: /home/d-lab/workspace/ros_ur_driver/src/install/ur_dashboard_msgs/include/ur_dashboard_msgs/action/detail/set_mode__struct.hpp
[26.003s] -- Installing: /home/d-lab/workspace/ros_ur_driver/src/install/ur_dashboard_msgs/include/ur_dashboard_msgs/action/detail/set_mode__builder.hpp
[26.003s] -- Up-to-date: /home/d-lab/workspace/ros_ur_driver/src/install/ur_dashboard_msgs/include/ur_dashboard_msgs/msg
[26.003s] -- Installing: /home/d-lab/workspace/ros_ur_driver/src/install/ur_dashboard_msgs/include/ur_dashboard_msgs/msg/safety_mode.hpp
[26.003s] -- Installing: /home/d-lab/workspace/ros_ur_driver/src/install/ur_dashboard_msgs/include/ur_dashboard_msgs/msg/program_state.hpp
[26.003s] -- Up-to-date: /home/d-lab/workspace/ros_ur_driver/src/install/ur_dashboard_msgs/include/ur_dashboard_msgs/msg/detail
[26.003s] -- Installing: /home/d-lab/workspace/ros_ur_driver/src/install/ur_dashboard_msgs/include/ur_dashboard_msgs/msg/detail/robot_mode__builder.hpp
[26.003s] -- Installing: /home/d-lab/workspace/ros_ur_driver/src/install/ur_dashboard_msgs/include/ur_dashboard_msgs/msg/detail/robot_mode__struct.hpp
[26.003s] -- Installing: /home/d-lab/workspace/ros_ur_driver/src/install/ur_dashboard_msgs/include/ur_dashboard_msgs/msg/detail/program_state__builder.hpp
[26.003s] -- Installing: /home/d-lab/workspace/ros_ur_driver/src/install/ur_dashboard_msgs/include/ur_dashboard_msgs/msg/detail/safety_mode__builder.hpp
[26.003s] -- Installing: /home/d-lab/workspace/ros_ur_driver/src/install/ur_dashboard_msgs/include/ur_dashboard_msgs/msg/detail/program_state__struct.hpp
[26.003s] -- Installing: /home/d-lab/workspace/ros_ur_driver/src/install/ur_dashboard_msgs/include/ur_dashboard_msgs/msg/detail/safety_mode__struct.hpp
[26.003s] -- Installing: /home/d-lab/workspace/ros_ur_driver/src/install/ur_dashboard_msgs/include/ur_dashboard_msgs/msg/detail/robot_mode__traits.hpp
[26.003s] -- Installing: /home/d-lab/workspace/ros_ur_driver/src/install/ur_dashboard_msgs/include/ur_dashboard_msgs/msg/detail/safety_mode__traits.hpp
[26.003s] -- Installing: /home/d-lab/workspace/ros_ur_driver/src/install/ur_dashboard_msgs/include/ur_dashboard_msgs/msg/detail/program_state__traits.hpp
[26.003s] -- Installing: /home/d-lab/workspace/ros_ur_driver/src/install/ur_dashboard_msgs/include/ur_dashboard_msgs/msg/robot_mode.hpp
[26.003s] -- Up-to-date: /home/d-lab/workspace/ros_ur_driver/src/install/ur_dashboard_msgs/include/ur_dashboard_msgs
[26.003s] -- Up-to-date: /home/d-lab/workspace/ros_ur_driver/src/install/ur_dashboard_msgs/include/ur_dashboard_msgs/srv
[26.003s] -- Up-to-date: /home/d-lab/workspace/ros_ur_driver/src/install/ur_dashboard_msgs/include/ur_dashboard_msgs/srv/detail
[26.003s] -- Installing: /home/d-lab/workspace/ros_ur_driver/src/install/ur_dashboard_msgs/include/ur_dashboard_msgs/srv/detail/is_program_saved__type_support.cpp
[26.004s] -- Installing: /home/d-lab/workspace/ros_ur_driver/src/install/ur_dashboard_msgs/include/ur_dashboard_msgs/srv/detail/is_program_running__rosidl_typesupport_introspection_cpp.hpp
[26.004s] -- Installing: /home/d-lab/workspace/ros_ur_driver/src/install/ur_dashboard_msgs/include/ur_dashboard_msgs/srv/detail/raw_request__type_support.cpp
[26.004s] -- Installing: /home/d-lab/workspace/ros_ur_driver/src/install/ur_dashboard_msgs/include/ur_dashboard_msgs/srv/detail/popup__type_support.cpp
[26.004s] -- Installing: /home/d-lab/workspace/ros_ur_driver/src/install/ur_dashboard_msgs/include/ur_dashboard_msgs/srv/detail/is_program_saved__rosidl_typesupport_introspection_cpp.hpp
[26.004s] -- Installing: /home/d-lab/workspace/ros_ur_driver/src/install/ur_dashboard_msgs/include/ur_dashboard_msgs/srv/detail/popup__rosidl_typesupport_introspection_cpp.hpp
[26.004s] -- Installing: /home/d-lab/workspace/ros_ur_driver/src/install/ur_dashboard_msgs/include/ur_dashboard_msgs/srv/detail/get_loaded_program__rosidl_typesupport_introspection_cpp.hpp
[26.004s] -- Installing: /home/d-lab/workspace/ros_ur_driver/src/install/ur_dashboard_msgs/include/ur_dashboard_msgs/srv/detail/get_program_state__type_support.cpp
[26.004s] -- Installing: /home/d-lab/workspace/ros_ur_driver/src/install/ur_dashboard_msgs/include/ur_dashboard_msgs/srv/detail/add_to_log__rosidl_typesupport_introspection_cpp.hpp
[26.004s] -- Installing: /home/d-lab/workspace/ros_ur_driver/src/install/ur_dashboard_msgs/include/ur_dashboard_msgs/srv/detail/get_loaded_program__type_support.cpp
[26.004s] -- Installing: /home/d-lab/workspace/ros_ur_driver/src/install/ur_dashboard_msgs/include/ur_dashboard_msgs/srv/detail/get_safety_mode__type_support.cpp
[26.004s] -- Installing: /home/d-lab/workspace/ros_ur_driver/src/install/ur_dashboard_msgs/include/ur_dashboard_msgs/srv/detail/get_robot_mode__type_support.cpp
[26.004s] -- Installing: /home/d-lab/workspace/ros_ur_driver/src/install/ur_dashboard_msgs/include/ur_dashboard_msgs/srv/detail/raw_request__rosidl_typesupport_introspection_cpp.hpp
[26.004s] -- Installing: /home/d-lab/workspace/ros_ur_driver/src/install/ur_dashboard_msgs/include/ur_dashboard_msgs/srv/detail/add_to_log__type_support.cpp
[26.004s] -- Installing: /home/d-lab/workspace/ros_ur_driver/src/install/ur_dashboard_msgs/include/ur_dashboard_msgs/srv/detail/load__type_support.cpp
[26.004s] -- Installing: /home/d-lab/workspace/ros_ur_driver/src/install/ur_dashboard_msgs/include/ur_dashboard_msgs/srv/detail/get_safety_mode__rosidl_typesupport_introspection_cpp.hpp
[26.004s] -- Installing: /home/d-lab/workspace/ros_ur_driver/src/install/ur_dashboard_msgs/include/ur_dashboard_msgs/srv/detail/is_program_running__type_support.cpp
[26.004s] -- Installing: /home/d-lab/workspace/ros_ur_driver/src/install/ur_dashboard_msgs/include/ur_dashboard_msgs/srv/detail/get_program_state__rosidl_typesupport_introspection_cpp.hpp
[26.004s] -- Installing: /home/d-lab/workspace/ros_ur_driver/src/install/ur_dashboard_msgs/include/ur_dashboard_msgs/srv/detail/get_robot_mode__rosidl_typesupport_introspection_cpp.hpp
[26.004s] -- Installing: /home/d-lab/workspace/ros_ur_driver/src/install/ur_dashboard_msgs/include/ur_dashboard_msgs/srv/detail/load__rosidl_typesupport_introspection_cpp.hpp
[26.005s] -- Up-to-date: /home/d-lab/workspace/ros_ur_driver/src/install/ur_dashboard_msgs/include/ur_dashboard_msgs/action
[26.005s] -- Up-to-date: /home/d-lab/workspace/ros_ur_driver/src/install/ur_dashboard_msgs/include/ur_dashboard_msgs/action/detail
[26.005s] -- Installing: /home/d-lab/workspace/ros_ur_driver/src/install/ur_dashboard_msgs/include/ur_dashboard_msgs/action/detail/set_mode__type_support.cpp
[26.005s] -- Installing: /home/d-lab/workspace/ros_ur_driver/src/install/ur_dashboard_msgs/include/ur_dashboard_msgs/action/detail/set_mode__rosidl_typesupport_introspection_cpp.hpp
[26.005s] -- Up-to-date: /home/d-lab/workspace/ros_ur_driver/src/install/ur_dashboard_msgs/include/ur_dashboard_msgs/msg
[26.005s] -- Up-to-date: /home/d-lab/workspace/ros_ur_driver/src/install/ur_dashboard_msgs/include/ur_dashboard_msgs/msg/detail
[26.005s] -- Installing: /home/d-lab/workspace/ros_ur_driver/src/install/ur_dashboard_msgs/include/ur_dashboard_msgs/msg/detail/safety_mode__rosidl_typesupport_introspection_cpp.hpp
[26.005s] -- Installing: /home/d-lab/workspace/ros_ur_driver/src/install/ur_dashboard_msgs/include/ur_dashboard_msgs/msg/detail/program_state__type_support.cpp
[26.005s] -- Installing: /home/d-lab/workspace/ros_ur_driver/src/install/ur_dashboard_msgs/include/ur_dashboard_msgs/msg/detail/robot_mode__type_support.cpp
[26.005s] -- Installing: /home/d-lab/workspace/ros_ur_driver/src/install/ur_dashboard_msgs/include/ur_dashboard_msgs/msg/detail/safety_mode__type_support.cpp
[26.005s] -- Installing: /home/d-lab/workspace/ros_ur_driver/src/install/ur_dashboard_msgs/include/ur_dashboard_msgs/msg/detail/robot_mode__rosidl_typesupport_introspection_cpp.hpp
[26.005s] -- Installing: /home/d-lab/workspace/ros_ur_driver/src/install/ur_dashboard_msgs/include/ur_dashboard_msgs/msg/detail/program_state__rosidl_typesupport_introspection_cpp.hpp
[26.005s] -- Installing: /home/d-lab/workspace/ros_ur_driver/src/install/ur_dashboard_msgs/lib/libur_dashboard_msgs__rosidl_typesupport_introspection_cpp.so
[26.005s] -- Set runtime path of "/home/d-lab/workspace/ros_ur_driver/src/install/ur_dashboard_msgs/lib/libur_dashboard_msgs__rosidl_typesupport_introspection_cpp.so" to ""
[26.005s] -- Installing: /home/d-lab/workspace/ros_ur_driver/src/install/ur_dashboard_msgs/lib/libur_dashboard_msgs__rosidl_typesupport_cpp.so
[26.006s] -- Set runtime path of "/home/d-lab/workspace/ros_ur_driver/src/install/ur_dashboard_msgs/lib/libur_dashboard_msgs__rosidl_typesupport_cpp.so" to ""
[26.006s] -- Installing: /home/d-lab/workspace/ros_ur_driver/src/install/ur_dashboard_msgs/share/ur_dashboard_msgs/environment/pythonpath.sh
[26.006s] -- Installing: /home/d-lab/workspace/ros_ur_driver/src/install/ur_dashboard_msgs/share/ur_dashboard_msgs/environment/pythonpath.dsv
[26.006s] -- Installing: /home/d-lab/workspace/ros_ur_driver/src/install/ur_dashboard_msgs/lib/python3.8/site-packages/ur_dashboard_msgs/__init__.py
[26.031s] Compiling '/home/d-lab/workspace/ros_ur_driver/src/install/ur_dashboard_msgs/lib/python3.8/site-packages/ur_dashboard_msgs/__init__.py'...
[26.034s] -- Installing: /home/d-lab/workspace/ros_ur_driver/src/install/ur_dashboard_msgs/lib/python3.8/site-packages/ur_dashboard_msgs/msg
[26.034s] -- Installing: /home/d-lab/workspace/ros_ur_driver/src/install/ur_dashboard_msgs/lib/python3.8/site-packages/ur_dashboard_msgs/msg/_robot_mode.py
[26.034s] -- Installing: /home/d-lab/workspace/ros_ur_driver/src/install/ur_dashboard_msgs/lib/python3.8/site-packages/ur_dashboard_msgs/msg/_safety_mode.py
[26.034s] -- Installing: /home/d-lab/workspace/ros_ur_driver/src/install/ur_dashboard_msgs/lib/python3.8/site-packages/ur_dashboard_msgs/msg/_safety_mode_s.c
[26.034s] -- Installing: /home/d-lab/workspace/ros_ur_driver/src/install/ur_dashboard_msgs/lib/python3.8/site-packages/ur_dashboard_msgs/msg/_program_state.py
[26.034s] -- Installing: /home/d-lab/workspace/ros_ur_driver/src/install/ur_dashboard_msgs/lib/python3.8/site-packages/ur_dashboard_msgs/msg/_robot_mode_s.c
[26.034s] -- Installing: /home/d-lab/workspace/ros_ur_driver/src/install/ur_dashboard_msgs/lib/python3.8/site-packages/ur_dashboard_msgs/msg/__init__.py
[26.034s] -- Installing: /home/d-lab/workspace/ros_ur_driver/src/install/ur_dashboard_msgs/lib/python3.8/site-packages/ur_dashboard_msgs/msg/_program_state_s.c
[26.035s] -- Installing: /home/d-lab/workspace/ros_ur_driver/src/install/ur_dashboard_msgs/lib/python3.8/site-packages/ur_dashboard_msgs/srv
[26.035s] -- Installing: /home/d-lab/workspace/ros_ur_driver/src/install/ur_dashboard_msgs/lib/python3.8/site-packages/ur_dashboard_msgs/srv/_is_program_running_s.c
[26.035s] -- Installing: /home/d-lab/workspace/ros_ur_driver/src/install/ur_dashboard_msgs/lib/python3.8/site-packages/ur_dashboard_msgs/srv/_is_program_running.py
[26.035s] -- Installing: /home/d-lab/workspace/ros_ur_driver/src/install/ur_dashboard_msgs/lib/python3.8/site-packages/ur_dashboard_msgs/srv/_load.py
[26.035s] -- Installing: /home/d-lab/workspace/ros_ur_driver/src/install/ur_dashboard_msgs/lib/python3.8/site-packages/ur_dashboard_msgs/srv/_add_to_log.py
[26.035s] -- Installing: /home/d-lab/workspace/ros_ur_driver/src/install/ur_dashboard_msgs/lib/python3.8/site-packages/ur_dashboard_msgs/srv/_add_to_log_s.c
[26.035s] -- Installing: /home/d-lab/workspace/ros_ur_driver/src/install/ur_dashboard_msgs/lib/python3.8/site-packages/ur_dashboard_msgs/srv/_get_robot_mode.py
[26.035s] -- Installing: /home/d-lab/workspace/ros_ur_driver/src/install/ur_dashboard_msgs/lib/python3.8/site-packages/ur_dashboard_msgs/srv/_popup_s.c
[26.035s] -- Installing: /home/d-lab/workspace/ros_ur_driver/src/install/ur_dashboard_msgs/lib/python3.8/site-packages/ur_dashboard_msgs/srv/_get_safety_mode_s.c
[26.035s] -- Installing: /home/d-lab/workspace/ros_ur_driver/src/install/ur_dashboard_msgs/lib/python3.8/site-packages/ur_dashboard_msgs/srv/_is_program_saved_s.c
[26.035s] -- Installing: /home/d-lab/workspace/ros_ur_driver/src/install/ur_dashboard_msgs/lib/python3.8/site-packages/ur_dashboard_msgs/srv/_get_program_state.py
[26.035s] -- Installing: /home/d-lab/workspace/ros_ur_driver/src/install/ur_dashboard_msgs/lib/python3.8/site-packages/ur_dashboard_msgs/srv/_get_loaded_program_s.c
[26.035s] -- Installing: /home/d-lab/workspace/ros_ur_driver/src/install/ur_dashboard_msgs/lib/python3.8/site-packages/ur_dashboard_msgs/srv/_raw_request_s.c
[26.035s] -- Installing: /home/d-lab/workspace/ros_ur_driver/src/install/ur_dashboard_msgs/lib/python3.8/site-packages/ur_dashboard_msgs/srv/_is_program_saved.py
[26.035s] -- Installing: /home/d-lab/workspace/ros_ur_driver/src/install/ur_dashboard_msgs/lib/python3.8/site-packages/ur_dashboard_msgs/srv/_load_s.c
[26.035s] -- Installing: /home/d-lab/workspace/ros_ur_driver/src/install/ur_dashboard_msgs/lib/python3.8/site-packages/ur_dashboard_msgs/srv/_get_robot_mode_s.c
[26.035s] -- Installing: /home/d-lab/workspace/ros_ur_driver/src/install/ur_dashboard_msgs/lib/python3.8/site-packages/ur_dashboard_msgs/srv/_get_program_state_s.c
[26.035s] -- Installing: /home/d-lab/workspace/ros_ur_driver/src/install/ur_dashboard_msgs/lib/python3.8/site-packages/ur_dashboard_msgs/srv/__init__.py
[26.036s] -- Installing: /home/d-lab/workspace/ros_ur_driver/src/install/ur_dashboard_msgs/lib/python3.8/site-packages/ur_dashboard_msgs/srv/_raw_request.py
[26.036s] -- Installing: /home/d-lab/workspace/ros_ur_driver/src/install/ur_dashboard_msgs/lib/python3.8/site-packages/ur_dashboard_msgs/srv/_get_loaded_program.py
[26.036s] -- Installing: /home/d-lab/workspace/ros_ur_driver/src/install/ur_dashboard_msgs/lib/python3.8/site-packages/ur_dashboard_msgs/srv/_get_safety_mode.py
[26.036s] -- Installing: /home/d-lab/workspace/ros_ur_driver/src/install/ur_dashboard_msgs/lib/python3.8/site-packages/ur_dashboard_msgs/srv/_popup.py
[26.036s] -- Installing: /home/d-lab/workspace/ros_ur_driver/src/install/ur_dashboard_msgs/lib/python3.8/site-packages/ur_dashboard_msgs/action
[26.036s] -- Installing: /home/d-lab/workspace/ros_ur_driver/src/install/ur_dashboard_msgs/lib/python3.8/site-packages/ur_dashboard_msgs/action/_set_mode_s.c
[26.036s] -- Installing: /home/d-lab/workspace/ros_ur_driver/src/install/ur_dashboard_msgs/lib/python3.8/site-packages/ur_dashboard_msgs/action/__init__.py
[26.036s] -- Installing: /home/d-lab/workspace/ros_ur_driver/src/install/ur_dashboard_msgs/lib/python3.8/site-packages/ur_dashboard_msgs/action/_set_mode.py
[26.036s] -- Installing: /home/d-lab/workspace/ros_ur_driver/src/install/ur_dashboard_msgs/lib/python3.8/site-packages/ur_dashboard_msgs/ur_dashboard_msgs_s__rosidl_typesupport_fastrtps_c.cpython-38-x86_64-linux-gnu.so
[26.037s] -- Set runtime path of "/home/d-lab/workspace/ros_ur_driver/src/install/ur_dashboard_msgs/lib/python3.8/site-packages/ur_dashboard_msgs/ur_dashboard_msgs_s__rosidl_typesupport_fastrtps_c.cpython-38-x86_64-linux-gnu.so" to ""
[26.037s] -- Installing: /home/d-lab/workspace/ros_ur_driver/src/install/ur_dashboard_msgs/lib/python3.8/site-packages/ur_dashboard_msgs/ur_dashboard_msgs_s__rosidl_typesupport_introspection_c.cpython-38-x86_64-linux-gnu.so
[26.037s] -- Set runtime path of "/home/d-lab/workspace/ros_ur_driver/src/install/ur_dashboard_msgs/lib/python3.8/site-packages/ur_dashboard_msgs/ur_dashboard_msgs_s__rosidl_typesupport_introspection_c.cpython-38-x86_64-linux-gnu.so" to ""
[26.037s] -- Installing: /home/d-lab/workspace/ros_ur_driver/src/install/ur_dashboard_msgs/lib/python3.8/site-packages/ur_dashboard_msgs/ur_dashboard_msgs_s__rosidl_typesupport_c.cpython-38-x86_64-linux-gnu.so
[26.038s] -- Set runtime path of "/home/d-lab/workspace/ros_ur_driver/src/install/ur_dashboard_msgs/lib/python3.8/site-packages/ur_dashboard_msgs/ur_dashboard_msgs_s__rosidl_typesupport_c.cpython-38-x86_64-linux-gnu.so" to ""
[26.038s] -- Installing: /home/d-lab/workspace/ros_ur_driver/src/install/ur_dashboard_msgs/lib/libur_dashboard_msgs__python.so
[26.038s] -- Set runtime path of "/home/d-lab/workspace/ros_ur_driver/src/install/ur_dashboard_msgs/lib/libur_dashboard_msgs__python.so" to ""
[26.040s] -- Installing: /home/d-lab/workspace/ros_ur_driver/src/install/ur_dashboard_msgs/share/ur_dashboard_msgs/msg/ProgramState.idl
[26.040s] -- Installing: /home/d-lab/workspace/ros_ur_driver/src/install/ur_dashboard_msgs/share/ur_dashboard_msgs/msg/RobotMode.idl
[26.040s] -- Installing: /home/d-lab/workspace/ros_ur_driver/src/install/ur_dashboard_msgs/share/ur_dashboard_msgs/msg/SafetyMode.idl
[26.040s] -- Installing: /home/d-lab/workspace/ros_ur_driver/src/install/ur_dashboard_msgs/share/ur_dashboard_msgs/srv/AddToLog.idl
[26.040s] -- Installing: /home/d-lab/workspace/ros_ur_driver/src/install/ur_dashboard_msgs/share/ur_dashboard_msgs/srv/GetLoadedProgram.idl
[26.040s] -- Installing: /home/d-lab/workspace/ros_ur_driver/src/install/ur_dashboard_msgs/share/ur_dashboard_msgs/srv/GetProgramState.idl
[26.040s] -- Installing: /home/d-lab/workspace/ros_ur_driver/src/install/ur_dashboard_msgs/share/ur_dashboard_msgs/srv/GetRobotMode.idl
[26.040s] -- Installing: /home/d-lab/workspace/ros_ur_driver/src/install/ur_dashboard_msgs/share/ur_dashboard_msgs/srv/GetSafetyMode.idl
[26.040s] -- Installing: /home/d-lab/workspace/ros_ur_driver/src/install/ur_dashboard_msgs/share/ur_dashboard_msgs/srv/IsProgramRunning.idl
[26.041s] -- Installing: /home/d-lab/workspace/ros_ur_driver/src/install/ur_dashboard_msgs/share/ur_dashboard_msgs/srv/IsProgramSaved.idl
[26.041s] -- Installing: /home/d-lab/workspace/ros_ur_driver/src/install/ur_dashboard_msgs/share/ur_dashboard_msgs/srv/Load.idl
[26.041s] -- Installing: /home/d-lab/workspace/ros_ur_driver/src/install/ur_dashboard_msgs/share/ur_dashboard_msgs/srv/Popup.idl
[26.041s] -- Installing: /home/d-lab/workspace/ros_ur_driver/src/install/ur_dashboard_msgs/share/ur_dashboard_msgs/srv/RawRequest.idl
[26.041s] -- Installing: /home/d-lab/workspace/ros_ur_driver/src/install/ur_dashboard_msgs/share/ur_dashboard_msgs/action/SetMode.idl
[26.041s] -- Installing: /home/d-lab/workspace/ros_ur_driver/src/install/ur_dashboard_msgs/share/ur_dashboard_msgs/msg/ProgramState.msg
[26.041s] -- Installing: /home/d-lab/workspace/ros_ur_driver/src/install/ur_dashboard_msgs/share/ur_dashboard_msgs/msg/RobotMode.msg
[26.041s] -- Installing: /home/d-lab/workspace/ros_ur_driver/src/install/ur_dashboard_msgs/share/ur_dashboard_msgs/msg/SafetyMode.msg
[26.041s] -- Installing: /home/d-lab/workspace/ros_ur_driver/src/install/ur_dashboard_msgs/share/ur_dashboard_msgs/srv/AddToLog.srv
[26.041s] -- Installing: /home/d-lab/workspace/ros_ur_driver/src/install/ur_dashboard_msgs/share/ur_dashboard_msgs/srv/AddToLog_Request.msg
[26.041s] -- Installing: /home/d-lab/workspace/ros_ur_driver/src/install/ur_dashboard_msgs/share/ur_dashboard_msgs/srv/AddToLog_Response.msg
[26.041s] -- Installing: /home/d-lab/workspace/ros_ur_driver/src/install/ur_dashboard_msgs/share/ur_dashboard_msgs/srv/GetLoadedProgram.srv
[26.042s] -- Installing: /home/d-lab/workspace/ros_ur_driver/src/install/ur_dashboard_msgs/share/ur_dashboard_msgs/srv/GetLoadedProgram_Request.msg
[26.042s] -- Installing: /home/d-lab/workspace/ros_ur_driver/src/install/ur_dashboard_msgs/share/ur_dashboard_msgs/srv/GetLoadedProgram_Response.msg
[26.042s] -- Installing: /home/d-lab/workspace/ros_ur_driver/src/install/ur_dashboard_msgs/share/ur_dashboard_msgs/srv/GetProgramState.srv
[26.042s] -- Installing: /home/d-lab/workspace/ros_ur_driver/src/install/ur_dashboard_msgs/share/ur_dashboard_msgs/srv/GetProgramState_Request.msg
[26.042s] -- Installing: /home/d-lab/workspace/ros_ur_driver/src/install/ur_dashboard_msgs/share/ur_dashboard_msgs/srv/GetProgramState_Response.msg
[26.042s] -- Installing: /home/d-lab/workspace/ros_ur_driver/src/install/ur_dashboard_msgs/share/ur_dashboard_msgs/srv/GetRobotMode.srv
[26.042s] -- Installing: /home/d-lab/workspace/ros_ur_driver/src/install/ur_dashboard_msgs/share/ur_dashboard_msgs/srv/GetRobotMode_Request.msg
[26.042s] -- Installing: /home/d-lab/workspace/ros_ur_driver/src/install/ur_dashboard_msgs/share/ur_dashboard_msgs/srv/GetRobotMode_Response.msg
[26.042s] -- Installing: /home/d-lab/workspace/ros_ur_driver/src/install/ur_dashboard_msgs/share/ur_dashboard_msgs/srv/GetSafetyMode.srv
[26.042s] -- Installing: /home/d-lab/workspace/ros_ur_driver/src/install/ur_dashboard_msgs/share/ur_dashboard_msgs/srv/GetSafetyMode_Request.msg
[26.042s] -- Installing: /home/d-lab/workspace/ros_ur_driver/src/install/ur_dashboard_msgs/share/ur_dashboard_msgs/srv/GetSafetyMode_Response.msg
[26.042s] -- Installing: /home/d-lab/workspace/ros_ur_driver/src/install/ur_dashboard_msgs/share/ur_dashboard_msgs/srv/IsProgramRunning.srv
[26.043s] -- Installing: /home/d-lab/workspace/ros_ur_driver/src/install/ur_dashboard_msgs/share/ur_dashboard_msgs/srv/IsProgramRunning_Request.msg
[26.043s] -- Installing: /home/d-lab/workspace/ros_ur_driver/src/install/ur_dashboard_msgs/share/ur_dashboard_msgs/srv/IsProgramRunning_Response.msg
[26.043s] -- Installing: /home/d-lab/workspace/ros_ur_driver/src/install/ur_dashboard_msgs/share/ur_dashboard_msgs/srv/IsProgramSaved.srv
[26.043s] -- Installing: /home/d-lab/workspace/ros_ur_driver/src/install/ur_dashboard_msgs/share/ur_dashboard_msgs/srv/IsProgramSaved_Request.msg
[26.043s] -- Installing: /home/d-lab/workspace/ros_ur_driver/src/install/ur_dashboard_msgs/share/ur_dashboard_msgs/srv/IsProgramSaved_Response.msg
[26.043s] -- Installing: /home/d-lab/workspace/ros_ur_driver/src/install/ur_dashboard_msgs/share/ur_dashboard_msgs/srv/Load.srv
[26.043s] -- Installing: /home/d-lab/workspace/ros_ur_driver/src/install/ur_dashboard_msgs/share/ur_dashboard_msgs/srv/Load_Request.msg
[26.043s] -- Installing: /home/d-lab/workspace/ros_ur_driver/src/install/ur_dashboard_msgs/share/ur_dashboard_msgs/srv/Load_Response.msg
[26.043s] -- Installing: /home/d-lab/workspace/ros_ur_driver/src/install/ur_dashboard_msgs/share/ur_dashboard_msgs/srv/Popup.srv
[26.043s] -- Installing: /home/d-lab/workspace/ros_ur_driver/src/install/ur_dashboard_msgs/share/ur_dashboard_msgs/srv/Popup_Request.msg
[26.043s] -- Installing: /home/d-lab/workspace/ros_ur_driver/src/install/ur_dashboard_msgs/share/ur_dashboard_msgs/srv/Popup_Response.msg
[26.043s] -- Installing: /home/d-lab/workspace/ros_ur_driver/src/install/ur_dashboard_msgs/share/ur_dashboard_msgs/srv/RawRequest.srv
[26.044s] -- Installing: /home/d-lab/workspace/ros_ur_driver/src/install/ur_dashboard_msgs/share/ur_dashboard_msgs/srv/RawRequest_Request.msg
[26.044s] -- Installing: /home/d-lab/workspace/ros_ur_driver/src/install/ur_dashboard_msgs/share/ur_dashboard_msgs/srv/RawRequest_Response.msg
[26.044s] -- Installing: /home/d-lab/workspace/ros_ur_driver/src/install/ur_dashboard_msgs/share/ur_dashboard_msgs/action/SetMode.action
[26.044s] -- Installing: /home/d-lab/workspace/ros_ur_driver/src/install/ur_dashboard_msgs/share/ament_index/resource_index/package_run_dependencies/ur_dashboard_msgs
[26.044s] -- Installing: /home/d-lab/workspace/ros_ur_driver/src/install/ur_dashboard_msgs/share/ament_index/resource_index/parent_prefix_path/ur_dashboard_msgs
[26.044s] -- Installing: /home/d-lab/workspace/ros_ur_driver/src/install/ur_dashboard_msgs/share/ur_dashboard_msgs/environment/ament_prefix_path.sh
[26.044s] -- Installing: /home/d-lab/workspace/ros_ur_driver/src/install/ur_dashboard_msgs/share/ur_dashboard_msgs/environment/ament_prefix_path.dsv
[26.044s] -- Installing: /home/d-lab/workspace/ros_ur_driver/src/install/ur_dashboard_msgs/share/ur_dashboard_msgs/environment/path.sh
[26.044s] -- Installing: /home/d-lab/workspace/ros_ur_driver/src/install/ur_dashboard_msgs/share/ur_dashboard_msgs/environment/path.dsv
[26.044s] -- Installing: /home/d-lab/workspace/ros_ur_driver/src/install/ur_dashboard_msgs/share/ur_dashboard_msgs/local_setup.bash
[26.044s] -- Installing: /home/d-lab/workspace/ros_ur_driver/src/install/ur_dashboard_msgs/share/ur_dashboard_msgs/local_setup.sh
[26.045s] -- Installing: /home/d-lab/workspace/ros_ur_driver/src/install/ur_dashboard_msgs/share/ur_dashboard_msgs/local_setup.zsh
[26.045s] -- Installing: /home/d-lab/workspace/ros_ur_driver/src/install/ur_dashboard_msgs/share/ur_dashboard_msgs/local_setup.dsv
[26.045s] -- Installing: /home/d-lab/workspace/ros_ur_driver/src/install/ur_dashboard_msgs/share/ur_dashboard_msgs/package.dsv
[26.045s] -- Installing: /home/d-lab/workspace/ros_ur_driver/src/install/ur_dashboard_msgs/share/ament_index/resource_index/packages/ur_dashboard_msgs
[26.045s] -- Installing: /home/d-lab/workspace/ros_ur_driver/src/install/ur_dashboard_msgs/share/ur_dashboard_msgs/cmake/ur_dashboard_msgs__rosidl_generator_cExport.cmake
[26.045s] -- Installing: /home/d-lab/workspace/ros_ur_driver/src/install/ur_dashboard_msgs/share/ur_dashboard_msgs/cmake/ur_dashboard_msgs__rosidl_generator_cExport-noconfig.cmake
[26.045s] -- Installing: /home/d-lab/workspace/ros_ur_driver/src/install/ur_dashboard_msgs/share/ur_dashboard_msgs/cmake/ur_dashboard_msgs__rosidl_typesupport_introspection_cExport.cmake
[26.045s] -- Installing: /home/d-lab/workspace/ros_ur_driver/src/install/ur_dashboard_msgs/share/ur_dashboard_msgs/cmake/ur_dashboard_msgs__rosidl_typesupport_introspection_cExport-noconfig.cmake
[26.045s] -- Installing: /home/d-lab/workspace/ros_ur_driver/src/install/ur_dashboard_msgs/share/ur_dashboard_msgs/cmake/ur_dashboard_msgs__rosidl_typesupport_cExport.cmake
[26.045s] -- Installing: /home/d-lab/workspace/ros_ur_driver/src/install/ur_dashboard_msgs/share/ur_dashboard_msgs/cmake/ur_dashboard_msgs__rosidl_typesupport_cExport-noconfig.cmake
[26.046s] -- Installing: /home/d-lab/workspace/ros_ur_driver/src/install/ur_dashboard_msgs/share/ur_dashboard_msgs/cmake/ur_dashboard_msgs__rosidl_generator_cppExport.cmake
[26.046s] -- Installing: /home/d-lab/workspace/ros_ur_driver/src/install/ur_dashboard_msgs/share/ur_dashboard_msgs/cmake/ur_dashboard_msgs__rosidl_typesupport_introspection_cppExport.cmake
[26.046s] -- Installing: /home/d-lab/workspace/ros_ur_driver/src/install/ur_dashboard_msgs/share/ur_dashboard_msgs/cmake/ur_dashboard_msgs__rosidl_typesupport_introspection_cppExport-noconfig.cmake
[26.046s] -- Installing: /home/d-lab/workspace/ros_ur_driver/src/install/ur_dashboard_msgs/share/ur_dashboard_msgs/cmake/ur_dashboard_msgs__rosidl_typesupport_cppExport.cmake
[26.046s] -- Installing: /home/d-lab/workspace/ros_ur_driver/src/install/ur_dashboard_msgs/share/ur_dashboard_msgs/cmake/ur_dashboard_msgs__rosidl_typesupport_cppExport-noconfig.cmake
[26.046s] -- Installing: /home/d-lab/workspace/ros_ur_driver/src/install/ur_dashboard_msgs/share/ur_dashboard_msgs/cmake/rosidl_cmake-extras.cmake
[26.046s] -- Installing: /home/d-lab/workspace/ros_ur_driver/src/install/ur_dashboard_msgs/share/ur_dashboard_msgs/cmake/ament_cmake_export_dependencies-extras.cmake
[26.046s] -- Installing: /home/d-lab/workspace/ros_ur_driver/src/install/ur_dashboard_msgs/share/ur_dashboard_msgs/cmake/ament_cmake_export_libraries-extras.cmake
[26.046s] -- Installing: /home/d-lab/workspace/ros_ur_driver/src/install/ur_dashboard_msgs/share/ur_dashboard_msgs/cmake/ament_cmake_export_targets-extras.cmake
[26.046s] -- Installing: /home/d-lab/workspace/ros_ur_driver/src/install/ur_dashboard_msgs/share/ur_dashboard_msgs/cmake/ament_cmake_export_include_directories-extras.cmake
[26.047s] -- Installing: /home/d-lab/workspace/ros_ur_driver/src/install/ur_dashboard_msgs/share/ur_dashboard_msgs/cmake/rosidl_cmake_export_typesupport_libraries-extras.cmake
[26.047s] -- Installing: /home/d-lab/workspace/ros_ur_driver/src/install/ur_dashboard_msgs/share/ur_dashboard_msgs/cmake/rosidl_cmake_export_typesupport_targets-extras.cmake
[26.047s] -- Installing: /home/d-lab/workspace/ros_ur_driver/src/install/ur_dashboard_msgs/share/ur_dashboard_msgs/cmake/ur_dashboard_msgsConfig.cmake
[26.047s] -- Installing: /home/d-lab/workspace/ros_ur_driver/src/install/ur_dashboard_msgs/share/ur_dashboard_msgs/cmake/ur_dashboard_msgsConfig-version.cmake
[26.047s] -- Installing: /home/d-lab/workspace/ros_ur_driver/src/install/ur_dashboard_msgs/share/ur_dashboard_msgs/package.xml
[26.050s] Invoked command in '/home/d-lab/workspace/ros_ur_driver/src/build/ur_dashboard_msgs' returned '0': CMAKE_PREFIX_PATH=${CMAKE_PREFIX_PATH}:/home/d-lab/workspace/ros_ur_driver/install/ros2controlcli:/home/d-lab/workspace/ros_ur_driver/install/ros2_control_test_nodes:/opt/ros/foxy /usr/bin/cmake --install /home/d-lab/workspace/ros_ur_driver/src/build/ur_dashboard_msgs
