running egg_info
creating ../build/utils/utils.egg-info
writing ../build/utils/utils.egg-info/PKG-INFO
writing dependency_links to ../build/utils/utils.egg-info/dependency_links.txt
writing entry points to ../build/utils/utils.egg-info/entry_points.txt
writing requirements to ../build/utils/utils.egg-info/requires.txt
writing top-level names to ../build/utils/utils.egg-info/top_level.txt
writing manifest file '../build/utils/utils.egg-info/SOURCES.txt'
reading manifest file '../build/utils/utils.egg-info/SOURCES.txt'
writing manifest file '../build/utils/utils.egg-info/SOURCES.txt'
running build
running build_py
creating /home/d-lab/workspace/ros_ur_driver/src/build/utils/build
creating /home/d-lab/workspace/ros_ur_driver/src/build/utils/build/lib
creating /home/d-lab/workspace/ros_ur_driver/src/build/utils/build/lib/utils
copying utils/__init__.py -> /home/d-lab/workspace/ros_ur_driver/src/build/utils/build/lib/utils
copying utils/joint_torque_broadcaster.py -> /home/d-lab/workspace/ros_ur_driver/src/build/utils/build/lib/utils
copying utils/test_rtde.py -> /home/d-lab/workspace/ros_ur_driver/src/build/utils/build/lib/utils
running install
running install_lib
creating /home/d-lab/workspace/ros_ur_driver/src/install/utils/lib/python3.8/site-packages/utils
copying /home/d-lab/workspace/ros_ur_driver/src/build/utils/build/lib/utils/__init__.py -> /home/d-lab/workspace/ros_ur_driver/src/install/utils/lib/python3.8/site-packages/utils
copying /home/d-lab/workspace/ros_ur_driver/src/build/utils/build/lib/utils/joint_torque_broadcaster.py -> /home/d-lab/workspace/ros_ur_driver/src/install/utils/lib/python3.8/site-packages/utils
copying /home/d-lab/workspace/ros_ur_driver/src/build/utils/build/lib/utils/test_rtde.py -> /home/d-lab/workspace/ros_ur_driver/src/install/utils/lib/python3.8/site-packages/utils
byte-compiling /home/d-lab/workspace/ros_ur_driver/src/install/utils/lib/python3.8/site-packages/utils/__init__.py to __init__.cpython-38.pyc
byte-compiling /home/d-lab/workspace/ros_ur_driver/src/install/utils/lib/python3.8/site-packages/utils/joint_torque_broadcaster.py to joint_torque_broadcaster.cpython-38.pyc
byte-compiling /home/d-lab/workspace/ros_ur_driver/src/install/utils/lib/python3.8/site-packages/utils/test_rtde.py to test_rtde.cpython-38.pyc
running install_data
creating /home/d-lab/workspace/ros_ur_driver/src/install/utils/share/ament_index
creating /home/d-lab/workspace/ros_ur_driver/src/install/utils/share/ament_index/resource_index
creating /home/d-lab/workspace/ros_ur_driver/src/install/utils/share/ament_index/resource_index/packages
copying resource/utils -> /home/d-lab/workspace/ros_ur_driver/src/install/utils/share/ament_index/resource_index/packages
copying package.xml -> /home/d-lab/workspace/ros_ur_driver/src/install/utils/share/utils
running install_egg_info
Copying ../build/utils/utils.egg-info to /home/d-lab/workspace/ros_ur_driver/src/install/utils/lib/python3.8/site-packages/utils-0.0.0-py3.8.egg-info
running install_scripts
Installing torque_broadcaster script to /home/d-lab/workspace/ros_ur_driver/src/install/utils/bin
writing list of installed files to '/home/d-lab/workspace/ros_ur_driver/src/build/utils/install.log'
