[0.019s] Invoking command in '/home/d-lab/workspace/ros_ur_driver/build/move_arm': AMENT_PREFIX_PATH=/home/d-lab/workspace/ros_ur_driver/install/moveit_visual_tools:/home/d-lab/workspace/ros_ur_driver/install/rviz_visual_tools:/home/d-lab/workspace/ros_ur_driver/install/graph_msgs:/home/d-lab/workspace/ros_ur_driver/install/eigen3_cmake_module:${AMENT_PREFIX_PATH} CMAKE_PREFIX_PATH=/home/d-lab/workspace/ros_ur_driver/install/moveit_visual_tools:/home/d-lab/workspace/ros_ur_driver/install/rviz_visual_tools:/home/d-lab/workspace/ros_ur_driver/install/graph_msgs:/home/d-lab/workspace/ros_ur_driver/install/eigen3_cmake_module:/opt/ros/foxy LD_LIBRARY_PATH=/home/d-lab/workspace/ros_ur_driver/install/moveit_visual_tools/lib:/home/d-lab/workspace/ros_ur_driver/install/rviz_visual_tools/lib:/home/d-lab/workspace/ros_ur_driver/install/graph_msgs/lib:${LD_LIBRARY_PATH} PYTHONPATH=/home/d-lab/workspace/ros_ur_driver/install/graph_msgs/lib/python3.8/site-packages:${PYTHONPATH} /usr/bin/cmake --build /home/d-lab/workspace/ros_ur_driver/build/move_arm -- -j16 -l16
[0.071s] [100%] Built target move_to_point
[0.078s] Invoked command in '/home/d-lab/workspace/ros_ur_driver/build/move_arm' returned '0': AMENT_PREFIX_PATH=/home/d-lab/workspace/ros_ur_driver/install/moveit_visual_tools:/home/d-lab/workspace/ros_ur_driver/install/rviz_visual_tools:/home/d-lab/workspace/ros_ur_driver/install/graph_msgs:/home/d-lab/workspace/ros_ur_driver/install/eigen3_cmake_module:${AMENT_PREFIX_PATH} CMAKE_PREFIX_PATH=/home/d-lab/workspace/ros_ur_driver/install/moveit_visual_tools:/home/d-lab/workspace/ros_ur_driver/install/rviz_visual_tools:/home/d-lab/workspace/ros_ur_driver/install/graph_msgs:/home/d-lab/workspace/ros_ur_driver/install/eigen3_cmake_module:/opt/ros/foxy LD_LIBRARY_PATH=/home/d-lab/workspace/ros_ur_driver/install/moveit_visual_tools/lib:/home/d-lab/workspace/ros_ur_driver/install/rviz_visual_tools/lib:/home/d-lab/workspace/ros_ur_driver/install/graph_msgs/lib:${LD_LIBRARY_PATH} PYTHONPATH=/home/d-lab/workspace/ros_ur_driver/install/graph_msgs/lib/python3.8/site-packages:${PYTHONPATH} /usr/bin/cmake --build /home/d-lab/workspace/ros_ur_driver/build/move_arm -- -j16 -l16
[0.094s] Invoking command in '/home/d-lab/workspace/ros_ur_driver/build/move_arm': AMENT_PREFIX_PATH=/home/d-lab/workspace/ros_ur_driver/install/moveit_visual_tools:/home/d-lab/workspace/ros_ur_driver/install/rviz_visual_tools:/home/d-lab/workspace/ros_ur_driver/install/graph_msgs:/home/d-lab/workspace/ros_ur_driver/install/eigen3_cmake_module:${AMENT_PREFIX_PATH} CMAKE_PREFIX_PATH=/home/d-lab/workspace/ros_ur_driver/install/moveit_visual_tools:/home/d-lab/workspace/ros_ur_driver/install/rviz_visual_tools:/home/d-lab/workspace/ros_ur_driver/install/graph_msgs:/home/d-lab/workspace/ros_ur_driver/install/eigen3_cmake_module:/opt/ros/foxy LD_LIBRARY_PATH=/home/d-lab/workspace/ros_ur_driver/install/moveit_visual_tools/lib:/home/d-lab/workspace/ros_ur_driver/install/rviz_visual_tools/lib:/home/d-lab/workspace/ros_ur_driver/install/graph_msgs/lib:${LD_LIBRARY_PATH} PYTHONPATH=/home/d-lab/workspace/ros_ur_driver/install/graph_msgs/lib/python3.8/site-packages:${PYTHONPATH} /usr/bin/cmake --install /home/d-lab/workspace/ros_ur_driver/build/move_arm
[0.100s] -- Install configuration: "Release"
[0.100s] -- Up-to-date: /home/d-lab/workspace/ros_ur_driver/install/move_arm/lib/move_arm/move_to_point
[0.100s] -- Up-to-date: /home/d-lab/workspace/ros_ur_driver/install/move_arm/share/move_arm/launch
[0.100s] -- Up-to-date: /home/d-lab/workspace/ros_ur_driver/install/move_arm/share/move_arm/launch/move_arm.launch.py
[0.100s] -- Up-to-date: /home/d-lab/workspace/ros_ur_driver/install/move_arm/share/ament_index/resource_index/package_run_dependencies/move_arm
[0.100s] -- Up-to-date: /home/d-lab/workspace/ros_ur_driver/install/move_arm/share/ament_index/resource_index/parent_prefix_path/move_arm
[0.100s] -- Up-to-date: /home/d-lab/workspace/ros_ur_driver/install/move_arm/share/move_arm/environment/ament_prefix_path.sh
[0.100s] -- Up-to-date: /home/d-lab/workspace/ros_ur_driver/install/move_arm/share/move_arm/environment/ament_prefix_path.dsv
[0.100s] -- Up-to-date: /home/d-lab/workspace/ros_ur_driver/install/move_arm/share/move_arm/environment/path.sh
[0.100s] -- Up-to-date: /home/d-lab/workspace/ros_ur_driver/install/move_arm/share/move_arm/environment/path.dsv
[0.100s] -- Up-to-date: /home/d-lab/workspace/ros_ur_driver/install/move_arm/share/move_arm/local_setup.bash
[0.100s] -- Up-to-date: /home/d-lab/workspace/ros_ur_driver/install/move_arm/share/move_arm/local_setup.sh
[0.101s] -- Up-to-date: /home/d-lab/workspace/ros_ur_driver/install/move_arm/share/move_arm/local_setup.zsh
[0.101s] -- Up-to-date: /home/d-lab/workspace/ros_ur_driver/install/move_arm/share/move_arm/local_setup.dsv
[0.101s] -- Installing: /home/d-lab/workspace/ros_ur_driver/install/move_arm/share/move_arm/package.dsv
[0.101s] -- Up-to-date: /home/d-lab/workspace/ros_ur_driver/install/move_arm/share/ament_index/resource_index/packages/move_arm
[0.101s] -- Up-to-date: /home/d-lab/workspace/ros_ur_driver/install/move_arm/share/move_arm/cmake/ament_cmake_export_dependencies-extras.cmake
[0.101s] -- Up-to-date: /home/d-lab/workspace/ros_ur_driver/install/move_arm/share/move_arm/cmake/move_armConfig.cmake
[0.101s] -- Up-to-date: /home/d-lab/workspace/ros_ur_driver/install/move_arm/share/move_arm/cmake/move_armConfig-version.cmake
[0.101s] -- Up-to-date: /home/d-lab/workspace/ros_ur_driver/install/move_arm/share/move_arm/package.xml
[0.103s] Invoked command in '/home/d-lab/workspace/ros_ur_driver/build/move_arm' returned '0': AMENT_PREFIX_PATH=/home/d-lab/workspace/ros_ur_driver/install/moveit_visual_tools:/home/d-lab/workspace/ros_ur_driver/install/rviz_visual_tools:/home/d-lab/workspace/ros_ur_driver/install/graph_msgs:/home/d-lab/workspace/ros_ur_driver/install/eigen3_cmake_module:${AMENT_PREFIX_PATH} CMAKE_PREFIX_PATH=/home/d-lab/workspace/ros_ur_driver/install/moveit_visual_tools:/home/d-lab/workspace/ros_ur_driver/install/rviz_visual_tools:/home/d-lab/workspace/ros_ur_driver/install/graph_msgs:/home/d-lab/workspace/ros_ur_driver/install/eigen3_cmake_module:/opt/ros/foxy LD_LIBRARY_PATH=/home/d-lab/workspace/ros_ur_driver/install/moveit_visual_tools/lib:/home/d-lab/workspace/ros_ur_driver/install/rviz_visual_tools/lib:/home/d-lab/workspace/ros_ur_driver/install/graph_msgs/lib:${LD_LIBRARY_PATH} PYTHONPATH=/home/d-lab/workspace/ros_ur_driver/install/graph_msgs/lib/python3.8/site-packages:${PYTHONPATH} /usr/bin/cmake --install /home/d-lab/workspace/ros_ur_driver/build/move_arm
