[0.057s] Invoking command in '/home/d-lab/workspace/ros_ur_driver/build/force_torque_sensor_broadcaster': AMENT_PREFIX_PATH=/home/d-lab/workspace/ros_ur_driver/install/controller_manager:/home/d-lab/workspace/ros_ur_driver/install/controller_interface:/home/d-lab/workspace/ros_ur_driver/install/hardware_interface:/home/d-lab/workspace/ros_ur_driver/install/ros2_control_test_assets:/home/d-lab/workspace/ros_ur_driver/install/controller_manager_msgs:/home/d-lab/workspace/ros_ur_driver/install/control_msgs:${AMENT_PREFIX_PATH} CMAKE_PREFIX_PATH=/home/d-lab/workspace/ros_ur_driver/install/controller_manager:/home/d-lab/workspace/ros_ur_driver/install/controller_interface:/home/d-lab/workspace/ros_ur_driver/install/hardware_interface:/home/d-lab/workspace/ros_ur_driver/install/ros2_control_test_assets:/home/d-lab/workspace/ros_ur_driver/install/controller_manager_msgs:/home/d-lab/workspace/ros_ur_driver/install/control_msgs:/opt/ros/foxy LD_LIBRARY_PATH=/home/d-lab/workspace/ros_ur_driver/install/controller_manager/lib:/home/d-lab/workspace/ros_ur_driver/install/controller_interface/lib:/home/d-lab/workspace/ros_ur_driver/install/hardware_interface/lib:/home/d-lab/workspace/ros_ur_driver/install/controller_manager_msgs/lib:/home/d-lab/workspace/ros_ur_driver/install/control_msgs/lib:${LD_LIBRARY_PATH} PYTHONPATH=/home/d-lab/workspace/ros_ur_driver/install/controller_manager/lib/python3.8/site-packages:/home/d-lab/workspace/ros_ur_driver/install/controller_manager_msgs/lib/python3.8/site-packages:/home/d-lab/workspace/ros_ur_driver/install/control_msgs/lib/python3.8/site-packages:${PYTHONPATH} /usr/bin/cmake --build /home/d-lab/workspace/ros_ur_driver/build/force_torque_sensor_broadcaster -- -j16 -l16
[0.128s] [ 27%] Built target gmock
[0.142s] [ 45%] Built target gmock_main
[0.142s] [ 54%] [32mBuilding CXX object CMakeFiles/force_torque_sensor_broadcaster.dir/src/force_torque_sensor_broadcaster.cpp.o[0m
[0.196s] [ 63%] [32mBuilding CXX object CMakeFiles/test_load_force_torque_sensor_broadcaster.dir/test/test_load_force_torque_sensor_broadcaster.cpp.o[0m
[6.486s] [ 72%] [32m[1mLinking CXX executable test_load_force_torque_sensor_broadcaster[0m
[6.905s] [ 72%] Built target test_load_force_torque_sensor_broadcaster
[7.687s] [ 81%] [32m[1mLinking CXX shared library libforce_torque_sensor_broadcaster.so[0m
[7.850s] [ 81%] Built target force_torque_sensor_broadcaster
[7.864s] [35m[1mScanning dependencies of target test_force_torque_sensor_broadcaster[0m
[7.924s] [ 90%] [32mBuilding CXX object CMakeFiles/test_force_torque_sensor_broadcaster.dir/test/test_force_torque_sensor_broadcaster.cpp.o[0m
[18.486s] [100%] [32m[1mLinking CXX executable test_force_torque_sensor_broadcaster[0m
[18.724s] [100%] Built target test_force_torque_sensor_broadcaster
[18.738s] Invoked command in '/home/d-lab/workspace/ros_ur_driver/build/force_torque_sensor_broadcaster' returned '0': AMENT_PREFIX_PATH=/home/d-lab/workspace/ros_ur_driver/install/controller_manager:/home/d-lab/workspace/ros_ur_driver/install/controller_interface:/home/d-lab/workspace/ros_ur_driver/install/hardware_interface:/home/d-lab/workspace/ros_ur_driver/install/ros2_control_test_assets:/home/d-lab/workspace/ros_ur_driver/install/controller_manager_msgs:/home/d-lab/workspace/ros_ur_driver/install/control_msgs:${AMENT_PREFIX_PATH} CMAKE_PREFIX_PATH=/home/d-lab/workspace/ros_ur_driver/install/controller_manager:/home/d-lab/workspace/ros_ur_driver/install/controller_interface:/home/d-lab/workspace/ros_ur_driver/install/hardware_interface:/home/d-lab/workspace/ros_ur_driver/install/ros2_control_test_assets:/home/d-lab/workspace/ros_ur_driver/install/controller_manager_msgs:/home/d-lab/workspace/ros_ur_driver/install/control_msgs:/opt/ros/foxy LD_LIBRARY_PATH=/home/d-lab/workspace/ros_ur_driver/install/controller_manager/lib:/home/d-lab/workspace/ros_ur_driver/install/controller_interface/lib:/home/d-lab/workspace/ros_ur_driver/install/hardware_interface/lib:/home/d-lab/workspace/ros_ur_driver/install/controller_manager_msgs/lib:/home/d-lab/workspace/ros_ur_driver/install/control_msgs/lib:${LD_LIBRARY_PATH} PYTHONPATH=/home/d-lab/workspace/ros_ur_driver/install/controller_manager/lib/python3.8/site-packages:/home/d-lab/workspace/ros_ur_driver/install/controller_manager_msgs/lib/python3.8/site-packages:/home/d-lab/workspace/ros_ur_driver/install/control_msgs/lib/python3.8/site-packages:${PYTHONPATH} /usr/bin/cmake --build /home/d-lab/workspace/ros_ur_driver/build/force_torque_sensor_broadcaster -- -j16 -l16
[18.774s] Invoking command in '/home/d-lab/workspace/ros_ur_driver/build/force_torque_sensor_broadcaster': AMENT_PREFIX_PATH=/home/d-lab/workspace/ros_ur_driver/install/controller_manager:/home/d-lab/workspace/ros_ur_driver/install/controller_interface:/home/d-lab/workspace/ros_ur_driver/install/hardware_interface:/home/d-lab/workspace/ros_ur_driver/install/ros2_control_test_assets:/home/d-lab/workspace/ros_ur_driver/install/controller_manager_msgs:/home/d-lab/workspace/ros_ur_driver/install/control_msgs:${AMENT_PREFIX_PATH} CMAKE_PREFIX_PATH=/home/d-lab/workspace/ros_ur_driver/install/controller_manager:/home/d-lab/workspace/ros_ur_driver/install/controller_interface:/home/d-lab/workspace/ros_ur_driver/install/hardware_interface:/home/d-lab/workspace/ros_ur_driver/install/ros2_control_test_assets:/home/d-lab/workspace/ros_ur_driver/install/controller_manager_msgs:/home/d-lab/workspace/ros_ur_driver/install/control_msgs:/opt/ros/foxy LD_LIBRARY_PATH=/home/d-lab/workspace/ros_ur_driver/install/controller_manager/lib:/home/d-lab/workspace/ros_ur_driver/install/controller_interface/lib:/home/d-lab/workspace/ros_ur_driver/install/hardware_interface/lib:/home/d-lab/workspace/ros_ur_driver/install/controller_manager_msgs/lib:/home/d-lab/workspace/ros_ur_driver/install/control_msgs/lib:${LD_LIBRARY_PATH} PYTHONPATH=/home/d-lab/workspace/ros_ur_driver/install/controller_manager/lib/python3.8/site-packages:/home/d-lab/workspace/ros_ur_driver/install/controller_manager_msgs/lib/python3.8/site-packages:/home/d-lab/workspace/ros_ur_driver/install/control_msgs/lib/python3.8/site-packages:${PYTHONPATH} /usr/bin/cmake --install /home/d-lab/workspace/ros_ur_driver/build/force_torque_sensor_broadcaster
[18.783s] -- Install configuration: "Release"
[18.784s] -- Installing: /home/d-lab/workspace/ros_ur_driver/install/force_torque_sensor_broadcaster/share/force_torque_sensor_broadcaster/force_torque_sensor_broadcaster.xml
[18.784s] -- Installing: /home/d-lab/workspace/ros_ur_driver/install/force_torque_sensor_broadcaster/lib/libforce_torque_sensor_broadcaster.so
[18.784s] -- Set runtime path of "/home/d-lab/workspace/ros_ur_driver/install/force_torque_sensor_broadcaster/lib/libforce_torque_sensor_broadcaster.so" to ""
[18.784s] -- Up-to-date: /home/d-lab/workspace/ros_ur_driver/install/force_torque_sensor_broadcaster/include
[18.785s] -- Up-to-date: /home/d-lab/workspace/ros_ur_driver/install/force_torque_sensor_broadcaster/include/force_torque_sensor_broadcaster
[18.785s] -- Installing: /home/d-lab/workspace/ros_ur_driver/install/force_torque_sensor_broadcaster/include/force_torque_sensor_broadcaster/visibility_control.h
[18.785s] -- Installing: /home/d-lab/workspace/ros_ur_driver/install/force_torque_sensor_broadcaster/include/force_torque_sensor_broadcaster/force_torque_sensor_broadcaster.hpp
[18.785s] -- Up-to-date: /home/d-lab/workspace/ros_ur_driver/install/force_torque_sensor_broadcaster/share/force_torque_sensor_broadcaster/environment/library_path.sh
[18.785s] -- Installing: /home/d-lab/workspace/ros_ur_driver/install/force_torque_sensor_broadcaster/share/force_torque_sensor_broadcaster/environment/library_path.dsv
[18.785s] -- Installing: /home/d-lab/workspace/ros_ur_driver/install/force_torque_sensor_broadcaster/share/ament_index/resource_index/package_run_dependencies/force_torque_sensor_broadcaster
[18.785s] -- Installing: /home/d-lab/workspace/ros_ur_driver/install/force_torque_sensor_broadcaster/share/ament_index/resource_index/parent_prefix_path/force_torque_sensor_broadcaster
[18.785s] -- Up-to-date: /home/d-lab/workspace/ros_ur_driver/install/force_torque_sensor_broadcaster/share/force_torque_sensor_broadcaster/environment/ament_prefix_path.sh
[18.785s] -- Installing: /home/d-lab/workspace/ros_ur_driver/install/force_torque_sensor_broadcaster/share/force_torque_sensor_broadcaster/environment/ament_prefix_path.dsv
[18.785s] -- Up-to-date: /home/d-lab/workspace/ros_ur_driver/install/force_torque_sensor_broadcaster/share/force_torque_sensor_broadcaster/environment/path.sh
[18.786s] -- Installing: /home/d-lab/workspace/ros_ur_driver/install/force_torque_sensor_broadcaster/share/force_torque_sensor_broadcaster/environment/path.dsv
[18.786s] -- Up-to-date: /home/d-lab/workspace/ros_ur_driver/install/force_torque_sensor_broadcaster/share/force_torque_sensor_broadcaster/local_setup.bash
[18.786s] -- Up-to-date: /home/d-lab/workspace/ros_ur_driver/install/force_torque_sensor_broadcaster/share/force_torque_sensor_broadcaster/local_setup.sh
[18.786s] -- Up-to-date: /home/d-lab/workspace/ros_ur_driver/install/force_torque_sensor_broadcaster/share/force_torque_sensor_broadcaster/local_setup.zsh
[18.786s] -- Installing: /home/d-lab/workspace/ros_ur_driver/install/force_torque_sensor_broadcaster/share/force_torque_sensor_broadcaster/local_setup.dsv
[18.786s] -- Installing: /home/d-lab/workspace/ros_ur_driver/install/force_torque_sensor_broadcaster/share/force_torque_sensor_broadcaster/package.dsv
[18.786s] -- Up-to-date: /home/d-lab/workspace/ros_ur_driver/install/force_torque_sensor_broadcaster/share/ament_index/resource_index/packages/force_torque_sensor_broadcaster
[18.786s] -- Up-to-date: /home/d-lab/workspace/ros_ur_driver/install/force_torque_sensor_broadcaster/share/ament_index/resource_index/controller_interface__pluginlib__plugin/force_torque_sensor_broadcaster
[18.786s] -- Up-to-date: /home/d-lab/workspace/ros_ur_driver/install/force_torque_sensor_broadcaster/share/force_torque_sensor_broadcaster/cmake/ament_cmake_export_include_directories-extras.cmake
[18.787s] -- Up-to-date: /home/d-lab/workspace/ros_ur_driver/install/force_torque_sensor_broadcaster/share/force_torque_sensor_broadcaster/cmake/ament_cmake_export_libraries-extras.cmake
[18.787s] -- Installing: /home/d-lab/workspace/ros_ur_driver/install/force_torque_sensor_broadcaster/share/force_torque_sensor_broadcaster/cmake/ament_cmake_export_dependencies-extras.cmake
[18.787s] -- Installing: /home/d-lab/workspace/ros_ur_driver/install/force_torque_sensor_broadcaster/share/force_torque_sensor_broadcaster/cmake/force_torque_sensor_broadcasterConfig.cmake
[18.787s] -- Installing: /home/d-lab/workspace/ros_ur_driver/install/force_torque_sensor_broadcaster/share/force_torque_sensor_broadcaster/cmake/force_torque_sensor_broadcasterConfig-version.cmake
[18.787s] -- Installing: /home/d-lab/workspace/ros_ur_driver/install/force_torque_sensor_broadcaster/share/force_torque_sensor_broadcaster/package.xml
[18.791s] Invoked command in '/home/d-lab/workspace/ros_ur_driver/build/force_torque_sensor_broadcaster' returned '0': AMENT_PREFIX_PATH=/home/d-lab/workspace/ros_ur_driver/install/controller_manager:/home/d-lab/workspace/ros_ur_driver/install/controller_interface:/home/d-lab/workspace/ros_ur_driver/install/hardware_interface:/home/d-lab/workspace/ros_ur_driver/install/ros2_control_test_assets:/home/d-lab/workspace/ros_ur_driver/install/controller_manager_msgs:/home/d-lab/workspace/ros_ur_driver/install/control_msgs:${AMENT_PREFIX_PATH} CMAKE_PREFIX_PATH=/home/d-lab/workspace/ros_ur_driver/install/controller_manager:/home/d-lab/workspace/ros_ur_driver/install/controller_interface:/home/d-lab/workspace/ros_ur_driver/install/hardware_interface:/home/d-lab/workspace/ros_ur_driver/install/ros2_control_test_assets:/home/d-lab/workspace/ros_ur_driver/install/controller_manager_msgs:/home/d-lab/workspace/ros_ur_driver/install/control_msgs:/opt/ros/foxy LD_LIBRARY_PATH=/home/d-lab/workspace/ros_ur_driver/install/controller_manager/lib:/home/d-lab/workspace/ros_ur_driver/install/controller_interface/lib:/home/d-lab/workspace/ros_ur_driver/install/hardware_interface/lib:/home/d-lab/workspace/ros_ur_driver/install/controller_manager_msgs/lib:/home/d-lab/workspace/ros_ur_driver/install/control_msgs/lib:${LD_LIBRARY_PATH} PYTHONPATH=/home/d-lab/workspace/ros_ur_driver/install/controller_manager/lib/python3.8/site-packages:/home/d-lab/workspace/ros_ur_driver/install/controller_manager_msgs/lib/python3.8/site-packages:/home/d-lab/workspace/ros_ur_driver/install/control_msgs/lib/python3.8/site-packages:${PYTHONPATH} /usr/bin/cmake --install /home/d-lab/workspace/ros_ur_driver/build/force_torque_sensor_broadcaster
