[0.223s] Invoking command in '/home/d-lab/workspace/ros_ur_driver/build/rrbot_description': CMAKE_PREFIX_PATH=${CMAKE_PREFIX_PATH}:/home/d-lab/workspace/ros_ur_driver/install/utils:/home/d-lab/workspace/ros_ur_driver/install/ros2controlcli:/home/d-lab/workspace/ros_ur_driver/install/ros2_control_test_nodes:/home/d-lab/workspace/ros_ur_driver/install/robotiq_control:/home/d-lab/workspace/ros_ur_driver/install/gripper_control:/opt/ros/foxy /usr/bin/cmake --build /home/d-lab/workspace/ros_ur_driver/build/rrbot_description -- -j16 -l16
[0.445s] Invoked command in '/home/d-lab/workspace/ros_ur_driver/build/rrbot_description' returned '0': CMAKE_PREFIX_PATH=${CMAKE_PREFIX_PATH}:/home/d-lab/workspace/ros_ur_driver/install/utils:/home/d-lab/workspace/ros_ur_driver/install/ros2controlcli:/home/d-lab/workspace/ros_ur_driver/install/ros2_control_test_nodes:/home/d-lab/workspace/ros_ur_driver/install/robotiq_control:/home/d-lab/workspace/ros_ur_driver/install/gripper_control:/opt/ros/foxy /usr/bin/cmake --build /home/d-lab/workspace/ros_ur_driver/build/rrbot_description -- -j16 -l16
[0.500s] Invoking command in '/home/d-lab/workspace/ros_ur_driver/build/rrbot_description': CMAKE_PREFIX_PATH=${CMAKE_PREFIX_PATH}:/home/d-lab/workspace/ros_ur_driver/install/utils:/home/d-lab/workspace/ros_ur_driver/install/ros2controlcli:/home/d-lab/workspace/ros_ur_driver/install/ros2_control_test_nodes:/home/d-lab/workspace/ros_ur_driver/install/robotiq_control:/home/d-lab/workspace/ros_ur_driver/install/gripper_control:/opt/ros/foxy /usr/bin/cmake --install /home/d-lab/workspace/ros_ur_driver/build/rrbot_description
[0.537s] -- Install configuration: "Release"
[0.537s] -- Up-to-date: /home/d-lab/workspace/ros_ur_driver/install/rrbot_description/share/rrbot_description/config
[0.537s] -- Up-to-date: /home/d-lab/workspace/ros_ur_driver/install/rrbot_description/share/rrbot_description/config/rrbot.rviz
[0.537s] -- Up-to-date: /home/d-lab/workspace/ros_ur_driver/install/rrbot_description/share/rrbot_description/gazebo
[0.538s] -- Up-to-date: /home/d-lab/workspace/ros_ur_driver/install/rrbot_description/share/rrbot_description/gazebo/rrbot.materials.xacro
[0.538s] -- Up-to-date: /home/d-lab/workspace/ros_ur_driver/install/rrbot_description/share/rrbot_description/gazebo/rrbot.gazebo.xacro
[0.539s] -- Up-to-date: /home/d-lab/workspace/ros_ur_driver/install/rrbot_description/share/rrbot_description/meshes
[0.539s] -- Up-to-date: /home/d-lab/workspace/ros_ur_driver/install/rrbot_description/share/rrbot_description/meshes/hokuyo.dae
[0.539s] -- Up-to-date: /home/d-lab/workspace/ros_ur_driver/install/rrbot_description/share/rrbot_description/launch
[0.539s] -- Up-to-date: /home/d-lab/workspace/ros_ur_driver/install/rrbot_description/share/rrbot_description/launch/view_robot.launch.py
[0.540s] -- Up-to-date: /home/d-lab/workspace/ros_ur_driver/install/rrbot_description/share/rrbot_description/ros2_control
[0.540s] -- Up-to-date: /home/d-lab/workspace/ros_ur_driver/install/rrbot_description/share/rrbot_description/ros2_control/rrbot_system_multi_interface.ros2_control.xacro
[0.540s] -- Up-to-date: /home/d-lab/workspace/ros_ur_driver/install/rrbot_description/share/rrbot_description/ros2_control/rrbot.ros2_control.xacro
[0.540s] -- Up-to-date: /home/d-lab/workspace/ros_ur_driver/install/rrbot_description/share/rrbot_description/ros2_control/rrbot_system_position_only.ros2_control.xacro
[0.541s] -- Up-to-date: /home/d-lab/workspace/ros_ur_driver/install/rrbot_description/share/rrbot_description/ros2_control/rrbot_system_with_sensor.ros2_control.xacro
[0.542s] -- Up-to-date: /home/d-lab/workspace/ros_ur_driver/install/rrbot_description/share/rrbot_description/urdf
[0.542s] -- Up-to-date: /home/d-lab/workspace/ros_ur_driver/install/rrbot_description/share/rrbot_description/urdf/rrbot_system_multi_interface.urdf.xacro
[0.542s] -- Up-to-date: /home/d-lab/workspace/ros_ur_driver/install/rrbot_description/share/rrbot_description/urdf/rrbot.urdf.xacro
[0.542s] -- Up-to-date: /home/d-lab/workspace/ros_ur_driver/install/rrbot_description/share/rrbot_description/urdf/rrbot_description.urdf.xacro
[0.543s] -- Up-to-date: /home/d-lab/workspace/ros_ur_driver/install/rrbot_description/share/rrbot_description/urdf/rrbot_system_with_sensor.urdf.xacro
[0.543s] -- Up-to-date: /home/d-lab/workspace/ros_ur_driver/install/rrbot_description/share/rrbot_description/urdf/rrbot_system_position_only.urdf.xacro
[0.543s] -- Up-to-date: /home/d-lab/workspace/ros_ur_driver/install/rrbot_description/share/rrbot_description/environment/rrbot_description.dsv
[0.543s] -- Up-to-date: /home/d-lab/workspace/ros_ur_driver/install/rrbot_description/share/ament_index/resource_index/package_run_dependencies/rrbot_description
[0.544s] -- Up-to-date: /home/d-lab/workspace/ros_ur_driver/install/rrbot_description/share/ament_index/resource_index/parent_prefix_path/rrbot_description
[0.546s] -- Up-to-date: /home/d-lab/workspace/ros_ur_driver/install/rrbot_description/share/rrbot_description/environment/ament_prefix_path.sh
[0.547s] -- Up-to-date: /home/d-lab/workspace/ros_ur_driver/install/rrbot_description/share/rrbot_description/environment/ament_prefix_path.dsv
[0.551s] -- Up-to-date: /home/d-lab/workspace/ros_ur_driver/install/rrbot_description/share/rrbot_description/environment/path.sh
[0.552s] -- Up-to-date: /home/d-lab/workspace/ros_ur_driver/install/rrbot_description/share/rrbot_description/environment/path.dsv
[0.552s] -- Up-to-date: /home/d-lab/workspace/ros_ur_driver/install/rrbot_description/share/rrbot_description/local_setup.bash
[0.552s] -- Up-to-date: /home/d-lab/workspace/ros_ur_driver/install/rrbot_description/share/rrbot_description/local_setup.sh
[0.553s] -- Up-to-date: /home/d-lab/workspace/ros_ur_driver/install/rrbot_description/share/rrbot_description/local_setup.zsh
[0.553s] -- Up-to-date: /home/d-lab/workspace/ros_ur_driver/install/rrbot_description/share/rrbot_description/local_setup.dsv
[0.553s] -- Installing: /home/d-lab/workspace/ros_ur_driver/install/rrbot_description/share/rrbot_description/package.dsv
[0.554s] -- Up-to-date: /home/d-lab/workspace/ros_ur_driver/install/rrbot_description/share/ament_index/resource_index/packages/rrbot_description
[0.555s] -- Up-to-date: /home/d-lab/workspace/ros_ur_driver/install/rrbot_description/share/rrbot_description/cmake/rrbot_descriptionConfig.cmake
[0.555s] -- Up-to-date: /home/d-lab/workspace/ros_ur_driver/install/rrbot_description/share/rrbot_description/cmake/rrbot_descriptionConfig-version.cmake
[0.555s] -- Up-to-date: /home/d-lab/workspace/ros_ur_driver/install/rrbot_description/share/rrbot_description/package.xml
[0.589s] Invoked command in '/home/d-lab/workspace/ros_ur_driver/build/rrbot_description' returned '0': CMAKE_PREFIX_PATH=${CMAKE_PREFIX_PATH}:/home/d-lab/workspace/ros_ur_driver/install/utils:/home/d-lab/workspace/ros_ur_driver/install/ros2controlcli:/home/d-lab/workspace/ros_ur_driver/install/ros2_control_test_nodes:/home/d-lab/workspace/ros_ur_driver/install/robotiq_control:/home/d-lab/workspace/ros_ur_driver/install/gripper_control:/opt/ros/foxy /usr/bin/cmake --install /home/d-lab/workspace/ros_ur_driver/build/rrbot_description
