[0.035s] Invoking command in '/home/d-lab/workspace/ros_ur_driver/src/build/moveit_kinematics': AMENT_PREFIX_PATH=/home/d-lab/workspace/ros_ur_driver/src/install/moveit_ros_planning:/home/d-lab/workspace/ros_ur_driver/src/install/moveit_ros_occupancy_map_monitor:/home/d-lab/workspace/ros_ur_driver/src/install/moveit_core:/home/d-lab/workspace/ros_ur_driver/src/install/srdfdom:/home/d-lab/workspace/ros_ur_driver/src/install/moveit_common:${AMENT_PREFIX_PATH} CMAKE_PREFIX_PATH=/home/d-lab/workspace/ros_ur_driver/src/install/moveit_ros_planning:/home/d-lab/workspace/ros_ur_driver/src/install/moveit_ros_occupancy_map_monitor:/home/d-lab/workspace/ros_ur_driver/src/install/moveit_core:/home/d-lab/workspace/ros_ur_driver/src/install/srdfdom:/home/d-lab/workspace/ros_ur_driver/src/install/moveit_common:/home/d-lab/workspace/ros_ur_driver/install/run_ompl_constrained_planning:/home/d-lab/workspace/ros_ur_driver/install/run_moveit_cpp:/home/d-lab/workspace/ros_ur_driver/install/run_move_group:/home/d-lab/workspace/ros_ur_driver/install/warehouse_ros_mongo:/home/d-lab/workspace/ros_ur_driver/install/ros2_controllers:/home/d-lab/workspace/ros_ur_driver/install/velocity_controllers:/home/d-lab/workspace/ros_ur_driver/install/ur_robot_driver:/home/d-lab/workspace/ros_ur_driver/install/ur_controllers:/home/d-lab/workspace/ros_ur_driver/install/ur_msgs:/home/d-lab/workspace/ros_ur_driver/install/ur_moveit_config:/home/d-lab/workspace/ros_ur_driver/install/ur_description:/home/d-lab/workspace/ros_ur_driver/install/ur_dashboard_msgs:/home/d-lab/workspace/ros_ur_driver/install/ur_client_library:/home/d-lab/workspace/ros_ur_driver/install/ur_bringup:/home/d-lab/workspace/ros_ur_driver/install/transmission_interface:/home/d-lab/workspace/ros_ur_driver/install/moveit_runtime:/home/d-lab/workspace/ros_ur_driver/install/moveit:/home/d-lab/workspace/ros_ur_driver/install/moveit_plugins:/home/d-lab/workspace/ros_ur_driver/install/moveit_simple_controller_manager:/home/d-lab/workspace/ros_ur_driver/install/moveit_servo:/home/d-lab/workspace/ros_ur_driver/install/moveit_ros:/home/d-lab/workspace/ros_ur_driver/install/moveit_ros_visualization:/home/d-lab/workspace/ros_ur_driver/install/moveit_ros_planning_interface:/home/d-lab/workspace/ros_ur_driver/install/moveit_ros_benchmarks:/home/d-lab/workspace/ros_ur_driver/install/moveit_ros_warehouse:/home/d-lab/workspace/ros_ur_driver/install/moveit_ros_robot_interaction:/home/d-lab/workspace/ros_ur_driver/install/moveit_ros_perception:/home/d-lab/workspace/ros_ur_driver/install/moveit_ros_move_group:/home/d-lab/workspace/ros_ur_driver/install/moveit_planners:/home/d-lab/workspace/ros_ur_driver/install/moveit_planners_ompl:/home/d-lab/workspace/ros_ur_driver/install/moveit_ros_planning:/home/d-lab/workspace/ros_ur_driver/install/moveit_ros_occupancy_map_monitor:/home/d-lab/workspace/ros_ur_driver/install/moveit_planners_chomp:/home/d-lab/workspace/ros_ur_driver/install/moveit_kinematics:/home/d-lab/workspace/ros_ur_driver/install/moveit_chomp_optimizer_adapter:/home/d-lab/workspace/ros_ur_driver/install/chomp_motion_planner:/home/d-lab/workspace/ros_ur_driver/install/moveit_core:/home/d-lab/workspace/ros_ur_driver/install/srdfdom:/home/d-lab/workspace/ros_ur_driver/install/ros2_control_demos:/home/d-lab/workspace/ros_ur_driver/install/ros2_control_demo_bringup:/home/d-lab/workspace/ros_ur_driver/install/rrbot_description:/home/d-lab/workspace/ros_ur_driver/install/ros2_control:/home/d-lab/workspace/ros_ur_driver/install/controller_manager:/home/d-lab/workspace/ros_ur_driver/install/ros2_control_test_assets:/home/d-lab/workspace/ros_ur_driver/install/ros2_control_demo_hardware:/home/d-lab/workspace/ros_ur_driver/install/position_controllers:/home/d-lab/workspace/ros_ur_driver/install/moveit_common:/home/d-lab/workspace/ros_ur_driver/install/joint_trajectory_controller:/home/d-lab/workspace/ros_ur_driver/install/joint_state_controller:/home/d-lab/workspace/ros_ur_driver/install/joint_state_broadcaster:/home/d-lab/workspace/ros_ur_driver/install/imu_sensor_broadcaster:/home/d-lab/workspace/ros_ur_driver/install/gripper_controllers:/home/d-lab/workspace/ros_ur_driver/install/effort_controllers:/home/d-lab/workspace/ros_ur_driver/install/forward_command_controller:/home/d-lab/workspace/ros_ur_driver/install/force_torque_sensor_broadcaster:/home/d-lab/workspace/ros_ur_driver/install/diff_drive_controller:/home/d-lab/workspace/ros_ur_driver/install/controller_interface:/home/d-lab/workspace/ros_ur_driver/install/hardware_interface:/home/d-lab/workspace/ros_ur_driver/install/diffbot_description:/home/d-lab/workspace/ros_ur_driver/install/controller_manager_msgs:/home/d-lab/workspace/ros_ur_driver/install/control_msgs:/home/d-lab/workspace/ros_ur_driver/install/ros2controlcli:/home/d-lab/workspace/ros_ur_driver/install/ros2_control_test_nodes:/opt/ros/foxy LD_LIBRARY_PATH=/home/d-lab/workspace/ros_ur_driver/src/install/moveit_ros_planning/lib:/home/d-lab/workspace/ros_ur_driver/src/install/moveit_ros_occupancy_map_monitor/lib:/home/d-lab/workspace/ros_ur_driver/src/install/moveit_core/lib:/home/d-lab/workspace/ros_ur_driver/src/install/srdfdom/lib:${LD_LIBRARY_PATH} PATH=/home/d-lab/workspace/ros_ur_driver/src/install/moveit_core/bin:${PATH} PYTHONPATH=/home/d-lab/workspace/ros_ur_driver/src/install/srdfdom/lib/python3.8/site-packages:${PYTHONPATH} /usr/bin/cmake /home/d-lab/workspace/ros_ur_driver/src/moveit2/moveit_kinematics -DCMAKE_INSTALL_PREFIX=/home/d-lab/workspace/ros_ur_driver/src/install/moveit_kinematics
[0.084s] -- The C compiler identification is GNU 9.4.0
[0.135s] -- The CXX compiler identification is GNU 9.4.0
[0.140s] -- Check for working C compiler: /usr/bin/cc
[0.199s] -- Check for working C compiler: /usr/bin/cc -- works
[0.200s] -- Detecting C compiler ABI info
[0.261s] -- Detecting C compiler ABI info - done
[0.268s] -- Detecting C compile features
[0.268s] -- Detecting C compile features - done
[0.270s] -- Check for working CXX compiler: /usr/bin/c++
[0.340s] -- Check for working CXX compiler: /usr/bin/c++ -- works
[0.340s] -- Detecting CXX compiler ABI info
[0.412s] -- Detecting CXX compiler ABI info - done
[0.420s] -- Detecting CXX compile features
[0.420s] -- Detecting CXX compile features - done
[0.421s] -- Found moveit_common: 2.2.3 (/home/d-lab/workspace/ros_ur_driver/src/install/moveit_common/share/moveit_common/cmake)
[0.425s] -- Found ament_cmake: 0.9.9 (/opt/ros/foxy/share/ament_cmake/cmake)
[0.448s] -- Found PythonInterp: /usr/bin/python3 (found suitable version "3.8.10", minimum required is "3") 
[0.448s] -- Using PYTHON_EXECUTABLE: /usr/bin/python3
[0.645s] moveit_kinematics: You did not request a specific build type: Choosing 'Release' for maximum performance
[0.656s] -- Found eigen3_cmake_module: 0.1.1 (/opt/ros/foxy/share/eigen3_cmake_module/cmake)
[0.656s] -- Found Eigen3: TRUE (found version "3.3.7") 
[0.660s] -- Found tf2_kdl: 0.13.13 (/opt/ros/foxy/share/tf2_kdl/cmake)
[0.715s] -- Using all available rosidl_typesupport_c: rosidl_typesupport_fastrtps_c;rosidl_typesupport_introspection_c
[0.727s] -- Found rosidl_adapter: 1.2.1 (/opt/ros/foxy/share/rosidl_adapter/cmake)
[0.821s] -- Found OpenSSL: /usr/lib/x86_64-linux-gnu/libcrypto.so (found version "1.1.1f")  
[0.850s] -- Found FastRTPS: /opt/ros/foxy/include  
[0.926s] -- Using all available rosidl_typesupport_cpp: rosidl_typesupport_fastrtps_cpp;rosidl_typesupport_introspection_cpp
[1.082s] -- Found rmw_implementation_cmake: 1.0.3 (/opt/ros/foxy/share/rmw_implementation_cmake/cmake)
[1.085s] -- Using RMW implementation 'rmw_fastrtps_cpp' as default
[1.086s] -- Looking for pthread.h
[1.150s] -- Looking for pthread.h - found
[1.150s] -- Performing Test CMAKE_HAVE_LIBC_PTHREAD
[1.216s] -- Performing Test CMAKE_HAVE_LIBC_PTHREAD - Failed
[1.216s] -- Looking for pthread_create in pthreads
[1.272s] -- Looking for pthread_create in pthreads - not found
[1.272s] -- Looking for pthread_create in pthread
[1.335s] -- Looking for pthread_create in pthread - found
[1.337s] -- Found Threads: TRUE  
[1.690s] -- Found kdl_parser: 2.4.1 (/opt/ros/foxy/share/kdl_parser/cmake)
[1.699s] -- Found random_numbers: 2.0.1 (/opt/ros/foxy/share/random_numbers/cmake)
[1.713s] -- Found pluginlib: 2.5.4 (/opt/ros/foxy/share/pluginlib/cmake)
[1.732s] -- Found moveit_core: 2.2.3 (/home/d-lab/workspace/ros_ur_driver/src/install/moveit_core/share/moveit_core/cmake)
[1.777s] -- Found Boost: /usr/lib/x86_64-linux-gnu/cmake/Boost-1.71.0/BoostConfig.cmake (found version "1.71.0") found components: chrono date_time filesystem iostreams program_options regex serialization system thread 
[1.797s] -- Found Boost: /usr/lib/x86_64-linux-gnu/cmake/Boost-1.71.0/BoostConfig.cmake (found version "1.71.0") found components: filesystem 
[1.896s] -- library: /usr/lib/x86_64-linux-gnu/libcurl.so
[2.959s] -- Found moveit_ros_planning: 2.2.3 (/home/d-lab/workspace/ros_ur_driver/src/install/moveit_ros_planning/share/moveit_ros_planning/cmake)
[2.963s] -- Found Boost: /usr/lib/x86_64-linux-gnu/cmake/Boost-1.71.0/BoostConfig.cmake (found version "1.71.0") found components: system filesystem date_time program_options thread chrono 
[3.116s] -- Found Boost: /usr/lib/x86_64-linux-gnu/cmake/Boost-1.71.0/BoostConfig.cmake (found version "1.71.0") found components: thread 
[3.522s] -- Found Boost: /usr/lib/x86_64-linux-gnu/cmake/Boost-1.71.0/BoostConfig.cmake (found version "1.71.0") found components: program_options system 
[3.545s] -- Found Boost: /usr/lib/x86_64-linux-gnu/cmake/Boost-1.71.0/BoostConfig.cmake (found version "1.71.0") found components: filesystem program_options 
[3.630s] -- Found ament_cmake_gtest: 0.9.9 (/opt/ros/foxy/share/ament_cmake_gtest/cmake)
[3.634s] -- Found ros_testing: 0.2.1 (/opt/ros/foxy/share/ros_testing/cmake)
[3.638s] -- Found launch_testing_ament_cmake: 0.10.8 (/opt/ros/foxy/share/launch_testing_ament_cmake/cmake)
[3.641s] -- Found python_cmake_module: 0.8.1 (/opt/ros/foxy/share/python_cmake_module/cmake)
[3.658s] -- Found PythonInterp: /usr/bin/python3 (found suitable version "3.8.10", minimum required is "3.5") 
[3.665s] -- Found PythonLibs: /usr/lib/x86_64-linux-gnu/libpython3.8.so (found suitable version "3.8.10", minimum required is "3.5") 
[3.665s] -- Using PYTHON_EXECUTABLE: /usr/bin/python3
[3.665s] -- Using PYTHON_INCLUDE_DIRS: /usr/include/python3.8
[3.665s] -- Using PYTHON_LIBRARIES: /usr/lib/x86_64-linux-gnu/libpython3.8.so
[3.683s] -- Found PythonExtra: .so  
[3.689s] -- Found moveit_resources_fanuc_description: 2.0.3 (/opt/ros/foxy/share/moveit_resources_fanuc_description/cmake)
[3.692s] -- Found moveit_resources_fanuc_moveit_config: 2.0.3 (/opt/ros/foxy/share/moveit_resources_fanuc_moveit_config/cmake)
[3.696s] -- Found moveit_resources_panda_description: 2.0.3 (/opt/ros/foxy/share/moveit_resources_panda_description/cmake)
[3.700s] -- Found moveit_resources_panda_moveit_config: 2.0.3 (/opt/ros/foxy/share/moveit_resources_panda_moveit_config/cmake)
[3.703s] -- Found gtest sources under '/opt/ros/foxy/src/gtest_vendor': C++ tests using 'Google Test' will be built
[3.706s] -- Check if compiler accepts -pthread
[3.773s] -- Check if compiler accepts -pthread - yes
[3.811s] -- Found ament_lint_auto: 0.9.6 (/opt/ros/foxy/share/ament_lint_auto/cmake)
[3.827s] -- Found launch_testing_ament_cmake: 0.10.8 (/opt/ros/foxy/share/launch_testing_ament_cmake/cmake)
[3.828s] -- Found python_cmake_module: 0.8.1 (/opt/ros/foxy/share/python_cmake_module/cmake)
[3.847s] -- Using PYTHON_EXECUTABLE: /usr/bin/python3
[3.848s] -- Using PYTHON_INCLUDE_DIRS: /usr/include/python3.8
[3.848s] -- Using PYTHON_LIBRARIES: /usr/lib/x86_64-linux-gnu/libpython3.8.so
[3.853s] -- Added test 'lint_cmake' to check CMake code style
[3.861s] -- Configuring done
[4.037s] -- Generating done
[4.039s] -- Build files have been written to: /home/d-lab/workspace/ros_ur_driver/src/build/moveit_kinematics
[4.053s] Invoked command in '/home/d-lab/workspace/ros_ur_driver/src/build/moveit_kinematics' returned '0': AMENT_PREFIX_PATH=/home/d-lab/workspace/ros_ur_driver/src/install/moveit_ros_planning:/home/d-lab/workspace/ros_ur_driver/src/install/moveit_ros_occupancy_map_monitor:/home/d-lab/workspace/ros_ur_driver/src/install/moveit_core:/home/d-lab/workspace/ros_ur_driver/src/install/srdfdom:/home/d-lab/workspace/ros_ur_driver/src/install/moveit_common:${AMENT_PREFIX_PATH} CMAKE_PREFIX_PATH=/home/d-lab/workspace/ros_ur_driver/src/install/moveit_ros_planning:/home/d-lab/workspace/ros_ur_driver/src/install/moveit_ros_occupancy_map_monitor:/home/d-lab/workspace/ros_ur_driver/src/install/moveit_core:/home/d-lab/workspace/ros_ur_driver/src/install/srdfdom:/home/d-lab/workspace/ros_ur_driver/src/install/moveit_common:/home/d-lab/workspace/ros_ur_driver/install/run_ompl_constrained_planning:/home/d-lab/workspace/ros_ur_driver/install/run_moveit_cpp:/home/d-lab/workspace/ros_ur_driver/install/run_move_group:/home/d-lab/workspace/ros_ur_driver/install/warehouse_ros_mongo:/home/d-lab/workspace/ros_ur_driver/install/ros2_controllers:/home/d-lab/workspace/ros_ur_driver/install/velocity_controllers:/home/d-lab/workspace/ros_ur_driver/install/ur_robot_driver:/home/d-lab/workspace/ros_ur_driver/install/ur_controllers:/home/d-lab/workspace/ros_ur_driver/install/ur_msgs:/home/d-lab/workspace/ros_ur_driver/install/ur_moveit_config:/home/d-lab/workspace/ros_ur_driver/install/ur_description:/home/d-lab/workspace/ros_ur_driver/install/ur_dashboard_msgs:/home/d-lab/workspace/ros_ur_driver/install/ur_client_library:/home/d-lab/workspace/ros_ur_driver/install/ur_bringup:/home/d-lab/workspace/ros_ur_driver/install/transmission_interface:/home/d-lab/workspace/ros_ur_driver/install/moveit_runtime:/home/d-lab/workspace/ros_ur_driver/install/moveit:/home/d-lab/workspace/ros_ur_driver/install/moveit_plugins:/home/d-lab/workspace/ros_ur_driver/install/moveit_simple_controller_manager:/home/d-lab/workspace/ros_ur_driver/install/moveit_servo:/home/d-lab/workspace/ros_ur_driver/install/moveit_ros:/home/d-lab/workspace/ros_ur_driver/install/moveit_ros_visualization:/home/d-lab/workspace/ros_ur_driver/install/moveit_ros_planning_interface:/home/d-lab/workspace/ros_ur_driver/install/moveit_ros_benchmarks:/home/d-lab/workspace/ros_ur_driver/install/moveit_ros_warehouse:/home/d-lab/workspace/ros_ur_driver/install/moveit_ros_robot_interaction:/home/d-lab/workspace/ros_ur_driver/install/moveit_ros_perception:/home/d-lab/workspace/ros_ur_driver/install/moveit_ros_move_group:/home/d-lab/workspace/ros_ur_driver/install/moveit_planners:/home/d-lab/workspace/ros_ur_driver/install/moveit_planners_ompl:/home/d-lab/workspace/ros_ur_driver/install/moveit_ros_planning:/home/d-lab/workspace/ros_ur_driver/install/moveit_ros_occupancy_map_monitor:/home/d-lab/workspace/ros_ur_driver/install/moveit_planners_chomp:/home/d-lab/workspace/ros_ur_driver/install/moveit_kinematics:/home/d-lab/workspace/ros_ur_driver/install/moveit_chomp_optimizer_adapter:/home/d-lab/workspace/ros_ur_driver/install/chomp_motion_planner:/home/d-lab/workspace/ros_ur_driver/install/moveit_core:/home/d-lab/workspace/ros_ur_driver/install/srdfdom:/home/d-lab/workspace/ros_ur_driver/install/ros2_control_demos:/home/d-lab/workspace/ros_ur_driver/install/ros2_control_demo_bringup:/home/d-lab/workspace/ros_ur_driver/install/rrbot_description:/home/d-lab/workspace/ros_ur_driver/install/ros2_control:/home/d-lab/workspace/ros_ur_driver/install/controller_manager:/home/d-lab/workspace/ros_ur_driver/install/ros2_control_test_assets:/home/d-lab/workspace/ros_ur_driver/install/ros2_control_demo_hardware:/home/d-lab/workspace/ros_ur_driver/install/position_controllers:/home/d-lab/workspace/ros_ur_driver/install/moveit_common:/home/d-lab/workspace/ros_ur_driver/install/joint_trajectory_controller:/home/d-lab/workspace/ros_ur_driver/install/joint_state_controller:/home/d-lab/workspace/ros_ur_driver/install/joint_state_broadcaster:/home/d-lab/workspace/ros_ur_driver/install/imu_sensor_broadcaster:/home/d-lab/workspace/ros_ur_driver/install/gripper_controllers:/home/d-lab/workspace/ros_ur_driver/install/effort_controllers:/home/d-lab/workspace/ros_ur_driver/install/forward_command_controller:/home/d-lab/workspace/ros_ur_driver/install/force_torque_sensor_broadcaster:/home/d-lab/workspace/ros_ur_driver/install/diff_drive_controller:/home/d-lab/workspace/ros_ur_driver/install/controller_interface:/home/d-lab/workspace/ros_ur_driver/install/hardware_interface:/home/d-lab/workspace/ros_ur_driver/install/diffbot_description:/home/d-lab/workspace/ros_ur_driver/install/controller_manager_msgs:/home/d-lab/workspace/ros_ur_driver/install/control_msgs:/home/d-lab/workspace/ros_ur_driver/install/ros2controlcli:/home/d-lab/workspace/ros_ur_driver/install/ros2_control_test_nodes:/opt/ros/foxy LD_LIBRARY_PATH=/home/d-lab/workspace/ros_ur_driver/src/install/moveit_ros_planning/lib:/home/d-lab/workspace/ros_ur_driver/src/install/moveit_ros_occupancy_map_monitor/lib:/home/d-lab/workspace/ros_ur_driver/src/install/moveit_core/lib:/home/d-lab/workspace/ros_ur_driver/src/install/srdfdom/lib:${LD_LIBRARY_PATH} PATH=/home/d-lab/workspace/ros_ur_driver/src/install/moveit_core/bin:${PATH} PYTHONPATH=/home/d-lab/workspace/ros_ur_driver/src/install/srdfdom/lib/python3.8/site-packages:${PYTHONPATH} /usr/bin/cmake /home/d-lab/workspace/ros_ur_driver/src/moveit2/moveit_kinematics -DCMAKE_INSTALL_PREFIX=/home/d-lab/workspace/ros_ur_driver/src/install/moveit_kinematics
[4.055s] Invoking command in '/home/d-lab/workspace/ros_ur_driver/src/build/moveit_kinematics': AMENT_PREFIX_PATH=/home/d-lab/workspace/ros_ur_driver/src/install/moveit_ros_planning:/home/d-lab/workspace/ros_ur_driver/src/install/moveit_ros_occupancy_map_monitor:/home/d-lab/workspace/ros_ur_driver/src/install/moveit_core:/home/d-lab/workspace/ros_ur_driver/src/install/srdfdom:/home/d-lab/workspace/ros_ur_driver/src/install/moveit_common:${AMENT_PREFIX_PATH} CMAKE_PREFIX_PATH=/home/d-lab/workspace/ros_ur_driver/src/install/moveit_ros_planning:/home/d-lab/workspace/ros_ur_driver/src/install/moveit_ros_occupancy_map_monitor:/home/d-lab/workspace/ros_ur_driver/src/install/moveit_core:/home/d-lab/workspace/ros_ur_driver/src/install/srdfdom:/home/d-lab/workspace/ros_ur_driver/src/install/moveit_common:/home/d-lab/workspace/ros_ur_driver/install/run_ompl_constrained_planning:/home/d-lab/workspace/ros_ur_driver/install/run_moveit_cpp:/home/d-lab/workspace/ros_ur_driver/install/run_move_group:/home/d-lab/workspace/ros_ur_driver/install/warehouse_ros_mongo:/home/d-lab/workspace/ros_ur_driver/install/ros2_controllers:/home/d-lab/workspace/ros_ur_driver/install/velocity_controllers:/home/d-lab/workspace/ros_ur_driver/install/ur_robot_driver:/home/d-lab/workspace/ros_ur_driver/install/ur_controllers:/home/d-lab/workspace/ros_ur_driver/install/ur_msgs:/home/d-lab/workspace/ros_ur_driver/install/ur_moveit_config:/home/d-lab/workspace/ros_ur_driver/install/ur_description:/home/d-lab/workspace/ros_ur_driver/install/ur_dashboard_msgs:/home/d-lab/workspace/ros_ur_driver/install/ur_client_library:/home/d-lab/workspace/ros_ur_driver/install/ur_bringup:/home/d-lab/workspace/ros_ur_driver/install/transmission_interface:/home/d-lab/workspace/ros_ur_driver/install/moveit_runtime:/home/d-lab/workspace/ros_ur_driver/install/moveit:/home/d-lab/workspace/ros_ur_driver/install/moveit_plugins:/home/d-lab/workspace/ros_ur_driver/install/moveit_simple_controller_manager:/home/d-lab/workspace/ros_ur_driver/install/moveit_servo:/home/d-lab/workspace/ros_ur_driver/install/moveit_ros:/home/d-lab/workspace/ros_ur_driver/install/moveit_ros_visualization:/home/d-lab/workspace/ros_ur_driver/install/moveit_ros_planning_interface:/home/d-lab/workspace/ros_ur_driver/install/moveit_ros_benchmarks:/home/d-lab/workspace/ros_ur_driver/install/moveit_ros_warehouse:/home/d-lab/workspace/ros_ur_driver/install/moveit_ros_robot_interaction:/home/d-lab/workspace/ros_ur_driver/install/moveit_ros_perception:/home/d-lab/workspace/ros_ur_driver/install/moveit_ros_move_group:/home/d-lab/workspace/ros_ur_driver/install/moveit_planners:/home/d-lab/workspace/ros_ur_driver/install/moveit_planners_ompl:/home/d-lab/workspace/ros_ur_driver/install/moveit_ros_planning:/home/d-lab/workspace/ros_ur_driver/install/moveit_ros_occupancy_map_monitor:/home/d-lab/workspace/ros_ur_driver/install/moveit_planners_chomp:/home/d-lab/workspace/ros_ur_driver/install/moveit_kinematics:/home/d-lab/workspace/ros_ur_driver/install/moveit_chomp_optimizer_adapter:/home/d-lab/workspace/ros_ur_driver/install/chomp_motion_planner:/home/d-lab/workspace/ros_ur_driver/install/moveit_core:/home/d-lab/workspace/ros_ur_driver/install/srdfdom:/home/d-lab/workspace/ros_ur_driver/install/ros2_control_demos:/home/d-lab/workspace/ros_ur_driver/install/ros2_control_demo_bringup:/home/d-lab/workspace/ros_ur_driver/install/rrbot_description:/home/d-lab/workspace/ros_ur_driver/install/ros2_control:/home/d-lab/workspace/ros_ur_driver/install/controller_manager:/home/d-lab/workspace/ros_ur_driver/install/ros2_control_test_assets:/home/d-lab/workspace/ros_ur_driver/install/ros2_control_demo_hardware:/home/d-lab/workspace/ros_ur_driver/install/position_controllers:/home/d-lab/workspace/ros_ur_driver/install/moveit_common:/home/d-lab/workspace/ros_ur_driver/install/joint_trajectory_controller:/home/d-lab/workspace/ros_ur_driver/install/joint_state_controller:/home/d-lab/workspace/ros_ur_driver/install/joint_state_broadcaster:/home/d-lab/workspace/ros_ur_driver/install/imu_sensor_broadcaster:/home/d-lab/workspace/ros_ur_driver/install/gripper_controllers:/home/d-lab/workspace/ros_ur_driver/install/effort_controllers:/home/d-lab/workspace/ros_ur_driver/install/forward_command_controller:/home/d-lab/workspace/ros_ur_driver/install/force_torque_sensor_broadcaster:/home/d-lab/workspace/ros_ur_driver/install/diff_drive_controller:/home/d-lab/workspace/ros_ur_driver/install/controller_interface:/home/d-lab/workspace/ros_ur_driver/install/hardware_interface:/home/d-lab/workspace/ros_ur_driver/install/diffbot_description:/home/d-lab/workspace/ros_ur_driver/install/controller_manager_msgs:/home/d-lab/workspace/ros_ur_driver/install/control_msgs:/home/d-lab/workspace/ros_ur_driver/install/ros2controlcli:/home/d-lab/workspace/ros_ur_driver/install/ros2_control_test_nodes:/opt/ros/foxy LD_LIBRARY_PATH=/home/d-lab/workspace/ros_ur_driver/src/install/moveit_ros_planning/lib:/home/d-lab/workspace/ros_ur_driver/src/install/moveit_ros_occupancy_map_monitor/lib:/home/d-lab/workspace/ros_ur_driver/src/install/moveit_core/lib:/home/d-lab/workspace/ros_ur_driver/src/install/srdfdom/lib:${LD_LIBRARY_PATH} PATH=/home/d-lab/workspace/ros_ur_driver/src/install/moveit_core/bin:${PATH} PYTHONPATH=/home/d-lab/workspace/ros_ur_driver/src/install/srdfdom/lib/python3.8/site-packages:${PYTHONPATH} /usr/bin/cmake --build /home/d-lab/workspace/ros_ur_driver/src/build/moveit_kinematics -- -j16 -l16
[4.110s] [35m[1mScanning dependencies of target moveit_srv_kinematics_plugin[0m
[4.111s] [35m[1mScanning dependencies of target moveit_cached_ik_kinematics_base[0m
[4.123s] [35m[1mScanning dependencies of target benchmark_ik[0m
[4.125s] [35m[1mScanning dependencies of target moveit_lma_kinematics_plugin[0m
[4.126s] [35m[1mScanning dependencies of target moveit_kdl_kinematics_plugin[0m
[4.126s] [35m[1mScanning dependencies of target gtest_main[0m
[4.128s] [35m[1mScanning dependencies of target gtest[0m
[4.154s] [  5%] [32mBuilding CXX object gtest/CMakeFiles/gtest_main.dir/src/gtest_main.cc.o[0m
[4.219s] [ 10%] [32mBuilding CXX object gtest/CMakeFiles/gtest.dir/src/gtest-all.cc.o[0m
[4.260s] [ 15%] [32mBuilding CXX object srv_kinematics_plugin/CMakeFiles/moveit_srv_kinematics_plugin.dir/src/srv_kinematics_plugin.cpp.o[0m
[4.272s] [ 21%] [32mBuilding CXX object lma_kinematics_plugin/CMakeFiles/moveit_lma_kinematics_plugin.dir/src/lma_kinematics_plugin.cpp.o[0m
[4.291s] [ 26%] [32mBuilding CXX object cached_ik_kinematics_plugin/CMakeFiles/moveit_cached_ik_kinematics_base.dir/src/ik_cache.cpp.o[0m
[4.327s] [ 31%] [32mBuilding CXX object kdl_kinematics_plugin/CMakeFiles/moveit_kdl_kinematics_plugin.dir/src/kdl_kinematics_plugin.cpp.o[0m
[4.349s] [ 36%] [32mBuilding CXX object kdl_kinematics_plugin/CMakeFiles/moveit_kdl_kinematics_plugin.dir/src/chainiksolver_vel_mimic_svd.cpp.o[0m
[4.350s] [ 42%] [32mBuilding CXX object test/CMakeFiles/benchmark_ik.dir/benchmark_ik.cpp.o[0m
[6.152s] [ 47%] [32m[1mLinking CXX static library libgtest_main.a[0m
[6.432s] [ 47%] Built target gtest_main
[22.064s] [ 52%] [32m[1mLinking CXX shared library libmoveit_lma_kinematics_plugin.so[0m
[22.397s] [ 52%] Built target moveit_lma_kinematics_plugin
[22.627s] [ 57%] [32m[1mLinking CXX shared library libmoveit_cached_ik_kinematics_base.so[0m
[23.250s] [ 57%] Built target moveit_cached_ik_kinematics_base
[23.702s] [ 63%] [32m[1mLinking CXX static library libgtest.a[0m
[23.895s] [ 63%] Built target gtest
[27.126s] [ 68%] [32m[1mLinking CXX shared library libmoveit_srv_kinematics_plugin.so[0m
[27.578s] [ 73%] [32m[1mLinking CXX executable benchmark_ik[0m
[27.695s] [ 73%] Built target moveit_srv_kinematics_plugin
[28.031s] [ 78%] [32m[1mLinking CXX shared library libmoveit_kdl_kinematics_plugin.so[0m
[28.458s] [ 78%] Built target benchmark_ik
[28.571s] [ 78%] Built target moveit_kdl_kinematics_plugin
[28.639s] [35m[1mScanning dependencies of target moveit_cached_ik_kinematics_plugin[0m
[28.955s] [ 84%] [32mBuilding CXX object cached_ik_kinematics_plugin/CMakeFiles/moveit_cached_ik_kinematics_plugin.dir/src/cached_ik_kinematics_plugin.cpp.o[0m
[38.714s] [ 89%] [32m[1mLinking CXX shared library libmoveit_cached_ik_kinematics_plugin.so[0m
[38.906s] [ 89%] Built target moveit_cached_ik_kinematics_plugin
[38.918s] [35m[1mScanning dependencies of target test_kinematics_plugin[0m
[38.993s] [ 94%] [32mBuilding CXX object test/CMakeFiles/test_kinematics_plugin.dir/test_kinematics_plugin.cpp.o[0m
[51.465s] [100%] [32m[1mLinking CXX executable test_kinematics_plugin[0m
[51.772s] [100%] Built target test_kinematics_plugin
[51.785s] Invoked command in '/home/d-lab/workspace/ros_ur_driver/src/build/moveit_kinematics' returned '0': AMENT_PREFIX_PATH=/home/d-lab/workspace/ros_ur_driver/src/install/moveit_ros_planning:/home/d-lab/workspace/ros_ur_driver/src/install/moveit_ros_occupancy_map_monitor:/home/d-lab/workspace/ros_ur_driver/src/install/moveit_core:/home/d-lab/workspace/ros_ur_driver/src/install/srdfdom:/home/d-lab/workspace/ros_ur_driver/src/install/moveit_common:${AMENT_PREFIX_PATH} CMAKE_PREFIX_PATH=/home/d-lab/workspace/ros_ur_driver/src/install/moveit_ros_planning:/home/d-lab/workspace/ros_ur_driver/src/install/moveit_ros_occupancy_map_monitor:/home/d-lab/workspace/ros_ur_driver/src/install/moveit_core:/home/d-lab/workspace/ros_ur_driver/src/install/srdfdom:/home/d-lab/workspace/ros_ur_driver/src/install/moveit_common:/home/d-lab/workspace/ros_ur_driver/install/run_ompl_constrained_planning:/home/d-lab/workspace/ros_ur_driver/install/run_moveit_cpp:/home/d-lab/workspace/ros_ur_driver/install/run_move_group:/home/d-lab/workspace/ros_ur_driver/install/warehouse_ros_mongo:/home/d-lab/workspace/ros_ur_driver/install/ros2_controllers:/home/d-lab/workspace/ros_ur_driver/install/velocity_controllers:/home/d-lab/workspace/ros_ur_driver/install/ur_robot_driver:/home/d-lab/workspace/ros_ur_driver/install/ur_controllers:/home/d-lab/workspace/ros_ur_driver/install/ur_msgs:/home/d-lab/workspace/ros_ur_driver/install/ur_moveit_config:/home/d-lab/workspace/ros_ur_driver/install/ur_description:/home/d-lab/workspace/ros_ur_driver/install/ur_dashboard_msgs:/home/d-lab/workspace/ros_ur_driver/install/ur_client_library:/home/d-lab/workspace/ros_ur_driver/install/ur_bringup:/home/d-lab/workspace/ros_ur_driver/install/transmission_interface:/home/d-lab/workspace/ros_ur_driver/install/moveit_runtime:/home/d-lab/workspace/ros_ur_driver/install/moveit:/home/d-lab/workspace/ros_ur_driver/install/moveit_plugins:/home/d-lab/workspace/ros_ur_driver/install/moveit_simple_controller_manager:/home/d-lab/workspace/ros_ur_driver/install/moveit_servo:/home/d-lab/workspace/ros_ur_driver/install/moveit_ros:/home/d-lab/workspace/ros_ur_driver/install/moveit_ros_visualization:/home/d-lab/workspace/ros_ur_driver/install/moveit_ros_planning_interface:/home/d-lab/workspace/ros_ur_driver/install/moveit_ros_benchmarks:/home/d-lab/workspace/ros_ur_driver/install/moveit_ros_warehouse:/home/d-lab/workspace/ros_ur_driver/install/moveit_ros_robot_interaction:/home/d-lab/workspace/ros_ur_driver/install/moveit_ros_perception:/home/d-lab/workspace/ros_ur_driver/install/moveit_ros_move_group:/home/d-lab/workspace/ros_ur_driver/install/moveit_planners:/home/d-lab/workspace/ros_ur_driver/install/moveit_planners_ompl:/home/d-lab/workspace/ros_ur_driver/install/moveit_ros_planning:/home/d-lab/workspace/ros_ur_driver/install/moveit_ros_occupancy_map_monitor:/home/d-lab/workspace/ros_ur_driver/install/moveit_planners_chomp:/home/d-lab/workspace/ros_ur_driver/install/moveit_kinematics:/home/d-lab/workspace/ros_ur_driver/install/moveit_chomp_optimizer_adapter:/home/d-lab/workspace/ros_ur_driver/install/chomp_motion_planner:/home/d-lab/workspace/ros_ur_driver/install/moveit_core:/home/d-lab/workspace/ros_ur_driver/install/srdfdom:/home/d-lab/workspace/ros_ur_driver/install/ros2_control_demos:/home/d-lab/workspace/ros_ur_driver/install/ros2_control_demo_bringup:/home/d-lab/workspace/ros_ur_driver/install/rrbot_description:/home/d-lab/workspace/ros_ur_driver/install/ros2_control:/home/d-lab/workspace/ros_ur_driver/install/controller_manager:/home/d-lab/workspace/ros_ur_driver/install/ros2_control_test_assets:/home/d-lab/workspace/ros_ur_driver/install/ros2_control_demo_hardware:/home/d-lab/workspace/ros_ur_driver/install/position_controllers:/home/d-lab/workspace/ros_ur_driver/install/moveit_common:/home/d-lab/workspace/ros_ur_driver/install/joint_trajectory_controller:/home/d-lab/workspace/ros_ur_driver/install/joint_state_controller:/home/d-lab/workspace/ros_ur_driver/install/joint_state_broadcaster:/home/d-lab/workspace/ros_ur_driver/install/imu_sensor_broadcaster:/home/d-lab/workspace/ros_ur_driver/install/gripper_controllers:/home/d-lab/workspace/ros_ur_driver/install/effort_controllers:/home/d-lab/workspace/ros_ur_driver/install/forward_command_controller:/home/d-lab/workspace/ros_ur_driver/install/force_torque_sensor_broadcaster:/home/d-lab/workspace/ros_ur_driver/install/diff_drive_controller:/home/d-lab/workspace/ros_ur_driver/install/controller_interface:/home/d-lab/workspace/ros_ur_driver/install/hardware_interface:/home/d-lab/workspace/ros_ur_driver/install/diffbot_description:/home/d-lab/workspace/ros_ur_driver/install/controller_manager_msgs:/home/d-lab/workspace/ros_ur_driver/install/control_msgs:/home/d-lab/workspace/ros_ur_driver/install/ros2controlcli:/home/d-lab/workspace/ros_ur_driver/install/ros2_control_test_nodes:/opt/ros/foxy LD_LIBRARY_PATH=/home/d-lab/workspace/ros_ur_driver/src/install/moveit_ros_planning/lib:/home/d-lab/workspace/ros_ur_driver/src/install/moveit_ros_occupancy_map_monitor/lib:/home/d-lab/workspace/ros_ur_driver/src/install/moveit_core/lib:/home/d-lab/workspace/ros_ur_driver/src/install/srdfdom/lib:${LD_LIBRARY_PATH} PATH=/home/d-lab/workspace/ros_ur_driver/src/install/moveit_core/bin:${PATH} PYTHONPATH=/home/d-lab/workspace/ros_ur_driver/src/install/srdfdom/lib/python3.8/site-packages:${PYTHONPATH} /usr/bin/cmake --build /home/d-lab/workspace/ros_ur_driver/src/build/moveit_kinematics -- -j16 -l16
[51.828s] Invoking command in '/home/d-lab/workspace/ros_ur_driver/src/build/moveit_kinematics': AMENT_PREFIX_PATH=/home/d-lab/workspace/ros_ur_driver/src/install/moveit_ros_planning:/home/d-lab/workspace/ros_ur_driver/src/install/moveit_ros_occupancy_map_monitor:/home/d-lab/workspace/ros_ur_driver/src/install/moveit_core:/home/d-lab/workspace/ros_ur_driver/src/install/srdfdom:/home/d-lab/workspace/ros_ur_driver/src/install/moveit_common:${AMENT_PREFIX_PATH} CMAKE_PREFIX_PATH=/home/d-lab/workspace/ros_ur_driver/src/install/moveit_ros_planning:/home/d-lab/workspace/ros_ur_driver/src/install/moveit_ros_occupancy_map_monitor:/home/d-lab/workspace/ros_ur_driver/src/install/moveit_core:/home/d-lab/workspace/ros_ur_driver/src/install/srdfdom:/home/d-lab/workspace/ros_ur_driver/src/install/moveit_common:/home/d-lab/workspace/ros_ur_driver/install/run_ompl_constrained_planning:/home/d-lab/workspace/ros_ur_driver/install/run_moveit_cpp:/home/d-lab/workspace/ros_ur_driver/install/run_move_group:/home/d-lab/workspace/ros_ur_driver/install/warehouse_ros_mongo:/home/d-lab/workspace/ros_ur_driver/install/ros2_controllers:/home/d-lab/workspace/ros_ur_driver/install/velocity_controllers:/home/d-lab/workspace/ros_ur_driver/install/ur_robot_driver:/home/d-lab/workspace/ros_ur_driver/install/ur_controllers:/home/d-lab/workspace/ros_ur_driver/install/ur_msgs:/home/d-lab/workspace/ros_ur_driver/install/ur_moveit_config:/home/d-lab/workspace/ros_ur_driver/install/ur_description:/home/d-lab/workspace/ros_ur_driver/install/ur_dashboard_msgs:/home/d-lab/workspace/ros_ur_driver/install/ur_client_library:/home/d-lab/workspace/ros_ur_driver/install/ur_bringup:/home/d-lab/workspace/ros_ur_driver/install/transmission_interface:/home/d-lab/workspace/ros_ur_driver/install/moveit_runtime:/home/d-lab/workspace/ros_ur_driver/install/moveit:/home/d-lab/workspace/ros_ur_driver/install/moveit_plugins:/home/d-lab/workspace/ros_ur_driver/install/moveit_simple_controller_manager:/home/d-lab/workspace/ros_ur_driver/install/moveit_servo:/home/d-lab/workspace/ros_ur_driver/install/moveit_ros:/home/d-lab/workspace/ros_ur_driver/install/moveit_ros_visualization:/home/d-lab/workspace/ros_ur_driver/install/moveit_ros_planning_interface:/home/d-lab/workspace/ros_ur_driver/install/moveit_ros_benchmarks:/home/d-lab/workspace/ros_ur_driver/install/moveit_ros_warehouse:/home/d-lab/workspace/ros_ur_driver/install/moveit_ros_robot_interaction:/home/d-lab/workspace/ros_ur_driver/install/moveit_ros_perception:/home/d-lab/workspace/ros_ur_driver/install/moveit_ros_move_group:/home/d-lab/workspace/ros_ur_driver/install/moveit_planners:/home/d-lab/workspace/ros_ur_driver/install/moveit_planners_ompl:/home/d-lab/workspace/ros_ur_driver/install/moveit_ros_planning:/home/d-lab/workspace/ros_ur_driver/install/moveit_ros_occupancy_map_monitor:/home/d-lab/workspace/ros_ur_driver/install/moveit_planners_chomp:/home/d-lab/workspace/ros_ur_driver/install/moveit_kinematics:/home/d-lab/workspace/ros_ur_driver/install/moveit_chomp_optimizer_adapter:/home/d-lab/workspace/ros_ur_driver/install/chomp_motion_planner:/home/d-lab/workspace/ros_ur_driver/install/moveit_core:/home/d-lab/workspace/ros_ur_driver/install/srdfdom:/home/d-lab/workspace/ros_ur_driver/install/ros2_control_demos:/home/d-lab/workspace/ros_ur_driver/install/ros2_control_demo_bringup:/home/d-lab/workspace/ros_ur_driver/install/rrbot_description:/home/d-lab/workspace/ros_ur_driver/install/ros2_control:/home/d-lab/workspace/ros_ur_driver/install/controller_manager:/home/d-lab/workspace/ros_ur_driver/install/ros2_control_test_assets:/home/d-lab/workspace/ros_ur_driver/install/ros2_control_demo_hardware:/home/d-lab/workspace/ros_ur_driver/install/position_controllers:/home/d-lab/workspace/ros_ur_driver/install/moveit_common:/home/d-lab/workspace/ros_ur_driver/install/joint_trajectory_controller:/home/d-lab/workspace/ros_ur_driver/install/joint_state_controller:/home/d-lab/workspace/ros_ur_driver/install/joint_state_broadcaster:/home/d-lab/workspace/ros_ur_driver/install/imu_sensor_broadcaster:/home/d-lab/workspace/ros_ur_driver/install/gripper_controllers:/home/d-lab/workspace/ros_ur_driver/install/effort_controllers:/home/d-lab/workspace/ros_ur_driver/install/forward_command_controller:/home/d-lab/workspace/ros_ur_driver/install/force_torque_sensor_broadcaster:/home/d-lab/workspace/ros_ur_driver/install/diff_drive_controller:/home/d-lab/workspace/ros_ur_driver/install/controller_interface:/home/d-lab/workspace/ros_ur_driver/install/hardware_interface:/home/d-lab/workspace/ros_ur_driver/install/diffbot_description:/home/d-lab/workspace/ros_ur_driver/install/controller_manager_msgs:/home/d-lab/workspace/ros_ur_driver/install/control_msgs:/home/d-lab/workspace/ros_ur_driver/install/ros2controlcli:/home/d-lab/workspace/ros_ur_driver/install/ros2_control_test_nodes:/opt/ros/foxy LD_LIBRARY_PATH=/home/d-lab/workspace/ros_ur_driver/src/install/moveit_ros_planning/lib:/home/d-lab/workspace/ros_ur_driver/src/install/moveit_ros_occupancy_map_monitor/lib:/home/d-lab/workspace/ros_ur_driver/src/install/moveit_core/lib:/home/d-lab/workspace/ros_ur_driver/src/install/srdfdom/lib:${LD_LIBRARY_PATH} PATH=/home/d-lab/workspace/ros_ur_driver/src/install/moveit_core/bin:${PATH} PYTHONPATH=/home/d-lab/workspace/ros_ur_driver/src/install/srdfdom/lib/python3.8/site-packages:${PYTHONPATH} /usr/bin/cmake --install /home/d-lab/workspace/ros_ur_driver/src/build/moveit_kinematics
[51.838s] -- Install configuration: "Release"
[51.838s] -- Installing: /home/d-lab/workspace/ros_ur_driver/src/install/moveit_kinematics/share/moveit_kinematics/kdl_kinematics_plugin_description.xml
[51.838s] -- Installing: /home/d-lab/workspace/ros_ur_driver/src/install/moveit_kinematics/share/moveit_kinematics/lma_kinematics_plugin_description.xml
[51.838s] -- Installing: /home/d-lab/workspace/ros_ur_driver/src/install/moveit_kinematics/share/moveit_kinematics/srv_kinematics_plugin_description.xml
[51.838s] -- Installing: /home/d-lab/workspace/ros_ur_driver/src/install/moveit_kinematics/share/moveit_kinematics/cached_ik_kinematics_plugin_description.xml
[51.838s] -- Installing: /home/d-lab/workspace/ros_ur_driver/src/install/moveit_kinematics/lib/libmoveit_cached_ik_kinematics_base.so.2.2.3
[51.839s] -- Set runtime path of "/home/d-lab/workspace/ros_ur_driver/src/install/moveit_kinematics/lib/libmoveit_cached_ik_kinematics_base.so.2.2.3" to ""
[51.839s] -- Installing: /home/d-lab/workspace/ros_ur_driver/src/install/moveit_kinematics/lib/libmoveit_cached_ik_kinematics_base.so
[51.839s] -- Installing: /home/d-lab/workspace/ros_ur_driver/src/install/moveit_kinematics/lib/libmoveit_cached_ik_kinematics_plugin.so.2.2.3
[51.839s] -- Set runtime path of "/home/d-lab/workspace/ros_ur_driver/src/install/moveit_kinematics/lib/libmoveit_cached_ik_kinematics_plugin.so.2.2.3" to ""
[51.839s] -- Installing: /home/d-lab/workspace/ros_ur_driver/src/install/moveit_kinematics/lib/libmoveit_cached_ik_kinematics_plugin.so
[51.839s] -- Installing: /home/d-lab/workspace/ros_ur_driver/src/install/moveit_kinematics/lib/libmoveit_kdl_kinematics_plugin.so
[51.840s] -- Set runtime path of "/home/d-lab/workspace/ros_ur_driver/src/install/moveit_kinematics/lib/libmoveit_kdl_kinematics_plugin.so" to ""
[51.840s] -- Installing: /home/d-lab/workspace/ros_ur_driver/src/install/moveit_kinematics/lib/libmoveit_lma_kinematics_plugin.so.2.2.3
[51.840s] -- Set runtime path of "/home/d-lab/workspace/ros_ur_driver/src/install/moveit_kinematics/lib/libmoveit_lma_kinematics_plugin.so.2.2.3" to ""
[51.840s] -- Installing: /home/d-lab/workspace/ros_ur_driver/src/install/moveit_kinematics/lib/libmoveit_lma_kinematics_plugin.so
[51.840s] -- Installing: /home/d-lab/workspace/ros_ur_driver/src/install/moveit_kinematics/lib/libmoveit_srv_kinematics_plugin.so.2.2.3
[51.841s] -- Set runtime path of "/home/d-lab/workspace/ros_ur_driver/src/install/moveit_kinematics/lib/libmoveit_srv_kinematics_plugin.so.2.2.3" to ""
[51.841s] -- Installing: /home/d-lab/workspace/ros_ur_driver/src/install/moveit_kinematics/lib/libmoveit_srv_kinematics_plugin.so
[51.841s] -- Installing: /home/d-lab/workspace/ros_ur_driver/src/install/moveit_kinematics/share/moveit_kinematics/environment/library_path.sh
[51.841s] -- Installing: /home/d-lab/workspace/ros_ur_driver/src/install/moveit_kinematics/share/moveit_kinematics/environment/library_path.dsv
[51.841s] -- Installing: /home/d-lab/workspace/ros_ur_driver/src/install/moveit_kinematics/share/ament_index/resource_index/package_run_dependencies/moveit_kinematics
[51.841s] -- Installing: /home/d-lab/workspace/ros_ur_driver/src/install/moveit_kinematics/share/ament_index/resource_index/parent_prefix_path/moveit_kinematics
[51.841s] -- Installing: /home/d-lab/workspace/ros_ur_driver/src/install/moveit_kinematics/share/moveit_kinematics/environment/ament_prefix_path.sh
[51.841s] -- Installing: /home/d-lab/workspace/ros_ur_driver/src/install/moveit_kinematics/share/moveit_kinematics/environment/ament_prefix_path.dsv
[51.842s] -- Installing: /home/d-lab/workspace/ros_ur_driver/src/install/moveit_kinematics/share/moveit_kinematics/environment/path.sh
[51.842s] -- Installing: /home/d-lab/workspace/ros_ur_driver/src/install/moveit_kinematics/share/moveit_kinematics/environment/path.dsv
[51.842s] -- Installing: /home/d-lab/workspace/ros_ur_driver/src/install/moveit_kinematics/share/moveit_kinematics/local_setup.bash
[51.842s] -- Installing: /home/d-lab/workspace/ros_ur_driver/src/install/moveit_kinematics/share/moveit_kinematics/local_setup.sh
[51.842s] -- Installing: /home/d-lab/workspace/ros_ur_driver/src/install/moveit_kinematics/share/moveit_kinematics/local_setup.zsh
[51.842s] -- Installing: /home/d-lab/workspace/ros_ur_driver/src/install/moveit_kinematics/share/moveit_kinematics/local_setup.dsv
[51.842s] -- Installing: /home/d-lab/workspace/ros_ur_driver/src/install/moveit_kinematics/share/moveit_kinematics/package.dsv
[51.842s] -- Installing: /home/d-lab/workspace/ros_ur_driver/src/install/moveit_kinematics/share/ament_index/resource_index/packages/moveit_kinematics
[51.842s] -- Installing: /home/d-lab/workspace/ros_ur_driver/src/install/moveit_kinematics/share/ament_index/resource_index/moveit_core__pluginlib__plugin/moveit_kinematics
[51.842s] -- Installing: /home/d-lab/workspace/ros_ur_driver/src/install/moveit_kinematics/share/moveit_kinematics/cmake/export_moveit_kinematicsExport.cmake
[51.843s] -- Installing: /home/d-lab/workspace/ros_ur_driver/src/install/moveit_kinematics/share/moveit_kinematics/cmake/export_moveit_kinematicsExport-release.cmake
[51.843s] -- Installing: /home/d-lab/workspace/ros_ur_driver/src/install/moveit_kinematics/share/moveit_kinematics/cmake/ConfigExtras.cmake
[51.843s] -- Installing: /home/d-lab/workspace/ros_ur_driver/src/install/moveit_kinematics/share/moveit_kinematics/cmake/ament_cmake_export_targets-extras.cmake
[51.843s] -- Installing: /home/d-lab/workspace/ros_ur_driver/src/install/moveit_kinematics/share/moveit_kinematics/cmake/ament_cmake_export_dependencies-extras.cmake
[51.843s] -- Installing: /home/d-lab/workspace/ros_ur_driver/src/install/moveit_kinematics/share/moveit_kinematics/cmake/moveit_kinematicsConfig.cmake
[51.843s] -- Installing: /home/d-lab/workspace/ros_ur_driver/src/install/moveit_kinematics/share/moveit_kinematics/cmake/moveit_kinematicsConfig-version.cmake
[51.843s] -- Installing: /home/d-lab/workspace/ros_ur_driver/src/install/moveit_kinematics/share/moveit_kinematics/package.xml
[51.843s] -- Installing: /home/d-lab/workspace/ros_ur_driver/src/install/moveit_kinematics/include
[51.843s] -- Installing: /home/d-lab/workspace/ros_ur_driver/src/install/moveit_kinematics/include/moveit
[51.844s] -- Installing: /home/d-lab/workspace/ros_ur_driver/src/install/moveit_kinematics/include/moveit/cached_ik_kinematics_plugin
[51.844s] -- Installing: /home/d-lab/workspace/ros_ur_driver/src/install/moveit_kinematics/include/moveit/cached_ik_kinematics_plugin/cached_ik_kinematics_plugin-inl.h
[51.844s] -- Installing: /home/d-lab/workspace/ros_ur_driver/src/install/moveit_kinematics/include/moveit/cached_ik_kinematics_plugin/cached_ik_kinematics_plugin.h
[51.844s] -- Installing: /home/d-lab/workspace/ros_ur_driver/src/install/moveit_kinematics/include/moveit/cached_ik_kinematics_plugin/detail
[51.844s] -- Installing: /home/d-lab/workspace/ros_ur_driver/src/install/moveit_kinematics/include/moveit/cached_ik_kinematics_plugin/detail/NearestNeighborsGNAT.h
[51.844s] -- Installing: /home/d-lab/workspace/ros_ur_driver/src/install/moveit_kinematics/include/moveit/cached_ik_kinematics_plugin/detail/NearestNeighbors.h
[51.844s] -- Installing: /home/d-lab/workspace/ros_ur_driver/src/install/moveit_kinematics/include/moveit/cached_ik_kinematics_plugin/detail/GreedyKCenters.h
[51.844s] -- Installing: /home/d-lab/workspace/ros_ur_driver/src/install/moveit_kinematics/share/moveit_kinematics/launch
[51.844s] -- Installing: /home/d-lab/workspace/ros_ur_driver/src/install/moveit_kinematics/share/moveit_kinematics/launch/measure_ik_call_cost.launch
[51.844s] -- Installing: /home/d-lab/workspace/ros_ur_driver/src/install/moveit_kinematics/lib/moveit_kinematics/auto_create_ikfast_moveit_plugin.sh
[51.845s] -- Installing: /home/d-lab/workspace/ros_ur_driver/src/install/moveit_kinematics/lib/moveit_kinematics/create_ikfast_moveit_plugin.py
[51.845s] -- Installing: /home/d-lab/workspace/ros_ur_driver/src/install/moveit_kinematics/lib/moveit_kinematics/round_collada_numbers.py
[51.846s] -- Installing: /home/d-lab/workspace/ros_ur_driver/src/install/moveit_kinematics/share/moveit_kinematics/ikfast_kinematics_plugin/templates
[51.846s] -- Installing: /home/d-lab/workspace/ros_ur_driver/src/install/moveit_kinematics/share/moveit_kinematics/ikfast_kinematics_plugin/templates/ikfast.h
[51.846s] -- Installing: /home/d-lab/workspace/ros_ur_driver/src/install/moveit_kinematics/share/moveit_kinematics/ikfast_kinematics_plugin/templates/ikfast61_moveit_plugin_template.cpp
[51.846s] -- Installing: /home/d-lab/workspace/ros_ur_driver/src/install/moveit_kinematics/share/moveit_kinematics/ikfast_kinematics_plugin/templates/CMakeLists.txt
[51.847s] -- Up-to-date: /home/d-lab/workspace/ros_ur_driver/src/install/moveit_kinematics/include
[51.847s] -- Up-to-date: /home/d-lab/workspace/ros_ur_driver/src/install/moveit_kinematics/include/moveit
[51.847s] -- Installing: /home/d-lab/workspace/ros_ur_driver/src/install/moveit_kinematics/include/moveit/kdl_kinematics_plugin
[51.847s] -- Installing: /home/d-lab/workspace/ros_ur_driver/src/install/moveit_kinematics/include/moveit/kdl_kinematics_plugin/chainiksolver_vel_mimic_svd.hpp
[51.847s] -- Installing: /home/d-lab/workspace/ros_ur_driver/src/install/moveit_kinematics/include/moveit/kdl_kinematics_plugin/joint_mimic.hpp
[51.847s] -- Installing: /home/d-lab/workspace/ros_ur_driver/src/install/moveit_kinematics/include/moveit/kdl_kinematics_plugin/kdl_kinematics_plugin.h
[51.847s] -- Up-to-date: /home/d-lab/workspace/ros_ur_driver/src/install/moveit_kinematics/include
[51.847s] -- Up-to-date: /home/d-lab/workspace/ros_ur_driver/src/install/moveit_kinematics/include/moveit
[51.847s] -- Installing: /home/d-lab/workspace/ros_ur_driver/src/install/moveit_kinematics/include/moveit/lma_kinematics_plugin
[51.847s] -- Installing: /home/d-lab/workspace/ros_ur_driver/src/install/moveit_kinematics/include/moveit/lma_kinematics_plugin/lma_kinematics_plugin.h
[51.847s] -- Up-to-date: /home/d-lab/workspace/ros_ur_driver/src/install/moveit_kinematics/include
[51.848s] -- Up-to-date: /home/d-lab/workspace/ros_ur_driver/src/install/moveit_kinematics/include/moveit
[51.848s] -- Installing: /home/d-lab/workspace/ros_ur_driver/src/install/moveit_kinematics/include/moveit/srv_kinematics_plugin
[51.848s] -- Installing: /home/d-lab/workspace/ros_ur_driver/src/install/moveit_kinematics/include/moveit/srv_kinematics_plugin/srv_kinematics_plugin.h
[51.848s] -- Installing: /home/d-lab/workspace/ros_ur_driver/src/install/moveit_kinematics/share/moveit_kinematics/config
[51.848s] -- Installing: /home/d-lab/workspace/ros_ur_driver/src/install/moveit_kinematics/share/moveit_kinematics/config/panda-lma-test.yaml
[51.848s] -- Installing: /home/d-lab/workspace/ros_ur_driver/src/install/moveit_kinematics/share/moveit_kinematics/config/panda-kdl-singular-test.yaml
[51.848s] -- Installing: /home/d-lab/workspace/ros_ur_driver/src/install/moveit_kinematics/share/moveit_kinematics/config/panda-kdl-test.yaml
[51.848s] -- Installing: /home/d-lab/workspace/ros_ur_driver/src/install/moveit_kinematics/share/moveit_kinematics/config/fanuc-kdl-test.yaml
[51.848s] -- Installing: /home/d-lab/workspace/ros_ur_driver/src/install/moveit_kinematics/share/moveit_kinematics/config/panda-lma-singular-test.yaml
[51.848s] -- Installing: /home/d-lab/workspace/ros_ur_driver/src/install/moveit_kinematics/share/moveit_kinematics/config/fanuc-lma-singular-test.yaml
[51.848s] -- Installing: /home/d-lab/workspace/ros_ur_driver/src/install/moveit_kinematics/share/moveit_kinematics/config/fanuc-lma-test.yaml
[51.848s] -- Installing: /home/d-lab/workspace/ros_ur_driver/src/install/moveit_kinematics/share/moveit_kinematics/config/fanuc-kdl-singular-test.yaml
[51.848s] -- Up-to-date: /home/d-lab/workspace/ros_ur_driver/src/install/moveit_kinematics/share/moveit_kinematics/launch
[51.848s] -- Installing: /home/d-lab/workspace/ros_ur_driver/src/install/moveit_kinematics/share/moveit_kinematics/launch/panda-kdl-singular.test.py
[51.849s] -- Installing: /home/d-lab/workspace/ros_ur_driver/src/install/moveit_kinematics/share/moveit_kinematics/launch/panda-lma-singular.test.py
[51.849s] -- Installing: /home/d-lab/workspace/ros_ur_driver/src/install/moveit_kinematics/share/moveit_kinematics/launch/panda-lma.test.py
[51.849s] -- Installing: /home/d-lab/workspace/ros_ur_driver/src/install/moveit_kinematics/share/moveit_kinematics/launch/fanuc-kdl-singular.test.py
[51.849s] -- Installing: /home/d-lab/workspace/ros_ur_driver/src/install/moveit_kinematics/share/moveit_kinematics/launch/fanuc-kdl.test.py
[51.849s] -- Installing: /home/d-lab/workspace/ros_ur_driver/src/install/moveit_kinematics/share/moveit_kinematics/launch/panda-kdl.test.py
[51.849s] -- Installing: /home/d-lab/workspace/ros_ur_driver/src/install/moveit_kinematics/share/moveit_kinematics/launch/fanuc-lma.test.py
[51.849s] -- Installing: /home/d-lab/workspace/ros_ur_driver/src/install/moveit_kinematics/share/moveit_kinematics/launch/fanuc-lma-singular.test.py
[51.850s] -- Installing: /home/d-lab/workspace/ros_ur_driver/src/install/moveit_kinematics/bin/benchmark_ik
[51.850s] -- Set runtime path of "/home/d-lab/workspace/ros_ur_driver/src/install/moveit_kinematics/bin/benchmark_ik" to ""
[51.850s] -- Installing: /home/d-lab/workspace/ros_ur_driver/src/install/moveit_kinematics/lib/moveit_kinematics/test_kinematics_plugin
[51.851s] -- Set runtime path of "/home/d-lab/workspace/ros_ur_driver/src/install/moveit_kinematics/lib/moveit_kinematics/test_kinematics_plugin" to ""
[51.854s] Invoked command in '/home/d-lab/workspace/ros_ur_driver/src/build/moveit_kinematics' returned '0': AMENT_PREFIX_PATH=/home/d-lab/workspace/ros_ur_driver/src/install/moveit_ros_planning:/home/d-lab/workspace/ros_ur_driver/src/install/moveit_ros_occupancy_map_monitor:/home/d-lab/workspace/ros_ur_driver/src/install/moveit_core:/home/d-lab/workspace/ros_ur_driver/src/install/srdfdom:/home/d-lab/workspace/ros_ur_driver/src/install/moveit_common:${AMENT_PREFIX_PATH} CMAKE_PREFIX_PATH=/home/d-lab/workspace/ros_ur_driver/src/install/moveit_ros_planning:/home/d-lab/workspace/ros_ur_driver/src/install/moveit_ros_occupancy_map_monitor:/home/d-lab/workspace/ros_ur_driver/src/install/moveit_core:/home/d-lab/workspace/ros_ur_driver/src/install/srdfdom:/home/d-lab/workspace/ros_ur_driver/src/install/moveit_common:/home/d-lab/workspace/ros_ur_driver/install/run_ompl_constrained_planning:/home/d-lab/workspace/ros_ur_driver/install/run_moveit_cpp:/home/d-lab/workspace/ros_ur_driver/install/run_move_group:/home/d-lab/workspace/ros_ur_driver/install/warehouse_ros_mongo:/home/d-lab/workspace/ros_ur_driver/install/ros2_controllers:/home/d-lab/workspace/ros_ur_driver/install/velocity_controllers:/home/d-lab/workspace/ros_ur_driver/install/ur_robot_driver:/home/d-lab/workspace/ros_ur_driver/install/ur_controllers:/home/d-lab/workspace/ros_ur_driver/install/ur_msgs:/home/d-lab/workspace/ros_ur_driver/install/ur_moveit_config:/home/d-lab/workspace/ros_ur_driver/install/ur_description:/home/d-lab/workspace/ros_ur_driver/install/ur_dashboard_msgs:/home/d-lab/workspace/ros_ur_driver/install/ur_client_library:/home/d-lab/workspace/ros_ur_driver/install/ur_bringup:/home/d-lab/workspace/ros_ur_driver/install/transmission_interface:/home/d-lab/workspace/ros_ur_driver/install/moveit_runtime:/home/d-lab/workspace/ros_ur_driver/install/moveit:/home/d-lab/workspace/ros_ur_driver/install/moveit_plugins:/home/d-lab/workspace/ros_ur_driver/install/moveit_simple_controller_manager:/home/d-lab/workspace/ros_ur_driver/install/moveit_servo:/home/d-lab/workspace/ros_ur_driver/install/moveit_ros:/home/d-lab/workspace/ros_ur_driver/install/moveit_ros_visualization:/home/d-lab/workspace/ros_ur_driver/install/moveit_ros_planning_interface:/home/d-lab/workspace/ros_ur_driver/install/moveit_ros_benchmarks:/home/d-lab/workspace/ros_ur_driver/install/moveit_ros_warehouse:/home/d-lab/workspace/ros_ur_driver/install/moveit_ros_robot_interaction:/home/d-lab/workspace/ros_ur_driver/install/moveit_ros_perception:/home/d-lab/workspace/ros_ur_driver/install/moveit_ros_move_group:/home/d-lab/workspace/ros_ur_driver/install/moveit_planners:/home/d-lab/workspace/ros_ur_driver/install/moveit_planners_ompl:/home/d-lab/workspace/ros_ur_driver/install/moveit_ros_planning:/home/d-lab/workspace/ros_ur_driver/install/moveit_ros_occupancy_map_monitor:/home/d-lab/workspace/ros_ur_driver/install/moveit_planners_chomp:/home/d-lab/workspace/ros_ur_driver/install/moveit_kinematics:/home/d-lab/workspace/ros_ur_driver/install/moveit_chomp_optimizer_adapter:/home/d-lab/workspace/ros_ur_driver/install/chomp_motion_planner:/home/d-lab/workspace/ros_ur_driver/install/moveit_core:/home/d-lab/workspace/ros_ur_driver/install/srdfdom:/home/d-lab/workspace/ros_ur_driver/install/ros2_control_demos:/home/d-lab/workspace/ros_ur_driver/install/ros2_control_demo_bringup:/home/d-lab/workspace/ros_ur_driver/install/rrbot_description:/home/d-lab/workspace/ros_ur_driver/install/ros2_control:/home/d-lab/workspace/ros_ur_driver/install/controller_manager:/home/d-lab/workspace/ros_ur_driver/install/ros2_control_test_assets:/home/d-lab/workspace/ros_ur_driver/install/ros2_control_demo_hardware:/home/d-lab/workspace/ros_ur_driver/install/position_controllers:/home/d-lab/workspace/ros_ur_driver/install/moveit_common:/home/d-lab/workspace/ros_ur_driver/install/joint_trajectory_controller:/home/d-lab/workspace/ros_ur_driver/install/joint_state_controller:/home/d-lab/workspace/ros_ur_driver/install/joint_state_broadcaster:/home/d-lab/workspace/ros_ur_driver/install/imu_sensor_broadcaster:/home/d-lab/workspace/ros_ur_driver/install/gripper_controllers:/home/d-lab/workspace/ros_ur_driver/install/effort_controllers:/home/d-lab/workspace/ros_ur_driver/install/forward_command_controller:/home/d-lab/workspace/ros_ur_driver/install/force_torque_sensor_broadcaster:/home/d-lab/workspace/ros_ur_driver/install/diff_drive_controller:/home/d-lab/workspace/ros_ur_driver/install/controller_interface:/home/d-lab/workspace/ros_ur_driver/install/hardware_interface:/home/d-lab/workspace/ros_ur_driver/install/diffbot_description:/home/d-lab/workspace/ros_ur_driver/install/controller_manager_msgs:/home/d-lab/workspace/ros_ur_driver/install/control_msgs:/home/d-lab/workspace/ros_ur_driver/install/ros2controlcli:/home/d-lab/workspace/ros_ur_driver/install/ros2_control_test_nodes:/opt/ros/foxy LD_LIBRARY_PATH=/home/d-lab/workspace/ros_ur_driver/src/install/moveit_ros_planning/lib:/home/d-lab/workspace/ros_ur_driver/src/install/moveit_ros_occupancy_map_monitor/lib:/home/d-lab/workspace/ros_ur_driver/src/install/moveit_core/lib:/home/d-lab/workspace/ros_ur_driver/src/install/srdfdom/lib:${LD_LIBRARY_PATH} PATH=/home/d-lab/workspace/ros_ur_driver/src/install/moveit_core/bin:${PATH} PYTHONPATH=/home/d-lab/workspace/ros_ur_driver/src/install/srdfdom/lib/python3.8/site-packages:${PYTHONPATH} /usr/bin/cmake --install /home/d-lab/workspace/ros_ur_driver/src/build/moveit_kinematics
