[0.226s] Invoking command in '/home/d-lab/workspace/ros_ur_driver/build/ur_moveit_config': CMAKE_PREFIX_PATH=${CMAKE_PREFIX_PATH}:/home/d-lab/workspace/ros_ur_driver/install/ros2controlcli:/home/d-lab/workspace/ros_ur_driver/install/ros2_control_test_nodes:/opt/ros/foxy /usr/bin/cmake /home/d-lab/workspace/ros_ur_driver/src/Universal_Robots_ROS2_Driver/ur_moveit_config -DCMAKE_BUILD_TYPE=Release -DCMAKE_INSTALL_PREFIX=/home/d-lab/workspace/ros_ur_driver/install/ur_moveit_config
[0.260s] -- Found ament_cmake: 0.9.9 (/opt/ros/foxy/share/ament_cmake/cmake)
[0.260s] -- Using PYTHON_EXECUTABLE: /usr/bin/python3
[0.583s] -- Configuring done
[0.585s] -- Generating done
[0.586s] -- Build files have been written to: /home/d-lab/workspace/ros_ur_driver/build/ur_moveit_config
[0.606s] Invoked command in '/home/d-lab/workspace/ros_ur_driver/build/ur_moveit_config' returned '0': CMAKE_PREFIX_PATH=${CMAKE_PREFIX_PATH}:/home/d-lab/workspace/ros_ur_driver/install/ros2controlcli:/home/d-lab/workspace/ros_ur_driver/install/ros2_control_test_nodes:/opt/ros/foxy /usr/bin/cmake /home/d-lab/workspace/ros_ur_driver/src/Universal_Robots_ROS2_Driver/ur_moveit_config -DCMAKE_BUILD_TYPE=Release -DCMAKE_INSTALL_PREFIX=/home/d-lab/workspace/ros_ur_driver/install/ur_moveit_config
[0.609s] Invoking command in '/home/d-lab/workspace/ros_ur_driver/build/ur_moveit_config': CMAKE_PREFIX_PATH=${CMAKE_PREFIX_PATH}:/home/d-lab/workspace/ros_ur_driver/install/ros2controlcli:/home/d-lab/workspace/ros_ur_driver/install/ros2_control_test_nodes:/opt/ros/foxy /usr/bin/cmake --build /home/d-lab/workspace/ros_ur_driver/build/ur_moveit_config -- -j16 -l16
[0.957s] Invoked command in '/home/d-lab/workspace/ros_ur_driver/build/ur_moveit_config' returned '0': CMAKE_PREFIX_PATH=${CMAKE_PREFIX_PATH}:/home/d-lab/workspace/ros_ur_driver/install/ros2controlcli:/home/d-lab/workspace/ros_ur_driver/install/ros2_control_test_nodes:/opt/ros/foxy /usr/bin/cmake --build /home/d-lab/workspace/ros_ur_driver/build/ur_moveit_config -- -j16 -l16
[1.167s] Invoking command in '/home/d-lab/workspace/ros_ur_driver/build/ur_moveit_config': CMAKE_PREFIX_PATH=${CMAKE_PREFIX_PATH}:/home/d-lab/workspace/ros_ur_driver/install/ros2controlcli:/home/d-lab/workspace/ros_ur_driver/install/ros2_control_test_nodes:/opt/ros/foxy /usr/bin/cmake --install /home/d-lab/workspace/ros_ur_driver/build/ur_moveit_config
[1.244s] -- Install configuration: "Release"
[1.244s] -- Up-to-date: /home/d-lab/workspace/ros_ur_driver/install/ur_moveit_config/share/ur_moveit_config/config
[1.244s] -- Up-to-date: /home/d-lab/workspace/ros_ur_driver/install/ur_moveit_config/share/ur_moveit_config/config/ompl_planning.yaml
[1.245s] -- Up-to-date: /home/d-lab/workspace/ros_ur_driver/install/ur_moveit_config/share/ur_moveit_config/config/controllers.yaml
[1.245s] -- Up-to-date: /home/d-lab/workspace/ros_ur_driver/install/ur_moveit_config/share/ur_moveit_config/config/kinematics.yaml
[1.245s] -- Up-to-date: /home/d-lab/workspace/ros_ur_driver/install/ur_moveit_config/share/ur_moveit_config/launch
[1.245s] -- Installing: /home/d-lab/workspace/ros_ur_driver/install/ur_moveit_config/share/ur_moveit_config/launch/ur_moveit.launch.py
[1.246s] -- Up-to-date: /home/d-lab/workspace/ros_ur_driver/install/ur_moveit_config/share/ur_moveit_config/rviz
[1.246s] -- Up-to-date: /home/d-lab/workspace/ros_ur_driver/install/ur_moveit_config/share/ur_moveit_config/rviz/view_robot.rviz
[1.247s] -- Up-to-date: /home/d-lab/workspace/ros_ur_driver/install/ur_moveit_config/share/ur_moveit_config/srdf
[1.247s] -- Up-to-date: /home/d-lab/workspace/ros_ur_driver/install/ur_moveit_config/share/ur_moveit_config/srdf/ur_macro.srdf.xacro
[1.247s] -- Up-to-date: /home/d-lab/workspace/ros_ur_driver/install/ur_moveit_config/share/ur_moveit_config/srdf/ur.srdf.xacro
[1.247s] -- Up-to-date: /home/d-lab/workspace/ros_ur_driver/install/ur_moveit_config/share/ament_index/resource_index/package_run_dependencies/ur_moveit_config
[1.247s] -- Up-to-date: /home/d-lab/workspace/ros_ur_driver/install/ur_moveit_config/share/ament_index/resource_index/parent_prefix_path/ur_moveit_config
[1.248s] -- Up-to-date: /home/d-lab/workspace/ros_ur_driver/install/ur_moveit_config/share/ur_moveit_config/environment/ament_prefix_path.sh
[1.250s] -- Installing: /home/d-lab/workspace/ros_ur_driver/install/ur_moveit_config/share/ur_moveit_config/environment/ament_prefix_path.dsv
[1.250s] -- Up-to-date: /home/d-lab/workspace/ros_ur_driver/install/ur_moveit_config/share/ur_moveit_config/environment/path.sh
[1.250s] -- Installing: /home/d-lab/workspace/ros_ur_driver/install/ur_moveit_config/share/ur_moveit_config/environment/path.dsv
[1.250s] -- Up-to-date: /home/d-lab/workspace/ros_ur_driver/install/ur_moveit_config/share/ur_moveit_config/local_setup.bash
[1.250s] -- Up-to-date: /home/d-lab/workspace/ros_ur_driver/install/ur_moveit_config/share/ur_moveit_config/local_setup.sh
[1.250s] -- Up-to-date: /home/d-lab/workspace/ros_ur_driver/install/ur_moveit_config/share/ur_moveit_config/local_setup.zsh
[1.251s] -- Installing: /home/d-lab/workspace/ros_ur_driver/install/ur_moveit_config/share/ur_moveit_config/local_setup.dsv
[1.251s] -- Installing: /home/d-lab/workspace/ros_ur_driver/install/ur_moveit_config/share/ur_moveit_config/package.dsv
[1.251s] -- Up-to-date: /home/d-lab/workspace/ros_ur_driver/install/ur_moveit_config/share/ament_index/resource_index/packages/ur_moveit_config
[1.251s] -- Up-to-date: /home/d-lab/workspace/ros_ur_driver/install/ur_moveit_config/share/ur_moveit_config/cmake/ur_moveit_configConfig.cmake
[1.251s] -- Up-to-date: /home/d-lab/workspace/ros_ur_driver/install/ur_moveit_config/share/ur_moveit_config/cmake/ur_moveit_configConfig-version.cmake
[1.251s] -- Up-to-date: /home/d-lab/workspace/ros_ur_driver/install/ur_moveit_config/share/ur_moveit_config/package.xml
[1.364s] Invoked command in '/home/d-lab/workspace/ros_ur_driver/build/ur_moveit_config' returned '0': CMAKE_PREFIX_PATH=${CMAKE_PREFIX_PATH}:/home/d-lab/workspace/ros_ur_driver/install/ros2controlcli:/home/d-lab/workspace/ros_ur_driver/install/ros2_control_test_nodes:/opt/ros/foxy /usr/bin/cmake --install /home/d-lab/workspace/ros_ur_driver/build/ur_moveit_config
