[0.232s] Invoking command in '/home/d-lab/workspace/ros_ur_driver/build/move_arm': CMAKE_PREFIX_PATH=${CMAKE_PREFIX_PATH}:/home/d-lab/workspace/ros_ur_driver/install/utils:/home/d-lab/workspace/ros_ur_driver/install/ros2controlcli:/home/d-lab/workspace/ros_ur_driver/install/ros2_control_test_nodes:/home/d-lab/workspace/ros_ur_driver/install/robotiq_control:/home/d-lab/workspace/ros_ur_driver/install/gripper_control:/opt/ros/foxy /usr/bin/cmake /home/d-lab/workspace/ros_ur_driver/src/move_arm -DCMAKE_INSTALL_PREFIX=/home/d-lab/workspace/ros_ur_driver/install/move_arm
[0.423s] -- The C compiler identification is GNU 9.4.0
[0.423s] -- The CXX compiler identification is GNU 9.4.0
[0.423s] -- Check for working C compiler: /usr/bin/cc
[0.423s] -- Check for working C compiler: /usr/bin/cc -- works
[0.423s] -- Detecting C compiler ABI info
[0.466s] -- Detecting C compiler ABI info - done
[0.475s] -- Detecting C compile features
[0.475s] -- Detecting C compile features - done
[0.476s] -- Check for working CXX compiler: /usr/bin/c++
[0.536s] -- Check for working CXX compiler: /usr/bin/c++ -- works
[0.536s] -- Detecting CXX compiler ABI info
[0.608s] -- Detecting CXX compiler ABI info - done
[0.630s] -- Detecting CXX compile features
[0.630s] -- Detecting CXX compile features - done
[0.636s] -- Found ament_cmake: 0.9.9 (/opt/ros/foxy/share/ament_cmake/cmake)
[0.705s] -- Found PythonInterp: /usr/bin/python3 (found suitable version "3.8.10", minimum required is "3") 
[0.706s] -- Using PYTHON_EXECUTABLE: /usr/bin/python3
[0.879s] -- Found ament_lint_auto: 0.9.6 (/opt/ros/foxy/share/ament_lint_auto/cmake)
[0.975s] -- Added test 'copyright' to check source files copyright and LICENSE
[0.977s] -- Added test 'cppcheck' to perform static code analysis on C / C++ code
[0.977s] -- Configured cppcheck include dirs: 
[0.977s] -- Configured cppcheck exclude dirs and/or files: 
[0.979s] -- Added test 'cpplint' to check C / C++ code against the Google style
[0.979s] -- Configured cpplint exclude dirs and/or files: 
[0.980s] -- Added test 'lint_cmake' to check CMake code style
[0.982s] -- Added test 'uncrustify' to check C / C++ code style
[0.982s] -- Configured uncrustify additional arguments: 
[0.983s] -- Added test 'xmllint' to check XML markup files
[0.986s] -- Configuring done
[0.992s] -- Generating done
[0.993s] -- Build files have been written to: /home/d-lab/workspace/ros_ur_driver/build/move_arm
[0.999s] Invoked command in '/home/d-lab/workspace/ros_ur_driver/build/move_arm' returned '0': CMAKE_PREFIX_PATH=${CMAKE_PREFIX_PATH}:/home/d-lab/workspace/ros_ur_driver/install/utils:/home/d-lab/workspace/ros_ur_driver/install/ros2controlcli:/home/d-lab/workspace/ros_ur_driver/install/ros2_control_test_nodes:/home/d-lab/workspace/ros_ur_driver/install/robotiq_control:/home/d-lab/workspace/ros_ur_driver/install/gripper_control:/opt/ros/foxy /usr/bin/cmake /home/d-lab/workspace/ros_ur_driver/src/move_arm -DCMAKE_INSTALL_PREFIX=/home/d-lab/workspace/ros_ur_driver/install/move_arm
[1.001s] Invoking command in '/home/d-lab/workspace/ros_ur_driver/build/move_arm': CMAKE_PREFIX_PATH=${CMAKE_PREFIX_PATH}:/home/d-lab/workspace/ros_ur_driver/install/utils:/home/d-lab/workspace/ros_ur_driver/install/ros2controlcli:/home/d-lab/workspace/ros_ur_driver/install/ros2_control_test_nodes:/home/d-lab/workspace/ros_ur_driver/install/robotiq_control:/home/d-lab/workspace/ros_ur_driver/install/gripper_control:/opt/ros/foxy /usr/bin/cmake --build /home/d-lab/workspace/ros_ur_driver/build/move_arm -- -j16 -l16
[1.046s] Invoked command in '/home/d-lab/workspace/ros_ur_driver/build/move_arm' returned '0': CMAKE_PREFIX_PATH=${CMAKE_PREFIX_PATH}:/home/d-lab/workspace/ros_ur_driver/install/utils:/home/d-lab/workspace/ros_ur_driver/install/ros2controlcli:/home/d-lab/workspace/ros_ur_driver/install/ros2_control_test_nodes:/home/d-lab/workspace/ros_ur_driver/install/robotiq_control:/home/d-lab/workspace/ros_ur_driver/install/gripper_control:/opt/ros/foxy /usr/bin/cmake --build /home/d-lab/workspace/ros_ur_driver/build/move_arm -- -j16 -l16
[1.075s] Invoking command in '/home/d-lab/workspace/ros_ur_driver/build/move_arm': CMAKE_PREFIX_PATH=${CMAKE_PREFIX_PATH}:/home/d-lab/workspace/ros_ur_driver/install/utils:/home/d-lab/workspace/ros_ur_driver/install/ros2controlcli:/home/d-lab/workspace/ros_ur_driver/install/ros2_control_test_nodes:/home/d-lab/workspace/ros_ur_driver/install/robotiq_control:/home/d-lab/workspace/ros_ur_driver/install/gripper_control:/opt/ros/foxy /usr/bin/cmake --install /home/d-lab/workspace/ros_ur_driver/build/move_arm
[1.099s] -- Install configuration: ""
[1.101s] -- Installing: /home/d-lab/workspace/ros_ur_driver/install/move_arm/share/ament_index/resource_index/package_run_dependencies/move_arm
[1.101s] -- Installing: /home/d-lab/workspace/ros_ur_driver/install/move_arm/share/ament_index/resource_index/parent_prefix_path/move_arm
[1.107s] -- Installing: /home/d-lab/workspace/ros_ur_driver/install/move_arm/share/move_arm/environment/ament_prefix_path.sh
[1.108s] -- Installing: /home/d-lab/workspace/ros_ur_driver/install/move_arm/share/move_arm/environment/ament_prefix_path.dsv
[1.109s] -- Installing: /home/d-lab/workspace/ros_ur_driver/install/move_arm/share/move_arm/environment/path.sh
[1.109s] -- Installing: /home/d-lab/workspace/ros_ur_driver/install/move_arm/share/move_arm/environment/path.dsv
[1.109s] -- Installing: /home/d-lab/workspace/ros_ur_driver/install/move_arm/share/move_arm/local_setup.bash
[1.109s] -- Installing: /home/d-lab/workspace/ros_ur_driver/install/move_arm/share/move_arm/local_setup.sh
[1.109s] -- Installing: /home/d-lab/workspace/ros_ur_driver/install/move_arm/share/move_arm/local_setup.zsh
[1.109s] -- Installing: /home/d-lab/workspace/ros_ur_driver/install/move_arm/share/move_arm/local_setup.dsv
[1.109s] -- Installing: /home/d-lab/workspace/ros_ur_driver/install/move_arm/share/move_arm/package.dsv
[1.110s] -- Installing: /home/d-lab/workspace/ros_ur_driver/install/move_arm/share/ament_index/resource_index/packages/move_arm
[1.110s] -- Installing: /home/d-lab/workspace/ros_ur_driver/install/move_arm/share/move_arm/cmake/move_armConfig.cmake
[1.110s] -- Installing: /home/d-lab/workspace/ros_ur_driver/install/move_arm/share/move_arm/cmake/move_armConfig-version.cmake
[1.111s] -- Installing: /home/d-lab/workspace/ros_ur_driver/install/move_arm/share/move_arm/package.xml
[1.125s] Invoked command in '/home/d-lab/workspace/ros_ur_driver/build/move_arm' returned '0': CMAKE_PREFIX_PATH=${CMAKE_PREFIX_PATH}:/home/d-lab/workspace/ros_ur_driver/install/utils:/home/d-lab/workspace/ros_ur_driver/install/ros2controlcli:/home/d-lab/workspace/ros_ur_driver/install/ros2_control_test_nodes:/home/d-lab/workspace/ros_ur_driver/install/robotiq_control:/home/d-lab/workspace/ros_ur_driver/install/gripper_control:/opt/ros/foxy /usr/bin/cmake --install /home/d-lab/workspace/ros_ur_driver/build/move_arm
