[0.139s] Invoking command in '/home/d-lab/workspace/ros_ur_driver/build/ur_client_library': /usr/bin/cmake /home/d-lab/workspace/ros_ur_driver/src/Universal_Robots_Client_Library -DCMAKE_BUILD_TYPE=Release -DCMAKE_INSTALL_PREFIX=/home/d-lab/workspace/ros_ur_driver/install/ur_client_library
[0.185s] -- The C compiler identification is GNU 9.4.0
[0.237s] -- The CXX compiler identification is GNU 9.4.0
[0.241s] -- Check for working C compiler: /usr/bin/cc
[0.286s] -- Check for working C compiler: /usr/bin/cc -- works
[0.286s] -- Detecting C compiler ABI info
[0.331s] -- Detecting C compiler ABI info - done
[0.341s] -- Detecting C compile features
[0.341s] -- Detecting C compile features - done
[0.344s] -- Check for working CXX compiler: /usr/bin/c++
[0.402s] -- Check for working CXX compiler: /usr/bin/c++ -- works
[0.402s] -- Detecting CXX compiler ABI info
[0.449s] -- Detecting CXX compiler ABI info - done
[0.459s] -- Detecting CXX compile features
[0.460s] -- Detecting CXX compile features - done
[0.460s] -- Performing C++17 Test
[0.463s] -- Performing Test COMPILER_SUPPORTS_CXX17
[0.524s] -- Performing Test COMPILER_SUPPORTS_CXX17 - Success
[0.525s] -- Looking for pthread.h
[0.575s] -- Looking for pthread.h - found
[0.576s] -- Performing Test CMAKE_HAVE_LIBC_PTHREAD
[0.638s] -- Performing Test CMAKE_HAVE_LIBC_PTHREAD - Failed
[0.638s] -- Looking for pthread_create in pthreads
[0.710s] -- Looking for pthread_create in pthreads - not found
[0.710s] -- Looking for pthread_create in pthread
[0.784s] -- Looking for pthread_create in pthread - found
[0.785s] -- Found Threads: TRUE  
[0.785s] -- Building tests disabled.
[0.792s] -- Configuring done
[0.802s] -- Generating done
[0.803s] -- Build files have been written to: /home/d-lab/workspace/ros_ur_driver/build/ur_client_library
