-- Found moveit_common: 2.2.3 (/home/d-lab/workspace/ros_ur_driver/install/moveit_common/share/moveit_common/cmake)
-- Found ament_cmake: 0.9.9 (/opt/ros/foxy/share/ament_cmake/cmake)
-- Using PYTHON_EXECUTABLE: /usr/bin/python3
-- Found moveit_msgs: 2.1.0 (/opt/ros/foxy/share/moveit_msgs/cmake)
-- Using all available rosidl_typesupport_c: rosidl_typesupport_fastrtps_c;rosidl_typesupport_introspection_c
-- Found rosidl_adapter: 1.2.1 (/opt/ros/foxy/share/rosidl_adapter/cmake)
-- Using all available rosidl_typesupport_cpp: rosidl_typesupport_fastrtps_cpp;rosidl_typesupport_introspection_cpp
-- Found pluginlib: 2.5.4 (/opt/ros/foxy/share/pluginlib/cmake)
-- Found rclcpp: 2.4.1 (/opt/ros/foxy/share/rclcpp/cmake)
-- Found rmw_implementation_cmake: 1.0.3 (/opt/ros/foxy/share/rmw_implementation_cmake/cmake)
-- Using RMW implementation 'rmw_fastrtps_cpp' as default
-- Found message_filters: 3.2.5 (/opt/ros/foxy/share/message_filters/cmake)
-- Found srdfdom: 2.0.4 (/home/d-lab/workspace/ros_ur_driver/install/srdfdom/share/srdfdom/cmake)
-- Found tf2: 0.13.13 (/opt/ros/foxy/share/tf2/cmake)
-- Found tf2_geometry_msgs: 0.13.13 (/opt/ros/foxy/share/tf2_geometry_msgs/cmake)
-- Found eigen3_cmake_module: 0.2.0 (/home/d-lab/workspace/ros_ur_driver/install/eigen3_cmake_module/share/eigen3_cmake_module/cmake)
-- Found tf2_eigen: 0.13.13 (/opt/ros/foxy/share/tf2_eigen/cmake)
-- Found moveit_core: 2.2.3 (/home/d-lab/workspace/ros_ur_driver/install/moveit_core/share/moveit_core/cmake)
-- Found Boost: /usr/lib/x86_64-linux-gnu/cmake/Boost-1.71.0/BoostConfig.cmake (found version "1.71.0") found components: chrono date_time filesystem iostreams program_options regex serialization system thread 
-- Found Boost: /usr/lib/x86_64-linux-gnu/cmake/Boost-1.71.0/BoostConfig.cmake (found version "1.71.0") found components: filesystem 
-- library: /usr/lib/x86_64-linux-gnu/libcurl.so
-- Found moveit_ros_occupancy_map_monitor: 2.2.3 (/home/d-lab/workspace/ros_ur_driver/install/moveit_ros_occupancy_map_monitor/share/moveit_ros_occupancy_map_monitor/cmake)
-- Found Boost: /usr/lib/x86_64-linux-gnu/cmake/Boost-1.71.0/BoostConfig.cmake (found version "1.71.0") found components: thread 
-- Found Boost: /usr/lib/x86_64-linux-gnu/cmake/Boost-1.71.0/BoostConfig.cmake (found version "1.71.0") found components: system filesystem date_time program_options thread chrono 
-- Found ament_cmake_gtest: 0.9.9 (/opt/ros/foxy/share/ament_cmake_gtest/cmake)
-- Found ament_cmake_gmock: 0.9.9 (/opt/ros/foxy/share/ament_cmake_gmock/cmake)
-- Found gmock sources under '/opt/ros/foxy/src/gmock_vendor': C++ tests using 'Google Mock' will be built
-- Found gtest sources under '/opt/ros/foxy/src/gtest_vendor': C++ tests using 'Google Test' will be built
-- Found ament_lint_auto: 0.9.6 (/opt/ros/foxy/share/ament_lint_auto/cmake)
-- Added test 'lint_cmake' to check CMake code style
-- Added test 'xmllint' to check XML markup files
-- Configuring done
-- Generating done
-- Build files have been written to: /home/d-lab/workspace/ros_ur_driver/build/moveit_ros_planning
[  3%] Built target gmock_main
[  8%] Built target gmock
[  9%] [32m[1mLinking CXX shared library libmoveit_rdf_loader.so[0m
[ 11%] [32m[1mLinking CXX shared library libmoveit_collision_plugin_loader.so[0m
[ 12%] [32m[1mLinking CXX shared library libmoveit_planning_pipeline.so[0m
[ 14%] [32m[1mLinking CXX executable moveit_list_request_adapter_plugins[0m
[ 16%] [32m[1mLinking CXX shared library libmoveit_default_planning_request_adapter_plugins.so[0m
[ 17%] Built target moveit_rdf_loader
[ 19%] Built target moveit_list_request_adapter_plugins
[ 20%] Built target moveit_collision_plugin_loader
[ 22%] [32m[1mLinking CXX shared library libmoveit_kinematics_plugin_loader.so[0m
[ 24%] [32m[1mLinking CXX shared library libmoveit_constraint_sampler_manager_loader.so[0m
[ 25%] Built target moveit_planning_pipeline
[ 40%] Built target moveit_default_planning_request_adapter_plugins
[ 41%] Built target moveit_constraint_sampler_manager_loader
[ 43%] Built target moveit_kinematics_plugin_loader
[ 45%] [32m[1mLinking CXX shared library libmoveit_robot_model_loader.so[0m
[ 46%] Built target moveit_robot_model_loader
[ 50%] [32m[1mLinking CXX executable moveit_kinematics_speed_and_validity_evaluator[0m
[ 50%] [32m[1mLinking CXX executable moveit_print_planning_model_info[0m
[ 51%] [32m[1mLinking CXX executable moveit_evaluate_state_operations_speed[0m
[ 53%] [32m[1mLinking CXX shared library libmoveit_planning_scene_monitor.so[0m
[ 54%] Built target moveit_print_planning_model_info
[ 58%] Built target moveit_evaluate_state_operations_speed
[ 58%] Built target moveit_kinematics_speed_and_validity_evaluator
[ 64%] Built target moveit_planning_scene_monitor
[ 66%] [32m[1mLinking CXX executable current_state_monitor_tests[0m
[ 67%] [32m[1mLinking CXX shared library libmoveit_trajectory_execution_manager.so[0m
[ 69%] [32m[1mLinking CXX executable demo_scene[0m
[ 70%] [32m[1mLinking CXX executable moveit_print_planning_scene_info[0m
[ 72%] [32m[1mLinking CXX executable moveit_visualize_robot_collision_volume[0m
[ 74%] [32m[1mLinking CXX executable moveit_display_random_state[0m
[ 75%] [32m[1mLinking CXX executable moveit_publish_scene_from_text[0m
[ 77%] [32m[1mLinking CXX executable moveit_evaluate_collision_checking_speed[0m
[ 79%] Built target demo_scene
[ 80%] Built target moveit_trajectory_execution_manager
[ 83%] [32m[1mLinking CXX shared library libmoveit_cpp.so[0m
[ 83%] [32m[1mLinking CXX shared library libmoveit_plan_execution.so[0m
[ 85%] Built target moveit_print_planning_scene_info
[ 87%] Built target moveit_display_random_state
[ 88%] Built target moveit_publish_scene_from_text
[ 90%] Built target moveit_evaluate_collision_checking_speed
[ 91%] Built target moveit_visualize_robot_collision_volume
[ 93%] Built target current_state_monitor_tests
[ 96%] Built target moveit_cpp
[100%] Built target moveit_plan_execution
-- Install configuration: "Release"
-- Installing: /home/d-lab/workspace/ros_ur_driver/install/moveit_ros_planning/lib/libmoveit_rdf_loader.so.2.2.3
-- Set runtime path of "/home/d-lab/workspace/ros_ur_driver/install/moveit_ros_planning/lib/libmoveit_rdf_loader.so.2.2.3" to ""
-- Installing: /home/d-lab/workspace/ros_ur_driver/install/moveit_ros_planning/lib/libmoveit_rdf_loader.so
-- Installing: /home/d-lab/workspace/ros_ur_driver/install/moveit_ros_planning/lib/libmoveit_kinematics_plugin_loader.so.2.2.3
-- Set runtime path of "/home/d-lab/workspace/ros_ur_driver/install/moveit_ros_planning/lib/libmoveit_kinematics_plugin_loader.so.2.2.3" to ""
-- Installing: /home/d-lab/workspace/ros_ur_driver/install/moveit_ros_planning/lib/libmoveit_kinematics_plugin_loader.so
-- Installing: /home/d-lab/workspace/ros_ur_driver/install/moveit_ros_planning/lib/libmoveit_robot_model_loader.so.2.2.3
-- Set runtime path of "/home/d-lab/workspace/ros_ur_driver/install/moveit_ros_planning/lib/libmoveit_robot_model_loader.so.2.2.3" to ""
-- Installing: /home/d-lab/workspace/ros_ur_driver/install/moveit_ros_planning/lib/libmoveit_robot_model_loader.so
-- Installing: /home/d-lab/workspace/ros_ur_driver/install/moveit_ros_planning/lib/libmoveit_constraint_sampler_manager_loader.so.2.2.3
-- Set runtime path of "/home/d-lab/workspace/ros_ur_driver/install/moveit_ros_planning/lib/libmoveit_constraint_sampler_manager_loader.so.2.2.3" to ""
-- Installing: /home/d-lab/workspace/ros_ur_driver/install/moveit_ros_planning/lib/libmoveit_constraint_sampler_manager_loader.so
-- Installing: /home/d-lab/workspace/ros_ur_driver/install/moveit_ros_planning/lib/libmoveit_planning_pipeline.so.2.2.3
-- Set runtime path of "/home/d-lab/workspace/ros_ur_driver/install/moveit_ros_planning/lib/libmoveit_planning_pipeline.so.2.2.3" to ""
-- Installing: /home/d-lab/workspace/ros_ur_driver/install/moveit_ros_planning/lib/libmoveit_planning_pipeline.so
-- Installing: /home/d-lab/workspace/ros_ur_driver/install/moveit_ros_planning/lib/libmoveit_trajectory_execution_manager.so.2.2.3
-- Set runtime path of "/home/d-lab/workspace/ros_ur_driver/install/moveit_ros_planning/lib/libmoveit_trajectory_execution_manager.so.2.2.3" to ""
-- Installing: /home/d-lab/workspace/ros_ur_driver/install/moveit_ros_planning/lib/libmoveit_trajectory_execution_manager.so
-- Installing: /home/d-lab/workspace/ros_ur_driver/install/moveit_ros_planning/lib/libmoveit_plan_execution.so.2.2.3
-- Set runtime path of "/home/d-lab/workspace/ros_ur_driver/install/moveit_ros_planning/lib/libmoveit_plan_execution.so.2.2.3" to ""
-- Installing: /home/d-lab/workspace/ros_ur_driver/install/moveit_ros_planning/lib/libmoveit_plan_execution.so
-- Installing: /home/d-lab/workspace/ros_ur_driver/install/moveit_ros_planning/lib/libmoveit_planning_scene_monitor.so.2.2.3
-- Set runtime path of "/home/d-lab/workspace/ros_ur_driver/install/moveit_ros_planning/lib/libmoveit_planning_scene_monitor.so.2.2.3" to ""
-- Installing: /home/d-lab/workspace/ros_ur_driver/install/moveit_ros_planning/lib/libmoveit_planning_scene_monitor.so
-- Installing: /home/d-lab/workspace/ros_ur_driver/install/moveit_ros_planning/lib/libmoveit_collision_plugin_loader.so.2.2.3
-- Set runtime path of "/home/d-lab/workspace/ros_ur_driver/install/moveit_ros_planning/lib/libmoveit_collision_plugin_loader.so.2.2.3" to ""
-- Installing: /home/d-lab/workspace/ros_ur_driver/install/moveit_ros_planning/lib/libmoveit_collision_plugin_loader.so
-- Installing: /home/d-lab/workspace/ros_ur_driver/install/moveit_ros_planning/lib/libmoveit_default_planning_request_adapter_plugins.so.2.2.3
-- Set runtime path of "/home/d-lab/workspace/ros_ur_driver/install/moveit_ros_planning/lib/libmoveit_default_planning_request_adapter_plugins.so.2.2.3" to ""
-- Installing: /home/d-lab/workspace/ros_ur_driver/install/moveit_ros_planning/lib/libmoveit_default_planning_request_adapter_plugins.so
-- Installing: /home/d-lab/workspace/ros_ur_driver/install/moveit_ros_planning/lib/libmoveit_cpp.so.2.2.3
-- Set runtime path of "/home/d-lab/workspace/ros_ur_driver/install/moveit_ros_planning/lib/libmoveit_cpp.so.2.2.3" to ""
-- Installing: /home/d-lab/workspace/ros_ur_driver/install/moveit_ros_planning/lib/libmoveit_cpp.so
-- Installing: /home/d-lab/workspace/ros_ur_driver/install/moveit_ros_planning/share/moveit_ros_planning/environment/library_path.sh
-- Installing: /home/d-lab/workspace/ros_ur_driver/install/moveit_ros_planning/share/moveit_ros_planning/environment/library_path.dsv
-- Installing: /home/d-lab/workspace/ros_ur_driver/install/moveit_ros_planning/share/moveit_ros_planning/planning_request_adapters_plugin_description.xml
-- Installing: /home/d-lab/workspace/ros_ur_driver/install/moveit_ros_planning/share/ament_index/resource_index/package_run_dependencies/moveit_ros_planning
-- Installing: /home/d-lab/workspace/ros_ur_driver/install/moveit_ros_planning/share/ament_index/resource_index/parent_prefix_path/moveit_ros_planning
-- Installing: /home/d-lab/workspace/ros_ur_driver/install/moveit_ros_planning/share/moveit_ros_planning/environment/ament_prefix_path.sh
-- Installing: /home/d-lab/workspace/ros_ur_driver/install/moveit_ros_planning/share/moveit_ros_planning/environment/ament_prefix_path.dsv
-- Installing: /home/d-lab/workspace/ros_ur_driver/install/moveit_ros_planning/share/moveit_ros_planning/environment/path.sh
-- Installing: /home/d-lab/workspace/ros_ur_driver/install/moveit_ros_planning/share/moveit_ros_planning/environment/path.dsv
-- Installing: /home/d-lab/workspace/ros_ur_driver/install/moveit_ros_planning/share/moveit_ros_planning/local_setup.bash
-- Installing: /home/d-lab/workspace/ros_ur_driver/install/moveit_ros_planning/share/moveit_ros_planning/local_setup.sh
-- Installing: /home/d-lab/workspace/ros_ur_driver/install/moveit_ros_planning/share/moveit_ros_planning/local_setup.zsh
-- Installing: /home/d-lab/workspace/ros_ur_driver/install/moveit_ros_planning/share/moveit_ros_planning/local_setup.dsv
-- Installing: /home/d-lab/workspace/ros_ur_driver/install/moveit_ros_planning/share/moveit_ros_planning/package.dsv
-- Installing: /home/d-lab/workspace/ros_ur_driver/install/moveit_ros_planning/share/ament_index/resource_index/packages/moveit_ros_planning
-- Installing: /home/d-lab/workspace/ros_ur_driver/install/moveit_ros_planning/share/ament_index/resource_index/moveit_core__pluginlib__plugin/moveit_ros_planning
-- Installing: /home/d-lab/workspace/ros_ur_driver/install/moveit_ros_planning/share/moveit_ros_planning/cmake/export_moveit_ros_planningExport.cmake
-- Installing: /home/d-lab/workspace/ros_ur_driver/install/moveit_ros_planning/share/moveit_ros_planning/cmake/export_moveit_ros_planningExport-release.cmake
-- Installing: /home/d-lab/workspace/ros_ur_driver/install/moveit_ros_planning/share/moveit_ros_planning/cmake/ConfigExtras.cmake
-- Installing: /home/d-lab/workspace/ros_ur_driver/install/moveit_ros_planning/share/moveit_ros_planning/cmake/ament_cmake_export_targets-extras.cmake
-- Installing: /home/d-lab/workspace/ros_ur_driver/install/moveit_ros_planning/share/moveit_ros_planning/cmake/ament_cmake_export_dependencies-extras.cmake
-- Installing: /home/d-lab/workspace/ros_ur_driver/install/moveit_ros_planning/share/moveit_ros_planning/cmake/moveit_ros_planningConfig.cmake
-- Installing: /home/d-lab/workspace/ros_ur_driver/install/moveit_ros_planning/share/moveit_ros_planning/cmake/moveit_ros_planningConfig-version.cmake
-- Installing: /home/d-lab/workspace/ros_ur_driver/install/moveit_ros_planning/share/moveit_ros_planning/package.xml
-- Installing: /home/d-lab/workspace/ros_ur_driver/install/moveit_ros_planning/include
-- Installing: /home/d-lab/workspace/ros_ur_driver/install/moveit_ros_planning/include/moveit
-- Installing: /home/d-lab/workspace/ros_ur_driver/install/moveit_ros_planning/include/moveit/rdf_loader
-- Installing: /home/d-lab/workspace/ros_ur_driver/install/moveit_ros_planning/include/moveit/rdf_loader/rdf_loader.h
-- Up-to-date: /home/d-lab/workspace/ros_ur_driver/install/moveit_ros_planning/include
-- Up-to-date: /home/d-lab/workspace/ros_ur_driver/install/moveit_ros_planning/include/moveit
-- Installing: /home/d-lab/workspace/ros_ur_driver/install/moveit_ros_planning/include/moveit/collision_plugin_loader
-- Installing: /home/d-lab/workspace/ros_ur_driver/install/moveit_ros_planning/include/moveit/collision_plugin_loader/collision_plugin_loader.h
-- Up-to-date: /home/d-lab/workspace/ros_ur_driver/install/moveit_ros_planning/include
-- Up-to-date: /home/d-lab/workspace/ros_ur_driver/install/moveit_ros_planning/include/moveit
-- Installing: /home/d-lab/workspace/ros_ur_driver/install/moveit_ros_planning/include/moveit/kinematics_plugin_loader
-- Installing: /home/d-lab/workspace/ros_ur_driver/install/moveit_ros_planning/include/moveit/kinematics_plugin_loader/kinematics_plugin_loader.h
-- Up-to-date: /home/d-lab/workspace/ros_ur_driver/install/moveit_ros_planning/include
-- Up-to-date: /home/d-lab/workspace/ros_ur_driver/install/moveit_ros_planning/include/moveit
-- Installing: /home/d-lab/workspace/ros_ur_driver/install/moveit_ros_planning/include/moveit/robot_model_loader
-- Installing: /home/d-lab/workspace/ros_ur_driver/install/moveit_ros_planning/include/moveit/robot_model_loader/robot_model_loader.h
-- Up-to-date: /home/d-lab/workspace/ros_ur_driver/install/moveit_ros_planning/include
-- Up-to-date: /home/d-lab/workspace/ros_ur_driver/install/moveit_ros_planning/include/moveit
-- Installing: /home/d-lab/workspace/ros_ur_driver/install/moveit_ros_planning/include/moveit/constraint_sampler_manager_loader
-- Installing: /home/d-lab/workspace/ros_ur_driver/install/moveit_ros_planning/include/moveit/constraint_sampler_manager_loader/constraint_sampler_manager_loader.h
-- Up-to-date: /home/d-lab/workspace/ros_ur_driver/install/moveit_ros_planning/include
-- Up-to-date: /home/d-lab/workspace/ros_ur_driver/install/moveit_ros_planning/include/moveit
-- Installing: /home/d-lab/workspace/ros_ur_driver/install/moveit_ros_planning/include/moveit/planning_pipeline
-- Installing: /home/d-lab/workspace/ros_ur_driver/install/moveit_ros_planning/include/moveit/planning_pipeline/planning_pipeline.h
-- Installing: /home/d-lab/workspace/ros_ur_driver/install/moveit_ros_planning/include/moveit_planning_pipeline_export.h
-- Installing: /home/d-lab/workspace/ros_ur_driver/install/moveit_ros_planning/lib/moveit_ros_planning/moveit_list_request_adapter_plugins
-- Set runtime path of "/home/d-lab/workspace/ros_ur_driver/install/moveit_ros_planning/lib/moveit_ros_planning/moveit_list_request_adapter_plugins" to ""
-- Installing: /home/d-lab/workspace/ros_ur_driver/install/moveit_ros_planning/lib/moveit_ros_planning/demo_scene
-- Set runtime path of "/home/d-lab/workspace/ros_ur_driver/install/moveit_ros_planning/lib/moveit_ros_planning/demo_scene" to ""
-- Up-to-date: /home/d-lab/workspace/ros_ur_driver/install/moveit_ros_planning/include
-- Up-to-date: /home/d-lab/workspace/ros_ur_driver/install/moveit_ros_planning/include/moveit
-- Installing: /home/d-lab/workspace/ros_ur_driver/install/moveit_ros_planning/include/moveit/planning_scene_monitor
-- Installing: /home/d-lab/workspace/ros_ur_driver/install/moveit_ros_planning/include/moveit/planning_scene_monitor/current_state_monitor.h
-- Installing: /home/d-lab/workspace/ros_ur_driver/install/moveit_ros_planning/include/moveit/planning_scene_monitor/current_state_monitor_middleware_handle.hpp
-- Installing: /home/d-lab/workspace/ros_ur_driver/install/moveit_ros_planning/include/moveit/planning_scene_monitor/trajectory_monitor.h
-- Installing: /home/d-lab/workspace/ros_ur_driver/install/moveit_ros_planning/include/moveit/planning_scene_monitor/planning_scene_monitor.h
-- Installing: /home/d-lab/workspace/ros_ur_driver/install/moveit_ros_planning/include/moveit_planning_scene_monitor_export.h
-- Installing: /home/d-lab/workspace/ros_ur_driver/install/moveit_ros_planning/lib/moveit_ros_planning/moveit_print_planning_model_info
-- Set runtime path of "/home/d-lab/workspace/ros_ur_driver/install/moveit_ros_planning/lib/moveit_ros_planning/moveit_print_planning_model_info" to ""
-- Installing: /home/d-lab/workspace/ros_ur_driver/install/moveit_ros_planning/lib/moveit_ros_planning/moveit_print_planning_scene_info
-- Set runtime path of "/home/d-lab/workspace/ros_ur_driver/install/moveit_ros_planning/lib/moveit_ros_planning/moveit_print_planning_scene_info" to ""
-- Installing: /home/d-lab/workspace/ros_ur_driver/install/moveit_ros_planning/lib/moveit_ros_planning/moveit_display_random_state
-- Set runtime path of "/home/d-lab/workspace/ros_ur_driver/install/moveit_ros_planning/lib/moveit_ros_planning/moveit_display_random_state" to ""
-- Installing: /home/d-lab/workspace/ros_ur_driver/install/moveit_ros_planning/lib/moveit_ros_planning/moveit_visualize_robot_collision_volume
-- Set runtime path of "/home/d-lab/workspace/ros_ur_driver/install/moveit_ros_planning/lib/moveit_ros_planning/moveit_visualize_robot_collision_volume" to ""
-- Installing: /home/d-lab/workspace/ros_ur_driver/install/moveit_ros_planning/lib/moveit_ros_planning/moveit_evaluate_collision_checking_speed
-- Set runtime path of "/home/d-lab/workspace/ros_ur_driver/install/moveit_ros_planning/lib/moveit_ros_planning/moveit_evaluate_collision_checking_speed" to ""
-- Installing: /home/d-lab/workspace/ros_ur_driver/install/moveit_ros_planning/lib/moveit_ros_planning/moveit_evaluate_state_operations_speed
-- Set runtime path of "/home/d-lab/workspace/ros_ur_driver/install/moveit_ros_planning/lib/moveit_ros_planning/moveit_evaluate_state_operations_speed" to ""
-- Installing: /home/d-lab/workspace/ros_ur_driver/install/moveit_ros_planning/lib/moveit_ros_planning/moveit_kinematics_speed_and_validity_evaluator
-- Set runtime path of "/home/d-lab/workspace/ros_ur_driver/install/moveit_ros_planning/lib/moveit_ros_planning/moveit_kinematics_speed_and_validity_evaluator" to ""
-- Installing: /home/d-lab/workspace/ros_ur_driver/install/moveit_ros_planning/lib/moveit_ros_planning/moveit_publish_scene_from_text
-- Set runtime path of "/home/d-lab/workspace/ros_ur_driver/install/moveit_ros_planning/lib/moveit_ros_planning/moveit_publish_scene_from_text" to ""
-- Up-to-date: /home/d-lab/workspace/ros_ur_driver/install/moveit_ros_planning/include
-- Up-to-date: /home/d-lab/workspace/ros_ur_driver/install/moveit_ros_planning/include/moveit
-- Installing: /home/d-lab/workspace/ros_ur_driver/install/moveit_ros_planning/include/moveit/trajectory_execution_manager
-- Installing: /home/d-lab/workspace/ros_ur_driver/install/moveit_ros_planning/include/moveit/trajectory_execution_manager/trajectory_execution_manager.h
-- Installing: /home/d-lab/workspace/ros_ur_driver/install/moveit_ros_planning/include/moveit_trajectory_execution_manager_export.h
-- Up-to-date: /home/d-lab/workspace/ros_ur_driver/install/moveit_ros_planning/include
-- Up-to-date: /home/d-lab/workspace/ros_ur_driver/install/moveit_ros_planning/include/moveit
-- Installing: /home/d-lab/workspace/ros_ur_driver/install/moveit_ros_planning/include/moveit/plan_execution
-- Installing: /home/d-lab/workspace/ros_ur_driver/install/moveit_ros_planning/include/moveit/plan_execution/plan_execution.h
-- Installing: /home/d-lab/workspace/ros_ur_driver/install/moveit_ros_planning/include/moveit/plan_execution/plan_with_sensing.h
-- Installing: /home/d-lab/workspace/ros_ur_driver/install/moveit_ros_planning/include/moveit/plan_execution/plan_representation.h
-- Up-to-date: /home/d-lab/workspace/ros_ur_driver/install/moveit_ros_planning/include
-- Up-to-date: /home/d-lab/workspace/ros_ur_driver/install/moveit_ros_planning/include/moveit
-- Installing: /home/d-lab/workspace/ros_ur_driver/install/moveit_ros_planning/include/moveit/moveit_cpp
-- Installing: /home/d-lab/workspace/ros_ur_driver/install/moveit_ros_planning/include/moveit/moveit_cpp/planning_component.h
-- Installing: /home/d-lab/workspace/ros_ur_driver/install/moveit_ros_planning/include/moveit/moveit_cpp/moveit_cpp.h
