[0.437s] Invoking command in '/home/d-lab/workspace/ros_ur_driver/build/robotiq_description': CMAKE_PREFIX_PATH=/opt/ros/foxy /usr/bin/cmake --build /home/d-lab/workspace/ros_ur_driver/build/robotiq_description -- -j16 -l16
[0.508s] Invoked command in '/home/d-lab/workspace/ros_ur_driver/build/robotiq_description' returned '0': CMAKE_PREFIX_PATH=/opt/ros/foxy /usr/bin/cmake --build /home/d-lab/workspace/ros_ur_driver/build/robotiq_description -- -j16 -l16
[0.652s] Invoking command in '/home/d-lab/workspace/ros_ur_driver/build/robotiq_description': CMAKE_PREFIX_PATH=/opt/ros/foxy /usr/bin/cmake --install /home/d-lab/workspace/ros_ur_driver/build/robotiq_description
[0.693s] -- Install configuration: "Release"
[0.693s] -- Up-to-date: /home/d-lab/workspace/ros_ur_driver/install/robotiq_description/share/robotiq_description/config
[0.693s] -- Up-to-date: /home/d-lab/workspace/ros_ur_driver/install/robotiq_description/share/robotiq_description/config/robotiq_85.rviz
[0.694s] -- Up-to-date: /home/d-lab/workspace/ros_ur_driver/install/robotiq_description/share/robotiq_description/launch
[0.694s] -- Up-to-date: /home/d-lab/workspace/ros_ur_driver/install/robotiq_description/share/robotiq_description/launch/display_robotiq85.launch
[0.695s] -- Up-to-date: /home/d-lab/workspace/ros_ur_driver/install/robotiq_description/share/robotiq_description/meshes
[0.695s] -- Up-to-date: /home/d-lab/workspace/ros_ur_driver/install/robotiq_description/share/robotiq_description/meshes/visual
[0.695s] -- Up-to-date: /home/d-lab/workspace/ros_ur_driver/install/robotiq_description/share/robotiq_description/meshes/visual/robotiq_85_knuckle_link.dae
[0.695s] -- Up-to-date: /home/d-lab/workspace/ros_ur_driver/install/robotiq_description/share/robotiq_description/meshes/visual/robotiq_85_finger_tip_link.dae
[0.696s] -- Up-to-date: /home/d-lab/workspace/ros_ur_driver/install/robotiq_description/share/robotiq_description/meshes/visual/robotiq_85_inner_knuckle_link.dae
[0.696s] -- Up-to-date: /home/d-lab/workspace/ros_ur_driver/install/robotiq_description/share/robotiq_description/meshes/visual/robotiq_85_finger_link.dae
[0.697s] -- Up-to-date: /home/d-lab/workspace/ros_ur_driver/install/robotiq_description/share/robotiq_description/meshes/visual/robotiq_85_base_link.dae
[0.697s] -- Up-to-date: /home/d-lab/workspace/ros_ur_driver/install/robotiq_description/share/robotiq_description/meshes/collision
[0.698s] -- Up-to-date: /home/d-lab/workspace/ros_ur_driver/install/robotiq_description/share/robotiq_description/meshes/collision/robotiq_85_base_link.stl
[0.698s] -- Up-to-date: /home/d-lab/workspace/ros_ur_driver/install/robotiq_description/share/robotiq_description/meshes/collision/robotiq_85_knuckle_link.stl
[0.698s] -- Up-to-date: /home/d-lab/workspace/ros_ur_driver/install/robotiq_description/share/robotiq_description/meshes/collision/robotiq_85_finger_tip_link.stl
[0.698s] -- Up-to-date: /home/d-lab/workspace/ros_ur_driver/install/robotiq_description/share/robotiq_description/meshes/collision/robotiq_85_finger_link.stl
[0.699s] -- Up-to-date: /home/d-lab/workspace/ros_ur_driver/install/robotiq_description/share/robotiq_description/meshes/collision/robotiq_85_inner_knuckle_link.stl
[0.699s] -- Up-to-date: /home/d-lab/workspace/ros_ur_driver/install/robotiq_description/share/robotiq_description/meshes/robotiq_85_coupler.stl
[0.699s] -- Up-to-date: /home/d-lab/workspace/ros_ur_driver/install/robotiq_description/share/robotiq_description/urdf
[0.699s] -- Up-to-date: /home/d-lab/workspace/ros_ur_driver/install/robotiq_description/share/robotiq_description/urdf/robotiq_85_gripper_sim_base.urdf.xacro
[0.700s] -- Up-to-date: /home/d-lab/workspace/ros_ur_driver/install/robotiq_description/share/robotiq_description/urdf/robotiq_85_gripper.xacro
[0.700s] -- Up-to-date: /home/d-lab/workspace/ros_ur_driver/install/robotiq_description/share/robotiq_description/urdf/robotiq_85_gripper.transmission.xacro
[0.700s] -- Up-to-date: /home/d-lab/workspace/ros_ur_driver/install/robotiq_description/share/robotiq_description/urdf/robotiq_85_gripper.urdf.xacro
[0.701s] -- Up-to-date: /home/d-lab/workspace/ros_ur_driver/install/robotiq_description/share/ament_index/resource_index/package_run_dependencies/robotiq_description
[0.702s] -- Up-to-date: /home/d-lab/workspace/ros_ur_driver/install/robotiq_description/share/ament_index/resource_index/parent_prefix_path/robotiq_description
[0.703s] -- Up-to-date: /home/d-lab/workspace/ros_ur_driver/install/robotiq_description/share/robotiq_description/environment/ament_prefix_path.sh
[0.703s] -- Up-to-date: /home/d-lab/workspace/ros_ur_driver/install/robotiq_description/share/robotiq_description/environment/ament_prefix_path.dsv
[0.705s] -- Up-to-date: /home/d-lab/workspace/ros_ur_driver/install/robotiq_description/share/robotiq_description/environment/path.sh
[0.705s] -- Up-to-date: /home/d-lab/workspace/ros_ur_driver/install/robotiq_description/share/robotiq_description/environment/path.dsv
[0.706s] -- Up-to-date: /home/d-lab/workspace/ros_ur_driver/install/robotiq_description/share/robotiq_description/local_setup.bash
[0.707s] -- Up-to-date: /home/d-lab/workspace/ros_ur_driver/install/robotiq_description/share/robotiq_description/local_setup.sh
[0.708s] -- Up-to-date: /home/d-lab/workspace/ros_ur_driver/install/robotiq_description/share/robotiq_description/local_setup.zsh
[0.708s] -- Up-to-date: /home/d-lab/workspace/ros_ur_driver/install/robotiq_description/share/robotiq_description/local_setup.dsv
[0.708s] -- Installing: /home/d-lab/workspace/ros_ur_driver/install/robotiq_description/share/robotiq_description/package.dsv
[0.708s] -- Up-to-date: /home/d-lab/workspace/ros_ur_driver/install/robotiq_description/share/ament_index/resource_index/packages/robotiq_description
[0.708s] -- Up-to-date: /home/d-lab/workspace/ros_ur_driver/install/robotiq_description/share/robotiq_description/cmake/robotiq_descriptionConfig.cmake
[0.708s] -- Up-to-date: /home/d-lab/workspace/ros_ur_driver/install/robotiq_description/share/robotiq_description/cmake/robotiq_descriptionConfig-version.cmake
[0.709s] -- Up-to-date: /home/d-lab/workspace/ros_ur_driver/install/robotiq_description/share/robotiq_description/package.xml
[0.744s] Invoked command in '/home/d-lab/workspace/ros_ur_driver/build/robotiq_description' returned '0': CMAKE_PREFIX_PATH=/opt/ros/foxy /usr/bin/cmake --install /home/d-lab/workspace/ros_ur_driver/build/robotiq_description
