running egg_info
writing ../../../build/robotiq_control/robotiq_control.egg-info/PKG-INFO
writing dependency_links to ../../../build/robotiq_control/robotiq_control.egg-info/dependency_links.txt
writing entry points to ../../../build/robotiq_control/robotiq_control.egg-info/entry_points.txt
writing requirements to ../../../build/robotiq_control/robotiq_control.egg-info/requires.txt
writing top-level names to ../../../build/robotiq_control/robotiq_control.egg-info/top_level.txt
reading manifest file '../../../build/robotiq_control/robotiq_control.egg-info/SOURCES.txt'
writing manifest file '../../../build/robotiq_control/robotiq_control.egg-info/SOURCES.txt'
running build
running build_py
copying robotiq_control/gripper_controller_node.py -> /home/d-lab/workspace/ros_ur_driver/build/robotiq_control/build/lib/robotiq_control
copying robotiq_control/gripper_abstract.py -> /home/d-lab/workspace/ros_ur_driver/build/robotiq_control/build/lib/robotiq_control
copying robotiq_control/rtu_robotiq_gripper.py -> /home/d-lab/workspace/ros_ur_driver/build/robotiq_control/build/lib/robotiq_control
copying robotiq_control/ur_robotiq_gripper.py -> /home/d-lab/workspace/ros_ur_driver/build/robotiq_control/build/lib/robotiq_control
running install
running install_lib
copying /home/d-lab/workspace/ros_ur_driver/build/robotiq_control/build/lib/robotiq_control/gripper_controller_node.py -> /home/d-lab/workspace/ros_ur_driver/install/robotiq_control/lib/python3.8/site-packages/robotiq_control
copying /home/d-lab/workspace/ros_ur_driver/build/robotiq_control/build/lib/robotiq_control/gripper_abstract.py -> /home/d-lab/workspace/ros_ur_driver/install/robotiq_control/lib/python3.8/site-packages/robotiq_control
copying /home/d-lab/workspace/ros_ur_driver/build/robotiq_control/build/lib/robotiq_control/rtu_robotiq_gripper.py -> /home/d-lab/workspace/ros_ur_driver/install/robotiq_control/lib/python3.8/site-packages/robotiq_control
copying /home/d-lab/workspace/ros_ur_driver/build/robotiq_control/build/lib/robotiq_control/ur_robotiq_gripper.py -> /home/d-lab/workspace/ros_ur_driver/install/robotiq_control/lib/python3.8/site-packages/robotiq_control
byte-compiling /home/d-lab/workspace/ros_ur_driver/install/robotiq_control/lib/python3.8/site-packages/robotiq_control/gripper_controller_node.py to gripper_controller_node.cpython-38.pyc
byte-compiling /home/d-lab/workspace/ros_ur_driver/install/robotiq_control/lib/python3.8/site-packages/robotiq_control/gripper_abstract.py to gripper_abstract.cpython-38.pyc
byte-compiling /home/d-lab/workspace/ros_ur_driver/install/robotiq_control/lib/python3.8/site-packages/robotiq_control/rtu_robotiq_gripper.py to rtu_robotiq_gripper.cpython-38.pyc
byte-compiling /home/d-lab/workspace/ros_ur_driver/install/robotiq_control/lib/python3.8/site-packages/robotiq_control/ur_robotiq_gripper.py to ur_robotiq_gripper.cpython-38.pyc
running install_data
copying package.xml -> /home/d-lab/workspace/ros_ur_driver/install/robotiq_control/share/robotiq_control
running install_egg_info
removing '/home/d-lab/workspace/ros_ur_driver/install/robotiq_control/lib/python3.8/site-packages/robotiq_control-0.0.0-py3.8.egg-info' (and everything under it)
Copying ../../../build/robotiq_control/robotiq_control.egg-info to /home/d-lab/workspace/ros_ur_driver/install/robotiq_control/lib/python3.8/site-packages/robotiq_control-0.0.0-py3.8.egg-info
running install_scripts
Installing gripper script to /home/d-lab/workspace/ros_ur_driver/install/robotiq_control/lib/robotiq_control
writing list of installed files to '/home/d-lab/workspace/ros_ur_driver/build/robotiq_control/install.log'
