[0.246s] Invoking command in '/home/d-lab/workspace/ros_ur_driver/build/ur_msgs': CMAKE_PREFIX_PATH=${CMAKE_PREFIX_PATH}:/home/d-lab/workspace/ros_ur_driver/install/ros2controlcli:/home/d-lab/workspace/ros_ur_driver/install/ros2_control_test_nodes:/opt/ros/foxy /usr/bin/cmake --build /home/d-lab/workspace/ros_ur_driver/build/ur_msgs -- -j16 -l16
[0.348s] [  0%] Built target ur_msgs__cpp
[0.351s] [ 12%] Built target ur_msgs__rosidl_generator_c
[0.408s] [ 35%] Built target ur_msgs__rosidl_typesupport_introspection_cpp
[0.408s] [ 36%] Built target ur_msgs__rosidl_typesupport_cpp
[0.408s] [ 47%] Built target ur_msgs__rosidl_typesupport_fastrtps_cpp
[0.408s] [ 59%] Built target ur_msgs__rosidl_typesupport_introspection_c
[0.408s] [ 70%] Built target ur_msgs__rosidl_typesupport_c
[0.444s] [ 82%] Built target ur_msgs__rosidl_typesupport_fastrtps_c
[0.536s] [ 82%] Built target ur_msgs
[0.547s] [ 83%] Built target ur_msgs__py
[0.557s] [ 94%] Built target ur_msgs__python
[0.582s] [ 97%] Built target ur_msgs__rosidl_typesupport_c__pyext
[0.585s] [ 98%] Built target ur_msgs__rosidl_typesupport_introspection_c__pyext
[0.590s] [100%] Built target ur_msgs__rosidl_typesupport_fastrtps_c__pyext
[0.634s] Invoked command in '/home/d-lab/workspace/ros_ur_driver/build/ur_msgs' returned '0': CMAKE_PREFIX_PATH=${CMAKE_PREFIX_PATH}:/home/d-lab/workspace/ros_ur_driver/install/ros2controlcli:/home/d-lab/workspace/ros_ur_driver/install/ros2_control_test_nodes:/opt/ros/foxy /usr/bin/cmake --build /home/d-lab/workspace/ros_ur_driver/build/ur_msgs -- -j16 -l16
[1.161s] Invoking command in '/home/d-lab/workspace/ros_ur_driver/build/ur_msgs': CMAKE_PREFIX_PATH=${CMAKE_PREFIX_PATH}:/home/d-lab/workspace/ros_ur_driver/install/ros2controlcli:/home/d-lab/workspace/ros_ur_driver/install/ros2_control_test_nodes:/opt/ros/foxy /usr/bin/cmake --install /home/d-lab/workspace/ros_ur_driver/build/ur_msgs
[1.175s] -- Install configuration: "Release"
[1.175s] -- Up-to-date: /home/d-lab/workspace/ros_ur_driver/install/ur_msgs/share/ament_index/resource_index/rosidl_interfaces/ur_msgs
[1.176s] -- Up-to-date: /home/d-lab/workspace/ros_ur_driver/install/ur_msgs/include/ur_msgs
[1.176s] -- Up-to-date: /home/d-lab/workspace/ros_ur_driver/install/ur_msgs/include/ur_msgs/srv
[1.176s] -- Up-to-date: /home/d-lab/workspace/ros_ur_driver/install/ur_msgs/include/ur_msgs/srv/set_payload.h
[1.176s] -- Up-to-date: /home/d-lab/workspace/ros_ur_driver/install/ur_msgs/include/ur_msgs/srv/set_io.h
[1.176s] -- Up-to-date: /home/d-lab/workspace/ros_ur_driver/install/ur_msgs/include/ur_msgs/srv/detail
[1.176s] -- Up-to-date: /home/d-lab/workspace/ros_ur_driver/install/ur_msgs/include/ur_msgs/srv/detail/set_io__functions.h
[1.176s] -- Up-to-date: /home/d-lab/workspace/ros_ur_driver/install/ur_msgs/include/ur_msgs/srv/detail/set_payload__functions.c
[1.176s] -- Up-to-date: /home/d-lab/workspace/ros_ur_driver/install/ur_msgs/include/ur_msgs/srv/detail/set_io__functions.c
[1.176s] -- Up-to-date: /home/d-lab/workspace/ros_ur_driver/install/ur_msgs/include/ur_msgs/srv/detail/set_payload__type_support.h
[1.176s] -- Up-to-date: /home/d-lab/workspace/ros_ur_driver/install/ur_msgs/include/ur_msgs/srv/detail/set_speed_slider_fraction__functions.c
[1.177s] -- Up-to-date: /home/d-lab/workspace/ros_ur_driver/install/ur_msgs/include/ur_msgs/srv/detail/set_io__struct.h
[1.177s] -- Up-to-date: /home/d-lab/workspace/ros_ur_driver/install/ur_msgs/include/ur_msgs/srv/detail/set_payload__struct.h
[1.177s] -- Up-to-date: /home/d-lab/workspace/ros_ur_driver/install/ur_msgs/include/ur_msgs/srv/detail/set_payload__functions.h
[1.177s] -- Up-to-date: /home/d-lab/workspace/ros_ur_driver/install/ur_msgs/include/ur_msgs/srv/detail/set_speed_slider_fraction__functions.h
[1.177s] -- Up-to-date: /home/d-lab/workspace/ros_ur_driver/install/ur_msgs/include/ur_msgs/srv/detail/set_speed_slider_fraction__struct.h
[1.177s] -- Up-to-date: /home/d-lab/workspace/ros_ur_driver/install/ur_msgs/include/ur_msgs/srv/detail/set_speed_slider_fraction__type_support.h
[1.177s] -- Up-to-date: /home/d-lab/workspace/ros_ur_driver/install/ur_msgs/include/ur_msgs/srv/detail/set_io__type_support.h
[1.177s] -- Up-to-date: /home/d-lab/workspace/ros_ur_driver/install/ur_msgs/include/ur_msgs/srv/set_speed_slider_fraction.h
[1.178s] -- Up-to-date: /home/d-lab/workspace/ros_ur_driver/install/ur_msgs/include/ur_msgs/msg
[1.178s] -- Up-to-date: /home/d-lab/workspace/ros_ur_driver/install/ur_msgs/include/ur_msgs/msg/rosidl_generator_c__visibility_control.h
[1.178s] -- Up-to-date: /home/d-lab/workspace/ros_ur_driver/install/ur_msgs/include/ur_msgs/msg/analog.h
[1.178s] -- Up-to-date: /home/d-lab/workspace/ros_ur_driver/install/ur_msgs/include/ur_msgs/msg/robot_state_rt_msg.h
[1.178s] -- Up-to-date: /home/d-lab/workspace/ros_ur_driver/install/ur_msgs/include/ur_msgs/msg/masterboard_data_msg.h
[1.178s] -- Up-to-date: /home/d-lab/workspace/ros_ur_driver/install/ur_msgs/include/ur_msgs/msg/io_states.h
[1.178s] -- Up-to-date: /home/d-lab/workspace/ros_ur_driver/install/ur_msgs/include/ur_msgs/msg/tool_data_msg.h
[1.178s] -- Up-to-date: /home/d-lab/workspace/ros_ur_driver/install/ur_msgs/include/ur_msgs/msg/digital.h
[1.179s] -- Up-to-date: /home/d-lab/workspace/ros_ur_driver/install/ur_msgs/include/ur_msgs/msg/robot_mode_data_msg.h
[1.179s] -- Up-to-date: /home/d-lab/workspace/ros_ur_driver/install/ur_msgs/include/ur_msgs/msg/detail
[1.179s] -- Up-to-date: /home/d-lab/workspace/ros_ur_driver/install/ur_msgs/include/ur_msgs/msg/detail/digital__functions.c
[1.179s] -- Up-to-date: /home/d-lab/workspace/ros_ur_driver/install/ur_msgs/include/ur_msgs/msg/detail/tool_data_msg__functions.c
[1.179s] -- Up-to-date: /home/d-lab/workspace/ros_ur_driver/install/ur_msgs/include/ur_msgs/msg/detail/analog__struct.h
[1.179s] -- Up-to-date: /home/d-lab/workspace/ros_ur_driver/install/ur_msgs/include/ur_msgs/msg/detail/robot_state_rt_msg__type_support.h
[1.179s] -- Up-to-date: /home/d-lab/workspace/ros_ur_driver/install/ur_msgs/include/ur_msgs/msg/detail/io_states__functions.h
[1.180s] -- Up-to-date: /home/d-lab/workspace/ros_ur_driver/install/ur_msgs/include/ur_msgs/msg/detail/robot_mode_data_msg__type_support.h
[1.180s] -- Up-to-date: /home/d-lab/workspace/ros_ur_driver/install/ur_msgs/include/ur_msgs/msg/detail/tool_data_msg__type_support.h
[1.180s] -- Up-to-date: /home/d-lab/workspace/ros_ur_driver/install/ur_msgs/include/ur_msgs/msg/detail/robot_mode_data_msg__struct.h
[1.180s] -- Up-to-date: /home/d-lab/workspace/ros_ur_driver/install/ur_msgs/include/ur_msgs/msg/detail/tool_data_msg__struct.h
[1.180s] -- Up-to-date: /home/d-lab/workspace/ros_ur_driver/install/ur_msgs/include/ur_msgs/msg/detail/analog__functions.c
[1.180s] -- Up-to-date: /home/d-lab/workspace/ros_ur_driver/install/ur_msgs/include/ur_msgs/msg/detail/analog__functions.h
[1.181s] -- Up-to-date: /home/d-lab/workspace/ros_ur_driver/install/ur_msgs/include/ur_msgs/msg/detail/digital__type_support.h
[1.181s] -- Up-to-date: /home/d-lab/workspace/ros_ur_driver/install/ur_msgs/include/ur_msgs/msg/detail/digital__struct.h
[1.181s] -- Up-to-date: /home/d-lab/workspace/ros_ur_driver/install/ur_msgs/include/ur_msgs/msg/detail/tool_data_msg__functions.h
[1.181s] -- Up-to-date: /home/d-lab/workspace/ros_ur_driver/install/ur_msgs/include/ur_msgs/msg/detail/masterboard_data_msg__functions.h
[1.181s] -- Up-to-date: /home/d-lab/workspace/ros_ur_driver/install/ur_msgs/include/ur_msgs/msg/detail/robot_mode_data_msg__functions.h
[1.181s] -- Up-to-date: /home/d-lab/workspace/ros_ur_driver/install/ur_msgs/include/ur_msgs/msg/detail/masterboard_data_msg__struct.h
[1.181s] -- Up-to-date: /home/d-lab/workspace/ros_ur_driver/install/ur_msgs/include/ur_msgs/msg/detail/io_states__functions.c
[1.181s] -- Up-to-date: /home/d-lab/workspace/ros_ur_driver/install/ur_msgs/include/ur_msgs/msg/detail/masterboard_data_msg__type_support.h
[1.181s] -- Up-to-date: /home/d-lab/workspace/ros_ur_driver/install/ur_msgs/include/ur_msgs/msg/detail/masterboard_data_msg__functions.c
[1.181s] -- Up-to-date: /home/d-lab/workspace/ros_ur_driver/install/ur_msgs/include/ur_msgs/msg/detail/io_states__struct.h
[1.181s] -- Up-to-date: /home/d-lab/workspace/ros_ur_driver/install/ur_msgs/include/ur_msgs/msg/detail/robot_state_rt_msg__struct.h
[1.182s] -- Up-to-date: /home/d-lab/workspace/ros_ur_driver/install/ur_msgs/include/ur_msgs/msg/detail/robot_state_rt_msg__functions.h
[1.182s] -- Up-to-date: /home/d-lab/workspace/ros_ur_driver/install/ur_msgs/include/ur_msgs/msg/detail/digital__functions.h
[1.182s] -- Up-to-date: /home/d-lab/workspace/ros_ur_driver/install/ur_msgs/include/ur_msgs/msg/detail/io_states__type_support.h
[1.182s] -- Up-to-date: /home/d-lab/workspace/ros_ur_driver/install/ur_msgs/include/ur_msgs/msg/detail/analog__type_support.h
[1.182s] -- Up-to-date: /home/d-lab/workspace/ros_ur_driver/install/ur_msgs/include/ur_msgs/msg/detail/robot_state_rt_msg__functions.c
[1.182s] -- Up-to-date: /home/d-lab/workspace/ros_ur_driver/install/ur_msgs/include/ur_msgs/msg/detail/robot_mode_data_msg__functions.c
[1.182s] -- Up-to-date: /home/d-lab/workspace/ros_ur_driver/install/ur_msgs/share/ur_msgs/environment/library_path.sh
[1.182s] -- Up-to-date: /home/d-lab/workspace/ros_ur_driver/install/ur_msgs/share/ur_msgs/environment/library_path.dsv
[1.182s] -- Up-to-date: /home/d-lab/workspace/ros_ur_driver/install/ur_msgs/lib/libur_msgs__rosidl_generator_c.so
[1.182s] -- Up-to-date: /home/d-lab/workspace/ros_ur_driver/install/ur_msgs/include/ur_msgs
[1.182s] -- Up-to-date: /home/d-lab/workspace/ros_ur_driver/install/ur_msgs/include/ur_msgs/srv
[1.182s] -- Up-to-date: /home/d-lab/workspace/ros_ur_driver/install/ur_msgs/include/ur_msgs/srv/detail
[1.182s] -- Up-to-date: /home/d-lab/workspace/ros_ur_driver/install/ur_msgs/include/ur_msgs/srv/detail/set_io__rosidl_typesupport_fastrtps_c.h
[1.182s] -- Up-to-date: /home/d-lab/workspace/ros_ur_driver/install/ur_msgs/include/ur_msgs/srv/detail/set_speed_slider_fraction__rosidl_typesupport_fastrtps_c.h
[1.182s] -- Up-to-date: /home/d-lab/workspace/ros_ur_driver/install/ur_msgs/include/ur_msgs/srv/detail/set_payload__rosidl_typesupport_fastrtps_c.h
[1.182s] -- Up-to-date: /home/d-lab/workspace/ros_ur_driver/install/ur_msgs/include/ur_msgs/msg
[1.182s] -- Up-to-date: /home/d-lab/workspace/ros_ur_driver/install/ur_msgs/include/ur_msgs/msg/rosidl_typesupport_fastrtps_c__visibility_control.h
[1.183s] -- Up-to-date: /home/d-lab/workspace/ros_ur_driver/install/ur_msgs/include/ur_msgs/msg/detail
[1.183s] -- Up-to-date: /home/d-lab/workspace/ros_ur_driver/install/ur_msgs/include/ur_msgs/msg/detail/digital__rosidl_typesupport_fastrtps_c.h
[1.183s] -- Up-to-date: /home/d-lab/workspace/ros_ur_driver/install/ur_msgs/include/ur_msgs/msg/detail/io_states__rosidl_typesupport_fastrtps_c.h
[1.183s] -- Up-to-date: /home/d-lab/workspace/ros_ur_driver/install/ur_msgs/include/ur_msgs/msg/detail/masterboard_data_msg__rosidl_typesupport_fastrtps_c.h
[1.183s] -- Up-to-date: /home/d-lab/workspace/ros_ur_driver/install/ur_msgs/include/ur_msgs/msg/detail/tool_data_msg__rosidl_typesupport_fastrtps_c.h
[1.183s] -- Up-to-date: /home/d-lab/workspace/ros_ur_driver/install/ur_msgs/include/ur_msgs/msg/detail/robot_state_rt_msg__rosidl_typesupport_fastrtps_c.h
[1.183s] -- Up-to-date: /home/d-lab/workspace/ros_ur_driver/install/ur_msgs/include/ur_msgs/msg/detail/robot_mode_data_msg__rosidl_typesupport_fastrtps_c.h
[1.183s] -- Up-to-date: /home/d-lab/workspace/ros_ur_driver/install/ur_msgs/include/ur_msgs/msg/detail/analog__rosidl_typesupport_fastrtps_c.h
[1.183s] -- Up-to-date: /home/d-lab/workspace/ros_ur_driver/install/ur_msgs/lib/libur_msgs__rosidl_typesupport_fastrtps_c.so
[1.183s] -- Up-to-date: /home/d-lab/workspace/ros_ur_driver/install/ur_msgs/include/ur_msgs
[1.183s] -- Up-to-date: /home/d-lab/workspace/ros_ur_driver/install/ur_msgs/include/ur_msgs/srv
[1.183s] -- Up-to-date: /home/d-lab/workspace/ros_ur_driver/install/ur_msgs/include/ur_msgs/srv/detail
[1.183s] -- Up-to-date: /home/d-lab/workspace/ros_ur_driver/install/ur_msgs/include/ur_msgs/srv/detail/set_payload__rosidl_typesupport_fastrtps_cpp.hpp
[1.183s] -- Up-to-date: /home/d-lab/workspace/ros_ur_driver/install/ur_msgs/include/ur_msgs/srv/detail/dds_fastrtps
[1.183s] -- Up-to-date: /home/d-lab/workspace/ros_ur_driver/install/ur_msgs/include/ur_msgs/srv/detail/set_io__rosidl_typesupport_fastrtps_cpp.hpp
[1.183s] -- Up-to-date: /home/d-lab/workspace/ros_ur_driver/install/ur_msgs/include/ur_msgs/srv/detail/set_speed_slider_fraction__rosidl_typesupport_fastrtps_cpp.hpp
[1.183s] -- Up-to-date: /home/d-lab/workspace/ros_ur_driver/install/ur_msgs/include/ur_msgs/msg
[1.184s] -- Up-to-date: /home/d-lab/workspace/ros_ur_driver/install/ur_msgs/include/ur_msgs/msg/rosidl_typesupport_fastrtps_cpp__visibility_control.h
[1.184s] -- Up-to-date: /home/d-lab/workspace/ros_ur_driver/install/ur_msgs/include/ur_msgs/msg/detail
[1.184s] -- Up-to-date: /home/d-lab/workspace/ros_ur_driver/install/ur_msgs/include/ur_msgs/msg/detail/dds_fastrtps
[1.184s] -- Up-to-date: /home/d-lab/workspace/ros_ur_driver/install/ur_msgs/include/ur_msgs/msg/detail/analog__rosidl_typesupport_fastrtps_cpp.hpp
[1.184s] -- Up-to-date: /home/d-lab/workspace/ros_ur_driver/install/ur_msgs/include/ur_msgs/msg/detail/io_states__rosidl_typesupport_fastrtps_cpp.hpp
[1.184s] -- Up-to-date: /home/d-lab/workspace/ros_ur_driver/install/ur_msgs/include/ur_msgs/msg/detail/robot_state_rt_msg__rosidl_typesupport_fastrtps_cpp.hpp
[1.184s] -- Up-to-date: /home/d-lab/workspace/ros_ur_driver/install/ur_msgs/include/ur_msgs/msg/detail/tool_data_msg__rosidl_typesupport_fastrtps_cpp.hpp
[1.184s] -- Up-to-date: /home/d-lab/workspace/ros_ur_driver/install/ur_msgs/include/ur_msgs/msg/detail/masterboard_data_msg__rosidl_typesupport_fastrtps_cpp.hpp
[1.184s] -- Up-to-date: /home/d-lab/workspace/ros_ur_driver/install/ur_msgs/include/ur_msgs/msg/detail/digital__rosidl_typesupport_fastrtps_cpp.hpp
[1.184s] -- Up-to-date: /home/d-lab/workspace/ros_ur_driver/install/ur_msgs/include/ur_msgs/msg/detail/robot_mode_data_msg__rosidl_typesupport_fastrtps_cpp.hpp
[1.184s] -- Up-to-date: /home/d-lab/workspace/ros_ur_driver/install/ur_msgs/lib/libur_msgs__rosidl_typesupport_fastrtps_cpp.so
[1.184s] -- Up-to-date: /home/d-lab/workspace/ros_ur_driver/install/ur_msgs/include/ur_msgs
[1.184s] -- Up-to-date: /home/d-lab/workspace/ros_ur_driver/install/ur_msgs/include/ur_msgs/srv
[1.185s] -- Up-to-date: /home/d-lab/workspace/ros_ur_driver/install/ur_msgs/include/ur_msgs/srv/detail
[1.185s] -- Up-to-date: /home/d-lab/workspace/ros_ur_driver/install/ur_msgs/include/ur_msgs/srv/detail/set_speed_slider_fraction__type_support.c
[1.185s] -- Up-to-date: /home/d-lab/workspace/ros_ur_driver/install/ur_msgs/include/ur_msgs/srv/detail/set_payload__rosidl_typesupport_introspection_c.h
[1.185s] -- Up-to-date: /home/d-lab/workspace/ros_ur_driver/install/ur_msgs/include/ur_msgs/srv/detail/set_speed_slider_fraction__rosidl_typesupport_introspection_c.h
[1.185s] -- Up-to-date: /home/d-lab/workspace/ros_ur_driver/install/ur_msgs/include/ur_msgs/srv/detail/set_payload__type_support.c
[1.185s] -- Up-to-date: /home/d-lab/workspace/ros_ur_driver/install/ur_msgs/include/ur_msgs/srv/detail/set_io__rosidl_typesupport_introspection_c.h
[1.185s] -- Up-to-date: /home/d-lab/workspace/ros_ur_driver/install/ur_msgs/include/ur_msgs/srv/detail/set_io__type_support.c
[1.185s] -- Up-to-date: /home/d-lab/workspace/ros_ur_driver/install/ur_msgs/include/ur_msgs/msg
[1.185s] -- Up-to-date: /home/d-lab/workspace/ros_ur_driver/install/ur_msgs/include/ur_msgs/msg/rosidl_typesupport_introspection_c__visibility_control.h
[1.185s] -- Up-to-date: /home/d-lab/workspace/ros_ur_driver/install/ur_msgs/include/ur_msgs/msg/detail
[1.185s] -- Up-to-date: /home/d-lab/workspace/ros_ur_driver/install/ur_msgs/include/ur_msgs/msg/detail/robot_state_rt_msg__rosidl_typesupport_introspection_c.h
[1.185s] -- Up-to-date: /home/d-lab/workspace/ros_ur_driver/install/ur_msgs/include/ur_msgs/msg/detail/digital__type_support.c
[1.185s] -- Up-to-date: /home/d-lab/workspace/ros_ur_driver/install/ur_msgs/include/ur_msgs/msg/detail/tool_data_msg__type_support.c
[1.186s] -- Up-to-date: /home/d-lab/workspace/ros_ur_driver/install/ur_msgs/include/ur_msgs/msg/detail/tool_data_msg__rosidl_typesupport_introspection_c.h
[1.186s] -- Up-to-date: /home/d-lab/workspace/ros_ur_driver/install/ur_msgs/include/ur_msgs/msg/detail/analog__rosidl_typesupport_introspection_c.h
[1.186s] -- Up-to-date: /home/d-lab/workspace/ros_ur_driver/install/ur_msgs/include/ur_msgs/msg/detail/robot_mode_data_msg__type_support.c
[1.186s] -- Up-to-date: /home/d-lab/workspace/ros_ur_driver/install/ur_msgs/include/ur_msgs/msg/detail/robot_state_rt_msg__type_support.c
[1.186s] -- Up-to-date: /home/d-lab/workspace/ros_ur_driver/install/ur_msgs/include/ur_msgs/msg/detail/digital__rosidl_typesupport_introspection_c.h
[1.186s] -- Up-to-date: /home/d-lab/workspace/ros_ur_driver/install/ur_msgs/include/ur_msgs/msg/detail/masterboard_data_msg__rosidl_typesupport_introspection_c.h
[1.186s] -- Up-to-date: /home/d-lab/workspace/ros_ur_driver/install/ur_msgs/include/ur_msgs/msg/detail/io_states__type_support.c
[1.186s] -- Up-to-date: /home/d-lab/workspace/ros_ur_driver/install/ur_msgs/include/ur_msgs/msg/detail/analog__type_support.c
[1.186s] -- Up-to-date: /home/d-lab/workspace/ros_ur_driver/install/ur_msgs/include/ur_msgs/msg/detail/robot_mode_data_msg__rosidl_typesupport_introspection_c.h
[1.186s] -- Up-to-date: /home/d-lab/workspace/ros_ur_driver/install/ur_msgs/include/ur_msgs/msg/detail/masterboard_data_msg__type_support.c
[1.186s] -- Up-to-date: /home/d-lab/workspace/ros_ur_driver/install/ur_msgs/include/ur_msgs/msg/detail/io_states__rosidl_typesupport_introspection_c.h
[1.187s] -- Up-to-date: /home/d-lab/workspace/ros_ur_driver/install/ur_msgs/lib/libur_msgs__rosidl_typesupport_introspection_c.so
[1.187s] -- Up-to-date: /home/d-lab/workspace/ros_ur_driver/install/ur_msgs/lib/libur_msgs__rosidl_typesupport_c.so
[1.187s] -- Up-to-date: /home/d-lab/workspace/ros_ur_driver/install/ur_msgs/include/ur_msgs
[1.187s] -- Up-to-date: /home/d-lab/workspace/ros_ur_driver/install/ur_msgs/include/ur_msgs/srv
[1.187s] -- Up-to-date: /home/d-lab/workspace/ros_ur_driver/install/ur_msgs/include/ur_msgs/srv/set_payload.hpp
[1.187s] -- Up-to-date: /home/d-lab/workspace/ros_ur_driver/install/ur_msgs/include/ur_msgs/srv/set_speed_slider_fraction.hpp
[1.187s] -- Up-to-date: /home/d-lab/workspace/ros_ur_driver/install/ur_msgs/include/ur_msgs/srv/detail
[1.187s] -- Up-to-date: /home/d-lab/workspace/ros_ur_driver/install/ur_msgs/include/ur_msgs/srv/detail/set_speed_slider_fraction__struct.hpp
[1.187s] -- Up-to-date: /home/d-lab/workspace/ros_ur_driver/install/ur_msgs/include/ur_msgs/srv/detail/set_speed_slider_fraction__traits.hpp
[1.187s] -- Up-to-date: /home/d-lab/workspace/ros_ur_driver/install/ur_msgs/include/ur_msgs/srv/detail/set_payload__builder.hpp
[1.187s] -- Up-to-date: /home/d-lab/workspace/ros_ur_driver/install/ur_msgs/include/ur_msgs/srv/detail/set_speed_slider_fraction__builder.hpp
[1.187s] -- Up-to-date: /home/d-lab/workspace/ros_ur_driver/install/ur_msgs/include/ur_msgs/srv/detail/set_io__struct.hpp
[1.188s] -- Up-to-date: /home/d-lab/workspace/ros_ur_driver/install/ur_msgs/include/ur_msgs/srv/detail/set_io__traits.hpp
[1.188s] -- Up-to-date: /home/d-lab/workspace/ros_ur_driver/install/ur_msgs/include/ur_msgs/srv/detail/set_payload__struct.hpp
[1.188s] -- Up-to-date: /home/d-lab/workspace/ros_ur_driver/install/ur_msgs/include/ur_msgs/srv/detail/set_payload__traits.hpp
[1.188s] -- Up-to-date: /home/d-lab/workspace/ros_ur_driver/install/ur_msgs/include/ur_msgs/srv/detail/set_io__builder.hpp
[1.188s] -- Up-to-date: /home/d-lab/workspace/ros_ur_driver/install/ur_msgs/include/ur_msgs/srv/set_io.hpp
[1.188s] -- Up-to-date: /home/d-lab/workspace/ros_ur_driver/install/ur_msgs/include/ur_msgs/msg
[1.188s] -- Up-to-date: /home/d-lab/workspace/ros_ur_driver/install/ur_msgs/include/ur_msgs/msg/masterboard_data_msg.hpp
[1.188s] -- Up-to-date: /home/d-lab/workspace/ros_ur_driver/install/ur_msgs/include/ur_msgs/msg/io_states.hpp
[1.188s] -- Up-to-date: /home/d-lab/workspace/ros_ur_driver/install/ur_msgs/include/ur_msgs/msg/tool_data_msg.hpp
[1.188s] -- Up-to-date: /home/d-lab/workspace/ros_ur_driver/install/ur_msgs/include/ur_msgs/msg/robot_mode_data_msg.hpp
[1.188s] -- Up-to-date: /home/d-lab/workspace/ros_ur_driver/install/ur_msgs/include/ur_msgs/msg/robot_state_rt_msg.hpp
[1.188s] -- Up-to-date: /home/d-lab/workspace/ros_ur_driver/install/ur_msgs/include/ur_msgs/msg/digital.hpp
[1.189s] -- Up-to-date: /home/d-lab/workspace/ros_ur_driver/install/ur_msgs/include/ur_msgs/msg/analog.hpp
[1.189s] -- Up-to-date: /home/d-lab/workspace/ros_ur_driver/install/ur_msgs/include/ur_msgs/msg/detail
[1.189s] -- Up-to-date: /home/d-lab/workspace/ros_ur_driver/install/ur_msgs/include/ur_msgs/msg/detail/tool_data_msg__struct.hpp
[1.189s] -- Up-to-date: /home/d-lab/workspace/ros_ur_driver/install/ur_msgs/include/ur_msgs/msg/detail/digital__builder.hpp
[1.189s] -- Up-to-date: /home/d-lab/workspace/ros_ur_driver/install/ur_msgs/include/ur_msgs/msg/detail/robot_mode_data_msg__struct.hpp
[1.189s] -- Up-to-date: /home/d-lab/workspace/ros_ur_driver/install/ur_msgs/include/ur_msgs/msg/detail/robot_state_rt_msg__traits.hpp
[1.189s] -- Up-to-date: /home/d-lab/workspace/ros_ur_driver/install/ur_msgs/include/ur_msgs/msg/detail/digital__struct.hpp
[1.189s] -- Up-to-date: /home/d-lab/workspace/ros_ur_driver/install/ur_msgs/include/ur_msgs/msg/detail/io_states__builder.hpp
[1.189s] -- Up-to-date: /home/d-lab/workspace/ros_ur_driver/install/ur_msgs/include/ur_msgs/msg/detail/robot_mode_data_msg__traits.hpp
[1.189s] -- Up-to-date: /home/d-lab/workspace/ros_ur_driver/install/ur_msgs/include/ur_msgs/msg/detail/masterboard_data_msg__struct.hpp
[1.189s] -- Up-to-date: /home/d-lab/workspace/ros_ur_driver/install/ur_msgs/include/ur_msgs/msg/detail/io_states__struct.hpp
[1.189s] -- Up-to-date: /home/d-lab/workspace/ros_ur_driver/install/ur_msgs/include/ur_msgs/msg/detail/digital__traits.hpp
[1.190s] -- Up-to-date: /home/d-lab/workspace/ros_ur_driver/install/ur_msgs/include/ur_msgs/msg/detail/robot_mode_data_msg__builder.hpp
[1.190s] -- Up-to-date: /home/d-lab/workspace/ros_ur_driver/install/ur_msgs/include/ur_msgs/msg/detail/analog__builder.hpp
[1.190s] -- Up-to-date: /home/d-lab/workspace/ros_ur_driver/install/ur_msgs/include/ur_msgs/msg/detail/tool_data_msg__builder.hpp
[1.190s] -- Up-to-date: /home/d-lab/workspace/ros_ur_driver/install/ur_msgs/include/ur_msgs/msg/detail/io_states__traits.hpp
[1.190s] -- Up-to-date: /home/d-lab/workspace/ros_ur_driver/install/ur_msgs/include/ur_msgs/msg/detail/masterboard_data_msg__traits.hpp
[1.190s] -- Up-to-date: /home/d-lab/workspace/ros_ur_driver/install/ur_msgs/include/ur_msgs/msg/detail/analog__traits.hpp
[1.190s] -- Up-to-date: /home/d-lab/workspace/ros_ur_driver/install/ur_msgs/include/ur_msgs/msg/detail/tool_data_msg__traits.hpp
[1.190s] -- Up-to-date: /home/d-lab/workspace/ros_ur_driver/install/ur_msgs/include/ur_msgs/msg/detail/masterboard_data_msg__builder.hpp
[1.190s] -- Up-to-date: /home/d-lab/workspace/ros_ur_driver/install/ur_msgs/include/ur_msgs/msg/detail/robot_state_rt_msg__struct.hpp
[1.190s] -- Up-to-date: /home/d-lab/workspace/ros_ur_driver/install/ur_msgs/include/ur_msgs/msg/detail/analog__struct.hpp
[1.190s] -- Up-to-date: /home/d-lab/workspace/ros_ur_driver/install/ur_msgs/include/ur_msgs/msg/detail/robot_state_rt_msg__builder.hpp
[1.190s] -- Up-to-date: /home/d-lab/workspace/ros_ur_driver/install/ur_msgs/include/ur_msgs
[1.191s] -- Up-to-date: /home/d-lab/workspace/ros_ur_driver/install/ur_msgs/include/ur_msgs/srv
[1.191s] -- Up-to-date: /home/d-lab/workspace/ros_ur_driver/install/ur_msgs/include/ur_msgs/srv/detail
[1.191s] -- Up-to-date: /home/d-lab/workspace/ros_ur_driver/install/ur_msgs/include/ur_msgs/srv/detail/set_io__rosidl_typesupport_introspection_cpp.hpp
[1.191s] -- Up-to-date: /home/d-lab/workspace/ros_ur_driver/install/ur_msgs/include/ur_msgs/srv/detail/set_payload__rosidl_typesupport_introspection_cpp.hpp
[1.191s] -- Up-to-date: /home/d-lab/workspace/ros_ur_driver/install/ur_msgs/include/ur_msgs/srv/detail/set_io__type_support.cpp
[1.191s] -- Up-to-date: /home/d-lab/workspace/ros_ur_driver/install/ur_msgs/include/ur_msgs/srv/detail/set_speed_slider_fraction__type_support.cpp
[1.191s] -- Up-to-date: /home/d-lab/workspace/ros_ur_driver/install/ur_msgs/include/ur_msgs/srv/detail/set_speed_slider_fraction__rosidl_typesupport_introspection_cpp.hpp
[1.191s] -- Up-to-date: /home/d-lab/workspace/ros_ur_driver/install/ur_msgs/include/ur_msgs/srv/detail/set_payload__type_support.cpp
[1.191s] -- Up-to-date: /home/d-lab/workspace/ros_ur_driver/install/ur_msgs/include/ur_msgs/msg
[1.191s] -- Up-to-date: /home/d-lab/workspace/ros_ur_driver/install/ur_msgs/include/ur_msgs/msg/detail
[1.191s] -- Up-to-date: /home/d-lab/workspace/ros_ur_driver/install/ur_msgs/include/ur_msgs/msg/detail/tool_data_msg__rosidl_typesupport_introspection_cpp.hpp
[1.191s] -- Up-to-date: /home/d-lab/workspace/ros_ur_driver/install/ur_msgs/include/ur_msgs/msg/detail/io_states__rosidl_typesupport_introspection_cpp.hpp
[1.191s] -- Up-to-date: /home/d-lab/workspace/ros_ur_driver/install/ur_msgs/include/ur_msgs/msg/detail/robot_state_rt_msg__type_support.cpp
[1.192s] -- Up-to-date: /home/d-lab/workspace/ros_ur_driver/install/ur_msgs/include/ur_msgs/msg/detail/analog__type_support.cpp
[1.192s] -- Up-to-date: /home/d-lab/workspace/ros_ur_driver/install/ur_msgs/include/ur_msgs/msg/detail/robot_state_rt_msg__rosidl_typesupport_introspection_cpp.hpp
[1.192s] -- Up-to-date: /home/d-lab/workspace/ros_ur_driver/install/ur_msgs/include/ur_msgs/msg/detail/analog__rosidl_typesupport_introspection_cpp.hpp
[1.192s] -- Up-to-date: /home/d-lab/workspace/ros_ur_driver/install/ur_msgs/include/ur_msgs/msg/detail/robot_mode_data_msg__type_support.cpp
[1.192s] -- Up-to-date: /home/d-lab/workspace/ros_ur_driver/install/ur_msgs/include/ur_msgs/msg/detail/robot_mode_data_msg__rosidl_typesupport_introspection_cpp.hpp
[1.192s] -- Up-to-date: /home/d-lab/workspace/ros_ur_driver/install/ur_msgs/include/ur_msgs/msg/detail/digital__type_support.cpp
[1.192s] -- Up-to-date: /home/d-lab/workspace/ros_ur_driver/install/ur_msgs/include/ur_msgs/msg/detail/tool_data_msg__type_support.cpp
[1.192s] -- Up-to-date: /home/d-lab/workspace/ros_ur_driver/install/ur_msgs/include/ur_msgs/msg/detail/digital__rosidl_typesupport_introspection_cpp.hpp
[1.192s] -- Up-to-date: /home/d-lab/workspace/ros_ur_driver/install/ur_msgs/include/ur_msgs/msg/detail/io_states__type_support.cpp
[1.193s] -- Up-to-date: /home/d-lab/workspace/ros_ur_driver/install/ur_msgs/include/ur_msgs/msg/detail/masterboard_data_msg__rosidl_typesupport_introspection_cpp.hpp
[1.193s] -- Up-to-date: /home/d-lab/workspace/ros_ur_driver/install/ur_msgs/include/ur_msgs/msg/detail/masterboard_data_msg__type_support.cpp
[1.193s] -- Up-to-date: /home/d-lab/workspace/ros_ur_driver/install/ur_msgs/lib/libur_msgs__rosidl_typesupport_introspection_cpp.so
[1.193s] -- Up-to-date: /home/d-lab/workspace/ros_ur_driver/install/ur_msgs/lib/libur_msgs__rosidl_typesupport_cpp.so
[1.193s] -- Up-to-date: /home/d-lab/workspace/ros_ur_driver/install/ur_msgs/share/ur_msgs/environment/pythonpath.sh
[1.193s] -- Up-to-date: /home/d-lab/workspace/ros_ur_driver/install/ur_msgs/share/ur_msgs/environment/pythonpath.dsv
[1.193s] -- Up-to-date: /home/d-lab/workspace/ros_ur_driver/install/ur_msgs/lib/python3.8/site-packages/ur_msgs/__init__.py
[1.220s] -- Up-to-date: /home/d-lab/workspace/ros_ur_driver/install/ur_msgs/lib/python3.8/site-packages/ur_msgs/msg
[1.220s] -- Up-to-date: /home/d-lab/workspace/ros_ur_driver/install/ur_msgs/lib/python3.8/site-packages/ur_msgs/msg/_tool_data_msg_s.c
[1.220s] -- Up-to-date: /home/d-lab/workspace/ros_ur_driver/install/ur_msgs/lib/python3.8/site-packages/ur_msgs/msg/_analog.py
[1.220s] -- Up-to-date: /home/d-lab/workspace/ros_ur_driver/install/ur_msgs/lib/python3.8/site-packages/ur_msgs/msg/_analog_s.c
[1.220s] -- Up-to-date: /home/d-lab/workspace/ros_ur_driver/install/ur_msgs/lib/python3.8/site-packages/ur_msgs/msg/_robot_mode_data_msg_s.c
[1.220s] -- Up-to-date: /home/d-lab/workspace/ros_ur_driver/install/ur_msgs/lib/python3.8/site-packages/ur_msgs/msg/_tool_data_msg.py
[1.220s] -- Up-to-date: /home/d-lab/workspace/ros_ur_driver/install/ur_msgs/lib/python3.8/site-packages/ur_msgs/msg/_robot_state_rt_msg_s.c
[1.221s] -- Up-to-date: /home/d-lab/workspace/ros_ur_driver/install/ur_msgs/lib/python3.8/site-packages/ur_msgs/msg/_digital.py
[1.221s] -- Up-to-date: /home/d-lab/workspace/ros_ur_driver/install/ur_msgs/lib/python3.8/site-packages/ur_msgs/msg/_io_states_s.c
[1.221s] -- Up-to-date: /home/d-lab/workspace/ros_ur_driver/install/ur_msgs/lib/python3.8/site-packages/ur_msgs/msg/_robot_state_rt_msg.py
[1.221s] -- Up-to-date: /home/d-lab/workspace/ros_ur_driver/install/ur_msgs/lib/python3.8/site-packages/ur_msgs/msg/_digital_s.c
[1.221s] -- Up-to-date: /home/d-lab/workspace/ros_ur_driver/install/ur_msgs/lib/python3.8/site-packages/ur_msgs/msg/__init__.py
[1.221s] -- Up-to-date: /home/d-lab/workspace/ros_ur_driver/install/ur_msgs/lib/python3.8/site-packages/ur_msgs/msg/_io_states.py
[1.221s] -- Up-to-date: /home/d-lab/workspace/ros_ur_driver/install/ur_msgs/lib/python3.8/site-packages/ur_msgs/msg/_robot_mode_data_msg.py
[1.221s] -- Up-to-date: /home/d-lab/workspace/ros_ur_driver/install/ur_msgs/lib/python3.8/site-packages/ur_msgs/msg/_masterboard_data_msg_s.c
[1.221s] -- Up-to-date: /home/d-lab/workspace/ros_ur_driver/install/ur_msgs/lib/python3.8/site-packages/ur_msgs/msg/_masterboard_data_msg.py
[1.221s] -- Up-to-date: /home/d-lab/workspace/ros_ur_driver/install/ur_msgs/lib/python3.8/site-packages/ur_msgs/srv
[1.222s] -- Up-to-date: /home/d-lab/workspace/ros_ur_driver/install/ur_msgs/lib/python3.8/site-packages/ur_msgs/srv/_set_payload_s.c
[1.222s] -- Up-to-date: /home/d-lab/workspace/ros_ur_driver/install/ur_msgs/lib/python3.8/site-packages/ur_msgs/srv/_set_io_s.c
[1.222s] -- Up-to-date: /home/d-lab/workspace/ros_ur_driver/install/ur_msgs/lib/python3.8/site-packages/ur_msgs/srv/_set_io.py
[1.222s] -- Up-to-date: /home/d-lab/workspace/ros_ur_driver/install/ur_msgs/lib/python3.8/site-packages/ur_msgs/srv/__init__.py
[1.222s] -- Up-to-date: /home/d-lab/workspace/ros_ur_driver/install/ur_msgs/lib/python3.8/site-packages/ur_msgs/srv/_set_speed_slider_fraction.py
[1.222s] -- Up-to-date: /home/d-lab/workspace/ros_ur_driver/install/ur_msgs/lib/python3.8/site-packages/ur_msgs/srv/_set_speed_slider_fraction_s.c
[1.222s] -- Up-to-date: /home/d-lab/workspace/ros_ur_driver/install/ur_msgs/lib/python3.8/site-packages/ur_msgs/srv/_set_payload.py
[1.222s] -- Up-to-date: /home/d-lab/workspace/ros_ur_driver/install/ur_msgs/lib/python3.8/site-packages/ur_msgs/ur_msgs_s__rosidl_typesupport_fastrtps_c.cpython-38-x86_64-linux-gnu.so
[1.222s] -- Up-to-date: /home/d-lab/workspace/ros_ur_driver/install/ur_msgs/lib/python3.8/site-packages/ur_msgs/ur_msgs_s__rosidl_typesupport_introspection_c.cpython-38-x86_64-linux-gnu.so
[1.222s] -- Up-to-date: /home/d-lab/workspace/ros_ur_driver/install/ur_msgs/lib/python3.8/site-packages/ur_msgs/ur_msgs_s__rosidl_typesupport_c.cpython-38-x86_64-linux-gnu.so
[1.223s] -- Up-to-date: /home/d-lab/workspace/ros_ur_driver/install/ur_msgs/lib/libur_msgs__python.so
[1.223s] -- Up-to-date: /home/d-lab/workspace/ros_ur_driver/install/ur_msgs/share/ur_msgs/msg/Analog.idl
[1.223s] -- Up-to-date: /home/d-lab/workspace/ros_ur_driver/install/ur_msgs/share/ur_msgs/msg/Digital.idl
[1.223s] -- Up-to-date: /home/d-lab/workspace/ros_ur_driver/install/ur_msgs/share/ur_msgs/msg/IOStates.idl
[1.223s] -- Up-to-date: /home/d-lab/workspace/ros_ur_driver/install/ur_msgs/share/ur_msgs/msg/RobotStateRTMsg.idl
[1.223s] -- Up-to-date: /home/d-lab/workspace/ros_ur_driver/install/ur_msgs/share/ur_msgs/msg/MasterboardDataMsg.idl
[1.223s] -- Up-to-date: /home/d-lab/workspace/ros_ur_driver/install/ur_msgs/share/ur_msgs/msg/RobotModeDataMsg.idl
[1.223s] -- Up-to-date: /home/d-lab/workspace/ros_ur_driver/install/ur_msgs/share/ur_msgs/msg/ToolDataMsg.idl
[1.223s] -- Up-to-date: /home/d-lab/workspace/ros_ur_driver/install/ur_msgs/share/ur_msgs/srv/SetPayload.idl
[1.223s] -- Up-to-date: /home/d-lab/workspace/ros_ur_driver/install/ur_msgs/share/ur_msgs/srv/SetSpeedSliderFraction.idl
[1.223s] -- Up-to-date: /home/d-lab/workspace/ros_ur_driver/install/ur_msgs/share/ur_msgs/srv/SetIO.idl
[1.224s] -- Up-to-date: /home/d-lab/workspace/ros_ur_driver/install/ur_msgs/share/ur_msgs/msg/Analog.msg
[1.224s] -- Up-to-date: /home/d-lab/workspace/ros_ur_driver/install/ur_msgs/share/ur_msgs/msg/Digital.msg
[1.224s] -- Up-to-date: /home/d-lab/workspace/ros_ur_driver/install/ur_msgs/share/ur_msgs/msg/IOStates.msg
[1.224s] -- Up-to-date: /home/d-lab/workspace/ros_ur_driver/install/ur_msgs/share/ur_msgs/msg/RobotStateRTMsg.msg
[1.224s] -- Up-to-date: /home/d-lab/workspace/ros_ur_driver/install/ur_msgs/share/ur_msgs/msg/MasterboardDataMsg.msg
[1.224s] -- Up-to-date: /home/d-lab/workspace/ros_ur_driver/install/ur_msgs/share/ur_msgs/msg/RobotModeDataMsg.msg
[1.224s] -- Up-to-date: /home/d-lab/workspace/ros_ur_driver/install/ur_msgs/share/ur_msgs/msg/ToolDataMsg.msg
[1.224s] -- Up-to-date: /home/d-lab/workspace/ros_ur_driver/install/ur_msgs/share/ur_msgs/srv/SetPayload.srv
[1.224s] -- Up-to-date: /home/d-lab/workspace/ros_ur_driver/install/ur_msgs/share/ur_msgs/srv/SetPayload_Request.msg
[1.224s] -- Up-to-date: /home/d-lab/workspace/ros_ur_driver/install/ur_msgs/share/ur_msgs/srv/SetPayload_Response.msg
[1.224s] -- Up-to-date: /home/d-lab/workspace/ros_ur_driver/install/ur_msgs/share/ur_msgs/srv/SetSpeedSliderFraction.srv
[1.224s] -- Up-to-date: /home/d-lab/workspace/ros_ur_driver/install/ur_msgs/share/ur_msgs/srv/SetSpeedSliderFraction_Request.msg
[1.224s] -- Up-to-date: /home/d-lab/workspace/ros_ur_driver/install/ur_msgs/share/ur_msgs/srv/SetSpeedSliderFraction_Response.msg
[1.224s] -- Up-to-date: /home/d-lab/workspace/ros_ur_driver/install/ur_msgs/share/ur_msgs/srv/SetIO.srv
[1.224s] -- Up-to-date: /home/d-lab/workspace/ros_ur_driver/install/ur_msgs/share/ur_msgs/srv/SetIO_Request.msg
[1.225s] -- Up-to-date: /home/d-lab/workspace/ros_ur_driver/install/ur_msgs/share/ur_msgs/srv/SetIO_Response.msg
[1.225s] -- Up-to-date: /home/d-lab/workspace/ros_ur_driver/install/ur_msgs/share/ament_index/resource_index/package_run_dependencies/ur_msgs
[1.225s] -- Up-to-date: /home/d-lab/workspace/ros_ur_driver/install/ur_msgs/share/ament_index/resource_index/parent_prefix_path/ur_msgs
[1.225s] -- Up-to-date: /home/d-lab/workspace/ros_ur_driver/install/ur_msgs/share/ur_msgs/environment/ament_prefix_path.sh
[1.225s] -- Up-to-date: /home/d-lab/workspace/ros_ur_driver/install/ur_msgs/share/ur_msgs/environment/ament_prefix_path.dsv
[1.225s] -- Up-to-date: /home/d-lab/workspace/ros_ur_driver/install/ur_msgs/share/ur_msgs/environment/path.sh
[1.225s] -- Up-to-date: /home/d-lab/workspace/ros_ur_driver/install/ur_msgs/share/ur_msgs/environment/path.dsv
[1.225s] -- Up-to-date: /home/d-lab/workspace/ros_ur_driver/install/ur_msgs/share/ur_msgs/local_setup.bash
[1.225s] -- Up-to-date: /home/d-lab/workspace/ros_ur_driver/install/ur_msgs/share/ur_msgs/local_setup.sh
[1.225s] -- Up-to-date: /home/d-lab/workspace/ros_ur_driver/install/ur_msgs/share/ur_msgs/local_setup.zsh
[1.227s] -- Up-to-date: /home/d-lab/workspace/ros_ur_driver/install/ur_msgs/share/ur_msgs/local_setup.dsv
[1.227s] -- Installing: /home/d-lab/workspace/ros_ur_driver/install/ur_msgs/share/ur_msgs/package.dsv
[1.227s] -- Up-to-date: /home/d-lab/workspace/ros_ur_driver/install/ur_msgs/share/ament_index/resource_index/packages/ur_msgs
[1.227s] -- Up-to-date: /home/d-lab/workspace/ros_ur_driver/install/ur_msgs/share/ur_msgs/cmake/ur_msgs__rosidl_generator_cExport.cmake
[1.227s] -- Up-to-date: /home/d-lab/workspace/ros_ur_driver/install/ur_msgs/share/ur_msgs/cmake/ur_msgs__rosidl_generator_cExport-release.cmake
[1.228s] -- Up-to-date: /home/d-lab/workspace/ros_ur_driver/install/ur_msgs/share/ur_msgs/cmake/ur_msgs__rosidl_typesupport_introspection_cExport.cmake
[1.228s] -- Up-to-date: /home/d-lab/workspace/ros_ur_driver/install/ur_msgs/share/ur_msgs/cmake/ur_msgs__rosidl_typesupport_introspection_cExport-release.cmake
[1.228s] -- Up-to-date: /home/d-lab/workspace/ros_ur_driver/install/ur_msgs/share/ur_msgs/cmake/ur_msgs__rosidl_typesupport_cExport.cmake
[1.228s] -- Up-to-date: /home/d-lab/workspace/ros_ur_driver/install/ur_msgs/share/ur_msgs/cmake/ur_msgs__rosidl_typesupport_cExport-release.cmake
[1.228s] -- Up-to-date: /home/d-lab/workspace/ros_ur_driver/install/ur_msgs/share/ur_msgs/cmake/ur_msgs__rosidl_generator_cppExport.cmake
[1.228s] -- Up-to-date: /home/d-lab/workspace/ros_ur_driver/install/ur_msgs/share/ur_msgs/cmake/ur_msgs__rosidl_typesupport_introspection_cppExport.cmake
[1.229s] -- Up-to-date: /home/d-lab/workspace/ros_ur_driver/install/ur_msgs/share/ur_msgs/cmake/ur_msgs__rosidl_typesupport_introspection_cppExport-release.cmake
[1.229s] -- Up-to-date: /home/d-lab/workspace/ros_ur_driver/install/ur_msgs/share/ur_msgs/cmake/ur_msgs__rosidl_typesupport_cppExport.cmake
[1.229s] -- Up-to-date: /home/d-lab/workspace/ros_ur_driver/install/ur_msgs/share/ur_msgs/cmake/ur_msgs__rosidl_typesupport_cppExport-release.cmake
[1.230s] -- Up-to-date: /home/d-lab/workspace/ros_ur_driver/install/ur_msgs/share/ur_msgs/cmake/rosidl_cmake-extras.cmake
[1.230s] -- Up-to-date: /home/d-lab/workspace/ros_ur_driver/install/ur_msgs/share/ur_msgs/cmake/ament_cmake_export_dependencies-extras.cmake
[1.230s] -- Up-to-date: /home/d-lab/workspace/ros_ur_driver/install/ur_msgs/share/ur_msgs/cmake/ament_cmake_export_libraries-extras.cmake
[1.230s] -- Up-to-date: /home/d-lab/workspace/ros_ur_driver/install/ur_msgs/share/ur_msgs/cmake/ament_cmake_export_targets-extras.cmake
[1.230s] -- Up-to-date: /home/d-lab/workspace/ros_ur_driver/install/ur_msgs/share/ur_msgs/cmake/ament_cmake_export_include_directories-extras.cmake
[1.230s] -- Up-to-date: /home/d-lab/workspace/ros_ur_driver/install/ur_msgs/share/ur_msgs/cmake/rosidl_cmake_export_typesupport_libraries-extras.cmake
[1.231s] -- Up-to-date: /home/d-lab/workspace/ros_ur_driver/install/ur_msgs/share/ur_msgs/cmake/rosidl_cmake_export_typesupport_targets-extras.cmake
[1.231s] -- Up-to-date: /home/d-lab/workspace/ros_ur_driver/install/ur_msgs/share/ur_msgs/cmake/ur_msgsConfig.cmake
[1.231s] -- Up-to-date: /home/d-lab/workspace/ros_ur_driver/install/ur_msgs/share/ur_msgs/cmake/ur_msgsConfig-version.cmake
[1.231s] -- Up-to-date: /home/d-lab/workspace/ros_ur_driver/install/ur_msgs/share/ur_msgs/package.xml
[1.232s] Invoked command in '/home/d-lab/workspace/ros_ur_driver/build/ur_msgs' returned '0': CMAKE_PREFIX_PATH=${CMAKE_PREFIX_PATH}:/home/d-lab/workspace/ros_ur_driver/install/ros2controlcli:/home/d-lab/workspace/ros_ur_driver/install/ros2_control_test_nodes:/opt/ros/foxy /usr/bin/cmake --install /home/d-lab/workspace/ros_ur_driver/build/ur_msgs
