[0.078s] Invoking command in '/home/d-lab/workspace/ros_ur_driver/build/warehouse_ros_mongo': CMAKE_PREFIX_PATH=${CMAKE_PREFIX_PATH}:/home/d-lab/workspace/ros_ur_driver/install/utils:/home/d-lab/workspace/ros_ur_driver/install/ros2controlcli:/home/d-lab/workspace/ros_ur_driver/install/ros2_control_test_nodes:/home/d-lab/workspace/ros_ur_driver/install/robotiq_control:/home/d-lab/workspace/ros_ur_driver/install/gripper_control:/opt/ros/foxy /usr/bin/cmake /home/d-lab/workspace/ros_ur_driver/src/warehouse_ros_mongo -DCMAKE_BUILD_TYPE=Release -DCMAKE_INSTALL_PREFIX=/home/d-lab/workspace/ros_ur_driver/install/warehouse_ros_mongo
[0.520s] -- Found ament_cmake: 0.9.9 (/opt/ros/foxy/share/ament_cmake/cmake)
[0.520s] -- Found PythonInterp: /usr/bin/python3 (found suitable version "3.8.10", minimum required is "3") 
[0.520s] -- Using PYTHON_EXECUTABLE: /usr/bin/python3
[0.520s] -- Found rclcpp: 2.4.1 (/opt/ros/foxy/share/rclcpp/cmake)
[0.520s] -- Using all available rosidl_typesupport_c: rosidl_typesupport_fastrtps_c;rosidl_typesupport_introspection_c
[0.520s] -- Found rosidl_adapter: 1.2.1 (/opt/ros/foxy/share/rosidl_adapter/cmake)
[0.520s] -- Using all available rosidl_typesupport_cpp: rosidl_typesupport_fastrtps_cpp;rosidl_typesupport_introspection_cpp
[0.520s] -- Found rmw_implementation_cmake: 1.0.3 (/opt/ros/foxy/share/rmw_implementation_cmake/cmake)
[0.520s] -- Using RMW implementation 'rmw_fastrtps_cpp' as default
[0.624s] -- Found warehouse_ros: 2.0.3 (/opt/ros/foxy/share/warehouse_ros/cmake)
[0.996s] -- Found eigen3_cmake_module: 0.1.1 (/opt/ros/foxy/share/eigen3_cmake_module/cmake)
[1.021s] -- Found MONGODB: /usr/include, /usr/lib/x86_64-linux-gnu/libmongoclient.so
[1.021s] -- MONGODB using new interface: YES
[1.022s] -- Found rclpy: 1.0.8 (/opt/ros/foxy/share/rclpy/cmake)
[1.035s] -- Found launch_testing_ament_cmake: 0.10.8 (/opt/ros/foxy/share/launch_testing_ament_cmake/cmake)
[1.035s] -- Found python_cmake_module: 0.8.1 (/opt/ros/foxy/share/python_cmake_module/cmake)
[1.052s] -- Found PythonInterp: /usr/bin/python3 (found suitable version "3.8.10", minimum required is "3.5") 
[1.054s] -- Using PYTHON_EXECUTABLE: /usr/bin/python3
[1.054s] -- Using PYTHON_INCLUDE_DIRS: /usr/include/python3.8
[1.054s] -- Using PYTHON_LIBRARIES: /usr/lib/x86_64-linux-gnu/libpython3.8.so
[1.055s] -- Found ament_cmake_gtest: 0.9.9 (/opt/ros/foxy/share/ament_cmake_gtest/cmake)
[1.055s] -- Found gtest sources under '/opt/ros/foxy/src/gtest_vendor': C++ tests using 'Google Test' will be built
[1.058s] -- Found ament_lint_auto: 0.9.6 (/opt/ros/foxy/share/ament_lint_auto/cmake)
[1.131s] -- Added test 'copyright' to check source files copyright and LICENSE
[1.137s] -- Configuring done
[1.156s] -- Generating done
[1.158s] -- Build files have been written to: /home/d-lab/workspace/ros_ur_driver/build/warehouse_ros_mongo
[1.168s] Invoked command in '/home/d-lab/workspace/ros_ur_driver/build/warehouse_ros_mongo' returned '0': CMAKE_PREFIX_PATH=${CMAKE_PREFIX_PATH}:/home/d-lab/workspace/ros_ur_driver/install/utils:/home/d-lab/workspace/ros_ur_driver/install/ros2controlcli:/home/d-lab/workspace/ros_ur_driver/install/ros2_control_test_nodes:/home/d-lab/workspace/ros_ur_driver/install/robotiq_control:/home/d-lab/workspace/ros_ur_driver/install/gripper_control:/opt/ros/foxy /usr/bin/cmake /home/d-lab/workspace/ros_ur_driver/src/warehouse_ros_mongo -DCMAKE_BUILD_TYPE=Release -DCMAKE_INSTALL_PREFIX=/home/d-lab/workspace/ros_ur_driver/install/warehouse_ros_mongo
[1.171s] Invoking command in '/home/d-lab/workspace/ros_ur_driver/build/warehouse_ros_mongo': CMAKE_PREFIX_PATH=${CMAKE_PREFIX_PATH}:/home/d-lab/workspace/ros_ur_driver/install/utils:/home/d-lab/workspace/ros_ur_driver/install/ros2controlcli:/home/d-lab/workspace/ros_ur_driver/install/ros2_control_test_nodes:/home/d-lab/workspace/ros_ur_driver/install/robotiq_control:/home/d-lab/workspace/ros_ur_driver/install/gripper_control:/opt/ros/foxy /usr/bin/cmake --build /home/d-lab/workspace/ros_ur_driver/build/warehouse_ros_mongo -- -j16 -l16
[1.246s] [ 20%] Built target gtest_main
[1.256s] [ 60%] Built target warehouse_ros_mongo
[1.258s] [ 80%] Built target gtest
[1.298s] [100%] Built target test_warehouse_ros_mongo_cpp
[1.317s] Invoked command in '/home/d-lab/workspace/ros_ur_driver/build/warehouse_ros_mongo' returned '0': CMAKE_PREFIX_PATH=${CMAKE_PREFIX_PATH}:/home/d-lab/workspace/ros_ur_driver/install/utils:/home/d-lab/workspace/ros_ur_driver/install/ros2controlcli:/home/d-lab/workspace/ros_ur_driver/install/ros2_control_test_nodes:/home/d-lab/workspace/ros_ur_driver/install/robotiq_control:/home/d-lab/workspace/ros_ur_driver/install/gripper_control:/opt/ros/foxy /usr/bin/cmake --build /home/d-lab/workspace/ros_ur_driver/build/warehouse_ros_mongo -- -j16 -l16
[1.400s] Invoking command in '/home/d-lab/workspace/ros_ur_driver/build/warehouse_ros_mongo': CMAKE_PREFIX_PATH=${CMAKE_PREFIX_PATH}:/home/d-lab/workspace/ros_ur_driver/install/utils:/home/d-lab/workspace/ros_ur_driver/install/ros2controlcli:/home/d-lab/workspace/ros_ur_driver/install/ros2_control_test_nodes:/home/d-lab/workspace/ros_ur_driver/install/robotiq_control:/home/d-lab/workspace/ros_ur_driver/install/gripper_control:/opt/ros/foxy /usr/bin/cmake --install /home/d-lab/workspace/ros_ur_driver/build/warehouse_ros_mongo
[1.411s] -- Install configuration: "Release"
[1.411s] -- Up-to-date: /home/d-lab/workspace/ros_ur_driver/install/warehouse_ros_mongo/share/warehouse_ros_mongo/environment/pythonpath.sh
[1.411s] -- Installing: /home/d-lab/workspace/ros_ur_driver/install/warehouse_ros_mongo/share/warehouse_ros_mongo/environment/pythonpath.dsv
[1.411s] -- Up-to-date: /home/d-lab/workspace/ros_ur_driver/install/warehouse_ros_mongo/lib/python3.8/site-packages/warehouse_ros_mongo
[1.411s] -- Up-to-date: /home/d-lab/workspace/ros_ur_driver/install/warehouse_ros_mongo/lib/python3.8/site-packages/warehouse_ros_mongo/mongo_wrapper_ros.py
[1.411s] -- Up-to-date: /home/d-lab/workspace/ros_ur_driver/install/warehouse_ros_mongo/lib/python3.8/site-packages/warehouse_ros_mongo/__init__.py
[1.449s] Listing '/home/d-lab/workspace/ros_ur_driver/install/warehouse_ros_mongo/lib/python3.8/site-packages/warehouse_ros_mongo'...
[1.453s] -- Up-to-date: /home/d-lab/workspace/ros_ur_driver/install/warehouse_ros_mongo/lib/warehouse_ros_mongo/mongo_wrapper_ros.py
[1.453s] -- Up-to-date: /home/d-lab/workspace/ros_ur_driver/install/warehouse_ros_mongo/include
[1.453s] -- Up-to-date: /home/d-lab/workspace/ros_ur_driver/install/warehouse_ros_mongo/include/message_collection.h
[1.453s] -- Up-to-date: /home/d-lab/workspace/ros_ur_driver/install/warehouse_ros_mongo/include/metadata.h
[1.453s] -- Up-to-date: /home/d-lab/workspace/ros_ur_driver/install/warehouse_ros_mongo/include/query_results.h
[1.454s] -- Up-to-date: /home/d-lab/workspace/ros_ur_driver/install/warehouse_ros_mongo/include/database_connection.h
[1.454s] -- Up-to-date: /home/d-lab/workspace/ros_ur_driver/install/warehouse_ros_mongo/include/warehouse_ros_mongo/config.h
[1.454s] -- Up-to-date: /home/d-lab/workspace/ros_ur_driver/install/warehouse_ros_mongo/share/warehouse_ros_mongo/warehouse_ros_mongo.launch.py
[1.455s] -- Up-to-date: /home/d-lab/workspace/ros_ur_driver/install/warehouse_ros_mongo/share/warehouse_ros_mongo/cmake/FindMONGODB.cmake
[1.455s] -- Up-to-date: /home/d-lab/workspace/ros_ur_driver/install/warehouse_ros_mongo/lib/libwarehouse_ros_mongo.so
[1.455s] -- Up-to-date: /home/d-lab/workspace/ros_ur_driver/install/warehouse_ros_mongo/share/warehouse_ros_mongo/environment/library_path.sh
[1.455s] -- Installing: /home/d-lab/workspace/ros_ur_driver/install/warehouse_ros_mongo/share/warehouse_ros_mongo/environment/library_path.dsv
[1.455s] -- Up-to-date: /home/d-lab/workspace/ros_ur_driver/install/warehouse_ros_mongo/share/warehouse_ros_mongo/mongo_database_connection_plugin_description.xml
[1.455s] -- Up-to-date: /home/d-lab/workspace/ros_ur_driver/install/warehouse_ros_mongo/share/ament_index/resource_index/package_run_dependencies/warehouse_ros_mongo
[1.456s] -- Installing: /home/d-lab/workspace/ros_ur_driver/install/warehouse_ros_mongo/share/ament_index/resource_index/parent_prefix_path/warehouse_ros_mongo
[1.456s] -- Up-to-date: /home/d-lab/workspace/ros_ur_driver/install/warehouse_ros_mongo/share/warehouse_ros_mongo/environment/ament_prefix_path.sh
[1.456s] -- Installing: /home/d-lab/workspace/ros_ur_driver/install/warehouse_ros_mongo/share/warehouse_ros_mongo/environment/ament_prefix_path.dsv
[1.456s] -- Up-to-date: /home/d-lab/workspace/ros_ur_driver/install/warehouse_ros_mongo/share/warehouse_ros_mongo/environment/path.sh
[1.456s] -- Installing: /home/d-lab/workspace/ros_ur_driver/install/warehouse_ros_mongo/share/warehouse_ros_mongo/environment/path.dsv
[1.456s] -- Up-to-date: /home/d-lab/workspace/ros_ur_driver/install/warehouse_ros_mongo/share/warehouse_ros_mongo/local_setup.bash
[1.457s] -- Up-to-date: /home/d-lab/workspace/ros_ur_driver/install/warehouse_ros_mongo/share/warehouse_ros_mongo/local_setup.sh
[1.458s] -- Up-to-date: /home/d-lab/workspace/ros_ur_driver/install/warehouse_ros_mongo/share/warehouse_ros_mongo/local_setup.zsh
[1.458s] -- Installing: /home/d-lab/workspace/ros_ur_driver/install/warehouse_ros_mongo/share/warehouse_ros_mongo/local_setup.dsv
[1.458s] -- Installing: /home/d-lab/workspace/ros_ur_driver/install/warehouse_ros_mongo/share/warehouse_ros_mongo/package.dsv
[1.458s] -- Up-to-date: /home/d-lab/workspace/ros_ur_driver/install/warehouse_ros_mongo/share/ament_index/resource_index/packages/warehouse_ros_mongo
[1.458s] -- Up-to-date: /home/d-lab/workspace/ros_ur_driver/install/warehouse_ros_mongo/share/ament_index/resource_index/warehouse_ros__pluginlib__plugin/warehouse_ros_mongo
[1.458s] -- Up-to-date: /home/d-lab/workspace/ros_ur_driver/install/warehouse_ros_mongo/share/warehouse_ros_mongo/cmake/export_warehouse_ros_mongoExport.cmake
[1.458s] -- Installing: /home/d-lab/workspace/ros_ur_driver/install/warehouse_ros_mongo/share/warehouse_ros_mongo/cmake/export_warehouse_ros_mongoExport-release.cmake
[1.459s] -- Up-to-date: /home/d-lab/workspace/ros_ur_driver/install/warehouse_ros_mongo/share/warehouse_ros_mongo/cmake/ConfigExtras.cmake
[1.459s] -- Up-to-date: /home/d-lab/workspace/ros_ur_driver/install/warehouse_ros_mongo/share/warehouse_ros_mongo/cmake/ament_cmake_export_targets-extras.cmake
[1.459s] -- Up-to-date: /home/d-lab/workspace/ros_ur_driver/install/warehouse_ros_mongo/share/warehouse_ros_mongo/cmake/ament_cmake_export_dependencies-extras.cmake
[1.459s] -- Up-to-date: /home/d-lab/workspace/ros_ur_driver/install/warehouse_ros_mongo/share/warehouse_ros_mongo/cmake/warehouse_ros_mongoConfig.cmake
[1.459s] -- Up-to-date: /home/d-lab/workspace/ros_ur_driver/install/warehouse_ros_mongo/share/warehouse_ros_mongo/cmake/warehouse_ros_mongoConfig-version.cmake
[1.459s] -- Up-to-date: /home/d-lab/workspace/ros_ur_driver/install/warehouse_ros_mongo/share/warehouse_ros_mongo/package.xml
[1.475s] Invoked command in '/home/d-lab/workspace/ros_ur_driver/build/warehouse_ros_mongo' returned '0': CMAKE_PREFIX_PATH=${CMAKE_PREFIX_PATH}:/home/d-lab/workspace/ros_ur_driver/install/utils:/home/d-lab/workspace/ros_ur_driver/install/ros2controlcli:/home/d-lab/workspace/ros_ur_driver/install/ros2_control_test_nodes:/home/d-lab/workspace/ros_ur_driver/install/robotiq_control:/home/d-lab/workspace/ros_ur_driver/install/gripper_control:/opt/ros/foxy /usr/bin/cmake --install /home/d-lab/workspace/ros_ur_driver/build/warehouse_ros_mongo
