[  0%] Built target controller_manager_msgs__cpp
[ 12%] Built target controller_manager_msgs__rosidl_generator_c
[ 24%] Built target controller_manager_msgs__rosidl_typesupport_cpp
[ 36%] Built target controller_manager_msgs__rosidl_typesupport_c
[ 48%] Built target controller_manager_msgs__rosidl_typesupport_introspection_cpp
[ 60%] Built target controller_manager_msgs__rosidl_typesupport_introspection_c
[ 72%] Built target controller_manager_msgs__rosidl_typesupport_fastrtps_cpp
[ 84%] Built target controller_manager_msgs__rosidl_typesupport_fastrtps_c
[ 84%] Built target controller_manager_msgs
[ 85%] Built target controller_manager_msgs__py
[ 96%] Built target controller_manager_msgs__python
[ 99%] Built target controller_manager_msgs__rosidl_typesupport_fastrtps_c__pyext
[ 99%] Built target controller_manager_msgs__rosidl_typesupport_c__pyext
[100%] Built target controller_manager_msgs__rosidl_typesupport_introspection_c__pyext
-- Install configuration: ""
-- Installing: /home/d-lab/workspace/ros_ur_driver/src/install/controller_manager_msgs/share/ament_index/resource_index/rosidl_interfaces/controller_manager_msgs
-- Installing: /home/d-lab/workspace/ros_ur_driver/src/install/controller_manager_msgs/include/controller_manager_msgs
-- Installing: /home/d-lab/workspace/ros_ur_driver/src/install/controller_manager_msgs/include/controller_manager_msgs/srv
-- Installing: /home/d-lab/workspace/ros_ur_driver/src/install/controller_manager_msgs/include/controller_manager_msgs/srv/reload_controller_libraries.h
-- Installing: /home/d-lab/workspace/ros_ur_driver/src/install/controller_manager_msgs/include/controller_manager_msgs/srv/list_controller_types.h
-- Installing: /home/d-lab/workspace/ros_ur_driver/src/install/controller_manager_msgs/include/controller_manager_msgs/srv/switch_controller.h
-- Installing: /home/d-lab/workspace/ros_ur_driver/src/install/controller_manager_msgs/include/controller_manager_msgs/srv/configure_start_controller.h
-- Installing: /home/d-lab/workspace/ros_ur_driver/src/install/controller_manager_msgs/include/controller_manager_msgs/srv/configure_controller.h
-- Installing: /home/d-lab/workspace/ros_ur_driver/src/install/controller_manager_msgs/include/controller_manager_msgs/srv/unload_controller.h
-- Installing: /home/d-lab/workspace/ros_ur_driver/src/install/controller_manager_msgs/include/controller_manager_msgs/srv/load_configure_controller.h
-- Installing: /home/d-lab/workspace/ros_ur_driver/src/install/controller_manager_msgs/include/controller_manager_msgs/srv/load_start_controller.h
-- Installing: /home/d-lab/workspace/ros_ur_driver/src/install/controller_manager_msgs/include/controller_manager_msgs/srv/list_hardware_interfaces.h
-- Installing: /home/d-lab/workspace/ros_ur_driver/src/install/controller_manager_msgs/include/controller_manager_msgs/srv/list_controllers.h
-- Installing: /home/d-lab/workspace/ros_ur_driver/src/install/controller_manager_msgs/include/controller_manager_msgs/srv/load_controller.h
-- Installing: /home/d-lab/workspace/ros_ur_driver/src/install/controller_manager_msgs/include/controller_manager_msgs/srv/detail
-- Installing: /home/d-lab/workspace/ros_ur_driver/src/install/controller_manager_msgs/include/controller_manager_msgs/srv/detail/load_configure_controller__functions.c
-- Installing: /home/d-lab/workspace/ros_ur_driver/src/install/controller_manager_msgs/include/controller_manager_msgs/srv/detail/load_start_controller__functions.c
-- Installing: /home/d-lab/workspace/ros_ur_driver/src/install/controller_manager_msgs/include/controller_manager_msgs/srv/detail/configure_controller__type_support.h
-- Installing: /home/d-lab/workspace/ros_ur_driver/src/install/controller_manager_msgs/include/controller_manager_msgs/srv/detail/configure_controller__functions.c
-- Installing: /home/d-lab/workspace/ros_ur_driver/src/install/controller_manager_msgs/include/controller_manager_msgs/srv/detail/configure_start_controller__struct.h
-- Installing: /home/d-lab/workspace/ros_ur_driver/src/install/controller_manager_msgs/include/controller_manager_msgs/srv/detail/list_controllers__functions.h
-- Installing: /home/d-lab/workspace/ros_ur_driver/src/install/controller_manager_msgs/include/controller_manager_msgs/srv/detail/list_controller_types__type_support.h
-- Installing: /home/d-lab/workspace/ros_ur_driver/src/install/controller_manager_msgs/include/controller_manager_msgs/srv/detail/list_controllers__struct.h
-- Installing: /home/d-lab/workspace/ros_ur_driver/src/install/controller_manager_msgs/include/controller_manager_msgs/srv/detail/list_hardware_interfaces__functions.h
-- Installing: /home/d-lab/workspace/ros_ur_driver/src/install/controller_manager_msgs/include/controller_manager_msgs/srv/detail/list_hardware_interfaces__struct.h
-- Installing: /home/d-lab/workspace/ros_ur_driver/src/install/controller_manager_msgs/include/controller_manager_msgs/srv/detail/list_hardware_interfaces__functions.c
-- Installing: /home/d-lab/workspace/ros_ur_driver/src/install/controller_manager_msgs/include/controller_manager_msgs/srv/detail/load_controller__struct.h
-- Installing: /home/d-lab/workspace/ros_ur_driver/src/install/controller_manager_msgs/include/controller_manager_msgs/srv/detail/load_start_controller__struct.h
-- Installing: /home/d-lab/workspace/ros_ur_driver/src/install/controller_manager_msgs/include/controller_manager_msgs/srv/detail/unload_controller__type_support.h
-- Installing: /home/d-lab/workspace/ros_ur_driver/src/install/controller_manager_msgs/include/controller_manager_msgs/srv/detail/switch_controller__struct.h
-- Installing: /home/d-lab/workspace/ros_ur_driver/src/install/controller_manager_msgs/include/controller_manager_msgs/srv/detail/load_controller__type_support.h
-- Installing: /home/d-lab/workspace/ros_ur_driver/src/install/controller_manager_msgs/include/controller_manager_msgs/srv/detail/unload_controller__struct.h
-- Installing: /home/d-lab/workspace/ros_ur_driver/src/install/controller_manager_msgs/include/controller_manager_msgs/srv/detail/unload_controller__functions.h
-- Installing: /home/d-lab/workspace/ros_ur_driver/src/install/controller_manager_msgs/include/controller_manager_msgs/srv/detail/load_configure_controller__struct.h
-- Installing: /home/d-lab/workspace/ros_ur_driver/src/install/controller_manager_msgs/include/controller_manager_msgs/srv/detail/configure_controller__functions.h
-- Installing: /home/d-lab/workspace/ros_ur_driver/src/install/controller_manager_msgs/include/controller_manager_msgs/srv/detail/list_controller_types__functions.c
-- Installing: /home/d-lab/workspace/ros_ur_driver/src/install/controller_manager_msgs/include/controller_manager_msgs/srv/detail/configure_controller__struct.h
-- Installing: /home/d-lab/workspace/ros_ur_driver/src/install/controller_manager_msgs/include/controller_manager_msgs/srv/detail/load_start_controller__functions.h
-- Installing: /home/d-lab/workspace/ros_ur_driver/src/install/controller_manager_msgs/include/controller_manager_msgs/srv/detail/list_controllers__type_support.h
-- Installing: /home/d-lab/workspace/ros_ur_driver/src/install/controller_manager_msgs/include/controller_manager_msgs/srv/detail/configure_start_controller__functions.h
-- Installing: /home/d-lab/workspace/ros_ur_driver/src/install/controller_manager_msgs/include/controller_manager_msgs/srv/detail/list_controller_types__struct.h
-- Installing: /home/d-lab/workspace/ros_ur_driver/src/install/controller_manager_msgs/include/controller_manager_msgs/srv/detail/reload_controller_libraries__functions.h
-- Installing: /home/d-lab/workspace/ros_ur_driver/src/install/controller_manager_msgs/include/controller_manager_msgs/srv/detail/list_controller_types__functions.h
-- Installing: /home/d-lab/workspace/ros_ur_driver/src/install/controller_manager_msgs/include/controller_manager_msgs/srv/detail/configure_start_controller__type_support.h
-- Installing: /home/d-lab/workspace/ros_ur_driver/src/install/controller_manager_msgs/include/controller_manager_msgs/srv/detail/reload_controller_libraries__type_support.h
-- Installing: /home/d-lab/workspace/ros_ur_driver/src/install/controller_manager_msgs/include/controller_manager_msgs/srv/detail/load_controller__functions.h
-- Installing: /home/d-lab/workspace/ros_ur_driver/src/install/controller_manager_msgs/include/controller_manager_msgs/srv/detail/reload_controller_libraries__functions.c
-- Installing: /home/d-lab/workspace/ros_ur_driver/src/install/controller_manager_msgs/include/controller_manager_msgs/srv/detail/switch_controller__functions.h
-- Installing: /home/d-lab/workspace/ros_ur_driver/src/install/controller_manager_msgs/include/controller_manager_msgs/srv/detail/list_hardware_interfaces__type_support.h
-- Installing: /home/d-lab/workspace/ros_ur_driver/src/install/controller_manager_msgs/include/controller_manager_msgs/srv/detail/reload_controller_libraries__struct.h
-- Installing: /home/d-lab/workspace/ros_ur_driver/src/install/controller_manager_msgs/include/controller_manager_msgs/srv/detail/load_controller__functions.c
-- Installing: /home/d-lab/workspace/ros_ur_driver/src/install/controller_manager_msgs/include/controller_manager_msgs/srv/detail/list_controllers__functions.c
-- Installing: /home/d-lab/workspace/ros_ur_driver/src/install/controller_manager_msgs/include/controller_manager_msgs/srv/detail/switch_controller__functions.c
-- Installing: /home/d-lab/workspace/ros_ur_driver/src/install/controller_manager_msgs/include/controller_manager_msgs/srv/detail/switch_controller__type_support.h
-- Installing: /home/d-lab/workspace/ros_ur_driver/src/install/controller_manager_msgs/include/controller_manager_msgs/srv/detail/unload_controller__functions.c
-- Installing: /home/d-lab/workspace/ros_ur_driver/src/install/controller_manager_msgs/include/controller_manager_msgs/srv/detail/load_configure_controller__type_support.h
-- Installing: /home/d-lab/workspace/ros_ur_driver/src/install/controller_manager_msgs/include/controller_manager_msgs/srv/detail/load_configure_controller__functions.h
-- Installing: /home/d-lab/workspace/ros_ur_driver/src/install/controller_manager_msgs/include/controller_manager_msgs/srv/detail/configure_start_controller__functions.c
-- Installing: /home/d-lab/workspace/ros_ur_driver/src/install/controller_manager_msgs/include/controller_manager_msgs/srv/detail/load_start_controller__type_support.h
-- Installing: /home/d-lab/workspace/ros_ur_driver/src/install/controller_manager_msgs/include/controller_manager_msgs/msg
-- Installing: /home/d-lab/workspace/ros_ur_driver/src/install/controller_manager_msgs/include/controller_manager_msgs/msg/rosidl_generator_c__visibility_control.h
-- Installing: /home/d-lab/workspace/ros_ur_driver/src/install/controller_manager_msgs/include/controller_manager_msgs/msg/controller_state.h
-- Installing: /home/d-lab/workspace/ros_ur_driver/src/install/controller_manager_msgs/include/controller_manager_msgs/msg/hardware_interface.h
-- Installing: /home/d-lab/workspace/ros_ur_driver/src/install/controller_manager_msgs/include/controller_manager_msgs/msg/detail
-- Installing: /home/d-lab/workspace/ros_ur_driver/src/install/controller_manager_msgs/include/controller_manager_msgs/msg/detail/controller_state__struct.h
-- Installing: /home/d-lab/workspace/ros_ur_driver/src/install/controller_manager_msgs/include/controller_manager_msgs/msg/detail/controller_state__functions.h
-- Installing: /home/d-lab/workspace/ros_ur_driver/src/install/controller_manager_msgs/include/controller_manager_msgs/msg/detail/hardware_interface__type_support.h
-- Installing: /home/d-lab/workspace/ros_ur_driver/src/install/controller_manager_msgs/include/controller_manager_msgs/msg/detail/controller_state__functions.c
-- Installing: /home/d-lab/workspace/ros_ur_driver/src/install/controller_manager_msgs/include/controller_manager_msgs/msg/detail/hardware_interface__functions.h
-- Installing: /home/d-lab/workspace/ros_ur_driver/src/install/controller_manager_msgs/include/controller_manager_msgs/msg/detail/hardware_interface__struct.h
-- Installing: /home/d-lab/workspace/ros_ur_driver/src/install/controller_manager_msgs/include/controller_manager_msgs/msg/detail/controller_state__type_support.h
-- Installing: /home/d-lab/workspace/ros_ur_driver/src/install/controller_manager_msgs/include/controller_manager_msgs/msg/detail/hardware_interface__functions.c
-- Installing: /home/d-lab/workspace/ros_ur_driver/src/install/controller_manager_msgs/share/controller_manager_msgs/environment/library_path.sh
-- Installing: /home/d-lab/workspace/ros_ur_driver/src/install/controller_manager_msgs/share/controller_manager_msgs/environment/library_path.dsv
-- Installing: /home/d-lab/workspace/ros_ur_driver/src/install/controller_manager_msgs/lib/libcontroller_manager_msgs__rosidl_generator_c.so
-- Set runtime path of "/home/d-lab/workspace/ros_ur_driver/src/install/controller_manager_msgs/lib/libcontroller_manager_msgs__rosidl_generator_c.so" to ""
-- Up-to-date: /home/d-lab/workspace/ros_ur_driver/src/install/controller_manager_msgs/include/controller_manager_msgs
-- Up-to-date: /home/d-lab/workspace/ros_ur_driver/src/install/controller_manager_msgs/include/controller_manager_msgs/srv
-- Up-to-date: /home/d-lab/workspace/ros_ur_driver/src/install/controller_manager_msgs/include/controller_manager_msgs/srv/detail
-- Installing: /home/d-lab/workspace/ros_ur_driver/src/install/controller_manager_msgs/include/controller_manager_msgs/srv/detail/load_start_controller__rosidl_typesupport_fastrtps_c.h
-- Installing: /home/d-lab/workspace/ros_ur_driver/src/install/controller_manager_msgs/include/controller_manager_msgs/srv/detail/list_hardware_interfaces__rosidl_typesupport_fastrtps_c.h
-- Installing: /home/d-lab/workspace/ros_ur_driver/src/install/controller_manager_msgs/include/controller_manager_msgs/srv/detail/configure_controller__rosidl_typesupport_fastrtps_c.h
-- Installing: /home/d-lab/workspace/ros_ur_driver/src/install/controller_manager_msgs/include/controller_manager_msgs/srv/detail/unload_controller__rosidl_typesupport_fastrtps_c.h
-- Installing: /home/d-lab/workspace/ros_ur_driver/src/install/controller_manager_msgs/include/controller_manager_msgs/srv/detail/configure_start_controller__rosidl_typesupport_fastrtps_c.h
-- Installing: /home/d-lab/workspace/ros_ur_driver/src/install/controller_manager_msgs/include/controller_manager_msgs/srv/detail/reload_controller_libraries__rosidl_typesupport_fastrtps_c.h
-- Installing: /home/d-lab/workspace/ros_ur_driver/src/install/controller_manager_msgs/include/controller_manager_msgs/srv/detail/switch_controller__rosidl_typesupport_fastrtps_c.h
-- Installing: /home/d-lab/workspace/ros_ur_driver/src/install/controller_manager_msgs/include/controller_manager_msgs/srv/detail/load_configure_controller__rosidl_typesupport_fastrtps_c.h
-- Installing: /home/d-lab/workspace/ros_ur_driver/src/install/controller_manager_msgs/include/controller_manager_msgs/srv/detail/list_controller_types__rosidl_typesupport_fastrtps_c.h
-- Installing: /home/d-lab/workspace/ros_ur_driver/src/install/controller_manager_msgs/include/controller_manager_msgs/srv/detail/load_controller__rosidl_typesupport_fastrtps_c.h
-- Installing: /home/d-lab/workspace/ros_ur_driver/src/install/controller_manager_msgs/include/controller_manager_msgs/srv/detail/list_controllers__rosidl_typesupport_fastrtps_c.h
-- Up-to-date: /home/d-lab/workspace/ros_ur_driver/src/install/controller_manager_msgs/include/controller_manager_msgs/msg
-- Installing: /home/d-lab/workspace/ros_ur_driver/src/install/controller_manager_msgs/include/controller_manager_msgs/msg/rosidl_typesupport_fastrtps_c__visibility_control.h
-- Up-to-date: /home/d-lab/workspace/ros_ur_driver/src/install/controller_manager_msgs/include/controller_manager_msgs/msg/detail
-- Installing: /home/d-lab/workspace/ros_ur_driver/src/install/controller_manager_msgs/include/controller_manager_msgs/msg/detail/hardware_interface__rosidl_typesupport_fastrtps_c.h
-- Installing: /home/d-lab/workspace/ros_ur_driver/src/install/controller_manager_msgs/include/controller_manager_msgs/msg/detail/controller_state__rosidl_typesupport_fastrtps_c.h
-- Installing: /home/d-lab/workspace/ros_ur_driver/src/install/controller_manager_msgs/lib/libcontroller_manager_msgs__rosidl_typesupport_fastrtps_c.so
-- Set runtime path of "/home/d-lab/workspace/ros_ur_driver/src/install/controller_manager_msgs/lib/libcontroller_manager_msgs__rosidl_typesupport_fastrtps_c.so" to ""
-- Up-to-date: /home/d-lab/workspace/ros_ur_driver/src/install/controller_manager_msgs/include/controller_manager_msgs
-- Up-to-date: /home/d-lab/workspace/ros_ur_driver/src/install/controller_manager_msgs/include/controller_manager_msgs/srv
-- Up-to-date: /home/d-lab/workspace/ros_ur_driver/src/install/controller_manager_msgs/include/controller_manager_msgs/srv/detail
-- Installing: /home/d-lab/workspace/ros_ur_driver/src/install/controller_manager_msgs/include/controller_manager_msgs/srv/detail/load_controller__rosidl_typesupport_fastrtps_cpp.hpp
-- Installing: /home/d-lab/workspace/ros_ur_driver/src/install/controller_manager_msgs/include/controller_manager_msgs/srv/detail/configure_controller__rosidl_typesupport_fastrtps_cpp.hpp
-- Installing: /home/d-lab/workspace/ros_ur_driver/src/install/controller_manager_msgs/include/controller_manager_msgs/srv/detail/switch_controller__rosidl_typesupport_fastrtps_cpp.hpp
-- Installing: /home/d-lab/workspace/ros_ur_driver/src/install/controller_manager_msgs/include/controller_manager_msgs/srv/detail/dds_fastrtps
-- Installing: /home/d-lab/workspace/ros_ur_driver/src/install/controller_manager_msgs/include/controller_manager_msgs/srv/detail/configure_start_controller__rosidl_typesupport_fastrtps_cpp.hpp
-- Installing: /home/d-lab/workspace/ros_ur_driver/src/install/controller_manager_msgs/include/controller_manager_msgs/srv/detail/unload_controller__rosidl_typesupport_fastrtps_cpp.hpp
-- Installing: /home/d-lab/workspace/ros_ur_driver/src/install/controller_manager_msgs/include/controller_manager_msgs/srv/detail/list_hardware_interfaces__rosidl_typesupport_fastrtps_cpp.hpp
-- Installing: /home/d-lab/workspace/ros_ur_driver/src/install/controller_manager_msgs/include/controller_manager_msgs/srv/detail/load_configure_controller__rosidl_typesupport_fastrtps_cpp.hpp
-- Installing: /home/d-lab/workspace/ros_ur_driver/src/install/controller_manager_msgs/include/controller_manager_msgs/srv/detail/list_controller_types__rosidl_typesupport_fastrtps_cpp.hpp
-- Installing: /home/d-lab/workspace/ros_ur_driver/src/install/controller_manager_msgs/include/controller_manager_msgs/srv/detail/load_start_controller__rosidl_typesupport_fastrtps_cpp.hpp
-- Installing: /home/d-lab/workspace/ros_ur_driver/src/install/controller_manager_msgs/include/controller_manager_msgs/srv/detail/list_controllers__rosidl_typesupport_fastrtps_cpp.hpp
-- Installing: /home/d-lab/workspace/ros_ur_driver/src/install/controller_manager_msgs/include/controller_manager_msgs/srv/detail/reload_controller_libraries__rosidl_typesupport_fastrtps_cpp.hpp
-- Up-to-date: /home/d-lab/workspace/ros_ur_driver/src/install/controller_manager_msgs/include/controller_manager_msgs/msg
-- Installing: /home/d-lab/workspace/ros_ur_driver/src/install/controller_manager_msgs/include/controller_manager_msgs/msg/rosidl_typesupport_fastrtps_cpp__visibility_control.h
-- Up-to-date: /home/d-lab/workspace/ros_ur_driver/src/install/controller_manager_msgs/include/controller_manager_msgs/msg/detail
-- Installing: /home/d-lab/workspace/ros_ur_driver/src/install/controller_manager_msgs/include/controller_manager_msgs/msg/detail/hardware_interface__rosidl_typesupport_fastrtps_cpp.hpp
-- Installing: /home/d-lab/workspace/ros_ur_driver/src/install/controller_manager_msgs/include/controller_manager_msgs/msg/detail/dds_fastrtps
-- Installing: /home/d-lab/workspace/ros_ur_driver/src/install/controller_manager_msgs/include/controller_manager_msgs/msg/detail/controller_state__rosidl_typesupport_fastrtps_cpp.hpp
-- Installing: /home/d-lab/workspace/ros_ur_driver/src/install/controller_manager_msgs/lib/libcontroller_manager_msgs__rosidl_typesupport_fastrtps_cpp.so
-- Set runtime path of "/home/d-lab/workspace/ros_ur_driver/src/install/controller_manager_msgs/lib/libcontroller_manager_msgs__rosidl_typesupport_fastrtps_cpp.so" to ""
-- Up-to-date: /home/d-lab/workspace/ros_ur_driver/src/install/controller_manager_msgs/include/controller_manager_msgs
-- Up-to-date: /home/d-lab/workspace/ros_ur_driver/src/install/controller_manager_msgs/include/controller_manager_msgs/srv
-- Up-to-date: /home/d-lab/workspace/ros_ur_driver/src/install/controller_manager_msgs/include/controller_manager_msgs/srv/detail
-- Installing: /home/d-lab/workspace/ros_ur_driver/src/install/controller_manager_msgs/include/controller_manager_msgs/srv/detail/list_controllers__rosidl_typesupport_introspection_c.h
-- Installing: /home/d-lab/workspace/ros_ur_driver/src/install/controller_manager_msgs/include/controller_manager_msgs/srv/detail/load_start_controller__rosidl_typesupport_introspection_c.h
-- Installing: /home/d-lab/workspace/ros_ur_driver/src/install/controller_manager_msgs/include/controller_manager_msgs/srv/detail/list_hardware_interfaces__type_support.c
-- Installing: /home/d-lab/workspace/ros_ur_driver/src/install/controller_manager_msgs/include/controller_manager_msgs/srv/detail/load_configure_controller__type_support.c
-- Installing: /home/d-lab/workspace/ros_ur_driver/src/install/controller_manager_msgs/include/controller_manager_msgs/srv/detail/unload_controller__rosidl_typesupport_introspection_c.h
-- Installing: /home/d-lab/workspace/ros_ur_driver/src/install/controller_manager_msgs/include/controller_manager_msgs/srv/detail/reload_controller_libraries__rosidl_typesupport_introspection_c.h
-- Installing: /home/d-lab/workspace/ros_ur_driver/src/install/controller_manager_msgs/include/controller_manager_msgs/srv/detail/list_hardware_interfaces__rosidl_typesupport_introspection_c.h
-- Installing: /home/d-lab/workspace/ros_ur_driver/src/install/controller_manager_msgs/include/controller_manager_msgs/srv/detail/list_controller_types__rosidl_typesupport_introspection_c.h
-- Installing: /home/d-lab/workspace/ros_ur_driver/src/install/controller_manager_msgs/include/controller_manager_msgs/srv/detail/list_controllers__type_support.c
-- Installing: /home/d-lab/workspace/ros_ur_driver/src/install/controller_manager_msgs/include/controller_manager_msgs/srv/detail/unload_controller__type_support.c
-- Installing: /home/d-lab/workspace/ros_ur_driver/src/install/controller_manager_msgs/include/controller_manager_msgs/srv/detail/configure_start_controller__type_support.c
-- Installing: /home/d-lab/workspace/ros_ur_driver/src/install/controller_manager_msgs/include/controller_manager_msgs/srv/detail/load_controller__type_support.c
-- Installing: /home/d-lab/workspace/ros_ur_driver/src/install/controller_manager_msgs/include/controller_manager_msgs/srv/detail/switch_controller__rosidl_typesupport_introspection_c.h
-- Installing: /home/d-lab/workspace/ros_ur_driver/src/install/controller_manager_msgs/include/controller_manager_msgs/srv/detail/load_start_controller__type_support.c
-- Installing: /home/d-lab/workspace/ros_ur_driver/src/install/controller_manager_msgs/include/controller_manager_msgs/srv/detail/configure_start_controller__rosidl_typesupport_introspection_c.h
-- Installing: /home/d-lab/workspace/ros_ur_driver/src/install/controller_manager_msgs/include/controller_manager_msgs/srv/detail/load_configure_controller__rosidl_typesupport_introspection_c.h
-- Installing: /home/d-lab/workspace/ros_ur_driver/src/install/controller_manager_msgs/include/controller_manager_msgs/srv/detail/load_controller__rosidl_typesupport_introspection_c.h
-- Installing: /home/d-lab/workspace/ros_ur_driver/src/install/controller_manager_msgs/include/controller_manager_msgs/srv/detail/list_controller_types__type_support.c
-- Installing: /home/d-lab/workspace/ros_ur_driver/src/install/controller_manager_msgs/include/controller_manager_msgs/srv/detail/configure_controller__type_support.c
-- Installing: /home/d-lab/workspace/ros_ur_driver/src/install/controller_manager_msgs/include/controller_manager_msgs/srv/detail/configure_controller__rosidl_typesupport_introspection_c.h
-- Installing: /home/d-lab/workspace/ros_ur_driver/src/install/controller_manager_msgs/include/controller_manager_msgs/srv/detail/reload_controller_libraries__type_support.c
-- Installing: /home/d-lab/workspace/ros_ur_driver/src/install/controller_manager_msgs/include/controller_manager_msgs/srv/detail/switch_controller__type_support.c
-- Up-to-date: /home/d-lab/workspace/ros_ur_driver/src/install/controller_manager_msgs/include/controller_manager_msgs/msg
-- Installing: /home/d-lab/workspace/ros_ur_driver/src/install/controller_manager_msgs/include/controller_manager_msgs/msg/rosidl_typesupport_introspection_c__visibility_control.h
-- Up-to-date: /home/d-lab/workspace/ros_ur_driver/src/install/controller_manager_msgs/include/controller_manager_msgs/msg/detail
-- Installing: /home/d-lab/workspace/ros_ur_driver/src/install/controller_manager_msgs/include/controller_manager_msgs/msg/detail/controller_state__rosidl_typesupport_introspection_c.h
-- Installing: /home/d-lab/workspace/ros_ur_driver/src/install/controller_manager_msgs/include/controller_manager_msgs/msg/detail/hardware_interface__type_support.c
-- Installing: /home/d-lab/workspace/ros_ur_driver/src/install/controller_manager_msgs/include/controller_manager_msgs/msg/detail/controller_state__type_support.c
-- Installing: /home/d-lab/workspace/ros_ur_driver/src/install/controller_manager_msgs/include/controller_manager_msgs/msg/detail/hardware_interface__rosidl_typesupport_introspection_c.h
-- Installing: /home/d-lab/workspace/ros_ur_driver/src/install/controller_manager_msgs/lib/libcontroller_manager_msgs__rosidl_typesupport_introspection_c.so
-- Set runtime path of "/home/d-lab/workspace/ros_ur_driver/src/install/controller_manager_msgs/lib/libcontroller_manager_msgs__rosidl_typesupport_introspection_c.so" to ""
-- Installing: /home/d-lab/workspace/ros_ur_driver/src/install/controller_manager_msgs/lib/libcontroller_manager_msgs__rosidl_typesupport_c.so
-- Set runtime path of "/home/d-lab/workspace/ros_ur_driver/src/install/controller_manager_msgs/lib/libcontroller_manager_msgs__rosidl_typesupport_c.so" to ""
-- Up-to-date: /home/d-lab/workspace/ros_ur_driver/src/install/controller_manager_msgs/include/controller_manager_msgs
-- Up-to-date: /home/d-lab/workspace/ros_ur_driver/src/install/controller_manager_msgs/include/controller_manager_msgs/srv
-- Installing: /home/d-lab/workspace/ros_ur_driver/src/install/controller_manager_msgs/include/controller_manager_msgs/srv/list_controllers.hpp
-- Installing: /home/d-lab/workspace/ros_ur_driver/src/install/controller_manager_msgs/include/controller_manager_msgs/srv/reload_controller_libraries.hpp
-- Installing: /home/d-lab/workspace/ros_ur_driver/src/install/controller_manager_msgs/include/controller_manager_msgs/srv/load_start_controller.hpp
-- Installing: /home/d-lab/workspace/ros_ur_driver/src/install/controller_manager_msgs/include/controller_manager_msgs/srv/load_controller.hpp
-- Installing: /home/d-lab/workspace/ros_ur_driver/src/install/controller_manager_msgs/include/controller_manager_msgs/srv/configure_start_controller.hpp
-- Installing: /home/d-lab/workspace/ros_ur_driver/src/install/controller_manager_msgs/include/controller_manager_msgs/srv/configure_controller.hpp
-- Installing: /home/d-lab/workspace/ros_ur_driver/src/install/controller_manager_msgs/include/controller_manager_msgs/srv/list_hardware_interfaces.hpp
-- Installing: /home/d-lab/workspace/ros_ur_driver/src/install/controller_manager_msgs/include/controller_manager_msgs/srv/load_configure_controller.hpp
-- Installing: /home/d-lab/workspace/ros_ur_driver/src/install/controller_manager_msgs/include/controller_manager_msgs/srv/switch_controller.hpp
-- Up-to-date: /home/d-lab/workspace/ros_ur_driver/src/install/controller_manager_msgs/include/controller_manager_msgs/srv/detail
-- Installing: /home/d-lab/workspace/ros_ur_driver/src/install/controller_manager_msgs/include/controller_manager_msgs/srv/detail/configure_controller__struct.hpp
-- Installing: /home/d-lab/workspace/ros_ur_driver/src/install/controller_manager_msgs/include/controller_manager_msgs/srv/detail/load_start_controller__traits.hpp
-- Installing: /home/d-lab/workspace/ros_ur_driver/src/install/controller_manager_msgs/include/controller_manager_msgs/srv/detail/list_controller_types__traits.hpp
-- Installing: /home/d-lab/workspace/ros_ur_driver/src/install/controller_manager_msgs/include/controller_manager_msgs/srv/detail/load_controller__builder.hpp
-- Installing: /home/d-lab/workspace/ros_ur_driver/src/install/controller_manager_msgs/include/controller_manager_msgs/srv/detail/configure_start_controller__struct.hpp
-- Installing: /home/d-lab/workspace/ros_ur_driver/src/install/controller_manager_msgs/include/controller_manager_msgs/srv/detail/configure_controller__builder.hpp
-- Installing: /home/d-lab/workspace/ros_ur_driver/src/install/controller_manager_msgs/include/controller_manager_msgs/srv/detail/reload_controller_libraries__builder.hpp
-- Installing: /home/d-lab/workspace/ros_ur_driver/src/install/controller_manager_msgs/include/controller_manager_msgs/srv/detail/load_controller__struct.hpp
-- Installing: /home/d-lab/workspace/ros_ur_driver/src/install/controller_manager_msgs/include/controller_manager_msgs/srv/detail/configure_controller__traits.hpp
-- Installing: /home/d-lab/workspace/ros_ur_driver/src/install/controller_manager_msgs/include/controller_manager_msgs/srv/detail/list_controller_types__struct.hpp
-- Installing: /home/d-lab/workspace/ros_ur_driver/src/install/controller_manager_msgs/include/controller_manager_msgs/srv/detail/load_start_controller__struct.hpp
-- Installing: /home/d-lab/workspace/ros_ur_driver/src/install/controller_manager_msgs/include/controller_manager_msgs/srv/detail/load_configure_controller__struct.hpp
-- Installing: /home/d-lab/workspace/ros_ur_driver/src/install/controller_manager_msgs/include/controller_manager_msgs/srv/detail/unload_controller__struct.hpp
-- Installing: /home/d-lab/workspace/ros_ur_driver/src/install/controller_manager_msgs/include/controller_manager_msgs/srv/detail/list_hardware_interfaces__traits.hpp
-- Installing: /home/d-lab/workspace/ros_ur_driver/src/install/controller_manager_msgs/include/controller_manager_msgs/srv/detail/load_configure_controller__traits.hpp
-- Installing: /home/d-lab/workspace/ros_ur_driver/src/install/controller_manager_msgs/include/controller_manager_msgs/srv/detail/configure_start_controller__traits.hpp
-- Installing: /home/d-lab/workspace/ros_ur_driver/src/install/controller_manager_msgs/include/controller_manager_msgs/srv/detail/switch_controller__struct.hpp
-- Installing: /home/d-lab/workspace/ros_ur_driver/src/install/controller_manager_msgs/include/controller_manager_msgs/srv/detail/reload_controller_libraries__struct.hpp
-- Installing: /home/d-lab/workspace/ros_ur_driver/src/install/controller_manager_msgs/include/controller_manager_msgs/srv/detail/switch_controller__traits.hpp
-- Installing: /home/d-lab/workspace/ros_ur_driver/src/install/controller_manager_msgs/include/controller_manager_msgs/srv/detail/list_controllers__traits.hpp
-- Installing: /home/d-lab/workspace/ros_ur_driver/src/install/controller_manager_msgs/include/controller_manager_msgs/srv/detail/list_hardware_interfaces__builder.hpp
-- Installing: /home/d-lab/workspace/ros_ur_driver/src/install/controller_manager_msgs/include/controller_manager_msgs/srv/detail/reload_controller_libraries__traits.hpp
-- Installing: /home/d-lab/workspace/ros_ur_driver/src/install/controller_manager_msgs/include/controller_manager_msgs/srv/detail/switch_controller__builder.hpp
-- Installing: /home/d-lab/workspace/ros_ur_driver/src/install/controller_manager_msgs/include/controller_manager_msgs/srv/detail/load_controller__traits.hpp
-- Installing: /home/d-lab/workspace/ros_ur_driver/src/install/controller_manager_msgs/include/controller_manager_msgs/srv/detail/load_configure_controller__builder.hpp
-- Installing: /home/d-lab/workspace/ros_ur_driver/src/install/controller_manager_msgs/include/controller_manager_msgs/srv/detail/configure_start_controller__builder.hpp
-- Installing: /home/d-lab/workspace/ros_ur_driver/src/install/controller_manager_msgs/include/controller_manager_msgs/srv/detail/list_controllers__struct.hpp
-- Installing: /home/d-lab/workspace/ros_ur_driver/src/install/controller_manager_msgs/include/controller_manager_msgs/srv/detail/unload_controller__traits.hpp
-- Installing: /home/d-lab/workspace/ros_ur_driver/src/install/controller_manager_msgs/include/controller_manager_msgs/srv/detail/list_hardware_interfaces__struct.hpp
-- Installing: /home/d-lab/workspace/ros_ur_driver/src/install/controller_manager_msgs/include/controller_manager_msgs/srv/detail/load_start_controller__builder.hpp
-- Installing: /home/d-lab/workspace/ros_ur_driver/src/install/controller_manager_msgs/include/controller_manager_msgs/srv/detail/list_controller_types__builder.hpp
-- Installing: /home/d-lab/workspace/ros_ur_driver/src/install/controller_manager_msgs/include/controller_manager_msgs/srv/detail/unload_controller__builder.hpp
-- Installing: /home/d-lab/workspace/ros_ur_driver/src/install/controller_manager_msgs/include/controller_manager_msgs/srv/detail/list_controllers__builder.hpp
-- Installing: /home/d-lab/workspace/ros_ur_driver/src/install/controller_manager_msgs/include/controller_manager_msgs/srv/list_controller_types.hpp
-- Installing: /home/d-lab/workspace/ros_ur_driver/src/install/controller_manager_msgs/include/controller_manager_msgs/srv/unload_controller.hpp
-- Up-to-date: /home/d-lab/workspace/ros_ur_driver/src/install/controller_manager_msgs/include/controller_manager_msgs/msg
-- Installing: /home/d-lab/workspace/ros_ur_driver/src/install/controller_manager_msgs/include/controller_manager_msgs/msg/hardware_interface.hpp
-- Installing: /home/d-lab/workspace/ros_ur_driver/src/install/controller_manager_msgs/include/controller_manager_msgs/msg/controller_state.hpp
-- Up-to-date: /home/d-lab/workspace/ros_ur_driver/src/install/controller_manager_msgs/include/controller_manager_msgs/msg/detail
-- Installing: /home/d-lab/workspace/ros_ur_driver/src/install/controller_manager_msgs/include/controller_manager_msgs/msg/detail/hardware_interface__struct.hpp
-- Installing: /home/d-lab/workspace/ros_ur_driver/src/install/controller_manager_msgs/include/controller_manager_msgs/msg/detail/controller_state__traits.hpp
-- Installing: /home/d-lab/workspace/ros_ur_driver/src/install/controller_manager_msgs/include/controller_manager_msgs/msg/detail/controller_state__struct.hpp
-- Installing: /home/d-lab/workspace/ros_ur_driver/src/install/controller_manager_msgs/include/controller_manager_msgs/msg/detail/hardware_interface__builder.hpp
-- Installing: /home/d-lab/workspace/ros_ur_driver/src/install/controller_manager_msgs/include/controller_manager_msgs/msg/detail/controller_state__builder.hpp
-- Installing: /home/d-lab/workspace/ros_ur_driver/src/install/controller_manager_msgs/include/controller_manager_msgs/msg/detail/hardware_interface__traits.hpp
-- Up-to-date: /home/d-lab/workspace/ros_ur_driver/src/install/controller_manager_msgs/include/controller_manager_msgs
-- Up-to-date: /home/d-lab/workspace/ros_ur_driver/src/install/controller_manager_msgs/include/controller_manager_msgs/srv
-- Up-to-date: /home/d-lab/workspace/ros_ur_driver/src/install/controller_manager_msgs/include/controller_manager_msgs/srv/detail
-- Installing: /home/d-lab/workspace/ros_ur_driver/src/install/controller_manager_msgs/include/controller_manager_msgs/srv/detail/unload_controller__rosidl_typesupport_introspection_cpp.hpp
-- Installing: /home/d-lab/workspace/ros_ur_driver/src/install/controller_manager_msgs/include/controller_manager_msgs/srv/detail/reload_controller_libraries__type_support.cpp
-- Installing: /home/d-lab/workspace/ros_ur_driver/src/install/controller_manager_msgs/include/controller_manager_msgs/srv/detail/switch_controller__type_support.cpp
-- Installing: /home/d-lab/workspace/ros_ur_driver/src/install/controller_manager_msgs/include/controller_manager_msgs/srv/detail/configure_start_controller__rosidl_typesupport_introspection_cpp.hpp
-- Installing: /home/d-lab/workspace/ros_ur_driver/src/install/controller_manager_msgs/include/controller_manager_msgs/srv/detail/load_start_controller__type_support.cpp
-- Installing: /home/d-lab/workspace/ros_ur_driver/src/install/controller_manager_msgs/include/controller_manager_msgs/srv/detail/load_controller__type_support.cpp
-- Installing: /home/d-lab/workspace/ros_ur_driver/src/install/controller_manager_msgs/include/controller_manager_msgs/srv/detail/configure_controller__rosidl_typesupport_introspection_cpp.hpp
-- Installing: /home/d-lab/workspace/ros_ur_driver/src/install/controller_manager_msgs/include/controller_manager_msgs/srv/detail/list_controllers__type_support.cpp
-- Installing: /home/d-lab/workspace/ros_ur_driver/src/install/controller_manager_msgs/include/controller_manager_msgs/srv/detail/list_controller_types__rosidl_typesupport_introspection_cpp.hpp
-- Installing: /home/d-lab/workspace/ros_ur_driver/src/install/controller_manager_msgs/include/controller_manager_msgs/srv/detail/load_controller__rosidl_typesupport_introspection_cpp.hpp
-- Installing: /home/d-lab/workspace/ros_ur_driver/src/install/controller_manager_msgs/include/controller_manager_msgs/srv/detail/configure_controller__type_support.cpp
-- Installing: /home/d-lab/workspace/ros_ur_driver/src/install/controller_manager_msgs/include/controller_manager_msgs/srv/detail/switch_controller__rosidl_typesupport_introspection_cpp.hpp
-- Installing: /home/d-lab/workspace/ros_ur_driver/src/install/controller_manager_msgs/include/controller_manager_msgs/srv/detail/configure_start_controller__type_support.cpp
-- Installing: /home/d-lab/workspace/ros_ur_driver/src/install/controller_manager_msgs/include/controller_manager_msgs/srv/detail/load_configure_controller__type_support.cpp
-- Installing: /home/d-lab/workspace/ros_ur_driver/src/install/controller_manager_msgs/include/controller_manager_msgs/srv/detail/list_controllers__rosidl_typesupport_introspection_cpp.hpp
-- Installing: /home/d-lab/workspace/ros_ur_driver/src/install/controller_manager_msgs/include/controller_manager_msgs/srv/detail/list_hardware_interfaces__type_support.cpp
-- Installing: /home/d-lab/workspace/ros_ur_driver/src/install/controller_manager_msgs/include/controller_manager_msgs/srv/detail/unload_controller__type_support.cpp
-- Installing: /home/d-lab/workspace/ros_ur_driver/src/install/controller_manager_msgs/include/controller_manager_msgs/srv/detail/list_controller_types__type_support.cpp
-- Installing: /home/d-lab/workspace/ros_ur_driver/src/install/controller_manager_msgs/include/controller_manager_msgs/srv/detail/reload_controller_libraries__rosidl_typesupport_introspection_cpp.hpp
-- Installing: /home/d-lab/workspace/ros_ur_driver/src/install/controller_manager_msgs/include/controller_manager_msgs/srv/detail/list_hardware_interfaces__rosidl_typesupport_introspection_cpp.hpp
-- Installing: /home/d-lab/workspace/ros_ur_driver/src/install/controller_manager_msgs/include/controller_manager_msgs/srv/detail/load_configure_controller__rosidl_typesupport_introspection_cpp.hpp
-- Installing: /home/d-lab/workspace/ros_ur_driver/src/install/controller_manager_msgs/include/controller_manager_msgs/srv/detail/load_start_controller__rosidl_typesupport_introspection_cpp.hpp
-- Up-to-date: /home/d-lab/workspace/ros_ur_driver/src/install/controller_manager_msgs/include/controller_manager_msgs/msg
-- Up-to-date: /home/d-lab/workspace/ros_ur_driver/src/install/controller_manager_msgs/include/controller_manager_msgs/msg/detail
-- Installing: /home/d-lab/workspace/ros_ur_driver/src/install/controller_manager_msgs/include/controller_manager_msgs/msg/detail/hardware_interface__type_support.cpp
-- Installing: /home/d-lab/workspace/ros_ur_driver/src/install/controller_manager_msgs/include/controller_manager_msgs/msg/detail/controller_state__rosidl_typesupport_introspection_cpp.hpp
-- Installing: /home/d-lab/workspace/ros_ur_driver/src/install/controller_manager_msgs/include/controller_manager_msgs/msg/detail/hardware_interface__rosidl_typesupport_introspection_cpp.hpp
-- Installing: /home/d-lab/workspace/ros_ur_driver/src/install/controller_manager_msgs/include/controller_manager_msgs/msg/detail/controller_state__type_support.cpp
-- Installing: /home/d-lab/workspace/ros_ur_driver/src/install/controller_manager_msgs/lib/libcontroller_manager_msgs__rosidl_typesupport_introspection_cpp.so
-- Set runtime path of "/home/d-lab/workspace/ros_ur_driver/src/install/controller_manager_msgs/lib/libcontroller_manager_msgs__rosidl_typesupport_introspection_cpp.so" to ""
-- Installing: /home/d-lab/workspace/ros_ur_driver/src/install/controller_manager_msgs/lib/libcontroller_manager_msgs__rosidl_typesupport_cpp.so
-- Set runtime path of "/home/d-lab/workspace/ros_ur_driver/src/install/controller_manager_msgs/lib/libcontroller_manager_msgs__rosidl_typesupport_cpp.so" to ""
-- Installing: /home/d-lab/workspace/ros_ur_driver/src/install/controller_manager_msgs/share/controller_manager_msgs/environment/pythonpath.sh
-- Installing: /home/d-lab/workspace/ros_ur_driver/src/install/controller_manager_msgs/share/controller_manager_msgs/environment/pythonpath.dsv
-- Installing: /home/d-lab/workspace/ros_ur_driver/src/install/controller_manager_msgs/lib/python3.8/site-packages/controller_manager_msgs/__init__.py
Compiling '/home/d-lab/workspace/ros_ur_driver/src/install/controller_manager_msgs/lib/python3.8/site-packages/controller_manager_msgs/__init__.py'...
-- Installing: /home/d-lab/workspace/ros_ur_driver/src/install/controller_manager_msgs/lib/python3.8/site-packages/controller_manager_msgs/msg
-- Installing: /home/d-lab/workspace/ros_ur_driver/src/install/controller_manager_msgs/lib/python3.8/site-packages/controller_manager_msgs/msg/_hardware_interface.py
-- Installing: /home/d-lab/workspace/ros_ur_driver/src/install/controller_manager_msgs/lib/python3.8/site-packages/controller_manager_msgs/msg/_hardware_interface_s.c
-- Installing: /home/d-lab/workspace/ros_ur_driver/src/install/controller_manager_msgs/lib/python3.8/site-packages/controller_manager_msgs/msg/_controller_state_s.c
-- Installing: /home/d-lab/workspace/ros_ur_driver/src/install/controller_manager_msgs/lib/python3.8/site-packages/controller_manager_msgs/msg/_controller_state.py
-- Installing: /home/d-lab/workspace/ros_ur_driver/src/install/controller_manager_msgs/lib/python3.8/site-packages/controller_manager_msgs/msg/__init__.py
-- Installing: /home/d-lab/workspace/ros_ur_driver/src/install/controller_manager_msgs/lib/python3.8/site-packages/controller_manager_msgs/srv
-- Installing: /home/d-lab/workspace/ros_ur_driver/src/install/controller_manager_msgs/lib/python3.8/site-packages/controller_manager_msgs/srv/_configure_start_controller_s.c
-- Installing: /home/d-lab/workspace/ros_ur_driver/src/install/controller_manager_msgs/lib/python3.8/site-packages/controller_manager_msgs/srv/_configure_controller_s.c
-- Installing: /home/d-lab/workspace/ros_ur_driver/src/install/controller_manager_msgs/lib/python3.8/site-packages/controller_manager_msgs/srv/_switch_controller_s.c
-- Installing: /home/d-lab/workspace/ros_ur_driver/src/install/controller_manager_msgs/lib/python3.8/site-packages/controller_manager_msgs/srv/_list_controllers_s.c
-- Installing: /home/d-lab/workspace/ros_ur_driver/src/install/controller_manager_msgs/lib/python3.8/site-packages/controller_manager_msgs/srv/_list_controllers.py
-- Installing: /home/d-lab/workspace/ros_ur_driver/src/install/controller_manager_msgs/lib/python3.8/site-packages/controller_manager_msgs/srv/_unload_controller_s.c
-- Installing: /home/d-lab/workspace/ros_ur_driver/src/install/controller_manager_msgs/lib/python3.8/site-packages/controller_manager_msgs/srv/_reload_controller_libraries.py
-- Installing: /home/d-lab/workspace/ros_ur_driver/src/install/controller_manager_msgs/lib/python3.8/site-packages/controller_manager_msgs/srv/_load_start_controller.py
-- Installing: /home/d-lab/workspace/ros_ur_driver/src/install/controller_manager_msgs/lib/python3.8/site-packages/controller_manager_msgs/srv/_reload_controller_libraries_s.c
-- Installing: /home/d-lab/workspace/ros_ur_driver/src/install/controller_manager_msgs/lib/python3.8/site-packages/controller_manager_msgs/srv/_load_start_controller_s.c
-- Installing: /home/d-lab/workspace/ros_ur_driver/src/install/controller_manager_msgs/lib/python3.8/site-packages/controller_manager_msgs/srv/_list_hardware_interfaces_s.c
-- Installing: /home/d-lab/workspace/ros_ur_driver/src/install/controller_manager_msgs/lib/python3.8/site-packages/controller_manager_msgs/srv/_unload_controller.py
-- Installing: /home/d-lab/workspace/ros_ur_driver/src/install/controller_manager_msgs/lib/python3.8/site-packages/controller_manager_msgs/srv/_configure_start_controller.py
-- Installing: /home/d-lab/workspace/ros_ur_driver/src/install/controller_manager_msgs/lib/python3.8/site-packages/controller_manager_msgs/srv/_load_controller_s.c
-- Installing: /home/d-lab/workspace/ros_ur_driver/src/install/controller_manager_msgs/lib/python3.8/site-packages/controller_manager_msgs/srv/_switch_controller.py
-- Installing: /home/d-lab/workspace/ros_ur_driver/src/install/controller_manager_msgs/lib/python3.8/site-packages/controller_manager_msgs/srv/_list_controller_types.py
-- Installing: /home/d-lab/workspace/ros_ur_driver/src/install/controller_manager_msgs/lib/python3.8/site-packages/controller_manager_msgs/srv/_load_configure_controller_s.c
-- Installing: /home/d-lab/workspace/ros_ur_driver/src/install/controller_manager_msgs/lib/python3.8/site-packages/controller_manager_msgs/srv/__init__.py
-- Installing: /home/d-lab/workspace/ros_ur_driver/src/install/controller_manager_msgs/lib/python3.8/site-packages/controller_manager_msgs/srv/_list_controller_types_s.c
-- Installing: /home/d-lab/workspace/ros_ur_driver/src/install/controller_manager_msgs/lib/python3.8/site-packages/controller_manager_msgs/srv/_load_controller.py
-- Installing: /home/d-lab/workspace/ros_ur_driver/src/install/controller_manager_msgs/lib/python3.8/site-packages/controller_manager_msgs/srv/_configure_controller.py
-- Installing: /home/d-lab/workspace/ros_ur_driver/src/install/controller_manager_msgs/lib/python3.8/site-packages/controller_manager_msgs/srv/_list_hardware_interfaces.py
-- Installing: /home/d-lab/workspace/ros_ur_driver/src/install/controller_manager_msgs/lib/python3.8/site-packages/controller_manager_msgs/srv/_load_configure_controller.py
-- Installing: /home/d-lab/workspace/ros_ur_driver/src/install/controller_manager_msgs/lib/python3.8/site-packages/controller_manager_msgs/controller_manager_msgs_s__rosidl_typesupport_fastrtps_c.cpython-38-x86_64-linux-gnu.so
-- Set runtime path of "/home/d-lab/workspace/ros_ur_driver/src/install/controller_manager_msgs/lib/python3.8/site-packages/controller_manager_msgs/controller_manager_msgs_s__rosidl_typesupport_fastrtps_c.cpython-38-x86_64-linux-gnu.so" to ""
-- Installing: /home/d-lab/workspace/ros_ur_driver/src/install/controller_manager_msgs/lib/python3.8/site-packages/controller_manager_msgs/controller_manager_msgs_s__rosidl_typesupport_introspection_c.cpython-38-x86_64-linux-gnu.so
-- Set runtime path of "/home/d-lab/workspace/ros_ur_driver/src/install/controller_manager_msgs/lib/python3.8/site-packages/controller_manager_msgs/controller_manager_msgs_s__rosidl_typesupport_introspection_c.cpython-38-x86_64-linux-gnu.so" to ""
-- Installing: /home/d-lab/workspace/ros_ur_driver/src/install/controller_manager_msgs/lib/python3.8/site-packages/controller_manager_msgs/controller_manager_msgs_s__rosidl_typesupport_c.cpython-38-x86_64-linux-gnu.so
-- Set runtime path of "/home/d-lab/workspace/ros_ur_driver/src/install/controller_manager_msgs/lib/python3.8/site-packages/controller_manager_msgs/controller_manager_msgs_s__rosidl_typesupport_c.cpython-38-x86_64-linux-gnu.so" to ""
-- Installing: /home/d-lab/workspace/ros_ur_driver/src/install/controller_manager_msgs/lib/libcontroller_manager_msgs__python.so
-- Set runtime path of "/home/d-lab/workspace/ros_ur_driver/src/install/controller_manager_msgs/lib/libcontroller_manager_msgs__python.so" to ""
-- Installing: /home/d-lab/workspace/ros_ur_driver/src/install/controller_manager_msgs/share/controller_manager_msgs/msg/ControllerState.idl
-- Installing: /home/d-lab/workspace/ros_ur_driver/src/install/controller_manager_msgs/share/controller_manager_msgs/msg/HardwareInterface.idl
-- Installing: /home/d-lab/workspace/ros_ur_driver/src/install/controller_manager_msgs/share/controller_manager_msgs/srv/ConfigureController.idl
-- Installing: /home/d-lab/workspace/ros_ur_driver/src/install/controller_manager_msgs/share/controller_manager_msgs/srv/ConfigureStartController.idl
-- Installing: /home/d-lab/workspace/ros_ur_driver/src/install/controller_manager_msgs/share/controller_manager_msgs/srv/ListControllers.idl
-- Installing: /home/d-lab/workspace/ros_ur_driver/src/install/controller_manager_msgs/share/controller_manager_msgs/srv/ListControllerTypes.idl
-- Installing: /home/d-lab/workspace/ros_ur_driver/src/install/controller_manager_msgs/share/controller_manager_msgs/srv/ListHardwareInterfaces.idl
-- Installing: /home/d-lab/workspace/ros_ur_driver/src/install/controller_manager_msgs/share/controller_manager_msgs/srv/LoadConfigureController.idl
-- Installing: /home/d-lab/workspace/ros_ur_driver/src/install/controller_manager_msgs/share/controller_manager_msgs/srv/LoadController.idl
-- Installing: /home/d-lab/workspace/ros_ur_driver/src/install/controller_manager_msgs/share/controller_manager_msgs/srv/LoadStartController.idl
-- Installing: /home/d-lab/workspace/ros_ur_driver/src/install/controller_manager_msgs/share/controller_manager_msgs/srv/ReloadControllerLibraries.idl
-- Installing: /home/d-lab/workspace/ros_ur_driver/src/install/controller_manager_msgs/share/controller_manager_msgs/srv/SwitchController.idl
-- Installing: /home/d-lab/workspace/ros_ur_driver/src/install/controller_manager_msgs/share/controller_manager_msgs/srv/UnloadController.idl
-- Installing: /home/d-lab/workspace/ros_ur_driver/src/install/controller_manager_msgs/share/controller_manager_msgs/msg/ControllerState.msg
-- Installing: /home/d-lab/workspace/ros_ur_driver/src/install/controller_manager_msgs/share/controller_manager_msgs/msg/HardwareInterface.msg
-- Installing: /home/d-lab/workspace/ros_ur_driver/src/install/controller_manager_msgs/share/controller_manager_msgs/srv/ConfigureController.srv
-- Installing: /home/d-lab/workspace/ros_ur_driver/src/install/controller_manager_msgs/share/controller_manager_msgs/srv/ConfigureController_Request.msg
-- Installing: /home/d-lab/workspace/ros_ur_driver/src/install/controller_manager_msgs/share/controller_manager_msgs/srv/ConfigureController_Response.msg
-- Installing: /home/d-lab/workspace/ros_ur_driver/src/install/controller_manager_msgs/share/controller_manager_msgs/srv/ConfigureStartController.srv
-- Installing: /home/d-lab/workspace/ros_ur_driver/src/install/controller_manager_msgs/share/controller_manager_msgs/srv/ConfigureStartController_Request.msg
-- Installing: /home/d-lab/workspace/ros_ur_driver/src/install/controller_manager_msgs/share/controller_manager_msgs/srv/ConfigureStartController_Response.msg
-- Installing: /home/d-lab/workspace/ros_ur_driver/src/install/controller_manager_msgs/share/controller_manager_msgs/srv/ListControllers.srv
-- Installing: /home/d-lab/workspace/ros_ur_driver/src/install/controller_manager_msgs/share/controller_manager_msgs/srv/ListControllers_Request.msg
-- Installing: /home/d-lab/workspace/ros_ur_driver/src/install/controller_manager_msgs/share/controller_manager_msgs/srv/ListControllers_Response.msg
-- Installing: /home/d-lab/workspace/ros_ur_driver/src/install/controller_manager_msgs/share/controller_manager_msgs/srv/ListControllerTypes.srv
-- Installing: /home/d-lab/workspace/ros_ur_driver/src/install/controller_manager_msgs/share/controller_manager_msgs/srv/ListControllerTypes_Request.msg
-- Installing: /home/d-lab/workspace/ros_ur_driver/src/install/controller_manager_msgs/share/controller_manager_msgs/srv/ListControllerTypes_Response.msg
-- Installing: /home/d-lab/workspace/ros_ur_driver/src/install/controller_manager_msgs/share/controller_manager_msgs/srv/ListHardwareInterfaces.srv
-- Installing: /home/d-lab/workspace/ros_ur_driver/src/install/controller_manager_msgs/share/controller_manager_msgs/srv/ListHardwareInterfaces_Request.msg
-- Installing: /home/d-lab/workspace/ros_ur_driver/src/install/controller_manager_msgs/share/controller_manager_msgs/srv/ListHardwareInterfaces_Response.msg
-- Installing: /home/d-lab/workspace/ros_ur_driver/src/install/controller_manager_msgs/share/controller_manager_msgs/srv/LoadConfigureController.srv
-- Installing: /home/d-lab/workspace/ros_ur_driver/src/install/controller_manager_msgs/share/controller_manager_msgs/srv/LoadConfigureController_Request.msg
-- Installing: /home/d-lab/workspace/ros_ur_driver/src/install/controller_manager_msgs/share/controller_manager_msgs/srv/LoadConfigureController_Response.msg
-- Installing: /home/d-lab/workspace/ros_ur_driver/src/install/controller_manager_msgs/share/controller_manager_msgs/srv/LoadController.srv
-- Installing: /home/d-lab/workspace/ros_ur_driver/src/install/controller_manager_msgs/share/controller_manager_msgs/srv/LoadController_Request.msg
-- Installing: /home/d-lab/workspace/ros_ur_driver/src/install/controller_manager_msgs/share/controller_manager_msgs/srv/LoadController_Response.msg
-- Installing: /home/d-lab/workspace/ros_ur_driver/src/install/controller_manager_msgs/share/controller_manager_msgs/srv/LoadStartController.srv
-- Installing: /home/d-lab/workspace/ros_ur_driver/src/install/controller_manager_msgs/share/controller_manager_msgs/srv/LoadStartController_Request.msg
-- Installing: /home/d-lab/workspace/ros_ur_driver/src/install/controller_manager_msgs/share/controller_manager_msgs/srv/LoadStartController_Response.msg
-- Installing: /home/d-lab/workspace/ros_ur_driver/src/install/controller_manager_msgs/share/controller_manager_msgs/srv/ReloadControllerLibraries.srv
-- Installing: /home/d-lab/workspace/ros_ur_driver/src/install/controller_manager_msgs/share/controller_manager_msgs/srv/ReloadControllerLibraries_Request.msg
-- Installing: /home/d-lab/workspace/ros_ur_driver/src/install/controller_manager_msgs/share/controller_manager_msgs/srv/ReloadControllerLibraries_Response.msg
-- Installing: /home/d-lab/workspace/ros_ur_driver/src/install/controller_manager_msgs/share/controller_manager_msgs/srv/SwitchController.srv
-- Installing: /home/d-lab/workspace/ros_ur_driver/src/install/controller_manager_msgs/share/controller_manager_msgs/srv/SwitchController_Request.msg
-- Installing: /home/d-lab/workspace/ros_ur_driver/src/install/controller_manager_msgs/share/controller_manager_msgs/srv/SwitchController_Response.msg
-- Installing: /home/d-lab/workspace/ros_ur_driver/src/install/controller_manager_msgs/share/controller_manager_msgs/srv/UnloadController.srv
-- Installing: /home/d-lab/workspace/ros_ur_driver/src/install/controller_manager_msgs/share/controller_manager_msgs/srv/UnloadController_Request.msg
-- Installing: /home/d-lab/workspace/ros_ur_driver/src/install/controller_manager_msgs/share/controller_manager_msgs/srv/UnloadController_Response.msg
-- Installing: /home/d-lab/workspace/ros_ur_driver/src/install/controller_manager_msgs/share/ament_index/resource_index/package_run_dependencies/controller_manager_msgs
-- Installing: /home/d-lab/workspace/ros_ur_driver/src/install/controller_manager_msgs/share/ament_index/resource_index/parent_prefix_path/controller_manager_msgs
-- Installing: /home/d-lab/workspace/ros_ur_driver/src/install/controller_manager_msgs/share/controller_manager_msgs/environment/ament_prefix_path.sh
-- Installing: /home/d-lab/workspace/ros_ur_driver/src/install/controller_manager_msgs/share/controller_manager_msgs/environment/ament_prefix_path.dsv
-- Installing: /home/d-lab/workspace/ros_ur_driver/src/install/controller_manager_msgs/share/controller_manager_msgs/environment/path.sh
-- Installing: /home/d-lab/workspace/ros_ur_driver/src/install/controller_manager_msgs/share/controller_manager_msgs/environment/path.dsv
-- Installing: /home/d-lab/workspace/ros_ur_driver/src/install/controller_manager_msgs/share/controller_manager_msgs/local_setup.bash
-- Installing: /home/d-lab/workspace/ros_ur_driver/src/install/controller_manager_msgs/share/controller_manager_msgs/local_setup.sh
-- Installing: /home/d-lab/workspace/ros_ur_driver/src/install/controller_manager_msgs/share/controller_manager_msgs/local_setup.zsh
-- Installing: /home/d-lab/workspace/ros_ur_driver/src/install/controller_manager_msgs/share/controller_manager_msgs/local_setup.dsv
-- Installing: /home/d-lab/workspace/ros_ur_driver/src/install/controller_manager_msgs/share/controller_manager_msgs/package.dsv
-- Installing: /home/d-lab/workspace/ros_ur_driver/src/install/controller_manager_msgs/share/ament_index/resource_index/packages/controller_manager_msgs
-- Installing: /home/d-lab/workspace/ros_ur_driver/src/install/controller_manager_msgs/share/controller_manager_msgs/cmake/controller_manager_msgs__rosidl_generator_cExport.cmake
-- Installing: /home/d-lab/workspace/ros_ur_driver/src/install/controller_manager_msgs/share/controller_manager_msgs/cmake/controller_manager_msgs__rosidl_generator_cExport-noconfig.cmake
-- Installing: /home/d-lab/workspace/ros_ur_driver/src/install/controller_manager_msgs/share/controller_manager_msgs/cmake/controller_manager_msgs__rosidl_typesupport_introspection_cExport.cmake
-- Installing: /home/d-lab/workspace/ros_ur_driver/src/install/controller_manager_msgs/share/controller_manager_msgs/cmake/controller_manager_msgs__rosidl_typesupport_introspection_cExport-noconfig.cmake
-- Installing: /home/d-lab/workspace/ros_ur_driver/src/install/controller_manager_msgs/share/controller_manager_msgs/cmake/controller_manager_msgs__rosidl_typesupport_cExport.cmake
-- Installing: /home/d-lab/workspace/ros_ur_driver/src/install/controller_manager_msgs/share/controller_manager_msgs/cmake/controller_manager_msgs__rosidl_typesupport_cExport-noconfig.cmake
-- Installing: /home/d-lab/workspace/ros_ur_driver/src/install/controller_manager_msgs/share/controller_manager_msgs/cmake/controller_manager_msgs__rosidl_generator_cppExport.cmake
-- Installing: /home/d-lab/workspace/ros_ur_driver/src/install/controller_manager_msgs/share/controller_manager_msgs/cmake/controller_manager_msgs__rosidl_typesupport_introspection_cppExport.cmake
-- Installing: /home/d-lab/workspace/ros_ur_driver/src/install/controller_manager_msgs/share/controller_manager_msgs/cmake/controller_manager_msgs__rosidl_typesupport_introspection_cppExport-noconfig.cmake
-- Installing: /home/d-lab/workspace/ros_ur_driver/src/install/controller_manager_msgs/share/controller_manager_msgs/cmake/controller_manager_msgs__rosidl_typesupport_cppExport.cmake
-- Installing: /home/d-lab/workspace/ros_ur_driver/src/install/controller_manager_msgs/share/controller_manager_msgs/cmake/controller_manager_msgs__rosidl_typesupport_cppExport-noconfig.cmake
-- Installing: /home/d-lab/workspace/ros_ur_driver/src/install/controller_manager_msgs/share/controller_manager_msgs/cmake/rosidl_cmake-extras.cmake
-- Installing: /home/d-lab/workspace/ros_ur_driver/src/install/controller_manager_msgs/share/controller_manager_msgs/cmake/ament_cmake_export_dependencies-extras.cmake
-- Installing: /home/d-lab/workspace/ros_ur_driver/src/install/controller_manager_msgs/share/controller_manager_msgs/cmake/ament_cmake_export_libraries-extras.cmake
-- Installing: /home/d-lab/workspace/ros_ur_driver/src/install/controller_manager_msgs/share/controller_manager_msgs/cmake/ament_cmake_export_targets-extras.cmake
-- Installing: /home/d-lab/workspace/ros_ur_driver/src/install/controller_manager_msgs/share/controller_manager_msgs/cmake/ament_cmake_export_include_directories-extras.cmake
-- Installing: /home/d-lab/workspace/ros_ur_driver/src/install/controller_manager_msgs/share/controller_manager_msgs/cmake/rosidl_cmake_export_typesupport_libraries-extras.cmake
-- Installing: /home/d-lab/workspace/ros_ur_driver/src/install/controller_manager_msgs/share/controller_manager_msgs/cmake/rosidl_cmake_export_typesupport_targets-extras.cmake
-- Installing: /home/d-lab/workspace/ros_ur_driver/src/install/controller_manager_msgs/share/controller_manager_msgs/cmake/controller_manager_msgsConfig.cmake
-- Installing: /home/d-lab/workspace/ros_ur_driver/src/install/controller_manager_msgs/share/controller_manager_msgs/cmake/controller_manager_msgsConfig-version.cmake
-- Installing: /home/d-lab/workspace/ros_ur_driver/src/install/controller_manager_msgs/share/controller_manager_msgs/package.xml
