[0.109s] Invoking command in '/home/d-lab/workspace/ros_ur_driver/build/controller_manager_msgs': CMAKE_PREFIX_PATH=/home/d-lab/workspace/ros_ur_driver/install/move_arm_server:/home/d-lab/workspace/ros_ur_driver/install/action_tutorials_cpp:/home/d-lab/workspace/ros_ur_driver/install/move_arm_interfaces:/home/d-lab/workspace/ros_ur_driver/install/run_ompl_constrained_planning:/home/d-lab/workspace/ros_ur_driver/install/run_moveit_cpp:/home/d-lab/workspace/ros_ur_driver/install/run_move_group:/home/d-lab/workspace/ros_ur_driver/install/warehouse_ros_mongo:/home/d-lab/workspace/ros_ur_driver/install/ros2_controllers:/home/d-lab/workspace/ros_ur_driver/install/velocity_controllers:/home/d-lab/workspace/ros_ur_driver/install/ur_robot_driver:/home/d-lab/workspace/ros_ur_driver/install/ur_controllers:/home/d-lab/workspace/ros_ur_driver/install/ur_msgs:/home/d-lab/workspace/ros_ur_driver/install/ur_moveit_config:/home/d-lab/workspace/ros_ur_driver/install/ur_description:/home/d-lab/workspace/ros_ur_driver/install/ur_dashboard_msgs:/home/d-lab/workspace/ros_ur_driver/install/ur_client_library:/home/d-lab/workspace/ros_ur_driver/install/ur_bringup:/home/d-lab/workspace/ros_ur_driver/install/ur5_robotiq_moveit_config:/home/d-lab/workspace/ros_ur_driver/install/transmission_interface:/home/d-lab/workspace/ros_ur_driver/install/srdfdom:/home/d-lab/workspace/ros_ur_driver/install/move_arm:/home/d-lab/workspace/ros_ur_driver/install/moveit_visual_tools:/home/d-lab/workspace/ros_ur_driver/install/rviz_visual_tools:/home/d-lab/workspace/ros_ur_driver/install/ros2_control_demos:/home/d-lab/workspace/ros_ur_driver/install/ros2_control_demo_bringup:/home/d-lab/workspace/ros_ur_driver/install/rrbot_description:/home/d-lab/workspace/ros_ur_driver/install/ros2_control:/home/d-lab/workspace/ros_ur_driver/install/utils:/home/d-lab/workspace/ros_ur_driver/install/ros2controlcli:/home/d-lab/workspace/ros_ur_driver/install/ros2_control_test_nodes:/home/d-lab/workspace/ros_ur_driver/install/robotiq_control:/home/d-lab/workspace/ros_ur_driver/install/gripper_control:/opt/ros/foxy:/home/d-lab/workspace/ros_ur_driver/install/cartesian_controller_examples:/home/d-lab/workspace/ros_ur_driver/install/controller_manager:/home/d-lab/workspace/ros_ur_driver/install/ros2_control_test_assets:/home/d-lab/workspace/ros_ur_driver/install/ros2_control_demo_hardware:/home/d-lab/workspace/ros_ur_driver/install/robotiq_description:/home/d-lab/workspace/ros_ur_driver/install/position_controllers:/home/d-lab/workspace/ros_ur_driver/install/move_arm_cpp:/home/d-lab/workspace/ros_ur_driver/install/move_arm_interface:/home/d-lab/workspace/ros_ur_driver/install/joint_trajectory_controller:/home/d-lab/workspace/ros_ur_driver/install/joint_state_controller:/home/d-lab/workspace/ros_ur_driver/install/joint_state_broadcaster:/home/d-lab/workspace/ros_ur_driver/install/imu_sensor_broadcaster:/home/d-lab/workspace/ros_ur_driver/install/gripper_controllers:/home/d-lab/workspace/ros_ur_driver/install/effort_controllers:/home/d-lab/workspace/ros_ur_driver/install/forward_command_controller:/home/d-lab/workspace/ros_ur_driver/install/force_torque_sensor_broadcaster:/home/d-lab/workspace/ros_ur_driver/install/diff_drive_controller:/home/d-lab/workspace/ros_ur_driver/install/cartesian_compliance_controller:/home/d-lab/workspace/ros_ur_driver/install/cartesian_motion_controller:/home/d-lab/workspace/ros_ur_driver/install/cartesian_force_controller:/home/d-lab/workspace/ros_ur_driver/install/cartesian_controller_handles:/home/d-lab/workspace/ros_ur_driver/install/cartesian_controller_base:/home/d-lab/workspace/ros_ur_driver/install/controller_interface:/home/d-lab/workspace/ros_ur_driver/install/hardware_interface:/home/d-lab/workspace/ros_ur_driver/install/graph_msgs:/home/d-lab/workspace/ros_ur_driver/install/filters:/home/d-lab/workspace/ros_ur_driver/install/eigen3_cmake_module:/home/d-lab/workspace/ros_ur_driver/install/diffbot_description:/home/d-lab/workspace/ros_ur_driver/install/controller_manager_msgs:/home/d-lab/workspace/ros_ur_driver/install/control_msgs:/home/d-lab/workspace/ros_ur_driver/install/chomp_motion_planner:/home/d-lab/workspace/ros_ur_driver/install/action_tutorials_interfaces /usr/bin/cmake --build /home/d-lab/workspace/ros_ur_driver/build/controller_manager_msgs -- -j16 -l16
[0.628s] [  0%] Built target controller_manager_msgs__cpp
[0.628s] [ 12%] Built target controller_manager_msgs__rosidl_generator_c
[0.628s] [ 28%] Built target controller_manager_msgs__rosidl_typesupport_cpp
[0.628s] [ 36%] Built target controller_manager_msgs__rosidl_typesupport_introspection_cpp
[0.629s] [ 48%] Built target controller_manager_msgs__rosidl_typesupport_c
[0.629s] [ 60%] Built target controller_manager_msgs__rosidl_typesupport_introspection_c
[0.629s] [ 72%] Built target controller_manager_msgs__rosidl_typesupport_fastrtps_cpp
[0.631s] [ 84%] Built target controller_manager_msgs__rosidl_typesupport_fastrtps_c
[0.631s] [ 84%] Built target controller_manager_msgs
[0.631s] [ 85%] Built target controller_manager_msgs__py
[0.632s] [ 96%] Built target controller_manager_msgs__python
[0.632s] [ 97%] Built target controller_manager_msgs__rosidl_typesupport_c__pyext
[0.634s] [ 98%] Built target controller_manager_msgs__rosidl_typesupport_fastrtps_c__pyext
[0.634s] [100%] Built target controller_manager_msgs__rosidl_typesupport_introspection_c__pyext
[0.661s] Invoked command in '/home/d-lab/workspace/ros_ur_driver/build/controller_manager_msgs' returned '0': CMAKE_PREFIX_PATH=/home/d-lab/workspace/ros_ur_driver/install/move_arm_server:/home/d-lab/workspace/ros_ur_driver/install/action_tutorials_cpp:/home/d-lab/workspace/ros_ur_driver/install/move_arm_interfaces:/home/d-lab/workspace/ros_ur_driver/install/run_ompl_constrained_planning:/home/d-lab/workspace/ros_ur_driver/install/run_moveit_cpp:/home/d-lab/workspace/ros_ur_driver/install/run_move_group:/home/d-lab/workspace/ros_ur_driver/install/warehouse_ros_mongo:/home/d-lab/workspace/ros_ur_driver/install/ros2_controllers:/home/d-lab/workspace/ros_ur_driver/install/velocity_controllers:/home/d-lab/workspace/ros_ur_driver/install/ur_robot_driver:/home/d-lab/workspace/ros_ur_driver/install/ur_controllers:/home/d-lab/workspace/ros_ur_driver/install/ur_msgs:/home/d-lab/workspace/ros_ur_driver/install/ur_moveit_config:/home/d-lab/workspace/ros_ur_driver/install/ur_description:/home/d-lab/workspace/ros_ur_driver/install/ur_dashboard_msgs:/home/d-lab/workspace/ros_ur_driver/install/ur_client_library:/home/d-lab/workspace/ros_ur_driver/install/ur_bringup:/home/d-lab/workspace/ros_ur_driver/install/ur5_robotiq_moveit_config:/home/d-lab/workspace/ros_ur_driver/install/transmission_interface:/home/d-lab/workspace/ros_ur_driver/install/srdfdom:/home/d-lab/workspace/ros_ur_driver/install/move_arm:/home/d-lab/workspace/ros_ur_driver/install/moveit_visual_tools:/home/d-lab/workspace/ros_ur_driver/install/rviz_visual_tools:/home/d-lab/workspace/ros_ur_driver/install/ros2_control_demos:/home/d-lab/workspace/ros_ur_driver/install/ros2_control_demo_bringup:/home/d-lab/workspace/ros_ur_driver/install/rrbot_description:/home/d-lab/workspace/ros_ur_driver/install/ros2_control:/home/d-lab/workspace/ros_ur_driver/install/utils:/home/d-lab/workspace/ros_ur_driver/install/ros2controlcli:/home/d-lab/workspace/ros_ur_driver/install/ros2_control_test_nodes:/home/d-lab/workspace/ros_ur_driver/install/robotiq_control:/home/d-lab/workspace/ros_ur_driver/install/gripper_control:/opt/ros/foxy:/home/d-lab/workspace/ros_ur_driver/install/cartesian_controller_examples:/home/d-lab/workspace/ros_ur_driver/install/controller_manager:/home/d-lab/workspace/ros_ur_driver/install/ros2_control_test_assets:/home/d-lab/workspace/ros_ur_driver/install/ros2_control_demo_hardware:/home/d-lab/workspace/ros_ur_driver/install/robotiq_description:/home/d-lab/workspace/ros_ur_driver/install/position_controllers:/home/d-lab/workspace/ros_ur_driver/install/move_arm_cpp:/home/d-lab/workspace/ros_ur_driver/install/move_arm_interface:/home/d-lab/workspace/ros_ur_driver/install/joint_trajectory_controller:/home/d-lab/workspace/ros_ur_driver/install/joint_state_controller:/home/d-lab/workspace/ros_ur_driver/install/joint_state_broadcaster:/home/d-lab/workspace/ros_ur_driver/install/imu_sensor_broadcaster:/home/d-lab/workspace/ros_ur_driver/install/gripper_controllers:/home/d-lab/workspace/ros_ur_driver/install/effort_controllers:/home/d-lab/workspace/ros_ur_driver/install/forward_command_controller:/home/d-lab/workspace/ros_ur_driver/install/force_torque_sensor_broadcaster:/home/d-lab/workspace/ros_ur_driver/install/diff_drive_controller:/home/d-lab/workspace/ros_ur_driver/install/cartesian_compliance_controller:/home/d-lab/workspace/ros_ur_driver/install/cartesian_motion_controller:/home/d-lab/workspace/ros_ur_driver/install/cartesian_force_controller:/home/d-lab/workspace/ros_ur_driver/install/cartesian_controller_handles:/home/d-lab/workspace/ros_ur_driver/install/cartesian_controller_base:/home/d-lab/workspace/ros_ur_driver/install/controller_interface:/home/d-lab/workspace/ros_ur_driver/install/hardware_interface:/home/d-lab/workspace/ros_ur_driver/install/graph_msgs:/home/d-lab/workspace/ros_ur_driver/install/filters:/home/d-lab/workspace/ros_ur_driver/install/eigen3_cmake_module:/home/d-lab/workspace/ros_ur_driver/install/diffbot_description:/home/d-lab/workspace/ros_ur_driver/install/controller_manager_msgs:/home/d-lab/workspace/ros_ur_driver/install/control_msgs:/home/d-lab/workspace/ros_ur_driver/install/chomp_motion_planner:/home/d-lab/workspace/ros_ur_driver/install/action_tutorials_interfaces /usr/bin/cmake --build /home/d-lab/workspace/ros_ur_driver/build/controller_manager_msgs -- -j16 -l16
[1.504s] Invoking command in '/home/d-lab/workspace/ros_ur_driver/build/controller_manager_msgs': CMAKE_PREFIX_PATH=/home/d-lab/workspace/ros_ur_driver/install/move_arm_server:/home/d-lab/workspace/ros_ur_driver/install/action_tutorials_cpp:/home/d-lab/workspace/ros_ur_driver/install/move_arm_interfaces:/home/d-lab/workspace/ros_ur_driver/install/run_ompl_constrained_planning:/home/d-lab/workspace/ros_ur_driver/install/run_moveit_cpp:/home/d-lab/workspace/ros_ur_driver/install/run_move_group:/home/d-lab/workspace/ros_ur_driver/install/warehouse_ros_mongo:/home/d-lab/workspace/ros_ur_driver/install/ros2_controllers:/home/d-lab/workspace/ros_ur_driver/install/velocity_controllers:/home/d-lab/workspace/ros_ur_driver/install/ur_robot_driver:/home/d-lab/workspace/ros_ur_driver/install/ur_controllers:/home/d-lab/workspace/ros_ur_driver/install/ur_msgs:/home/d-lab/workspace/ros_ur_driver/install/ur_moveit_config:/home/d-lab/workspace/ros_ur_driver/install/ur_description:/home/d-lab/workspace/ros_ur_driver/install/ur_dashboard_msgs:/home/d-lab/workspace/ros_ur_driver/install/ur_client_library:/home/d-lab/workspace/ros_ur_driver/install/ur_bringup:/home/d-lab/workspace/ros_ur_driver/install/ur5_robotiq_moveit_config:/home/d-lab/workspace/ros_ur_driver/install/transmission_interface:/home/d-lab/workspace/ros_ur_driver/install/srdfdom:/home/d-lab/workspace/ros_ur_driver/install/move_arm:/home/d-lab/workspace/ros_ur_driver/install/moveit_visual_tools:/home/d-lab/workspace/ros_ur_driver/install/rviz_visual_tools:/home/d-lab/workspace/ros_ur_driver/install/ros2_control_demos:/home/d-lab/workspace/ros_ur_driver/install/ros2_control_demo_bringup:/home/d-lab/workspace/ros_ur_driver/install/rrbot_description:/home/d-lab/workspace/ros_ur_driver/install/ros2_control:/home/d-lab/workspace/ros_ur_driver/install/utils:/home/d-lab/workspace/ros_ur_driver/install/ros2controlcli:/home/d-lab/workspace/ros_ur_driver/install/ros2_control_test_nodes:/home/d-lab/workspace/ros_ur_driver/install/robotiq_control:/home/d-lab/workspace/ros_ur_driver/install/gripper_control:/opt/ros/foxy:/home/d-lab/workspace/ros_ur_driver/install/cartesian_controller_examples:/home/d-lab/workspace/ros_ur_driver/install/controller_manager:/home/d-lab/workspace/ros_ur_driver/install/ros2_control_test_assets:/home/d-lab/workspace/ros_ur_driver/install/ros2_control_demo_hardware:/home/d-lab/workspace/ros_ur_driver/install/robotiq_description:/home/d-lab/workspace/ros_ur_driver/install/position_controllers:/home/d-lab/workspace/ros_ur_driver/install/move_arm_cpp:/home/d-lab/workspace/ros_ur_driver/install/move_arm_interface:/home/d-lab/workspace/ros_ur_driver/install/joint_trajectory_controller:/home/d-lab/workspace/ros_ur_driver/install/joint_state_controller:/home/d-lab/workspace/ros_ur_driver/install/joint_state_broadcaster:/home/d-lab/workspace/ros_ur_driver/install/imu_sensor_broadcaster:/home/d-lab/workspace/ros_ur_driver/install/gripper_controllers:/home/d-lab/workspace/ros_ur_driver/install/effort_controllers:/home/d-lab/workspace/ros_ur_driver/install/forward_command_controller:/home/d-lab/workspace/ros_ur_driver/install/force_torque_sensor_broadcaster:/home/d-lab/workspace/ros_ur_driver/install/diff_drive_controller:/home/d-lab/workspace/ros_ur_driver/install/cartesian_compliance_controller:/home/d-lab/workspace/ros_ur_driver/install/cartesian_motion_controller:/home/d-lab/workspace/ros_ur_driver/install/cartesian_force_controller:/home/d-lab/workspace/ros_ur_driver/install/cartesian_controller_handles:/home/d-lab/workspace/ros_ur_driver/install/cartesian_controller_base:/home/d-lab/workspace/ros_ur_driver/install/controller_interface:/home/d-lab/workspace/ros_ur_driver/install/hardware_interface:/home/d-lab/workspace/ros_ur_driver/install/graph_msgs:/home/d-lab/workspace/ros_ur_driver/install/filters:/home/d-lab/workspace/ros_ur_driver/install/eigen3_cmake_module:/home/d-lab/workspace/ros_ur_driver/install/diffbot_description:/home/d-lab/workspace/ros_ur_driver/install/controller_manager_msgs:/home/d-lab/workspace/ros_ur_driver/install/control_msgs:/home/d-lab/workspace/ros_ur_driver/install/chomp_motion_planner:/home/d-lab/workspace/ros_ur_driver/install/action_tutorials_interfaces /usr/bin/cmake --install /home/d-lab/workspace/ros_ur_driver/build/controller_manager_msgs
[1.598s] -- Install configuration: "Release"
[1.598s] -- Up-to-date: /home/d-lab/workspace/ros_ur_driver/install/controller_manager_msgs/share/ament_index/resource_index/rosidl_interfaces/controller_manager_msgs
[1.598s] -- Up-to-date: /home/d-lab/workspace/ros_ur_driver/install/controller_manager_msgs/include/controller_manager_msgs
[1.599s] -- Up-to-date: /home/d-lab/workspace/ros_ur_driver/install/controller_manager_msgs/include/controller_manager_msgs/srv
[1.599s] -- Up-to-date: /home/d-lab/workspace/ros_ur_driver/install/controller_manager_msgs/include/controller_manager_msgs/srv/reload_controller_libraries.h
[1.599s] -- Up-to-date: /home/d-lab/workspace/ros_ur_driver/install/controller_manager_msgs/include/controller_manager_msgs/srv/list_controller_types.h
[1.599s] -- Up-to-date: /home/d-lab/workspace/ros_ur_driver/install/controller_manager_msgs/include/controller_manager_msgs/srv/switch_controller.h
[1.599s] -- Up-to-date: /home/d-lab/workspace/ros_ur_driver/install/controller_manager_msgs/include/controller_manager_msgs/srv/configure_start_controller.h
[1.599s] -- Up-to-date: /home/d-lab/workspace/ros_ur_driver/install/controller_manager_msgs/include/controller_manager_msgs/srv/configure_controller.h
[1.599s] -- Up-to-date: /home/d-lab/workspace/ros_ur_driver/install/controller_manager_msgs/include/controller_manager_msgs/srv/unload_controller.h
[1.599s] -- Up-to-date: /home/d-lab/workspace/ros_ur_driver/install/controller_manager_msgs/include/controller_manager_msgs/srv/load_configure_controller.h
[1.599s] -- Up-to-date: /home/d-lab/workspace/ros_ur_driver/install/controller_manager_msgs/include/controller_manager_msgs/srv/load_start_controller.h
[1.599s] -- Up-to-date: /home/d-lab/workspace/ros_ur_driver/install/controller_manager_msgs/include/controller_manager_msgs/srv/list_hardware_interfaces.h
[1.599s] -- Up-to-date: /home/d-lab/workspace/ros_ur_driver/install/controller_manager_msgs/include/controller_manager_msgs/srv/list_controllers.h
[1.600s] -- Up-to-date: /home/d-lab/workspace/ros_ur_driver/install/controller_manager_msgs/include/controller_manager_msgs/srv/load_controller.h
[1.601s] -- Up-to-date: /home/d-lab/workspace/ros_ur_driver/install/controller_manager_msgs/include/controller_manager_msgs/srv/detail
[1.601s] -- Up-to-date: /home/d-lab/workspace/ros_ur_driver/install/controller_manager_msgs/include/controller_manager_msgs/srv/detail/load_configure_controller__functions.c
[1.601s] -- Up-to-date: /home/d-lab/workspace/ros_ur_driver/install/controller_manager_msgs/include/controller_manager_msgs/srv/detail/load_start_controller__functions.c
[1.602s] -- Up-to-date: /home/d-lab/workspace/ros_ur_driver/install/controller_manager_msgs/include/controller_manager_msgs/srv/detail/configure_controller__type_support.h
[1.602s] -- Up-to-date: /home/d-lab/workspace/ros_ur_driver/install/controller_manager_msgs/include/controller_manager_msgs/srv/detail/configure_controller__functions.c
[1.602s] -- Up-to-date: /home/d-lab/workspace/ros_ur_driver/install/controller_manager_msgs/include/controller_manager_msgs/srv/detail/configure_start_controller__struct.h
[1.602s] -- Up-to-date: /home/d-lab/workspace/ros_ur_driver/install/controller_manager_msgs/include/controller_manager_msgs/srv/detail/list_controllers__functions.h
[1.602s] -- Up-to-date: /home/d-lab/workspace/ros_ur_driver/install/controller_manager_msgs/include/controller_manager_msgs/srv/detail/list_controller_types__type_support.h
[1.602s] -- Up-to-date: /home/d-lab/workspace/ros_ur_driver/install/controller_manager_msgs/include/controller_manager_msgs/srv/detail/list_controllers__struct.h
[1.603s] -- Up-to-date: /home/d-lab/workspace/ros_ur_driver/install/controller_manager_msgs/include/controller_manager_msgs/srv/detail/list_hardware_interfaces__functions.h
[1.603s] -- Up-to-date: /home/d-lab/workspace/ros_ur_driver/install/controller_manager_msgs/include/controller_manager_msgs/srv/detail/list_hardware_interfaces__struct.h
[1.603s] -- Up-to-date: /home/d-lab/workspace/ros_ur_driver/install/controller_manager_msgs/include/controller_manager_msgs/srv/detail/list_hardware_interfaces__functions.c
[1.603s] -- Up-to-date: /home/d-lab/workspace/ros_ur_driver/install/controller_manager_msgs/include/controller_manager_msgs/srv/detail/load_controller__struct.h
[1.623s] -- Up-to-date: /home/d-lab/workspace/ros_ur_driver/install/controller_manager_msgs/include/controller_manager_msgs/srv/detail/load_start_controller__struct.h
[1.623s] -- Up-to-date: /home/d-lab/workspace/ros_ur_driver/install/controller_manager_msgs/include/controller_manager_msgs/srv/detail/unload_controller__type_support.h
[1.623s] -- Up-to-date: /home/d-lab/workspace/ros_ur_driver/install/controller_manager_msgs/include/controller_manager_msgs/srv/detail/switch_controller__struct.h
[1.623s] -- Up-to-date: /home/d-lab/workspace/ros_ur_driver/install/controller_manager_msgs/include/controller_manager_msgs/srv/detail/load_controller__type_support.h
[1.623s] -- Up-to-date: /home/d-lab/workspace/ros_ur_driver/install/controller_manager_msgs/include/controller_manager_msgs/srv/detail/unload_controller__struct.h
[1.623s] -- Up-to-date: /home/d-lab/workspace/ros_ur_driver/install/controller_manager_msgs/include/controller_manager_msgs/srv/detail/unload_controller__functions.h
[1.624s] -- Up-to-date: /home/d-lab/workspace/ros_ur_driver/install/controller_manager_msgs/include/controller_manager_msgs/srv/detail/load_configure_controller__struct.h
[1.624s] -- Up-to-date: /home/d-lab/workspace/ros_ur_driver/install/controller_manager_msgs/include/controller_manager_msgs/srv/detail/configure_controller__functions.h
[1.624s] -- Up-to-date: /home/d-lab/workspace/ros_ur_driver/install/controller_manager_msgs/include/controller_manager_msgs/srv/detail/list_controller_types__functions.c
[1.624s] -- Up-to-date: /home/d-lab/workspace/ros_ur_driver/install/controller_manager_msgs/include/controller_manager_msgs/srv/detail/configure_controller__struct.h
[1.624s] -- Up-to-date: /home/d-lab/workspace/ros_ur_driver/install/controller_manager_msgs/include/controller_manager_msgs/srv/detail/load_start_controller__functions.h
[1.624s] -- Up-to-date: /home/d-lab/workspace/ros_ur_driver/install/controller_manager_msgs/include/controller_manager_msgs/srv/detail/list_controllers__type_support.h
[1.624s] -- Up-to-date: /home/d-lab/workspace/ros_ur_driver/install/controller_manager_msgs/include/controller_manager_msgs/srv/detail/configure_start_controller__functions.h
[1.624s] -- Up-to-date: /home/d-lab/workspace/ros_ur_driver/install/controller_manager_msgs/include/controller_manager_msgs/srv/detail/list_controller_types__struct.h
[1.625s] -- Up-to-date: /home/d-lab/workspace/ros_ur_driver/install/controller_manager_msgs/include/controller_manager_msgs/srv/detail/reload_controller_libraries__functions.h
[1.625s] -- Up-to-date: /home/d-lab/workspace/ros_ur_driver/install/controller_manager_msgs/include/controller_manager_msgs/srv/detail/list_controller_types__functions.h
[1.625s] -- Up-to-date: /home/d-lab/workspace/ros_ur_driver/install/controller_manager_msgs/include/controller_manager_msgs/srv/detail/configure_start_controller__type_support.h
[1.625s] -- Up-to-date: /home/d-lab/workspace/ros_ur_driver/install/controller_manager_msgs/include/controller_manager_msgs/srv/detail/reload_controller_libraries__type_support.h
[1.625s] -- Up-to-date: /home/d-lab/workspace/ros_ur_driver/install/controller_manager_msgs/include/controller_manager_msgs/srv/detail/load_controller__functions.h
[1.625s] -- Up-to-date: /home/d-lab/workspace/ros_ur_driver/install/controller_manager_msgs/include/controller_manager_msgs/srv/detail/reload_controller_libraries__functions.c
[1.625s] -- Up-to-date: /home/d-lab/workspace/ros_ur_driver/install/controller_manager_msgs/include/controller_manager_msgs/srv/detail/switch_controller__functions.h
[1.625s] -- Up-to-date: /home/d-lab/workspace/ros_ur_driver/install/controller_manager_msgs/include/controller_manager_msgs/srv/detail/list_hardware_interfaces__type_support.h
[1.626s] -- Up-to-date: /home/d-lab/workspace/ros_ur_driver/install/controller_manager_msgs/include/controller_manager_msgs/srv/detail/reload_controller_libraries__struct.h
[1.626s] -- Up-to-date: /home/d-lab/workspace/ros_ur_driver/install/controller_manager_msgs/include/controller_manager_msgs/srv/detail/load_controller__functions.c
[1.626s] -- Up-to-date: /home/d-lab/workspace/ros_ur_driver/install/controller_manager_msgs/include/controller_manager_msgs/srv/detail/list_controllers__functions.c
[1.638s] -- Up-to-date: /home/d-lab/workspace/ros_ur_driver/install/controller_manager_msgs/include/controller_manager_msgs/srv/detail/switch_controller__functions.c
[1.638s] -- Up-to-date: /home/d-lab/workspace/ros_ur_driver/install/controller_manager_msgs/include/controller_manager_msgs/srv/detail/switch_controller__type_support.h
[1.638s] -- Up-to-date: /home/d-lab/workspace/ros_ur_driver/install/controller_manager_msgs/include/controller_manager_msgs/srv/detail/unload_controller__functions.c
[1.638s] -- Up-to-date: /home/d-lab/workspace/ros_ur_driver/install/controller_manager_msgs/include/controller_manager_msgs/srv/detail/load_configure_controller__type_support.h
[1.639s] -- Up-to-date: /home/d-lab/workspace/ros_ur_driver/install/controller_manager_msgs/include/controller_manager_msgs/srv/detail/load_configure_controller__functions.h
[1.640s] -- Up-to-date: /home/d-lab/workspace/ros_ur_driver/install/controller_manager_msgs/include/controller_manager_msgs/srv/detail/configure_start_controller__functions.c
[1.640s] -- Up-to-date: /home/d-lab/workspace/ros_ur_driver/install/controller_manager_msgs/include/controller_manager_msgs/srv/detail/load_start_controller__type_support.h
[1.640s] -- Up-to-date: /home/d-lab/workspace/ros_ur_driver/install/controller_manager_msgs/include/controller_manager_msgs/msg
[1.640s] -- Up-to-date: /home/d-lab/workspace/ros_ur_driver/install/controller_manager_msgs/include/controller_manager_msgs/msg/rosidl_generator_c__visibility_control.h
[1.640s] -- Up-to-date: /home/d-lab/workspace/ros_ur_driver/install/controller_manager_msgs/include/controller_manager_msgs/msg/controller_state.h
[1.640s] -- Up-to-date: /home/d-lab/workspace/ros_ur_driver/install/controller_manager_msgs/include/controller_manager_msgs/msg/hardware_interface.h
[1.640s] -- Up-to-date: /home/d-lab/workspace/ros_ur_driver/install/controller_manager_msgs/include/controller_manager_msgs/msg/detail
[1.640s] -- Up-to-date: /home/d-lab/workspace/ros_ur_driver/install/controller_manager_msgs/include/controller_manager_msgs/msg/detail/controller_state__struct.h
[1.640s] -- Up-to-date: /home/d-lab/workspace/ros_ur_driver/install/controller_manager_msgs/include/controller_manager_msgs/msg/detail/controller_state__functions.h
[1.641s] -- Up-to-date: /home/d-lab/workspace/ros_ur_driver/install/controller_manager_msgs/include/controller_manager_msgs/msg/detail/hardware_interface__type_support.h
[1.641s] -- Up-to-date: /home/d-lab/workspace/ros_ur_driver/install/controller_manager_msgs/include/controller_manager_msgs/msg/detail/controller_state__functions.c
[1.641s] -- Up-to-date: /home/d-lab/workspace/ros_ur_driver/install/controller_manager_msgs/include/controller_manager_msgs/msg/detail/hardware_interface__functions.h
[1.641s] -- Up-to-date: /home/d-lab/workspace/ros_ur_driver/install/controller_manager_msgs/include/controller_manager_msgs/msg/detail/hardware_interface__struct.h
[1.641s] -- Up-to-date: /home/d-lab/workspace/ros_ur_driver/install/controller_manager_msgs/include/controller_manager_msgs/msg/detail/controller_state__type_support.h
[1.641s] -- Up-to-date: /home/d-lab/workspace/ros_ur_driver/install/controller_manager_msgs/include/controller_manager_msgs/msg/detail/hardware_interface__functions.c
[1.641s] -- Up-to-date: /home/d-lab/workspace/ros_ur_driver/install/controller_manager_msgs/share/controller_manager_msgs/environment/library_path.sh
[1.641s] -- Up-to-date: /home/d-lab/workspace/ros_ur_driver/install/controller_manager_msgs/share/controller_manager_msgs/environment/library_path.dsv
[1.641s] -- Up-to-date: /home/d-lab/workspace/ros_ur_driver/install/controller_manager_msgs/lib/libcontroller_manager_msgs__rosidl_generator_c.so
[1.641s] -- Up-to-date: /home/d-lab/workspace/ros_ur_driver/install/controller_manager_msgs/include/controller_manager_msgs
[1.641s] -- Up-to-date: /home/d-lab/workspace/ros_ur_driver/install/controller_manager_msgs/include/controller_manager_msgs/srv
[1.641s] -- Up-to-date: /home/d-lab/workspace/ros_ur_driver/install/controller_manager_msgs/include/controller_manager_msgs/srv/detail
[1.641s] -- Up-to-date: /home/d-lab/workspace/ros_ur_driver/install/controller_manager_msgs/include/controller_manager_msgs/srv/detail/load_start_controller__rosidl_typesupport_fastrtps_c.h
[1.652s] -- Up-to-date: /home/d-lab/workspace/ros_ur_driver/install/controller_manager_msgs/include/controller_manager_msgs/srv/detail/list_hardware_interfaces__rosidl_typesupport_fastrtps_c.h
[1.652s] -- Up-to-date: /home/d-lab/workspace/ros_ur_driver/install/controller_manager_msgs/include/controller_manager_msgs/srv/detail/configure_controller__rosidl_typesupport_fastrtps_c.h
[1.652s] -- Up-to-date: /home/d-lab/workspace/ros_ur_driver/install/controller_manager_msgs/include/controller_manager_msgs/srv/detail/unload_controller__rosidl_typesupport_fastrtps_c.h
[1.652s] -- Up-to-date: /home/d-lab/workspace/ros_ur_driver/install/controller_manager_msgs/include/controller_manager_msgs/srv/detail/configure_start_controller__rosidl_typesupport_fastrtps_c.h
[1.652s] -- Up-to-date: /home/d-lab/workspace/ros_ur_driver/install/controller_manager_msgs/include/controller_manager_msgs/srv/detail/reload_controller_libraries__rosidl_typesupport_fastrtps_c.h
[1.653s] -- Up-to-date: /home/d-lab/workspace/ros_ur_driver/install/controller_manager_msgs/include/controller_manager_msgs/srv/detail/switch_controller__rosidl_typesupport_fastrtps_c.h
[1.653s] -- Up-to-date: /home/d-lab/workspace/ros_ur_driver/install/controller_manager_msgs/include/controller_manager_msgs/srv/detail/load_configure_controller__rosidl_typesupport_fastrtps_c.h
[1.653s] -- Up-to-date: /home/d-lab/workspace/ros_ur_driver/install/controller_manager_msgs/include/controller_manager_msgs/srv/detail/list_controller_types__rosidl_typesupport_fastrtps_c.h
[1.654s] -- Up-to-date: /home/d-lab/workspace/ros_ur_driver/install/controller_manager_msgs/include/controller_manager_msgs/srv/detail/load_controller__rosidl_typesupport_fastrtps_c.h
[1.655s] -- Up-to-date: /home/d-lab/workspace/ros_ur_driver/install/controller_manager_msgs/include/controller_manager_msgs/srv/detail/list_controllers__rosidl_typesupport_fastrtps_c.h
[1.655s] -- Up-to-date: /home/d-lab/workspace/ros_ur_driver/install/controller_manager_msgs/include/controller_manager_msgs/msg
[1.655s] -- Up-to-date: /home/d-lab/workspace/ros_ur_driver/install/controller_manager_msgs/include/controller_manager_msgs/msg/rosidl_typesupport_fastrtps_c__visibility_control.h
[1.655s] -- Up-to-date: /home/d-lab/workspace/ros_ur_driver/install/controller_manager_msgs/include/controller_manager_msgs/msg/detail
[1.655s] -- Up-to-date: /home/d-lab/workspace/ros_ur_driver/install/controller_manager_msgs/include/controller_manager_msgs/msg/detail/hardware_interface__rosidl_typesupport_fastrtps_c.h
[1.655s] -- Up-to-date: /home/d-lab/workspace/ros_ur_driver/install/controller_manager_msgs/include/controller_manager_msgs/msg/detail/controller_state__rosidl_typesupport_fastrtps_c.h
[1.655s] -- Up-to-date: /home/d-lab/workspace/ros_ur_driver/install/controller_manager_msgs/lib/libcontroller_manager_msgs__rosidl_typesupport_fastrtps_c.so
[1.656s] -- Up-to-date: /home/d-lab/workspace/ros_ur_driver/install/controller_manager_msgs/include/controller_manager_msgs
[1.656s] -- Up-to-date: /home/d-lab/workspace/ros_ur_driver/install/controller_manager_msgs/include/controller_manager_msgs/srv
[1.656s] -- Up-to-date: /home/d-lab/workspace/ros_ur_driver/install/controller_manager_msgs/include/controller_manager_msgs/srv/detail
[1.657s] -- Up-to-date: /home/d-lab/workspace/ros_ur_driver/install/controller_manager_msgs/include/controller_manager_msgs/srv/detail/load_controller__rosidl_typesupport_fastrtps_cpp.hpp
[1.658s] -- Up-to-date: /home/d-lab/workspace/ros_ur_driver/install/controller_manager_msgs/include/controller_manager_msgs/srv/detail/configure_controller__rosidl_typesupport_fastrtps_cpp.hpp
[1.658s] -- Up-to-date: /home/d-lab/workspace/ros_ur_driver/install/controller_manager_msgs/include/controller_manager_msgs/srv/detail/switch_controller__rosidl_typesupport_fastrtps_cpp.hpp
[1.658s] -- Up-to-date: /home/d-lab/workspace/ros_ur_driver/install/controller_manager_msgs/include/controller_manager_msgs/srv/detail/dds_fastrtps
[1.659s] -- Up-to-date: /home/d-lab/workspace/ros_ur_driver/install/controller_manager_msgs/include/controller_manager_msgs/srv/detail/configure_start_controller__rosidl_typesupport_fastrtps_cpp.hpp
[1.659s] -- Up-to-date: /home/d-lab/workspace/ros_ur_driver/install/controller_manager_msgs/include/controller_manager_msgs/srv/detail/unload_controller__rosidl_typesupport_fastrtps_cpp.hpp
[1.670s] -- Up-to-date: /home/d-lab/workspace/ros_ur_driver/install/controller_manager_msgs/include/controller_manager_msgs/srv/detail/list_hardware_interfaces__rosidl_typesupport_fastrtps_cpp.hpp
[1.671s] -- Up-to-date: /home/d-lab/workspace/ros_ur_driver/install/controller_manager_msgs/include/controller_manager_msgs/srv/detail/load_configure_controller__rosidl_typesupport_fastrtps_cpp.hpp
[1.671s] -- Up-to-date: /home/d-lab/workspace/ros_ur_driver/install/controller_manager_msgs/include/controller_manager_msgs/srv/detail/list_controller_types__rosidl_typesupport_fastrtps_cpp.hpp
[1.671s] -- Up-to-date: /home/d-lab/workspace/ros_ur_driver/install/controller_manager_msgs/include/controller_manager_msgs/srv/detail/load_start_controller__rosidl_typesupport_fastrtps_cpp.hpp
[1.671s] -- Up-to-date: /home/d-lab/workspace/ros_ur_driver/install/controller_manager_msgs/include/controller_manager_msgs/srv/detail/list_controllers__rosidl_typesupport_fastrtps_cpp.hpp
[1.671s] -- Up-to-date: /home/d-lab/workspace/ros_ur_driver/install/controller_manager_msgs/include/controller_manager_msgs/srv/detail/reload_controller_libraries__rosidl_typesupport_fastrtps_cpp.hpp
[1.672s] -- Up-to-date: /home/d-lab/workspace/ros_ur_driver/install/controller_manager_msgs/include/controller_manager_msgs/msg
[1.672s] -- Up-to-date: /home/d-lab/workspace/ros_ur_driver/install/controller_manager_msgs/include/controller_manager_msgs/msg/rosidl_typesupport_fastrtps_cpp__visibility_control.h
[1.672s] -- Up-to-date: /home/d-lab/workspace/ros_ur_driver/install/controller_manager_msgs/include/controller_manager_msgs/msg/detail
[1.672s] -- Up-to-date: /home/d-lab/workspace/ros_ur_driver/install/controller_manager_msgs/include/controller_manager_msgs/msg/detail/hardware_interface__rosidl_typesupport_fastrtps_cpp.hpp
[1.672s] -- Up-to-date: /home/d-lab/workspace/ros_ur_driver/install/controller_manager_msgs/include/controller_manager_msgs/msg/detail/dds_fastrtps
[1.672s] -- Up-to-date: /home/d-lab/workspace/ros_ur_driver/install/controller_manager_msgs/include/controller_manager_msgs/msg/detail/controller_state__rosidl_typesupport_fastrtps_cpp.hpp
[1.673s] -- Up-to-date: /home/d-lab/workspace/ros_ur_driver/install/controller_manager_msgs/lib/libcontroller_manager_msgs__rosidl_typesupport_fastrtps_cpp.so
[1.673s] -- Up-to-date: /home/d-lab/workspace/ros_ur_driver/install/controller_manager_msgs/include/controller_manager_msgs
[1.673s] -- Up-to-date: /home/d-lab/workspace/ros_ur_driver/install/controller_manager_msgs/include/controller_manager_msgs/srv
[1.673s] -- Up-to-date: /home/d-lab/workspace/ros_ur_driver/install/controller_manager_msgs/include/controller_manager_msgs/srv/detail
[1.674s] -- Up-to-date: /home/d-lab/workspace/ros_ur_driver/install/controller_manager_msgs/include/controller_manager_msgs/srv/detail/list_controllers__rosidl_typesupport_introspection_c.h
[1.674s] -- Up-to-date: /home/d-lab/workspace/ros_ur_driver/install/controller_manager_msgs/include/controller_manager_msgs/srv/detail/load_start_controller__rosidl_typesupport_introspection_c.h
[1.675s] -- Up-to-date: /home/d-lab/workspace/ros_ur_driver/install/controller_manager_msgs/include/controller_manager_msgs/srv/detail/list_hardware_interfaces__type_support.c
[1.675s] -- Up-to-date: /home/d-lab/workspace/ros_ur_driver/install/controller_manager_msgs/include/controller_manager_msgs/srv/detail/load_configure_controller__type_support.c
[1.675s] -- Up-to-date: /home/d-lab/workspace/ros_ur_driver/install/controller_manager_msgs/include/controller_manager_msgs/srv/detail/unload_controller__rosidl_typesupport_introspection_c.h
[1.675s] -- Up-to-date: /home/d-lab/workspace/ros_ur_driver/install/controller_manager_msgs/include/controller_manager_msgs/srv/detail/reload_controller_libraries__rosidl_typesupport_introspection_c.h
[1.675s] -- Up-to-date: /home/d-lab/workspace/ros_ur_driver/install/controller_manager_msgs/include/controller_manager_msgs/srv/detail/list_hardware_interfaces__rosidl_typesupport_introspection_c.h
[1.676s] -- Up-to-date: /home/d-lab/workspace/ros_ur_driver/install/controller_manager_msgs/include/controller_manager_msgs/srv/detail/list_controller_types__rosidl_typesupport_introspection_c.h
[1.688s] -- Up-to-date: /home/d-lab/workspace/ros_ur_driver/install/controller_manager_msgs/include/controller_manager_msgs/srv/detail/list_controllers__type_support.c
[1.688s] -- Up-to-date: /home/d-lab/workspace/ros_ur_driver/install/controller_manager_msgs/include/controller_manager_msgs/srv/detail/unload_controller__type_support.c
[1.689s] -- Up-to-date: /home/d-lab/workspace/ros_ur_driver/install/controller_manager_msgs/include/controller_manager_msgs/srv/detail/configure_start_controller__type_support.c
[1.689s] -- Up-to-date: /home/d-lab/workspace/ros_ur_driver/install/controller_manager_msgs/include/controller_manager_msgs/srv/detail/load_controller__type_support.c
[1.689s] -- Up-to-date: /home/d-lab/workspace/ros_ur_driver/install/controller_manager_msgs/include/controller_manager_msgs/srv/detail/switch_controller__rosidl_typesupport_introspection_c.h
[1.689s] -- Up-to-date: /home/d-lab/workspace/ros_ur_driver/install/controller_manager_msgs/include/controller_manager_msgs/srv/detail/load_start_controller__type_support.c
[1.689s] -- Up-to-date: /home/d-lab/workspace/ros_ur_driver/install/controller_manager_msgs/include/controller_manager_msgs/srv/detail/configure_start_controller__rosidl_typesupport_introspection_c.h
[1.689s] -- Up-to-date: /home/d-lab/workspace/ros_ur_driver/install/controller_manager_msgs/include/controller_manager_msgs/srv/detail/load_configure_controller__rosidl_typesupport_introspection_c.h
[1.690s] -- Up-to-date: /home/d-lab/workspace/ros_ur_driver/install/controller_manager_msgs/include/controller_manager_msgs/srv/detail/load_controller__rosidl_typesupport_introspection_c.h
[1.690s] -- Up-to-date: /home/d-lab/workspace/ros_ur_driver/install/controller_manager_msgs/include/controller_manager_msgs/srv/detail/list_controller_types__type_support.c
[1.690s] -- Up-to-date: /home/d-lab/workspace/ros_ur_driver/install/controller_manager_msgs/include/controller_manager_msgs/srv/detail/configure_controller__type_support.c
[1.691s] -- Up-to-date: /home/d-lab/workspace/ros_ur_driver/install/controller_manager_msgs/include/controller_manager_msgs/srv/detail/configure_controller__rosidl_typesupport_introspection_c.h
[1.691s] -- Up-to-date: /home/d-lab/workspace/ros_ur_driver/install/controller_manager_msgs/include/controller_manager_msgs/srv/detail/reload_controller_libraries__type_support.c
[1.692s] -- Up-to-date: /home/d-lab/workspace/ros_ur_driver/install/controller_manager_msgs/include/controller_manager_msgs/srv/detail/switch_controller__type_support.c
[1.693s] -- Up-to-date: /home/d-lab/workspace/ros_ur_driver/install/controller_manager_msgs/include/controller_manager_msgs/msg
[1.693s] -- Up-to-date: /home/d-lab/workspace/ros_ur_driver/install/controller_manager_msgs/include/controller_manager_msgs/msg/rosidl_typesupport_introspection_c__visibility_control.h
[1.693s] -- Up-to-date: /home/d-lab/workspace/ros_ur_driver/install/controller_manager_msgs/include/controller_manager_msgs/msg/detail
[1.693s] -- Up-to-date: /home/d-lab/workspace/ros_ur_driver/install/controller_manager_msgs/include/controller_manager_msgs/msg/detail/controller_state__rosidl_typesupport_introspection_c.h
[1.693s] -- Up-to-date: /home/d-lab/workspace/ros_ur_driver/install/controller_manager_msgs/include/controller_manager_msgs/msg/detail/hardware_interface__type_support.c
[1.693s] -- Up-to-date: /home/d-lab/workspace/ros_ur_driver/install/controller_manager_msgs/include/controller_manager_msgs/msg/detail/controller_state__type_support.c
[1.693s] -- Up-to-date: /home/d-lab/workspace/ros_ur_driver/install/controller_manager_msgs/include/controller_manager_msgs/msg/detail/hardware_interface__rosidl_typesupport_introspection_c.h
[1.693s] -- Up-to-date: /home/d-lab/workspace/ros_ur_driver/install/controller_manager_msgs/lib/libcontroller_manager_msgs__rosidl_typesupport_introspection_c.so
[1.693s] -- Up-to-date: /home/d-lab/workspace/ros_ur_driver/install/controller_manager_msgs/lib/libcontroller_manager_msgs__rosidl_typesupport_c.so
[1.693s] -- Up-to-date: /home/d-lab/workspace/ros_ur_driver/install/controller_manager_msgs/include/controller_manager_msgs
[1.693s] -- Up-to-date: /home/d-lab/workspace/ros_ur_driver/install/controller_manager_msgs/include/controller_manager_msgs/srv
[1.694s] -- Up-to-date: /home/d-lab/workspace/ros_ur_driver/install/controller_manager_msgs/include/controller_manager_msgs/srv/list_controllers.hpp
[1.694s] -- Up-to-date: /home/d-lab/workspace/ros_ur_driver/install/controller_manager_msgs/include/controller_manager_msgs/srv/reload_controller_libraries.hpp
[1.695s] -- Up-to-date: /home/d-lab/workspace/ros_ur_driver/install/controller_manager_msgs/include/controller_manager_msgs/srv/load_start_controller.hpp
[1.695s] -- Up-to-date: /home/d-lab/workspace/ros_ur_driver/install/controller_manager_msgs/include/controller_manager_msgs/srv/load_controller.hpp
[1.696s] -- Up-to-date: /home/d-lab/workspace/ros_ur_driver/install/controller_manager_msgs/include/controller_manager_msgs/srv/configure_start_controller.hpp
[1.698s] -- Up-to-date: /home/d-lab/workspace/ros_ur_driver/install/controller_manager_msgs/include/controller_manager_msgs/srv/configure_controller.hpp
[1.698s] -- Up-to-date: /home/d-lab/workspace/ros_ur_driver/install/controller_manager_msgs/include/controller_manager_msgs/srv/list_hardware_interfaces.hpp
[1.698s] -- Up-to-date: /home/d-lab/workspace/ros_ur_driver/install/controller_manager_msgs/include/controller_manager_msgs/srv/load_configure_controller.hpp
[1.698s] -- Up-to-date: /home/d-lab/workspace/ros_ur_driver/install/controller_manager_msgs/include/controller_manager_msgs/srv/switch_controller.hpp
[1.699s] -- Up-to-date: /home/d-lab/workspace/ros_ur_driver/install/controller_manager_msgs/include/controller_manager_msgs/srv/detail
[1.699s] -- Up-to-date: /home/d-lab/workspace/ros_ur_driver/install/controller_manager_msgs/include/controller_manager_msgs/srv/detail/configure_controller__struct.hpp
[1.699s] -- Up-to-date: /home/d-lab/workspace/ros_ur_driver/install/controller_manager_msgs/include/controller_manager_msgs/srv/detail/load_start_controller__traits.hpp
[1.699s] -- Up-to-date: /home/d-lab/workspace/ros_ur_driver/install/controller_manager_msgs/include/controller_manager_msgs/srv/detail/list_controller_types__traits.hpp
[1.699s] -- Up-to-date: /home/d-lab/workspace/ros_ur_driver/install/controller_manager_msgs/include/controller_manager_msgs/srv/detail/load_controller__builder.hpp
[1.711s] -- Up-to-date: /home/d-lab/workspace/ros_ur_driver/install/controller_manager_msgs/include/controller_manager_msgs/srv/detail/configure_start_controller__struct.hpp
[1.720s] -- Up-to-date: /home/d-lab/workspace/ros_ur_driver/install/controller_manager_msgs/include/controller_manager_msgs/srv/detail/configure_controller__builder.hpp
[1.720s] -- Up-to-date: /home/d-lab/workspace/ros_ur_driver/install/controller_manager_msgs/include/controller_manager_msgs/srv/detail/reload_controller_libraries__builder.hpp
[1.720s] -- Up-to-date: /home/d-lab/workspace/ros_ur_driver/install/controller_manager_msgs/include/controller_manager_msgs/srv/detail/load_controller__struct.hpp
[1.720s] -- Up-to-date: /home/d-lab/workspace/ros_ur_driver/install/controller_manager_msgs/include/controller_manager_msgs/srv/detail/configure_controller__traits.hpp
[1.720s] -- Up-to-date: /home/d-lab/workspace/ros_ur_driver/install/controller_manager_msgs/include/controller_manager_msgs/srv/detail/list_controller_types__struct.hpp
[1.720s] -- Up-to-date: /home/d-lab/workspace/ros_ur_driver/install/controller_manager_msgs/include/controller_manager_msgs/srv/detail/load_start_controller__struct.hpp
[1.720s] -- Up-to-date: /home/d-lab/workspace/ros_ur_driver/install/controller_manager_msgs/include/controller_manager_msgs/srv/detail/load_configure_controller__struct.hpp
[1.721s] -- Up-to-date: /home/d-lab/workspace/ros_ur_driver/install/controller_manager_msgs/include/controller_manager_msgs/srv/detail/unload_controller__struct.hpp
[1.721s] -- Up-to-date: /home/d-lab/workspace/ros_ur_driver/install/controller_manager_msgs/include/controller_manager_msgs/srv/detail/list_hardware_interfaces__traits.hpp
[1.721s] -- Up-to-date: /home/d-lab/workspace/ros_ur_driver/install/controller_manager_msgs/include/controller_manager_msgs/srv/detail/load_configure_controller__traits.hpp
[1.721s] -- Up-to-date: /home/d-lab/workspace/ros_ur_driver/install/controller_manager_msgs/include/controller_manager_msgs/srv/detail/configure_start_controller__traits.hpp
[1.721s] -- Up-to-date: /home/d-lab/workspace/ros_ur_driver/install/controller_manager_msgs/include/controller_manager_msgs/srv/detail/switch_controller__struct.hpp
[1.721s] -- Up-to-date: /home/d-lab/workspace/ros_ur_driver/install/controller_manager_msgs/include/controller_manager_msgs/srv/detail/reload_controller_libraries__struct.hpp
[1.721s] -- Up-to-date: /home/d-lab/workspace/ros_ur_driver/install/controller_manager_msgs/include/controller_manager_msgs/srv/detail/switch_controller__traits.hpp
[1.721s] -- Up-to-date: /home/d-lab/workspace/ros_ur_driver/install/controller_manager_msgs/include/controller_manager_msgs/srv/detail/list_controllers__traits.hpp
[1.722s] -- Up-to-date: /home/d-lab/workspace/ros_ur_driver/install/controller_manager_msgs/include/controller_manager_msgs/srv/detail/list_hardware_interfaces__builder.hpp
[1.722s] -- Up-to-date: /home/d-lab/workspace/ros_ur_driver/install/controller_manager_msgs/include/controller_manager_msgs/srv/detail/reload_controller_libraries__traits.hpp
[1.722s] -- Up-to-date: /home/d-lab/workspace/ros_ur_driver/install/controller_manager_msgs/include/controller_manager_msgs/srv/detail/switch_controller__builder.hpp
[1.722s] -- Up-to-date: /home/d-lab/workspace/ros_ur_driver/install/controller_manager_msgs/include/controller_manager_msgs/srv/detail/load_controller__traits.hpp
[1.722s] -- Up-to-date: /home/d-lab/workspace/ros_ur_driver/install/controller_manager_msgs/include/controller_manager_msgs/srv/detail/load_configure_controller__builder.hpp
[1.722s] -- Up-to-date: /home/d-lab/workspace/ros_ur_driver/install/controller_manager_msgs/include/controller_manager_msgs/srv/detail/configure_start_controller__builder.hpp
[1.722s] -- Up-to-date: /home/d-lab/workspace/ros_ur_driver/install/controller_manager_msgs/include/controller_manager_msgs/srv/detail/list_controllers__struct.hpp
[1.722s] -- Up-to-date: /home/d-lab/workspace/ros_ur_driver/install/controller_manager_msgs/include/controller_manager_msgs/srv/detail/unload_controller__traits.hpp
[1.722s] -- Up-to-date: /home/d-lab/workspace/ros_ur_driver/install/controller_manager_msgs/include/controller_manager_msgs/srv/detail/list_hardware_interfaces__struct.hpp
[1.722s] -- Up-to-date: /home/d-lab/workspace/ros_ur_driver/install/controller_manager_msgs/include/controller_manager_msgs/srv/detail/load_start_controller__builder.hpp
[1.723s] -- Up-to-date: /home/d-lab/workspace/ros_ur_driver/install/controller_manager_msgs/include/controller_manager_msgs/srv/detail/list_controller_types__builder.hpp
[1.724s] -- Up-to-date: /home/d-lab/workspace/ros_ur_driver/install/controller_manager_msgs/include/controller_manager_msgs/srv/detail/unload_controller__builder.hpp
[1.724s] -- Up-to-date: /home/d-lab/workspace/ros_ur_driver/install/controller_manager_msgs/include/controller_manager_msgs/srv/detail/list_controllers__builder.hpp
[1.724s] -- Up-to-date: /home/d-lab/workspace/ros_ur_driver/install/controller_manager_msgs/include/controller_manager_msgs/srv/list_controller_types.hpp
[1.724s] -- Up-to-date: /home/d-lab/workspace/ros_ur_driver/install/controller_manager_msgs/include/controller_manager_msgs/srv/unload_controller.hpp
[1.724s] -- Up-to-date: /home/d-lab/workspace/ros_ur_driver/install/controller_manager_msgs/include/controller_manager_msgs/msg
[1.724s] -- Up-to-date: /home/d-lab/workspace/ros_ur_driver/install/controller_manager_msgs/include/controller_manager_msgs/msg/hardware_interface.hpp
[1.725s] -- Up-to-date: /home/d-lab/workspace/ros_ur_driver/install/controller_manager_msgs/include/controller_manager_msgs/msg/controller_state.hpp
[1.725s] -- Up-to-date: /home/d-lab/workspace/ros_ur_driver/install/controller_manager_msgs/include/controller_manager_msgs/msg/detail
[1.725s] -- Up-to-date: /home/d-lab/workspace/ros_ur_driver/install/controller_manager_msgs/include/controller_manager_msgs/msg/detail/hardware_interface__struct.hpp
[1.726s] -- Up-to-date: /home/d-lab/workspace/ros_ur_driver/install/controller_manager_msgs/include/controller_manager_msgs/msg/detail/controller_state__traits.hpp
[1.726s] -- Up-to-date: /home/d-lab/workspace/ros_ur_driver/install/controller_manager_msgs/include/controller_manager_msgs/msg/detail/controller_state__struct.hpp
[1.726s] -- Up-to-date: /home/d-lab/workspace/ros_ur_driver/install/controller_manager_msgs/include/controller_manager_msgs/msg/detail/hardware_interface__builder.hpp
[1.727s] -- Up-to-date: /home/d-lab/workspace/ros_ur_driver/install/controller_manager_msgs/include/controller_manager_msgs/msg/detail/controller_state__builder.hpp
[1.727s] -- Up-to-date: /home/d-lab/workspace/ros_ur_driver/install/controller_manager_msgs/include/controller_manager_msgs/msg/detail/hardware_interface__traits.hpp
[1.727s] -- Up-to-date: /home/d-lab/workspace/ros_ur_driver/install/controller_manager_msgs/include/controller_manager_msgs
[1.727s] -- Up-to-date: /home/d-lab/workspace/ros_ur_driver/install/controller_manager_msgs/include/controller_manager_msgs/srv
[1.727s] -- Up-to-date: /home/d-lab/workspace/ros_ur_driver/install/controller_manager_msgs/include/controller_manager_msgs/srv/detail
[1.727s] -- Up-to-date: /home/d-lab/workspace/ros_ur_driver/install/controller_manager_msgs/include/controller_manager_msgs/srv/detail/unload_controller__rosidl_typesupport_introspection_cpp.hpp
[1.729s] -- Up-to-date: /home/d-lab/workspace/ros_ur_driver/install/controller_manager_msgs/include/controller_manager_msgs/srv/detail/reload_controller_libraries__type_support.cpp
[1.730s] -- Up-to-date: /home/d-lab/workspace/ros_ur_driver/install/controller_manager_msgs/include/controller_manager_msgs/srv/detail/switch_controller__type_support.cpp
[1.730s] -- Up-to-date: /home/d-lab/workspace/ros_ur_driver/install/controller_manager_msgs/include/controller_manager_msgs/srv/detail/configure_start_controller__rosidl_typesupport_introspection_cpp.hpp
[1.730s] -- Up-to-date: /home/d-lab/workspace/ros_ur_driver/install/controller_manager_msgs/include/controller_manager_msgs/srv/detail/load_start_controller__type_support.cpp
[1.730s] -- Up-to-date: /home/d-lab/workspace/ros_ur_driver/install/controller_manager_msgs/include/controller_manager_msgs/srv/detail/load_controller__type_support.cpp
[1.731s] -- Up-to-date: /home/d-lab/workspace/ros_ur_driver/install/controller_manager_msgs/include/controller_manager_msgs/srv/detail/configure_controller__rosidl_typesupport_introspection_cpp.hpp
[1.731s] -- Up-to-date: /home/d-lab/workspace/ros_ur_driver/install/controller_manager_msgs/include/controller_manager_msgs/srv/detail/list_controllers__type_support.cpp
[1.733s] -- Up-to-date: /home/d-lab/workspace/ros_ur_driver/install/controller_manager_msgs/include/controller_manager_msgs/srv/detail/list_controller_types__rosidl_typesupport_introspection_cpp.hpp
[1.733s] -- Up-to-date: /home/d-lab/workspace/ros_ur_driver/install/controller_manager_msgs/include/controller_manager_msgs/srv/detail/load_controller__rosidl_typesupport_introspection_cpp.hpp
[1.733s] -- Up-to-date: /home/d-lab/workspace/ros_ur_driver/install/controller_manager_msgs/include/controller_manager_msgs/srv/detail/configure_controller__type_support.cpp
[1.733s] -- Up-to-date: /home/d-lab/workspace/ros_ur_driver/install/controller_manager_msgs/include/controller_manager_msgs/srv/detail/switch_controller__rosidl_typesupport_introspection_cpp.hpp
[1.734s] -- Up-to-date: /home/d-lab/workspace/ros_ur_driver/install/controller_manager_msgs/include/controller_manager_msgs/srv/detail/configure_start_controller__type_support.cpp
[1.734s] -- Up-to-date: /home/d-lab/workspace/ros_ur_driver/install/controller_manager_msgs/include/controller_manager_msgs/srv/detail/load_configure_controller__type_support.cpp
[1.734s] -- Up-to-date: /home/d-lab/workspace/ros_ur_driver/install/controller_manager_msgs/include/controller_manager_msgs/srv/detail/list_controllers__rosidl_typesupport_introspection_cpp.hpp
[1.736s] -- Up-to-date: /home/d-lab/workspace/ros_ur_driver/install/controller_manager_msgs/include/controller_manager_msgs/srv/detail/list_hardware_interfaces__type_support.cpp
[1.736s] -- Up-to-date: /home/d-lab/workspace/ros_ur_driver/install/controller_manager_msgs/include/controller_manager_msgs/srv/detail/unload_controller__type_support.cpp
[1.736s] -- Up-to-date: /home/d-lab/workspace/ros_ur_driver/install/controller_manager_msgs/include/controller_manager_msgs/srv/detail/list_controller_types__type_support.cpp
[1.736s] -- Up-to-date: /home/d-lab/workspace/ros_ur_driver/install/controller_manager_msgs/include/controller_manager_msgs/srv/detail/reload_controller_libraries__rosidl_typesupport_introspection_cpp.hpp
[1.736s] -- Up-to-date: /home/d-lab/workspace/ros_ur_driver/install/controller_manager_msgs/include/controller_manager_msgs/srv/detail/list_hardware_interfaces__rosidl_typesupport_introspection_cpp.hpp
[1.736s] -- Up-to-date: /home/d-lab/workspace/ros_ur_driver/install/controller_manager_msgs/include/controller_manager_msgs/srv/detail/load_configure_controller__rosidl_typesupport_introspection_cpp.hpp
[1.736s] -- Up-to-date: /home/d-lab/workspace/ros_ur_driver/install/controller_manager_msgs/include/controller_manager_msgs/srv/detail/load_start_controller__rosidl_typesupport_introspection_cpp.hpp
[1.737s] -- Up-to-date: /home/d-lab/workspace/ros_ur_driver/install/controller_manager_msgs/include/controller_manager_msgs/msg
[1.737s] -- Up-to-date: /home/d-lab/workspace/ros_ur_driver/install/controller_manager_msgs/include/controller_manager_msgs/msg/detail
[1.738s] -- Up-to-date: /home/d-lab/workspace/ros_ur_driver/install/controller_manager_msgs/include/controller_manager_msgs/msg/detail/hardware_interface__type_support.cpp
[1.738s] -- Up-to-date: /home/d-lab/workspace/ros_ur_driver/install/controller_manager_msgs/include/controller_manager_msgs/msg/detail/controller_state__rosidl_typesupport_introspection_cpp.hpp
[1.739s] -- Up-to-date: /home/d-lab/workspace/ros_ur_driver/install/controller_manager_msgs/include/controller_manager_msgs/msg/detail/hardware_interface__rosidl_typesupport_introspection_cpp.hpp
[1.739s] -- Up-to-date: /home/d-lab/workspace/ros_ur_driver/install/controller_manager_msgs/include/controller_manager_msgs/msg/detail/controller_state__type_support.cpp
[1.739s] -- Up-to-date: /home/d-lab/workspace/ros_ur_driver/install/controller_manager_msgs/lib/libcontroller_manager_msgs__rosidl_typesupport_introspection_cpp.so
[1.746s] -- Up-to-date: /home/d-lab/workspace/ros_ur_driver/install/controller_manager_msgs/lib/libcontroller_manager_msgs__rosidl_typesupport_cpp.so
[1.747s] -- Up-to-date: /home/d-lab/workspace/ros_ur_driver/install/controller_manager_msgs/share/controller_manager_msgs/environment/pythonpath.sh
[1.747s] -- Up-to-date: /home/d-lab/workspace/ros_ur_driver/install/controller_manager_msgs/share/controller_manager_msgs/environment/pythonpath.dsv
[1.747s] -- Up-to-date: /home/d-lab/workspace/ros_ur_driver/install/controller_manager_msgs/lib/python3.8/site-packages/controller_manager_msgs/__init__.py
[1.762s] -- Up-to-date: /home/d-lab/workspace/ros_ur_driver/install/controller_manager_msgs/lib/python3.8/site-packages/controller_manager_msgs/msg
[1.766s] -- Up-to-date: /home/d-lab/workspace/ros_ur_driver/install/controller_manager_msgs/lib/python3.8/site-packages/controller_manager_msgs/msg/_hardware_interface.py
[1.766s] -- Up-to-date: /home/d-lab/workspace/ros_ur_driver/install/controller_manager_msgs/lib/python3.8/site-packages/controller_manager_msgs/msg/_hardware_interface_s.c
[1.766s] -- Up-to-date: /home/d-lab/workspace/ros_ur_driver/install/controller_manager_msgs/lib/python3.8/site-packages/controller_manager_msgs/msg/_controller_state_s.c
[1.766s] -- Up-to-date: /home/d-lab/workspace/ros_ur_driver/install/controller_manager_msgs/lib/python3.8/site-packages/controller_manager_msgs/msg/_controller_state.py
[1.766s] -- Up-to-date: /home/d-lab/workspace/ros_ur_driver/install/controller_manager_msgs/lib/python3.8/site-packages/controller_manager_msgs/msg/__init__.py
[1.766s] -- Up-to-date: /home/d-lab/workspace/ros_ur_driver/install/controller_manager_msgs/lib/python3.8/site-packages/controller_manager_msgs/srv
[1.766s] -- Up-to-date: /home/d-lab/workspace/ros_ur_driver/install/controller_manager_msgs/lib/python3.8/site-packages/controller_manager_msgs/srv/_configure_start_controller_s.c
[1.766s] -- Up-to-date: /home/d-lab/workspace/ros_ur_driver/install/controller_manager_msgs/lib/python3.8/site-packages/controller_manager_msgs/srv/_configure_controller_s.c
[1.766s] -- Up-to-date: /home/d-lab/workspace/ros_ur_driver/install/controller_manager_msgs/lib/python3.8/site-packages/controller_manager_msgs/srv/_switch_controller_s.c
[1.766s] -- Up-to-date: /home/d-lab/workspace/ros_ur_driver/install/controller_manager_msgs/lib/python3.8/site-packages/controller_manager_msgs/srv/_list_controllers_s.c
[1.766s] -- Up-to-date: /home/d-lab/workspace/ros_ur_driver/install/controller_manager_msgs/lib/python3.8/site-packages/controller_manager_msgs/srv/_list_controllers.py
[1.766s] -- Up-to-date: /home/d-lab/workspace/ros_ur_driver/install/controller_manager_msgs/lib/python3.8/site-packages/controller_manager_msgs/srv/_unload_controller_s.c
[1.766s] -- Up-to-date: /home/d-lab/workspace/ros_ur_driver/install/controller_manager_msgs/lib/python3.8/site-packages/controller_manager_msgs/srv/_reload_controller_libraries.py
[1.766s] -- Up-to-date: /home/d-lab/workspace/ros_ur_driver/install/controller_manager_msgs/lib/python3.8/site-packages/controller_manager_msgs/srv/_load_start_controller.py
[1.766s] -- Up-to-date: /home/d-lab/workspace/ros_ur_driver/install/controller_manager_msgs/lib/python3.8/site-packages/controller_manager_msgs/srv/_reload_controller_libraries_s.c
[1.766s] -- Up-to-date: /home/d-lab/workspace/ros_ur_driver/install/controller_manager_msgs/lib/python3.8/site-packages/controller_manager_msgs/srv/_load_start_controller_s.c
[1.767s] -- Up-to-date: /home/d-lab/workspace/ros_ur_driver/install/controller_manager_msgs/lib/python3.8/site-packages/controller_manager_msgs/srv/_list_hardware_interfaces_s.c
[1.767s] -- Up-to-date: /home/d-lab/workspace/ros_ur_driver/install/controller_manager_msgs/lib/python3.8/site-packages/controller_manager_msgs/srv/_unload_controller.py
[1.767s] -- Up-to-date: /home/d-lab/workspace/ros_ur_driver/install/controller_manager_msgs/lib/python3.8/site-packages/controller_manager_msgs/srv/_configure_start_controller.py
[1.767s] -- Up-to-date: /home/d-lab/workspace/ros_ur_driver/install/controller_manager_msgs/lib/python3.8/site-packages/controller_manager_msgs/srv/_load_controller_s.c
[1.767s] -- Up-to-date: /home/d-lab/workspace/ros_ur_driver/install/controller_manager_msgs/lib/python3.8/site-packages/controller_manager_msgs/srv/_switch_controller.py
[1.767s] -- Up-to-date: /home/d-lab/workspace/ros_ur_driver/install/controller_manager_msgs/lib/python3.8/site-packages/controller_manager_msgs/srv/_list_controller_types.py
[1.767s] -- Up-to-date: /home/d-lab/workspace/ros_ur_driver/install/controller_manager_msgs/lib/python3.8/site-packages/controller_manager_msgs/srv/_load_configure_controller_s.c
[1.767s] -- Up-to-date: /home/d-lab/workspace/ros_ur_driver/install/controller_manager_msgs/lib/python3.8/site-packages/controller_manager_msgs/srv/__init__.py
[1.767s] -- Up-to-date: /home/d-lab/workspace/ros_ur_driver/install/controller_manager_msgs/lib/python3.8/site-packages/controller_manager_msgs/srv/_list_controller_types_s.c
[1.767s] -- Up-to-date: /home/d-lab/workspace/ros_ur_driver/install/controller_manager_msgs/lib/python3.8/site-packages/controller_manager_msgs/srv/_load_controller.py
[1.767s] -- Up-to-date: /home/d-lab/workspace/ros_ur_driver/install/controller_manager_msgs/lib/python3.8/site-packages/controller_manager_msgs/srv/_configure_controller.py
[1.767s] -- Up-to-date: /home/d-lab/workspace/ros_ur_driver/install/controller_manager_msgs/lib/python3.8/site-packages/controller_manager_msgs/srv/_list_hardware_interfaces.py
[1.767s] -- Up-to-date: /home/d-lab/workspace/ros_ur_driver/install/controller_manager_msgs/lib/python3.8/site-packages/controller_manager_msgs/srv/_load_configure_controller.py
[1.772s] -- Up-to-date: /home/d-lab/workspace/ros_ur_driver/install/controller_manager_msgs/lib/python3.8/site-packages/controller_manager_msgs/controller_manager_msgs_s__rosidl_typesupport_fastrtps_c.cpython-38-x86_64-linux-gnu.so
[1.780s] -- Up-to-date: /home/d-lab/workspace/ros_ur_driver/install/controller_manager_msgs/lib/python3.8/site-packages/controller_manager_msgs/controller_manager_msgs_s__rosidl_typesupport_introspection_c.cpython-38-x86_64-linux-gnu.so
[1.783s] -- Up-to-date: /home/d-lab/workspace/ros_ur_driver/install/controller_manager_msgs/lib/python3.8/site-packages/controller_manager_msgs/controller_manager_msgs_s__rosidl_typesupport_c.cpython-38-x86_64-linux-gnu.so
[1.788s] -- Up-to-date: /home/d-lab/workspace/ros_ur_driver/install/controller_manager_msgs/lib/libcontroller_manager_msgs__python.so
[1.788s] -- Up-to-date: /home/d-lab/workspace/ros_ur_driver/install/controller_manager_msgs/share/controller_manager_msgs/msg/ControllerState.idl
[1.789s] -- Up-to-date: /home/d-lab/workspace/ros_ur_driver/install/controller_manager_msgs/share/controller_manager_msgs/msg/HardwareInterface.idl
[1.789s] -- Up-to-date: /home/d-lab/workspace/ros_ur_driver/install/controller_manager_msgs/share/controller_manager_msgs/srv/ConfigureController.idl
[1.789s] -- Up-to-date: /home/d-lab/workspace/ros_ur_driver/install/controller_manager_msgs/share/controller_manager_msgs/srv/ConfigureStartController.idl
[1.789s] -- Up-to-date: /home/d-lab/workspace/ros_ur_driver/install/controller_manager_msgs/share/controller_manager_msgs/srv/ListControllers.idl
[1.789s] -- Up-to-date: /home/d-lab/workspace/ros_ur_driver/install/controller_manager_msgs/share/controller_manager_msgs/srv/ListControllerTypes.idl
[1.792s] -- Up-to-date: /home/d-lab/workspace/ros_ur_driver/install/controller_manager_msgs/share/controller_manager_msgs/srv/ListHardwareInterfaces.idl
[1.792s] -- Up-to-date: /home/d-lab/workspace/ros_ur_driver/install/controller_manager_msgs/share/controller_manager_msgs/srv/LoadConfigureController.idl
[1.793s] -- Up-to-date: /home/d-lab/workspace/ros_ur_driver/install/controller_manager_msgs/share/controller_manager_msgs/srv/LoadController.idl
[1.793s] -- Up-to-date: /home/d-lab/workspace/ros_ur_driver/install/controller_manager_msgs/share/controller_manager_msgs/srv/LoadStartController.idl
[1.793s] -- Up-to-date: /home/d-lab/workspace/ros_ur_driver/install/controller_manager_msgs/share/controller_manager_msgs/srv/ReloadControllerLibraries.idl
[1.793s] -- Up-to-date: /home/d-lab/workspace/ros_ur_driver/install/controller_manager_msgs/share/controller_manager_msgs/srv/SwitchController.idl
[1.796s] -- Up-to-date: /home/d-lab/workspace/ros_ur_driver/install/controller_manager_msgs/share/controller_manager_msgs/srv/UnloadController.idl
[1.796s] -- Up-to-date: /home/d-lab/workspace/ros_ur_driver/install/controller_manager_msgs/share/controller_manager_msgs/msg/ControllerState.msg
[1.797s] -- Up-to-date: /home/d-lab/workspace/ros_ur_driver/install/controller_manager_msgs/share/controller_manager_msgs/msg/HardwareInterface.msg
[1.797s] -- Up-to-date: /home/d-lab/workspace/ros_ur_driver/install/controller_manager_msgs/share/controller_manager_msgs/srv/ConfigureController.srv
[1.798s] -- Up-to-date: /home/d-lab/workspace/ros_ur_driver/install/controller_manager_msgs/share/controller_manager_msgs/srv/ConfigureController_Request.msg
[1.798s] -- Up-to-date: /home/d-lab/workspace/ros_ur_driver/install/controller_manager_msgs/share/controller_manager_msgs/srv/ConfigureController_Response.msg
[1.798s] -- Up-to-date: /home/d-lab/workspace/ros_ur_driver/install/controller_manager_msgs/share/controller_manager_msgs/srv/ConfigureStartController.srv
[1.798s] -- Up-to-date: /home/d-lab/workspace/ros_ur_driver/install/controller_manager_msgs/share/controller_manager_msgs/srv/ConfigureStartController_Request.msg
[1.798s] -- Up-to-date: /home/d-lab/workspace/ros_ur_driver/install/controller_manager_msgs/share/controller_manager_msgs/srv/ConfigureStartController_Response.msg
[1.799s] -- Up-to-date: /home/d-lab/workspace/ros_ur_driver/install/controller_manager_msgs/share/controller_manager_msgs/srv/ListControllers.srv
[1.799s] -- Up-to-date: /home/d-lab/workspace/ros_ur_driver/install/controller_manager_msgs/share/controller_manager_msgs/srv/ListControllers_Request.msg
[1.799s] -- Up-to-date: /home/d-lab/workspace/ros_ur_driver/install/controller_manager_msgs/share/controller_manager_msgs/srv/ListControllers_Response.msg
[1.800s] -- Up-to-date: /home/d-lab/workspace/ros_ur_driver/install/controller_manager_msgs/share/controller_manager_msgs/srv/ListControllerTypes.srv
[1.800s] -- Up-to-date: /home/d-lab/workspace/ros_ur_driver/install/controller_manager_msgs/share/controller_manager_msgs/srv/ListControllerTypes_Request.msg
[1.800s] -- Up-to-date: /home/d-lab/workspace/ros_ur_driver/install/controller_manager_msgs/share/controller_manager_msgs/srv/ListControllerTypes_Response.msg
[1.800s] -- Up-to-date: /home/d-lab/workspace/ros_ur_driver/install/controller_manager_msgs/share/controller_manager_msgs/srv/ListHardwareInterfaces.srv
[1.801s] -- Up-to-date: /home/d-lab/workspace/ros_ur_driver/install/controller_manager_msgs/share/controller_manager_msgs/srv/ListHardwareInterfaces_Request.msg
[1.801s] -- Up-to-date: /home/d-lab/workspace/ros_ur_driver/install/controller_manager_msgs/share/controller_manager_msgs/srv/ListHardwareInterfaces_Response.msg
[1.802s] -- Up-to-date: /home/d-lab/workspace/ros_ur_driver/install/controller_manager_msgs/share/controller_manager_msgs/srv/LoadConfigureController.srv
[1.802s] -- Up-to-date: /home/d-lab/workspace/ros_ur_driver/install/controller_manager_msgs/share/controller_manager_msgs/srv/LoadConfigureController_Request.msg
[1.803s] -- Up-to-date: /home/d-lab/workspace/ros_ur_driver/install/controller_manager_msgs/share/controller_manager_msgs/srv/LoadConfigureController_Response.msg
[1.803s] -- Up-to-date: /home/d-lab/workspace/ros_ur_driver/install/controller_manager_msgs/share/controller_manager_msgs/srv/LoadController.srv
[1.803s] -- Up-to-date: /home/d-lab/workspace/ros_ur_driver/install/controller_manager_msgs/share/controller_manager_msgs/srv/LoadController_Request.msg
[1.804s] -- Up-to-date: /home/d-lab/workspace/ros_ur_driver/install/controller_manager_msgs/share/controller_manager_msgs/srv/LoadController_Response.msg
[1.804s] -- Up-to-date: /home/d-lab/workspace/ros_ur_driver/install/controller_manager_msgs/share/controller_manager_msgs/srv/LoadStartController.srv
[1.804s] -- Up-to-date: /home/d-lab/workspace/ros_ur_driver/install/controller_manager_msgs/share/controller_manager_msgs/srv/LoadStartController_Request.msg
[1.804s] -- Up-to-date: /home/d-lab/workspace/ros_ur_driver/install/controller_manager_msgs/share/controller_manager_msgs/srv/LoadStartController_Response.msg
[1.805s] -- Up-to-date: /home/d-lab/workspace/ros_ur_driver/install/controller_manager_msgs/share/controller_manager_msgs/srv/ReloadControllerLibraries.srv
[1.805s] -- Up-to-date: /home/d-lab/workspace/ros_ur_driver/install/controller_manager_msgs/share/controller_manager_msgs/srv/ReloadControllerLibraries_Request.msg
[1.806s] -- Up-to-date: /home/d-lab/workspace/ros_ur_driver/install/controller_manager_msgs/share/controller_manager_msgs/srv/ReloadControllerLibraries_Response.msg
[1.806s] -- Up-to-date: /home/d-lab/workspace/ros_ur_driver/install/controller_manager_msgs/share/controller_manager_msgs/srv/SwitchController.srv
[1.807s] -- Up-to-date: /home/d-lab/workspace/ros_ur_driver/install/controller_manager_msgs/share/controller_manager_msgs/srv/SwitchController_Request.msg
[1.807s] -- Up-to-date: /home/d-lab/workspace/ros_ur_driver/install/controller_manager_msgs/share/controller_manager_msgs/srv/SwitchController_Response.msg
[1.807s] -- Up-to-date: /home/d-lab/workspace/ros_ur_driver/install/controller_manager_msgs/share/controller_manager_msgs/srv/UnloadController.srv
[1.808s] -- Up-to-date: /home/d-lab/workspace/ros_ur_driver/install/controller_manager_msgs/share/controller_manager_msgs/srv/UnloadController_Request.msg
[1.809s] -- Up-to-date: /home/d-lab/workspace/ros_ur_driver/install/controller_manager_msgs/share/controller_manager_msgs/srv/UnloadController_Response.msg
[1.809s] -- Up-to-date: /home/d-lab/workspace/ros_ur_driver/install/controller_manager_msgs/share/ament_index/resource_index/package_run_dependencies/controller_manager_msgs
[1.810s] -- Up-to-date: /home/d-lab/workspace/ros_ur_driver/install/controller_manager_msgs/share/ament_index/resource_index/parent_prefix_path/controller_manager_msgs
[1.810s] -- Up-to-date: /home/d-lab/workspace/ros_ur_driver/install/controller_manager_msgs/share/controller_manager_msgs/environment/ament_prefix_path.sh
[1.810s] -- Up-to-date: /home/d-lab/workspace/ros_ur_driver/install/controller_manager_msgs/share/controller_manager_msgs/environment/ament_prefix_path.dsv
[1.811s] -- Up-to-date: /home/d-lab/workspace/ros_ur_driver/install/controller_manager_msgs/share/controller_manager_msgs/environment/path.sh
[1.811s] -- Up-to-date: /home/d-lab/workspace/ros_ur_driver/install/controller_manager_msgs/share/controller_manager_msgs/environment/path.dsv
[1.811s] -- Up-to-date: /home/d-lab/workspace/ros_ur_driver/install/controller_manager_msgs/share/controller_manager_msgs/local_setup.bash
[1.811s] -- Up-to-date: /home/d-lab/workspace/ros_ur_driver/install/controller_manager_msgs/share/controller_manager_msgs/local_setup.sh
[1.813s] -- Up-to-date: /home/d-lab/workspace/ros_ur_driver/install/controller_manager_msgs/share/controller_manager_msgs/local_setup.zsh
[1.813s] -- Up-to-date: /home/d-lab/workspace/ros_ur_driver/install/controller_manager_msgs/share/controller_manager_msgs/local_setup.dsv
[1.813s] -- Installing: /home/d-lab/workspace/ros_ur_driver/install/controller_manager_msgs/share/controller_manager_msgs/package.dsv
[1.813s] -- Up-to-date: /home/d-lab/workspace/ros_ur_driver/install/controller_manager_msgs/share/ament_index/resource_index/packages/controller_manager_msgs
[1.814s] -- Up-to-date: /home/d-lab/workspace/ros_ur_driver/install/controller_manager_msgs/share/controller_manager_msgs/cmake/controller_manager_msgs__rosidl_generator_cExport.cmake
[1.814s] -- Up-to-date: /home/d-lab/workspace/ros_ur_driver/install/controller_manager_msgs/share/controller_manager_msgs/cmake/controller_manager_msgs__rosidl_generator_cExport-release.cmake
[1.814s] -- Up-to-date: /home/d-lab/workspace/ros_ur_driver/install/controller_manager_msgs/share/controller_manager_msgs/cmake/controller_manager_msgs__rosidl_typesupport_introspection_cExport.cmake
[1.814s] -- Up-to-date: /home/d-lab/workspace/ros_ur_driver/install/controller_manager_msgs/share/controller_manager_msgs/cmake/controller_manager_msgs__rosidl_typesupport_introspection_cExport-release.cmake
[1.814s] -- Up-to-date: /home/d-lab/workspace/ros_ur_driver/install/controller_manager_msgs/share/controller_manager_msgs/cmake/controller_manager_msgs__rosidl_typesupport_cExport.cmake
[1.814s] -- Up-to-date: /home/d-lab/workspace/ros_ur_driver/install/controller_manager_msgs/share/controller_manager_msgs/cmake/controller_manager_msgs__rosidl_typesupport_cExport-release.cmake
[1.815s] -- Up-to-date: /home/d-lab/workspace/ros_ur_driver/install/controller_manager_msgs/share/controller_manager_msgs/cmake/controller_manager_msgs__rosidl_generator_cppExport.cmake
[1.816s] -- Up-to-date: /home/d-lab/workspace/ros_ur_driver/install/controller_manager_msgs/share/controller_manager_msgs/cmake/controller_manager_msgs__rosidl_typesupport_introspection_cppExport.cmake
[1.816s] -- Up-to-date: /home/d-lab/workspace/ros_ur_driver/install/controller_manager_msgs/share/controller_manager_msgs/cmake/controller_manager_msgs__rosidl_typesupport_introspection_cppExport-release.cmake
[1.816s] -- Up-to-date: /home/d-lab/workspace/ros_ur_driver/install/controller_manager_msgs/share/controller_manager_msgs/cmake/controller_manager_msgs__rosidl_typesupport_cppExport.cmake
[1.816s] -- Up-to-date: /home/d-lab/workspace/ros_ur_driver/install/controller_manager_msgs/share/controller_manager_msgs/cmake/controller_manager_msgs__rosidl_typesupport_cppExport-release.cmake
[1.816s] -- Up-to-date: /home/d-lab/workspace/ros_ur_driver/install/controller_manager_msgs/share/controller_manager_msgs/cmake/rosidl_cmake-extras.cmake
[1.816s] -- Up-to-date: /home/d-lab/workspace/ros_ur_driver/install/controller_manager_msgs/share/controller_manager_msgs/cmake/ament_cmake_export_dependencies-extras.cmake
[1.816s] -- Up-to-date: /home/d-lab/workspace/ros_ur_driver/install/controller_manager_msgs/share/controller_manager_msgs/cmake/ament_cmake_export_libraries-extras.cmake
[1.816s] -- Up-to-date: /home/d-lab/workspace/ros_ur_driver/install/controller_manager_msgs/share/controller_manager_msgs/cmake/ament_cmake_export_targets-extras.cmake
[1.817s] -- Up-to-date: /home/d-lab/workspace/ros_ur_driver/install/controller_manager_msgs/share/controller_manager_msgs/cmake/ament_cmake_export_include_directories-extras.cmake
[1.817s] -- Up-to-date: /home/d-lab/workspace/ros_ur_driver/install/controller_manager_msgs/share/controller_manager_msgs/cmake/rosidl_cmake_export_typesupport_libraries-extras.cmake
[1.817s] -- Up-to-date: /home/d-lab/workspace/ros_ur_driver/install/controller_manager_msgs/share/controller_manager_msgs/cmake/rosidl_cmake_export_typesupport_targets-extras.cmake
[1.817s] -- Up-to-date: /home/d-lab/workspace/ros_ur_driver/install/controller_manager_msgs/share/controller_manager_msgs/cmake/controller_manager_msgsConfig.cmake
[1.817s] -- Up-to-date: /home/d-lab/workspace/ros_ur_driver/install/controller_manager_msgs/share/controller_manager_msgs/cmake/controller_manager_msgsConfig-version.cmake
[1.817s] -- Up-to-date: /home/d-lab/workspace/ros_ur_driver/install/controller_manager_msgs/share/controller_manager_msgs/package.xml
[1.856s] Invoked command in '/home/d-lab/workspace/ros_ur_driver/build/controller_manager_msgs' returned '0': CMAKE_PREFIX_PATH=/home/d-lab/workspace/ros_ur_driver/install/move_arm_server:/home/d-lab/workspace/ros_ur_driver/install/action_tutorials_cpp:/home/d-lab/workspace/ros_ur_driver/install/move_arm_interfaces:/home/d-lab/workspace/ros_ur_driver/install/run_ompl_constrained_planning:/home/d-lab/workspace/ros_ur_driver/install/run_moveit_cpp:/home/d-lab/workspace/ros_ur_driver/install/run_move_group:/home/d-lab/workspace/ros_ur_driver/install/warehouse_ros_mongo:/home/d-lab/workspace/ros_ur_driver/install/ros2_controllers:/home/d-lab/workspace/ros_ur_driver/install/velocity_controllers:/home/d-lab/workspace/ros_ur_driver/install/ur_robot_driver:/home/d-lab/workspace/ros_ur_driver/install/ur_controllers:/home/d-lab/workspace/ros_ur_driver/install/ur_msgs:/home/d-lab/workspace/ros_ur_driver/install/ur_moveit_config:/home/d-lab/workspace/ros_ur_driver/install/ur_description:/home/d-lab/workspace/ros_ur_driver/install/ur_dashboard_msgs:/home/d-lab/workspace/ros_ur_driver/install/ur_client_library:/home/d-lab/workspace/ros_ur_driver/install/ur_bringup:/home/d-lab/workspace/ros_ur_driver/install/ur5_robotiq_moveit_config:/home/d-lab/workspace/ros_ur_driver/install/transmission_interface:/home/d-lab/workspace/ros_ur_driver/install/srdfdom:/home/d-lab/workspace/ros_ur_driver/install/move_arm:/home/d-lab/workspace/ros_ur_driver/install/moveit_visual_tools:/home/d-lab/workspace/ros_ur_driver/install/rviz_visual_tools:/home/d-lab/workspace/ros_ur_driver/install/ros2_control_demos:/home/d-lab/workspace/ros_ur_driver/install/ros2_control_demo_bringup:/home/d-lab/workspace/ros_ur_driver/install/rrbot_description:/home/d-lab/workspace/ros_ur_driver/install/ros2_control:/home/d-lab/workspace/ros_ur_driver/install/utils:/home/d-lab/workspace/ros_ur_driver/install/ros2controlcli:/home/d-lab/workspace/ros_ur_driver/install/ros2_control_test_nodes:/home/d-lab/workspace/ros_ur_driver/install/robotiq_control:/home/d-lab/workspace/ros_ur_driver/install/gripper_control:/opt/ros/foxy:/home/d-lab/workspace/ros_ur_driver/install/cartesian_controller_examples:/home/d-lab/workspace/ros_ur_driver/install/controller_manager:/home/d-lab/workspace/ros_ur_driver/install/ros2_control_test_assets:/home/d-lab/workspace/ros_ur_driver/install/ros2_control_demo_hardware:/home/d-lab/workspace/ros_ur_driver/install/robotiq_description:/home/d-lab/workspace/ros_ur_driver/install/position_controllers:/home/d-lab/workspace/ros_ur_driver/install/move_arm_cpp:/home/d-lab/workspace/ros_ur_driver/install/move_arm_interface:/home/d-lab/workspace/ros_ur_driver/install/joint_trajectory_controller:/home/d-lab/workspace/ros_ur_driver/install/joint_state_controller:/home/d-lab/workspace/ros_ur_driver/install/joint_state_broadcaster:/home/d-lab/workspace/ros_ur_driver/install/imu_sensor_broadcaster:/home/d-lab/workspace/ros_ur_driver/install/gripper_controllers:/home/d-lab/workspace/ros_ur_driver/install/effort_controllers:/home/d-lab/workspace/ros_ur_driver/install/forward_command_controller:/home/d-lab/workspace/ros_ur_driver/install/force_torque_sensor_broadcaster:/home/d-lab/workspace/ros_ur_driver/install/diff_drive_controller:/home/d-lab/workspace/ros_ur_driver/install/cartesian_compliance_controller:/home/d-lab/workspace/ros_ur_driver/install/cartesian_motion_controller:/home/d-lab/workspace/ros_ur_driver/install/cartesian_force_controller:/home/d-lab/workspace/ros_ur_driver/install/cartesian_controller_handles:/home/d-lab/workspace/ros_ur_driver/install/cartesian_controller_base:/home/d-lab/workspace/ros_ur_driver/install/controller_interface:/home/d-lab/workspace/ros_ur_driver/install/hardware_interface:/home/d-lab/workspace/ros_ur_driver/install/graph_msgs:/home/d-lab/workspace/ros_ur_driver/install/filters:/home/d-lab/workspace/ros_ur_driver/install/eigen3_cmake_module:/home/d-lab/workspace/ros_ur_driver/install/diffbot_description:/home/d-lab/workspace/ros_ur_driver/install/controller_manager_msgs:/home/d-lab/workspace/ros_ur_driver/install/control_msgs:/home/d-lab/workspace/ros_ur_driver/install/chomp_motion_planner:/home/d-lab/workspace/ros_ur_driver/install/action_tutorials_interfaces /usr/bin/cmake --install /home/d-lab/workspace/ros_ur_driver/build/controller_manager_msgs
