[0.011s] Invoking command in '/home/d-lab/workspace/ros_ur_driver/build/controller_manager': AMENT_PREFIX_PATH=/home/d-lab/workspace/ros_ur_driver/install/controller_interface:/home/d-lab/workspace/ros_ur_driver/install/hardware_interface:/home/d-lab/workspace/ros_ur_driver/install/ros2_control_test_assets:/home/d-lab/workspace/ros_ur_driver/install/controller_manager_msgs:/home/d-lab/workspace/ros_ur_driver/install/control_msgs:${AMENT_PREFIX_PATH} CMAKE_PREFIX_PATH=/home/d-lab/workspace/ros_ur_driver/install/controller_interface:/home/d-lab/workspace/ros_ur_driver/install/hardware_interface:/home/d-lab/workspace/ros_ur_driver/install/ros2_control_test_assets:/home/d-lab/workspace/ros_ur_driver/install/controller_manager_msgs:/home/d-lab/workspace/ros_ur_driver/install/control_msgs:/opt/ros/foxy LD_LIBRARY_PATH=/home/d-lab/workspace/ros_ur_driver/install/controller_interface/lib:/home/d-lab/workspace/ros_ur_driver/install/hardware_interface/lib:/home/d-lab/workspace/ros_ur_driver/install/controller_manager_msgs/lib:/home/d-lab/workspace/ros_ur_driver/install/control_msgs/lib:${LD_LIBRARY_PATH} PYTHONPATH=/home/d-lab/workspace/ros_ur_driver/install/controller_manager_msgs/lib/python3.8/site-packages:/home/d-lab/workspace/ros_ur_driver/install/control_msgs/lib/python3.8/site-packages:${PYTHONPATH} /usr/bin/cmake --build /home/d-lab/workspace/ros_ur_driver/build/controller_manager -- -j16 -l16
[0.044s] [ 12%] Built target gmock
[0.044s] [ 20%] Built target gmock_main
[0.050s] [ 28%] Built target controller_manager
[0.071s] [ 44%] Built target test_controller
[0.071s] [ 44%] Built target ros2_control_node
[0.071s] [ 52%] Built target test_controller_with_interfaces
[0.071s] [ 60%] Built target test_controller_failed_init
[0.092s] [ 80%] Built target test_spawner_unspawner
[0.093s] [ 80%] Built target test_controller_manager_srvs
[0.093s] [ 84%] Built target test_controller_manager
[0.093s] [ 92%] Built target test_release_interfaces
[0.093s] [100%] Built target test_load_controller
[0.101s] Invoked command in '/home/d-lab/workspace/ros_ur_driver/build/controller_manager' returned '0': AMENT_PREFIX_PATH=/home/d-lab/workspace/ros_ur_driver/install/controller_interface:/home/d-lab/workspace/ros_ur_driver/install/hardware_interface:/home/d-lab/workspace/ros_ur_driver/install/ros2_control_test_assets:/home/d-lab/workspace/ros_ur_driver/install/controller_manager_msgs:/home/d-lab/workspace/ros_ur_driver/install/control_msgs:${AMENT_PREFIX_PATH} CMAKE_PREFIX_PATH=/home/d-lab/workspace/ros_ur_driver/install/controller_interface:/home/d-lab/workspace/ros_ur_driver/install/hardware_interface:/home/d-lab/workspace/ros_ur_driver/install/ros2_control_test_assets:/home/d-lab/workspace/ros_ur_driver/install/controller_manager_msgs:/home/d-lab/workspace/ros_ur_driver/install/control_msgs:/opt/ros/foxy LD_LIBRARY_PATH=/home/d-lab/workspace/ros_ur_driver/install/controller_interface/lib:/home/d-lab/workspace/ros_ur_driver/install/hardware_interface/lib:/home/d-lab/workspace/ros_ur_driver/install/controller_manager_msgs/lib:/home/d-lab/workspace/ros_ur_driver/install/control_msgs/lib:${LD_LIBRARY_PATH} PYTHONPATH=/home/d-lab/workspace/ros_ur_driver/install/controller_manager_msgs/lib/python3.8/site-packages:/home/d-lab/workspace/ros_ur_driver/install/control_msgs/lib/python3.8/site-packages:${PYTHONPATH} /usr/bin/cmake --build /home/d-lab/workspace/ros_ur_driver/build/controller_manager -- -j16 -l16
[0.126s] Invoking command in '/home/d-lab/workspace/ros_ur_driver/build/controller_manager': AMENT_PREFIX_PATH=/home/d-lab/workspace/ros_ur_driver/install/controller_interface:/home/d-lab/workspace/ros_ur_driver/install/hardware_interface:/home/d-lab/workspace/ros_ur_driver/install/ros2_control_test_assets:/home/d-lab/workspace/ros_ur_driver/install/controller_manager_msgs:/home/d-lab/workspace/ros_ur_driver/install/control_msgs:${AMENT_PREFIX_PATH} CMAKE_PREFIX_PATH=/home/d-lab/workspace/ros_ur_driver/install/controller_interface:/home/d-lab/workspace/ros_ur_driver/install/hardware_interface:/home/d-lab/workspace/ros_ur_driver/install/ros2_control_test_assets:/home/d-lab/workspace/ros_ur_driver/install/controller_manager_msgs:/home/d-lab/workspace/ros_ur_driver/install/control_msgs:/opt/ros/foxy LD_LIBRARY_PATH=/home/d-lab/workspace/ros_ur_driver/install/controller_interface/lib:/home/d-lab/workspace/ros_ur_driver/install/hardware_interface/lib:/home/d-lab/workspace/ros_ur_driver/install/controller_manager_msgs/lib:/home/d-lab/workspace/ros_ur_driver/install/control_msgs/lib:${LD_LIBRARY_PATH} PYTHONPATH=/home/d-lab/workspace/ros_ur_driver/install/controller_manager_msgs/lib/python3.8/site-packages:/home/d-lab/workspace/ros_ur_driver/install/control_msgs/lib/python3.8/site-packages:${PYTHONPATH} /usr/bin/cmake --install /home/d-lab/workspace/ros_ur_driver/build/controller_manager
[0.131s] -- Install configuration: "Release"
[0.131s] -- Up-to-date: /home/d-lab/workspace/ros_ur_driver/install/controller_manager/lib/libcontroller_manager.so
[0.131s] -- Up-to-date: /home/d-lab/workspace/ros_ur_driver/install/controller_manager/lib/controller_manager/ros2_control_node
[0.132s] -- Up-to-date: /home/d-lab/workspace/ros_ur_driver/install/controller_manager/include
[0.132s] -- Up-to-date: /home/d-lab/workspace/ros_ur_driver/install/controller_manager/include/controller_manager
[0.132s] -- Up-to-date: /home/d-lab/workspace/ros_ur_driver/install/controller_manager/include/controller_manager/controller_manager.hpp
[0.132s] -- Up-to-date: /home/d-lab/workspace/ros_ur_driver/install/controller_manager/include/controller_manager/visibility_control.h
[0.132s] -- Up-to-date: /home/d-lab/workspace/ros_ur_driver/install/controller_manager/include/controller_manager/controller_spec.hpp
[0.132s] -- Up-to-date: /home/d-lab/workspace/ros_ur_driver/install/controller_manager/lib/controller_manager/spawner.py
[0.132s] -- Up-to-date: /home/d-lab/workspace/ros_ur_driver/install/controller_manager/lib/controller_manager/unspawner.py
[0.132s] -- Up-to-date: /home/d-lab/workspace/ros_ur_driver/install/controller_manager/share/controller_manager/test/test_controller/test_controller.xml
[0.132s] -- Up-to-date: /home/d-lab/workspace/ros_ur_driver/install/controller_manager/lib/libtest_controller.so
[0.132s] -- Up-to-date: /home/d-lab/workspace/ros_ur_driver/install/controller_manager/share/controller_manager/test/test_controller_failed_init/test_controller_failed_init.xml
[0.132s] -- Up-to-date: /home/d-lab/workspace/ros_ur_driver/install/controller_manager/lib/libtest_controller_failed_init.so
[0.132s] -- Up-to-date: /home/d-lab/workspace/ros_ur_driver/install/controller_manager/share/controller_manager/test/test_controller_with_interfaces/test_controller_with_interfaces.xml
[0.132s] -- Up-to-date: /home/d-lab/workspace/ros_ur_driver/install/controller_manager/lib/libtest_controller_with_interfaces.so
[0.132s] -- Up-to-date: /home/d-lab/workspace/ros_ur_driver/install/controller_manager/share/controller_manager/environment/pythonpath.sh
[0.133s] -- Up-to-date: /home/d-lab/workspace/ros_ur_driver/install/controller_manager/share/controller_manager/environment/pythonpath.dsv
[0.133s] -- Up-to-date: /home/d-lab/workspace/ros_ur_driver/install/controller_manager/lib/python3.8/site-packages/controller_manager
[0.133s] -- Up-to-date: /home/d-lab/workspace/ros_ur_driver/install/controller_manager/lib/python3.8/site-packages/controller_manager/launch_utils.py
[0.133s] -- Up-to-date: /home/d-lab/workspace/ros_ur_driver/install/controller_manager/lib/python3.8/site-packages/controller_manager/controller_manager_services.py
[0.133s] -- Up-to-date: /home/d-lab/workspace/ros_ur_driver/install/controller_manager/lib/python3.8/site-packages/controller_manager/__init__.py
[0.151s] Listing '/home/d-lab/workspace/ros_ur_driver/install/controller_manager/lib/python3.8/site-packages/controller_manager'...
[0.153s] -- Up-to-date: /home/d-lab/workspace/ros_ur_driver/install/controller_manager/share/controller_manager/environment/library_path.sh
[0.153s] -- Up-to-date: /home/d-lab/workspace/ros_ur_driver/install/controller_manager/share/controller_manager/environment/library_path.dsv
[0.153s] -- Up-to-date: /home/d-lab/workspace/ros_ur_driver/install/controller_manager/share/ament_index/resource_index/package_run_dependencies/controller_manager
[0.153s] -- Up-to-date: /home/d-lab/workspace/ros_ur_driver/install/controller_manager/share/ament_index/resource_index/parent_prefix_path/controller_manager
[0.153s] -- Up-to-date: /home/d-lab/workspace/ros_ur_driver/install/controller_manager/share/controller_manager/environment/ament_prefix_path.sh
[0.153s] -- Up-to-date: /home/d-lab/workspace/ros_ur_driver/install/controller_manager/share/controller_manager/environment/ament_prefix_path.dsv
[0.153s] -- Up-to-date: /home/d-lab/workspace/ros_ur_driver/install/controller_manager/share/controller_manager/environment/path.sh
[0.153s] -- Up-to-date: /home/d-lab/workspace/ros_ur_driver/install/controller_manager/share/controller_manager/environment/path.dsv
[0.153s] -- Up-to-date: /home/d-lab/workspace/ros_ur_driver/install/controller_manager/share/controller_manager/local_setup.bash
[0.153s] -- Up-to-date: /home/d-lab/workspace/ros_ur_driver/install/controller_manager/share/controller_manager/local_setup.sh
[0.153s] -- Up-to-date: /home/d-lab/workspace/ros_ur_driver/install/controller_manager/share/controller_manager/local_setup.zsh
[0.153s] -- Up-to-date: /home/d-lab/workspace/ros_ur_driver/install/controller_manager/share/controller_manager/local_setup.dsv
[0.154s] -- Installing: /home/d-lab/workspace/ros_ur_driver/install/controller_manager/share/controller_manager/package.dsv
[0.154s] -- Up-to-date: /home/d-lab/workspace/ros_ur_driver/install/controller_manager/share/ament_index/resource_index/packages/controller_manager
[0.154s] -- Up-to-date: /home/d-lab/workspace/ros_ur_driver/install/controller_manager/share/ament_index/resource_index/controller_interface__pluginlib__plugin/controller_manager
[0.154s] -- Up-to-date: /home/d-lab/workspace/ros_ur_driver/install/controller_manager/share/controller_manager/cmake/ament_cmake_export_libraries-extras.cmake
[0.154s] -- Up-to-date: /home/d-lab/workspace/ros_ur_driver/install/controller_manager/share/controller_manager/cmake/ament_cmake_export_include_directories-extras.cmake
[0.154s] -- Up-to-date: /home/d-lab/workspace/ros_ur_driver/install/controller_manager/share/controller_manager/cmake/ament_cmake_export_dependencies-extras.cmake
[0.154s] -- Up-to-date: /home/d-lab/workspace/ros_ur_driver/install/controller_manager/share/controller_manager/cmake/controller_managerConfig.cmake
[0.154s] -- Up-to-date: /home/d-lab/workspace/ros_ur_driver/install/controller_manager/share/controller_manager/cmake/controller_managerConfig-version.cmake
[0.154s] -- Up-to-date: /home/d-lab/workspace/ros_ur_driver/install/controller_manager/share/controller_manager/package.xml
[0.156s] Invoked command in '/home/d-lab/workspace/ros_ur_driver/build/controller_manager' returned '0': AMENT_PREFIX_PATH=/home/d-lab/workspace/ros_ur_driver/install/controller_interface:/home/d-lab/workspace/ros_ur_driver/install/hardware_interface:/home/d-lab/workspace/ros_ur_driver/install/ros2_control_test_assets:/home/d-lab/workspace/ros_ur_driver/install/controller_manager_msgs:/home/d-lab/workspace/ros_ur_driver/install/control_msgs:${AMENT_PREFIX_PATH} CMAKE_PREFIX_PATH=/home/d-lab/workspace/ros_ur_driver/install/controller_interface:/home/d-lab/workspace/ros_ur_driver/install/hardware_interface:/home/d-lab/workspace/ros_ur_driver/install/ros2_control_test_assets:/home/d-lab/workspace/ros_ur_driver/install/controller_manager_msgs:/home/d-lab/workspace/ros_ur_driver/install/control_msgs:/opt/ros/foxy LD_LIBRARY_PATH=/home/d-lab/workspace/ros_ur_driver/install/controller_interface/lib:/home/d-lab/workspace/ros_ur_driver/install/hardware_interface/lib:/home/d-lab/workspace/ros_ur_driver/install/controller_manager_msgs/lib:/home/d-lab/workspace/ros_ur_driver/install/control_msgs/lib:${LD_LIBRARY_PATH} PYTHONPATH=/home/d-lab/workspace/ros_ur_driver/install/controller_manager_msgs/lib/python3.8/site-packages:/home/d-lab/workspace/ros_ur_driver/install/control_msgs/lib/python3.8/site-packages:${PYTHONPATH} /usr/bin/cmake --install /home/d-lab/workspace/ros_ur_driver/build/controller_manager
