[0.936s] Invoking command in '/home/d-lab/workspace/ros_ur_driver/src/robotiq/robotiq_control': PYTHONPATH=/home/d-lab/workspace/ros_ur_driver/build/robotiq_control/prefix_override:/home/d-lab/workspace/ros_ur_driver/install/robotiq_control/lib/python3.8/site-packages:${PYTHONPATH} /usr/bin/python3 setup.py egg_info --egg-base ../../../build/robotiq_control build --build-base /home/d-lab/workspace/ros_ur_driver/build/robotiq_control/build install --record /home/d-lab/workspace/ros_ur_driver/build/robotiq_control/install.log --single-version-externally-managed
[1.186s] running egg_info
[1.186s] writing ../../../build/robotiq_control/robotiq_control.egg-info/PKG-INFO
[1.186s] writing dependency_links to ../../../build/robotiq_control/robotiq_control.egg-info/dependency_links.txt
[1.186s] writing entry points to ../../../build/robotiq_control/robotiq_control.egg-info/entry_points.txt
[1.186s] writing requirements to ../../../build/robotiq_control/robotiq_control.egg-info/requires.txt
[1.186s] writing top-level names to ../../../build/robotiq_control/robotiq_control.egg-info/top_level.txt
[1.187s] reading manifest file '../../../build/robotiq_control/robotiq_control.egg-info/SOURCES.txt'
[1.187s] writing manifest file '../../../build/robotiq_control/robotiq_control.egg-info/SOURCES.txt'
[1.188s] running build
[1.188s] running build_py
[1.188s] running install
[1.188s] running install_lib
[1.188s] running install_data
[1.188s] running install_egg_info
[1.188s] removing '/home/d-lab/workspace/ros_ur_driver/install/robotiq_control/lib/python3.8/site-packages/robotiq_control-0.0.0-py3.8.egg-info' (and everything under it)
[1.189s] Copying ../../../build/robotiq_control/robotiq_control.egg-info to /home/d-lab/workspace/ros_ur_driver/install/robotiq_control/lib/python3.8/site-packages/robotiq_control-0.0.0-py3.8.egg-info
[1.189s] running install_scripts
[1.189s] Installing gripper script to /home/d-lab/workspace/ros_ur_driver/install/robotiq_control/bin
[1.189s] writing list of installed files to '/home/d-lab/workspace/ros_ur_driver/build/robotiq_control/install.log'
[1.192s] Invoked command in '/home/d-lab/workspace/ros_ur_driver/src/robotiq/robotiq_control' returned '0': PYTHONPATH=/home/d-lab/workspace/ros_ur_driver/build/robotiq_control/prefix_override:/home/d-lab/workspace/ros_ur_driver/install/robotiq_control/lib/python3.8/site-packages:${PYTHONPATH} /usr/bin/python3 setup.py egg_info --egg-base ../../../build/robotiq_control build --build-base /home/d-lab/workspace/ros_ur_driver/build/robotiq_control/build install --record /home/d-lab/workspace/ros_ur_driver/build/robotiq_control/install.log --single-version-externally-managed
