[0.081s] Invoking command in '/home/d-lab/workspace/ros_ur_driver/build/graph_msgs': CMAKE_PREFIX_PATH=/opt/ros/foxy /usr/bin/cmake --build /home/d-lab/workspace/ros_ur_driver/build/graph_msgs -- -j16 -l16
[0.568s] [  2%] Built target graph_msgs__cpp
[0.568s] [ 12%] Built target graph_msgs__rosidl_generator_c
[0.569s] [ 23%] Built target graph_msgs__rosidl_typesupport_cpp
[0.570s] [ 33%] Built target graph_msgs__rosidl_typesupport_introspection_cpp
[0.570s] [ 43%] Built target graph_msgs__rosidl_typesupport_c
[0.570s] [ 53%] Built target graph_msgs__rosidl_typesupport_introspection_c
[0.570s] [ 64%] Built target graph_msgs__rosidl_typesupport_fastrtps_cpp
[0.570s] [ 74%] Built target graph_msgs__rosidl_typesupport_fastrtps_c
[0.570s] [ 74%] Built target graph_msgs
[0.570s] [ 76%] Built target graph_msgs__py
[0.570s] [ 84%] Built target graph_msgs__python
[0.570s] [ 89%] Built target graph_msgs__rosidl_typesupport_introspection_c__pyext
[0.572s] [ 94%] Built target graph_msgs__rosidl_typesupport_c__pyext
[0.574s] [100%] Built target graph_msgs__rosidl_typesupport_fastrtps_c__pyext
[0.617s] Invoked command in '/home/d-lab/workspace/ros_ur_driver/build/graph_msgs' returned '0': CMAKE_PREFIX_PATH=/opt/ros/foxy /usr/bin/cmake --build /home/d-lab/workspace/ros_ur_driver/build/graph_msgs -- -j16 -l16
[0.797s] Invoking command in '/home/d-lab/workspace/ros_ur_driver/build/graph_msgs': CMAKE_PREFIX_PATH=/opt/ros/foxy /usr/bin/cmake --install /home/d-lab/workspace/ros_ur_driver/build/graph_msgs
[0.801s] -- Install configuration: "Release"
[0.802s] -- Up-to-date: /home/d-lab/workspace/ros_ur_driver/install/graph_msgs/share/ament_index/resource_index/rosidl_interfaces/graph_msgs
[0.802s] -- Up-to-date: /home/d-lab/workspace/ros_ur_driver/install/graph_msgs/include/graph_msgs
[0.802s] -- Up-to-date: /home/d-lab/workspace/ros_ur_driver/install/graph_msgs/include/graph_msgs/msg
[0.803s] -- Up-to-date: /home/d-lab/workspace/ros_ur_driver/install/graph_msgs/include/graph_msgs/msg/rosidl_generator_c__visibility_control.h
[0.804s] -- Up-to-date: /home/d-lab/workspace/ros_ur_driver/install/graph_msgs/include/graph_msgs/msg/geometry_graph.h
[0.805s] -- Up-to-date: /home/d-lab/workspace/ros_ur_driver/install/graph_msgs/include/graph_msgs/msg/edges.h
[0.805s] -- Up-to-date: /home/d-lab/workspace/ros_ur_driver/install/graph_msgs/include/graph_msgs/msg/detail
[0.805s] -- Up-to-date: /home/d-lab/workspace/ros_ur_driver/install/graph_msgs/include/graph_msgs/msg/detail/edges__functions.c
[0.806s] -- Up-to-date: /home/d-lab/workspace/ros_ur_driver/install/graph_msgs/include/graph_msgs/msg/detail/geometry_graph__functions.c
[0.806s] -- Up-to-date: /home/d-lab/workspace/ros_ur_driver/install/graph_msgs/include/graph_msgs/msg/detail/geometry_graph__type_support.h
[0.807s] -- Up-to-date: /home/d-lab/workspace/ros_ur_driver/install/graph_msgs/include/graph_msgs/msg/detail/edges__struct.h
[0.807s] -- Up-to-date: /home/d-lab/workspace/ros_ur_driver/install/graph_msgs/include/graph_msgs/msg/detail/geometry_graph__struct.h
[0.808s] -- Up-to-date: /home/d-lab/workspace/ros_ur_driver/install/graph_msgs/include/graph_msgs/msg/detail/edges__type_support.h
[0.808s] -- Up-to-date: /home/d-lab/workspace/ros_ur_driver/install/graph_msgs/include/graph_msgs/msg/detail/geometry_graph__functions.h
[0.808s] -- Up-to-date: /home/d-lab/workspace/ros_ur_driver/install/graph_msgs/include/graph_msgs/msg/detail/edges__functions.h
[0.809s] -- Up-to-date: /home/d-lab/workspace/ros_ur_driver/install/graph_msgs/share/graph_msgs/environment/library_path.sh
[0.809s] -- Up-to-date: /home/d-lab/workspace/ros_ur_driver/install/graph_msgs/share/graph_msgs/environment/library_path.dsv
[0.809s] -- Up-to-date: /home/d-lab/workspace/ros_ur_driver/install/graph_msgs/lib/libgraph_msgs__rosidl_generator_c.so
[0.811s] -- Up-to-date: /home/d-lab/workspace/ros_ur_driver/install/graph_msgs/include/graph_msgs
[0.812s] -- Up-to-date: /home/d-lab/workspace/ros_ur_driver/install/graph_msgs/include/graph_msgs/msg
[0.813s] -- Up-to-date: /home/d-lab/workspace/ros_ur_driver/install/graph_msgs/include/graph_msgs/msg/rosidl_typesupport_fastrtps_c__visibility_control.h
[0.814s] -- Up-to-date: /home/d-lab/workspace/ros_ur_driver/install/graph_msgs/include/graph_msgs/msg/detail
[0.814s] -- Up-to-date: /home/d-lab/workspace/ros_ur_driver/install/graph_msgs/include/graph_msgs/msg/detail/edges__rosidl_typesupport_fastrtps_c.h
[0.814s] -- Up-to-date: /home/d-lab/workspace/ros_ur_driver/install/graph_msgs/include/graph_msgs/msg/detail/geometry_graph__rosidl_typesupport_fastrtps_c.h
[0.814s] -- Up-to-date: /home/d-lab/workspace/ros_ur_driver/install/graph_msgs/lib/libgraph_msgs__rosidl_typesupport_fastrtps_c.so
[0.814s] -- Up-to-date: /home/d-lab/workspace/ros_ur_driver/install/graph_msgs/include/graph_msgs
[0.815s] -- Up-to-date: /home/d-lab/workspace/ros_ur_driver/install/graph_msgs/include/graph_msgs/msg
[0.815s] -- Up-to-date: /home/d-lab/workspace/ros_ur_driver/install/graph_msgs/include/graph_msgs/msg/rosidl_typesupport_fastrtps_cpp__visibility_control.h
[0.815s] -- Up-to-date: /home/d-lab/workspace/ros_ur_driver/install/graph_msgs/include/graph_msgs/msg/detail
[0.815s] -- Up-to-date: /home/d-lab/workspace/ros_ur_driver/install/graph_msgs/include/graph_msgs/msg/detail/edges__rosidl_typesupport_fastrtps_cpp.hpp
[0.816s] -- Up-to-date: /home/d-lab/workspace/ros_ur_driver/install/graph_msgs/include/graph_msgs/msg/detail/dds_fastrtps
[0.816s] -- Up-to-date: /home/d-lab/workspace/ros_ur_driver/install/graph_msgs/include/graph_msgs/msg/detail/geometry_graph__rosidl_typesupport_fastrtps_cpp.hpp
[0.816s] -- Up-to-date: /home/d-lab/workspace/ros_ur_driver/install/graph_msgs/lib/libgraph_msgs__rosidl_typesupport_fastrtps_cpp.so
[0.817s] -- Up-to-date: /home/d-lab/workspace/ros_ur_driver/install/graph_msgs/include/graph_msgs
[0.817s] -- Up-to-date: /home/d-lab/workspace/ros_ur_driver/install/graph_msgs/include/graph_msgs/msg
[0.817s] -- Up-to-date: /home/d-lab/workspace/ros_ur_driver/install/graph_msgs/include/graph_msgs/msg/rosidl_typesupport_introspection_c__visibility_control.h
[0.818s] -- Up-to-date: /home/d-lab/workspace/ros_ur_driver/install/graph_msgs/include/graph_msgs/msg/detail
[0.818s] -- Up-to-date: /home/d-lab/workspace/ros_ur_driver/install/graph_msgs/include/graph_msgs/msg/detail/edges__type_support.c
[0.819s] -- Up-to-date: /home/d-lab/workspace/ros_ur_driver/install/graph_msgs/include/graph_msgs/msg/detail/edges__rosidl_typesupport_introspection_c.h
[0.819s] -- Up-to-date: /home/d-lab/workspace/ros_ur_driver/install/graph_msgs/include/graph_msgs/msg/detail/geometry_graph__rosidl_typesupport_introspection_c.h
[0.819s] -- Up-to-date: /home/d-lab/workspace/ros_ur_driver/install/graph_msgs/include/graph_msgs/msg/detail/geometry_graph__type_support.c
[0.819s] -- Up-to-date: /home/d-lab/workspace/ros_ur_driver/install/graph_msgs/lib/libgraph_msgs__rosidl_typesupport_introspection_c.so
[0.820s] -- Up-to-date: /home/d-lab/workspace/ros_ur_driver/install/graph_msgs/lib/libgraph_msgs__rosidl_typesupport_c.so
[0.820s] -- Up-to-date: /home/d-lab/workspace/ros_ur_driver/install/graph_msgs/include/graph_msgs
[0.820s] -- Up-to-date: /home/d-lab/workspace/ros_ur_driver/install/graph_msgs/include/graph_msgs/msg
[0.820s] -- Up-to-date: /home/d-lab/workspace/ros_ur_driver/install/graph_msgs/include/graph_msgs/msg/geometry_graph.hpp
[0.821s] -- Up-to-date: /home/d-lab/workspace/ros_ur_driver/install/graph_msgs/include/graph_msgs/msg/edges.hpp
[0.822s] -- Up-to-date: /home/d-lab/workspace/ros_ur_driver/install/graph_msgs/include/graph_msgs/msg/detail
[0.822s] -- Up-to-date: /home/d-lab/workspace/ros_ur_driver/install/graph_msgs/include/graph_msgs/msg/detail/geometry_graph__struct.hpp
[0.822s] -- Up-to-date: /home/d-lab/workspace/ros_ur_driver/install/graph_msgs/include/graph_msgs/msg/detail/geometry_graph__builder.hpp
[0.823s] -- Up-to-date: /home/d-lab/workspace/ros_ur_driver/install/graph_msgs/include/graph_msgs/msg/detail/edges__builder.hpp
[0.823s] -- Up-to-date: /home/d-lab/workspace/ros_ur_driver/install/graph_msgs/include/graph_msgs/msg/detail/edges__struct.hpp
[0.823s] -- Up-to-date: /home/d-lab/workspace/ros_ur_driver/install/graph_msgs/include/graph_msgs/msg/detail/geometry_graph__traits.hpp
[0.823s] -- Up-to-date: /home/d-lab/workspace/ros_ur_driver/install/graph_msgs/include/graph_msgs/msg/detail/edges__traits.hpp
[0.824s] -- Up-to-date: /home/d-lab/workspace/ros_ur_driver/install/graph_msgs/include/graph_msgs
[0.824s] -- Up-to-date: /home/d-lab/workspace/ros_ur_driver/install/graph_msgs/include/graph_msgs/msg
[0.824s] -- Up-to-date: /home/d-lab/workspace/ros_ur_driver/install/graph_msgs/include/graph_msgs/msg/detail
[0.824s] -- Up-to-date: /home/d-lab/workspace/ros_ur_driver/install/graph_msgs/include/graph_msgs/msg/detail/geometry_graph__rosidl_typesupport_introspection_cpp.hpp
[0.825s] -- Up-to-date: /home/d-lab/workspace/ros_ur_driver/install/graph_msgs/include/graph_msgs/msg/detail/geometry_graph__type_support.cpp
[0.826s] -- Up-to-date: /home/d-lab/workspace/ros_ur_driver/install/graph_msgs/include/graph_msgs/msg/detail/edges__rosidl_typesupport_introspection_cpp.hpp
[0.826s] -- Up-to-date: /home/d-lab/workspace/ros_ur_driver/install/graph_msgs/include/graph_msgs/msg/detail/edges__type_support.cpp
[0.827s] -- Up-to-date: /home/d-lab/workspace/ros_ur_driver/install/graph_msgs/lib/libgraph_msgs__rosidl_typesupport_introspection_cpp.so
[0.827s] -- Up-to-date: /home/d-lab/workspace/ros_ur_driver/install/graph_msgs/lib/libgraph_msgs__rosidl_typesupport_cpp.so
[0.827s] -- Up-to-date: /home/d-lab/workspace/ros_ur_driver/install/graph_msgs/share/graph_msgs/environment/pythonpath.sh
[0.827s] -- Up-to-date: /home/d-lab/workspace/ros_ur_driver/install/graph_msgs/share/graph_msgs/environment/pythonpath.dsv
[0.828s] -- Up-to-date: /home/d-lab/workspace/ros_ur_driver/install/graph_msgs/lib/python3.8/site-packages/graph_msgs/__init__.py
[0.829s] -- Up-to-date: /home/d-lab/workspace/ros_ur_driver/install/graph_msgs/lib/python3.8/site-packages/graph_msgs/msg
[0.831s] -- Up-to-date: /home/d-lab/workspace/ros_ur_driver/install/graph_msgs/lib/python3.8/site-packages/graph_msgs/msg/_edges_s.c
[0.831s] -- Up-to-date: /home/d-lab/workspace/ros_ur_driver/install/graph_msgs/lib/python3.8/site-packages/graph_msgs/msg/_geometry_graph.py
[0.832s] -- Up-to-date: /home/d-lab/workspace/ros_ur_driver/install/graph_msgs/lib/python3.8/site-packages/graph_msgs/msg/__init__.py
[0.832s] -- Up-to-date: /home/d-lab/workspace/ros_ur_driver/install/graph_msgs/lib/python3.8/site-packages/graph_msgs/msg/_geometry_graph_s.c
[0.832s] -- Up-to-date: /home/d-lab/workspace/ros_ur_driver/install/graph_msgs/lib/python3.8/site-packages/graph_msgs/msg/_edges.py
[0.832s] -- Up-to-date: /home/d-lab/workspace/ros_ur_driver/install/graph_msgs/lib/python3.8/site-packages/graph_msgs/graph_msgs_s__rosidl_typesupport_fastrtps_c.cpython-38-x86_64-linux-gnu.so
[0.832s] -- Up-to-date: /home/d-lab/workspace/ros_ur_driver/install/graph_msgs/lib/python3.8/site-packages/graph_msgs/graph_msgs_s__rosidl_typesupport_introspection_c.cpython-38-x86_64-linux-gnu.so
[0.832s] -- Up-to-date: /home/d-lab/workspace/ros_ur_driver/install/graph_msgs/lib/python3.8/site-packages/graph_msgs/graph_msgs_s__rosidl_typesupport_c.cpython-38-x86_64-linux-gnu.so
[0.846s] -- Up-to-date: /home/d-lab/workspace/ros_ur_driver/install/graph_msgs/lib/libgraph_msgs__python.so
[0.847s] -- Up-to-date: /home/d-lab/workspace/ros_ur_driver/install/graph_msgs/share/graph_msgs/msg/Edges.idl
[0.847s] -- Up-to-date: /home/d-lab/workspace/ros_ur_driver/install/graph_msgs/share/graph_msgs/msg/GeometryGraph.idl
[0.847s] -- Up-to-date: /home/d-lab/workspace/ros_ur_driver/install/graph_msgs/share/graph_msgs/msg/Edges.msg
[0.848s] -- Up-to-date: /home/d-lab/workspace/ros_ur_driver/install/graph_msgs/share/graph_msgs/msg/GeometryGraph.msg
[0.848s] -- Up-to-date: /home/d-lab/workspace/ros_ur_driver/install/graph_msgs/share/ament_index/resource_index/package_run_dependencies/graph_msgs
[0.849s] -- Up-to-date: /home/d-lab/workspace/ros_ur_driver/install/graph_msgs/share/ament_index/resource_index/parent_prefix_path/graph_msgs
[0.849s] -- Up-to-date: /home/d-lab/workspace/ros_ur_driver/install/graph_msgs/share/graph_msgs/environment/ament_prefix_path.sh
[0.849s] -- Up-to-date: /home/d-lab/workspace/ros_ur_driver/install/graph_msgs/share/graph_msgs/environment/ament_prefix_path.dsv
[0.849s] -- Up-to-date: /home/d-lab/workspace/ros_ur_driver/install/graph_msgs/share/graph_msgs/environment/path.sh
[0.850s] -- Up-to-date: /home/d-lab/workspace/ros_ur_driver/install/graph_msgs/share/graph_msgs/environment/path.dsv
[0.850s] -- Up-to-date: /home/d-lab/workspace/ros_ur_driver/install/graph_msgs/share/graph_msgs/local_setup.bash
[0.850s] -- Up-to-date: /home/d-lab/workspace/ros_ur_driver/install/graph_msgs/share/graph_msgs/local_setup.sh
[0.851s] -- Up-to-date: /home/d-lab/workspace/ros_ur_driver/install/graph_msgs/share/graph_msgs/local_setup.zsh
[0.851s] -- Up-to-date: /home/d-lab/workspace/ros_ur_driver/install/graph_msgs/share/graph_msgs/local_setup.dsv
[0.851s] -- Installing: /home/d-lab/workspace/ros_ur_driver/install/graph_msgs/share/graph_msgs/package.dsv
[0.870s] -- Up-to-date: /home/d-lab/workspace/ros_ur_driver/install/graph_msgs/share/ament_index/resource_index/packages/graph_msgs
[0.871s] -- Up-to-date: /home/d-lab/workspace/ros_ur_driver/install/graph_msgs/share/graph_msgs/cmake/graph_msgs__rosidl_generator_cExport.cmake
[0.871s] -- Up-to-date: /home/d-lab/workspace/ros_ur_driver/install/graph_msgs/share/graph_msgs/cmake/graph_msgs__rosidl_generator_cExport-release.cmake
[0.874s] -- Up-to-date: /home/d-lab/workspace/ros_ur_driver/install/graph_msgs/share/graph_msgs/cmake/graph_msgs__rosidl_typesupport_introspection_cExport.cmake
[0.874s] -- Up-to-date: /home/d-lab/workspace/ros_ur_driver/install/graph_msgs/share/graph_msgs/cmake/graph_msgs__rosidl_typesupport_introspection_cExport-release.cmake
[0.875s] -- Up-to-date: /home/d-lab/workspace/ros_ur_driver/install/graph_msgs/share/graph_msgs/cmake/graph_msgs__rosidl_typesupport_cExport.cmake
[0.875s] -- Up-to-date: /home/d-lab/workspace/ros_ur_driver/install/graph_msgs/share/graph_msgs/cmake/graph_msgs__rosidl_typesupport_cExport-release.cmake
[0.875s] -- Up-to-date: /home/d-lab/workspace/ros_ur_driver/install/graph_msgs/share/graph_msgs/cmake/graph_msgs__rosidl_generator_cppExport.cmake
[0.875s] -- Up-to-date: /home/d-lab/workspace/ros_ur_driver/install/graph_msgs/share/graph_msgs/cmake/graph_msgs__rosidl_typesupport_introspection_cppExport.cmake
[0.875s] -- Up-to-date: /home/d-lab/workspace/ros_ur_driver/install/graph_msgs/share/graph_msgs/cmake/graph_msgs__rosidl_typesupport_introspection_cppExport-release.cmake
[0.876s] -- Up-to-date: /home/d-lab/workspace/ros_ur_driver/install/graph_msgs/share/graph_msgs/cmake/graph_msgs__rosidl_typesupport_cppExport.cmake
[0.876s] -- Up-to-date: /home/d-lab/workspace/ros_ur_driver/install/graph_msgs/share/graph_msgs/cmake/graph_msgs__rosidl_typesupport_cppExport-release.cmake
[0.876s] -- Up-to-date: /home/d-lab/workspace/ros_ur_driver/install/graph_msgs/share/graph_msgs/cmake/rosidl_cmake-extras.cmake
[0.876s] -- Up-to-date: /home/d-lab/workspace/ros_ur_driver/install/graph_msgs/share/graph_msgs/cmake/ament_cmake_export_dependencies-extras.cmake
[0.876s] -- Up-to-date: /home/d-lab/workspace/ros_ur_driver/install/graph_msgs/share/graph_msgs/cmake/ament_cmake_export_libraries-extras.cmake
[0.877s] -- Up-to-date: /home/d-lab/workspace/ros_ur_driver/install/graph_msgs/share/graph_msgs/cmake/ament_cmake_export_targets-extras.cmake
[0.877s] -- Up-to-date: /home/d-lab/workspace/ros_ur_driver/install/graph_msgs/share/graph_msgs/cmake/ament_cmake_export_include_directories-extras.cmake
[0.878s] -- Up-to-date: /home/d-lab/workspace/ros_ur_driver/install/graph_msgs/share/graph_msgs/cmake/rosidl_cmake_export_typesupport_libraries-extras.cmake
[0.878s] -- Up-to-date: /home/d-lab/workspace/ros_ur_driver/install/graph_msgs/share/graph_msgs/cmake/rosidl_cmake_export_typesupport_targets-extras.cmake
[0.878s] -- Up-to-date: /home/d-lab/workspace/ros_ur_driver/install/graph_msgs/share/graph_msgs/cmake/graph_msgsConfig.cmake
[0.879s] -- Up-to-date: /home/d-lab/workspace/ros_ur_driver/install/graph_msgs/share/graph_msgs/cmake/graph_msgsConfig-version.cmake
[0.879s] -- Up-to-date: /home/d-lab/workspace/ros_ur_driver/install/graph_msgs/share/graph_msgs/package.xml
[0.908s] Invoked command in '/home/d-lab/workspace/ros_ur_driver/build/graph_msgs' returned '0': CMAKE_PREFIX_PATH=/opt/ros/foxy /usr/bin/cmake --install /home/d-lab/workspace/ros_ur_driver/build/graph_msgs
