[0.031s] Invoking command in '/home/d-lab/workspace/ros_ur_driver/build/force_torque_sensor_broadcaster': AMENT_PREFIX_PATH=/home/d-lab/workspace/ros_ur_driver/install/controller_manager:/home/d-lab/workspace/ros_ur_driver/install/controller_interface:/home/d-lab/workspace/ros_ur_driver/install/hardware_interface:/home/d-lab/workspace/ros_ur_driver/install/ros2_control_test_assets:/home/d-lab/workspace/ros_ur_driver/install/controller_manager_msgs:/home/d-lab/workspace/ros_ur_driver/install/control_msgs:${AMENT_PREFIX_PATH} CMAKE_PREFIX_PATH=/home/d-lab/workspace/ros_ur_driver/install/controller_manager:/home/d-lab/workspace/ros_ur_driver/install/controller_interface:/home/d-lab/workspace/ros_ur_driver/install/hardware_interface:/home/d-lab/workspace/ros_ur_driver/install/ros2_control_test_assets:/home/d-lab/workspace/ros_ur_driver/install/controller_manager_msgs:/home/d-lab/workspace/ros_ur_driver/install/control_msgs:/opt/ros/foxy LD_LIBRARY_PATH=/home/d-lab/workspace/ros_ur_driver/install/controller_manager/lib:/home/d-lab/workspace/ros_ur_driver/install/controller_interface/lib:/home/d-lab/workspace/ros_ur_driver/install/hardware_interface/lib:/home/d-lab/workspace/ros_ur_driver/install/controller_manager_msgs/lib:/home/d-lab/workspace/ros_ur_driver/install/control_msgs/lib:${LD_LIBRARY_PATH} PYTHONPATH=/home/d-lab/workspace/ros_ur_driver/install/controller_manager/lib/python3.8/site-packages:/home/d-lab/workspace/ros_ur_driver/install/controller_manager_msgs/lib/python3.8/site-packages:/home/d-lab/workspace/ros_ur_driver/install/control_msgs/lib/python3.8/site-packages:${PYTHONPATH} /usr/bin/cmake /home/d-lab/workspace/ros_ur_driver/src/ros2_controllers/force_torque_sensor_broadcaster -DCMAKE_BUILD_TYPE=Release -DCMAKE_INSTALL_PREFIX=/home/d-lab/workspace/ros_ur_driver/install/force_torque_sensor_broadcaster
[0.041s] -- Found ament_cmake: 0.9.9 (/opt/ros/foxy/share/ament_cmake/cmake)
[0.057s] -- Using PYTHON_EXECUTABLE: /usr/bin/python3
[0.176s] -- Found controller_interface: 0.10.0 (/home/d-lab/workspace/ros_ur_driver/install/controller_interface/share/controller_interface/cmake)
[0.199s] -- Using all available rosidl_typesupport_c: rosidl_typesupport_fastrtps_c;rosidl_typesupport_introspection_c
[0.201s] -- Found rosidl_adapter: 1.2.1 (/opt/ros/foxy/share/rosidl_adapter/cmake)
[0.285s] -- Using all available rosidl_typesupport_cpp: rosidl_typesupport_fastrtps_cpp;rosidl_typesupport_introspection_cpp
[0.646s] -- Found rmw_implementation_cmake: 1.0.3 (/opt/ros/foxy/share/rmw_implementation_cmake/cmake)
[0.647s] -- Using RMW implementation 'rmw_fastrtps_cpp' as default
[0.816s] -- Found realtime_tools: 2.2.0 (/opt/ros/foxy/share/realtime_tools/cmake)
[0.878s] -- Found ament_cmake_gmock: 0.9.9 (/opt/ros/foxy/share/ament_cmake_gmock/cmake)
[0.879s] -- Found controller_manager: 0.10.0 (/home/d-lab/workspace/ros_ur_driver/install/controller_manager/share/controller_manager/cmake)
[0.925s] -- Found ros2_control_test_assets: 0.10.0 (/home/d-lab/workspace/ros_ur_driver/install/ros2_control_test_assets/share/ros2_control_test_assets/cmake)
[0.926s] -- Found gmock sources under '/opt/ros/foxy/src/gmock_vendor': C++ tests using 'Google Mock' will be built
[0.927s] -- Found ament_cmake_gtest: 0.9.9 (/opt/ros/foxy/share/ament_cmake_gtest/cmake)
[0.928s] -- Found gtest sources under '/opt/ros/foxy/src/gtest_vendor': C++ tests using 'Google Test' will be built
[1.157s] -- Configuring done
[1.251s] -- Generating done
[1.254s] -- Build files have been written to: /home/d-lab/workspace/ros_ur_driver/build/force_torque_sensor_broadcaster
[1.265s] Invoked command in '/home/d-lab/workspace/ros_ur_driver/build/force_torque_sensor_broadcaster' returned '0': AMENT_PREFIX_PATH=/home/d-lab/workspace/ros_ur_driver/install/controller_manager:/home/d-lab/workspace/ros_ur_driver/install/controller_interface:/home/d-lab/workspace/ros_ur_driver/install/hardware_interface:/home/d-lab/workspace/ros_ur_driver/install/ros2_control_test_assets:/home/d-lab/workspace/ros_ur_driver/install/controller_manager_msgs:/home/d-lab/workspace/ros_ur_driver/install/control_msgs:${AMENT_PREFIX_PATH} CMAKE_PREFIX_PATH=/home/d-lab/workspace/ros_ur_driver/install/controller_manager:/home/d-lab/workspace/ros_ur_driver/install/controller_interface:/home/d-lab/workspace/ros_ur_driver/install/hardware_interface:/home/d-lab/workspace/ros_ur_driver/install/ros2_control_test_assets:/home/d-lab/workspace/ros_ur_driver/install/controller_manager_msgs:/home/d-lab/workspace/ros_ur_driver/install/control_msgs:/opt/ros/foxy LD_LIBRARY_PATH=/home/d-lab/workspace/ros_ur_driver/install/controller_manager/lib:/home/d-lab/workspace/ros_ur_driver/install/controller_interface/lib:/home/d-lab/workspace/ros_ur_driver/install/hardware_interface/lib:/home/d-lab/workspace/ros_ur_driver/install/controller_manager_msgs/lib:/home/d-lab/workspace/ros_ur_driver/install/control_msgs/lib:${LD_LIBRARY_PATH} PYTHONPATH=/home/d-lab/workspace/ros_ur_driver/install/controller_manager/lib/python3.8/site-packages:/home/d-lab/workspace/ros_ur_driver/install/controller_manager_msgs/lib/python3.8/site-packages:/home/d-lab/workspace/ros_ur_driver/install/control_msgs/lib/python3.8/site-packages:${PYTHONPATH} /usr/bin/cmake /home/d-lab/workspace/ros_ur_driver/src/ros2_controllers/force_torque_sensor_broadcaster -DCMAKE_BUILD_TYPE=Release -DCMAKE_INSTALL_PREFIX=/home/d-lab/workspace/ros_ur_driver/install/force_torque_sensor_broadcaster
[1.268s] Invoking command in '/home/d-lab/workspace/ros_ur_driver/build/force_torque_sensor_broadcaster': AMENT_PREFIX_PATH=/home/d-lab/workspace/ros_ur_driver/install/controller_manager:/home/d-lab/workspace/ros_ur_driver/install/controller_interface:/home/d-lab/workspace/ros_ur_driver/install/hardware_interface:/home/d-lab/workspace/ros_ur_driver/install/ros2_control_test_assets:/home/d-lab/workspace/ros_ur_driver/install/controller_manager_msgs:/home/d-lab/workspace/ros_ur_driver/install/control_msgs:${AMENT_PREFIX_PATH} CMAKE_PREFIX_PATH=/home/d-lab/workspace/ros_ur_driver/install/controller_manager:/home/d-lab/workspace/ros_ur_driver/install/controller_interface:/home/d-lab/workspace/ros_ur_driver/install/hardware_interface:/home/d-lab/workspace/ros_ur_driver/install/ros2_control_test_assets:/home/d-lab/workspace/ros_ur_driver/install/controller_manager_msgs:/home/d-lab/workspace/ros_ur_driver/install/control_msgs:/opt/ros/foxy LD_LIBRARY_PATH=/home/d-lab/workspace/ros_ur_driver/install/controller_manager/lib:/home/d-lab/workspace/ros_ur_driver/install/controller_interface/lib:/home/d-lab/workspace/ros_ur_driver/install/hardware_interface/lib:/home/d-lab/workspace/ros_ur_driver/install/controller_manager_msgs/lib:/home/d-lab/workspace/ros_ur_driver/install/control_msgs/lib:${LD_LIBRARY_PATH} PYTHONPATH=/home/d-lab/workspace/ros_ur_driver/install/controller_manager/lib/python3.8/site-packages:/home/d-lab/workspace/ros_ur_driver/install/controller_manager_msgs/lib/python3.8/site-packages:/home/d-lab/workspace/ros_ur_driver/install/control_msgs/lib/python3.8/site-packages:${PYTHONPATH} /usr/bin/cmake --build /home/d-lab/workspace/ros_ur_driver/build/force_torque_sensor_broadcaster -- -j16 -l16
[1.312s] [ 18%] Built target gmock_main
[1.313s] [ 45%] Built target gmock
[1.321s] [ 54%] [32m[1mLinking CXX shared library libforce_torque_sensor_broadcaster.so[0m
[1.323s] [35m[1mScanning dependencies of target test_load_force_torque_sensor_broadcaster[0m
[1.343s] [ 63%] [32mBuilding CXX object CMakeFiles/test_load_force_torque_sensor_broadcaster.dir/test/test_load_force_torque_sensor_broadcaster.cpp.o[0m
[1.471s] [ 72%] Built target force_torque_sensor_broadcaster
[1.508s] [ 81%] [32m[1mLinking CXX executable test_force_torque_sensor_broadcaster[0m
[1.756s] [ 90%] Built target test_force_torque_sensor_broadcaster
[4.939s] [100%] [32m[1mLinking CXX executable test_load_force_torque_sensor_broadcaster[0m
[5.251s] [100%] Built target test_load_force_torque_sensor_broadcaster
[5.309s] Invoked command in '/home/d-lab/workspace/ros_ur_driver/build/force_torque_sensor_broadcaster' returned '0': AMENT_PREFIX_PATH=/home/d-lab/workspace/ros_ur_driver/install/controller_manager:/home/d-lab/workspace/ros_ur_driver/install/controller_interface:/home/d-lab/workspace/ros_ur_driver/install/hardware_interface:/home/d-lab/workspace/ros_ur_driver/install/ros2_control_test_assets:/home/d-lab/workspace/ros_ur_driver/install/controller_manager_msgs:/home/d-lab/workspace/ros_ur_driver/install/control_msgs:${AMENT_PREFIX_PATH} CMAKE_PREFIX_PATH=/home/d-lab/workspace/ros_ur_driver/install/controller_manager:/home/d-lab/workspace/ros_ur_driver/install/controller_interface:/home/d-lab/workspace/ros_ur_driver/install/hardware_interface:/home/d-lab/workspace/ros_ur_driver/install/ros2_control_test_assets:/home/d-lab/workspace/ros_ur_driver/install/controller_manager_msgs:/home/d-lab/workspace/ros_ur_driver/install/control_msgs:/opt/ros/foxy LD_LIBRARY_PATH=/home/d-lab/workspace/ros_ur_driver/install/controller_manager/lib:/home/d-lab/workspace/ros_ur_driver/install/controller_interface/lib:/home/d-lab/workspace/ros_ur_driver/install/hardware_interface/lib:/home/d-lab/workspace/ros_ur_driver/install/controller_manager_msgs/lib:/home/d-lab/workspace/ros_ur_driver/install/control_msgs/lib:${LD_LIBRARY_PATH} PYTHONPATH=/home/d-lab/workspace/ros_ur_driver/install/controller_manager/lib/python3.8/site-packages:/home/d-lab/workspace/ros_ur_driver/install/controller_manager_msgs/lib/python3.8/site-packages:/home/d-lab/workspace/ros_ur_driver/install/control_msgs/lib/python3.8/site-packages:${PYTHONPATH} /usr/bin/cmake --build /home/d-lab/workspace/ros_ur_driver/build/force_torque_sensor_broadcaster -- -j16 -l16
[5.854s] Invoking command in '/home/d-lab/workspace/ros_ur_driver/build/force_torque_sensor_broadcaster': AMENT_PREFIX_PATH=/home/d-lab/workspace/ros_ur_driver/install/controller_manager:/home/d-lab/workspace/ros_ur_driver/install/controller_interface:/home/d-lab/workspace/ros_ur_driver/install/hardware_interface:/home/d-lab/workspace/ros_ur_driver/install/ros2_control_test_assets:/home/d-lab/workspace/ros_ur_driver/install/controller_manager_msgs:/home/d-lab/workspace/ros_ur_driver/install/control_msgs:${AMENT_PREFIX_PATH} CMAKE_PREFIX_PATH=/home/d-lab/workspace/ros_ur_driver/install/controller_manager:/home/d-lab/workspace/ros_ur_driver/install/controller_interface:/home/d-lab/workspace/ros_ur_driver/install/hardware_interface:/home/d-lab/workspace/ros_ur_driver/install/ros2_control_test_assets:/home/d-lab/workspace/ros_ur_driver/install/controller_manager_msgs:/home/d-lab/workspace/ros_ur_driver/install/control_msgs:/opt/ros/foxy LD_LIBRARY_PATH=/home/d-lab/workspace/ros_ur_driver/install/controller_manager/lib:/home/d-lab/workspace/ros_ur_driver/install/controller_interface/lib:/home/d-lab/workspace/ros_ur_driver/install/hardware_interface/lib:/home/d-lab/workspace/ros_ur_driver/install/controller_manager_msgs/lib:/home/d-lab/workspace/ros_ur_driver/install/control_msgs/lib:${LD_LIBRARY_PATH} PYTHONPATH=/home/d-lab/workspace/ros_ur_driver/install/controller_manager/lib/python3.8/site-packages:/home/d-lab/workspace/ros_ur_driver/install/controller_manager_msgs/lib/python3.8/site-packages:/home/d-lab/workspace/ros_ur_driver/install/control_msgs/lib/python3.8/site-packages:${PYTHONPATH} /usr/bin/cmake --install /home/d-lab/workspace/ros_ur_driver/build/force_torque_sensor_broadcaster
[5.889s] -- Install configuration: "Release"
[5.889s] -- Up-to-date: /home/d-lab/workspace/ros_ur_driver/install/force_torque_sensor_broadcaster/share/force_torque_sensor_broadcaster/force_torque_sensor_broadcaster.xml
[5.889s] -- Installing: /home/d-lab/workspace/ros_ur_driver/install/force_torque_sensor_broadcaster/lib/libforce_torque_sensor_broadcaster.so
[5.890s] -- Set runtime path of "/home/d-lab/workspace/ros_ur_driver/install/force_torque_sensor_broadcaster/lib/libforce_torque_sensor_broadcaster.so" to ""
[5.890s] -- Up-to-date: /home/d-lab/workspace/ros_ur_driver/install/force_torque_sensor_broadcaster/include
[5.890s] -- Up-to-date: /home/d-lab/workspace/ros_ur_driver/install/force_torque_sensor_broadcaster/include/force_torque_sensor_broadcaster
[5.890s] -- Up-to-date: /home/d-lab/workspace/ros_ur_driver/install/force_torque_sensor_broadcaster/include/force_torque_sensor_broadcaster/visibility_control.h
[5.891s] -- Up-to-date: /home/d-lab/workspace/ros_ur_driver/install/force_torque_sensor_broadcaster/include/force_torque_sensor_broadcaster/force_torque_sensor_broadcaster.hpp
[5.891s] -- Up-to-date: /home/d-lab/workspace/ros_ur_driver/install/force_torque_sensor_broadcaster/share/force_torque_sensor_broadcaster/environment/library_path.sh
[5.891s] -- Installing: /home/d-lab/workspace/ros_ur_driver/install/force_torque_sensor_broadcaster/share/force_torque_sensor_broadcaster/environment/library_path.dsv
[5.891s] -- Up-to-date: /home/d-lab/workspace/ros_ur_driver/install/force_torque_sensor_broadcaster/share/ament_index/resource_index/package_run_dependencies/force_torque_sensor_broadcaster
[5.891s] -- Installing: /home/d-lab/workspace/ros_ur_driver/install/force_torque_sensor_broadcaster/share/ament_index/resource_index/parent_prefix_path/force_torque_sensor_broadcaster
[5.891s] -- Up-to-date: /home/d-lab/workspace/ros_ur_driver/install/force_torque_sensor_broadcaster/share/force_torque_sensor_broadcaster/environment/ament_prefix_path.sh
[5.891s] -- Installing: /home/d-lab/workspace/ros_ur_driver/install/force_torque_sensor_broadcaster/share/force_torque_sensor_broadcaster/environment/ament_prefix_path.dsv
[5.891s] -- Up-to-date: /home/d-lab/workspace/ros_ur_driver/install/force_torque_sensor_broadcaster/share/force_torque_sensor_broadcaster/environment/path.sh
[5.891s] -- Installing: /home/d-lab/workspace/ros_ur_driver/install/force_torque_sensor_broadcaster/share/force_torque_sensor_broadcaster/environment/path.dsv
[5.892s] -- Up-to-date: /home/d-lab/workspace/ros_ur_driver/install/force_torque_sensor_broadcaster/share/force_torque_sensor_broadcaster/local_setup.bash
[5.892s] -- Up-to-date: /home/d-lab/workspace/ros_ur_driver/install/force_torque_sensor_broadcaster/share/force_torque_sensor_broadcaster/local_setup.sh
[5.892s] -- Up-to-date: /home/d-lab/workspace/ros_ur_driver/install/force_torque_sensor_broadcaster/share/force_torque_sensor_broadcaster/local_setup.zsh
[5.892s] -- Installing: /home/d-lab/workspace/ros_ur_driver/install/force_torque_sensor_broadcaster/share/force_torque_sensor_broadcaster/local_setup.dsv
[5.892s] -- Installing: /home/d-lab/workspace/ros_ur_driver/install/force_torque_sensor_broadcaster/share/force_torque_sensor_broadcaster/package.dsv
[5.892s] -- Up-to-date: /home/d-lab/workspace/ros_ur_driver/install/force_torque_sensor_broadcaster/share/ament_index/resource_index/packages/force_torque_sensor_broadcaster
[5.892s] -- Up-to-date: /home/d-lab/workspace/ros_ur_driver/install/force_torque_sensor_broadcaster/share/ament_index/resource_index/controller_interface__pluginlib__plugin/force_torque_sensor_broadcaster
[5.893s] -- Up-to-date: /home/d-lab/workspace/ros_ur_driver/install/force_torque_sensor_broadcaster/share/force_torque_sensor_broadcaster/cmake/ament_cmake_export_include_directories-extras.cmake
[5.893s] -- Up-to-date: /home/d-lab/workspace/ros_ur_driver/install/force_torque_sensor_broadcaster/share/force_torque_sensor_broadcaster/cmake/ament_cmake_export_libraries-extras.cmake
[5.893s] -- Up-to-date: /home/d-lab/workspace/ros_ur_driver/install/force_torque_sensor_broadcaster/share/force_torque_sensor_broadcaster/cmake/ament_cmake_export_dependencies-extras.cmake
[5.893s] -- Up-to-date: /home/d-lab/workspace/ros_ur_driver/install/force_torque_sensor_broadcaster/share/force_torque_sensor_broadcaster/cmake/force_torque_sensor_broadcasterConfig.cmake
[5.893s] -- Up-to-date: /home/d-lab/workspace/ros_ur_driver/install/force_torque_sensor_broadcaster/share/force_torque_sensor_broadcaster/cmake/force_torque_sensor_broadcasterConfig-version.cmake
[5.893s] -- Up-to-date: /home/d-lab/workspace/ros_ur_driver/install/force_torque_sensor_broadcaster/share/force_torque_sensor_broadcaster/package.xml
[5.921s] Invoked command in '/home/d-lab/workspace/ros_ur_driver/build/force_torque_sensor_broadcaster' returned '0': AMENT_PREFIX_PATH=/home/d-lab/workspace/ros_ur_driver/install/controller_manager:/home/d-lab/workspace/ros_ur_driver/install/controller_interface:/home/d-lab/workspace/ros_ur_driver/install/hardware_interface:/home/d-lab/workspace/ros_ur_driver/install/ros2_control_test_assets:/home/d-lab/workspace/ros_ur_driver/install/controller_manager_msgs:/home/d-lab/workspace/ros_ur_driver/install/control_msgs:${AMENT_PREFIX_PATH} CMAKE_PREFIX_PATH=/home/d-lab/workspace/ros_ur_driver/install/controller_manager:/home/d-lab/workspace/ros_ur_driver/install/controller_interface:/home/d-lab/workspace/ros_ur_driver/install/hardware_interface:/home/d-lab/workspace/ros_ur_driver/install/ros2_control_test_assets:/home/d-lab/workspace/ros_ur_driver/install/controller_manager_msgs:/home/d-lab/workspace/ros_ur_driver/install/control_msgs:/opt/ros/foxy LD_LIBRARY_PATH=/home/d-lab/workspace/ros_ur_driver/install/controller_manager/lib:/home/d-lab/workspace/ros_ur_driver/install/controller_interface/lib:/home/d-lab/workspace/ros_ur_driver/install/hardware_interface/lib:/home/d-lab/workspace/ros_ur_driver/install/controller_manager_msgs/lib:/home/d-lab/workspace/ros_ur_driver/install/control_msgs/lib:${LD_LIBRARY_PATH} PYTHONPATH=/home/d-lab/workspace/ros_ur_driver/install/controller_manager/lib/python3.8/site-packages:/home/d-lab/workspace/ros_ur_driver/install/controller_manager_msgs/lib/python3.8/site-packages:/home/d-lab/workspace/ros_ur_driver/install/control_msgs/lib/python3.8/site-packages:${PYTHONPATH} /usr/bin/cmake --install /home/d-lab/workspace/ros_ur_driver/build/force_torque_sensor_broadcaster
