[0.259s] Invoking command in '/home/d-lab/workspace/ros_ur_driver/src/build/rrbot_description': CMAKE_PREFIX_PATH=${CMAKE_PREFIX_PATH}:/home/d-lab/workspace/ros_ur_driver/install/ros2controlcli:/home/d-lab/workspace/ros_ur_driver/install/ros2_control_test_nodes:/opt/ros/foxy /usr/bin/cmake /home/d-lab/workspace/ros_ur_driver/src/ros2_control_demos/ros2_control_demo_description/rrbot_description -DCMAKE_INSTALL_PREFIX=/home/d-lab/workspace/ros_ur_driver/src/install/rrbot_description
[0.335s] -- The C compiler identification is GNU 9.4.0
[0.419s] -- The CXX compiler identification is GNU 9.4.0
[0.426s] -- Check for working C compiler: /usr/bin/cc
[0.541s] -- Check for working C compiler: /usr/bin/cc -- works
[0.542s] -- Detecting C compiler ABI info
[0.649s] -- Detecting C compiler ABI info - done
[0.665s] -- Detecting C compile features
[0.666s] -- Detecting C compile features - done
[0.670s] -- Check for working CXX compiler: /usr/bin/c++
[0.794s] -- Check for working CXX compiler: /usr/bin/c++ -- works
[0.795s] -- Detecting CXX compiler ABI info
[0.924s] -- Detecting CXX compiler ABI info - done
[0.942s] -- Detecting CXX compile features
[0.942s] -- Detecting CXX compile features - done
[0.951s] -- Found ament_cmake: 0.9.9 (/opt/ros/foxy/share/ament_cmake/cmake)
[0.999s] -- Found PythonInterp: /usr/bin/python3 (found suitable version "3.8.10", minimum required is "3") 
[1.000s] -- Using PYTHON_EXECUTABLE: /usr/bin/python3
[1.336s] -- Configuring done
[1.339s] -- Generating done
[1.340s] -- Build files have been written to: /home/d-lab/workspace/ros_ur_driver/src/build/rrbot_description
[1.345s] Invoked command in '/home/d-lab/workspace/ros_ur_driver/src/build/rrbot_description' returned '0': CMAKE_PREFIX_PATH=${CMAKE_PREFIX_PATH}:/home/d-lab/workspace/ros_ur_driver/install/ros2controlcli:/home/d-lab/workspace/ros_ur_driver/install/ros2_control_test_nodes:/opt/ros/foxy /usr/bin/cmake /home/d-lab/workspace/ros_ur_driver/src/ros2_control_demos/ros2_control_demo_description/rrbot_description -DCMAKE_INSTALL_PREFIX=/home/d-lab/workspace/ros_ur_driver/src/install/rrbot_description
[1.360s] Invoking command in '/home/d-lab/workspace/ros_ur_driver/src/build/rrbot_description': CMAKE_PREFIX_PATH=${CMAKE_PREFIX_PATH}:/home/d-lab/workspace/ros_ur_driver/install/ros2controlcli:/home/d-lab/workspace/ros_ur_driver/install/ros2_control_test_nodes:/opt/ros/foxy /usr/bin/cmake --build /home/d-lab/workspace/ros_ur_driver/src/build/rrbot_description -- -j16 -l16
[1.423s] Invoked command in '/home/d-lab/workspace/ros_ur_driver/src/build/rrbot_description' returned '0': CMAKE_PREFIX_PATH=${CMAKE_PREFIX_PATH}:/home/d-lab/workspace/ros_ur_driver/install/ros2controlcli:/home/d-lab/workspace/ros_ur_driver/install/ros2_control_test_nodes:/opt/ros/foxy /usr/bin/cmake --build /home/d-lab/workspace/ros_ur_driver/src/build/rrbot_description -- -j16 -l16
[1.508s] Invoking command in '/home/d-lab/workspace/ros_ur_driver/src/build/rrbot_description': CMAKE_PREFIX_PATH=${CMAKE_PREFIX_PATH}:/home/d-lab/workspace/ros_ur_driver/install/ros2controlcli:/home/d-lab/workspace/ros_ur_driver/install/ros2_control_test_nodes:/opt/ros/foxy /usr/bin/cmake --install /home/d-lab/workspace/ros_ur_driver/src/build/rrbot_description
[1.525s] -- Install configuration: ""
[1.525s] -- Installing: /home/d-lab/workspace/ros_ur_driver/src/install/rrbot_description/share/rrbot_description/config
[1.525s] -- Installing: /home/d-lab/workspace/ros_ur_driver/src/install/rrbot_description/share/rrbot_description/config/rrbot.rviz
[1.525s] -- Installing: /home/d-lab/workspace/ros_ur_driver/src/install/rrbot_description/share/rrbot_description/gazebo
[1.526s] -- Installing: /home/d-lab/workspace/ros_ur_driver/src/install/rrbot_description/share/rrbot_description/gazebo/rrbot.materials.xacro
[1.527s] -- Installing: /home/d-lab/workspace/ros_ur_driver/src/install/rrbot_description/share/rrbot_description/gazebo/rrbot.gazebo.xacro
[1.527s] -- Installing: /home/d-lab/workspace/ros_ur_driver/src/install/rrbot_description/share/rrbot_description/meshes
[1.529s] -- Installing: /home/d-lab/workspace/ros_ur_driver/src/install/rrbot_description/share/rrbot_description/meshes/hokuyo.dae
[1.530s] -- Installing: /home/d-lab/workspace/ros_ur_driver/src/install/rrbot_description/share/rrbot_description/launch
[1.530s] -- Installing: /home/d-lab/workspace/ros_ur_driver/src/install/rrbot_description/share/rrbot_description/launch/view_robot.launch.py
[1.531s] -- Installing: /home/d-lab/workspace/ros_ur_driver/src/install/rrbot_description/share/rrbot_description/ros2_control
[1.531s] -- Installing: /home/d-lab/workspace/ros_ur_driver/src/install/rrbot_description/share/rrbot_description/ros2_control/rrbot_system_multi_interface.ros2_control.xacro
[1.531s] -- Installing: /home/d-lab/workspace/ros_ur_driver/src/install/rrbot_description/share/rrbot_description/ros2_control/rrbot.ros2_control.xacro
[1.531s] -- Installing: /home/d-lab/workspace/ros_ur_driver/src/install/rrbot_description/share/rrbot_description/ros2_control/rrbot_system_position_only.ros2_control.xacro
[1.531s] -- Installing: /home/d-lab/workspace/ros_ur_driver/src/install/rrbot_description/share/rrbot_description/ros2_control/rrbot_system_with_sensor.ros2_control.xacro
[1.531s] -- Installing: /home/d-lab/workspace/ros_ur_driver/src/install/rrbot_description/share/rrbot_description/urdf
[1.531s] -- Installing: /home/d-lab/workspace/ros_ur_driver/src/install/rrbot_description/share/rrbot_description/urdf/rrbot_system_multi_interface.urdf.xacro
[1.531s] -- Installing: /home/d-lab/workspace/ros_ur_driver/src/install/rrbot_description/share/rrbot_description/urdf/rrbot.urdf.xacro
[1.531s] -- Installing: /home/d-lab/workspace/ros_ur_driver/src/install/rrbot_description/share/rrbot_description/urdf/rrbot_description.urdf.xacro
[1.531s] -- Installing: /home/d-lab/workspace/ros_ur_driver/src/install/rrbot_description/share/rrbot_description/urdf/rrbot_system_with_sensor.urdf.xacro
[1.531s] -- Installing: /home/d-lab/workspace/ros_ur_driver/src/install/rrbot_description/share/rrbot_description/urdf/rrbot_system_position_only.urdf.xacro
[1.531s] -- Installing: /home/d-lab/workspace/ros_ur_driver/src/install/rrbot_description/share/rrbot_description/environment/rrbot_description.dsv
[1.532s] -- Installing: /home/d-lab/workspace/ros_ur_driver/src/install/rrbot_description/share/ament_index/resource_index/package_run_dependencies/rrbot_description
[1.532s] -- Installing: /home/d-lab/workspace/ros_ur_driver/src/install/rrbot_description/share/ament_index/resource_index/parent_prefix_path/rrbot_description
[1.532s] -- Installing: /home/d-lab/workspace/ros_ur_driver/src/install/rrbot_description/share/rrbot_description/environment/ament_prefix_path.sh
[1.532s] -- Installing: /home/d-lab/workspace/ros_ur_driver/src/install/rrbot_description/share/rrbot_description/environment/ament_prefix_path.dsv
[1.532s] -- Installing: /home/d-lab/workspace/ros_ur_driver/src/install/rrbot_description/share/rrbot_description/environment/path.sh
[1.532s] -- Installing: /home/d-lab/workspace/ros_ur_driver/src/install/rrbot_description/share/rrbot_description/environment/path.dsv
[1.532s] -- Installing: /home/d-lab/workspace/ros_ur_driver/src/install/rrbot_description/share/rrbot_description/local_setup.bash
[1.532s] -- Installing: /home/d-lab/workspace/ros_ur_driver/src/install/rrbot_description/share/rrbot_description/local_setup.sh
[1.532s] -- Installing: /home/d-lab/workspace/ros_ur_driver/src/install/rrbot_description/share/rrbot_description/local_setup.zsh
[1.532s] -- Installing: /home/d-lab/workspace/ros_ur_driver/src/install/rrbot_description/share/rrbot_description/local_setup.dsv
[1.533s] -- Installing: /home/d-lab/workspace/ros_ur_driver/src/install/rrbot_description/share/rrbot_description/package.dsv
[1.533s] -- Installing: /home/d-lab/workspace/ros_ur_driver/src/install/rrbot_description/share/ament_index/resource_index/packages/rrbot_description
[1.533s] -- Installing: /home/d-lab/workspace/ros_ur_driver/src/install/rrbot_description/share/rrbot_description/cmake/rrbot_descriptionConfig.cmake
[1.533s] -- Installing: /home/d-lab/workspace/ros_ur_driver/src/install/rrbot_description/share/rrbot_description/cmake/rrbot_descriptionConfig-version.cmake
[1.533s] -- Installing: /home/d-lab/workspace/ros_ur_driver/src/install/rrbot_description/share/rrbot_description/package.xml
[1.543s] Invoked command in '/home/d-lab/workspace/ros_ur_driver/src/build/rrbot_description' returned '0': CMAKE_PREFIX_PATH=${CMAKE_PREFIX_PATH}:/home/d-lab/workspace/ros_ur_driver/install/ros2controlcli:/home/d-lab/workspace/ros_ur_driver/install/ros2_control_test_nodes:/opt/ros/foxy /usr/bin/cmake --install /home/d-lab/workspace/ros_ur_driver/src/build/rrbot_description
