[0.362s] Invoking command in '/home/d-lab/workspace/ros_ur_driver/build/srdfdom': CMAKE_PREFIX_PATH=${CMAKE_PREFIX_PATH}:/home/d-lab/workspace/ros_ur_driver/install/utils:/home/d-lab/workspace/ros_ur_driver/install/ros2controlcli:/home/d-lab/workspace/ros_ur_driver/install/ros2_control_test_nodes:/home/d-lab/workspace/ros_ur_driver/install/robotiq_control:/home/d-lab/workspace/ros_ur_driver/install/gripper_control:/opt/ros/foxy /usr/bin/cmake /home/d-lab/workspace/ros_ur_driver/src/srdfdom -DCMAKE_BUILD_TYPE=Release -DCMAKE_INSTALL_PREFIX=/home/d-lab/workspace/ros_ur_driver/install/srdfdom
[0.394s] -- Found ament_cmake: 0.9.9 (/opt/ros/foxy/share/ament_cmake/cmake)
[0.408s] -- Using PYTHON_EXECUTABLE: /usr/bin/python3
[0.615s] -- Found urdf: 2.4.0 (/opt/ros/foxy/share/urdf/cmake)
[0.632s] -- Found tinyxml2_vendor: 0.7.4 (/opt/ros/foxy/share/tinyxml2_vendor/cmake)
[0.716s] -- Found ament_cmake_gtest: 0.9.9 (/opt/ros/foxy/share/ament_cmake_gtest/cmake)
[0.718s] -- Found ament_cmake_pytest: 0.9.9 (/opt/ros/foxy/share/ament_cmake_pytest/cmake)
[1.226s] -- Found gtest sources under '/opt/ros/foxy/src/gtest_vendor': C++ tests using 'Google Test' will be built
[1.231s] -- Found ament_lint_auto: 0.9.6 (/opt/ros/foxy/share/ament_lint_auto/cmake)
[1.248s] -- Configuring done
[1.258s] -- Generating done
[1.259s] -- Build files have been written to: /home/d-lab/workspace/ros_ur_driver/build/srdfdom
[1.266s] Invoked command in '/home/d-lab/workspace/ros_ur_driver/build/srdfdom' returned '0': CMAKE_PREFIX_PATH=${CMAKE_PREFIX_PATH}:/home/d-lab/workspace/ros_ur_driver/install/utils:/home/d-lab/workspace/ros_ur_driver/install/ros2controlcli:/home/d-lab/workspace/ros_ur_driver/install/ros2_control_test_nodes:/home/d-lab/workspace/ros_ur_driver/install/robotiq_control:/home/d-lab/workspace/ros_ur_driver/install/gripper_control:/opt/ros/foxy /usr/bin/cmake /home/d-lab/workspace/ros_ur_driver/src/srdfdom -DCMAKE_BUILD_TYPE=Release -DCMAKE_INSTALL_PREFIX=/home/d-lab/workspace/ros_ur_driver/install/srdfdom
[1.266s] Invoking command in '/home/d-lab/workspace/ros_ur_driver/build/srdfdom': CMAKE_PREFIX_PATH=${CMAKE_PREFIX_PATH}:/home/d-lab/workspace/ros_ur_driver/install/utils:/home/d-lab/workspace/ros_ur_driver/install/ros2controlcli:/home/d-lab/workspace/ros_ur_driver/install/ros2_control_test_nodes:/home/d-lab/workspace/ros_ur_driver/install/robotiq_control:/home/d-lab/workspace/ros_ur_driver/install/gripper_control:/opt/ros/foxy /usr/bin/cmake --build /home/d-lab/workspace/ros_ur_driver/build/srdfdom -- -j16 -l16
[1.333s] [ 18%] Built target gtest
[1.340s] [ 45%] Built target srdfdom
[1.345s] [ 63%] Built target gtest_main
[1.375s] [100%] Built target test_cpp_nl_NL.UTF-8
[1.375s] [100%] Built target test_cpp_C
[1.389s] Invoked command in '/home/d-lab/workspace/ros_ur_driver/build/srdfdom' returned '0': CMAKE_PREFIX_PATH=${CMAKE_PREFIX_PATH}:/home/d-lab/workspace/ros_ur_driver/install/utils:/home/d-lab/workspace/ros_ur_driver/install/ros2controlcli:/home/d-lab/workspace/ros_ur_driver/install/ros2_control_test_nodes:/home/d-lab/workspace/ros_ur_driver/install/robotiq_control:/home/d-lab/workspace/ros_ur_driver/install/gripper_control:/opt/ros/foxy /usr/bin/cmake --build /home/d-lab/workspace/ros_ur_driver/build/srdfdom -- -j16 -l16
[1.436s] Invoking command in '/home/d-lab/workspace/ros_ur_driver/build/srdfdom': CMAKE_PREFIX_PATH=${CMAKE_PREFIX_PATH}:/home/d-lab/workspace/ros_ur_driver/install/utils:/home/d-lab/workspace/ros_ur_driver/install/ros2controlcli:/home/d-lab/workspace/ros_ur_driver/install/ros2_control_test_nodes:/home/d-lab/workspace/ros_ur_driver/install/robotiq_control:/home/d-lab/workspace/ros_ur_driver/install/gripper_control:/opt/ros/foxy /usr/bin/cmake --install /home/d-lab/workspace/ros_ur_driver/build/srdfdom
[1.446s] -- Install configuration: "Release"
[1.447s] -- Up-to-date: /home/d-lab/workspace/ros_ur_driver/install/srdfdom/lib/libsrdfdom.so.2.0.4
[1.447s] -- Up-to-date: /home/d-lab/workspace/ros_ur_driver/install/srdfdom/lib/libsrdfdom.so
[1.447s] -- Up-to-date: /home/d-lab/workspace/ros_ur_driver/install/srdfdom/include/srdfdom
[1.447s] -- Up-to-date: /home/d-lab/workspace/ros_ur_driver/install/srdfdom/include/srdfdom/visibility_control.h
[1.447s] -- Up-to-date: /home/d-lab/workspace/ros_ur_driver/install/srdfdom/include/srdfdom/model.h
[1.447s] -- Up-to-date: /home/d-lab/workspace/ros_ur_driver/install/srdfdom/include/srdfdom/srdf_writer.h
[1.447s] -- Up-to-date: /home/d-lab/workspace/ros_ur_driver/install/srdfdom/lib/srdfdom/display_srdf
[1.447s] -- Up-to-date: /home/d-lab/workspace/ros_ur_driver/install/srdfdom/share/srdfdom/environment/pythonpath.sh
[1.447s] -- Installing: /home/d-lab/workspace/ros_ur_driver/install/srdfdom/share/srdfdom/environment/pythonpath.dsv
[1.447s] -- Up-to-date: /home/d-lab/workspace/ros_ur_driver/install/srdfdom/lib/python3.8/site-packages/srdfdom
[1.447s] -- Up-to-date: /home/d-lab/workspace/ros_ur_driver/install/srdfdom/lib/python3.8/site-packages/srdfdom/srdf.py
[1.447s] -- Up-to-date: /home/d-lab/workspace/ros_ur_driver/install/srdfdom/lib/python3.8/site-packages/srdfdom/__init__.py
[1.477s] Listing '/home/d-lab/workspace/ros_ur_driver/install/srdfdom/lib/python3.8/site-packages/srdfdom'...
[1.480s] -- Up-to-date: /home/d-lab/workspace/ros_ur_driver/install/srdfdom/share/srdfdom/environment/library_path.sh
[1.480s] -- Installing: /home/d-lab/workspace/ros_ur_driver/install/srdfdom/share/srdfdom/environment/library_path.dsv
[1.481s] -- Up-to-date: /home/d-lab/workspace/ros_ur_driver/install/srdfdom/share/ament_index/resource_index/package_run_dependencies/srdfdom
[1.481s] -- Installing: /home/d-lab/workspace/ros_ur_driver/install/srdfdom/share/ament_index/resource_index/parent_prefix_path/srdfdom
[1.481s] -- Up-to-date: /home/d-lab/workspace/ros_ur_driver/install/srdfdom/share/srdfdom/environment/ament_prefix_path.sh
[1.481s] -- Installing: /home/d-lab/workspace/ros_ur_driver/install/srdfdom/share/srdfdom/environment/ament_prefix_path.dsv
[1.481s] -- Up-to-date: /home/d-lab/workspace/ros_ur_driver/install/srdfdom/share/srdfdom/environment/path.sh
[1.482s] -- Installing: /home/d-lab/workspace/ros_ur_driver/install/srdfdom/share/srdfdom/environment/path.dsv
[1.482s] -- Up-to-date: /home/d-lab/workspace/ros_ur_driver/install/srdfdom/share/srdfdom/local_setup.bash
[1.482s] -- Up-to-date: /home/d-lab/workspace/ros_ur_driver/install/srdfdom/share/srdfdom/local_setup.sh
[1.482s] -- Up-to-date: /home/d-lab/workspace/ros_ur_driver/install/srdfdom/share/srdfdom/local_setup.zsh
[1.482s] -- Installing: /home/d-lab/workspace/ros_ur_driver/install/srdfdom/share/srdfdom/local_setup.dsv
[1.482s] -- Installing: /home/d-lab/workspace/ros_ur_driver/install/srdfdom/share/srdfdom/package.dsv
[1.482s] -- Up-to-date: /home/d-lab/workspace/ros_ur_driver/install/srdfdom/share/ament_index/resource_index/packages/srdfdom
[1.482s] -- Up-to-date: /home/d-lab/workspace/ros_ur_driver/install/srdfdom/share/srdfdom/cmake/srdfdomTargetsExport.cmake
[1.482s] -- Installing: /home/d-lab/workspace/ros_ur_driver/install/srdfdom/share/srdfdom/cmake/srdfdomTargetsExport-release.cmake
[1.483s] -- Up-to-date: /home/d-lab/workspace/ros_ur_driver/install/srdfdom/share/srdfdom/cmake/ament_cmake_export_targets-extras.cmake
[1.483s] -- Up-to-date: /home/d-lab/workspace/ros_ur_driver/install/srdfdom/share/srdfdom/cmake/ament_cmake_export_dependencies-extras.cmake
[1.483s] -- Up-to-date: /home/d-lab/workspace/ros_ur_driver/install/srdfdom/share/srdfdom/cmake/srdfdomConfig.cmake
[1.483s] -- Up-to-date: /home/d-lab/workspace/ros_ur_driver/install/srdfdom/share/srdfdom/cmake/srdfdomConfig-version.cmake
[1.483s] -- Up-to-date: /home/d-lab/workspace/ros_ur_driver/install/srdfdom/share/srdfdom/package.xml
[1.492s] Invoked command in '/home/d-lab/workspace/ros_ur_driver/build/srdfdom' returned '0': CMAKE_PREFIX_PATH=${CMAKE_PREFIX_PATH}:/home/d-lab/workspace/ros_ur_driver/install/utils:/home/d-lab/workspace/ros_ur_driver/install/ros2controlcli:/home/d-lab/workspace/ros_ur_driver/install/ros2_control_test_nodes:/home/d-lab/workspace/ros_ur_driver/install/robotiq_control:/home/d-lab/workspace/ros_ur_driver/install/gripper_control:/opt/ros/foxy /usr/bin/cmake --install /home/d-lab/workspace/ros_ur_driver/build/srdfdom
