[0.684s] Invoking command in '/home/d-lab/workspace/ros_ur_driver/src/utils': PYTHONPATH=/home/d-lab/workspace/ros_ur_driver/build/utils/prefix_override:/home/d-lab/workspace/ros_ur_driver/install/utils/lib/python3.8/site-packages:${PYTHONPATH} /usr/bin/python3 setup.py egg_info --egg-base ../../build/utils build --build-base /home/d-lab/workspace/ros_ur_driver/build/utils/build install --record /home/d-lab/workspace/ros_ur_driver/build/utils/install.log --single-version-externally-managed
[0.857s] running egg_info
[0.857s] writing ../../build/utils/utils.egg-info/PKG-INFO
[0.857s] writing dependency_links to ../../build/utils/utils.egg-info/dependency_links.txt
[0.857s] writing entry points to ../../build/utils/utils.egg-info/entry_points.txt
[0.857s] writing requirements to ../../build/utils/utils.egg-info/requires.txt
[0.857s] writing top-level names to ../../build/utils/utils.egg-info/top_level.txt
[0.885s] reading manifest file '../../build/utils/utils.egg-info/SOURCES.txt'
[0.886s] writing manifest file '../../build/utils/utils.egg-info/SOURCES.txt'
[0.886s] running build
[0.886s] running build_py
[0.886s] running install
[0.887s] running install_lib
[0.888s] running install_data
[0.888s] running install_egg_info
[0.889s] removing '/home/d-lab/workspace/ros_ur_driver/install/utils/lib/python3.8/site-packages/utils-0.0.0-py3.8.egg-info' (and everything under it)
[0.890s] Copying ../../build/utils/utils.egg-info to /home/d-lab/workspace/ros_ur_driver/install/utils/lib/python3.8/site-packages/utils-0.0.0-py3.8.egg-info
[0.890s] running install_scripts
[0.904s] Installing torque_broadcaster script to /home/d-lab/workspace/ros_ur_driver/install/utils/bin
[0.904s] writing list of installed files to '/home/d-lab/workspace/ros_ur_driver/build/utils/install.log'
[0.921s] Invoked command in '/home/d-lab/workspace/ros_ur_driver/src/utils' returned '0': PYTHONPATH=/home/d-lab/workspace/ros_ur_driver/build/utils/prefix_override:/home/d-lab/workspace/ros_ur_driver/install/utils/lib/python3.8/site-packages:${PYTHONPATH} /usr/bin/python3 setup.py egg_info --egg-base ../../build/utils build --build-base /home/d-lab/workspace/ros_ur_driver/build/utils/build install --record /home/d-lab/workspace/ros_ur_driver/build/utils/install.log --single-version-externally-managed
