[0.062s] Invoking command in '/home/d-lab/workspace/ros_ur_driver/build/hardware_interface': AMENT_PREFIX_PATH=/home/d-lab/workspace/ros_ur_driver/install/ros2_control_test_assets:/home/d-lab/workspace/ros_ur_driver/install/control_msgs:${AMENT_PREFIX_PATH} CMAKE_PREFIX_PATH=/home/d-lab/workspace/ros_ur_driver/install/ros2_control_test_assets:/home/d-lab/workspace/ros_ur_driver/install/control_msgs:/opt/ros/foxy LD_LIBRARY_PATH=/home/d-lab/workspace/ros_ur_driver/install/control_msgs/lib:${LD_LIBRARY_PATH} PYTHONPATH=/home/d-lab/workspace/ros_ur_driver/install/control_msgs/lib/python3.8/site-packages:${PYTHONPATH} /usr/bin/cmake --build /home/d-lab/workspace/ros_ur_driver/build/hardware_interface -- -j16 -l16
[0.080s] [  5%] Built target gmock_main
[0.080s] [ 14%] Built target gmock
[0.084s] [ 32%] Built target hardware_interface
[0.108s] [ 38%] Built target test_macros
[0.113s] [ 50%] Built target fake_components
[0.113s] [ 50%] Built target test_joint_handle
[0.114s] [ 55%] Built target test_component_interfaces
[0.116s] [ 67%] Built target test_component_parser
[0.116s] [ 67%] Built target test_generic_system
[0.117s] [ 79%] Built target test_components
[0.117s] [ 85%] Built target test_resource_manager
[0.118s] [100%] Built target test_hardware_components
[0.128s] Invoked command in '/home/d-lab/workspace/ros_ur_driver/build/hardware_interface' returned '0': AMENT_PREFIX_PATH=/home/d-lab/workspace/ros_ur_driver/install/ros2_control_test_assets:/home/d-lab/workspace/ros_ur_driver/install/control_msgs:${AMENT_PREFIX_PATH} CMAKE_PREFIX_PATH=/home/d-lab/workspace/ros_ur_driver/install/ros2_control_test_assets:/home/d-lab/workspace/ros_ur_driver/install/control_msgs:/opt/ros/foxy LD_LIBRARY_PATH=/home/d-lab/workspace/ros_ur_driver/install/control_msgs/lib:${LD_LIBRARY_PATH} PYTHONPATH=/home/d-lab/workspace/ros_ur_driver/install/control_msgs/lib/python3.8/site-packages:${PYTHONPATH} /usr/bin/cmake --build /home/d-lab/workspace/ros_ur_driver/build/hardware_interface -- -j16 -l16
[0.181s] Invoking command in '/home/d-lab/workspace/ros_ur_driver/build/hardware_interface': AMENT_PREFIX_PATH=/home/d-lab/workspace/ros_ur_driver/install/ros2_control_test_assets:/home/d-lab/workspace/ros_ur_driver/install/control_msgs:${AMENT_PREFIX_PATH} CMAKE_PREFIX_PATH=/home/d-lab/workspace/ros_ur_driver/install/ros2_control_test_assets:/home/d-lab/workspace/ros_ur_driver/install/control_msgs:/opt/ros/foxy LD_LIBRARY_PATH=/home/d-lab/workspace/ros_ur_driver/install/control_msgs/lib:${LD_LIBRARY_PATH} PYTHONPATH=/home/d-lab/workspace/ros_ur_driver/install/control_msgs/lib/python3.8/site-packages:${PYTHONPATH} /usr/bin/cmake --install /home/d-lab/workspace/ros_ur_driver/build/hardware_interface
[0.188s] -- Install configuration: "Release"
[0.188s] -- Up-to-date: /home/d-lab/workspace/ros_ur_driver/install/hardware_interface/share/hardware_interface/fake_components_plugin_description.xml
[0.189s] -- Up-to-date: /home/d-lab/workspace/ros_ur_driver/install/hardware_interface/include
[0.189s] -- Up-to-date: /home/d-lab/workspace/ros_ur_driver/install/hardware_interface/include/hardware_interface
[0.189s] -- Up-to-date: /home/d-lab/workspace/ros_ur_driver/install/hardware_interface/include/hardware_interface/sensor_interface.hpp
[0.189s] -- Up-to-date: /home/d-lab/workspace/ros_ur_driver/install/hardware_interface/include/hardware_interface/loaned_command_interface.hpp
[0.189s] -- Up-to-date: /home/d-lab/workspace/ros_ur_driver/install/hardware_interface/include/hardware_interface/types
[0.190s] -- Up-to-date: /home/d-lab/workspace/ros_ur_driver/install/hardware_interface/include/hardware_interface/types/hardware_interface_return_values.hpp
[0.190s] -- Up-to-date: /home/d-lab/workspace/ros_ur_driver/install/hardware_interface/include/hardware_interface/types/hardware_interface_status_values.hpp
[0.190s] -- Up-to-date: /home/d-lab/workspace/ros_ur_driver/install/hardware_interface/include/hardware_interface/types/hardware_interface_type_values.hpp
[0.190s] -- Up-to-date: /home/d-lab/workspace/ros_ur_driver/install/hardware_interface/include/hardware_interface/component_parser.hpp
[0.190s] -- Up-to-date: /home/d-lab/workspace/ros_ur_driver/install/hardware_interface/include/hardware_interface/visibility_control.h
[0.190s] -- Up-to-date: /home/d-lab/workspace/ros_ur_driver/install/hardware_interface/include/hardware_interface/sensor.hpp
[0.191s] -- Up-to-date: /home/d-lab/workspace/ros_ur_driver/install/hardware_interface/include/hardware_interface/base_interface.hpp
[0.191s] -- Up-to-date: /home/d-lab/workspace/ros_ur_driver/install/hardware_interface/include/hardware_interface/handle.hpp
[0.192s] -- Up-to-date: /home/d-lab/workspace/ros_ur_driver/install/hardware_interface/include/hardware_interface/system.hpp
[0.192s] -- Up-to-date: /home/d-lab/workspace/ros_ur_driver/install/hardware_interface/include/hardware_interface/controller_info.hpp
[0.192s] -- Up-to-date: /home/d-lab/workspace/ros_ur_driver/install/hardware_interface/include/hardware_interface/loaned_state_interface.hpp
[0.192s] -- Up-to-date: /home/d-lab/workspace/ros_ur_driver/install/hardware_interface/include/hardware_interface/actuator.hpp
[0.192s] -- Up-to-date: /home/d-lab/workspace/ros_ur_driver/install/hardware_interface/include/hardware_interface/macros.hpp
[0.192s] -- Up-to-date: /home/d-lab/workspace/ros_ur_driver/install/hardware_interface/include/hardware_interface/system_interface.hpp
[0.193s] -- Up-to-date: /home/d-lab/workspace/ros_ur_driver/install/hardware_interface/include/hardware_interface/actuator_interface.hpp
[0.193s] -- Up-to-date: /home/d-lab/workspace/ros_ur_driver/install/hardware_interface/include/hardware_interface/resource_manager.hpp
[0.193s] -- Up-to-date: /home/d-lab/workspace/ros_ur_driver/install/hardware_interface/include/hardware_interface/hardware_info.hpp
[0.194s] -- Up-to-date: /home/d-lab/workspace/ros_ur_driver/install/hardware_interface/include/fake_components
[0.195s] -- Up-to-date: /home/d-lab/workspace/ros_ur_driver/install/hardware_interface/include/fake_components/visibility_control.h
[0.195s] -- Up-to-date: /home/d-lab/workspace/ros_ur_driver/install/hardware_interface/include/fake_components/generic_system.hpp
[0.195s] -- Up-to-date: /home/d-lab/workspace/ros_ur_driver/install/hardware_interface/lib/libfake_components.so
[0.195s] -- Up-to-date: /home/d-lab/workspace/ros_ur_driver/install/hardware_interface/lib/libhardware_interface.so
[0.196s] -- Up-to-date: /home/d-lab/workspace/ros_ur_driver/install/hardware_interface/lib/libtest_components.so
[0.196s] -- Up-to-date: /home/d-lab/workspace/ros_ur_driver/install/hardware_interface/share/hardware_interface/test/test_components/test_components.xml
[0.197s] -- Up-to-date: /home/d-lab/workspace/ros_ur_driver/install/hardware_interface/lib/libtest_hardware_components.so
[0.197s] -- Up-to-date: /home/d-lab/workspace/ros_ur_driver/install/hardware_interface/share/hardware_interface/test/test_hardware_components/test_hardware_components.xml
[0.197s] -- Up-to-date: /home/d-lab/workspace/ros_ur_driver/install/hardware_interface/share/hardware_interface/environment/library_path.sh
[0.197s] -- Up-to-date: /home/d-lab/workspace/ros_ur_driver/install/hardware_interface/share/hardware_interface/environment/library_path.dsv
[0.198s] -- Up-to-date: /home/d-lab/workspace/ros_ur_driver/install/hardware_interface/share/ament_index/resource_index/package_run_dependencies/hardware_interface
[0.198s] -- Up-to-date: /home/d-lab/workspace/ros_ur_driver/install/hardware_interface/share/ament_index/resource_index/parent_prefix_path/hardware_interface
[0.198s] -- Up-to-date: /home/d-lab/workspace/ros_ur_driver/install/hardware_interface/share/hardware_interface/environment/ament_prefix_path.sh
[0.198s] -- Up-to-date: /home/d-lab/workspace/ros_ur_driver/install/hardware_interface/share/hardware_interface/environment/ament_prefix_path.dsv
[0.198s] -- Up-to-date: /home/d-lab/workspace/ros_ur_driver/install/hardware_interface/share/hardware_interface/environment/path.sh
[0.199s] -- Up-to-date: /home/d-lab/workspace/ros_ur_driver/install/hardware_interface/share/hardware_interface/environment/path.dsv
[0.199s] -- Up-to-date: /home/d-lab/workspace/ros_ur_driver/install/hardware_interface/share/hardware_interface/local_setup.bash
[0.199s] -- Up-to-date: /home/d-lab/workspace/ros_ur_driver/install/hardware_interface/share/hardware_interface/local_setup.sh
[0.200s] -- Up-to-date: /home/d-lab/workspace/ros_ur_driver/install/hardware_interface/share/hardware_interface/local_setup.zsh
[0.201s] -- Up-to-date: /home/d-lab/workspace/ros_ur_driver/install/hardware_interface/share/hardware_interface/local_setup.dsv
[0.201s] -- Installing: /home/d-lab/workspace/ros_ur_driver/install/hardware_interface/share/hardware_interface/package.dsv
[0.201s] -- Up-to-date: /home/d-lab/workspace/ros_ur_driver/install/hardware_interface/share/ament_index/resource_index/packages/hardware_interface
[0.201s] -- Up-to-date: /home/d-lab/workspace/ros_ur_driver/install/hardware_interface/share/ament_index/resource_index/hardware_interface__pluginlib__plugin/hardware_interface
[0.202s] -- Up-to-date: /home/d-lab/workspace/ros_ur_driver/install/hardware_interface/share/hardware_interface/cmake/ament_cmake_export_include_directories-extras.cmake
[0.202s] -- Up-to-date: /home/d-lab/workspace/ros_ur_driver/install/hardware_interface/share/hardware_interface/cmake/ament_cmake_export_libraries-extras.cmake
[0.202s] -- Up-to-date: /home/d-lab/workspace/ros_ur_driver/install/hardware_interface/share/hardware_interface/cmake/ament_cmake_export_dependencies-extras.cmake
[0.202s] -- Up-to-date: /home/d-lab/workspace/ros_ur_driver/install/hardware_interface/share/hardware_interface/cmake/hardware_interfaceConfig.cmake
[0.202s] -- Up-to-date: /home/d-lab/workspace/ros_ur_driver/install/hardware_interface/share/hardware_interface/cmake/hardware_interfaceConfig-version.cmake
[0.202s] -- Up-to-date: /home/d-lab/workspace/ros_ur_driver/install/hardware_interface/share/hardware_interface/package.xml
[0.203s] Invoked command in '/home/d-lab/workspace/ros_ur_driver/build/hardware_interface' returned '0': AMENT_PREFIX_PATH=/home/d-lab/workspace/ros_ur_driver/install/ros2_control_test_assets:/home/d-lab/workspace/ros_ur_driver/install/control_msgs:${AMENT_PREFIX_PATH} CMAKE_PREFIX_PATH=/home/d-lab/workspace/ros_ur_driver/install/ros2_control_test_assets:/home/d-lab/workspace/ros_ur_driver/install/control_msgs:/opt/ros/foxy LD_LIBRARY_PATH=/home/d-lab/workspace/ros_ur_driver/install/control_msgs/lib:${LD_LIBRARY_PATH} PYTHONPATH=/home/d-lab/workspace/ros_ur_driver/install/control_msgs/lib/python3.8/site-packages:${PYTHONPATH} /usr/bin/cmake --install /home/d-lab/workspace/ros_ur_driver/build/hardware_interface
