[0.214s] Invoking command in '/home/d-lab/workspace/ros_ur_driver/build/move_arm_interfaces': CMAKE_PREFIX_PATH=/home/d-lab/workspace/ros_ur_driver/install/move_arm_server:/home/d-lab/workspace/ros_ur_driver/install/action_tutorials_cpp:/home/d-lab/workspace/ros_ur_driver/install/move_arm_interfaces:/home/d-lab/workspace/ros_ur_driver/install/run_ompl_constrained_planning:/home/d-lab/workspace/ros_ur_driver/install/run_moveit_cpp:/home/d-lab/workspace/ros_ur_driver/install/run_move_group:/home/d-lab/workspace/ros_ur_driver/install/warehouse_ros_mongo:/home/d-lab/workspace/ros_ur_driver/install/ros2_controllers:/home/d-lab/workspace/ros_ur_driver/install/velocity_controllers:/home/d-lab/workspace/ros_ur_driver/install/ur_robot_driver:/home/d-lab/workspace/ros_ur_driver/install/ur_controllers:/home/d-lab/workspace/ros_ur_driver/install/ur_msgs:/home/d-lab/workspace/ros_ur_driver/install/ur_moveit_config:/home/d-lab/workspace/ros_ur_driver/install/ur_description:/home/d-lab/workspace/ros_ur_driver/install/ur_dashboard_msgs:/home/d-lab/workspace/ros_ur_driver/install/ur_client_library:/home/d-lab/workspace/ros_ur_driver/install/ur_bringup:/home/d-lab/workspace/ros_ur_driver/install/ur5_robotiq_moveit_config:/home/d-lab/workspace/ros_ur_driver/install/transmission_interface:/home/d-lab/workspace/ros_ur_driver/install/srdfdom:/home/d-lab/workspace/ros_ur_driver/install/move_arm:/home/d-lab/workspace/ros_ur_driver/install/moveit_visual_tools:/home/d-lab/workspace/ros_ur_driver/install/rviz_visual_tools:/home/d-lab/workspace/ros_ur_driver/install/ros2_control_demos:/home/d-lab/workspace/ros_ur_driver/install/ros2_control_demo_bringup:/home/d-lab/workspace/ros_ur_driver/install/rrbot_description:/home/d-lab/workspace/ros_ur_driver/install/ros2_control:/home/d-lab/workspace/ros_ur_driver/install/utils:/home/d-lab/workspace/ros_ur_driver/install/ros2controlcli:/home/d-lab/workspace/ros_ur_driver/install/ros2_control_test_nodes:/home/d-lab/workspace/ros_ur_driver/install/robotiq_control:/home/d-lab/workspace/ros_ur_driver/install/gripper_control:/opt/ros/foxy:/home/d-lab/workspace/ros_ur_driver/install/cartesian_controller_examples:/home/d-lab/workspace/ros_ur_driver/install/controller_manager:/home/d-lab/workspace/ros_ur_driver/install/ros2_control_test_assets:/home/d-lab/workspace/ros_ur_driver/install/ros2_control_demo_hardware:/home/d-lab/workspace/ros_ur_driver/install/robotiq_description:/home/d-lab/workspace/ros_ur_driver/install/position_controllers:/home/d-lab/workspace/ros_ur_driver/install/move_arm_cpp:/home/d-lab/workspace/ros_ur_driver/install/move_arm_interface:/home/d-lab/workspace/ros_ur_driver/install/joint_trajectory_controller:/home/d-lab/workspace/ros_ur_driver/install/joint_state_controller:/home/d-lab/workspace/ros_ur_driver/install/joint_state_broadcaster:/home/d-lab/workspace/ros_ur_driver/install/imu_sensor_broadcaster:/home/d-lab/workspace/ros_ur_driver/install/gripper_controllers:/home/d-lab/workspace/ros_ur_driver/install/effort_controllers:/home/d-lab/workspace/ros_ur_driver/install/forward_command_controller:/home/d-lab/workspace/ros_ur_driver/install/force_torque_sensor_broadcaster:/home/d-lab/workspace/ros_ur_driver/install/diff_drive_controller:/home/d-lab/workspace/ros_ur_driver/install/cartesian_compliance_controller:/home/d-lab/workspace/ros_ur_driver/install/cartesian_motion_controller:/home/d-lab/workspace/ros_ur_driver/install/cartesian_force_controller:/home/d-lab/workspace/ros_ur_driver/install/cartesian_controller_handles:/home/d-lab/workspace/ros_ur_driver/install/cartesian_controller_base:/home/d-lab/workspace/ros_ur_driver/install/controller_interface:/home/d-lab/workspace/ros_ur_driver/install/hardware_interface:/home/d-lab/workspace/ros_ur_driver/install/graph_msgs:/home/d-lab/workspace/ros_ur_driver/install/filters:/home/d-lab/workspace/ros_ur_driver/install/eigen3_cmake_module:/home/d-lab/workspace/ros_ur_driver/install/diffbot_description:/home/d-lab/workspace/ros_ur_driver/install/controller_manager_msgs:/home/d-lab/workspace/ros_ur_driver/install/control_msgs:/home/d-lab/workspace/ros_ur_driver/install/chomp_motion_planner:/home/d-lab/workspace/ros_ur_driver/install/action_tutorials_interfaces /usr/bin/cmake --build /home/d-lab/workspace/ros_ur_driver/build/move_arm_interfaces -- -j16 -l16
[0.458s] [  9%] Built target move_arm_interfaces__rosidl_generator_c
[0.458s] [ 12%] Built target move_arm_interfaces__cpp
[0.458s] [ 22%] Built target move_arm_interfaces__rosidl_typesupport_introspection_c
[0.458s] [ 32%] Built target move_arm_interfaces__rosidl_typesupport_c
[0.458s] [ 41%] Built target move_arm_interfaces__rosidl_typesupport_introspection_cpp
[0.458s] [ 51%] Built target move_arm_interfaces__rosidl_typesupport_cpp
[0.458s] [ 61%] Built target move_arm_interfaces__rosidl_typesupport_fastrtps_cpp
[0.458s] [ 70%] Built target move_arm_interfaces__rosidl_typesupport_fastrtps_c
[0.458s] [ 70%] Built target move_arm_interfaces
[0.462s] [ 74%] Built target move_arm_interfaces__py
[0.504s] [ 80%] Built target move_arm_interfaces__python
[0.541s] [ 87%] Built target move_arm_interfaces__rosidl_typesupport_c__pyext
[0.543s] [ 93%] Built target move_arm_interfaces__rosidl_typesupport_introspection_c__pyext
[0.545s] [100%] Built target move_arm_interfaces__rosidl_typesupport_fastrtps_c__pyext
[0.606s] Invoked command in '/home/d-lab/workspace/ros_ur_driver/build/move_arm_interfaces' returned '0': CMAKE_PREFIX_PATH=/home/d-lab/workspace/ros_ur_driver/install/move_arm_server:/home/d-lab/workspace/ros_ur_driver/install/action_tutorials_cpp:/home/d-lab/workspace/ros_ur_driver/install/move_arm_interfaces:/home/d-lab/workspace/ros_ur_driver/install/run_ompl_constrained_planning:/home/d-lab/workspace/ros_ur_driver/install/run_moveit_cpp:/home/d-lab/workspace/ros_ur_driver/install/run_move_group:/home/d-lab/workspace/ros_ur_driver/install/warehouse_ros_mongo:/home/d-lab/workspace/ros_ur_driver/install/ros2_controllers:/home/d-lab/workspace/ros_ur_driver/install/velocity_controllers:/home/d-lab/workspace/ros_ur_driver/install/ur_robot_driver:/home/d-lab/workspace/ros_ur_driver/install/ur_controllers:/home/d-lab/workspace/ros_ur_driver/install/ur_msgs:/home/d-lab/workspace/ros_ur_driver/install/ur_moveit_config:/home/d-lab/workspace/ros_ur_driver/install/ur_description:/home/d-lab/workspace/ros_ur_driver/install/ur_dashboard_msgs:/home/d-lab/workspace/ros_ur_driver/install/ur_client_library:/home/d-lab/workspace/ros_ur_driver/install/ur_bringup:/home/d-lab/workspace/ros_ur_driver/install/ur5_robotiq_moveit_config:/home/d-lab/workspace/ros_ur_driver/install/transmission_interface:/home/d-lab/workspace/ros_ur_driver/install/srdfdom:/home/d-lab/workspace/ros_ur_driver/install/move_arm:/home/d-lab/workspace/ros_ur_driver/install/moveit_visual_tools:/home/d-lab/workspace/ros_ur_driver/install/rviz_visual_tools:/home/d-lab/workspace/ros_ur_driver/install/ros2_control_demos:/home/d-lab/workspace/ros_ur_driver/install/ros2_control_demo_bringup:/home/d-lab/workspace/ros_ur_driver/install/rrbot_description:/home/d-lab/workspace/ros_ur_driver/install/ros2_control:/home/d-lab/workspace/ros_ur_driver/install/utils:/home/d-lab/workspace/ros_ur_driver/install/ros2controlcli:/home/d-lab/workspace/ros_ur_driver/install/ros2_control_test_nodes:/home/d-lab/workspace/ros_ur_driver/install/robotiq_control:/home/d-lab/workspace/ros_ur_driver/install/gripper_control:/opt/ros/foxy:/home/d-lab/workspace/ros_ur_driver/install/cartesian_controller_examples:/home/d-lab/workspace/ros_ur_driver/install/controller_manager:/home/d-lab/workspace/ros_ur_driver/install/ros2_control_test_assets:/home/d-lab/workspace/ros_ur_driver/install/ros2_control_demo_hardware:/home/d-lab/workspace/ros_ur_driver/install/robotiq_description:/home/d-lab/workspace/ros_ur_driver/install/position_controllers:/home/d-lab/workspace/ros_ur_driver/install/move_arm_cpp:/home/d-lab/workspace/ros_ur_driver/install/move_arm_interface:/home/d-lab/workspace/ros_ur_driver/install/joint_trajectory_controller:/home/d-lab/workspace/ros_ur_driver/install/joint_state_controller:/home/d-lab/workspace/ros_ur_driver/install/joint_state_broadcaster:/home/d-lab/workspace/ros_ur_driver/install/imu_sensor_broadcaster:/home/d-lab/workspace/ros_ur_driver/install/gripper_controllers:/home/d-lab/workspace/ros_ur_driver/install/effort_controllers:/home/d-lab/workspace/ros_ur_driver/install/forward_command_controller:/home/d-lab/workspace/ros_ur_driver/install/force_torque_sensor_broadcaster:/home/d-lab/workspace/ros_ur_driver/install/diff_drive_controller:/home/d-lab/workspace/ros_ur_driver/install/cartesian_compliance_controller:/home/d-lab/workspace/ros_ur_driver/install/cartesian_motion_controller:/home/d-lab/workspace/ros_ur_driver/install/cartesian_force_controller:/home/d-lab/workspace/ros_ur_driver/install/cartesian_controller_handles:/home/d-lab/workspace/ros_ur_driver/install/cartesian_controller_base:/home/d-lab/workspace/ros_ur_driver/install/controller_interface:/home/d-lab/workspace/ros_ur_driver/install/hardware_interface:/home/d-lab/workspace/ros_ur_driver/install/graph_msgs:/home/d-lab/workspace/ros_ur_driver/install/filters:/home/d-lab/workspace/ros_ur_driver/install/eigen3_cmake_module:/home/d-lab/workspace/ros_ur_driver/install/diffbot_description:/home/d-lab/workspace/ros_ur_driver/install/controller_manager_msgs:/home/d-lab/workspace/ros_ur_driver/install/control_msgs:/home/d-lab/workspace/ros_ur_driver/install/chomp_motion_planner:/home/d-lab/workspace/ros_ur_driver/install/action_tutorials_interfaces /usr/bin/cmake --build /home/d-lab/workspace/ros_ur_driver/build/move_arm_interfaces -- -j16 -l16
[0.802s] Invoking command in '/home/d-lab/workspace/ros_ur_driver/build/move_arm_interfaces': CMAKE_PREFIX_PATH=/home/d-lab/workspace/ros_ur_driver/install/move_arm_server:/home/d-lab/workspace/ros_ur_driver/install/action_tutorials_cpp:/home/d-lab/workspace/ros_ur_driver/install/move_arm_interfaces:/home/d-lab/workspace/ros_ur_driver/install/run_ompl_constrained_planning:/home/d-lab/workspace/ros_ur_driver/install/run_moveit_cpp:/home/d-lab/workspace/ros_ur_driver/install/run_move_group:/home/d-lab/workspace/ros_ur_driver/install/warehouse_ros_mongo:/home/d-lab/workspace/ros_ur_driver/install/ros2_controllers:/home/d-lab/workspace/ros_ur_driver/install/velocity_controllers:/home/d-lab/workspace/ros_ur_driver/install/ur_robot_driver:/home/d-lab/workspace/ros_ur_driver/install/ur_controllers:/home/d-lab/workspace/ros_ur_driver/install/ur_msgs:/home/d-lab/workspace/ros_ur_driver/install/ur_moveit_config:/home/d-lab/workspace/ros_ur_driver/install/ur_description:/home/d-lab/workspace/ros_ur_driver/install/ur_dashboard_msgs:/home/d-lab/workspace/ros_ur_driver/install/ur_client_library:/home/d-lab/workspace/ros_ur_driver/install/ur_bringup:/home/d-lab/workspace/ros_ur_driver/install/ur5_robotiq_moveit_config:/home/d-lab/workspace/ros_ur_driver/install/transmission_interface:/home/d-lab/workspace/ros_ur_driver/install/srdfdom:/home/d-lab/workspace/ros_ur_driver/install/move_arm:/home/d-lab/workspace/ros_ur_driver/install/moveit_visual_tools:/home/d-lab/workspace/ros_ur_driver/install/rviz_visual_tools:/home/d-lab/workspace/ros_ur_driver/install/ros2_control_demos:/home/d-lab/workspace/ros_ur_driver/install/ros2_control_demo_bringup:/home/d-lab/workspace/ros_ur_driver/install/rrbot_description:/home/d-lab/workspace/ros_ur_driver/install/ros2_control:/home/d-lab/workspace/ros_ur_driver/install/utils:/home/d-lab/workspace/ros_ur_driver/install/ros2controlcli:/home/d-lab/workspace/ros_ur_driver/install/ros2_control_test_nodes:/home/d-lab/workspace/ros_ur_driver/install/robotiq_control:/home/d-lab/workspace/ros_ur_driver/install/gripper_control:/opt/ros/foxy:/home/d-lab/workspace/ros_ur_driver/install/cartesian_controller_examples:/home/d-lab/workspace/ros_ur_driver/install/controller_manager:/home/d-lab/workspace/ros_ur_driver/install/ros2_control_test_assets:/home/d-lab/workspace/ros_ur_driver/install/ros2_control_demo_hardware:/home/d-lab/workspace/ros_ur_driver/install/robotiq_description:/home/d-lab/workspace/ros_ur_driver/install/position_controllers:/home/d-lab/workspace/ros_ur_driver/install/move_arm_cpp:/home/d-lab/workspace/ros_ur_driver/install/move_arm_interface:/home/d-lab/workspace/ros_ur_driver/install/joint_trajectory_controller:/home/d-lab/workspace/ros_ur_driver/install/joint_state_controller:/home/d-lab/workspace/ros_ur_driver/install/joint_state_broadcaster:/home/d-lab/workspace/ros_ur_driver/install/imu_sensor_broadcaster:/home/d-lab/workspace/ros_ur_driver/install/gripper_controllers:/home/d-lab/workspace/ros_ur_driver/install/effort_controllers:/home/d-lab/workspace/ros_ur_driver/install/forward_command_controller:/home/d-lab/workspace/ros_ur_driver/install/force_torque_sensor_broadcaster:/home/d-lab/workspace/ros_ur_driver/install/diff_drive_controller:/home/d-lab/workspace/ros_ur_driver/install/cartesian_compliance_controller:/home/d-lab/workspace/ros_ur_driver/install/cartesian_motion_controller:/home/d-lab/workspace/ros_ur_driver/install/cartesian_force_controller:/home/d-lab/workspace/ros_ur_driver/install/cartesian_controller_handles:/home/d-lab/workspace/ros_ur_driver/install/cartesian_controller_base:/home/d-lab/workspace/ros_ur_driver/install/controller_interface:/home/d-lab/workspace/ros_ur_driver/install/hardware_interface:/home/d-lab/workspace/ros_ur_driver/install/graph_msgs:/home/d-lab/workspace/ros_ur_driver/install/filters:/home/d-lab/workspace/ros_ur_driver/install/eigen3_cmake_module:/home/d-lab/workspace/ros_ur_driver/install/diffbot_description:/home/d-lab/workspace/ros_ur_driver/install/controller_manager_msgs:/home/d-lab/workspace/ros_ur_driver/install/control_msgs:/home/d-lab/workspace/ros_ur_driver/install/chomp_motion_planner:/home/d-lab/workspace/ros_ur_driver/install/action_tutorials_interfaces /usr/bin/cmake --install /home/d-lab/workspace/ros_ur_driver/build/move_arm_interfaces
[0.825s] -- Install configuration: ""
[0.825s] -- Up-to-date: /home/d-lab/workspace/ros_ur_driver/install/move_arm_interfaces/share/ament_index/resource_index/rosidl_interfaces/move_arm_interfaces
[0.825s] -- Up-to-date: /home/d-lab/workspace/ros_ur_driver/install/move_arm_interfaces/include/move_arm_interfaces
[0.825s] -- Up-to-date: /home/d-lab/workspace/ros_ur_driver/install/move_arm_interfaces/include/move_arm_interfaces/srv
[0.825s] -- Up-to-date: /home/d-lab/workspace/ros_ur_driver/install/move_arm_interfaces/include/move_arm_interfaces/srv/move_arm.h
[0.825s] -- Up-to-date: /home/d-lab/workspace/ros_ur_driver/install/move_arm_interfaces/include/move_arm_interfaces/srv/detail
[0.826s] -- Up-to-date: /home/d-lab/workspace/ros_ur_driver/install/move_arm_interfaces/include/move_arm_interfaces/srv/detail/move_arm__functions.h
[0.827s] -- Up-to-date: /home/d-lab/workspace/ros_ur_driver/install/move_arm_interfaces/include/move_arm_interfaces/srv/detail/move_arm__type_support.h
[0.828s] -- Up-to-date: /home/d-lab/workspace/ros_ur_driver/install/move_arm_interfaces/include/move_arm_interfaces/srv/detail/move_arm__functions.c
[0.828s] -- Up-to-date: /home/d-lab/workspace/ros_ur_driver/install/move_arm_interfaces/include/move_arm_interfaces/srv/detail/move_arm__struct.h
[0.828s] -- Up-to-date: /home/d-lab/workspace/ros_ur_driver/install/move_arm_interfaces/include/move_arm_interfaces/msg
[0.828s] -- Up-to-date: /home/d-lab/workspace/ros_ur_driver/install/move_arm_interfaces/include/move_arm_interfaces/msg/rosidl_generator_c__visibility_control.h
[0.828s] -- Up-to-date: /home/d-lab/workspace/ros_ur_driver/install/move_arm_interfaces/share/move_arm_interfaces/environment/library_path.sh
[0.828s] -- Up-to-date: /home/d-lab/workspace/ros_ur_driver/install/move_arm_interfaces/share/move_arm_interfaces/environment/library_path.dsv
[0.828s] -- Up-to-date: /home/d-lab/workspace/ros_ur_driver/install/move_arm_interfaces/lib/libmove_arm_interfaces__rosidl_generator_c.so
[0.828s] -- Up-to-date: /home/d-lab/workspace/ros_ur_driver/install/move_arm_interfaces/include/move_arm_interfaces
[0.828s] -- Up-to-date: /home/d-lab/workspace/ros_ur_driver/install/move_arm_interfaces/include/move_arm_interfaces/srv
[0.828s] -- Up-to-date: /home/d-lab/workspace/ros_ur_driver/install/move_arm_interfaces/include/move_arm_interfaces/srv/detail
[0.829s] -- Up-to-date: /home/d-lab/workspace/ros_ur_driver/install/move_arm_interfaces/include/move_arm_interfaces/srv/detail/move_arm__rosidl_typesupport_fastrtps_c.h
[0.829s] -- Up-to-date: /home/d-lab/workspace/ros_ur_driver/install/move_arm_interfaces/include/move_arm_interfaces/msg
[0.829s] -- Up-to-date: /home/d-lab/workspace/ros_ur_driver/install/move_arm_interfaces/include/move_arm_interfaces/msg/rosidl_typesupport_fastrtps_c__visibility_control.h
[0.829s] -- Up-to-date: /home/d-lab/workspace/ros_ur_driver/install/move_arm_interfaces/lib/libmove_arm_interfaces__rosidl_typesupport_fastrtps_c.so
[0.829s] -- Up-to-date: /home/d-lab/workspace/ros_ur_driver/install/move_arm_interfaces/include/move_arm_interfaces
[0.829s] -- Up-to-date: /home/d-lab/workspace/ros_ur_driver/install/move_arm_interfaces/include/move_arm_interfaces/srv
[0.829s] -- Up-to-date: /home/d-lab/workspace/ros_ur_driver/install/move_arm_interfaces/include/move_arm_interfaces/srv/detail
[0.829s] -- Up-to-date: /home/d-lab/workspace/ros_ur_driver/install/move_arm_interfaces/include/move_arm_interfaces/srv/detail/dds_fastrtps
[0.829s] -- Up-to-date: /home/d-lab/workspace/ros_ur_driver/install/move_arm_interfaces/include/move_arm_interfaces/srv/detail/move_arm__rosidl_typesupport_fastrtps_cpp.hpp
[0.829s] -- Up-to-date: /home/d-lab/workspace/ros_ur_driver/install/move_arm_interfaces/include/move_arm_interfaces/msg
[0.829s] -- Up-to-date: /home/d-lab/workspace/ros_ur_driver/install/move_arm_interfaces/include/move_arm_interfaces/msg/rosidl_typesupport_fastrtps_cpp__visibility_control.h
[0.829s] -- Up-to-date: /home/d-lab/workspace/ros_ur_driver/install/move_arm_interfaces/lib/libmove_arm_interfaces__rosidl_typesupport_fastrtps_cpp.so
[0.829s] -- Up-to-date: /home/d-lab/workspace/ros_ur_driver/install/move_arm_interfaces/include/move_arm_interfaces
[0.829s] -- Up-to-date: /home/d-lab/workspace/ros_ur_driver/install/move_arm_interfaces/include/move_arm_interfaces/srv
[0.829s] -- Up-to-date: /home/d-lab/workspace/ros_ur_driver/install/move_arm_interfaces/include/move_arm_interfaces/srv/detail
[0.829s] -- Up-to-date: /home/d-lab/workspace/ros_ur_driver/install/move_arm_interfaces/include/move_arm_interfaces/srv/detail/move_arm__type_support.c
[0.829s] -- Up-to-date: /home/d-lab/workspace/ros_ur_driver/install/move_arm_interfaces/include/move_arm_interfaces/srv/detail/move_arm__rosidl_typesupport_introspection_c.h
[0.829s] -- Up-to-date: /home/d-lab/workspace/ros_ur_driver/install/move_arm_interfaces/include/move_arm_interfaces/msg
[0.829s] -- Up-to-date: /home/d-lab/workspace/ros_ur_driver/install/move_arm_interfaces/include/move_arm_interfaces/msg/rosidl_typesupport_introspection_c__visibility_control.h
[0.830s] -- Up-to-date: /home/d-lab/workspace/ros_ur_driver/install/move_arm_interfaces/lib/libmove_arm_interfaces__rosidl_typesupport_introspection_c.so
[0.830s] -- Up-to-date: /home/d-lab/workspace/ros_ur_driver/install/move_arm_interfaces/lib/libmove_arm_interfaces__rosidl_typesupport_c.so
[0.830s] -- Up-to-date: /home/d-lab/workspace/ros_ur_driver/install/move_arm_interfaces/include/move_arm_interfaces
[0.830s] -- Up-to-date: /home/d-lab/workspace/ros_ur_driver/install/move_arm_interfaces/include/move_arm_interfaces/srv
[0.830s] -- Up-to-date: /home/d-lab/workspace/ros_ur_driver/install/move_arm_interfaces/include/move_arm_interfaces/srv/move_arm.hpp
[0.830s] -- Up-to-date: /home/d-lab/workspace/ros_ur_driver/install/move_arm_interfaces/include/move_arm_interfaces/srv/detail
[0.830s] -- Up-to-date: /home/d-lab/workspace/ros_ur_driver/install/move_arm_interfaces/include/move_arm_interfaces/srv/detail/move_arm__traits.hpp
[0.830s] -- Up-to-date: /home/d-lab/workspace/ros_ur_driver/install/move_arm_interfaces/include/move_arm_interfaces/srv/detail/move_arm__builder.hpp
[0.830s] -- Up-to-date: /home/d-lab/workspace/ros_ur_driver/install/move_arm_interfaces/include/move_arm_interfaces/srv/detail/move_arm__struct.hpp
[0.830s] -- Up-to-date: /home/d-lab/workspace/ros_ur_driver/install/move_arm_interfaces/include/move_arm_interfaces
[0.830s] -- Up-to-date: /home/d-lab/workspace/ros_ur_driver/install/move_arm_interfaces/include/move_arm_interfaces/srv
[0.830s] -- Up-to-date: /home/d-lab/workspace/ros_ur_driver/install/move_arm_interfaces/include/move_arm_interfaces/srv/detail
[0.830s] -- Up-to-date: /home/d-lab/workspace/ros_ur_driver/install/move_arm_interfaces/include/move_arm_interfaces/srv/detail/move_arm__type_support.cpp
[0.830s] -- Up-to-date: /home/d-lab/workspace/ros_ur_driver/install/move_arm_interfaces/include/move_arm_interfaces/srv/detail/move_arm__rosidl_typesupport_introspection_cpp.hpp
[0.830s] -- Up-to-date: /home/d-lab/workspace/ros_ur_driver/install/move_arm_interfaces/lib/libmove_arm_interfaces__rosidl_typesupport_introspection_cpp.so
[0.830s] -- Up-to-date: /home/d-lab/workspace/ros_ur_driver/install/move_arm_interfaces/lib/libmove_arm_interfaces__rosidl_typesupport_cpp.so
[0.830s] -- Up-to-date: /home/d-lab/workspace/ros_ur_driver/install/move_arm_interfaces/share/move_arm_interfaces/environment/pythonpath.sh
[0.830s] -- Up-to-date: /home/d-lab/workspace/ros_ur_driver/install/move_arm_interfaces/share/move_arm_interfaces/environment/pythonpath.dsv
[0.830s] -- Up-to-date: /home/d-lab/workspace/ros_ur_driver/install/move_arm_interfaces/lib/python3.8/site-packages/move_arm_interfaces/__init__.py
[0.834s] -- Up-to-date: /home/d-lab/workspace/ros_ur_driver/install/move_arm_interfaces/lib/python3.8/site-packages/move_arm_interfaces/srv
[0.839s] -- Up-to-date: /home/d-lab/workspace/ros_ur_driver/install/move_arm_interfaces/lib/python3.8/site-packages/move_arm_interfaces/srv/_move_arm_s.c
[0.839s] -- Up-to-date: /home/d-lab/workspace/ros_ur_driver/install/move_arm_interfaces/lib/python3.8/site-packages/move_arm_interfaces/srv/_move_arm.py
[0.840s] -- Up-to-date: /home/d-lab/workspace/ros_ur_driver/install/move_arm_interfaces/lib/python3.8/site-packages/move_arm_interfaces/srv/__init__.py
[0.840s] -- Up-to-date: /home/d-lab/workspace/ros_ur_driver/install/move_arm_interfaces/lib/python3.8/site-packages/move_arm_interfaces/move_arm_interfaces_s__rosidl_typesupport_fastrtps_c.cpython-38-x86_64-linux-gnu.so
[0.841s] -- Up-to-date: /home/d-lab/workspace/ros_ur_driver/install/move_arm_interfaces/lib/python3.8/site-packages/move_arm_interfaces/move_arm_interfaces_s__rosidl_typesupport_introspection_c.cpython-38-x86_64-linux-gnu.so
[0.841s] -- Up-to-date: /home/d-lab/workspace/ros_ur_driver/install/move_arm_interfaces/lib/python3.8/site-packages/move_arm_interfaces/move_arm_interfaces_s__rosidl_typesupport_c.cpython-38-x86_64-linux-gnu.so
[0.841s] -- Up-to-date: /home/d-lab/workspace/ros_ur_driver/install/move_arm_interfaces/lib/libmove_arm_interfaces__python.so
[0.841s] -- Up-to-date: /home/d-lab/workspace/ros_ur_driver/install/move_arm_interfaces/share/move_arm_interfaces/srv/MoveArm.idl
[0.842s] -- Up-to-date: /home/d-lab/workspace/ros_ur_driver/install/move_arm_interfaces/share/move_arm_interfaces/srv/MoveArm.srv
[0.843s] -- Up-to-date: /home/d-lab/workspace/ros_ur_driver/install/move_arm_interfaces/share/move_arm_interfaces/srv/MoveArm_Request.msg
[0.844s] -- Up-to-date: /home/d-lab/workspace/ros_ur_driver/install/move_arm_interfaces/share/move_arm_interfaces/srv/MoveArm_Response.msg
[0.844s] -- Up-to-date: /home/d-lab/workspace/ros_ur_driver/install/move_arm_interfaces/share/ament_index/resource_index/package_run_dependencies/move_arm_interfaces
[0.844s] -- Up-to-date: /home/d-lab/workspace/ros_ur_driver/install/move_arm_interfaces/share/ament_index/resource_index/parent_prefix_path/move_arm_interfaces
[0.845s] -- Up-to-date: /home/d-lab/workspace/ros_ur_driver/install/move_arm_interfaces/share/move_arm_interfaces/environment/ament_prefix_path.sh
[0.846s] -- Up-to-date: /home/d-lab/workspace/ros_ur_driver/install/move_arm_interfaces/share/move_arm_interfaces/environment/ament_prefix_path.dsv
[0.846s] -- Up-to-date: /home/d-lab/workspace/ros_ur_driver/install/move_arm_interfaces/share/move_arm_interfaces/environment/path.sh
[0.846s] -- Up-to-date: /home/d-lab/workspace/ros_ur_driver/install/move_arm_interfaces/share/move_arm_interfaces/environment/path.dsv
[0.846s] -- Up-to-date: /home/d-lab/workspace/ros_ur_driver/install/move_arm_interfaces/share/move_arm_interfaces/local_setup.bash
[0.847s] -- Up-to-date: /home/d-lab/workspace/ros_ur_driver/install/move_arm_interfaces/share/move_arm_interfaces/local_setup.sh
[0.847s] -- Up-to-date: /home/d-lab/workspace/ros_ur_driver/install/move_arm_interfaces/share/move_arm_interfaces/local_setup.zsh
[0.847s] -- Up-to-date: /home/d-lab/workspace/ros_ur_driver/install/move_arm_interfaces/share/move_arm_interfaces/local_setup.dsv
[0.847s] -- Installing: /home/d-lab/workspace/ros_ur_driver/install/move_arm_interfaces/share/move_arm_interfaces/package.dsv
[0.847s] -- Up-to-date: /home/d-lab/workspace/ros_ur_driver/install/move_arm_interfaces/share/ament_index/resource_index/packages/move_arm_interfaces
[0.847s] -- Up-to-date: /home/d-lab/workspace/ros_ur_driver/install/move_arm_interfaces/share/move_arm_interfaces/cmake/move_arm_interfaces__rosidl_generator_cExport.cmake
[0.847s] -- Up-to-date: /home/d-lab/workspace/ros_ur_driver/install/move_arm_interfaces/share/move_arm_interfaces/cmake/move_arm_interfaces__rosidl_generator_cExport-noconfig.cmake
[0.847s] -- Up-to-date: /home/d-lab/workspace/ros_ur_driver/install/move_arm_interfaces/share/move_arm_interfaces/cmake/move_arm_interfaces__rosidl_typesupport_introspection_cExport.cmake
[0.847s] -- Up-to-date: /home/d-lab/workspace/ros_ur_driver/install/move_arm_interfaces/share/move_arm_interfaces/cmake/move_arm_interfaces__rosidl_typesupport_introspection_cExport-noconfig.cmake
[0.847s] -- Up-to-date: /home/d-lab/workspace/ros_ur_driver/install/move_arm_interfaces/share/move_arm_interfaces/cmake/move_arm_interfaces__rosidl_typesupport_cExport.cmake
[0.847s] -- Up-to-date: /home/d-lab/workspace/ros_ur_driver/install/move_arm_interfaces/share/move_arm_interfaces/cmake/move_arm_interfaces__rosidl_typesupport_cExport-noconfig.cmake
[0.847s] -- Up-to-date: /home/d-lab/workspace/ros_ur_driver/install/move_arm_interfaces/share/move_arm_interfaces/cmake/move_arm_interfaces__rosidl_generator_cppExport.cmake
[0.847s] -- Up-to-date: /home/d-lab/workspace/ros_ur_driver/install/move_arm_interfaces/share/move_arm_interfaces/cmake/move_arm_interfaces__rosidl_typesupport_introspection_cppExport.cmake
[0.847s] -- Up-to-date: /home/d-lab/workspace/ros_ur_driver/install/move_arm_interfaces/share/move_arm_interfaces/cmake/move_arm_interfaces__rosidl_typesupport_introspection_cppExport-noconfig.cmake
[0.847s] -- Up-to-date: /home/d-lab/workspace/ros_ur_driver/install/move_arm_interfaces/share/move_arm_interfaces/cmake/move_arm_interfaces__rosidl_typesupport_cppExport.cmake
[0.847s] -- Up-to-date: /home/d-lab/workspace/ros_ur_driver/install/move_arm_interfaces/share/move_arm_interfaces/cmake/move_arm_interfaces__rosidl_typesupport_cppExport-noconfig.cmake
[0.847s] -- Up-to-date: /home/d-lab/workspace/ros_ur_driver/install/move_arm_interfaces/share/move_arm_interfaces/cmake/rosidl_cmake-extras.cmake
[0.847s] -- Up-to-date: /home/d-lab/workspace/ros_ur_driver/install/move_arm_interfaces/share/move_arm_interfaces/cmake/ament_cmake_export_dependencies-extras.cmake
[0.847s] -- Up-to-date: /home/d-lab/workspace/ros_ur_driver/install/move_arm_interfaces/share/move_arm_interfaces/cmake/ament_cmake_export_libraries-extras.cmake
[0.847s] -- Up-to-date: /home/d-lab/workspace/ros_ur_driver/install/move_arm_interfaces/share/move_arm_interfaces/cmake/ament_cmake_export_targets-extras.cmake
[0.848s] -- Up-to-date: /home/d-lab/workspace/ros_ur_driver/install/move_arm_interfaces/share/move_arm_interfaces/cmake/ament_cmake_export_include_directories-extras.cmake
[0.848s] -- Up-to-date: /home/d-lab/workspace/ros_ur_driver/install/move_arm_interfaces/share/move_arm_interfaces/cmake/rosidl_cmake_export_typesupport_libraries-extras.cmake
[0.848s] -- Up-to-date: /home/d-lab/workspace/ros_ur_driver/install/move_arm_interfaces/share/move_arm_interfaces/cmake/rosidl_cmake_export_typesupport_targets-extras.cmake
[0.849s] -- Up-to-date: /home/d-lab/workspace/ros_ur_driver/install/move_arm_interfaces/share/move_arm_interfaces/cmake/move_arm_interfacesConfig.cmake
[0.849s] -- Up-to-date: /home/d-lab/workspace/ros_ur_driver/install/move_arm_interfaces/share/move_arm_interfaces/cmake/move_arm_interfacesConfig-version.cmake
[0.851s] -- Up-to-date: /home/d-lab/workspace/ros_ur_driver/install/move_arm_interfaces/share/move_arm_interfaces/package.xml
[1.047s] Invoked command in '/home/d-lab/workspace/ros_ur_driver/build/move_arm_interfaces' returned '0': CMAKE_PREFIX_PATH=/home/d-lab/workspace/ros_ur_driver/install/move_arm_server:/home/d-lab/workspace/ros_ur_driver/install/action_tutorials_cpp:/home/d-lab/workspace/ros_ur_driver/install/move_arm_interfaces:/home/d-lab/workspace/ros_ur_driver/install/run_ompl_constrained_planning:/home/d-lab/workspace/ros_ur_driver/install/run_moveit_cpp:/home/d-lab/workspace/ros_ur_driver/install/run_move_group:/home/d-lab/workspace/ros_ur_driver/install/warehouse_ros_mongo:/home/d-lab/workspace/ros_ur_driver/install/ros2_controllers:/home/d-lab/workspace/ros_ur_driver/install/velocity_controllers:/home/d-lab/workspace/ros_ur_driver/install/ur_robot_driver:/home/d-lab/workspace/ros_ur_driver/install/ur_controllers:/home/d-lab/workspace/ros_ur_driver/install/ur_msgs:/home/d-lab/workspace/ros_ur_driver/install/ur_moveit_config:/home/d-lab/workspace/ros_ur_driver/install/ur_description:/home/d-lab/workspace/ros_ur_driver/install/ur_dashboard_msgs:/home/d-lab/workspace/ros_ur_driver/install/ur_client_library:/home/d-lab/workspace/ros_ur_driver/install/ur_bringup:/home/d-lab/workspace/ros_ur_driver/install/ur5_robotiq_moveit_config:/home/d-lab/workspace/ros_ur_driver/install/transmission_interface:/home/d-lab/workspace/ros_ur_driver/install/srdfdom:/home/d-lab/workspace/ros_ur_driver/install/move_arm:/home/d-lab/workspace/ros_ur_driver/install/moveit_visual_tools:/home/d-lab/workspace/ros_ur_driver/install/rviz_visual_tools:/home/d-lab/workspace/ros_ur_driver/install/ros2_control_demos:/home/d-lab/workspace/ros_ur_driver/install/ros2_control_demo_bringup:/home/d-lab/workspace/ros_ur_driver/install/rrbot_description:/home/d-lab/workspace/ros_ur_driver/install/ros2_control:/home/d-lab/workspace/ros_ur_driver/install/utils:/home/d-lab/workspace/ros_ur_driver/install/ros2controlcli:/home/d-lab/workspace/ros_ur_driver/install/ros2_control_test_nodes:/home/d-lab/workspace/ros_ur_driver/install/robotiq_control:/home/d-lab/workspace/ros_ur_driver/install/gripper_control:/opt/ros/foxy:/home/d-lab/workspace/ros_ur_driver/install/cartesian_controller_examples:/home/d-lab/workspace/ros_ur_driver/install/controller_manager:/home/d-lab/workspace/ros_ur_driver/install/ros2_control_test_assets:/home/d-lab/workspace/ros_ur_driver/install/ros2_control_demo_hardware:/home/d-lab/workspace/ros_ur_driver/install/robotiq_description:/home/d-lab/workspace/ros_ur_driver/install/position_controllers:/home/d-lab/workspace/ros_ur_driver/install/move_arm_cpp:/home/d-lab/workspace/ros_ur_driver/install/move_arm_interface:/home/d-lab/workspace/ros_ur_driver/install/joint_trajectory_controller:/home/d-lab/workspace/ros_ur_driver/install/joint_state_controller:/home/d-lab/workspace/ros_ur_driver/install/joint_state_broadcaster:/home/d-lab/workspace/ros_ur_driver/install/imu_sensor_broadcaster:/home/d-lab/workspace/ros_ur_driver/install/gripper_controllers:/home/d-lab/workspace/ros_ur_driver/install/effort_controllers:/home/d-lab/workspace/ros_ur_driver/install/forward_command_controller:/home/d-lab/workspace/ros_ur_driver/install/force_torque_sensor_broadcaster:/home/d-lab/workspace/ros_ur_driver/install/diff_drive_controller:/home/d-lab/workspace/ros_ur_driver/install/cartesian_compliance_controller:/home/d-lab/workspace/ros_ur_driver/install/cartesian_motion_controller:/home/d-lab/workspace/ros_ur_driver/install/cartesian_force_controller:/home/d-lab/workspace/ros_ur_driver/install/cartesian_controller_handles:/home/d-lab/workspace/ros_ur_driver/install/cartesian_controller_base:/home/d-lab/workspace/ros_ur_driver/install/controller_interface:/home/d-lab/workspace/ros_ur_driver/install/hardware_interface:/home/d-lab/workspace/ros_ur_driver/install/graph_msgs:/home/d-lab/workspace/ros_ur_driver/install/filters:/home/d-lab/workspace/ros_ur_driver/install/eigen3_cmake_module:/home/d-lab/workspace/ros_ur_driver/install/diffbot_description:/home/d-lab/workspace/ros_ur_driver/install/controller_manager_msgs:/home/d-lab/workspace/ros_ur_driver/install/control_msgs:/home/d-lab/workspace/ros_ur_driver/install/chomp_motion_planner:/home/d-lab/workspace/ros_ur_driver/install/action_tutorials_interfaces /usr/bin/cmake --install /home/d-lab/workspace/ros_ur_driver/build/move_arm_interfaces
