[0.032s] Invoking command in '/home/d-lab/workspace/ros_ur_driver/src/build/joint_state_broadcaster': AMENT_PREFIX_PATH=/home/d-lab/workspace/ros_ur_driver/src/install/controller_manager:/home/d-lab/workspace/ros_ur_driver/src/install/controller_interface:/home/d-lab/workspace/ros_ur_driver/src/install/hardware_interface:/home/d-lab/workspace/ros_ur_driver/src/install/ros2_control_test_assets:/home/d-lab/workspace/ros_ur_driver/src/install/controller_manager_msgs:/home/d-lab/workspace/ros_ur_driver/src/install/control_msgs:${AMENT_PREFIX_PATH} CMAKE_PREFIX_PATH=/home/d-lab/workspace/ros_ur_driver/src/install/controller_manager:/home/d-lab/workspace/ros_ur_driver/src/install/controller_interface:/home/d-lab/workspace/ros_ur_driver/src/install/hardware_interface:/home/d-lab/workspace/ros_ur_driver/src/install/ros2_control_test_assets:/home/d-lab/workspace/ros_ur_driver/src/install/controller_manager_msgs:/home/d-lab/workspace/ros_ur_driver/src/install/control_msgs:/opt/ros/foxy LD_LIBRARY_PATH=/home/d-lab/workspace/ros_ur_driver/src/install/controller_manager/lib:/home/d-lab/workspace/ros_ur_driver/src/install/controller_interface/lib:/home/d-lab/workspace/ros_ur_driver/src/install/hardware_interface/lib:/home/d-lab/workspace/ros_ur_driver/src/install/controller_manager_msgs/lib:/home/d-lab/workspace/ros_ur_driver/src/install/control_msgs/lib:${LD_LIBRARY_PATH} PYTHONPATH=/home/d-lab/workspace/ros_ur_driver/src/install/controller_manager/lib/python3.8/site-packages:/home/d-lab/workspace/ros_ur_driver/src/install/controller_manager_msgs/lib/python3.8/site-packages:/home/d-lab/workspace/ros_ur_driver/src/install/control_msgs/lib/python3.8/site-packages:${PYTHONPATH} /usr/bin/cmake /home/d-lab/workspace/ros_ur_driver/src/ros2_controllers/joint_state_broadcaster -DCMAKE_INSTALL_PREFIX=/home/d-lab/workspace/ros_ur_driver/src/install/joint_state_broadcaster
[0.067s] -- The C compiler identification is GNU 9.4.0
[0.101s] -- The CXX compiler identification is GNU 9.4.0
[0.104s] -- Check for working C compiler: /usr/bin/cc
[0.149s] -- Check for working C compiler: /usr/bin/cc -- works
[0.149s] -- Detecting C compiler ABI info
[0.208s] -- Detecting C compiler ABI info - done
[0.221s] -- Detecting C compile features
[0.221s] -- Detecting C compile features - done
[0.233s] -- Check for working CXX compiler: /usr/bin/c++
[0.292s] -- Check for working CXX compiler: /usr/bin/c++ -- works
[0.293s] -- Detecting CXX compiler ABI info
[0.360s] -- Detecting CXX compiler ABI info - done
[0.370s] -- Detecting CXX compile features
[0.370s] -- Detecting CXX compile features - done
[0.372s] -- Found ament_cmake: 0.9.9 (/opt/ros/foxy/share/ament_cmake/cmake)
[0.389s] -- Found PythonInterp: /usr/bin/python3 (found suitable version "3.8.10", minimum required is "3") 
[0.389s] -- Using PYTHON_EXECUTABLE: /usr/bin/python3
[0.521s] -- Found control_msgs: 2.5.1 (/home/d-lab/workspace/ros_ur_driver/src/install/control_msgs/share/control_msgs/cmake)
[0.543s] -- Using all available rosidl_typesupport_c: rosidl_typesupport_fastrtps_c;rosidl_typesupport_introspection_c
[0.548s] -- Found rosidl_adapter: 1.2.1 (/opt/ros/foxy/share/rosidl_adapter/cmake)
[0.602s] -- Found OpenSSL: /usr/lib/x86_64-linux-gnu/libcrypto.so (found version "1.1.1f")  
[0.630s] -- Found FastRTPS: /opt/ros/foxy/include  
[0.707s] -- Using all available rosidl_typesupport_cpp: rosidl_typesupport_fastrtps_cpp;rosidl_typesupport_introspection_cpp
[1.048s] -- Found controller_interface: 0.10.0 (/home/d-lab/workspace/ros_ur_driver/src/install/controller_interface/share/controller_interface/cmake)
[1.125s] -- Found rmw_implementation_cmake: 1.0.3 (/opt/ros/foxy/share/rmw_implementation_cmake/cmake)
[1.126s] -- Using RMW implementation 'rmw_fastrtps_cpp' as default
[1.127s] -- Looking for pthread.h
[1.178s] -- Looking for pthread.h - found
[1.178s] -- Performing Test CMAKE_HAVE_LIBC_PTHREAD
[1.232s] -- Performing Test CMAKE_HAVE_LIBC_PTHREAD - Failed
[1.232s] -- Looking for pthread_create in pthreads
[1.270s] -- Looking for pthread_create in pthreads - not found
[1.270s] -- Looking for pthread_create in pthread
[1.319s] -- Looking for pthread_create in pthread - found
[1.320s] -- Found Threads: TRUE  
[1.631s] -- Found realtime_tools: 2.2.0 (/opt/ros/foxy/share/realtime_tools/cmake)
[1.711s] -- Found ament_cmake_gmock: 0.9.9 (/opt/ros/foxy/share/ament_cmake_gmock/cmake)
[1.712s] -- Found controller_manager: 0.10.0 (/home/d-lab/workspace/ros_ur_driver/src/install/controller_manager/share/controller_manager/cmake)
[1.774s] -- Found ros2_control_test_assets: 0.10.0 (/home/d-lab/workspace/ros_ur_driver/src/install/ros2_control_test_assets/share/ros2_control_test_assets/cmake)
[1.778s] -- Found gmock sources under '/opt/ros/foxy/src/gmock_vendor': C++ tests using 'Google Mock' will be built
[1.783s] -- Found ament_cmake_gtest: 0.9.9 (/opt/ros/foxy/share/ament_cmake_gtest/cmake)
[1.784s] -- Found gtest sources under '/opt/ros/foxy/src/gtest_vendor': C++ tests using 'Google Test' will be built
[1.919s] -- Configuring done
[1.984s] -- Generating done
[1.986s] -- Build files have been written to: /home/d-lab/workspace/ros_ur_driver/src/build/joint_state_broadcaster
[1.997s] Invoked command in '/home/d-lab/workspace/ros_ur_driver/src/build/joint_state_broadcaster' returned '0': AMENT_PREFIX_PATH=/home/d-lab/workspace/ros_ur_driver/src/install/controller_manager:/home/d-lab/workspace/ros_ur_driver/src/install/controller_interface:/home/d-lab/workspace/ros_ur_driver/src/install/hardware_interface:/home/d-lab/workspace/ros_ur_driver/src/install/ros2_control_test_assets:/home/d-lab/workspace/ros_ur_driver/src/install/controller_manager_msgs:/home/d-lab/workspace/ros_ur_driver/src/install/control_msgs:${AMENT_PREFIX_PATH} CMAKE_PREFIX_PATH=/home/d-lab/workspace/ros_ur_driver/src/install/controller_manager:/home/d-lab/workspace/ros_ur_driver/src/install/controller_interface:/home/d-lab/workspace/ros_ur_driver/src/install/hardware_interface:/home/d-lab/workspace/ros_ur_driver/src/install/ros2_control_test_assets:/home/d-lab/workspace/ros_ur_driver/src/install/controller_manager_msgs:/home/d-lab/workspace/ros_ur_driver/src/install/control_msgs:/opt/ros/foxy LD_LIBRARY_PATH=/home/d-lab/workspace/ros_ur_driver/src/install/controller_manager/lib:/home/d-lab/workspace/ros_ur_driver/src/install/controller_interface/lib:/home/d-lab/workspace/ros_ur_driver/src/install/hardware_interface/lib:/home/d-lab/workspace/ros_ur_driver/src/install/controller_manager_msgs/lib:/home/d-lab/workspace/ros_ur_driver/src/install/control_msgs/lib:${LD_LIBRARY_PATH} PYTHONPATH=/home/d-lab/workspace/ros_ur_driver/src/install/controller_manager/lib/python3.8/site-packages:/home/d-lab/workspace/ros_ur_driver/src/install/controller_manager_msgs/lib/python3.8/site-packages:/home/d-lab/workspace/ros_ur_driver/src/install/control_msgs/lib/python3.8/site-packages:${PYTHONPATH} /usr/bin/cmake /home/d-lab/workspace/ros_ur_driver/src/ros2_controllers/joint_state_broadcaster -DCMAKE_INSTALL_PREFIX=/home/d-lab/workspace/ros_ur_driver/src/install/joint_state_broadcaster
[2.000s] Invoking command in '/home/d-lab/workspace/ros_ur_driver/src/build/joint_state_broadcaster': AMENT_PREFIX_PATH=/home/d-lab/workspace/ros_ur_driver/src/install/controller_manager:/home/d-lab/workspace/ros_ur_driver/src/install/controller_interface:/home/d-lab/workspace/ros_ur_driver/src/install/hardware_interface:/home/d-lab/workspace/ros_ur_driver/src/install/ros2_control_test_assets:/home/d-lab/workspace/ros_ur_driver/src/install/controller_manager_msgs:/home/d-lab/workspace/ros_ur_driver/src/install/control_msgs:${AMENT_PREFIX_PATH} CMAKE_PREFIX_PATH=/home/d-lab/workspace/ros_ur_driver/src/install/controller_manager:/home/d-lab/workspace/ros_ur_driver/src/install/controller_interface:/home/d-lab/workspace/ros_ur_driver/src/install/hardware_interface:/home/d-lab/workspace/ros_ur_driver/src/install/ros2_control_test_assets:/home/d-lab/workspace/ros_ur_driver/src/install/controller_manager_msgs:/home/d-lab/workspace/ros_ur_driver/src/install/control_msgs:/opt/ros/foxy LD_LIBRARY_PATH=/home/d-lab/workspace/ros_ur_driver/src/install/controller_manager/lib:/home/d-lab/workspace/ros_ur_driver/src/install/controller_interface/lib:/home/d-lab/workspace/ros_ur_driver/src/install/hardware_interface/lib:/home/d-lab/workspace/ros_ur_driver/src/install/controller_manager_msgs/lib:/home/d-lab/workspace/ros_ur_driver/src/install/control_msgs/lib:${LD_LIBRARY_PATH} PYTHONPATH=/home/d-lab/workspace/ros_ur_driver/src/install/controller_manager/lib/python3.8/site-packages:/home/d-lab/workspace/ros_ur_driver/src/install/controller_manager_msgs/lib/python3.8/site-packages:/home/d-lab/workspace/ros_ur_driver/src/install/control_msgs/lib/python3.8/site-packages:${PYTHONPATH} /usr/bin/cmake --build /home/d-lab/workspace/ros_ur_driver/src/build/joint_state_broadcaster -- -j16 -l16
[2.042s] [35m[1mScanning dependencies of target gmock[0m
[2.058s] [35m[1mScanning dependencies of target joint_state_broadcaster[0m
[2.065s] [  9%] [32mBuilding CXX object gmock/CMakeFiles/gmock.dir/opt/ros/foxy/src/gtest_vendor/src/gtest-all.cc.o[0m
[2.069s] [35m[1mScanning dependencies of target gmock_main[0m
[2.081s] [ 18%] [32mBuilding CXX object gmock/CMakeFiles/gmock.dir/src/gmock-all.cc.o[0m
[2.100s] [ 27%] [32mBuilding CXX object gmock/CMakeFiles/gmock_main.dir/src/gmock_main.cc.o[0m
[2.151s] [ 36%] [32mBuilding CXX object CMakeFiles/joint_state_broadcaster.dir/src/joint_state_broadcaster.cpp.o[0m
[3.933s] [ 45%] [32m[1mLinking CXX static library libgmock_main.a[0m
[4.026s] [ 45%] Built target gmock_main
[6.810s] [ 54%] [32m[1mLinking CXX static library libgmock.a[0m
[6.880s] [ 54%] Built target gmock
[6.902s] [35m[1mScanning dependencies of target test_load_joint_state_broadcaster[0m
[6.989s] [ 63%] [32mBuilding CXX object CMakeFiles/test_load_joint_state_broadcaster.dir/test/test_load_joint_state_broadcaster.cpp.o[0m
[7.699s] [ 72%] [32m[1mLinking CXX shared library libjoint_state_broadcaster.so[0m
[7.971s] [ 72%] Built target joint_state_broadcaster
[7.982s] [35m[1mScanning dependencies of target test_joint_state_broadcaster[0m
[8.034s] [ 81%] [32mBuilding CXX object CMakeFiles/test_joint_state_broadcaster.dir/test/test_joint_state_broadcaster.cpp.o[0m
[10.809s] [ 90%] [32m[1mLinking CXX executable test_load_joint_state_broadcaster[0m
[11.259s] [ 90%] Built target test_load_joint_state_broadcaster
[15.329s] [100%] [32m[1mLinking CXX executable test_joint_state_broadcaster[0m
[15.758s] [100%] Built target test_joint_state_broadcaster
[15.767s] Invoked command in '/home/d-lab/workspace/ros_ur_driver/src/build/joint_state_broadcaster' returned '0': AMENT_PREFIX_PATH=/home/d-lab/workspace/ros_ur_driver/src/install/controller_manager:/home/d-lab/workspace/ros_ur_driver/src/install/controller_interface:/home/d-lab/workspace/ros_ur_driver/src/install/hardware_interface:/home/d-lab/workspace/ros_ur_driver/src/install/ros2_control_test_assets:/home/d-lab/workspace/ros_ur_driver/src/install/controller_manager_msgs:/home/d-lab/workspace/ros_ur_driver/src/install/control_msgs:${AMENT_PREFIX_PATH} CMAKE_PREFIX_PATH=/home/d-lab/workspace/ros_ur_driver/src/install/controller_manager:/home/d-lab/workspace/ros_ur_driver/src/install/controller_interface:/home/d-lab/workspace/ros_ur_driver/src/install/hardware_interface:/home/d-lab/workspace/ros_ur_driver/src/install/ros2_control_test_assets:/home/d-lab/workspace/ros_ur_driver/src/install/controller_manager_msgs:/home/d-lab/workspace/ros_ur_driver/src/install/control_msgs:/opt/ros/foxy LD_LIBRARY_PATH=/home/d-lab/workspace/ros_ur_driver/src/install/controller_manager/lib:/home/d-lab/workspace/ros_ur_driver/src/install/controller_interface/lib:/home/d-lab/workspace/ros_ur_driver/src/install/hardware_interface/lib:/home/d-lab/workspace/ros_ur_driver/src/install/controller_manager_msgs/lib:/home/d-lab/workspace/ros_ur_driver/src/install/control_msgs/lib:${LD_LIBRARY_PATH} PYTHONPATH=/home/d-lab/workspace/ros_ur_driver/src/install/controller_manager/lib/python3.8/site-packages:/home/d-lab/workspace/ros_ur_driver/src/install/controller_manager_msgs/lib/python3.8/site-packages:/home/d-lab/workspace/ros_ur_driver/src/install/control_msgs/lib/python3.8/site-packages:${PYTHONPATH} /usr/bin/cmake --build /home/d-lab/workspace/ros_ur_driver/src/build/joint_state_broadcaster -- -j16 -l16
[15.788s] Invoking command in '/home/d-lab/workspace/ros_ur_driver/src/build/joint_state_broadcaster': AMENT_PREFIX_PATH=/home/d-lab/workspace/ros_ur_driver/src/install/controller_manager:/home/d-lab/workspace/ros_ur_driver/src/install/controller_interface:/home/d-lab/workspace/ros_ur_driver/src/install/hardware_interface:/home/d-lab/workspace/ros_ur_driver/src/install/ros2_control_test_assets:/home/d-lab/workspace/ros_ur_driver/src/install/controller_manager_msgs:/home/d-lab/workspace/ros_ur_driver/src/install/control_msgs:${AMENT_PREFIX_PATH} CMAKE_PREFIX_PATH=/home/d-lab/workspace/ros_ur_driver/src/install/controller_manager:/home/d-lab/workspace/ros_ur_driver/src/install/controller_interface:/home/d-lab/workspace/ros_ur_driver/src/install/hardware_interface:/home/d-lab/workspace/ros_ur_driver/src/install/ros2_control_test_assets:/home/d-lab/workspace/ros_ur_driver/src/install/controller_manager_msgs:/home/d-lab/workspace/ros_ur_driver/src/install/control_msgs:/opt/ros/foxy LD_LIBRARY_PATH=/home/d-lab/workspace/ros_ur_driver/src/install/controller_manager/lib:/home/d-lab/workspace/ros_ur_driver/src/install/controller_interface/lib:/home/d-lab/workspace/ros_ur_driver/src/install/hardware_interface/lib:/home/d-lab/workspace/ros_ur_driver/src/install/controller_manager_msgs/lib:/home/d-lab/workspace/ros_ur_driver/src/install/control_msgs/lib:${LD_LIBRARY_PATH} PYTHONPATH=/home/d-lab/workspace/ros_ur_driver/src/install/controller_manager/lib/python3.8/site-packages:/home/d-lab/workspace/ros_ur_driver/src/install/controller_manager_msgs/lib/python3.8/site-packages:/home/d-lab/workspace/ros_ur_driver/src/install/control_msgs/lib/python3.8/site-packages:${PYTHONPATH} /usr/bin/cmake --install /home/d-lab/workspace/ros_ur_driver/src/build/joint_state_broadcaster
[15.793s] -- Install configuration: ""
[15.793s] -- Installing: /home/d-lab/workspace/ros_ur_driver/src/install/joint_state_broadcaster/share/joint_state_broadcaster/joint_state_plugin.xml
[15.794s] -- Installing: /home/d-lab/workspace/ros_ur_driver/src/install/joint_state_broadcaster/include
[15.794s] -- Installing: /home/d-lab/workspace/ros_ur_driver/src/install/joint_state_broadcaster/include/joint_state_broadcaster
[15.794s] -- Installing: /home/d-lab/workspace/ros_ur_driver/src/install/joint_state_broadcaster/include/joint_state_broadcaster/joint_state_broadcaster.hpp
[15.794s] -- Installing: /home/d-lab/workspace/ros_ur_driver/src/install/joint_state_broadcaster/include/joint_state_broadcaster/visibility_control.h
[15.794s] -- Installing: /home/d-lab/workspace/ros_ur_driver/src/install/joint_state_broadcaster/lib/libjoint_state_broadcaster.so
[15.795s] -- Set runtime path of "/home/d-lab/workspace/ros_ur_driver/src/install/joint_state_broadcaster/lib/libjoint_state_broadcaster.so" to ""
[15.795s] -- Installing: /home/d-lab/workspace/ros_ur_driver/src/install/joint_state_broadcaster/share/joint_state_broadcaster/environment/library_path.sh
[15.795s] -- Installing: /home/d-lab/workspace/ros_ur_driver/src/install/joint_state_broadcaster/share/joint_state_broadcaster/environment/library_path.dsv
[15.796s] -- Installing: /home/d-lab/workspace/ros_ur_driver/src/install/joint_state_broadcaster/share/ament_index/resource_index/package_run_dependencies/joint_state_broadcaster
[15.796s] -- Installing: /home/d-lab/workspace/ros_ur_driver/src/install/joint_state_broadcaster/share/ament_index/resource_index/parent_prefix_path/joint_state_broadcaster
[15.796s] -- Installing: /home/d-lab/workspace/ros_ur_driver/src/install/joint_state_broadcaster/share/joint_state_broadcaster/environment/ament_prefix_path.sh
[15.796s] -- Installing: /home/d-lab/workspace/ros_ur_driver/src/install/joint_state_broadcaster/share/joint_state_broadcaster/environment/ament_prefix_path.dsv
[15.796s] -- Installing: /home/d-lab/workspace/ros_ur_driver/src/install/joint_state_broadcaster/share/joint_state_broadcaster/environment/path.sh
[15.796s] -- Installing: /home/d-lab/workspace/ros_ur_driver/src/install/joint_state_broadcaster/share/joint_state_broadcaster/environment/path.dsv
[15.796s] -- Installing: /home/d-lab/workspace/ros_ur_driver/src/install/joint_state_broadcaster/share/joint_state_broadcaster/local_setup.bash
[15.796s] -- Installing: /home/d-lab/workspace/ros_ur_driver/src/install/joint_state_broadcaster/share/joint_state_broadcaster/local_setup.sh
[15.796s] -- Installing: /home/d-lab/workspace/ros_ur_driver/src/install/joint_state_broadcaster/share/joint_state_broadcaster/local_setup.zsh
[15.796s] -- Installing: /home/d-lab/workspace/ros_ur_driver/src/install/joint_state_broadcaster/share/joint_state_broadcaster/local_setup.dsv
[15.797s] -- Installing: /home/d-lab/workspace/ros_ur_driver/src/install/joint_state_broadcaster/share/joint_state_broadcaster/package.dsv
[15.797s] -- Installing: /home/d-lab/workspace/ros_ur_driver/src/install/joint_state_broadcaster/share/ament_index/resource_index/packages/joint_state_broadcaster
[15.797s] -- Installing: /home/d-lab/workspace/ros_ur_driver/src/install/joint_state_broadcaster/share/ament_index/resource_index/controller_interface__pluginlib__plugin/joint_state_broadcaster
[15.797s] -- Installing: /home/d-lab/workspace/ros_ur_driver/src/install/joint_state_broadcaster/share/joint_state_broadcaster/cmake/ament_cmake_export_dependencies-extras.cmake
[15.797s] -- Installing: /home/d-lab/workspace/ros_ur_driver/src/install/joint_state_broadcaster/share/joint_state_broadcaster/cmake/ament_cmake_export_include_directories-extras.cmake
[15.797s] -- Installing: /home/d-lab/workspace/ros_ur_driver/src/install/joint_state_broadcaster/share/joint_state_broadcaster/cmake/ament_cmake_export_libraries-extras.cmake
[15.797s] -- Installing: /home/d-lab/workspace/ros_ur_driver/src/install/joint_state_broadcaster/share/joint_state_broadcaster/cmake/joint_state_broadcasterConfig.cmake
[15.797s] -- Installing: /home/d-lab/workspace/ros_ur_driver/src/install/joint_state_broadcaster/share/joint_state_broadcaster/cmake/joint_state_broadcasterConfig-version.cmake
[15.797s] -- Installing: /home/d-lab/workspace/ros_ur_driver/src/install/joint_state_broadcaster/share/joint_state_broadcaster/package.xml
[15.800s] Invoked command in '/home/d-lab/workspace/ros_ur_driver/src/build/joint_state_broadcaster' returned '0': AMENT_PREFIX_PATH=/home/d-lab/workspace/ros_ur_driver/src/install/controller_manager:/home/d-lab/workspace/ros_ur_driver/src/install/controller_interface:/home/d-lab/workspace/ros_ur_driver/src/install/hardware_interface:/home/d-lab/workspace/ros_ur_driver/src/install/ros2_control_test_assets:/home/d-lab/workspace/ros_ur_driver/src/install/controller_manager_msgs:/home/d-lab/workspace/ros_ur_driver/src/install/control_msgs:${AMENT_PREFIX_PATH} CMAKE_PREFIX_PATH=/home/d-lab/workspace/ros_ur_driver/src/install/controller_manager:/home/d-lab/workspace/ros_ur_driver/src/install/controller_interface:/home/d-lab/workspace/ros_ur_driver/src/install/hardware_interface:/home/d-lab/workspace/ros_ur_driver/src/install/ros2_control_test_assets:/home/d-lab/workspace/ros_ur_driver/src/install/controller_manager_msgs:/home/d-lab/workspace/ros_ur_driver/src/install/control_msgs:/opt/ros/foxy LD_LIBRARY_PATH=/home/d-lab/workspace/ros_ur_driver/src/install/controller_manager/lib:/home/d-lab/workspace/ros_ur_driver/src/install/controller_interface/lib:/home/d-lab/workspace/ros_ur_driver/src/install/hardware_interface/lib:/home/d-lab/workspace/ros_ur_driver/src/install/controller_manager_msgs/lib:/home/d-lab/workspace/ros_ur_driver/src/install/control_msgs/lib:${LD_LIBRARY_PATH} PYTHONPATH=/home/d-lab/workspace/ros_ur_driver/src/install/controller_manager/lib/python3.8/site-packages:/home/d-lab/workspace/ros_ur_driver/src/install/controller_manager_msgs/lib/python3.8/site-packages:/home/d-lab/workspace/ros_ur_driver/src/install/control_msgs/lib/python3.8/site-packages:${PYTHONPATH} /usr/bin/cmake --install /home/d-lab/workspace/ros_ur_driver/src/build/joint_state_broadcaster
