[0.130s] Invoking command in '/home/d-lab/workspace/ros_ur_driver/build/controller_manager_msgs': CMAKE_PREFIX_PATH=${CMAKE_PREFIX_PATH}:/home/d-lab/workspace/ros_ur_driver/install/utils:/home/d-lab/workspace/ros_ur_driver/install/ros2controlcli:/home/d-lab/workspace/ros_ur_driver/install/ros2_control_test_nodes:/home/d-lab/workspace/ros_ur_driver/install/robotiq_control:/home/d-lab/workspace/ros_ur_driver/install/gripper_control:/opt/ros/foxy /usr/bin/cmake --build /home/d-lab/workspace/ros_ur_driver/build/controller_manager_msgs -- -j16 -l16
[0.731s] [  0%] Built target controller_manager_msgs__cpp
[0.732s] [ 12%] Built target controller_manager_msgs__rosidl_generator_c
[0.733s] [ 24%] Built target controller_manager_msgs__rosidl_typesupport_introspection_cpp
[0.733s] [ 36%] Built target controller_manager_msgs__rosidl_typesupport_introspection_c
[0.733s] [ 48%] Built target controller_manager_msgs__rosidl_typesupport_cpp
[0.733s] [ 60%] Built target controller_manager_msgs__rosidl_typesupport_c
[0.733s] [ 72%] Built target controller_manager_msgs__rosidl_typesupport_fastrtps_cpp
[0.733s] [ 84%] Built target controller_manager_msgs__rosidl_typesupport_fastrtps_c
[0.734s] [ 84%] Built target controller_manager_msgs
[0.734s] [ 85%] Built target controller_manager_msgs__py
[0.735s] [ 96%] Built target controller_manager_msgs__python
[0.736s] [ 97%] Built target controller_manager_msgs__rosidl_typesupport_c__pyext
[0.737s] [ 99%] Built target controller_manager_msgs__rosidl_typesupport_introspection_c__pyext
[0.739s] [100%] Built target controller_manager_msgs__rosidl_typesupport_fastrtps_c__pyext
[0.772s] Invoked command in '/home/d-lab/workspace/ros_ur_driver/build/controller_manager_msgs' returned '0': CMAKE_PREFIX_PATH=${CMAKE_PREFIX_PATH}:/home/d-lab/workspace/ros_ur_driver/install/utils:/home/d-lab/workspace/ros_ur_driver/install/ros2controlcli:/home/d-lab/workspace/ros_ur_driver/install/ros2_control_test_nodes:/home/d-lab/workspace/ros_ur_driver/install/robotiq_control:/home/d-lab/workspace/ros_ur_driver/install/gripper_control:/opt/ros/foxy /usr/bin/cmake --build /home/d-lab/workspace/ros_ur_driver/build/controller_manager_msgs -- -j16 -l16
[1.595s] Invoking command in '/home/d-lab/workspace/ros_ur_driver/build/controller_manager_msgs': CMAKE_PREFIX_PATH=${CMAKE_PREFIX_PATH}:/home/d-lab/workspace/ros_ur_driver/install/utils:/home/d-lab/workspace/ros_ur_driver/install/ros2controlcli:/home/d-lab/workspace/ros_ur_driver/install/ros2_control_test_nodes:/home/d-lab/workspace/ros_ur_driver/install/robotiq_control:/home/d-lab/workspace/ros_ur_driver/install/gripper_control:/opt/ros/foxy /usr/bin/cmake --install /home/d-lab/workspace/ros_ur_driver/build/controller_manager_msgs
[1.701s] -- Install configuration: "Release"
[1.701s] -- Up-to-date: /home/d-lab/workspace/ros_ur_driver/install/controller_manager_msgs/share/ament_index/resource_index/rosidl_interfaces/controller_manager_msgs
[1.701s] -- Up-to-date: /home/d-lab/workspace/ros_ur_driver/install/controller_manager_msgs/include/controller_manager_msgs
[1.701s] -- Up-to-date: /home/d-lab/workspace/ros_ur_driver/install/controller_manager_msgs/include/controller_manager_msgs/srv
[1.702s] -- Up-to-date: /home/d-lab/workspace/ros_ur_driver/install/controller_manager_msgs/include/controller_manager_msgs/srv/reload_controller_libraries.h
[1.704s] -- Up-to-date: /home/d-lab/workspace/ros_ur_driver/install/controller_manager_msgs/include/controller_manager_msgs/srv/list_controller_types.h
[1.705s] -- Up-to-date: /home/d-lab/workspace/ros_ur_driver/install/controller_manager_msgs/include/controller_manager_msgs/srv/switch_controller.h
[1.706s] -- Up-to-date: /home/d-lab/workspace/ros_ur_driver/install/controller_manager_msgs/include/controller_manager_msgs/srv/configure_start_controller.h
[1.707s] -- Up-to-date: /home/d-lab/workspace/ros_ur_driver/install/controller_manager_msgs/include/controller_manager_msgs/srv/configure_controller.h
[1.707s] -- Up-to-date: /home/d-lab/workspace/ros_ur_driver/install/controller_manager_msgs/include/controller_manager_msgs/srv/unload_controller.h
[1.708s] -- Up-to-date: /home/d-lab/workspace/ros_ur_driver/install/controller_manager_msgs/include/controller_manager_msgs/srv/load_configure_controller.h
[1.708s] -- Up-to-date: /home/d-lab/workspace/ros_ur_driver/install/controller_manager_msgs/include/controller_manager_msgs/srv/load_start_controller.h
[1.708s] -- Up-to-date: /home/d-lab/workspace/ros_ur_driver/install/controller_manager_msgs/include/controller_manager_msgs/srv/list_hardware_interfaces.h
[1.709s] -- Up-to-date: /home/d-lab/workspace/ros_ur_driver/install/controller_manager_msgs/include/controller_manager_msgs/srv/list_controllers.h
[1.709s] -- Up-to-date: /home/d-lab/workspace/ros_ur_driver/install/controller_manager_msgs/include/controller_manager_msgs/srv/load_controller.h
[1.709s] -- Up-to-date: /home/d-lab/workspace/ros_ur_driver/install/controller_manager_msgs/include/controller_manager_msgs/srv/detail
[1.710s] -- Up-to-date: /home/d-lab/workspace/ros_ur_driver/install/controller_manager_msgs/include/controller_manager_msgs/srv/detail/load_configure_controller__functions.c
[1.710s] -- Up-to-date: /home/d-lab/workspace/ros_ur_driver/install/controller_manager_msgs/include/controller_manager_msgs/srv/detail/load_start_controller__functions.c
[1.710s] -- Up-to-date: /home/d-lab/workspace/ros_ur_driver/install/controller_manager_msgs/include/controller_manager_msgs/srv/detail/configure_controller__type_support.h
[1.711s] -- Up-to-date: /home/d-lab/workspace/ros_ur_driver/install/controller_manager_msgs/include/controller_manager_msgs/srv/detail/configure_controller__functions.c
[1.711s] -- Up-to-date: /home/d-lab/workspace/ros_ur_driver/install/controller_manager_msgs/include/controller_manager_msgs/srv/detail/configure_start_controller__struct.h
[1.712s] -- Up-to-date: /home/d-lab/workspace/ros_ur_driver/install/controller_manager_msgs/include/controller_manager_msgs/srv/detail/list_controllers__functions.h
[1.713s] -- Up-to-date: /home/d-lab/workspace/ros_ur_driver/install/controller_manager_msgs/include/controller_manager_msgs/srv/detail/list_controller_types__type_support.h
[1.713s] -- Up-to-date: /home/d-lab/workspace/ros_ur_driver/install/controller_manager_msgs/include/controller_manager_msgs/srv/detail/list_controllers__struct.h
[1.714s] -- Up-to-date: /home/d-lab/workspace/ros_ur_driver/install/controller_manager_msgs/include/controller_manager_msgs/srv/detail/list_hardware_interfaces__functions.h
[1.714s] -- Up-to-date: /home/d-lab/workspace/ros_ur_driver/install/controller_manager_msgs/include/controller_manager_msgs/srv/detail/list_hardware_interfaces__struct.h
[1.714s] -- Up-to-date: /home/d-lab/workspace/ros_ur_driver/install/controller_manager_msgs/include/controller_manager_msgs/srv/detail/list_hardware_interfaces__functions.c
[1.714s] -- Up-to-date: /home/d-lab/workspace/ros_ur_driver/install/controller_manager_msgs/include/controller_manager_msgs/srv/detail/load_controller__struct.h
[1.740s] -- Up-to-date: /home/d-lab/workspace/ros_ur_driver/install/controller_manager_msgs/include/controller_manager_msgs/srv/detail/load_start_controller__struct.h
[1.740s] -- Up-to-date: /home/d-lab/workspace/ros_ur_driver/install/controller_manager_msgs/include/controller_manager_msgs/srv/detail/unload_controller__type_support.h
[1.740s] -- Up-to-date: /home/d-lab/workspace/ros_ur_driver/install/controller_manager_msgs/include/controller_manager_msgs/srv/detail/switch_controller__struct.h
[1.743s] -- Up-to-date: /home/d-lab/workspace/ros_ur_driver/install/controller_manager_msgs/include/controller_manager_msgs/srv/detail/load_controller__type_support.h
[1.743s] -- Up-to-date: /home/d-lab/workspace/ros_ur_driver/install/controller_manager_msgs/include/controller_manager_msgs/srv/detail/unload_controller__struct.h
[1.743s] -- Up-to-date: /home/d-lab/workspace/ros_ur_driver/install/controller_manager_msgs/include/controller_manager_msgs/srv/detail/unload_controller__functions.h
[1.743s] -- Up-to-date: /home/d-lab/workspace/ros_ur_driver/install/controller_manager_msgs/include/controller_manager_msgs/srv/detail/load_configure_controller__struct.h
[1.743s] -- Up-to-date: /home/d-lab/workspace/ros_ur_driver/install/controller_manager_msgs/include/controller_manager_msgs/srv/detail/configure_controller__functions.h
[1.744s] -- Up-to-date: /home/d-lab/workspace/ros_ur_driver/install/controller_manager_msgs/include/controller_manager_msgs/srv/detail/list_controller_types__functions.c
[1.744s] -- Up-to-date: /home/d-lab/workspace/ros_ur_driver/install/controller_manager_msgs/include/controller_manager_msgs/srv/detail/configure_controller__struct.h
[1.744s] -- Up-to-date: /home/d-lab/workspace/ros_ur_driver/install/controller_manager_msgs/include/controller_manager_msgs/srv/detail/load_start_controller__functions.h
[1.744s] -- Up-to-date: /home/d-lab/workspace/ros_ur_driver/install/controller_manager_msgs/include/controller_manager_msgs/srv/detail/list_controllers__type_support.h
[1.745s] -- Up-to-date: /home/d-lab/workspace/ros_ur_driver/install/controller_manager_msgs/include/controller_manager_msgs/srv/detail/configure_start_controller__functions.h
[1.746s] -- Up-to-date: /home/d-lab/workspace/ros_ur_driver/install/controller_manager_msgs/include/controller_manager_msgs/srv/detail/list_controller_types__struct.h
[1.746s] -- Up-to-date: /home/d-lab/workspace/ros_ur_driver/install/controller_manager_msgs/include/controller_manager_msgs/srv/detail/reload_controller_libraries__functions.h
[1.748s] -- Up-to-date: /home/d-lab/workspace/ros_ur_driver/install/controller_manager_msgs/include/controller_manager_msgs/srv/detail/list_controller_types__functions.h
[1.750s] -- Up-to-date: /home/d-lab/workspace/ros_ur_driver/install/controller_manager_msgs/include/controller_manager_msgs/srv/detail/configure_start_controller__type_support.h
[1.750s] -- Up-to-date: /home/d-lab/workspace/ros_ur_driver/install/controller_manager_msgs/include/controller_manager_msgs/srv/detail/reload_controller_libraries__type_support.h
[1.751s] -- Up-to-date: /home/d-lab/workspace/ros_ur_driver/install/controller_manager_msgs/include/controller_manager_msgs/srv/detail/load_controller__functions.h
[1.751s] -- Up-to-date: /home/d-lab/workspace/ros_ur_driver/install/controller_manager_msgs/include/controller_manager_msgs/srv/detail/reload_controller_libraries__functions.c
[1.751s] -- Up-to-date: /home/d-lab/workspace/ros_ur_driver/install/controller_manager_msgs/include/controller_manager_msgs/srv/detail/switch_controller__functions.h
[1.751s] -- Up-to-date: /home/d-lab/workspace/ros_ur_driver/install/controller_manager_msgs/include/controller_manager_msgs/srv/detail/list_hardware_interfaces__type_support.h
[1.751s] -- Up-to-date: /home/d-lab/workspace/ros_ur_driver/install/controller_manager_msgs/include/controller_manager_msgs/srv/detail/reload_controller_libraries__struct.h
[1.751s] -- Up-to-date: /home/d-lab/workspace/ros_ur_driver/install/controller_manager_msgs/include/controller_manager_msgs/srv/detail/load_controller__functions.c
[1.752s] -- Up-to-date: /home/d-lab/workspace/ros_ur_driver/install/controller_manager_msgs/include/controller_manager_msgs/srv/detail/list_controllers__functions.c
[1.757s] -- Up-to-date: /home/d-lab/workspace/ros_ur_driver/install/controller_manager_msgs/include/controller_manager_msgs/srv/detail/switch_controller__functions.c
[1.757s] -- Up-to-date: /home/d-lab/workspace/ros_ur_driver/install/controller_manager_msgs/include/controller_manager_msgs/srv/detail/switch_controller__type_support.h
[1.757s] -- Up-to-date: /home/d-lab/workspace/ros_ur_driver/install/controller_manager_msgs/include/controller_manager_msgs/srv/detail/unload_controller__functions.c
[1.757s] -- Up-to-date: /home/d-lab/workspace/ros_ur_driver/install/controller_manager_msgs/include/controller_manager_msgs/srv/detail/load_configure_controller__type_support.h
[1.757s] -- Up-to-date: /home/d-lab/workspace/ros_ur_driver/install/controller_manager_msgs/include/controller_manager_msgs/srv/detail/load_configure_controller__functions.h
[1.757s] -- Up-to-date: /home/d-lab/workspace/ros_ur_driver/install/controller_manager_msgs/include/controller_manager_msgs/srv/detail/configure_start_controller__functions.c
[1.758s] -- Up-to-date: /home/d-lab/workspace/ros_ur_driver/install/controller_manager_msgs/include/controller_manager_msgs/srv/detail/load_start_controller__type_support.h
[1.758s] -- Up-to-date: /home/d-lab/workspace/ros_ur_driver/install/controller_manager_msgs/include/controller_manager_msgs/msg
[1.758s] -- Up-to-date: /home/d-lab/workspace/ros_ur_driver/install/controller_manager_msgs/include/controller_manager_msgs/msg/rosidl_generator_c__visibility_control.h
[1.758s] -- Up-to-date: /home/d-lab/workspace/ros_ur_driver/install/controller_manager_msgs/include/controller_manager_msgs/msg/controller_state.h
[1.758s] -- Up-to-date: /home/d-lab/workspace/ros_ur_driver/install/controller_manager_msgs/include/controller_manager_msgs/msg/hardware_interface.h
[1.758s] -- Up-to-date: /home/d-lab/workspace/ros_ur_driver/install/controller_manager_msgs/include/controller_manager_msgs/msg/detail
[1.758s] -- Up-to-date: /home/d-lab/workspace/ros_ur_driver/install/controller_manager_msgs/include/controller_manager_msgs/msg/detail/controller_state__struct.h
[1.758s] -- Up-to-date: /home/d-lab/workspace/ros_ur_driver/install/controller_manager_msgs/include/controller_manager_msgs/msg/detail/controller_state__functions.h
[1.759s] -- Up-to-date: /home/d-lab/workspace/ros_ur_driver/install/controller_manager_msgs/include/controller_manager_msgs/msg/detail/hardware_interface__type_support.h
[1.759s] -- Up-to-date: /home/d-lab/workspace/ros_ur_driver/install/controller_manager_msgs/include/controller_manager_msgs/msg/detail/controller_state__functions.c
[1.759s] -- Up-to-date: /home/d-lab/workspace/ros_ur_driver/install/controller_manager_msgs/include/controller_manager_msgs/msg/detail/hardware_interface__functions.h
[1.759s] -- Up-to-date: /home/d-lab/workspace/ros_ur_driver/install/controller_manager_msgs/include/controller_manager_msgs/msg/detail/hardware_interface__struct.h
[1.761s] -- Up-to-date: /home/d-lab/workspace/ros_ur_driver/install/controller_manager_msgs/include/controller_manager_msgs/msg/detail/controller_state__type_support.h
[1.761s] -- Up-to-date: /home/d-lab/workspace/ros_ur_driver/install/controller_manager_msgs/include/controller_manager_msgs/msg/detail/hardware_interface__functions.c
[1.761s] -- Up-to-date: /home/d-lab/workspace/ros_ur_driver/install/controller_manager_msgs/share/controller_manager_msgs/environment/library_path.sh
[1.762s] -- Up-to-date: /home/d-lab/workspace/ros_ur_driver/install/controller_manager_msgs/share/controller_manager_msgs/environment/library_path.dsv
[1.762s] -- Up-to-date: /home/d-lab/workspace/ros_ur_driver/install/controller_manager_msgs/lib/libcontroller_manager_msgs__rosidl_generator_c.so
[1.762s] -- Up-to-date: /home/d-lab/workspace/ros_ur_driver/install/controller_manager_msgs/include/controller_manager_msgs
[1.762s] -- Up-to-date: /home/d-lab/workspace/ros_ur_driver/install/controller_manager_msgs/include/controller_manager_msgs/srv
[1.762s] -- Up-to-date: /home/d-lab/workspace/ros_ur_driver/install/controller_manager_msgs/include/controller_manager_msgs/srv/detail
[1.763s] -- Up-to-date: /home/d-lab/workspace/ros_ur_driver/install/controller_manager_msgs/include/controller_manager_msgs/srv/detail/load_start_controller__rosidl_typesupport_fastrtps_c.h
[1.765s] -- Up-to-date: /home/d-lab/workspace/ros_ur_driver/install/controller_manager_msgs/include/controller_manager_msgs/srv/detail/list_hardware_interfaces__rosidl_typesupport_fastrtps_c.h
[1.766s] -- Up-to-date: /home/d-lab/workspace/ros_ur_driver/install/controller_manager_msgs/include/controller_manager_msgs/srv/detail/configure_controller__rosidl_typesupport_fastrtps_c.h
[1.766s] -- Up-to-date: /home/d-lab/workspace/ros_ur_driver/install/controller_manager_msgs/include/controller_manager_msgs/srv/detail/unload_controller__rosidl_typesupport_fastrtps_c.h
[1.766s] -- Up-to-date: /home/d-lab/workspace/ros_ur_driver/install/controller_manager_msgs/include/controller_manager_msgs/srv/detail/configure_start_controller__rosidl_typesupport_fastrtps_c.h
[1.766s] -- Up-to-date: /home/d-lab/workspace/ros_ur_driver/install/controller_manager_msgs/include/controller_manager_msgs/srv/detail/reload_controller_libraries__rosidl_typesupport_fastrtps_c.h
[1.766s] -- Up-to-date: /home/d-lab/workspace/ros_ur_driver/install/controller_manager_msgs/include/controller_manager_msgs/srv/detail/switch_controller__rosidl_typesupport_fastrtps_c.h
[1.767s] -- Up-to-date: /home/d-lab/workspace/ros_ur_driver/install/controller_manager_msgs/include/controller_manager_msgs/srv/detail/load_configure_controller__rosidl_typesupport_fastrtps_c.h
[1.767s] -- Up-to-date: /home/d-lab/workspace/ros_ur_driver/install/controller_manager_msgs/include/controller_manager_msgs/srv/detail/list_controller_types__rosidl_typesupport_fastrtps_c.h
[1.767s] -- Up-to-date: /home/d-lab/workspace/ros_ur_driver/install/controller_manager_msgs/include/controller_manager_msgs/srv/detail/load_controller__rosidl_typesupport_fastrtps_c.h
[1.767s] -- Up-to-date: /home/d-lab/workspace/ros_ur_driver/install/controller_manager_msgs/include/controller_manager_msgs/srv/detail/list_controllers__rosidl_typesupport_fastrtps_c.h
[1.768s] -- Up-to-date: /home/d-lab/workspace/ros_ur_driver/install/controller_manager_msgs/include/controller_manager_msgs/msg
[1.768s] -- Up-to-date: /home/d-lab/workspace/ros_ur_driver/install/controller_manager_msgs/include/controller_manager_msgs/msg/rosidl_typesupport_fastrtps_c__visibility_control.h
[1.769s] -- Up-to-date: /home/d-lab/workspace/ros_ur_driver/install/controller_manager_msgs/include/controller_manager_msgs/msg/detail
[1.770s] -- Up-to-date: /home/d-lab/workspace/ros_ur_driver/install/controller_manager_msgs/include/controller_manager_msgs/msg/detail/hardware_interface__rosidl_typesupport_fastrtps_c.h
[1.770s] -- Up-to-date: /home/d-lab/workspace/ros_ur_driver/install/controller_manager_msgs/include/controller_manager_msgs/msg/detail/controller_state__rosidl_typesupport_fastrtps_c.h
[1.770s] -- Up-to-date: /home/d-lab/workspace/ros_ur_driver/install/controller_manager_msgs/lib/libcontroller_manager_msgs__rosidl_typesupport_fastrtps_c.so
[1.771s] -- Up-to-date: /home/d-lab/workspace/ros_ur_driver/install/controller_manager_msgs/include/controller_manager_msgs
[1.771s] -- Up-to-date: /home/d-lab/workspace/ros_ur_driver/install/controller_manager_msgs/include/controller_manager_msgs/srv
[1.771s] -- Up-to-date: /home/d-lab/workspace/ros_ur_driver/install/controller_manager_msgs/include/controller_manager_msgs/srv/detail
[1.772s] -- Up-to-date: /home/d-lab/workspace/ros_ur_driver/install/controller_manager_msgs/include/controller_manager_msgs/srv/detail/load_controller__rosidl_typesupport_fastrtps_cpp.hpp
[1.773s] -- Up-to-date: /home/d-lab/workspace/ros_ur_driver/install/controller_manager_msgs/include/controller_manager_msgs/srv/detail/configure_controller__rosidl_typesupport_fastrtps_cpp.hpp
[1.773s] -- Up-to-date: /home/d-lab/workspace/ros_ur_driver/install/controller_manager_msgs/include/controller_manager_msgs/srv/detail/switch_controller__rosidl_typesupport_fastrtps_cpp.hpp
[1.774s] -- Up-to-date: /home/d-lab/workspace/ros_ur_driver/install/controller_manager_msgs/include/controller_manager_msgs/srv/detail/dds_fastrtps
[1.774s] -- Up-to-date: /home/d-lab/workspace/ros_ur_driver/install/controller_manager_msgs/include/controller_manager_msgs/srv/detail/configure_start_controller__rosidl_typesupport_fastrtps_cpp.hpp
[1.774s] -- Up-to-date: /home/d-lab/workspace/ros_ur_driver/install/controller_manager_msgs/include/controller_manager_msgs/srv/detail/unload_controller__rosidl_typesupport_fastrtps_cpp.hpp
[1.785s] -- Up-to-date: /home/d-lab/workspace/ros_ur_driver/install/controller_manager_msgs/include/controller_manager_msgs/srv/detail/list_hardware_interfaces__rosidl_typesupport_fastrtps_cpp.hpp
[1.785s] -- Up-to-date: /home/d-lab/workspace/ros_ur_driver/install/controller_manager_msgs/include/controller_manager_msgs/srv/detail/load_configure_controller__rosidl_typesupport_fastrtps_cpp.hpp
[1.785s] -- Up-to-date: /home/d-lab/workspace/ros_ur_driver/install/controller_manager_msgs/include/controller_manager_msgs/srv/detail/list_controller_types__rosidl_typesupport_fastrtps_cpp.hpp
[1.785s] -- Up-to-date: /home/d-lab/workspace/ros_ur_driver/install/controller_manager_msgs/include/controller_manager_msgs/srv/detail/load_start_controller__rosidl_typesupport_fastrtps_cpp.hpp
[1.786s] -- Up-to-date: /home/d-lab/workspace/ros_ur_driver/install/controller_manager_msgs/include/controller_manager_msgs/srv/detail/list_controllers__rosidl_typesupport_fastrtps_cpp.hpp
[1.786s] -- Up-to-date: /home/d-lab/workspace/ros_ur_driver/install/controller_manager_msgs/include/controller_manager_msgs/srv/detail/reload_controller_libraries__rosidl_typesupport_fastrtps_cpp.hpp
[1.787s] -- Up-to-date: /home/d-lab/workspace/ros_ur_driver/install/controller_manager_msgs/include/controller_manager_msgs/msg
[1.787s] -- Up-to-date: /home/d-lab/workspace/ros_ur_driver/install/controller_manager_msgs/include/controller_manager_msgs/msg/rosidl_typesupport_fastrtps_cpp__visibility_control.h
[1.787s] -- Up-to-date: /home/d-lab/workspace/ros_ur_driver/install/controller_manager_msgs/include/controller_manager_msgs/msg/detail
[1.787s] -- Up-to-date: /home/d-lab/workspace/ros_ur_driver/install/controller_manager_msgs/include/controller_manager_msgs/msg/detail/hardware_interface__rosidl_typesupport_fastrtps_cpp.hpp
[1.787s] -- Up-to-date: /home/d-lab/workspace/ros_ur_driver/install/controller_manager_msgs/include/controller_manager_msgs/msg/detail/dds_fastrtps
[1.787s] -- Up-to-date: /home/d-lab/workspace/ros_ur_driver/install/controller_manager_msgs/include/controller_manager_msgs/msg/detail/controller_state__rosidl_typesupport_fastrtps_cpp.hpp
[1.787s] -- Up-to-date: /home/d-lab/workspace/ros_ur_driver/install/controller_manager_msgs/lib/libcontroller_manager_msgs__rosidl_typesupport_fastrtps_cpp.so
[1.788s] -- Up-to-date: /home/d-lab/workspace/ros_ur_driver/install/controller_manager_msgs/include/controller_manager_msgs
[1.788s] -- Up-to-date: /home/d-lab/workspace/ros_ur_driver/install/controller_manager_msgs/include/controller_manager_msgs/srv
[1.788s] -- Up-to-date: /home/d-lab/workspace/ros_ur_driver/install/controller_manager_msgs/include/controller_manager_msgs/srv/detail
[1.788s] -- Up-to-date: /home/d-lab/workspace/ros_ur_driver/install/controller_manager_msgs/include/controller_manager_msgs/srv/detail/list_controllers__rosidl_typesupport_introspection_c.h
[1.788s] -- Up-to-date: /home/d-lab/workspace/ros_ur_driver/install/controller_manager_msgs/include/controller_manager_msgs/srv/detail/load_start_controller__rosidl_typesupport_introspection_c.h
[1.788s] -- Up-to-date: /home/d-lab/workspace/ros_ur_driver/install/controller_manager_msgs/include/controller_manager_msgs/srv/detail/list_hardware_interfaces__type_support.c
[1.789s] -- Up-to-date: /home/d-lab/workspace/ros_ur_driver/install/controller_manager_msgs/include/controller_manager_msgs/srv/detail/load_configure_controller__type_support.c
[1.789s] -- Up-to-date: /home/d-lab/workspace/ros_ur_driver/install/controller_manager_msgs/include/controller_manager_msgs/srv/detail/unload_controller__rosidl_typesupport_introspection_c.h
[1.790s] -- Up-to-date: /home/d-lab/workspace/ros_ur_driver/install/controller_manager_msgs/include/controller_manager_msgs/srv/detail/reload_controller_libraries__rosidl_typesupport_introspection_c.h
[1.790s] -- Up-to-date: /home/d-lab/workspace/ros_ur_driver/install/controller_manager_msgs/include/controller_manager_msgs/srv/detail/list_hardware_interfaces__rosidl_typesupport_introspection_c.h
[1.791s] -- Up-to-date: /home/d-lab/workspace/ros_ur_driver/install/controller_manager_msgs/include/controller_manager_msgs/srv/detail/list_controller_types__rosidl_typesupport_introspection_c.h
[1.797s] -- Up-to-date: /home/d-lab/workspace/ros_ur_driver/install/controller_manager_msgs/include/controller_manager_msgs/srv/detail/list_controllers__type_support.c
[1.797s] -- Up-to-date: /home/d-lab/workspace/ros_ur_driver/install/controller_manager_msgs/include/controller_manager_msgs/srv/detail/unload_controller__type_support.c
[1.798s] -- Up-to-date: /home/d-lab/workspace/ros_ur_driver/install/controller_manager_msgs/include/controller_manager_msgs/srv/detail/configure_start_controller__type_support.c
[1.798s] -- Up-to-date: /home/d-lab/workspace/ros_ur_driver/install/controller_manager_msgs/include/controller_manager_msgs/srv/detail/load_controller__type_support.c
[1.798s] -- Up-to-date: /home/d-lab/workspace/ros_ur_driver/install/controller_manager_msgs/include/controller_manager_msgs/srv/detail/switch_controller__rosidl_typesupport_introspection_c.h
[1.799s] -- Up-to-date: /home/d-lab/workspace/ros_ur_driver/install/controller_manager_msgs/include/controller_manager_msgs/srv/detail/load_start_controller__type_support.c
[1.800s] -- Up-to-date: /home/d-lab/workspace/ros_ur_driver/install/controller_manager_msgs/include/controller_manager_msgs/srv/detail/configure_start_controller__rosidl_typesupport_introspection_c.h
[1.800s] -- Up-to-date: /home/d-lab/workspace/ros_ur_driver/install/controller_manager_msgs/include/controller_manager_msgs/srv/detail/load_configure_controller__rosidl_typesupport_introspection_c.h
[1.801s] -- Up-to-date: /home/d-lab/workspace/ros_ur_driver/install/controller_manager_msgs/include/controller_manager_msgs/srv/detail/load_controller__rosidl_typesupport_introspection_c.h
[1.801s] -- Up-to-date: /home/d-lab/workspace/ros_ur_driver/install/controller_manager_msgs/include/controller_manager_msgs/srv/detail/list_controller_types__type_support.c
[1.802s] -- Up-to-date: /home/d-lab/workspace/ros_ur_driver/install/controller_manager_msgs/include/controller_manager_msgs/srv/detail/configure_controller__type_support.c
[1.802s] -- Up-to-date: /home/d-lab/workspace/ros_ur_driver/install/controller_manager_msgs/include/controller_manager_msgs/srv/detail/configure_controller__rosidl_typesupport_introspection_c.h
[1.803s] -- Up-to-date: /home/d-lab/workspace/ros_ur_driver/install/controller_manager_msgs/include/controller_manager_msgs/srv/detail/reload_controller_libraries__type_support.c
[1.803s] -- Up-to-date: /home/d-lab/workspace/ros_ur_driver/install/controller_manager_msgs/include/controller_manager_msgs/srv/detail/switch_controller__type_support.c
[1.803s] -- Up-to-date: /home/d-lab/workspace/ros_ur_driver/install/controller_manager_msgs/include/controller_manager_msgs/msg
[1.804s] -- Up-to-date: /home/d-lab/workspace/ros_ur_driver/install/controller_manager_msgs/include/controller_manager_msgs/msg/rosidl_typesupport_introspection_c__visibility_control.h
[1.804s] -- Up-to-date: /home/d-lab/workspace/ros_ur_driver/install/controller_manager_msgs/include/controller_manager_msgs/msg/detail
[1.806s] -- Up-to-date: /home/d-lab/workspace/ros_ur_driver/install/controller_manager_msgs/include/controller_manager_msgs/msg/detail/controller_state__rosidl_typesupport_introspection_c.h
[1.807s] -- Up-to-date: /home/d-lab/workspace/ros_ur_driver/install/controller_manager_msgs/include/controller_manager_msgs/msg/detail/hardware_interface__type_support.c
[1.808s] -- Up-to-date: /home/d-lab/workspace/ros_ur_driver/install/controller_manager_msgs/include/controller_manager_msgs/msg/detail/controller_state__type_support.c
[1.808s] -- Up-to-date: /home/d-lab/workspace/ros_ur_driver/install/controller_manager_msgs/include/controller_manager_msgs/msg/detail/hardware_interface__rosidl_typesupport_introspection_c.h
[1.811s] -- Up-to-date: /home/d-lab/workspace/ros_ur_driver/install/controller_manager_msgs/lib/libcontroller_manager_msgs__rosidl_typesupport_introspection_c.so
[1.811s] -- Up-to-date: /home/d-lab/workspace/ros_ur_driver/install/controller_manager_msgs/lib/libcontroller_manager_msgs__rosidl_typesupport_c.so
[1.822s] -- Up-to-date: /home/d-lab/workspace/ros_ur_driver/install/controller_manager_msgs/include/controller_manager_msgs
[1.827s] -- Up-to-date: /home/d-lab/workspace/ros_ur_driver/install/controller_manager_msgs/include/controller_manager_msgs/srv
[1.827s] -- Up-to-date: /home/d-lab/workspace/ros_ur_driver/install/controller_manager_msgs/include/controller_manager_msgs/srv/list_controllers.hpp
[1.828s] -- Up-to-date: /home/d-lab/workspace/ros_ur_driver/install/controller_manager_msgs/include/controller_manager_msgs/srv/reload_controller_libraries.hpp
[1.828s] -- Up-to-date: /home/d-lab/workspace/ros_ur_driver/install/controller_manager_msgs/include/controller_manager_msgs/srv/load_start_controller.hpp
[1.834s] -- Up-to-date: /home/d-lab/workspace/ros_ur_driver/install/controller_manager_msgs/include/controller_manager_msgs/srv/load_controller.hpp
[1.835s] -- Up-to-date: /home/d-lab/workspace/ros_ur_driver/install/controller_manager_msgs/include/controller_manager_msgs/srv/configure_start_controller.hpp
[1.835s] -- Up-to-date: /home/d-lab/workspace/ros_ur_driver/install/controller_manager_msgs/include/controller_manager_msgs/srv/configure_controller.hpp
[1.835s] -- Up-to-date: /home/d-lab/workspace/ros_ur_driver/install/controller_manager_msgs/include/controller_manager_msgs/srv/list_hardware_interfaces.hpp
[1.835s] -- Up-to-date: /home/d-lab/workspace/ros_ur_driver/install/controller_manager_msgs/include/controller_manager_msgs/srv/load_configure_controller.hpp
[1.835s] -- Up-to-date: /home/d-lab/workspace/ros_ur_driver/install/controller_manager_msgs/include/controller_manager_msgs/srv/switch_controller.hpp
[1.837s] -- Up-to-date: /home/d-lab/workspace/ros_ur_driver/install/controller_manager_msgs/include/controller_manager_msgs/srv/detail
[1.842s] -- Up-to-date: /home/d-lab/workspace/ros_ur_driver/install/controller_manager_msgs/include/controller_manager_msgs/srv/detail/configure_controller__struct.hpp
[1.845s] -- Up-to-date: /home/d-lab/workspace/ros_ur_driver/install/controller_manager_msgs/include/controller_manager_msgs/srv/detail/load_start_controller__traits.hpp
[1.845s] -- Up-to-date: /home/d-lab/workspace/ros_ur_driver/install/controller_manager_msgs/include/controller_manager_msgs/srv/detail/list_controller_types__traits.hpp
[1.851s] -- Up-to-date: /home/d-lab/workspace/ros_ur_driver/install/controller_manager_msgs/include/controller_manager_msgs/srv/detail/load_controller__builder.hpp
[1.852s] -- Up-to-date: /home/d-lab/workspace/ros_ur_driver/install/controller_manager_msgs/include/controller_manager_msgs/srv/detail/configure_start_controller__struct.hpp
[1.852s] -- Up-to-date: /home/d-lab/workspace/ros_ur_driver/install/controller_manager_msgs/include/controller_manager_msgs/srv/detail/configure_controller__builder.hpp
[1.852s] -- Up-to-date: /home/d-lab/workspace/ros_ur_driver/install/controller_manager_msgs/include/controller_manager_msgs/srv/detail/reload_controller_libraries__builder.hpp
[1.852s] -- Up-to-date: /home/d-lab/workspace/ros_ur_driver/install/controller_manager_msgs/include/controller_manager_msgs/srv/detail/load_controller__struct.hpp
[1.852s] -- Up-to-date: /home/d-lab/workspace/ros_ur_driver/install/controller_manager_msgs/include/controller_manager_msgs/srv/detail/configure_controller__traits.hpp
[1.852s] -- Up-to-date: /home/d-lab/workspace/ros_ur_driver/install/controller_manager_msgs/include/controller_manager_msgs/srv/detail/list_controller_types__struct.hpp
[1.853s] -- Up-to-date: /home/d-lab/workspace/ros_ur_driver/install/controller_manager_msgs/include/controller_manager_msgs/srv/detail/load_start_controller__struct.hpp
[1.853s] -- Up-to-date: /home/d-lab/workspace/ros_ur_driver/install/controller_manager_msgs/include/controller_manager_msgs/srv/detail/load_configure_controller__struct.hpp
[1.853s] -- Up-to-date: /home/d-lab/workspace/ros_ur_driver/install/controller_manager_msgs/include/controller_manager_msgs/srv/detail/unload_controller__struct.hpp
[1.853s] -- Up-to-date: /home/d-lab/workspace/ros_ur_driver/install/controller_manager_msgs/include/controller_manager_msgs/srv/detail/list_hardware_interfaces__traits.hpp
[1.853s] -- Up-to-date: /home/d-lab/workspace/ros_ur_driver/install/controller_manager_msgs/include/controller_manager_msgs/srv/detail/load_configure_controller__traits.hpp
[1.854s] -- Up-to-date: /home/d-lab/workspace/ros_ur_driver/install/controller_manager_msgs/include/controller_manager_msgs/srv/detail/configure_start_controller__traits.hpp
[1.854s] -- Up-to-date: /home/d-lab/workspace/ros_ur_driver/install/controller_manager_msgs/include/controller_manager_msgs/srv/detail/switch_controller__struct.hpp
[1.854s] -- Up-to-date: /home/d-lab/workspace/ros_ur_driver/install/controller_manager_msgs/include/controller_manager_msgs/srv/detail/reload_controller_libraries__struct.hpp
[1.855s] -- Up-to-date: /home/d-lab/workspace/ros_ur_driver/install/controller_manager_msgs/include/controller_manager_msgs/srv/detail/switch_controller__traits.hpp
[1.855s] -- Up-to-date: /home/d-lab/workspace/ros_ur_driver/install/controller_manager_msgs/include/controller_manager_msgs/srv/detail/list_controllers__traits.hpp
[1.858s] -- Up-to-date: /home/d-lab/workspace/ros_ur_driver/install/controller_manager_msgs/include/controller_manager_msgs/srv/detail/list_hardware_interfaces__builder.hpp
[1.859s] -- Up-to-date: /home/d-lab/workspace/ros_ur_driver/install/controller_manager_msgs/include/controller_manager_msgs/srv/detail/reload_controller_libraries__traits.hpp
[1.859s] -- Up-to-date: /home/d-lab/workspace/ros_ur_driver/install/controller_manager_msgs/include/controller_manager_msgs/srv/detail/switch_controller__builder.hpp
[1.859s] -- Up-to-date: /home/d-lab/workspace/ros_ur_driver/install/controller_manager_msgs/include/controller_manager_msgs/srv/detail/load_controller__traits.hpp
[1.863s] -- Up-to-date: /home/d-lab/workspace/ros_ur_driver/install/controller_manager_msgs/include/controller_manager_msgs/srv/detail/load_configure_controller__builder.hpp
[1.863s] -- Up-to-date: /home/d-lab/workspace/ros_ur_driver/install/controller_manager_msgs/include/controller_manager_msgs/srv/detail/configure_start_controller__builder.hpp
[1.863s] -- Up-to-date: /home/d-lab/workspace/ros_ur_driver/install/controller_manager_msgs/include/controller_manager_msgs/srv/detail/list_controllers__struct.hpp
[1.863s] -- Up-to-date: /home/d-lab/workspace/ros_ur_driver/install/controller_manager_msgs/include/controller_manager_msgs/srv/detail/unload_controller__traits.hpp
[1.863s] -- Up-to-date: /home/d-lab/workspace/ros_ur_driver/install/controller_manager_msgs/include/controller_manager_msgs/srv/detail/list_hardware_interfaces__struct.hpp
[1.863s] -- Up-to-date: /home/d-lab/workspace/ros_ur_driver/install/controller_manager_msgs/include/controller_manager_msgs/srv/detail/load_start_controller__builder.hpp
[1.863s] -- Up-to-date: /home/d-lab/workspace/ros_ur_driver/install/controller_manager_msgs/include/controller_manager_msgs/srv/detail/list_controller_types__builder.hpp
[1.863s] -- Up-to-date: /home/d-lab/workspace/ros_ur_driver/install/controller_manager_msgs/include/controller_manager_msgs/srv/detail/unload_controller__builder.hpp
[1.863s] -- Up-to-date: /home/d-lab/workspace/ros_ur_driver/install/controller_manager_msgs/include/controller_manager_msgs/srv/detail/list_controllers__builder.hpp
[1.864s] -- Up-to-date: /home/d-lab/workspace/ros_ur_driver/install/controller_manager_msgs/include/controller_manager_msgs/srv/list_controller_types.hpp
[1.864s] -- Up-to-date: /home/d-lab/workspace/ros_ur_driver/install/controller_manager_msgs/include/controller_manager_msgs/srv/unload_controller.hpp
[1.864s] -- Up-to-date: /home/d-lab/workspace/ros_ur_driver/install/controller_manager_msgs/include/controller_manager_msgs/msg
[1.865s] -- Up-to-date: /home/d-lab/workspace/ros_ur_driver/install/controller_manager_msgs/include/controller_manager_msgs/msg/hardware_interface.hpp
[1.865s] -- Up-to-date: /home/d-lab/workspace/ros_ur_driver/install/controller_manager_msgs/include/controller_manager_msgs/msg/controller_state.hpp
[1.865s] -- Up-to-date: /home/d-lab/workspace/ros_ur_driver/install/controller_manager_msgs/include/controller_manager_msgs/msg/detail
[1.866s] -- Up-to-date: /home/d-lab/workspace/ros_ur_driver/install/controller_manager_msgs/include/controller_manager_msgs/msg/detail/hardware_interface__struct.hpp
[1.866s] -- Up-to-date: /home/d-lab/workspace/ros_ur_driver/install/controller_manager_msgs/include/controller_manager_msgs/msg/detail/controller_state__traits.hpp
[1.866s] -- Up-to-date: /home/d-lab/workspace/ros_ur_driver/install/controller_manager_msgs/include/controller_manager_msgs/msg/detail/controller_state__struct.hpp
[1.867s] -- Up-to-date: /home/d-lab/workspace/ros_ur_driver/install/controller_manager_msgs/include/controller_manager_msgs/msg/detail/hardware_interface__builder.hpp
[1.868s] -- Up-to-date: /home/d-lab/workspace/ros_ur_driver/install/controller_manager_msgs/include/controller_manager_msgs/msg/detail/controller_state__builder.hpp
[1.868s] -- Up-to-date: /home/d-lab/workspace/ros_ur_driver/install/controller_manager_msgs/include/controller_manager_msgs/msg/detail/hardware_interface__traits.hpp
[1.869s] -- Up-to-date: /home/d-lab/workspace/ros_ur_driver/install/controller_manager_msgs/include/controller_manager_msgs
[1.869s] -- Up-to-date: /home/d-lab/workspace/ros_ur_driver/install/controller_manager_msgs/include/controller_manager_msgs/srv
[1.869s] -- Up-to-date: /home/d-lab/workspace/ros_ur_driver/install/controller_manager_msgs/include/controller_manager_msgs/srv/detail
[1.869s] -- Up-to-date: /home/d-lab/workspace/ros_ur_driver/install/controller_manager_msgs/include/controller_manager_msgs/srv/detail/unload_controller__rosidl_typesupport_introspection_cpp.hpp
[1.869s] -- Up-to-date: /home/d-lab/workspace/ros_ur_driver/install/controller_manager_msgs/include/controller_manager_msgs/srv/detail/reload_controller_libraries__type_support.cpp
[1.870s] -- Up-to-date: /home/d-lab/workspace/ros_ur_driver/install/controller_manager_msgs/include/controller_manager_msgs/srv/detail/switch_controller__type_support.cpp
[1.870s] -- Up-to-date: /home/d-lab/workspace/ros_ur_driver/install/controller_manager_msgs/include/controller_manager_msgs/srv/detail/configure_start_controller__rosidl_typesupport_introspection_cpp.hpp
[1.870s] -- Up-to-date: /home/d-lab/workspace/ros_ur_driver/install/controller_manager_msgs/include/controller_manager_msgs/srv/detail/load_start_controller__type_support.cpp
[1.872s] -- Up-to-date: /home/d-lab/workspace/ros_ur_driver/install/controller_manager_msgs/include/controller_manager_msgs/srv/detail/load_controller__type_support.cpp
[1.872s] -- Up-to-date: /home/d-lab/workspace/ros_ur_driver/install/controller_manager_msgs/include/controller_manager_msgs/srv/detail/configure_controller__rosidl_typesupport_introspection_cpp.hpp
[1.872s] -- Up-to-date: /home/d-lab/workspace/ros_ur_driver/install/controller_manager_msgs/include/controller_manager_msgs/srv/detail/list_controllers__type_support.cpp
[1.872s] -- Up-to-date: /home/d-lab/workspace/ros_ur_driver/install/controller_manager_msgs/include/controller_manager_msgs/srv/detail/list_controller_types__rosidl_typesupport_introspection_cpp.hpp
[1.872s] -- Up-to-date: /home/d-lab/workspace/ros_ur_driver/install/controller_manager_msgs/include/controller_manager_msgs/srv/detail/load_controller__rosidl_typesupport_introspection_cpp.hpp
[1.872s] -- Up-to-date: /home/d-lab/workspace/ros_ur_driver/install/controller_manager_msgs/include/controller_manager_msgs/srv/detail/configure_controller__type_support.cpp
[1.873s] -- Up-to-date: /home/d-lab/workspace/ros_ur_driver/install/controller_manager_msgs/include/controller_manager_msgs/srv/detail/switch_controller__rosidl_typesupport_introspection_cpp.hpp
[1.873s] -- Up-to-date: /home/d-lab/workspace/ros_ur_driver/install/controller_manager_msgs/include/controller_manager_msgs/srv/detail/configure_start_controller__type_support.cpp
[1.873s] -- Up-to-date: /home/d-lab/workspace/ros_ur_driver/install/controller_manager_msgs/include/controller_manager_msgs/srv/detail/load_configure_controller__type_support.cpp
[1.873s] -- Up-to-date: /home/d-lab/workspace/ros_ur_driver/install/controller_manager_msgs/include/controller_manager_msgs/srv/detail/list_controllers__rosidl_typesupport_introspection_cpp.hpp
[1.873s] -- Up-to-date: /home/d-lab/workspace/ros_ur_driver/install/controller_manager_msgs/include/controller_manager_msgs/srv/detail/list_hardware_interfaces__type_support.cpp
[1.873s] -- Up-to-date: /home/d-lab/workspace/ros_ur_driver/install/controller_manager_msgs/include/controller_manager_msgs/srv/detail/unload_controller__type_support.cpp
[1.874s] -- Up-to-date: /home/d-lab/workspace/ros_ur_driver/install/controller_manager_msgs/include/controller_manager_msgs/srv/detail/list_controller_types__type_support.cpp
[1.874s] -- Up-to-date: /home/d-lab/workspace/ros_ur_driver/install/controller_manager_msgs/include/controller_manager_msgs/srv/detail/reload_controller_libraries__rosidl_typesupport_introspection_cpp.hpp
[1.874s] -- Up-to-date: /home/d-lab/workspace/ros_ur_driver/install/controller_manager_msgs/include/controller_manager_msgs/srv/detail/list_hardware_interfaces__rosidl_typesupport_introspection_cpp.hpp
[1.874s] -- Up-to-date: /home/d-lab/workspace/ros_ur_driver/install/controller_manager_msgs/include/controller_manager_msgs/srv/detail/load_configure_controller__rosidl_typesupport_introspection_cpp.hpp
[1.874s] -- Up-to-date: /home/d-lab/workspace/ros_ur_driver/install/controller_manager_msgs/include/controller_manager_msgs/srv/detail/load_start_controller__rosidl_typesupport_introspection_cpp.hpp
[1.874s] -- Up-to-date: /home/d-lab/workspace/ros_ur_driver/install/controller_manager_msgs/include/controller_manager_msgs/msg
[1.874s] -- Up-to-date: /home/d-lab/workspace/ros_ur_driver/install/controller_manager_msgs/include/controller_manager_msgs/msg/detail
[1.874s] -- Up-to-date: /home/d-lab/workspace/ros_ur_driver/install/controller_manager_msgs/include/controller_manager_msgs/msg/detail/hardware_interface__type_support.cpp
[1.875s] -- Up-to-date: /home/d-lab/workspace/ros_ur_driver/install/controller_manager_msgs/include/controller_manager_msgs/msg/detail/controller_state__rosidl_typesupport_introspection_cpp.hpp
[1.875s] -- Up-to-date: /home/d-lab/workspace/ros_ur_driver/install/controller_manager_msgs/include/controller_manager_msgs/msg/detail/hardware_interface__rosidl_typesupport_introspection_cpp.hpp
[1.875s] -- Up-to-date: /home/d-lab/workspace/ros_ur_driver/install/controller_manager_msgs/include/controller_manager_msgs/msg/detail/controller_state__type_support.cpp
[1.875s] -- Up-to-date: /home/d-lab/workspace/ros_ur_driver/install/controller_manager_msgs/lib/libcontroller_manager_msgs__rosidl_typesupport_introspection_cpp.so
[1.876s] -- Up-to-date: /home/d-lab/workspace/ros_ur_driver/install/controller_manager_msgs/lib/libcontroller_manager_msgs__rosidl_typesupport_cpp.so
[1.876s] -- Up-to-date: /home/d-lab/workspace/ros_ur_driver/install/controller_manager_msgs/share/controller_manager_msgs/environment/pythonpath.sh
[1.876s] -- Up-to-date: /home/d-lab/workspace/ros_ur_driver/install/controller_manager_msgs/share/controller_manager_msgs/environment/pythonpath.dsv
[1.876s] -- Up-to-date: /home/d-lab/workspace/ros_ur_driver/install/controller_manager_msgs/lib/python3.8/site-packages/controller_manager_msgs/__init__.py
[1.892s] -- Up-to-date: /home/d-lab/workspace/ros_ur_driver/install/controller_manager_msgs/lib/python3.8/site-packages/controller_manager_msgs/msg
[1.893s] -- Up-to-date: /home/d-lab/workspace/ros_ur_driver/install/controller_manager_msgs/lib/python3.8/site-packages/controller_manager_msgs/msg/_hardware_interface.py
[1.893s] -- Up-to-date: /home/d-lab/workspace/ros_ur_driver/install/controller_manager_msgs/lib/python3.8/site-packages/controller_manager_msgs/msg/_hardware_interface_s.c
[1.893s] -- Up-to-date: /home/d-lab/workspace/ros_ur_driver/install/controller_manager_msgs/lib/python3.8/site-packages/controller_manager_msgs/msg/_controller_state_s.c
[1.893s] -- Up-to-date: /home/d-lab/workspace/ros_ur_driver/install/controller_manager_msgs/lib/python3.8/site-packages/controller_manager_msgs/msg/_controller_state.py
[1.893s] -- Up-to-date: /home/d-lab/workspace/ros_ur_driver/install/controller_manager_msgs/lib/python3.8/site-packages/controller_manager_msgs/msg/__init__.py
[1.893s] -- Up-to-date: /home/d-lab/workspace/ros_ur_driver/install/controller_manager_msgs/lib/python3.8/site-packages/controller_manager_msgs/srv
[1.894s] -- Up-to-date: /home/d-lab/workspace/ros_ur_driver/install/controller_manager_msgs/lib/python3.8/site-packages/controller_manager_msgs/srv/_configure_start_controller_s.c
[1.894s] -- Up-to-date: /home/d-lab/workspace/ros_ur_driver/install/controller_manager_msgs/lib/python3.8/site-packages/controller_manager_msgs/srv/_configure_controller_s.c
[1.894s] -- Up-to-date: /home/d-lab/workspace/ros_ur_driver/install/controller_manager_msgs/lib/python3.8/site-packages/controller_manager_msgs/srv/_switch_controller_s.c
[1.894s] -- Up-to-date: /home/d-lab/workspace/ros_ur_driver/install/controller_manager_msgs/lib/python3.8/site-packages/controller_manager_msgs/srv/_list_controllers_s.c
[1.894s] -- Up-to-date: /home/d-lab/workspace/ros_ur_driver/install/controller_manager_msgs/lib/python3.8/site-packages/controller_manager_msgs/srv/_list_controllers.py
[1.894s] -- Up-to-date: /home/d-lab/workspace/ros_ur_driver/install/controller_manager_msgs/lib/python3.8/site-packages/controller_manager_msgs/srv/_unload_controller_s.c
[1.894s] -- Up-to-date: /home/d-lab/workspace/ros_ur_driver/install/controller_manager_msgs/lib/python3.8/site-packages/controller_manager_msgs/srv/_reload_controller_libraries.py
[1.894s] -- Up-to-date: /home/d-lab/workspace/ros_ur_driver/install/controller_manager_msgs/lib/python3.8/site-packages/controller_manager_msgs/srv/_load_start_controller.py
[1.894s] -- Up-to-date: /home/d-lab/workspace/ros_ur_driver/install/controller_manager_msgs/lib/python3.8/site-packages/controller_manager_msgs/srv/_reload_controller_libraries_s.c
[1.895s] -- Up-to-date: /home/d-lab/workspace/ros_ur_driver/install/controller_manager_msgs/lib/python3.8/site-packages/controller_manager_msgs/srv/_load_start_controller_s.c
[1.895s] -- Up-to-date: /home/d-lab/workspace/ros_ur_driver/install/controller_manager_msgs/lib/python3.8/site-packages/controller_manager_msgs/srv/_list_hardware_interfaces_s.c
[1.895s] -- Up-to-date: /home/d-lab/workspace/ros_ur_driver/install/controller_manager_msgs/lib/python3.8/site-packages/controller_manager_msgs/srv/_unload_controller.py
[1.895s] -- Up-to-date: /home/d-lab/workspace/ros_ur_driver/install/controller_manager_msgs/lib/python3.8/site-packages/controller_manager_msgs/srv/_configure_start_controller.py
[1.895s] -- Up-to-date: /home/d-lab/workspace/ros_ur_driver/install/controller_manager_msgs/lib/python3.8/site-packages/controller_manager_msgs/srv/_load_controller_s.c
[1.895s] -- Up-to-date: /home/d-lab/workspace/ros_ur_driver/install/controller_manager_msgs/lib/python3.8/site-packages/controller_manager_msgs/srv/_switch_controller.py
[1.895s] -- Up-to-date: /home/d-lab/workspace/ros_ur_driver/install/controller_manager_msgs/lib/python3.8/site-packages/controller_manager_msgs/srv/_list_controller_types.py
[1.895s] -- Up-to-date: /home/d-lab/workspace/ros_ur_driver/install/controller_manager_msgs/lib/python3.8/site-packages/controller_manager_msgs/srv/_load_configure_controller_s.c
[1.896s] -- Up-to-date: /home/d-lab/workspace/ros_ur_driver/install/controller_manager_msgs/lib/python3.8/site-packages/controller_manager_msgs/srv/__init__.py
[1.896s] -- Up-to-date: /home/d-lab/workspace/ros_ur_driver/install/controller_manager_msgs/lib/python3.8/site-packages/controller_manager_msgs/srv/_list_controller_types_s.c
[1.896s] -- Up-to-date: /home/d-lab/workspace/ros_ur_driver/install/controller_manager_msgs/lib/python3.8/site-packages/controller_manager_msgs/srv/_load_controller.py
[1.896s] -- Up-to-date: /home/d-lab/workspace/ros_ur_driver/install/controller_manager_msgs/lib/python3.8/site-packages/controller_manager_msgs/srv/_configure_controller.py
[1.896s] -- Up-to-date: /home/d-lab/workspace/ros_ur_driver/install/controller_manager_msgs/lib/python3.8/site-packages/controller_manager_msgs/srv/_list_hardware_interfaces.py
[1.896s] -- Up-to-date: /home/d-lab/workspace/ros_ur_driver/install/controller_manager_msgs/lib/python3.8/site-packages/controller_manager_msgs/srv/_load_configure_controller.py
[1.897s] -- Up-to-date: /home/d-lab/workspace/ros_ur_driver/install/controller_manager_msgs/lib/python3.8/site-packages/controller_manager_msgs/controller_manager_msgs_s__rosidl_typesupport_fastrtps_c.cpython-38-x86_64-linux-gnu.so
[1.901s] -- Up-to-date: /home/d-lab/workspace/ros_ur_driver/install/controller_manager_msgs/lib/python3.8/site-packages/controller_manager_msgs/controller_manager_msgs_s__rosidl_typesupport_introspection_c.cpython-38-x86_64-linux-gnu.so
[1.902s] -- Up-to-date: /home/d-lab/workspace/ros_ur_driver/install/controller_manager_msgs/lib/python3.8/site-packages/controller_manager_msgs/controller_manager_msgs_s__rosidl_typesupport_c.cpython-38-x86_64-linux-gnu.so
[1.903s] -- Up-to-date: /home/d-lab/workspace/ros_ur_driver/install/controller_manager_msgs/lib/libcontroller_manager_msgs__python.so
[1.904s] -- Up-to-date: /home/d-lab/workspace/ros_ur_driver/install/controller_manager_msgs/share/controller_manager_msgs/msg/ControllerState.idl
[1.904s] -- Up-to-date: /home/d-lab/workspace/ros_ur_driver/install/controller_manager_msgs/share/controller_manager_msgs/msg/HardwareInterface.idl
[1.904s] -- Up-to-date: /home/d-lab/workspace/ros_ur_driver/install/controller_manager_msgs/share/controller_manager_msgs/srv/ConfigureController.idl
[1.904s] -- Up-to-date: /home/d-lab/workspace/ros_ur_driver/install/controller_manager_msgs/share/controller_manager_msgs/srv/ConfigureStartController.idl
[1.904s] -- Up-to-date: /home/d-lab/workspace/ros_ur_driver/install/controller_manager_msgs/share/controller_manager_msgs/srv/ListControllers.idl
[1.904s] -- Up-to-date: /home/d-lab/workspace/ros_ur_driver/install/controller_manager_msgs/share/controller_manager_msgs/srv/ListControllerTypes.idl
[1.905s] -- Up-to-date: /home/d-lab/workspace/ros_ur_driver/install/controller_manager_msgs/share/controller_manager_msgs/srv/ListHardwareInterfaces.idl
[1.905s] -- Up-to-date: /home/d-lab/workspace/ros_ur_driver/install/controller_manager_msgs/share/controller_manager_msgs/srv/LoadConfigureController.idl
[1.905s] -- Up-to-date: /home/d-lab/workspace/ros_ur_driver/install/controller_manager_msgs/share/controller_manager_msgs/srv/LoadController.idl
[1.905s] -- Up-to-date: /home/d-lab/workspace/ros_ur_driver/install/controller_manager_msgs/share/controller_manager_msgs/srv/LoadStartController.idl
[1.905s] -- Up-to-date: /home/d-lab/workspace/ros_ur_driver/install/controller_manager_msgs/share/controller_manager_msgs/srv/ReloadControllerLibraries.idl
[1.905s] -- Up-to-date: /home/d-lab/workspace/ros_ur_driver/install/controller_manager_msgs/share/controller_manager_msgs/srv/SwitchController.idl
[1.905s] -- Up-to-date: /home/d-lab/workspace/ros_ur_driver/install/controller_manager_msgs/share/controller_manager_msgs/srv/UnloadController.idl
[1.905s] -- Up-to-date: /home/d-lab/workspace/ros_ur_driver/install/controller_manager_msgs/share/controller_manager_msgs/msg/ControllerState.msg
[1.906s] -- Up-to-date: /home/d-lab/workspace/ros_ur_driver/install/controller_manager_msgs/share/controller_manager_msgs/msg/HardwareInterface.msg
[1.906s] -- Up-to-date: /home/d-lab/workspace/ros_ur_driver/install/controller_manager_msgs/share/controller_manager_msgs/srv/ConfigureController.srv
[1.907s] -- Up-to-date: /home/d-lab/workspace/ros_ur_driver/install/controller_manager_msgs/share/controller_manager_msgs/srv/ConfigureController_Request.msg
[1.907s] -- Up-to-date: /home/d-lab/workspace/ros_ur_driver/install/controller_manager_msgs/share/controller_manager_msgs/srv/ConfigureController_Response.msg
[1.907s] -- Up-to-date: /home/d-lab/workspace/ros_ur_driver/install/controller_manager_msgs/share/controller_manager_msgs/srv/ConfigureStartController.srv
[1.907s] -- Up-to-date: /home/d-lab/workspace/ros_ur_driver/install/controller_manager_msgs/share/controller_manager_msgs/srv/ConfigureStartController_Request.msg
[1.908s] -- Up-to-date: /home/d-lab/workspace/ros_ur_driver/install/controller_manager_msgs/share/controller_manager_msgs/srv/ConfigureStartController_Response.msg
[1.908s] -- Up-to-date: /home/d-lab/workspace/ros_ur_driver/install/controller_manager_msgs/share/controller_manager_msgs/srv/ListControllers.srv
[1.909s] -- Up-to-date: /home/d-lab/workspace/ros_ur_driver/install/controller_manager_msgs/share/controller_manager_msgs/srv/ListControllers_Request.msg
[1.909s] -- Up-to-date: /home/d-lab/workspace/ros_ur_driver/install/controller_manager_msgs/share/controller_manager_msgs/srv/ListControllers_Response.msg
[1.910s] -- Up-to-date: /home/d-lab/workspace/ros_ur_driver/install/controller_manager_msgs/share/controller_manager_msgs/srv/ListControllerTypes.srv
[1.910s] -- Up-to-date: /home/d-lab/workspace/ros_ur_driver/install/controller_manager_msgs/share/controller_manager_msgs/srv/ListControllerTypes_Request.msg
[1.910s] -- Up-to-date: /home/d-lab/workspace/ros_ur_driver/install/controller_manager_msgs/share/controller_manager_msgs/srv/ListControllerTypes_Response.msg
[1.911s] -- Up-to-date: /home/d-lab/workspace/ros_ur_driver/install/controller_manager_msgs/share/controller_manager_msgs/srv/ListHardwareInterfaces.srv
[1.911s] -- Up-to-date: /home/d-lab/workspace/ros_ur_driver/install/controller_manager_msgs/share/controller_manager_msgs/srv/ListHardwareInterfaces_Request.msg
[1.911s] -- Up-to-date: /home/d-lab/workspace/ros_ur_driver/install/controller_manager_msgs/share/controller_manager_msgs/srv/ListHardwareInterfaces_Response.msg
[1.911s] -- Up-to-date: /home/d-lab/workspace/ros_ur_driver/install/controller_manager_msgs/share/controller_manager_msgs/srv/LoadConfigureController.srv
[1.912s] -- Up-to-date: /home/d-lab/workspace/ros_ur_driver/install/controller_manager_msgs/share/controller_manager_msgs/srv/LoadConfigureController_Request.msg
[1.912s] -- Up-to-date: /home/d-lab/workspace/ros_ur_driver/install/controller_manager_msgs/share/controller_manager_msgs/srv/LoadConfigureController_Response.msg
[1.913s] -- Up-to-date: /home/d-lab/workspace/ros_ur_driver/install/controller_manager_msgs/share/controller_manager_msgs/srv/LoadController.srv
[1.913s] -- Up-to-date: /home/d-lab/workspace/ros_ur_driver/install/controller_manager_msgs/share/controller_manager_msgs/srv/LoadController_Request.msg
[1.913s] -- Up-to-date: /home/d-lab/workspace/ros_ur_driver/install/controller_manager_msgs/share/controller_manager_msgs/srv/LoadController_Response.msg
[1.913s] -- Up-to-date: /home/d-lab/workspace/ros_ur_driver/install/controller_manager_msgs/share/controller_manager_msgs/srv/LoadStartController.srv
[1.914s] -- Up-to-date: /home/d-lab/workspace/ros_ur_driver/install/controller_manager_msgs/share/controller_manager_msgs/srv/LoadStartController_Request.msg
[1.914s] -- Up-to-date: /home/d-lab/workspace/ros_ur_driver/install/controller_manager_msgs/share/controller_manager_msgs/srv/LoadStartController_Response.msg
[1.914s] -- Up-to-date: /home/d-lab/workspace/ros_ur_driver/install/controller_manager_msgs/share/controller_manager_msgs/srv/ReloadControllerLibraries.srv
[1.915s] -- Up-to-date: /home/d-lab/workspace/ros_ur_driver/install/controller_manager_msgs/share/controller_manager_msgs/srv/ReloadControllerLibraries_Request.msg
[1.915s] -- Up-to-date: /home/d-lab/workspace/ros_ur_driver/install/controller_manager_msgs/share/controller_manager_msgs/srv/ReloadControllerLibraries_Response.msg
[1.916s] -- Up-to-date: /home/d-lab/workspace/ros_ur_driver/install/controller_manager_msgs/share/controller_manager_msgs/srv/SwitchController.srv
[1.916s] -- Up-to-date: /home/d-lab/workspace/ros_ur_driver/install/controller_manager_msgs/share/controller_manager_msgs/srv/SwitchController_Request.msg
[1.916s] -- Up-to-date: /home/d-lab/workspace/ros_ur_driver/install/controller_manager_msgs/share/controller_manager_msgs/srv/SwitchController_Response.msg
[1.916s] -- Up-to-date: /home/d-lab/workspace/ros_ur_driver/install/controller_manager_msgs/share/controller_manager_msgs/srv/UnloadController.srv
[1.917s] -- Up-to-date: /home/d-lab/workspace/ros_ur_driver/install/controller_manager_msgs/share/controller_manager_msgs/srv/UnloadController_Request.msg
[1.918s] -- Up-to-date: /home/d-lab/workspace/ros_ur_driver/install/controller_manager_msgs/share/controller_manager_msgs/srv/UnloadController_Response.msg
[1.919s] -- Up-to-date: /home/d-lab/workspace/ros_ur_driver/install/controller_manager_msgs/share/ament_index/resource_index/package_run_dependencies/controller_manager_msgs
[1.920s] -- Up-to-date: /home/d-lab/workspace/ros_ur_driver/install/controller_manager_msgs/share/ament_index/resource_index/parent_prefix_path/controller_manager_msgs
[1.920s] -- Up-to-date: /home/d-lab/workspace/ros_ur_driver/install/controller_manager_msgs/share/controller_manager_msgs/environment/ament_prefix_path.sh
[1.920s] -- Up-to-date: /home/d-lab/workspace/ros_ur_driver/install/controller_manager_msgs/share/controller_manager_msgs/environment/ament_prefix_path.dsv
[1.920s] -- Up-to-date: /home/d-lab/workspace/ros_ur_driver/install/controller_manager_msgs/share/controller_manager_msgs/environment/path.sh
[1.920s] -- Up-to-date: /home/d-lab/workspace/ros_ur_driver/install/controller_manager_msgs/share/controller_manager_msgs/environment/path.dsv
[1.920s] -- Up-to-date: /home/d-lab/workspace/ros_ur_driver/install/controller_manager_msgs/share/controller_manager_msgs/local_setup.bash
[1.920s] -- Up-to-date: /home/d-lab/workspace/ros_ur_driver/install/controller_manager_msgs/share/controller_manager_msgs/local_setup.sh
[1.921s] -- Up-to-date: /home/d-lab/workspace/ros_ur_driver/install/controller_manager_msgs/share/controller_manager_msgs/local_setup.zsh
[1.921s] -- Up-to-date: /home/d-lab/workspace/ros_ur_driver/install/controller_manager_msgs/share/controller_manager_msgs/local_setup.dsv
[1.921s] -- Installing: /home/d-lab/workspace/ros_ur_driver/install/controller_manager_msgs/share/controller_manager_msgs/package.dsv
[1.922s] -- Up-to-date: /home/d-lab/workspace/ros_ur_driver/install/controller_manager_msgs/share/ament_index/resource_index/packages/controller_manager_msgs
[1.923s] -- Up-to-date: /home/d-lab/workspace/ros_ur_driver/install/controller_manager_msgs/share/controller_manager_msgs/cmake/controller_manager_msgs__rosidl_generator_cExport.cmake
[1.923s] -- Up-to-date: /home/d-lab/workspace/ros_ur_driver/install/controller_manager_msgs/share/controller_manager_msgs/cmake/controller_manager_msgs__rosidl_generator_cExport-release.cmake
[1.924s] -- Up-to-date: /home/d-lab/workspace/ros_ur_driver/install/controller_manager_msgs/share/controller_manager_msgs/cmake/controller_manager_msgs__rosidl_typesupport_introspection_cExport.cmake
[1.924s] -- Up-to-date: /home/d-lab/workspace/ros_ur_driver/install/controller_manager_msgs/share/controller_manager_msgs/cmake/controller_manager_msgs__rosidl_typesupport_introspection_cExport-release.cmake
[1.924s] -- Up-to-date: /home/d-lab/workspace/ros_ur_driver/install/controller_manager_msgs/share/controller_manager_msgs/cmake/controller_manager_msgs__rosidl_typesupport_cExport.cmake
[1.925s] -- Up-to-date: /home/d-lab/workspace/ros_ur_driver/install/controller_manager_msgs/share/controller_manager_msgs/cmake/controller_manager_msgs__rosidl_typesupport_cExport-release.cmake
[1.925s] -- Up-to-date: /home/d-lab/workspace/ros_ur_driver/install/controller_manager_msgs/share/controller_manager_msgs/cmake/controller_manager_msgs__rosidl_generator_cppExport.cmake
[1.927s] -- Up-to-date: /home/d-lab/workspace/ros_ur_driver/install/controller_manager_msgs/share/controller_manager_msgs/cmake/controller_manager_msgs__rosidl_typesupport_introspection_cppExport.cmake
[1.927s] -- Up-to-date: /home/d-lab/workspace/ros_ur_driver/install/controller_manager_msgs/share/controller_manager_msgs/cmake/controller_manager_msgs__rosidl_typesupport_introspection_cppExport-release.cmake
[1.928s] -- Up-to-date: /home/d-lab/workspace/ros_ur_driver/install/controller_manager_msgs/share/controller_manager_msgs/cmake/controller_manager_msgs__rosidl_typesupport_cppExport.cmake
[1.930s] -- Up-to-date: /home/d-lab/workspace/ros_ur_driver/install/controller_manager_msgs/share/controller_manager_msgs/cmake/controller_manager_msgs__rosidl_typesupport_cppExport-release.cmake
[1.930s] -- Up-to-date: /home/d-lab/workspace/ros_ur_driver/install/controller_manager_msgs/share/controller_manager_msgs/cmake/rosidl_cmake-extras.cmake
[1.930s] -- Up-to-date: /home/d-lab/workspace/ros_ur_driver/install/controller_manager_msgs/share/controller_manager_msgs/cmake/ament_cmake_export_dependencies-extras.cmake
[1.931s] -- Up-to-date: /home/d-lab/workspace/ros_ur_driver/install/controller_manager_msgs/share/controller_manager_msgs/cmake/ament_cmake_export_libraries-extras.cmake
[1.931s] -- Up-to-date: /home/d-lab/workspace/ros_ur_driver/install/controller_manager_msgs/share/controller_manager_msgs/cmake/ament_cmake_export_targets-extras.cmake
[1.931s] -- Up-to-date: /home/d-lab/workspace/ros_ur_driver/install/controller_manager_msgs/share/controller_manager_msgs/cmake/ament_cmake_export_include_directories-extras.cmake
[1.932s] -- Up-to-date: /home/d-lab/workspace/ros_ur_driver/install/controller_manager_msgs/share/controller_manager_msgs/cmake/rosidl_cmake_export_typesupport_libraries-extras.cmake
[1.933s] -- Up-to-date: /home/d-lab/workspace/ros_ur_driver/install/controller_manager_msgs/share/controller_manager_msgs/cmake/rosidl_cmake_export_typesupport_targets-extras.cmake
[1.933s] -- Up-to-date: /home/d-lab/workspace/ros_ur_driver/install/controller_manager_msgs/share/controller_manager_msgs/cmake/controller_manager_msgsConfig.cmake
[1.933s] -- Up-to-date: /home/d-lab/workspace/ros_ur_driver/install/controller_manager_msgs/share/controller_manager_msgs/cmake/controller_manager_msgsConfig-version.cmake
[1.933s] -- Up-to-date: /home/d-lab/workspace/ros_ur_driver/install/controller_manager_msgs/share/controller_manager_msgs/package.xml
[1.946s] Invoked command in '/home/d-lab/workspace/ros_ur_driver/build/controller_manager_msgs' returned '0': CMAKE_PREFIX_PATH=${CMAKE_PREFIX_PATH}:/home/d-lab/workspace/ros_ur_driver/install/utils:/home/d-lab/workspace/ros_ur_driver/install/ros2controlcli:/home/d-lab/workspace/ros_ur_driver/install/ros2_control_test_nodes:/home/d-lab/workspace/ros_ur_driver/install/robotiq_control:/home/d-lab/workspace/ros_ur_driver/install/gripper_control:/opt/ros/foxy /usr/bin/cmake --install /home/d-lab/workspace/ros_ur_driver/build/controller_manager_msgs
