[0.274s] Invoking command in '/home/d-lab/workspace/ros_ur_driver/build/ur_client_library': CMAKE_PREFIX_PATH=${CMAKE_PREFIX_PATH}:/home/d-lab/workspace/ros_ur_driver/install/ros2controlcli:/home/d-lab/workspace/ros_ur_driver/install/ros2_control_test_nodes:/opt/ros/foxy /usr/bin/cmake /home/d-lab/workspace/ros_ur_driver/src/Universal_Robots_Client_Library -DCMAKE_BUILD_TYPE=Release -DCMAKE_INSTALL_PREFIX=/home/d-lab/workspace/ros_ur_driver/install/ur_client_library
[0.306s] -- Building tests disabled.
[0.308s] -- Configuring done
[0.324s] -- Generating done
[0.331s] -- Build files have been written to: /home/d-lab/workspace/ros_ur_driver/build/ur_client_library
[0.338s] Invoked command in '/home/d-lab/workspace/ros_ur_driver/build/ur_client_library' returned '0': CMAKE_PREFIX_PATH=${CMAKE_PREFIX_PATH}:/home/d-lab/workspace/ros_ur_driver/install/ros2controlcli:/home/d-lab/workspace/ros_ur_driver/install/ros2_control_test_nodes:/opt/ros/foxy /usr/bin/cmake /home/d-lab/workspace/ros_ur_driver/src/Universal_Robots_Client_Library -DCMAKE_BUILD_TYPE=Release -DCMAKE_INSTALL_PREFIX=/home/d-lab/workspace/ros_ur_driver/install/ur_client_library
[0.340s] Invoking command in '/home/d-lab/workspace/ros_ur_driver/build/ur_client_library': CMAKE_PREFIX_PATH=${CMAKE_PREFIX_PATH}:/home/d-lab/workspace/ros_ur_driver/install/ros2controlcli:/home/d-lab/workspace/ros_ur_driver/install/ros2_control_test_nodes:/opt/ros/foxy /usr/bin/cmake --build /home/d-lab/workspace/ros_ur_driver/build/ur_client_library -- -j16 -l16
[0.445s] [ 82%] Built target urcl
[0.490s] [ 94%] Built target rtde_client_example
[0.490s] [ 94%] Built target primary_pipeline_example
[0.490s] [100%] Built target driver_example
[0.522s] Invoked command in '/home/d-lab/workspace/ros_ur_driver/build/ur_client_library' returned '0': CMAKE_PREFIX_PATH=${CMAKE_PREFIX_PATH}:/home/d-lab/workspace/ros_ur_driver/install/ros2controlcli:/home/d-lab/workspace/ros_ur_driver/install/ros2_control_test_nodes:/opt/ros/foxy /usr/bin/cmake --build /home/d-lab/workspace/ros_ur_driver/build/ur_client_library -- -j16 -l16
[0.722s] Invoking command in '/home/d-lab/workspace/ros_ur_driver/build/ur_client_library': CMAKE_PREFIX_PATH=${CMAKE_PREFIX_PATH}:/home/d-lab/workspace/ros_ur_driver/install/ros2controlcli:/home/d-lab/workspace/ros_ur_driver/install/ros2_control_test_nodes:/opt/ros/foxy /usr/bin/cmake --install /home/d-lab/workspace/ros_ur_driver/build/ur_client_library
[0.740s] -- Install configuration: "Release"
[0.741s] -- Up-to-date: /home/d-lab/workspace/ros_ur_driver/install/ur_client_library/lib/liburcl.so
[0.742s] -- Up-to-date: /home/d-lab/workspace/ros_ur_driver/install/ur_client_library/include
[0.742s] -- Up-to-date: /home/d-lab/workspace/ros_ur_driver/install/ur_client_library/include/ur_client_library
[0.742s] -- Up-to-date: /home/d-lab/workspace/ros_ur_driver/install/ur_client_library/include/ur_client_library/control
[0.742s] -- Up-to-date: /home/d-lab/workspace/ros_ur_driver/install/ur_client_library/include/ur_client_library/control/script_sender.h
[0.742s] -- Up-to-date: /home/d-lab/workspace/ros_ur_driver/install/ur_client_library/include/ur_client_library/control/trajectory_point_interface.h
[0.742s] -- Up-to-date: /home/d-lab/workspace/ros_ur_driver/install/ur_client_library/include/ur_client_library/control/reverse_interface.h
[0.745s] -- Up-to-date: /home/d-lab/workspace/ros_ur_driver/install/ur_client_library/include/ur_client_library/default_log_handler.h
[0.746s] -- Up-to-date: /home/d-lab/workspace/ros_ur_driver/install/ur_client_library/include/ur_client_library/rtde
[0.746s] -- Up-to-date: /home/d-lab/workspace/ros_ur_driver/install/ur_client_library/include/ur_client_library/rtde/control_package_setup_outputs.h
[0.747s] -- Up-to-date: /home/d-lab/workspace/ros_ur_driver/install/ur_client_library/include/ur_client_library/rtde/control_package_setup_inputs.h
[0.748s] -- Up-to-date: /home/d-lab/workspace/ros_ur_driver/install/ur_client_library/include/ur_client_library/rtde/rtde_package.h
[0.749s] -- Up-to-date: /home/d-lab/workspace/ros_ur_driver/install/ur_client_library/include/ur_client_library/rtde/rtde_client.h
[0.750s] -- Up-to-date: /home/d-lab/workspace/ros_ur_driver/install/ur_client_library/include/ur_client_library/rtde/rtde_parser.h
[0.750s] -- Up-to-date: /home/d-lab/workspace/ros_ur_driver/install/ur_client_library/include/ur_client_library/rtde/control_package_pause.h
[0.750s] -- Up-to-date: /home/d-lab/workspace/ros_ur_driver/install/ur_client_library/include/ur_client_library/rtde/control_package_start.h
[0.751s] -- Up-to-date: /home/d-lab/workspace/ros_ur_driver/install/ur_client_library/include/ur_client_library/rtde/request_protocol_version.h
[0.753s] -- Up-to-date: /home/d-lab/workspace/ros_ur_driver/install/ur_client_library/include/ur_client_library/rtde/package_header.h
[0.755s] -- Up-to-date: /home/d-lab/workspace/ros_ur_driver/install/ur_client_library/include/ur_client_library/rtde/text_message.h
[0.755s] -- Up-to-date: /home/d-lab/workspace/ros_ur_driver/install/ur_client_library/include/ur_client_library/rtde/get_urcontrol_version.h
[0.755s] -- Up-to-date: /home/d-lab/workspace/ros_ur_driver/install/ur_client_library/include/ur_client_library/rtde/rtde_writer.h
[0.756s] -- Up-to-date: /home/d-lab/workspace/ros_ur_driver/install/ur_client_library/include/ur_client_library/rtde/data_package.h
[0.756s] -- Up-to-date: /home/d-lab/workspace/ros_ur_driver/install/ur_client_library/include/ur_client_library/comm
[0.756s] -- Up-to-date: /home/d-lab/workspace/ros_ur_driver/install/ur_client_library/include/ur_client_library/comm/parser.h
[0.756s] -- Up-to-date: /home/d-lab/workspace/ros_ur_driver/install/ur_client_library/include/ur_client_library/comm/tcp_socket.h
[0.756s] -- Up-to-date: /home/d-lab/workspace/ros_ur_driver/install/ur_client_library/include/ur_client_library/comm/package_serializer.h
[0.756s] -- Up-to-date: /home/d-lab/workspace/ros_ur_driver/install/ur_client_library/include/ur_client_library/comm/bin_parser.h
[0.756s] -- Up-to-date: /home/d-lab/workspace/ros_ur_driver/install/ur_client_library/include/ur_client_library/comm/control_mode.h
[0.757s] -- Up-to-date: /home/d-lab/workspace/ros_ur_driver/install/ur_client_library/include/ur_client_library/comm/stream.h
[0.757s] -- Up-to-date: /home/d-lab/workspace/ros_ur_driver/install/ur_client_library/include/ur_client_library/comm/package.h
[0.758s] -- Up-to-date: /home/d-lab/workspace/ros_ur_driver/install/ur_client_library/include/ur_client_library/comm/tcp_server.h
[0.758s] -- Up-to-date: /home/d-lab/workspace/ros_ur_driver/install/ur_client_library/include/ur_client_library/comm/shell_consumer.h
[0.759s] -- Up-to-date: /home/d-lab/workspace/ros_ur_driver/install/ur_client_library/include/ur_client_library/comm/producer.h
[0.759s] -- Up-to-date: /home/d-lab/workspace/ros_ur_driver/install/ur_client_library/include/ur_client_library/comm/pipeline.h
[0.760s] -- Up-to-date: /home/d-lab/workspace/ros_ur_driver/install/ur_client_library/include/ur_client_library/log.h
[0.760s] -- Up-to-date: /home/d-lab/workspace/ros_ur_driver/install/ur_client_library/include/ur_client_library/queue
[0.760s] -- Up-to-date: /home/d-lab/workspace/ros_ur_driver/install/ur_client_library/include/ur_client_library/queue/readerwriterqueue.h
[0.762s] -- Up-to-date: /home/d-lab/workspace/ros_ur_driver/install/ur_client_library/include/ur_client_library/queue/LICENSE.md
[0.762s] -- Up-to-date: /home/d-lab/workspace/ros_ur_driver/install/ur_client_library/include/ur_client_library/queue/atomicops.h
[0.762s] -- Up-to-date: /home/d-lab/workspace/ros_ur_driver/install/ur_client_library/include/ur_client_library/exceptions.h
[0.763s] -- Up-to-date: /home/d-lab/workspace/ros_ur_driver/install/ur_client_library/include/ur_client_library/types.h
[0.763s] -- Up-to-date: /home/d-lab/workspace/ros_ur_driver/install/ur_client_library/include/ur_client_library/primary
[0.765s] -- Up-to-date: /home/d-lab/workspace/ros_ur_driver/install/ur_client_library/include/ur_client_library/primary/primary_package.h
[0.765s] -- Up-to-date: /home/d-lab/workspace/ros_ur_driver/install/ur_client_library/include/ur_client_library/primary/robot_message
[0.765s] -- Up-to-date: /home/d-lab/workspace/ros_ur_driver/install/ur_client_library/include/ur_client_library/primary/robot_message/version_message.h
[0.765s] -- Up-to-date: /home/d-lab/workspace/ros_ur_driver/install/ur_client_library/include/ur_client_library/primary/abstract_primary_consumer.h
[0.765s] -- Up-to-date: /home/d-lab/workspace/ros_ur_driver/install/ur_client_library/include/ur_client_library/primary/robot_message.h
[0.765s] -- Up-to-date: /home/d-lab/workspace/ros_ur_driver/install/ur_client_library/include/ur_client_library/primary/package_header.h
[0.766s] -- Up-to-date: /home/d-lab/workspace/ros_ur_driver/install/ur_client_library/include/ur_client_library/primary/robot_state.h
[0.766s] -- Up-to-date: /home/d-lab/workspace/ros_ur_driver/install/ur_client_library/include/ur_client_library/primary/primary_parser.h
[0.766s] -- Up-to-date: /home/d-lab/workspace/ros_ur_driver/install/ur_client_library/include/ur_client_library/primary/robot_state
[0.766s] -- Up-to-date: /home/d-lab/workspace/ros_ur_driver/install/ur_client_library/include/ur_client_library/primary/robot_state/kinematics_info.h
[0.766s] -- Up-to-date: /home/d-lab/workspace/ros_ur_driver/install/ur_client_library/include/ur_client_library/ur
[0.767s] -- Up-to-date: /home/d-lab/workspace/ros_ur_driver/install/ur_client_library/include/ur_client_library/ur/dashboard_client.h
[0.767s] -- Up-to-date: /home/d-lab/workspace/ros_ur_driver/install/ur_client_library/include/ur_client_library/ur/version_information.h
[0.767s] -- Up-to-date: /home/d-lab/workspace/ros_ur_driver/install/ur_client_library/include/ur_client_library/ur/tool_communication.h
[0.768s] -- Up-to-date: /home/d-lab/workspace/ros_ur_driver/install/ur_client_library/include/ur_client_library/ur/datatypes.h
[0.768s] -- Up-to-date: /home/d-lab/workspace/ros_ur_driver/install/ur_client_library/include/ur_client_library/ur/calibration_checker.h
[0.769s] -- Up-to-date: /home/d-lab/workspace/ros_ur_driver/install/ur_client_library/include/ur_client_library/ur/ur_driver.h
[0.770s] -- Up-to-date: /home/d-lab/workspace/ros_ur_driver/install/ur_client_library/lib/cmake/ur_client_library/urclTargets.cmake
[0.770s] -- Installing: /home/d-lab/workspace/ros_ur_driver/install/ur_client_library/lib/cmake/ur_client_library/urclTargets-release.cmake
[0.770s] -- Up-to-date: /home/d-lab/workspace/ros_ur_driver/install/ur_client_library/lib/cmake/ur_client_library/ur_client_libraryConfig.cmake
[0.771s] -- Up-to-date: /home/d-lab/workspace/ros_ur_driver/install/ur_client_library/share/ur_client_library/package.xml
[0.771s] -- Installing: /home/d-lab/workspace/ros_ur_driver/install/ur_client_library/share/ament_index/resource_index/packages/ur_client_library
[0.776s] -- Installing: /home/d-lab/workspace/ros_ur_driver/install/ur_client_library/share/ur_client_library/hook/ament_prefix_path.dsv
[0.777s] -- Installing: /home/d-lab/workspace/ros_ur_driver/install/ur_client_library/share/ur_client_library/hook/ros_package_path.dsv
[0.778s] -- Up-to-date: /home/d-lab/workspace/ros_ur_driver/install/ur_client_library/share/ur_client_library/resources
[0.778s] -- Up-to-date: /home/d-lab/workspace/ros_ur_driver/install/ur_client_library/share/ur_client_library/resources/external_control.urscript
[0.789s] Invoked command in '/home/d-lab/workspace/ros_ur_driver/build/ur_client_library' returned '0': CMAKE_PREFIX_PATH=${CMAKE_PREFIX_PATH}:/home/d-lab/workspace/ros_ur_driver/install/ros2controlcli:/home/d-lab/workspace/ros_ur_driver/install/ros2_control_test_nodes:/opt/ros/foxy /usr/bin/cmake --install /home/d-lab/workspace/ros_ur_driver/build/ur_client_library
