Performing C SOURCE FILE Test CMAKE_HAVE_LIBC_PTHREAD failed with the following output:
Change Dir: /home/d-lab/workspace/ros_ur_driver/build/moveit_planners_ompl/CMakeFiles/CMakeTmp

Run Build Command(s):/usr/bin/make cmTC_ee0a1/fast && /usr/bin/make -f CMakeFiles/cmTC_ee0a1.dir/build.make CMakeFiles/cmTC_ee0a1.dir/build
make[1]: Entering directory '/home/d-lab/workspace/ros_ur_driver/build/moveit_planners_ompl/CMakeFiles/CMakeTmp'
Building C object CMakeFiles/cmTC_ee0a1.dir/src.c.o
/usr/bin/cc   -DCMAKE_HAVE_LIBC_PTHREAD   -o CMakeFiles/cmTC_ee0a1.dir/src.c.o   -c /home/d-lab/workspace/ros_ur_driver/build/moveit_planners_ompl/CMakeFiles/CMakeTmp/src.c
Linking C executable cmTC_ee0a1
/usr/bin/cmake -E cmake_link_script CMakeFiles/cmTC_ee0a1.dir/link.txt --verbose=1
/usr/bin/cc  -DCMAKE_HAVE_LIBC_PTHREAD    CMakeFiles/cmTC_ee0a1.dir/src.c.o  -o cmTC_ee0a1 
/usr/bin/ld: CMakeFiles/cmTC_ee0a1.dir/src.c.o: in function `main':
src.c:(.text+0x46): undefined reference to `pthread_create'
/usr/bin/ld: src.c:(.text+0x52): undefined reference to `pthread_detach'
/usr/bin/ld: src.c:(.text+0x63): undefined reference to `pthread_join'
collect2: error: ld returned 1 exit status
make[1]: *** [CMakeFiles/cmTC_ee0a1.dir/build.make:87: cmTC_ee0a1] Error 1
make[1]: Leaving directory '/home/d-lab/workspace/ros_ur_driver/build/moveit_planners_ompl/CMakeFiles/CMakeTmp'
make: *** [Makefile:121: cmTC_ee0a1/fast] Error 2


Source file was:
#include <pthread.h>

void* test_func(void* data)
{
  return data;
}

int main(void)
{
  pthread_t thread;
  pthread_create(&thread, NULL, test_func, NULL);
  pthread_detach(thread);
  pthread_join(thread, NULL);
  pthread_atfork(NULL, NULL, NULL);
  pthread_exit(NULL);

  return 0;
}

Determining if the function pthread_create exists in the pthreads failed with the following output:
Change Dir: /home/d-lab/workspace/ros_ur_driver/build/moveit_planners_ompl/CMakeFiles/CMakeTmp

Run Build Command(s):/usr/bin/make cmTC_e8bcb/fast && /usr/bin/make -f CMakeFiles/cmTC_e8bcb.dir/build.make CMakeFiles/cmTC_e8bcb.dir/build
make[1]: Entering directory '/home/d-lab/workspace/ros_ur_driver/build/moveit_planners_ompl/CMakeFiles/CMakeTmp'
Building C object CMakeFiles/cmTC_e8bcb.dir/CheckFunctionExists.c.o
/usr/bin/cc   -DCHECK_FUNCTION_EXISTS=pthread_create   -o CMakeFiles/cmTC_e8bcb.dir/CheckFunctionExists.c.o   -c /usr/share/cmake-3.16/Modules/CheckFunctionExists.c
Linking C executable cmTC_e8bcb
/usr/bin/cmake -E cmake_link_script CMakeFiles/cmTC_e8bcb.dir/link.txt --verbose=1
/usr/bin/cc  -DCHECK_FUNCTION_EXISTS=pthread_create    CMakeFiles/cmTC_e8bcb.dir/CheckFunctionExists.c.o  -o cmTC_e8bcb  -lpthreads 
/usr/bin/ld: cannot find -lpthreads
collect2: error: ld returned 1 exit status
make[1]: *** [CMakeFiles/cmTC_e8bcb.dir/build.make:87: cmTC_e8bcb] Error 1
make[1]: Leaving directory '/home/d-lab/workspace/ros_ur_driver/build/moveit_planners_ompl/CMakeFiles/CMakeTmp'
make: *** [Makefile:121: cmTC_e8bcb/fast] Error 2



