[0.039s] Invoking command in '/home/d-lab/workspace/ros_ur_driver/build/position_controllers': AMENT_PREFIX_PATH=/home/d-lab/workspace/ros_ur_driver/install/forward_command_controller:/home/d-lab/workspace/ros_ur_driver/install/controller_manager:/home/d-lab/workspace/ros_ur_driver/install/controller_interface:/home/d-lab/workspace/ros_ur_driver/install/hardware_interface:/home/d-lab/workspace/ros_ur_driver/install/ros2_control_test_assets:/home/d-lab/workspace/ros_ur_driver/install/controller_manager_msgs:/home/d-lab/workspace/ros_ur_driver/install/control_msgs:${AMENT_PREFIX_PATH} CMAKE_PREFIX_PATH=/home/d-lab/workspace/ros_ur_driver/install/forward_command_controller:/home/d-lab/workspace/ros_ur_driver/install/controller_manager:/home/d-lab/workspace/ros_ur_driver/install/controller_interface:/home/d-lab/workspace/ros_ur_driver/install/hardware_interface:/home/d-lab/workspace/ros_ur_driver/install/ros2_control_test_assets:/home/d-lab/workspace/ros_ur_driver/install/controller_manager_msgs:/home/d-lab/workspace/ros_ur_driver/install/control_msgs:/opt/ros/foxy LD_LIBRARY_PATH=/home/d-lab/workspace/ros_ur_driver/install/forward_command_controller/lib:/home/d-lab/workspace/ros_ur_driver/install/controller_manager/lib:/home/d-lab/workspace/ros_ur_driver/install/controller_interface/lib:/home/d-lab/workspace/ros_ur_driver/install/hardware_interface/lib:/home/d-lab/workspace/ros_ur_driver/install/controller_manager_msgs/lib:/home/d-lab/workspace/ros_ur_driver/install/control_msgs/lib:${LD_LIBRARY_PATH} PYTHONPATH=/home/d-lab/workspace/ros_ur_driver/install/controller_manager/lib/python3.8/site-packages:/home/d-lab/workspace/ros_ur_driver/install/controller_manager_msgs/lib/python3.8/site-packages:/home/d-lab/workspace/ros_ur_driver/install/control_msgs/lib/python3.8/site-packages:${PYTHONPATH} /usr/bin/cmake --build /home/d-lab/workspace/ros_ur_driver/build/position_controllers -- -j16 -l16
[0.065s] -- Found ament_cmake: 0.9.9 (/opt/ros/foxy/share/ament_cmake/cmake)
[0.091s] -- Using PYTHON_EXECUTABLE: /usr/bin/python3
[0.295s] -- Found forward_command_controller: 0.8.0 (/home/d-lab/workspace/ros_ur_driver/install/forward_command_controller/share/forward_command_controller/cmake)
[0.326s] -- Using all available rosidl_typesupport_c: rosidl_typesupport_fastrtps_c;rosidl_typesupport_introspection_c
[0.329s] -- Found rosidl_adapter: 1.2.1 (/opt/ros/foxy/share/rosidl_adapter/cmake)
[0.477s] -- Using all available rosidl_typesupport_cpp: rosidl_typesupport_fastrtps_cpp;rosidl_typesupport_introspection_cpp
[1.084s] -- Found rmw_implementation_cmake: 1.0.3 (/opt/ros/foxy/share/rmw_implementation_cmake/cmake)
[1.086s] -- Using RMW implementation 'rmw_fastrtps_cpp' as default
[1.667s] -- Found ament_cmake_gmock: 0.9.9 (/opt/ros/foxy/share/ament_cmake_gmock/cmake)
[1.667s] -- Found controller_manager: 0.10.0 (/home/d-lab/workspace/ros_ur_driver/install/controller_manager/share/controller_manager/cmake)
[1.745s] -- Found ros2_control_test_assets: 0.10.0 (/home/d-lab/workspace/ros_ur_driver/install/ros2_control_test_assets/share/ros2_control_test_assets/cmake)
[1.747s] -- Found gmock sources under '/opt/ros/foxy/src/gmock_vendor': C++ tests using 'Google Mock' will be built
[1.749s] -- Found ament_cmake_gtest: 0.9.9 (/opt/ros/foxy/share/ament_cmake_gtest/cmake)
[1.751s] -- Found gtest sources under '/opt/ros/foxy/src/gtest_vendor': C++ tests using 'Google Test' will be built
[1.914s] -- Configuring done
[1.999s] -- Generating done
[2.001s] -- Build files have been written to: /home/d-lab/workspace/ros_ur_driver/build/position_controllers
[2.037s] [35m[1mScanning dependencies of target position_controllers[0m
[2.053s] [ 27%] Built target gmock_main
[2.053s] [ 45%] Built target gmock
[2.069s] [35m[1mScanning dependencies of target test_load_joint_group_position_controller[0m
[2.081s] [ 54%] [32mBuilding CXX object CMakeFiles/position_controllers.dir/src/joint_group_position_controller.cpp.o[0m
[2.135s] [ 63%] [32mBuilding CXX object CMakeFiles/test_load_joint_group_position_controller.dir/test/test_load_joint_group_position_controller.cpp.o[0m
[4.394s] [ 72%] [32m[1mLinking CXX shared library libposition_controllers.so[0m
[4.541s] [ 72%] Built target position_controllers
[4.555s] [35m[1mScanning dependencies of target test_joint_group_position_controller[0m
[4.603s] [ 81%] [32mBuilding CXX object CMakeFiles/test_joint_group_position_controller.dir/test/test_joint_group_position_controller.cpp.o[0m
[7.101s] [ 90%] [32m[1mLinking CXX executable test_load_joint_group_position_controller[0m
[7.448s] [ 90%] Built target test_load_joint_group_position_controller
[11.897s] [100%] [32m[1mLinking CXX executable test_joint_group_position_controller[0m
[12.085s] [100%] Built target test_joint_group_position_controller
[12.097s] Invoked command in '/home/d-lab/workspace/ros_ur_driver/build/position_controllers' returned '0': AMENT_PREFIX_PATH=/home/d-lab/workspace/ros_ur_driver/install/forward_command_controller:/home/d-lab/workspace/ros_ur_driver/install/controller_manager:/home/d-lab/workspace/ros_ur_driver/install/controller_interface:/home/d-lab/workspace/ros_ur_driver/install/hardware_interface:/home/d-lab/workspace/ros_ur_driver/install/ros2_control_test_assets:/home/d-lab/workspace/ros_ur_driver/install/controller_manager_msgs:/home/d-lab/workspace/ros_ur_driver/install/control_msgs:${AMENT_PREFIX_PATH} CMAKE_PREFIX_PATH=/home/d-lab/workspace/ros_ur_driver/install/forward_command_controller:/home/d-lab/workspace/ros_ur_driver/install/controller_manager:/home/d-lab/workspace/ros_ur_driver/install/controller_interface:/home/d-lab/workspace/ros_ur_driver/install/hardware_interface:/home/d-lab/workspace/ros_ur_driver/install/ros2_control_test_assets:/home/d-lab/workspace/ros_ur_driver/install/controller_manager_msgs:/home/d-lab/workspace/ros_ur_driver/install/control_msgs:/opt/ros/foxy LD_LIBRARY_PATH=/home/d-lab/workspace/ros_ur_driver/install/forward_command_controller/lib:/home/d-lab/workspace/ros_ur_driver/install/controller_manager/lib:/home/d-lab/workspace/ros_ur_driver/install/controller_interface/lib:/home/d-lab/workspace/ros_ur_driver/install/hardware_interface/lib:/home/d-lab/workspace/ros_ur_driver/install/controller_manager_msgs/lib:/home/d-lab/workspace/ros_ur_driver/install/control_msgs/lib:${LD_LIBRARY_PATH} PYTHONPATH=/home/d-lab/workspace/ros_ur_driver/install/controller_manager/lib/python3.8/site-packages:/home/d-lab/workspace/ros_ur_driver/install/controller_manager_msgs/lib/python3.8/site-packages:/home/d-lab/workspace/ros_ur_driver/install/control_msgs/lib/python3.8/site-packages:${PYTHONPATH} /usr/bin/cmake --build /home/d-lab/workspace/ros_ur_driver/build/position_controllers -- -j16 -l16
[12.133s] Invoking command in '/home/d-lab/workspace/ros_ur_driver/build/position_controllers': AMENT_PREFIX_PATH=/home/d-lab/workspace/ros_ur_driver/install/forward_command_controller:/home/d-lab/workspace/ros_ur_driver/install/controller_manager:/home/d-lab/workspace/ros_ur_driver/install/controller_interface:/home/d-lab/workspace/ros_ur_driver/install/hardware_interface:/home/d-lab/workspace/ros_ur_driver/install/ros2_control_test_assets:/home/d-lab/workspace/ros_ur_driver/install/controller_manager_msgs:/home/d-lab/workspace/ros_ur_driver/install/control_msgs:${AMENT_PREFIX_PATH} CMAKE_PREFIX_PATH=/home/d-lab/workspace/ros_ur_driver/install/forward_command_controller:/home/d-lab/workspace/ros_ur_driver/install/controller_manager:/home/d-lab/workspace/ros_ur_driver/install/controller_interface:/home/d-lab/workspace/ros_ur_driver/install/hardware_interface:/home/d-lab/workspace/ros_ur_driver/install/ros2_control_test_assets:/home/d-lab/workspace/ros_ur_driver/install/controller_manager_msgs:/home/d-lab/workspace/ros_ur_driver/install/control_msgs:/opt/ros/foxy LD_LIBRARY_PATH=/home/d-lab/workspace/ros_ur_driver/install/forward_command_controller/lib:/home/d-lab/workspace/ros_ur_driver/install/controller_manager/lib:/home/d-lab/workspace/ros_ur_driver/install/controller_interface/lib:/home/d-lab/workspace/ros_ur_driver/install/hardware_interface/lib:/home/d-lab/workspace/ros_ur_driver/install/controller_manager_msgs/lib:/home/d-lab/workspace/ros_ur_driver/install/control_msgs/lib:${LD_LIBRARY_PATH} PYTHONPATH=/home/d-lab/workspace/ros_ur_driver/install/controller_manager/lib/python3.8/site-packages:/home/d-lab/workspace/ros_ur_driver/install/controller_manager_msgs/lib/python3.8/site-packages:/home/d-lab/workspace/ros_ur_driver/install/control_msgs/lib/python3.8/site-packages:${PYTHONPATH} /usr/bin/cmake --install /home/d-lab/workspace/ros_ur_driver/build/position_controllers
[12.141s] -- Install configuration: "Release"
[12.141s] -- Installing: /home/d-lab/workspace/ros_ur_driver/install/position_controllers/share/position_controllers/position_controllers_plugins.xml
[12.142s] -- Up-to-date: /home/d-lab/workspace/ros_ur_driver/install/position_controllers/include
[12.142s] -- Up-to-date: /home/d-lab/workspace/ros_ur_driver/install/position_controllers/include/position_controllers
[12.142s] -- Installing: /home/d-lab/workspace/ros_ur_driver/install/position_controllers/include/position_controllers/visibility_control.h
[12.142s] -- Installing: /home/d-lab/workspace/ros_ur_driver/install/position_controllers/include/position_controllers/joint_group_position_controller.hpp
[12.142s] -- Installing: /home/d-lab/workspace/ros_ur_driver/install/position_controllers/lib/libposition_controllers.so
[12.142s] -- Set runtime path of "/home/d-lab/workspace/ros_ur_driver/install/position_controllers/lib/libposition_controllers.so" to ""
[12.142s] -- Up-to-date: /home/d-lab/workspace/ros_ur_driver/install/position_controllers/share/position_controllers/environment/library_path.sh
[12.142s] -- Installing: /home/d-lab/workspace/ros_ur_driver/install/position_controllers/share/position_controllers/environment/library_path.dsv
[12.143s] -- Up-to-date: /home/d-lab/workspace/ros_ur_driver/install/position_controllers/share/ament_index/resource_index/package_run_dependencies/position_controllers
[12.143s] -- Installing: /home/d-lab/workspace/ros_ur_driver/install/position_controllers/share/ament_index/resource_index/parent_prefix_path/position_controllers
[12.143s] -- Up-to-date: /home/d-lab/workspace/ros_ur_driver/install/position_controllers/share/position_controllers/environment/ament_prefix_path.sh
[12.143s] -- Installing: /home/d-lab/workspace/ros_ur_driver/install/position_controllers/share/position_controllers/environment/ament_prefix_path.dsv
[12.143s] -- Up-to-date: /home/d-lab/workspace/ros_ur_driver/install/position_controllers/share/position_controllers/environment/path.sh
[12.143s] -- Installing: /home/d-lab/workspace/ros_ur_driver/install/position_controllers/share/position_controllers/environment/path.dsv
[12.143s] -- Up-to-date: /home/d-lab/workspace/ros_ur_driver/install/position_controllers/share/position_controllers/local_setup.bash
[12.144s] -- Up-to-date: /home/d-lab/workspace/ros_ur_driver/install/position_controllers/share/position_controllers/local_setup.sh
[12.144s] -- Up-to-date: /home/d-lab/workspace/ros_ur_driver/install/position_controllers/share/position_controllers/local_setup.zsh
[12.144s] -- Installing: /home/d-lab/workspace/ros_ur_driver/install/position_controllers/share/position_controllers/local_setup.dsv
[12.144s] -- Installing: /home/d-lab/workspace/ros_ur_driver/install/position_controllers/share/position_controllers/package.dsv
[12.144s] -- Up-to-date: /home/d-lab/workspace/ros_ur_driver/install/position_controllers/share/ament_index/resource_index/packages/position_controllers
[12.144s] -- Up-to-date: /home/d-lab/workspace/ros_ur_driver/install/position_controllers/share/ament_index/resource_index/controller_interface__pluginlib__plugin/position_controllers
[12.144s] -- Up-to-date: /home/d-lab/workspace/ros_ur_driver/install/position_controllers/share/position_controllers/cmake/ament_cmake_export_dependencies-extras.cmake
[12.144s] -- Up-to-date: /home/d-lab/workspace/ros_ur_driver/install/position_controllers/share/position_controllers/cmake/ament_cmake_export_include_directories-extras.cmake
[12.144s] -- Up-to-date: /home/d-lab/workspace/ros_ur_driver/install/position_controllers/share/position_controllers/cmake/ament_cmake_export_libraries-extras.cmake
[12.145s] -- Installing: /home/d-lab/workspace/ros_ur_driver/install/position_controllers/share/position_controllers/cmake/position_controllersConfig.cmake
[12.145s] -- Installing: /home/d-lab/workspace/ros_ur_driver/install/position_controllers/share/position_controllers/cmake/position_controllersConfig-version.cmake
[12.145s] -- Installing: /home/d-lab/workspace/ros_ur_driver/install/position_controllers/share/position_controllers/package.xml
[12.148s] Invoked command in '/home/d-lab/workspace/ros_ur_driver/build/position_controllers' returned '0': AMENT_PREFIX_PATH=/home/d-lab/workspace/ros_ur_driver/install/forward_command_controller:/home/d-lab/workspace/ros_ur_driver/install/controller_manager:/home/d-lab/workspace/ros_ur_driver/install/controller_interface:/home/d-lab/workspace/ros_ur_driver/install/hardware_interface:/home/d-lab/workspace/ros_ur_driver/install/ros2_control_test_assets:/home/d-lab/workspace/ros_ur_driver/install/controller_manager_msgs:/home/d-lab/workspace/ros_ur_driver/install/control_msgs:${AMENT_PREFIX_PATH} CMAKE_PREFIX_PATH=/home/d-lab/workspace/ros_ur_driver/install/forward_command_controller:/home/d-lab/workspace/ros_ur_driver/install/controller_manager:/home/d-lab/workspace/ros_ur_driver/install/controller_interface:/home/d-lab/workspace/ros_ur_driver/install/hardware_interface:/home/d-lab/workspace/ros_ur_driver/install/ros2_control_test_assets:/home/d-lab/workspace/ros_ur_driver/install/controller_manager_msgs:/home/d-lab/workspace/ros_ur_driver/install/control_msgs:/opt/ros/foxy LD_LIBRARY_PATH=/home/d-lab/workspace/ros_ur_driver/install/forward_command_controller/lib:/home/d-lab/workspace/ros_ur_driver/install/controller_manager/lib:/home/d-lab/workspace/ros_ur_driver/install/controller_interface/lib:/home/d-lab/workspace/ros_ur_driver/install/hardware_interface/lib:/home/d-lab/workspace/ros_ur_driver/install/controller_manager_msgs/lib:/home/d-lab/workspace/ros_ur_driver/install/control_msgs/lib:${LD_LIBRARY_PATH} PYTHONPATH=/home/d-lab/workspace/ros_ur_driver/install/controller_manager/lib/python3.8/site-packages:/home/d-lab/workspace/ros_ur_driver/install/controller_manager_msgs/lib/python3.8/site-packages:/home/d-lab/workspace/ros_ur_driver/install/control_msgs/lib/python3.8/site-packages:${PYTHONPATH} /usr/bin/cmake --install /home/d-lab/workspace/ros_ur_driver/build/position_controllers
