[ 12%] Built target gmock
[ 20%] Built target gmock_main
[ 28%] Built target controller_manager
[ 36%] Built target test_controller
[ 44%] Built target test_controller_with_interfaces
[ 52%] Built target test_controller_failed_init
[ 60%] Built target ros2_control_node
[ 68%] Built target test_controller_manager_srvs
[ 76%] Built target test_controller_manager
[ 84%] Built target test_spawner_unspawner
[ 92%] Built target test_release_interfaces
[100%] Built target test_load_controller
-- Install configuration: ""
-- Up-to-date: /home/d-lab/workspace/ros_ur_driver/src/install/controller_manager/lib/libcontroller_manager.so
-- Up-to-date: /home/d-lab/workspace/ros_ur_driver/src/install/controller_manager/lib/controller_manager/ros2_control_node
-- Up-to-date: /home/d-lab/workspace/ros_ur_driver/src/install/controller_manager/include
-- Up-to-date: /home/d-lab/workspace/ros_ur_driver/src/install/controller_manager/include/controller_manager
-- Up-to-date: /home/d-lab/workspace/ros_ur_driver/src/install/controller_manager/include/controller_manager/controller_manager.hpp
-- Up-to-date: /home/d-lab/workspace/ros_ur_driver/src/install/controller_manager/include/controller_manager/visibility_control.h
-- Up-to-date: /home/d-lab/workspace/ros_ur_driver/src/install/controller_manager/include/controller_manager/controller_spec.hpp
-- Up-to-date: /home/d-lab/workspace/ros_ur_driver/src/install/controller_manager/lib/controller_manager/spawner.py
-- Up-to-date: /home/d-lab/workspace/ros_ur_driver/src/install/controller_manager/lib/controller_manager/unspawner.py
-- Up-to-date: /home/d-lab/workspace/ros_ur_driver/src/install/controller_manager/share/controller_manager/test/test_controller/test_controller.xml
-- Up-to-date: /home/d-lab/workspace/ros_ur_driver/src/install/controller_manager/lib/libtest_controller.so
-- Up-to-date: /home/d-lab/workspace/ros_ur_driver/src/install/controller_manager/share/controller_manager/test/test_controller_failed_init/test_controller_failed_init.xml
-- Up-to-date: /home/d-lab/workspace/ros_ur_driver/src/install/controller_manager/lib/libtest_controller_failed_init.so
-- Up-to-date: /home/d-lab/workspace/ros_ur_driver/src/install/controller_manager/share/controller_manager/test/test_controller_with_interfaces/test_controller_with_interfaces.xml
-- Up-to-date: /home/d-lab/workspace/ros_ur_driver/src/install/controller_manager/lib/libtest_controller_with_interfaces.so
-- Up-to-date: /home/d-lab/workspace/ros_ur_driver/src/install/controller_manager/share/controller_manager/environment/pythonpath.sh
-- Up-to-date: /home/d-lab/workspace/ros_ur_driver/src/install/controller_manager/share/controller_manager/environment/pythonpath.dsv
-- Up-to-date: /home/d-lab/workspace/ros_ur_driver/src/install/controller_manager/lib/python3.8/site-packages/controller_manager
-- Up-to-date: /home/d-lab/workspace/ros_ur_driver/src/install/controller_manager/lib/python3.8/site-packages/controller_manager/launch_utils.py
-- Up-to-date: /home/d-lab/workspace/ros_ur_driver/src/install/controller_manager/lib/python3.8/site-packages/controller_manager/controller_manager_services.py
-- Up-to-date: /home/d-lab/workspace/ros_ur_driver/src/install/controller_manager/lib/python3.8/site-packages/controller_manager/__init__.py
Listing '/home/d-lab/workspace/ros_ur_driver/src/install/controller_manager/lib/python3.8/site-packages/controller_manager'...
-- Up-to-date: /home/d-lab/workspace/ros_ur_driver/src/install/controller_manager/share/controller_manager/environment/library_path.sh
-- Up-to-date: /home/d-lab/workspace/ros_ur_driver/src/install/controller_manager/share/controller_manager/environment/library_path.dsv
-- Up-to-date: /home/d-lab/workspace/ros_ur_driver/src/install/controller_manager/share/ament_index/resource_index/package_run_dependencies/controller_manager
-- Up-to-date: /home/d-lab/workspace/ros_ur_driver/src/install/controller_manager/share/ament_index/resource_index/parent_prefix_path/controller_manager
-- Up-to-date: /home/d-lab/workspace/ros_ur_driver/src/install/controller_manager/share/controller_manager/environment/ament_prefix_path.sh
-- Up-to-date: /home/d-lab/workspace/ros_ur_driver/src/install/controller_manager/share/controller_manager/environment/ament_prefix_path.dsv
-- Up-to-date: /home/d-lab/workspace/ros_ur_driver/src/install/controller_manager/share/controller_manager/environment/path.sh
-- Up-to-date: /home/d-lab/workspace/ros_ur_driver/src/install/controller_manager/share/controller_manager/environment/path.dsv
-- Up-to-date: /home/d-lab/workspace/ros_ur_driver/src/install/controller_manager/share/controller_manager/local_setup.bash
-- Up-to-date: /home/d-lab/workspace/ros_ur_driver/src/install/controller_manager/share/controller_manager/local_setup.sh
-- Up-to-date: /home/d-lab/workspace/ros_ur_driver/src/install/controller_manager/share/controller_manager/local_setup.zsh
-- Up-to-date: /home/d-lab/workspace/ros_ur_driver/src/install/controller_manager/share/controller_manager/local_setup.dsv
-- Installing: /home/d-lab/workspace/ros_ur_driver/src/install/controller_manager/share/controller_manager/package.dsv
-- Up-to-date: /home/d-lab/workspace/ros_ur_driver/src/install/controller_manager/share/ament_index/resource_index/packages/controller_manager
-- Up-to-date: /home/d-lab/workspace/ros_ur_driver/src/install/controller_manager/share/ament_index/resource_index/controller_interface__pluginlib__plugin/controller_manager
-- Up-to-date: /home/d-lab/workspace/ros_ur_driver/src/install/controller_manager/share/controller_manager/cmake/ament_cmake_export_libraries-extras.cmake
-- Up-to-date: /home/d-lab/workspace/ros_ur_driver/src/install/controller_manager/share/controller_manager/cmake/ament_cmake_export_include_directories-extras.cmake
-- Up-to-date: /home/d-lab/workspace/ros_ur_driver/src/install/controller_manager/share/controller_manager/cmake/ament_cmake_export_dependencies-extras.cmake
-- Up-to-date: /home/d-lab/workspace/ros_ur_driver/src/install/controller_manager/share/controller_manager/cmake/controller_managerConfig.cmake
-- Up-to-date: /home/d-lab/workspace/ros_ur_driver/src/install/controller_manager/share/controller_manager/cmake/controller_managerConfig-version.cmake
-- Up-to-date: /home/d-lab/workspace/ros_ur_driver/src/install/controller_manager/share/controller_manager/package.xml
