-- Install configuration: ""
-- Up-to-date: /home/d-lab/workspace/ros_ur_driver/install/robotiq_description/share/robotiq_description/config
-- Up-to-date: /home/d-lab/workspace/ros_ur_driver/install/robotiq_description/share/robotiq_description/config/robotiq_85.rviz
-- Up-to-date: /home/d-lab/workspace/ros_ur_driver/install/robotiq_description/share/robotiq_description/launch
-- Up-to-date: /home/d-lab/workspace/ros_ur_driver/install/robotiq_description/share/robotiq_description/launch/display_robotiq85.launch
-- Up-to-date: /home/d-lab/workspace/ros_ur_driver/install/robotiq_description/share/robotiq_description/meshes
-- Up-to-date: /home/d-lab/workspace/ros_ur_driver/install/robotiq_description/share/robotiq_description/meshes/visual
-- Up-to-date: /home/d-lab/workspace/ros_ur_driver/install/robotiq_description/share/robotiq_description/meshes/visual/robotiq_85_knuckle_link.dae
-- Up-to-date: /home/d-lab/workspace/ros_ur_driver/install/robotiq_description/share/robotiq_description/meshes/visual/robotiq_85_finger_tip_link.dae
-- Up-to-date: /home/d-lab/workspace/ros_ur_driver/install/robotiq_description/share/robotiq_description/meshes/visual/robotiq_85_inner_knuckle_link.dae
-- Up-to-date: /home/d-lab/workspace/ros_ur_driver/install/robotiq_description/share/robotiq_description/meshes/visual/robotiq_85_finger_link.dae
-- Up-to-date: /home/d-lab/workspace/ros_ur_driver/install/robotiq_description/share/robotiq_description/meshes/visual/robotiq_85_base_link.dae
-- Up-to-date: /home/d-lab/workspace/ros_ur_driver/install/robotiq_description/share/robotiq_description/meshes/collision
-- Up-to-date: /home/d-lab/workspace/ros_ur_driver/install/robotiq_description/share/robotiq_description/meshes/collision/robotiq_85_base_link.stl
-- Up-to-date: /home/d-lab/workspace/ros_ur_driver/install/robotiq_description/share/robotiq_description/meshes/collision/robotiq_85_knuckle_link.stl
-- Up-to-date: /home/d-lab/workspace/ros_ur_driver/install/robotiq_description/share/robotiq_description/meshes/collision/robotiq_85_finger_tip_link.stl
-- Up-to-date: /home/d-lab/workspace/ros_ur_driver/install/robotiq_description/share/robotiq_description/meshes/collision/robotiq_85_finger_link.stl
-- Up-to-date: /home/d-lab/workspace/ros_ur_driver/install/robotiq_description/share/robotiq_description/meshes/collision/robotiq_85_inner_knuckle_link.stl
-- Up-to-date: /home/d-lab/workspace/ros_ur_driver/install/robotiq_description/share/robotiq_description/meshes/robotiq_85_coupler.stl
-- Up-to-date: /home/d-lab/workspace/ros_ur_driver/install/robotiq_description/share/robotiq_description/urdf
-- Up-to-date: /home/d-lab/workspace/ros_ur_driver/install/robotiq_description/share/robotiq_description/urdf/robotiq_85_gripper_sim_base.urdf.xacro
-- Up-to-date: /home/d-lab/workspace/ros_ur_driver/install/robotiq_description/share/robotiq_description/urdf/log
-- Up-to-date: /home/d-lab/workspace/ros_ur_driver/install/robotiq_description/share/robotiq_description/urdf/log/COLCON_IGNORE
-- Up-to-date: /home/d-lab/workspace/ros_ur_driver/install/robotiq_description/share/robotiq_description/urdf/log/build_2022-06-21_16-44-11
-- Up-to-date: /home/d-lab/workspace/ros_ur_driver/install/robotiq_description/share/robotiq_description/urdf/log/build_2022-06-21_16-44-11/logger_all.log
-- Up-to-date: /home/d-lab/workspace/ros_ur_driver/install/robotiq_description/share/robotiq_description/urdf/log/build_2022-06-21_16-44-11/events.log
-- Up-to-date: /home/d-lab/workspace/ros_ur_driver/install/robotiq_description/share/robotiq_description/urdf/log/latest
-- Up-to-date: /home/d-lab/workspace/ros_ur_driver/install/robotiq_description/share/robotiq_description/urdf/log/latest_build
-- Up-to-date: /home/d-lab/workspace/ros_ur_driver/install/robotiq_description/share/robotiq_description/urdf/install
-- Up-to-date: /home/d-lab/workspace/ros_ur_driver/install/robotiq_description/share/robotiq_description/urdf/install/_local_setup_util_ps1.py
-- Up-to-date: /home/d-lab/workspace/ros_ur_driver/install/robotiq_description/share/robotiq_description/urdf/install/local_setup.zsh
-- Up-to-date: /home/d-lab/workspace/ros_ur_driver/install/robotiq_description/share/robotiq_description/urdf/install/COLCON_IGNORE
-- Up-to-date: /home/d-lab/workspace/ros_ur_driver/install/robotiq_description/share/robotiq_description/urdf/install/setup.ps1
-- Up-to-date: /home/d-lab/workspace/ros_ur_driver/install/robotiq_description/share/robotiq_description/urdf/install/local_setup.sh
-- Up-to-date: /home/d-lab/workspace/ros_ur_driver/install/robotiq_description/share/robotiq_description/urdf/install/setup.zsh
-- Up-to-date: /home/d-lab/workspace/ros_ur_driver/install/robotiq_description/share/robotiq_description/urdf/install/local_setup.bash
-- Up-to-date: /home/d-lab/workspace/ros_ur_driver/install/robotiq_description/share/robotiq_description/urdf/install/local_setup.ps1
-- Up-to-date: /home/d-lab/workspace/ros_ur_driver/install/robotiq_description/share/robotiq_description/urdf/install/setup.bash
-- Up-to-date: /home/d-lab/workspace/ros_ur_driver/install/robotiq_description/share/robotiq_description/urdf/install/_local_setup_util_sh.py
-- Up-to-date: /home/d-lab/workspace/ros_ur_driver/install/robotiq_description/share/robotiq_description/urdf/install/setup.sh
-- Up-to-date: /home/d-lab/workspace/ros_ur_driver/install/robotiq_description/share/robotiq_description/urdf/install/.colcon_install_layout
-- Up-to-date: /home/d-lab/workspace/ros_ur_driver/install/robotiq_description/share/robotiq_description/urdf/robotiq_85_gripper.xacro
-- Up-to-date: /home/d-lab/workspace/ros_ur_driver/install/robotiq_description/share/robotiq_description/urdf/robotiq_85_gripper.transmission.xacro
-- Up-to-date: /home/d-lab/workspace/ros_ur_driver/install/robotiq_description/share/robotiq_description/urdf/build
-- Up-to-date: /home/d-lab/workspace/ros_ur_driver/install/robotiq_description/share/robotiq_description/urdf/build/COLCON_IGNORE
-- Up-to-date: /home/d-lab/workspace/ros_ur_driver/install/robotiq_description/share/robotiq_description/urdf/build/.built_by
-- Up-to-date: /home/d-lab/workspace/ros_ur_driver/install/robotiq_description/share/robotiq_description/urdf/robotiq_85_gripper.urdf.xacro
-- Up-to-date: /home/d-lab/workspace/ros_ur_driver/install/robotiq_description/share/ament_index/resource_index/package_run_dependencies/robotiq_description
-- Up-to-date: /home/d-lab/workspace/ros_ur_driver/install/robotiq_description/share/ament_index/resource_index/parent_prefix_path/robotiq_description
-- Up-to-date: /home/d-lab/workspace/ros_ur_driver/install/robotiq_description/share/robotiq_description/environment/ament_prefix_path.sh
-- Up-to-date: /home/d-lab/workspace/ros_ur_driver/install/robotiq_description/share/robotiq_description/environment/ament_prefix_path.dsv
-- Up-to-date: /home/d-lab/workspace/ros_ur_driver/install/robotiq_description/share/robotiq_description/environment/path.sh
-- Up-to-date: /home/d-lab/workspace/ros_ur_driver/install/robotiq_description/share/robotiq_description/environment/path.dsv
-- Up-to-date: /home/d-lab/workspace/ros_ur_driver/install/robotiq_description/share/robotiq_description/local_setup.bash
-- Up-to-date: /home/d-lab/workspace/ros_ur_driver/install/robotiq_description/share/robotiq_description/local_setup.sh
-- Up-to-date: /home/d-lab/workspace/ros_ur_driver/install/robotiq_description/share/robotiq_description/local_setup.zsh
-- Up-to-date: /home/d-lab/workspace/ros_ur_driver/install/robotiq_description/share/robotiq_description/local_setup.dsv
-- Installing: /home/d-lab/workspace/ros_ur_driver/install/robotiq_description/share/robotiq_description/package.dsv
-- Up-to-date: /home/d-lab/workspace/ros_ur_driver/install/robotiq_description/share/ament_index/resource_index/packages/robotiq_description
-- Up-to-date: /home/d-lab/workspace/ros_ur_driver/install/robotiq_description/share/robotiq_description/cmake/robotiq_descriptionConfig.cmake
-- Up-to-date: /home/d-lab/workspace/ros_ur_driver/install/robotiq_description/share/robotiq_description/cmake/robotiq_descriptionConfig-version.cmake
-- Up-to-date: /home/d-lab/workspace/ros_ur_driver/install/robotiq_description/share/robotiq_description/package.xml
