[0.256s] Invoking command in '/home/d-lab/workspace/ros_ur_driver/src/build/ur_client_library': CMAKE_PREFIX_PATH=${CMAKE_PREFIX_PATH}:/home/d-lab/workspace/ros_ur_driver/install/ros2controlcli:/home/d-lab/workspace/ros_ur_driver/install/ros2_control_test_nodes:/opt/ros/foxy /usr/bin/cmake /home/d-lab/workspace/ros_ur_driver/src/Universal_Robots_Client_Library -DCMAKE_INSTALL_PREFIX=/home/d-lab/workspace/ros_ur_driver/src/install/ur_client_library
[0.350s] -- The C compiler identification is GNU 9.4.0
[0.457s] -- The CXX compiler identification is GNU 9.4.0
[0.471s] -- Check for working C compiler: /usr/bin/cc
[0.585s] -- Check for working C compiler: /usr/bin/cc -- works
[0.586s] -- Detecting C compiler ABI info
[0.691s] -- Detecting C compiler ABI info - done
[0.710s] -- Detecting C compile features
[0.711s] -- Detecting C compile features - done
[0.717s] -- Check for working CXX compiler: /usr/bin/c++
[0.838s] -- Check for working CXX compiler: /usr/bin/c++ -- works
[0.840s] -- Detecting CXX compiler ABI info
[0.962s] -- Detecting CXX compiler ABI info - done
[0.984s] -- Detecting CXX compile features
[0.985s] -- Detecting CXX compile features - done
[0.986s] ur_client_library: You did not request a specific build type: selecting 'RelWithDebInfo'.
[0.986s] -- Performing C++17 Test
[0.991s] -- Performing Test COMPILER_SUPPORTS_CXX17
[1.105s] -- Performing Test COMPILER_SUPPORTS_CXX17 - Success
[1.107s] -- Looking for pthread.h
[1.200s] -- Looking for pthread.h - found
[1.200s] -- Performing Test CMAKE_HAVE_LIBC_PTHREAD
[1.287s] -- Performing Test CMAKE_HAVE_LIBC_PTHREAD - Failed
[1.288s] -- Looking for pthread_create in pthreads
[1.372s] -- Looking for pthread_create in pthreads - not found
[1.372s] -- Looking for pthread_create in pthread
[1.480s] -- Looking for pthread_create in pthread - found
[1.483s] -- Found Threads: TRUE  
[1.484s] -- Building tests disabled.
[1.492s] -- Configuring done
[1.502s] -- Generating done
[1.503s] -- Build files have been written to: /home/d-lab/workspace/ros_ur_driver/src/build/ur_client_library
[1.519s] Invoked command in '/home/d-lab/workspace/ros_ur_driver/src/build/ur_client_library' returned '0': CMAKE_PREFIX_PATH=${CMAKE_PREFIX_PATH}:/home/d-lab/workspace/ros_ur_driver/install/ros2controlcli:/home/d-lab/workspace/ros_ur_driver/install/ros2_control_test_nodes:/opt/ros/foxy /usr/bin/cmake /home/d-lab/workspace/ros_ur_driver/src/Universal_Robots_Client_Library -DCMAKE_INSTALL_PREFIX=/home/d-lab/workspace/ros_ur_driver/src/install/ur_client_library
[1.523s] Invoking command in '/home/d-lab/workspace/ros_ur_driver/src/build/ur_client_library': CMAKE_PREFIX_PATH=${CMAKE_PREFIX_PATH}:/home/d-lab/workspace/ros_ur_driver/install/ros2controlcli:/home/d-lab/workspace/ros_ur_driver/install/ros2_control_test_nodes:/opt/ros/foxy /usr/bin/cmake --build /home/d-lab/workspace/ros_ur_driver/src/build/ur_client_library -- -j16 -l16
[1.576s] [35m[1mScanning dependencies of target urcl[0m
[1.612s] [  2%] [32mBuilding CXX object CMakeFiles/urcl.dir/src/comm/tcp_socket.cpp.o[0m
[1.615s] [  8%] [32mBuilding CXX object CMakeFiles/urcl.dir/src/control/trajectory_point_interface.cpp.o[0m
[1.615s] [  8%] [32mBuilding CXX object CMakeFiles/urcl.dir/src/primary/robot_message.cpp.o[0m
[1.615s] [ 11%] [32mBuilding CXX object CMakeFiles/urcl.dir/src/control/reverse_interface.cpp.o[0m
[1.615s] [ 14%] [32mBuilding CXX object CMakeFiles/urcl.dir/src/comm/tcp_server.cpp.o[0m
[1.615s] [ 17%] [32mBuilding CXX object CMakeFiles/urcl.dir/src/control/script_sender.cpp.o[0m
[1.617s] [ 20%] [32mBuilding CXX object CMakeFiles/urcl.dir/src/primary/robot_state.cpp.o[0m
[1.629s] [ 23%] [32mBuilding CXX object CMakeFiles/urcl.dir/src/primary/robot_message/version_message.cpp.o[0m
[1.631s] [ 26%] [32mBuilding CXX object CMakeFiles/urcl.dir/src/primary/primary_package.cpp.o[0m
[1.649s] [ 29%] [32mBuilding CXX object CMakeFiles/urcl.dir/src/primary/robot_state/kinematics_info.cpp.o[0m
[1.664s] [ 32%] [32mBuilding CXX object CMakeFiles/urcl.dir/src/rtde/control_package_pause.cpp.o[0m
[1.701s] [ 35%] [32mBuilding CXX object CMakeFiles/urcl.dir/src/rtde/control_package_start.cpp.o[0m
[1.706s] [ 38%] [32mBuilding CXX object CMakeFiles/urcl.dir/src/rtde/control_package_setup_inputs.cpp.o[0m
[1.718s] [ 41%] [32mBuilding CXX object CMakeFiles/urcl.dir/src/rtde/control_package_setup_outputs.cpp.o[0m
[1.736s] [ 44%] [32mBuilding CXX object CMakeFiles/urcl.dir/src/rtde/get_urcontrol_version.cpp.o[0m
[1.736s] [ 47%] [32mBuilding CXX object CMakeFiles/urcl.dir/src/rtde/data_package.cpp.o[0m
[2.602s] [ 50%] [32mBuilding CXX object CMakeFiles/urcl.dir/src/rtde/request_protocol_version.cpp.o[0m
[2.614s] [ 52%] [32mBuilding CXX object CMakeFiles/urcl.dir/src/rtde/rtde_package.cpp.o[0m
[2.746s] [ 55%] [32mBuilding CXX object CMakeFiles/urcl.dir/src/rtde/text_message.cpp.o[0m
[2.833s] [ 58%] [32mBuilding CXX object CMakeFiles/urcl.dir/src/rtde/rtde_client.cpp.o[0m
[2.873s] [ 61%] [32mBuilding CXX object CMakeFiles/urcl.dir/src/ur/ur_driver.cpp.o[0m
[2.883s] [ 64%] [32mBuilding CXX object CMakeFiles/urcl.dir/src/ur/calibration_checker.cpp.o[0m
[2.893s] [ 67%] [32mBuilding CXX object CMakeFiles/urcl.dir/src/ur/dashboard_client.cpp.o[0m
[2.914s] [ 70%] [32mBuilding CXX object CMakeFiles/urcl.dir/src/ur/tool_communication.cpp.o[0m
[2.966s] [ 73%] [32mBuilding CXX object CMakeFiles/urcl.dir/src/rtde/rtde_writer.cpp.o[0m
[2.988s] [ 76%] [32mBuilding CXX object CMakeFiles/urcl.dir/src/default_log_handler.cpp.o[0m
[2.989s] [ 79%] [32mBuilding CXX object CMakeFiles/urcl.dir/src/log.cpp.o[0m
[13.710s] [ 82%] [32m[1mLinking CXX shared library liburcl.so[0m
[14.344s] [ 82%] Built target urcl
[14.384s] [35m[1mScanning dependencies of target primary_pipeline_example[0m
[14.390s] [35m[1mScanning dependencies of target rtde_client_example[0m
[14.434s] [35m[1mScanning dependencies of target driver_example[0m
[14.462s] [ 85%] [32mBuilding CXX object examples/CMakeFiles/primary_pipeline_example.dir/primary_pipeline.cpp.o[0m
[14.474s] [ 88%] [32mBuilding CXX object examples/CMakeFiles/rtde_client_example.dir/rtde_client.cpp.o[0m
[14.503s] [ 91%] [32mBuilding CXX object examples/CMakeFiles/driver_example.dir/full_driver.cpp.o[0m
[16.385s] [ 94%] [32m[1mLinking CXX executable rtde_client_example[0m
[16.856s] [ 94%] Built target rtde_client_example
[18.132s] [ 97%] [32m[1mLinking CXX executable primary_pipeline_example[0m
[18.356s] [ 97%] Built target primary_pipeline_example
[19.229s] [100%] [32m[1mLinking CXX executable driver_example[0m
[19.458s] [100%] Built target driver_example
[19.496s] Invoked command in '/home/d-lab/workspace/ros_ur_driver/src/build/ur_client_library' returned '0': CMAKE_PREFIX_PATH=${CMAKE_PREFIX_PATH}:/home/d-lab/workspace/ros_ur_driver/install/ros2controlcli:/home/d-lab/workspace/ros_ur_driver/install/ros2_control_test_nodes:/opt/ros/foxy /usr/bin/cmake --build /home/d-lab/workspace/ros_ur_driver/src/build/ur_client_library -- -j16 -l16
[19.952s] Invoking command in '/home/d-lab/workspace/ros_ur_driver/src/build/ur_client_library': CMAKE_PREFIX_PATH=${CMAKE_PREFIX_PATH}:/home/d-lab/workspace/ros_ur_driver/install/ros2controlcli:/home/d-lab/workspace/ros_ur_driver/install/ros2_control_test_nodes:/opt/ros/foxy /usr/bin/cmake --install /home/d-lab/workspace/ros_ur_driver/src/build/ur_client_library
[19.970s] -- Install configuration: "RelWithDebInfo"
[19.970s] -- Installing: /home/d-lab/workspace/ros_ur_driver/src/install/ur_client_library/lib/liburcl.so
[19.984s] -- Installing: /home/d-lab/workspace/ros_ur_driver/src/install/ur_client_library/include
[19.984s] -- Installing: /home/d-lab/workspace/ros_ur_driver/src/install/ur_client_library/include/ur_client_library
[19.984s] -- Installing: /home/d-lab/workspace/ros_ur_driver/src/install/ur_client_library/include/ur_client_library/control
[19.985s] -- Installing: /home/d-lab/workspace/ros_ur_driver/src/install/ur_client_library/include/ur_client_library/control/script_sender.h
[19.985s] -- Installing: /home/d-lab/workspace/ros_ur_driver/src/install/ur_client_library/include/ur_client_library/control/trajectory_point_interface.h
[19.985s] -- Installing: /home/d-lab/workspace/ros_ur_driver/src/install/ur_client_library/include/ur_client_library/control/reverse_interface.h
[19.985s] -- Installing: /home/d-lab/workspace/ros_ur_driver/src/install/ur_client_library/include/ur_client_library/default_log_handler.h
[19.985s] -- Installing: /home/d-lab/workspace/ros_ur_driver/src/install/ur_client_library/include/ur_client_library/rtde
[19.985s] -- Installing: /home/d-lab/workspace/ros_ur_driver/src/install/ur_client_library/include/ur_client_library/rtde/control_package_setup_outputs.h
[19.986s] -- Installing: /home/d-lab/workspace/ros_ur_driver/src/install/ur_client_library/include/ur_client_library/rtde/control_package_setup_inputs.h
[19.986s] -- Installing: /home/d-lab/workspace/ros_ur_driver/src/install/ur_client_library/include/ur_client_library/rtde/rtde_package.h
[19.986s] -- Installing: /home/d-lab/workspace/ros_ur_driver/src/install/ur_client_library/include/ur_client_library/rtde/rtde_client.h
[19.986s] -- Installing: /home/d-lab/workspace/ros_ur_driver/src/install/ur_client_library/include/ur_client_library/rtde/rtde_parser.h
[19.986s] -- Installing: /home/d-lab/workspace/ros_ur_driver/src/install/ur_client_library/include/ur_client_library/rtde/control_package_pause.h
[19.986s] -- Installing: /home/d-lab/workspace/ros_ur_driver/src/install/ur_client_library/include/ur_client_library/rtde/control_package_start.h
[19.986s] -- Installing: /home/d-lab/workspace/ros_ur_driver/src/install/ur_client_library/include/ur_client_library/rtde/request_protocol_version.h
[19.986s] -- Installing: /home/d-lab/workspace/ros_ur_driver/src/install/ur_client_library/include/ur_client_library/rtde/package_header.h
[19.987s] -- Installing: /home/d-lab/workspace/ros_ur_driver/src/install/ur_client_library/include/ur_client_library/rtde/text_message.h
[19.987s] -- Installing: /home/d-lab/workspace/ros_ur_driver/src/install/ur_client_library/include/ur_client_library/rtde/get_urcontrol_version.h
[19.987s] -- Installing: /home/d-lab/workspace/ros_ur_driver/src/install/ur_client_library/include/ur_client_library/rtde/rtde_writer.h
[19.988s] -- Installing: /home/d-lab/workspace/ros_ur_driver/src/install/ur_client_library/include/ur_client_library/rtde/data_package.h
[19.988s] -- Installing: /home/d-lab/workspace/ros_ur_driver/src/install/ur_client_library/include/ur_client_library/comm
[19.988s] -- Installing: /home/d-lab/workspace/ros_ur_driver/src/install/ur_client_library/include/ur_client_library/comm/parser.h
[19.988s] -- Installing: /home/d-lab/workspace/ros_ur_driver/src/install/ur_client_library/include/ur_client_library/comm/tcp_socket.h
[19.988s] -- Installing: /home/d-lab/workspace/ros_ur_driver/src/install/ur_client_library/include/ur_client_library/comm/package_serializer.h
[19.988s] -- Installing: /home/d-lab/workspace/ros_ur_driver/src/install/ur_client_library/include/ur_client_library/comm/bin_parser.h
[19.989s] -- Installing: /home/d-lab/workspace/ros_ur_driver/src/install/ur_client_library/include/ur_client_library/comm/control_mode.h
[19.989s] -- Installing: /home/d-lab/workspace/ros_ur_driver/src/install/ur_client_library/include/ur_client_library/comm/stream.h
[19.989s] -- Installing: /home/d-lab/workspace/ros_ur_driver/src/install/ur_client_library/include/ur_client_library/comm/package.h
[19.989s] -- Installing: /home/d-lab/workspace/ros_ur_driver/src/install/ur_client_library/include/ur_client_library/comm/tcp_server.h
[19.989s] -- Installing: /home/d-lab/workspace/ros_ur_driver/src/install/ur_client_library/include/ur_client_library/comm/shell_consumer.h
[19.989s] -- Installing: /home/d-lab/workspace/ros_ur_driver/src/install/ur_client_library/include/ur_client_library/comm/producer.h
[19.989s] -- Installing: /home/d-lab/workspace/ros_ur_driver/src/install/ur_client_library/include/ur_client_library/comm/pipeline.h
[19.989s] -- Installing: /home/d-lab/workspace/ros_ur_driver/src/install/ur_client_library/include/ur_client_library/log.h
[19.990s] -- Installing: /home/d-lab/workspace/ros_ur_driver/src/install/ur_client_library/include/ur_client_library/queue
[19.990s] -- Installing: /home/d-lab/workspace/ros_ur_driver/src/install/ur_client_library/include/ur_client_library/queue/readerwriterqueue.h
[19.990s] -- Installing: /home/d-lab/workspace/ros_ur_driver/src/install/ur_client_library/include/ur_client_library/queue/LICENSE.md
[19.990s] -- Installing: /home/d-lab/workspace/ros_ur_driver/src/install/ur_client_library/include/ur_client_library/queue/atomicops.h
[19.990s] -- Installing: /home/d-lab/workspace/ros_ur_driver/src/install/ur_client_library/include/ur_client_library/exceptions.h
[19.990s] -- Installing: /home/d-lab/workspace/ros_ur_driver/src/install/ur_client_library/include/ur_client_library/types.h
[19.990s] -- Installing: /home/d-lab/workspace/ros_ur_driver/src/install/ur_client_library/include/ur_client_library/primary
[19.991s] -- Installing: /home/d-lab/workspace/ros_ur_driver/src/install/ur_client_library/include/ur_client_library/primary/primary_package.h
[19.991s] -- Installing: /home/d-lab/workspace/ros_ur_driver/src/install/ur_client_library/include/ur_client_library/primary/robot_message
[19.991s] -- Installing: /home/d-lab/workspace/ros_ur_driver/src/install/ur_client_library/include/ur_client_library/primary/robot_message/version_message.h
[19.991s] -- Installing: /home/d-lab/workspace/ros_ur_driver/src/install/ur_client_library/include/ur_client_library/primary/abstract_primary_consumer.h
[19.991s] -- Installing: /home/d-lab/workspace/ros_ur_driver/src/install/ur_client_library/include/ur_client_library/primary/robot_message.h
[19.992s] -- Installing: /home/d-lab/workspace/ros_ur_driver/src/install/ur_client_library/include/ur_client_library/primary/package_header.h
[19.992s] -- Installing: /home/d-lab/workspace/ros_ur_driver/src/install/ur_client_library/include/ur_client_library/primary/robot_state.h
[19.992s] -- Installing: /home/d-lab/workspace/ros_ur_driver/src/install/ur_client_library/include/ur_client_library/primary/primary_parser.h
[19.992s] -- Installing: /home/d-lab/workspace/ros_ur_driver/src/install/ur_client_library/include/ur_client_library/primary/robot_state
[19.992s] -- Installing: /home/d-lab/workspace/ros_ur_driver/src/install/ur_client_library/include/ur_client_library/primary/robot_state/kinematics_info.h
[19.992s] -- Installing: /home/d-lab/workspace/ros_ur_driver/src/install/ur_client_library/include/ur_client_library/ur
[19.992s] -- Installing: /home/d-lab/workspace/ros_ur_driver/src/install/ur_client_library/include/ur_client_library/ur/dashboard_client.h
[19.992s] -- Installing: /home/d-lab/workspace/ros_ur_driver/src/install/ur_client_library/include/ur_client_library/ur/version_information.h
[19.993s] -- Installing: /home/d-lab/workspace/ros_ur_driver/src/install/ur_client_library/include/ur_client_library/ur/tool_communication.h
[19.993s] -- Installing: /home/d-lab/workspace/ros_ur_driver/src/install/ur_client_library/include/ur_client_library/ur/datatypes.h
[19.993s] -- Installing: /home/d-lab/workspace/ros_ur_driver/src/install/ur_client_library/include/ur_client_library/ur/calibration_checker.h
[19.993s] -- Installing: /home/d-lab/workspace/ros_ur_driver/src/install/ur_client_library/include/ur_client_library/ur/ur_driver.h
[19.993s] -- Installing: /home/d-lab/workspace/ros_ur_driver/src/install/ur_client_library/lib/cmake/ur_client_library/urclTargets.cmake
[19.993s] -- Installing: /home/d-lab/workspace/ros_ur_driver/src/install/ur_client_library/lib/cmake/ur_client_library/urclTargets-relwithdebinfo.cmake
[19.993s] -- Installing: /home/d-lab/workspace/ros_ur_driver/src/install/ur_client_library/lib/cmake/ur_client_library/ur_client_libraryConfig.cmake
[19.994s] -- Installing: /home/d-lab/workspace/ros_ur_driver/src/install/ur_client_library/share/ur_client_library/package.xml
[19.994s] -- Installing: /home/d-lab/workspace/ros_ur_driver/src/install/ur_client_library/share/ament_index/resource_index/packages/ur_client_library
[19.994s] -- Installing: /home/d-lab/workspace/ros_ur_driver/src/install/ur_client_library/share/ur_client_library/hook/ament_prefix_path.dsv
[19.994s] -- Installing: /home/d-lab/workspace/ros_ur_driver/src/install/ur_client_library/share/ur_client_library/hook/ros_package_path.dsv
[19.995s] -- Installing: /home/d-lab/workspace/ros_ur_driver/src/install/ur_client_library/share/ur_client_library/resources
[19.995s] -- Installing: /home/d-lab/workspace/ros_ur_driver/src/install/ur_client_library/share/ur_client_library/resources/external_control.urscript
[19.997s] Invoked command in '/home/d-lab/workspace/ros_ur_driver/src/build/ur_client_library' returned '0': CMAKE_PREFIX_PATH=${CMAKE_PREFIX_PATH}:/home/d-lab/workspace/ros_ur_driver/install/ros2controlcli:/home/d-lab/workspace/ros_ur_driver/install/ros2_control_test_nodes:/opt/ros/foxy /usr/bin/cmake --install /home/d-lab/workspace/ros_ur_driver/src/build/ur_client_library
