[0.030s] Invoking command in '/home/d-lab/workspace/ros_ur_driver/build/ur_controllers': AMENT_PREFIX_PATH=/home/d-lab/workspace/ros_ur_driver/install/joint_trajectory_controller:/home/d-lab/workspace/ros_ur_driver/install/controller_interface:/home/d-lab/workspace/ros_ur_driver/install/hardware_interface:/home/d-lab/workspace/ros_ur_driver/install/ur_msgs:/home/d-lab/workspace/ros_ur_driver/install/ur_dashboard_msgs:/home/d-lab/workspace/ros_ur_driver/install/control_msgs:${AMENT_PREFIX_PATH} CMAKE_PREFIX_PATH=/home/d-lab/workspace/ros_ur_driver/install/joint_trajectory_controller:/home/d-lab/workspace/ros_ur_driver/install/controller_interface:/home/d-lab/workspace/ros_ur_driver/install/hardware_interface:/home/d-lab/workspace/ros_ur_driver/install/ur_msgs:/home/d-lab/workspace/ros_ur_driver/install/ur_dashboard_msgs:/home/d-lab/workspace/ros_ur_driver/install/ur_client_library:/home/d-lab/workspace/ros_ur_driver/install/control_msgs:/opt/ros/foxy LD_LIBRARY_PATH=/home/d-lab/workspace/ros_ur_driver/install/joint_trajectory_controller/lib:/home/d-lab/workspace/ros_ur_driver/install/controller_interface/lib:/home/d-lab/workspace/ros_ur_driver/install/hardware_interface/lib:/home/d-lab/workspace/ros_ur_driver/install/ur_msgs/lib:/home/d-lab/workspace/ros_ur_driver/install/ur_dashboard_msgs/lib:/home/d-lab/workspace/ros_ur_driver/install/ur_client_library/lib:/home/d-lab/workspace/ros_ur_driver/install/control_msgs/lib:${LD_LIBRARY_PATH} PKG_CONFIG_PATH=/home/d-lab/workspace/ros_ur_driver/install/ur_client_library/lib/x86_64-linux-gnu/pkgconfig:/home/d-lab/workspace/ros_ur_driver/install/ur_client_library/lib/pkgconfig PYTHONPATH=/home/d-lab/workspace/ros_ur_driver/install/ur_msgs/lib/python3.8/site-packages:/home/d-lab/workspace/ros_ur_driver/install/ur_dashboard_msgs/lib/python3.8/site-packages:/home/d-lab/workspace/ros_ur_driver/install/control_msgs/lib/python3.8/site-packages:${PYTHONPATH} /usr/bin/cmake --build /home/d-lab/workspace/ros_ur_driver/build/ur_controllers -- -j16 -l16
[0.055s] -- Found ament_cmake: 0.9.9 (/opt/ros/foxy/share/ament_cmake/cmake)
[0.079s] -- Using PYTHON_EXECUTABLE: /usr/bin/python3
[0.258s] -- Found control_msgs: 2.5.1 (/home/d-lab/workspace/ros_ur_driver/install/control_msgs/share/control_msgs/cmake)
[0.280s] -- Using all available rosidl_typesupport_c: rosidl_typesupport_fastrtps_c;rosidl_typesupport_introspection_c
[0.283s] -- Found rosidl_adapter: 1.2.1 (/opt/ros/foxy/share/rosidl_adapter/cmake)
[0.396s] -- Using all available rosidl_typesupport_cpp: rosidl_typesupport_fastrtps_cpp;rosidl_typesupport_introspection_cpp
[0.737s] -- Found controller_interface: 0.10.0 (/home/d-lab/workspace/ros_ur_driver/install/controller_interface/share/controller_interface/cmake)
[0.800s] -- Found rmw_implementation_cmake: 1.0.3 (/opt/ros/foxy/share/rmw_implementation_cmake/cmake)
[0.801s] -- Using RMW implementation 'rmw_fastrtps_cpp' as default
[0.974s] -- Found joint_trajectory_controller: 0.8.0 (/home/d-lab/workspace/ros_ur_driver/install/joint_trajectory_controller/share/joint_trajectory_controller/cmake)
[1.055s] -- Found realtime_tools: 2.2.0 (/opt/ros/foxy/share/realtime_tools/cmake)
[1.079s] -- Found std_srvs: 2.0.5 (/opt/ros/foxy/share/std_srvs/cmake)
[1.086s] -- Found ur_dashboard_msgs: 0.0.0 (/home/d-lab/workspace/ros_ur_driver/install/ur_dashboard_msgs/share/ur_dashboard_msgs/cmake)
[1.134s] -- Found ur_msgs: 2.0.0 (/home/d-lab/workspace/ros_ur_driver/install/ur_msgs/share/ur_msgs/cmake)
[1.383s] -- Configuring done
[1.404s] -- Generating done
[1.406s] -- Build files have been written to: /home/d-lab/workspace/ros_ur_driver/build/ur_controllers
[1.434s] [35m[1mScanning dependencies of target ur_controllers[0m
[1.470s] [ 20%] [32mBuilding CXX object CMakeFiles/ur_controllers.dir/src/scaled_joint_trajectory_controller.cpp.o[0m
[3.779s] [ 40%] [32m[1mLinking CXX shared library libur_controllers.so[0m
[3.929s] [100%] Built target ur_controllers
[3.938s] Invoked command in '/home/d-lab/workspace/ros_ur_driver/build/ur_controllers' returned '0': AMENT_PREFIX_PATH=/home/d-lab/workspace/ros_ur_driver/install/joint_trajectory_controller:/home/d-lab/workspace/ros_ur_driver/install/controller_interface:/home/d-lab/workspace/ros_ur_driver/install/hardware_interface:/home/d-lab/workspace/ros_ur_driver/install/ur_msgs:/home/d-lab/workspace/ros_ur_driver/install/ur_dashboard_msgs:/home/d-lab/workspace/ros_ur_driver/install/control_msgs:${AMENT_PREFIX_PATH} CMAKE_PREFIX_PATH=/home/d-lab/workspace/ros_ur_driver/install/joint_trajectory_controller:/home/d-lab/workspace/ros_ur_driver/install/controller_interface:/home/d-lab/workspace/ros_ur_driver/install/hardware_interface:/home/d-lab/workspace/ros_ur_driver/install/ur_msgs:/home/d-lab/workspace/ros_ur_driver/install/ur_dashboard_msgs:/home/d-lab/workspace/ros_ur_driver/install/ur_client_library:/home/d-lab/workspace/ros_ur_driver/install/control_msgs:/opt/ros/foxy LD_LIBRARY_PATH=/home/d-lab/workspace/ros_ur_driver/install/joint_trajectory_controller/lib:/home/d-lab/workspace/ros_ur_driver/install/controller_interface/lib:/home/d-lab/workspace/ros_ur_driver/install/hardware_interface/lib:/home/d-lab/workspace/ros_ur_driver/install/ur_msgs/lib:/home/d-lab/workspace/ros_ur_driver/install/ur_dashboard_msgs/lib:/home/d-lab/workspace/ros_ur_driver/install/ur_client_library/lib:/home/d-lab/workspace/ros_ur_driver/install/control_msgs/lib:${LD_LIBRARY_PATH} PKG_CONFIG_PATH=/home/d-lab/workspace/ros_ur_driver/install/ur_client_library/lib/x86_64-linux-gnu/pkgconfig:/home/d-lab/workspace/ros_ur_driver/install/ur_client_library/lib/pkgconfig PYTHONPATH=/home/d-lab/workspace/ros_ur_driver/install/ur_msgs/lib/python3.8/site-packages:/home/d-lab/workspace/ros_ur_driver/install/ur_dashboard_msgs/lib/python3.8/site-packages:/home/d-lab/workspace/ros_ur_driver/install/control_msgs/lib/python3.8/site-packages:${PYTHONPATH} /usr/bin/cmake --build /home/d-lab/workspace/ros_ur_driver/build/ur_controllers -- -j16 -l16
[3.968s] Invoking command in '/home/d-lab/workspace/ros_ur_driver/build/ur_controllers': AMENT_PREFIX_PATH=/home/d-lab/workspace/ros_ur_driver/install/joint_trajectory_controller:/home/d-lab/workspace/ros_ur_driver/install/controller_interface:/home/d-lab/workspace/ros_ur_driver/install/hardware_interface:/home/d-lab/workspace/ros_ur_driver/install/ur_msgs:/home/d-lab/workspace/ros_ur_driver/install/ur_dashboard_msgs:/home/d-lab/workspace/ros_ur_driver/install/control_msgs:${AMENT_PREFIX_PATH} CMAKE_PREFIX_PATH=/home/d-lab/workspace/ros_ur_driver/install/joint_trajectory_controller:/home/d-lab/workspace/ros_ur_driver/install/controller_interface:/home/d-lab/workspace/ros_ur_driver/install/hardware_interface:/home/d-lab/workspace/ros_ur_driver/install/ur_msgs:/home/d-lab/workspace/ros_ur_driver/install/ur_dashboard_msgs:/home/d-lab/workspace/ros_ur_driver/install/ur_client_library:/home/d-lab/workspace/ros_ur_driver/install/control_msgs:/opt/ros/foxy LD_LIBRARY_PATH=/home/d-lab/workspace/ros_ur_driver/install/joint_trajectory_controller/lib:/home/d-lab/workspace/ros_ur_driver/install/controller_interface/lib:/home/d-lab/workspace/ros_ur_driver/install/hardware_interface/lib:/home/d-lab/workspace/ros_ur_driver/install/ur_msgs/lib:/home/d-lab/workspace/ros_ur_driver/install/ur_dashboard_msgs/lib:/home/d-lab/workspace/ros_ur_driver/install/ur_client_library/lib:/home/d-lab/workspace/ros_ur_driver/install/control_msgs/lib:${LD_LIBRARY_PATH} PKG_CONFIG_PATH=/home/d-lab/workspace/ros_ur_driver/install/ur_client_library/lib/x86_64-linux-gnu/pkgconfig:/home/d-lab/workspace/ros_ur_driver/install/ur_client_library/lib/pkgconfig PYTHONPATH=/home/d-lab/workspace/ros_ur_driver/install/ur_msgs/lib/python3.8/site-packages:/home/d-lab/workspace/ros_ur_driver/install/ur_dashboard_msgs/lib/python3.8/site-packages:/home/d-lab/workspace/ros_ur_driver/install/control_msgs/lib/python3.8/site-packages:${PYTHONPATH} /usr/bin/cmake --install /home/d-lab/workspace/ros_ur_driver/build/ur_controllers
[3.980s] -- Install configuration: "Release"
[3.981s] -- Up-to-date: /home/d-lab/workspace/ros_ur_driver/install/ur_controllers/share/ur_controllers/controller_plugins.xml
[3.981s] -- Installing: /home/d-lab/workspace/ros_ur_driver/install/ur_controllers/lib/libur_controllers.so
[3.983s] -- Set runtime path of "/home/d-lab/workspace/ros_ur_driver/install/ur_controllers/lib/libur_controllers.so" to ""
[3.983s] -- Up-to-date: /home/d-lab/workspace/ros_ur_driver/install/ur_controllers/include
[3.983s] -- Up-to-date: /home/d-lab/workspace/ros_ur_driver/install/ur_controllers/include/ur_controllers
[3.983s] -- Up-to-date: /home/d-lab/workspace/ros_ur_driver/install/ur_controllers/include/ur_controllers/scaled_joint_trajectory_controller.hpp
[3.983s] -- Up-to-date: /home/d-lab/workspace/ros_ur_driver/install/ur_controllers/include/ur_controllers/gpio_controller.hpp
[3.984s] -- Up-to-date: /home/d-lab/workspace/ros_ur_driver/install/ur_controllers/include/ur_controllers/speed_scaling_state_broadcaster.hpp
[3.984s] -- Up-to-date: /home/d-lab/workspace/ros_ur_driver/install/ur_controllers/include/ur_controllers/force_torque_sensor_broadcaster.hpp
[3.984s] -- Up-to-date: /home/d-lab/workspace/ros_ur_driver/install/ur_controllers/share/ur_controllers/controller_plugins.xml
[3.984s] -- Up-to-date: /home/d-lab/workspace/ros_ur_driver/install/ur_controllers/share/ur_controllers/environment/library_path.sh
[3.984s] -- Installing: /home/d-lab/workspace/ros_ur_driver/install/ur_controllers/share/ur_controllers/environment/library_path.dsv
[3.984s] -- Up-to-date: /home/d-lab/workspace/ros_ur_driver/install/ur_controllers/share/ament_index/resource_index/package_run_dependencies/ur_controllers
[3.984s] -- Installing: /home/d-lab/workspace/ros_ur_driver/install/ur_controllers/share/ament_index/resource_index/parent_prefix_path/ur_controllers
[3.984s] -- Up-to-date: /home/d-lab/workspace/ros_ur_driver/install/ur_controllers/share/ur_controllers/environment/ament_prefix_path.sh
[3.984s] -- Installing: /home/d-lab/workspace/ros_ur_driver/install/ur_controllers/share/ur_controllers/environment/ament_prefix_path.dsv
[3.984s] -- Up-to-date: /home/d-lab/workspace/ros_ur_driver/install/ur_controllers/share/ur_controllers/environment/path.sh
[3.984s] -- Installing: /home/d-lab/workspace/ros_ur_driver/install/ur_controllers/share/ur_controllers/environment/path.dsv
[3.984s] -- Up-to-date: /home/d-lab/workspace/ros_ur_driver/install/ur_controllers/share/ur_controllers/local_setup.bash
[3.984s] -- Up-to-date: /home/d-lab/workspace/ros_ur_driver/install/ur_controllers/share/ur_controllers/local_setup.sh
[3.985s] -- Up-to-date: /home/d-lab/workspace/ros_ur_driver/install/ur_controllers/share/ur_controllers/local_setup.zsh
[3.985s] -- Installing: /home/d-lab/workspace/ros_ur_driver/install/ur_controllers/share/ur_controllers/local_setup.dsv
[3.985s] -- Installing: /home/d-lab/workspace/ros_ur_driver/install/ur_controllers/share/ur_controllers/package.dsv
[3.985s] -- Up-to-date: /home/d-lab/workspace/ros_ur_driver/install/ur_controllers/share/ament_index/resource_index/packages/ur_controllers
[3.985s] -- Up-to-date: /home/d-lab/workspace/ros_ur_driver/install/ur_controllers/share/ament_index/resource_index/controller_interface__pluginlib__plugin/ur_controllers
[3.985s] -- Up-to-date: /home/d-lab/workspace/ros_ur_driver/install/ur_controllers/share/ur_controllers/cmake/ament_cmake_export_dependencies-extras.cmake
[3.985s] -- Up-to-date: /home/d-lab/workspace/ros_ur_driver/install/ur_controllers/share/ur_controllers/cmake/ament_cmake_export_include_directories-extras.cmake
[3.985s] -- Up-to-date: /home/d-lab/workspace/ros_ur_driver/install/ur_controllers/share/ur_controllers/cmake/ament_cmake_export_libraries-extras.cmake
[3.985s] -- Up-to-date: /home/d-lab/workspace/ros_ur_driver/install/ur_controllers/share/ur_controllers/cmake/ur_controllersConfig.cmake
[3.985s] -- Up-to-date: /home/d-lab/workspace/ros_ur_driver/install/ur_controllers/share/ur_controllers/cmake/ur_controllersConfig-version.cmake
[3.985s] -- Up-to-date: /home/d-lab/workspace/ros_ur_driver/install/ur_controllers/share/ur_controllers/package.xml
[3.987s] Invoked command in '/home/d-lab/workspace/ros_ur_driver/build/ur_controllers' returned '0': AMENT_PREFIX_PATH=/home/d-lab/workspace/ros_ur_driver/install/joint_trajectory_controller:/home/d-lab/workspace/ros_ur_driver/install/controller_interface:/home/d-lab/workspace/ros_ur_driver/install/hardware_interface:/home/d-lab/workspace/ros_ur_driver/install/ur_msgs:/home/d-lab/workspace/ros_ur_driver/install/ur_dashboard_msgs:/home/d-lab/workspace/ros_ur_driver/install/control_msgs:${AMENT_PREFIX_PATH} CMAKE_PREFIX_PATH=/home/d-lab/workspace/ros_ur_driver/install/joint_trajectory_controller:/home/d-lab/workspace/ros_ur_driver/install/controller_interface:/home/d-lab/workspace/ros_ur_driver/install/hardware_interface:/home/d-lab/workspace/ros_ur_driver/install/ur_msgs:/home/d-lab/workspace/ros_ur_driver/install/ur_dashboard_msgs:/home/d-lab/workspace/ros_ur_driver/install/ur_client_library:/home/d-lab/workspace/ros_ur_driver/install/control_msgs:/opt/ros/foxy LD_LIBRARY_PATH=/home/d-lab/workspace/ros_ur_driver/install/joint_trajectory_controller/lib:/home/d-lab/workspace/ros_ur_driver/install/controller_interface/lib:/home/d-lab/workspace/ros_ur_driver/install/hardware_interface/lib:/home/d-lab/workspace/ros_ur_driver/install/ur_msgs/lib:/home/d-lab/workspace/ros_ur_driver/install/ur_dashboard_msgs/lib:/home/d-lab/workspace/ros_ur_driver/install/ur_client_library/lib:/home/d-lab/workspace/ros_ur_driver/install/control_msgs/lib:${LD_LIBRARY_PATH} PKG_CONFIG_PATH=/home/d-lab/workspace/ros_ur_driver/install/ur_client_library/lib/x86_64-linux-gnu/pkgconfig:/home/d-lab/workspace/ros_ur_driver/install/ur_client_library/lib/pkgconfig PYTHONPATH=/home/d-lab/workspace/ros_ur_driver/install/ur_msgs/lib/python3.8/site-packages:/home/d-lab/workspace/ros_ur_driver/install/ur_dashboard_msgs/lib/python3.8/site-packages:/home/d-lab/workspace/ros_ur_driver/install/control_msgs/lib/python3.8/site-packages:${PYTHONPATH} /usr/bin/cmake --install /home/d-lab/workspace/ros_ur_driver/build/ur_controllers
