[0.232s] Invoking command in '/home/d-lab/workspace/ros_ur_driver/build/move_arm_interfaces': CMAKE_PREFIX_PATH=/home/d-lab/workspace/ros_ur_driver/install/move_arm_server:/home/d-lab/workspace/ros_ur_driver/install/action_tutorials_cpp:/home/d-lab/workspace/ros_ur_driver/install/move_arm_interfaces:/home/d-lab/workspace/ros_ur_driver/install/run_ompl_constrained_planning:/home/d-lab/workspace/ros_ur_driver/install/run_moveit_cpp:/home/d-lab/workspace/ros_ur_driver/install/run_move_group:/home/d-lab/workspace/ros_ur_driver/install/warehouse_ros_mongo:/home/d-lab/workspace/ros_ur_driver/install/ros2_controllers:/home/d-lab/workspace/ros_ur_driver/install/velocity_controllers:/home/d-lab/workspace/ros_ur_driver/install/ur_robot_driver:/home/d-lab/workspace/ros_ur_driver/install/ur_controllers:/home/d-lab/workspace/ros_ur_driver/install/ur_msgs:/home/d-lab/workspace/ros_ur_driver/install/ur_moveit_config:/home/d-lab/workspace/ros_ur_driver/install/ur_description:/home/d-lab/workspace/ros_ur_driver/install/ur_dashboard_msgs:/home/d-lab/workspace/ros_ur_driver/install/ur_client_library:/home/d-lab/workspace/ros_ur_driver/install/ur_bringup:/home/d-lab/workspace/ros_ur_driver/install/ur5_robotiq_moveit_config:/home/d-lab/workspace/ros_ur_driver/install/transmission_interface:/home/d-lab/workspace/ros_ur_driver/install/srdfdom:/home/d-lab/workspace/ros_ur_driver/install/move_arm:/home/d-lab/workspace/ros_ur_driver/install/moveit_visual_tools:/home/d-lab/workspace/ros_ur_driver/install/rviz_visual_tools:/home/d-lab/workspace/ros_ur_driver/install/ros2_control_demos:/home/d-lab/workspace/ros_ur_driver/install/ros2_control_demo_bringup:/home/d-lab/workspace/ros_ur_driver/install/rrbot_description:/home/d-lab/workspace/ros_ur_driver/install/ros2_control:/home/d-lab/workspace/ros_ur_driver/install/utils:/home/d-lab/workspace/ros_ur_driver/install/ros2controlcli:/home/d-lab/workspace/ros_ur_driver/install/ros2_control_test_nodes:/home/d-lab/workspace/ros_ur_driver/install/robotiq_control:/home/d-lab/workspace/ros_ur_driver/install/gripper_control:/opt/ros/foxy:/home/d-lab/workspace/ros_ur_driver/install/cartesian_controller_examples:/home/d-lab/workspace/ros_ur_driver/install/controller_manager:/home/d-lab/workspace/ros_ur_driver/install/ros2_control_test_assets:/home/d-lab/workspace/ros_ur_driver/install/ros2_control_demo_hardware:/home/d-lab/workspace/ros_ur_driver/install/robotiq_description:/home/d-lab/workspace/ros_ur_driver/install/position_controllers:/home/d-lab/workspace/ros_ur_driver/install/move_arm_cpp:/home/d-lab/workspace/ros_ur_driver/install/move_arm_interface:/home/d-lab/workspace/ros_ur_driver/install/joint_trajectory_controller:/home/d-lab/workspace/ros_ur_driver/install/joint_state_controller:/home/d-lab/workspace/ros_ur_driver/install/joint_state_broadcaster:/home/d-lab/workspace/ros_ur_driver/install/imu_sensor_broadcaster:/home/d-lab/workspace/ros_ur_driver/install/gripper_controllers:/home/d-lab/workspace/ros_ur_driver/install/effort_controllers:/home/d-lab/workspace/ros_ur_driver/install/forward_command_controller:/home/d-lab/workspace/ros_ur_driver/install/force_torque_sensor_broadcaster:/home/d-lab/workspace/ros_ur_driver/install/diff_drive_controller:/home/d-lab/workspace/ros_ur_driver/install/cartesian_compliance_controller:/home/d-lab/workspace/ros_ur_driver/install/cartesian_motion_controller:/home/d-lab/workspace/ros_ur_driver/install/cartesian_force_controller:/home/d-lab/workspace/ros_ur_driver/install/cartesian_controller_handles:/home/d-lab/workspace/ros_ur_driver/install/cartesian_controller_base:/home/d-lab/workspace/ros_ur_driver/install/controller_interface:/home/d-lab/workspace/ros_ur_driver/install/hardware_interface:/home/d-lab/workspace/ros_ur_driver/install/graph_msgs:/home/d-lab/workspace/ros_ur_driver/install/filters:/home/d-lab/workspace/ros_ur_driver/install/eigen3_cmake_module:/home/d-lab/workspace/ros_ur_driver/install/diffbot_description:/home/d-lab/workspace/ros_ur_driver/install/controller_manager_msgs:/home/d-lab/workspace/ros_ur_driver/install/control_msgs:/home/d-lab/workspace/ros_ur_driver/install/chomp_motion_planner:/home/d-lab/workspace/ros_ur_driver/install/action_tutorials_interfaces /usr/bin/cmake --build /home/d-lab/workspace/ros_ur_driver/build/move_arm_interfaces -- -j16 -l16
[0.465s] -- Found ament_cmake: 0.9.9 (/opt/ros/foxy/share/ament_cmake/cmake)
[0.465s] -- Found PythonInterp: /usr/bin/python3 (found suitable version "3.8.10", minimum required is "3") 
[0.465s] -- Using PYTHON_EXECUTABLE: /usr/bin/python3
[0.465s] -- Found rosidl_default_generators: 1.0.1 (/opt/ros/foxy/share/rosidl_default_generators/cmake)
[0.471s] -- Using all available rosidl_typesupport_c: rosidl_typesupport_fastrtps_c;rosidl_typesupport_introspection_c
[0.471s] -- Found rosidl_adapter: 1.2.1 (/opt/ros/foxy/share/rosidl_adapter/cmake)
[0.611s] -- Using all available rosidl_typesupport_cpp: rosidl_typesupport_fastrtps_cpp;rosidl_typesupport_introspection_cpp
[0.629s] -- Found geometry_msgs: 2.0.5 (/opt/ros/foxy/share/geometry_msgs/cmake)
[0.714s] -- Found PythonInterp: /usr/bin/python3 (found version "3.8.10") 
[0.906s] -- Found ament_cmake_ros: 0.9.2 (/opt/ros/foxy/share/ament_cmake_ros/cmake)
[1.361s] -- Using all available rosidl_typesupport_c: rosidl_typesupport_fastrtps_c;rosidl_typesupport_introspection_c
[1.390s] -- Using all available rosidl_typesupport_cpp: rosidl_typesupport_fastrtps_cpp;rosidl_typesupport_introspection_cpp
[1.393s] -- Found PythonInterp: /usr/bin/python3 (found suitable version "3.8.10", minimum required is "3.5") 
[1.393s] -- Found python_cmake_module: 0.8.1 (/opt/ros/foxy/share/python_cmake_module/cmake)
[1.395s] -- Using PYTHON_EXECUTABLE: /usr/bin/python3
[1.395s] -- Using PYTHON_INCLUDE_DIRS: /usr/include/python3.8
[1.395s] -- Using PYTHON_LIBRARIES: /usr/lib/x86_64-linux-gnu/libpython3.8.so
[1.431s] -- Found ament_lint_auto: 0.9.6 (/opt/ros/foxy/share/ament_lint_auto/cmake)
[1.432s] -- Added test 'copyright' to check source files copyright and LICENSE
[1.433s] -- Added test 'lint_cmake' to check CMake code style
[1.434s] -- Added test 'xmllint' to check XML markup files
[1.437s] -- Configuring done
[1.470s] -- Generating done
[1.472s] -- Build files have been written to: /home/d-lab/workspace/ros_ur_driver/build/move_arm_interfaces
[1.508s] [  6%] Built target move_arm_interfaces__cpp
[1.508s] [  6%] [32m[1mLinking C shared library libmove_arm_interfaces__rosidl_generator_c.so[0m
[1.531s] [  9%] [32m[1mLinking CXX shared library libmove_arm_interfaces__rosidl_typesupport_cpp.so[0m
[1.533s] [ 12%] [32m[1mLinking CXX shared library libmove_arm_interfaces__rosidl_typesupport_introspection_cpp.so[0m
[1.536s] [ 16%] [32m[1mLinking CXX shared library libmove_arm_interfaces__rosidl_typesupport_fastrtps_cpp.so[0m
[1.544s] [ 22%] Built target move_arm_interfaces__rosidl_generator_c
[1.569s] [ 29%] Built target move_arm_interfaces__rosidl_typesupport_cpp
[1.569s] [ 32%] [32m[1mLinking C shared library libmove_arm_interfaces__rosidl_typesupport_introspection_c.so[0m
[1.574s] [ 35%] [32m[1mLinking CXX shared library libmove_arm_interfaces__rosidl_typesupport_c.so[0m
[1.601s] [ 41%] Built target move_arm_interfaces__rosidl_typesupport_introspection_c
[1.604s] [ 54%] Built target move_arm_interfaces__rosidl_typesupport_fastrtps_cpp
[1.604s] [ 54%] Built target move_arm_interfaces__rosidl_typesupport_introspection_cpp
[1.612s] [ 61%] Built target move_arm_interfaces__rosidl_typesupport_c
[1.616s] [35m[1mScanning dependencies of target move_arm_interfaces__rosidl_typesupport_fastrtps_c[0m
[1.628s] [ 64%] [32mBuilding CXX object CMakeFiles/move_arm_interfaces__rosidl_typesupport_fastrtps_c.dir/rosidl_typesupport_fastrtps_c/move_arm_interfaces/srv/detail/move_arm__type_support_c.cpp.o[0m
[1.863s] [ 67%] [32m[1mLinking CXX shared library libmove_arm_interfaces__rosidl_typesupport_fastrtps_c.so[0m
[1.922s] [ 70%] Built target move_arm_interfaces__rosidl_typesupport_fastrtps_c
[1.941s] [ 70%] Built target move_arm_interfaces
[1.961s] [ 74%] Built target move_arm_interfaces__py
[1.983s] [ 77%] [32m[1mLinking C shared library rosidl_generator_py/move_arm_interfaces/libmove_arm_interfaces__python.so[0m
[2.016s] [ 80%] Built target move_arm_interfaces__python
[2.027s] [35m[1mScanning dependencies of target move_arm_interfaces__rosidl_typesupport_fastrtps_c__pyext[0m
[2.039s] [ 83%] [32mBuilding C object CMakeFiles/move_arm_interfaces__rosidl_typesupport_fastrtps_c__pyext.dir/rosidl_generator_py/move_arm_interfaces/_move_arm_interfaces_s.ep.rosidl_typesupport_fastrtps_c.c.o[0m
[2.041s] [ 90%] [32m[1mLinking C shared library rosidl_generator_py/move_arm_interfaces/move_arm_interfaces_s__rosidl_typesupport_introspection_c.cpython-38-x86_64-linux-gnu.so[0m
[2.041s] [ 90%] [32m[1mLinking C shared library rosidl_generator_py/move_arm_interfaces/move_arm_interfaces_s__rosidl_typesupport_c.cpython-38-x86_64-linux-gnu.so[0m
[2.073s] [ 96%] Built target move_arm_interfaces__rosidl_typesupport_introspection_c__pyext
[2.073s] [ 96%] Built target move_arm_interfaces__rosidl_typesupport_c__pyext
[2.098s] [100%] [32m[1mLinking CXX shared library rosidl_generator_py/move_arm_interfaces/move_arm_interfaces_s__rosidl_typesupport_fastrtps_c.cpython-38-x86_64-linux-gnu.so[0m
[2.160s] [100%] Built target move_arm_interfaces__rosidl_typesupport_fastrtps_c__pyext
[2.168s] Invoked command in '/home/d-lab/workspace/ros_ur_driver/build/move_arm_interfaces' returned '0': CMAKE_PREFIX_PATH=/home/d-lab/workspace/ros_ur_driver/install/move_arm_server:/home/d-lab/workspace/ros_ur_driver/install/action_tutorials_cpp:/home/d-lab/workspace/ros_ur_driver/install/move_arm_interfaces:/home/d-lab/workspace/ros_ur_driver/install/run_ompl_constrained_planning:/home/d-lab/workspace/ros_ur_driver/install/run_moveit_cpp:/home/d-lab/workspace/ros_ur_driver/install/run_move_group:/home/d-lab/workspace/ros_ur_driver/install/warehouse_ros_mongo:/home/d-lab/workspace/ros_ur_driver/install/ros2_controllers:/home/d-lab/workspace/ros_ur_driver/install/velocity_controllers:/home/d-lab/workspace/ros_ur_driver/install/ur_robot_driver:/home/d-lab/workspace/ros_ur_driver/install/ur_controllers:/home/d-lab/workspace/ros_ur_driver/install/ur_msgs:/home/d-lab/workspace/ros_ur_driver/install/ur_moveit_config:/home/d-lab/workspace/ros_ur_driver/install/ur_description:/home/d-lab/workspace/ros_ur_driver/install/ur_dashboard_msgs:/home/d-lab/workspace/ros_ur_driver/install/ur_client_library:/home/d-lab/workspace/ros_ur_driver/install/ur_bringup:/home/d-lab/workspace/ros_ur_driver/install/ur5_robotiq_moveit_config:/home/d-lab/workspace/ros_ur_driver/install/transmission_interface:/home/d-lab/workspace/ros_ur_driver/install/srdfdom:/home/d-lab/workspace/ros_ur_driver/install/move_arm:/home/d-lab/workspace/ros_ur_driver/install/moveit_visual_tools:/home/d-lab/workspace/ros_ur_driver/install/rviz_visual_tools:/home/d-lab/workspace/ros_ur_driver/install/ros2_control_demos:/home/d-lab/workspace/ros_ur_driver/install/ros2_control_demo_bringup:/home/d-lab/workspace/ros_ur_driver/install/rrbot_description:/home/d-lab/workspace/ros_ur_driver/install/ros2_control:/home/d-lab/workspace/ros_ur_driver/install/utils:/home/d-lab/workspace/ros_ur_driver/install/ros2controlcli:/home/d-lab/workspace/ros_ur_driver/install/ros2_control_test_nodes:/home/d-lab/workspace/ros_ur_driver/install/robotiq_control:/home/d-lab/workspace/ros_ur_driver/install/gripper_control:/opt/ros/foxy:/home/d-lab/workspace/ros_ur_driver/install/cartesian_controller_examples:/home/d-lab/workspace/ros_ur_driver/install/controller_manager:/home/d-lab/workspace/ros_ur_driver/install/ros2_control_test_assets:/home/d-lab/workspace/ros_ur_driver/install/ros2_control_demo_hardware:/home/d-lab/workspace/ros_ur_driver/install/robotiq_description:/home/d-lab/workspace/ros_ur_driver/install/position_controllers:/home/d-lab/workspace/ros_ur_driver/install/move_arm_cpp:/home/d-lab/workspace/ros_ur_driver/install/move_arm_interface:/home/d-lab/workspace/ros_ur_driver/install/joint_trajectory_controller:/home/d-lab/workspace/ros_ur_driver/install/joint_state_controller:/home/d-lab/workspace/ros_ur_driver/install/joint_state_broadcaster:/home/d-lab/workspace/ros_ur_driver/install/imu_sensor_broadcaster:/home/d-lab/workspace/ros_ur_driver/install/gripper_controllers:/home/d-lab/workspace/ros_ur_driver/install/effort_controllers:/home/d-lab/workspace/ros_ur_driver/install/forward_command_controller:/home/d-lab/workspace/ros_ur_driver/install/force_torque_sensor_broadcaster:/home/d-lab/workspace/ros_ur_driver/install/diff_drive_controller:/home/d-lab/workspace/ros_ur_driver/install/cartesian_compliance_controller:/home/d-lab/workspace/ros_ur_driver/install/cartesian_motion_controller:/home/d-lab/workspace/ros_ur_driver/install/cartesian_force_controller:/home/d-lab/workspace/ros_ur_driver/install/cartesian_controller_handles:/home/d-lab/workspace/ros_ur_driver/install/cartesian_controller_base:/home/d-lab/workspace/ros_ur_driver/install/controller_interface:/home/d-lab/workspace/ros_ur_driver/install/hardware_interface:/home/d-lab/workspace/ros_ur_driver/install/graph_msgs:/home/d-lab/workspace/ros_ur_driver/install/filters:/home/d-lab/workspace/ros_ur_driver/install/eigen3_cmake_module:/home/d-lab/workspace/ros_ur_driver/install/diffbot_description:/home/d-lab/workspace/ros_ur_driver/install/controller_manager_msgs:/home/d-lab/workspace/ros_ur_driver/install/control_msgs:/home/d-lab/workspace/ros_ur_driver/install/chomp_motion_planner:/home/d-lab/workspace/ros_ur_driver/install/action_tutorials_interfaces /usr/bin/cmake --build /home/d-lab/workspace/ros_ur_driver/build/move_arm_interfaces -- -j16 -l16
[2.247s] Invoking command in '/home/d-lab/workspace/ros_ur_driver/build/move_arm_interfaces': CMAKE_PREFIX_PATH=/home/d-lab/workspace/ros_ur_driver/install/move_arm_server:/home/d-lab/workspace/ros_ur_driver/install/action_tutorials_cpp:/home/d-lab/workspace/ros_ur_driver/install/move_arm_interfaces:/home/d-lab/workspace/ros_ur_driver/install/run_ompl_constrained_planning:/home/d-lab/workspace/ros_ur_driver/install/run_moveit_cpp:/home/d-lab/workspace/ros_ur_driver/install/run_move_group:/home/d-lab/workspace/ros_ur_driver/install/warehouse_ros_mongo:/home/d-lab/workspace/ros_ur_driver/install/ros2_controllers:/home/d-lab/workspace/ros_ur_driver/install/velocity_controllers:/home/d-lab/workspace/ros_ur_driver/install/ur_robot_driver:/home/d-lab/workspace/ros_ur_driver/install/ur_controllers:/home/d-lab/workspace/ros_ur_driver/install/ur_msgs:/home/d-lab/workspace/ros_ur_driver/install/ur_moveit_config:/home/d-lab/workspace/ros_ur_driver/install/ur_description:/home/d-lab/workspace/ros_ur_driver/install/ur_dashboard_msgs:/home/d-lab/workspace/ros_ur_driver/install/ur_client_library:/home/d-lab/workspace/ros_ur_driver/install/ur_bringup:/home/d-lab/workspace/ros_ur_driver/install/ur5_robotiq_moveit_config:/home/d-lab/workspace/ros_ur_driver/install/transmission_interface:/home/d-lab/workspace/ros_ur_driver/install/srdfdom:/home/d-lab/workspace/ros_ur_driver/install/move_arm:/home/d-lab/workspace/ros_ur_driver/install/moveit_visual_tools:/home/d-lab/workspace/ros_ur_driver/install/rviz_visual_tools:/home/d-lab/workspace/ros_ur_driver/install/ros2_control_demos:/home/d-lab/workspace/ros_ur_driver/install/ros2_control_demo_bringup:/home/d-lab/workspace/ros_ur_driver/install/rrbot_description:/home/d-lab/workspace/ros_ur_driver/install/ros2_control:/home/d-lab/workspace/ros_ur_driver/install/utils:/home/d-lab/workspace/ros_ur_driver/install/ros2controlcli:/home/d-lab/workspace/ros_ur_driver/install/ros2_control_test_nodes:/home/d-lab/workspace/ros_ur_driver/install/robotiq_control:/home/d-lab/workspace/ros_ur_driver/install/gripper_control:/opt/ros/foxy:/home/d-lab/workspace/ros_ur_driver/install/cartesian_controller_examples:/home/d-lab/workspace/ros_ur_driver/install/controller_manager:/home/d-lab/workspace/ros_ur_driver/install/ros2_control_test_assets:/home/d-lab/workspace/ros_ur_driver/install/ros2_control_demo_hardware:/home/d-lab/workspace/ros_ur_driver/install/robotiq_description:/home/d-lab/workspace/ros_ur_driver/install/position_controllers:/home/d-lab/workspace/ros_ur_driver/install/move_arm_cpp:/home/d-lab/workspace/ros_ur_driver/install/move_arm_interface:/home/d-lab/workspace/ros_ur_driver/install/joint_trajectory_controller:/home/d-lab/workspace/ros_ur_driver/install/joint_state_controller:/home/d-lab/workspace/ros_ur_driver/install/joint_state_broadcaster:/home/d-lab/workspace/ros_ur_driver/install/imu_sensor_broadcaster:/home/d-lab/workspace/ros_ur_driver/install/gripper_controllers:/home/d-lab/workspace/ros_ur_driver/install/effort_controllers:/home/d-lab/workspace/ros_ur_driver/install/forward_command_controller:/home/d-lab/workspace/ros_ur_driver/install/force_torque_sensor_broadcaster:/home/d-lab/workspace/ros_ur_driver/install/diff_drive_controller:/home/d-lab/workspace/ros_ur_driver/install/cartesian_compliance_controller:/home/d-lab/workspace/ros_ur_driver/install/cartesian_motion_controller:/home/d-lab/workspace/ros_ur_driver/install/cartesian_force_controller:/home/d-lab/workspace/ros_ur_driver/install/cartesian_controller_handles:/home/d-lab/workspace/ros_ur_driver/install/cartesian_controller_base:/home/d-lab/workspace/ros_ur_driver/install/controller_interface:/home/d-lab/workspace/ros_ur_driver/install/hardware_interface:/home/d-lab/workspace/ros_ur_driver/install/graph_msgs:/home/d-lab/workspace/ros_ur_driver/install/filters:/home/d-lab/workspace/ros_ur_driver/install/eigen3_cmake_module:/home/d-lab/workspace/ros_ur_driver/install/diffbot_description:/home/d-lab/workspace/ros_ur_driver/install/controller_manager_msgs:/home/d-lab/workspace/ros_ur_driver/install/control_msgs:/home/d-lab/workspace/ros_ur_driver/install/chomp_motion_planner:/home/d-lab/workspace/ros_ur_driver/install/action_tutorials_interfaces /usr/bin/cmake --install /home/d-lab/workspace/ros_ur_driver/build/move_arm_interfaces
[2.255s] -- Install configuration: ""
[2.255s] -- Up-to-date: /home/d-lab/workspace/ros_ur_driver/install/move_arm_interfaces/share/ament_index/resource_index/rosidl_interfaces/move_arm_interfaces
[2.255s] -- Up-to-date: /home/d-lab/workspace/ros_ur_driver/install/move_arm_interfaces/include/move_arm_interfaces
[2.255s] -- Up-to-date: /home/d-lab/workspace/ros_ur_driver/install/move_arm_interfaces/include/move_arm_interfaces/srv
[2.255s] -- Up-to-date: /home/d-lab/workspace/ros_ur_driver/install/move_arm_interfaces/include/move_arm_interfaces/srv/move_arm.h
[2.255s] -- Up-to-date: /home/d-lab/workspace/ros_ur_driver/install/move_arm_interfaces/include/move_arm_interfaces/srv/detail
[2.255s] -- Up-to-date: /home/d-lab/workspace/ros_ur_driver/install/move_arm_interfaces/include/move_arm_interfaces/srv/detail/move_arm__functions.h
[2.255s] -- Up-to-date: /home/d-lab/workspace/ros_ur_driver/install/move_arm_interfaces/include/move_arm_interfaces/srv/detail/move_arm__type_support.h
[2.255s] -- Up-to-date: /home/d-lab/workspace/ros_ur_driver/install/move_arm_interfaces/include/move_arm_interfaces/srv/detail/move_arm__functions.c
[2.255s] -- Up-to-date: /home/d-lab/workspace/ros_ur_driver/install/move_arm_interfaces/include/move_arm_interfaces/srv/detail/move_arm__struct.h
[2.256s] -- Up-to-date: /home/d-lab/workspace/ros_ur_driver/install/move_arm_interfaces/include/move_arm_interfaces/msg
[2.256s] -- Up-to-date: /home/d-lab/workspace/ros_ur_driver/install/move_arm_interfaces/include/move_arm_interfaces/msg/rosidl_generator_c__visibility_control.h
[2.256s] -- Up-to-date: /home/d-lab/workspace/ros_ur_driver/install/move_arm_interfaces/share/move_arm_interfaces/environment/library_path.sh
[2.256s] -- Installing: /home/d-lab/workspace/ros_ur_driver/install/move_arm_interfaces/share/move_arm_interfaces/environment/library_path.dsv
[2.256s] -- Installing: /home/d-lab/workspace/ros_ur_driver/install/move_arm_interfaces/lib/libmove_arm_interfaces__rosidl_generator_c.so
[2.256s] -- Set runtime path of "/home/d-lab/workspace/ros_ur_driver/install/move_arm_interfaces/lib/libmove_arm_interfaces__rosidl_generator_c.so" to ""
[2.256s] -- Up-to-date: /home/d-lab/workspace/ros_ur_driver/install/move_arm_interfaces/include/move_arm_interfaces
[2.256s] -- Up-to-date: /home/d-lab/workspace/ros_ur_driver/install/move_arm_interfaces/include/move_arm_interfaces/srv
[2.256s] -- Up-to-date: /home/d-lab/workspace/ros_ur_driver/install/move_arm_interfaces/include/move_arm_interfaces/srv/detail
[2.256s] -- Up-to-date: /home/d-lab/workspace/ros_ur_driver/install/move_arm_interfaces/include/move_arm_interfaces/srv/detail/move_arm__rosidl_typesupport_fastrtps_c.h
[2.256s] -- Up-to-date: /home/d-lab/workspace/ros_ur_driver/install/move_arm_interfaces/include/move_arm_interfaces/msg
[2.256s] -- Up-to-date: /home/d-lab/workspace/ros_ur_driver/install/move_arm_interfaces/include/move_arm_interfaces/msg/rosidl_typesupport_fastrtps_c__visibility_control.h
[2.256s] -- Installing: /home/d-lab/workspace/ros_ur_driver/install/move_arm_interfaces/lib/libmove_arm_interfaces__rosidl_typesupport_fastrtps_c.so
[2.256s] -- Set runtime path of "/home/d-lab/workspace/ros_ur_driver/install/move_arm_interfaces/lib/libmove_arm_interfaces__rosidl_typesupport_fastrtps_c.so" to ""
[2.256s] -- Up-to-date: /home/d-lab/workspace/ros_ur_driver/install/move_arm_interfaces/include/move_arm_interfaces
[2.257s] -- Up-to-date: /home/d-lab/workspace/ros_ur_driver/install/move_arm_interfaces/include/move_arm_interfaces/srv
[2.257s] -- Up-to-date: /home/d-lab/workspace/ros_ur_driver/install/move_arm_interfaces/include/move_arm_interfaces/srv/detail
[2.257s] -- Up-to-date: /home/d-lab/workspace/ros_ur_driver/install/move_arm_interfaces/include/move_arm_interfaces/srv/detail/dds_fastrtps
[2.257s] -- Up-to-date: /home/d-lab/workspace/ros_ur_driver/install/move_arm_interfaces/include/move_arm_interfaces/srv/detail/move_arm__rosidl_typesupport_fastrtps_cpp.hpp
[2.257s] -- Up-to-date: /home/d-lab/workspace/ros_ur_driver/install/move_arm_interfaces/include/move_arm_interfaces/msg
[2.257s] -- Up-to-date: /home/d-lab/workspace/ros_ur_driver/install/move_arm_interfaces/include/move_arm_interfaces/msg/rosidl_typesupport_fastrtps_cpp__visibility_control.h
[2.257s] -- Installing: /home/d-lab/workspace/ros_ur_driver/install/move_arm_interfaces/lib/libmove_arm_interfaces__rosidl_typesupport_fastrtps_cpp.so
[2.257s] -- Set runtime path of "/home/d-lab/workspace/ros_ur_driver/install/move_arm_interfaces/lib/libmove_arm_interfaces__rosidl_typesupport_fastrtps_cpp.so" to ""
[2.257s] -- Up-to-date: /home/d-lab/workspace/ros_ur_driver/install/move_arm_interfaces/include/move_arm_interfaces
[2.257s] -- Up-to-date: /home/d-lab/workspace/ros_ur_driver/install/move_arm_interfaces/include/move_arm_interfaces/srv
[2.257s] -- Up-to-date: /home/d-lab/workspace/ros_ur_driver/install/move_arm_interfaces/include/move_arm_interfaces/srv/detail
[2.257s] -- Up-to-date: /home/d-lab/workspace/ros_ur_driver/install/move_arm_interfaces/include/move_arm_interfaces/srv/detail/move_arm__type_support.c
[2.258s] -- Up-to-date: /home/d-lab/workspace/ros_ur_driver/install/move_arm_interfaces/include/move_arm_interfaces/srv/detail/move_arm__rosidl_typesupport_introspection_c.h
[2.258s] -- Up-to-date: /home/d-lab/workspace/ros_ur_driver/install/move_arm_interfaces/include/move_arm_interfaces/msg
[2.258s] -- Up-to-date: /home/d-lab/workspace/ros_ur_driver/install/move_arm_interfaces/include/move_arm_interfaces/msg/rosidl_typesupport_introspection_c__visibility_control.h
[2.258s] -- Installing: /home/d-lab/workspace/ros_ur_driver/install/move_arm_interfaces/lib/libmove_arm_interfaces__rosidl_typesupport_introspection_c.so
[2.258s] -- Set runtime path of "/home/d-lab/workspace/ros_ur_driver/install/move_arm_interfaces/lib/libmove_arm_interfaces__rosidl_typesupport_introspection_c.so" to ""
[2.258s] -- Installing: /home/d-lab/workspace/ros_ur_driver/install/move_arm_interfaces/lib/libmove_arm_interfaces__rosidl_typesupport_c.so
[2.258s] -- Set runtime path of "/home/d-lab/workspace/ros_ur_driver/install/move_arm_interfaces/lib/libmove_arm_interfaces__rosidl_typesupport_c.so" to ""
[2.258s] -- Up-to-date: /home/d-lab/workspace/ros_ur_driver/install/move_arm_interfaces/include/move_arm_interfaces
[2.258s] -- Up-to-date: /home/d-lab/workspace/ros_ur_driver/install/move_arm_interfaces/include/move_arm_interfaces/srv
[2.258s] -- Up-to-date: /home/d-lab/workspace/ros_ur_driver/install/move_arm_interfaces/include/move_arm_interfaces/srv/move_arm.hpp
[2.258s] -- Up-to-date: /home/d-lab/workspace/ros_ur_driver/install/move_arm_interfaces/include/move_arm_interfaces/srv/detail
[2.258s] -- Up-to-date: /home/d-lab/workspace/ros_ur_driver/install/move_arm_interfaces/include/move_arm_interfaces/srv/detail/move_arm__traits.hpp
[2.258s] -- Up-to-date: /home/d-lab/workspace/ros_ur_driver/install/move_arm_interfaces/include/move_arm_interfaces/srv/detail/move_arm__builder.hpp
[2.259s] -- Up-to-date: /home/d-lab/workspace/ros_ur_driver/install/move_arm_interfaces/include/move_arm_interfaces/srv/detail/move_arm__struct.hpp
[2.259s] -- Up-to-date: /home/d-lab/workspace/ros_ur_driver/install/move_arm_interfaces/include/move_arm_interfaces
[2.259s] -- Up-to-date: /home/d-lab/workspace/ros_ur_driver/install/move_arm_interfaces/include/move_arm_interfaces/srv
[2.259s] -- Up-to-date: /home/d-lab/workspace/ros_ur_driver/install/move_arm_interfaces/include/move_arm_interfaces/srv/detail
[2.259s] -- Up-to-date: /home/d-lab/workspace/ros_ur_driver/install/move_arm_interfaces/include/move_arm_interfaces/srv/detail/move_arm__type_support.cpp
[2.259s] -- Up-to-date: /home/d-lab/workspace/ros_ur_driver/install/move_arm_interfaces/include/move_arm_interfaces/srv/detail/move_arm__rosidl_typesupport_introspection_cpp.hpp
[2.259s] -- Installing: /home/d-lab/workspace/ros_ur_driver/install/move_arm_interfaces/lib/libmove_arm_interfaces__rosidl_typesupport_introspection_cpp.so
[2.259s] -- Set runtime path of "/home/d-lab/workspace/ros_ur_driver/install/move_arm_interfaces/lib/libmove_arm_interfaces__rosidl_typesupport_introspection_cpp.so" to ""
[2.259s] -- Installing: /home/d-lab/workspace/ros_ur_driver/install/move_arm_interfaces/lib/libmove_arm_interfaces__rosidl_typesupport_cpp.so
[2.259s] -- Set runtime path of "/home/d-lab/workspace/ros_ur_driver/install/move_arm_interfaces/lib/libmove_arm_interfaces__rosidl_typesupport_cpp.so" to ""
[2.259s] -- Up-to-date: /home/d-lab/workspace/ros_ur_driver/install/move_arm_interfaces/share/move_arm_interfaces/environment/pythonpath.sh
[2.259s] -- Installing: /home/d-lab/workspace/ros_ur_driver/install/move_arm_interfaces/share/move_arm_interfaces/environment/pythonpath.dsv
[2.259s] -- Installing: /home/d-lab/workspace/ros_ur_driver/install/move_arm_interfaces/lib/python3.8/site-packages/move_arm_interfaces/__init__.py
[2.284s] Compiling '/home/d-lab/workspace/ros_ur_driver/install/move_arm_interfaces/lib/python3.8/site-packages/move_arm_interfaces/__init__.py'...
[2.288s] -- Up-to-date: /home/d-lab/workspace/ros_ur_driver/install/move_arm_interfaces/lib/python3.8/site-packages/move_arm_interfaces/srv
[2.288s] -- Up-to-date: /home/d-lab/workspace/ros_ur_driver/install/move_arm_interfaces/lib/python3.8/site-packages/move_arm_interfaces/srv/_move_arm_s.c
[2.288s] -- Up-to-date: /home/d-lab/workspace/ros_ur_driver/install/move_arm_interfaces/lib/python3.8/site-packages/move_arm_interfaces/srv/_move_arm.py
[2.288s] -- Up-to-date: /home/d-lab/workspace/ros_ur_driver/install/move_arm_interfaces/lib/python3.8/site-packages/move_arm_interfaces/srv/__init__.py
[2.288s] -- Installing: /home/d-lab/workspace/ros_ur_driver/install/move_arm_interfaces/lib/python3.8/site-packages/move_arm_interfaces/move_arm_interfaces_s__rosidl_typesupport_fastrtps_c.cpython-38-x86_64-linux-gnu.so
[2.288s] -- Set runtime path of "/home/d-lab/workspace/ros_ur_driver/install/move_arm_interfaces/lib/python3.8/site-packages/move_arm_interfaces/move_arm_interfaces_s__rosidl_typesupport_fastrtps_c.cpython-38-x86_64-linux-gnu.so" to ""
[2.288s] -- Installing: /home/d-lab/workspace/ros_ur_driver/install/move_arm_interfaces/lib/python3.8/site-packages/move_arm_interfaces/move_arm_interfaces_s__rosidl_typesupport_introspection_c.cpython-38-x86_64-linux-gnu.so
[2.288s] -- Set runtime path of "/home/d-lab/workspace/ros_ur_driver/install/move_arm_interfaces/lib/python3.8/site-packages/move_arm_interfaces/move_arm_interfaces_s__rosidl_typesupport_introspection_c.cpython-38-x86_64-linux-gnu.so" to ""
[2.288s] -- Installing: /home/d-lab/workspace/ros_ur_driver/install/move_arm_interfaces/lib/python3.8/site-packages/move_arm_interfaces/move_arm_interfaces_s__rosidl_typesupport_c.cpython-38-x86_64-linux-gnu.so
[2.289s] -- Set runtime path of "/home/d-lab/workspace/ros_ur_driver/install/move_arm_interfaces/lib/python3.8/site-packages/move_arm_interfaces/move_arm_interfaces_s__rosidl_typesupport_c.cpython-38-x86_64-linux-gnu.so" to ""
[2.289s] -- Installing: /home/d-lab/workspace/ros_ur_driver/install/move_arm_interfaces/lib/libmove_arm_interfaces__python.so
[2.289s] -- Set runtime path of "/home/d-lab/workspace/ros_ur_driver/install/move_arm_interfaces/lib/libmove_arm_interfaces__python.so" to ""
[2.289s] -- Up-to-date: /home/d-lab/workspace/ros_ur_driver/install/move_arm_interfaces/share/move_arm_interfaces/srv/MoveArm.idl
[2.289s] -- Up-to-date: /home/d-lab/workspace/ros_ur_driver/install/move_arm_interfaces/share/move_arm_interfaces/srv/MoveArm.srv
[2.289s] -- Up-to-date: /home/d-lab/workspace/ros_ur_driver/install/move_arm_interfaces/share/move_arm_interfaces/srv/MoveArm_Request.msg
[2.289s] -- Up-to-date: /home/d-lab/workspace/ros_ur_driver/install/move_arm_interfaces/share/move_arm_interfaces/srv/MoveArm_Response.msg
[2.289s] -- Installing: /home/d-lab/workspace/ros_ur_driver/install/move_arm_interfaces/share/ament_index/resource_index/package_run_dependencies/move_arm_interfaces
[2.290s] -- Installing: /home/d-lab/workspace/ros_ur_driver/install/move_arm_interfaces/share/ament_index/resource_index/parent_prefix_path/move_arm_interfaces
[2.290s] -- Up-to-date: /home/d-lab/workspace/ros_ur_driver/install/move_arm_interfaces/share/move_arm_interfaces/environment/ament_prefix_path.sh
[2.290s] -- Installing: /home/d-lab/workspace/ros_ur_driver/install/move_arm_interfaces/share/move_arm_interfaces/environment/ament_prefix_path.dsv
[2.290s] -- Up-to-date: /home/d-lab/workspace/ros_ur_driver/install/move_arm_interfaces/share/move_arm_interfaces/environment/path.sh
[2.290s] -- Installing: /home/d-lab/workspace/ros_ur_driver/install/move_arm_interfaces/share/move_arm_interfaces/environment/path.dsv
[2.290s] -- Up-to-date: /home/d-lab/workspace/ros_ur_driver/install/move_arm_interfaces/share/move_arm_interfaces/local_setup.bash
[2.290s] -- Up-to-date: /home/d-lab/workspace/ros_ur_driver/install/move_arm_interfaces/share/move_arm_interfaces/local_setup.sh
[2.290s] -- Up-to-date: /home/d-lab/workspace/ros_ur_driver/install/move_arm_interfaces/share/move_arm_interfaces/local_setup.zsh
[2.290s] -- Installing: /home/d-lab/workspace/ros_ur_driver/install/move_arm_interfaces/share/move_arm_interfaces/local_setup.dsv
[2.290s] -- Installing: /home/d-lab/workspace/ros_ur_driver/install/move_arm_interfaces/share/move_arm_interfaces/package.dsv
[2.290s] -- Up-to-date: /home/d-lab/workspace/ros_ur_driver/install/move_arm_interfaces/share/ament_index/resource_index/packages/move_arm_interfaces
[2.290s] -- Old export file "/home/d-lab/workspace/ros_ur_driver/install/move_arm_interfaces/share/move_arm_interfaces/cmake/move_arm_interfaces__rosidl_generator_cExport.cmake" will be replaced.  Removing files [/home/d-lab/workspace/ros_ur_driver/install/move_arm_interfaces/share/move_arm_interfaces/cmake/move_arm_interfaces__rosidl_generator_cExport-noconfig.cmake].
[2.290s] -- Installing: /home/d-lab/workspace/ros_ur_driver/install/move_arm_interfaces/share/move_arm_interfaces/cmake/move_arm_interfaces__rosidl_generator_cExport.cmake
[2.291s] -- Installing: /home/d-lab/workspace/ros_ur_driver/install/move_arm_interfaces/share/move_arm_interfaces/cmake/move_arm_interfaces__rosidl_generator_cExport-noconfig.cmake
[2.291s] -- Old export file "/home/d-lab/workspace/ros_ur_driver/install/move_arm_interfaces/share/move_arm_interfaces/cmake/move_arm_interfaces__rosidl_typesupport_introspection_cExport.cmake" will be replaced.  Removing files [/home/d-lab/workspace/ros_ur_driver/install/move_arm_interfaces/share/move_arm_interfaces/cmake/move_arm_interfaces__rosidl_typesupport_introspection_cExport-noconfig.cmake].
[2.291s] -- Installing: /home/d-lab/workspace/ros_ur_driver/install/move_arm_interfaces/share/move_arm_interfaces/cmake/move_arm_interfaces__rosidl_typesupport_introspection_cExport.cmake
[2.291s] -- Installing: /home/d-lab/workspace/ros_ur_driver/install/move_arm_interfaces/share/move_arm_interfaces/cmake/move_arm_interfaces__rosidl_typesupport_introspection_cExport-noconfig.cmake
[2.291s] -- Old export file "/home/d-lab/workspace/ros_ur_driver/install/move_arm_interfaces/share/move_arm_interfaces/cmake/move_arm_interfaces__rosidl_typesupport_cExport.cmake" will be replaced.  Removing files [/home/d-lab/workspace/ros_ur_driver/install/move_arm_interfaces/share/move_arm_interfaces/cmake/move_arm_interfaces__rosidl_typesupport_cExport-noconfig.cmake].
[2.291s] -- Installing: /home/d-lab/workspace/ros_ur_driver/install/move_arm_interfaces/share/move_arm_interfaces/cmake/move_arm_interfaces__rosidl_typesupport_cExport.cmake
[2.292s] -- Installing: /home/d-lab/workspace/ros_ur_driver/install/move_arm_interfaces/share/move_arm_interfaces/cmake/move_arm_interfaces__rosidl_typesupport_cExport-noconfig.cmake
[2.292s] -- Installing: /home/d-lab/workspace/ros_ur_driver/install/move_arm_interfaces/share/move_arm_interfaces/cmake/move_arm_interfaces__rosidl_generator_cppExport.cmake
[2.292s] -- Old export file "/home/d-lab/workspace/ros_ur_driver/install/move_arm_interfaces/share/move_arm_interfaces/cmake/move_arm_interfaces__rosidl_typesupport_introspection_cppExport.cmake" will be replaced.  Removing files [/home/d-lab/workspace/ros_ur_driver/install/move_arm_interfaces/share/move_arm_interfaces/cmake/move_arm_interfaces__rosidl_typesupport_introspection_cppExport-noconfig.cmake].
[2.292s] -- Installing: /home/d-lab/workspace/ros_ur_driver/install/move_arm_interfaces/share/move_arm_interfaces/cmake/move_arm_interfaces__rosidl_typesupport_introspection_cppExport.cmake
[2.292s] -- Installing: /home/d-lab/workspace/ros_ur_driver/install/move_arm_interfaces/share/move_arm_interfaces/cmake/move_arm_interfaces__rosidl_typesupport_introspection_cppExport-noconfig.cmake
[2.292s] -- Old export file "/home/d-lab/workspace/ros_ur_driver/install/move_arm_interfaces/share/move_arm_interfaces/cmake/move_arm_interfaces__rosidl_typesupport_cppExport.cmake" will be replaced.  Removing files [/home/d-lab/workspace/ros_ur_driver/install/move_arm_interfaces/share/move_arm_interfaces/cmake/move_arm_interfaces__rosidl_typesupport_cppExport-noconfig.cmake].
[2.292s] -- Installing: /home/d-lab/workspace/ros_ur_driver/install/move_arm_interfaces/share/move_arm_interfaces/cmake/move_arm_interfaces__rosidl_typesupport_cppExport.cmake
[2.293s] -- Installing: /home/d-lab/workspace/ros_ur_driver/install/move_arm_interfaces/share/move_arm_interfaces/cmake/move_arm_interfaces__rosidl_typesupport_cppExport-noconfig.cmake
[2.293s] -- Up-to-date: /home/d-lab/workspace/ros_ur_driver/install/move_arm_interfaces/share/move_arm_interfaces/cmake/rosidl_cmake-extras.cmake
[2.293s] -- Installing: /home/d-lab/workspace/ros_ur_driver/install/move_arm_interfaces/share/move_arm_interfaces/cmake/ament_cmake_export_dependencies-extras.cmake
[2.293s] -- Up-to-date: /home/d-lab/workspace/ros_ur_driver/install/move_arm_interfaces/share/move_arm_interfaces/cmake/ament_cmake_export_libraries-extras.cmake
[2.293s] -- Up-to-date: /home/d-lab/workspace/ros_ur_driver/install/move_arm_interfaces/share/move_arm_interfaces/cmake/ament_cmake_export_targets-extras.cmake
[2.293s] -- Up-to-date: /home/d-lab/workspace/ros_ur_driver/install/move_arm_interfaces/share/move_arm_interfaces/cmake/ament_cmake_export_include_directories-extras.cmake
[2.293s] -- Up-to-date: /home/d-lab/workspace/ros_ur_driver/install/move_arm_interfaces/share/move_arm_interfaces/cmake/rosidl_cmake_export_typesupport_libraries-extras.cmake
[2.294s] -- Up-to-date: /home/d-lab/workspace/ros_ur_driver/install/move_arm_interfaces/share/move_arm_interfaces/cmake/rosidl_cmake_export_typesupport_targets-extras.cmake
[2.294s] -- Up-to-date: /home/d-lab/workspace/ros_ur_driver/install/move_arm_interfaces/share/move_arm_interfaces/cmake/move_arm_interfacesConfig.cmake
[2.294s] -- Up-to-date: /home/d-lab/workspace/ros_ur_driver/install/move_arm_interfaces/share/move_arm_interfaces/cmake/move_arm_interfacesConfig-version.cmake
[2.294s] -- Installing: /home/d-lab/workspace/ros_ur_driver/install/move_arm_interfaces/share/move_arm_interfaces/package.xml
[2.306s] Invoked command in '/home/d-lab/workspace/ros_ur_driver/build/move_arm_interfaces' returned '0': CMAKE_PREFIX_PATH=/home/d-lab/workspace/ros_ur_driver/install/move_arm_server:/home/d-lab/workspace/ros_ur_driver/install/action_tutorials_cpp:/home/d-lab/workspace/ros_ur_driver/install/move_arm_interfaces:/home/d-lab/workspace/ros_ur_driver/install/run_ompl_constrained_planning:/home/d-lab/workspace/ros_ur_driver/install/run_moveit_cpp:/home/d-lab/workspace/ros_ur_driver/install/run_move_group:/home/d-lab/workspace/ros_ur_driver/install/warehouse_ros_mongo:/home/d-lab/workspace/ros_ur_driver/install/ros2_controllers:/home/d-lab/workspace/ros_ur_driver/install/velocity_controllers:/home/d-lab/workspace/ros_ur_driver/install/ur_robot_driver:/home/d-lab/workspace/ros_ur_driver/install/ur_controllers:/home/d-lab/workspace/ros_ur_driver/install/ur_msgs:/home/d-lab/workspace/ros_ur_driver/install/ur_moveit_config:/home/d-lab/workspace/ros_ur_driver/install/ur_description:/home/d-lab/workspace/ros_ur_driver/install/ur_dashboard_msgs:/home/d-lab/workspace/ros_ur_driver/install/ur_client_library:/home/d-lab/workspace/ros_ur_driver/install/ur_bringup:/home/d-lab/workspace/ros_ur_driver/install/ur5_robotiq_moveit_config:/home/d-lab/workspace/ros_ur_driver/install/transmission_interface:/home/d-lab/workspace/ros_ur_driver/install/srdfdom:/home/d-lab/workspace/ros_ur_driver/install/move_arm:/home/d-lab/workspace/ros_ur_driver/install/moveit_visual_tools:/home/d-lab/workspace/ros_ur_driver/install/rviz_visual_tools:/home/d-lab/workspace/ros_ur_driver/install/ros2_control_demos:/home/d-lab/workspace/ros_ur_driver/install/ros2_control_demo_bringup:/home/d-lab/workspace/ros_ur_driver/install/rrbot_description:/home/d-lab/workspace/ros_ur_driver/install/ros2_control:/home/d-lab/workspace/ros_ur_driver/install/utils:/home/d-lab/workspace/ros_ur_driver/install/ros2controlcli:/home/d-lab/workspace/ros_ur_driver/install/ros2_control_test_nodes:/home/d-lab/workspace/ros_ur_driver/install/robotiq_control:/home/d-lab/workspace/ros_ur_driver/install/gripper_control:/opt/ros/foxy:/home/d-lab/workspace/ros_ur_driver/install/cartesian_controller_examples:/home/d-lab/workspace/ros_ur_driver/install/controller_manager:/home/d-lab/workspace/ros_ur_driver/install/ros2_control_test_assets:/home/d-lab/workspace/ros_ur_driver/install/ros2_control_demo_hardware:/home/d-lab/workspace/ros_ur_driver/install/robotiq_description:/home/d-lab/workspace/ros_ur_driver/install/position_controllers:/home/d-lab/workspace/ros_ur_driver/install/move_arm_cpp:/home/d-lab/workspace/ros_ur_driver/install/move_arm_interface:/home/d-lab/workspace/ros_ur_driver/install/joint_trajectory_controller:/home/d-lab/workspace/ros_ur_driver/install/joint_state_controller:/home/d-lab/workspace/ros_ur_driver/install/joint_state_broadcaster:/home/d-lab/workspace/ros_ur_driver/install/imu_sensor_broadcaster:/home/d-lab/workspace/ros_ur_driver/install/gripper_controllers:/home/d-lab/workspace/ros_ur_driver/install/effort_controllers:/home/d-lab/workspace/ros_ur_driver/install/forward_command_controller:/home/d-lab/workspace/ros_ur_driver/install/force_torque_sensor_broadcaster:/home/d-lab/workspace/ros_ur_driver/install/diff_drive_controller:/home/d-lab/workspace/ros_ur_driver/install/cartesian_compliance_controller:/home/d-lab/workspace/ros_ur_driver/install/cartesian_motion_controller:/home/d-lab/workspace/ros_ur_driver/install/cartesian_force_controller:/home/d-lab/workspace/ros_ur_driver/install/cartesian_controller_handles:/home/d-lab/workspace/ros_ur_driver/install/cartesian_controller_base:/home/d-lab/workspace/ros_ur_driver/install/controller_interface:/home/d-lab/workspace/ros_ur_driver/install/hardware_interface:/home/d-lab/workspace/ros_ur_driver/install/graph_msgs:/home/d-lab/workspace/ros_ur_driver/install/filters:/home/d-lab/workspace/ros_ur_driver/install/eigen3_cmake_module:/home/d-lab/workspace/ros_ur_driver/install/diffbot_description:/home/d-lab/workspace/ros_ur_driver/install/controller_manager_msgs:/home/d-lab/workspace/ros_ur_driver/install/control_msgs:/home/d-lab/workspace/ros_ur_driver/install/chomp_motion_planner:/home/d-lab/workspace/ros_ur_driver/install/action_tutorials_interfaces /usr/bin/cmake --install /home/d-lab/workspace/ros_ur_driver/build/move_arm_interfaces
