[0.190s] Invoking command in '/home/d-lab/workspace/ros_ur_driver/src/build/ur_msgs': CMAKE_PREFIX_PATH=/opt/ros/foxy /usr/bin/cmake --build /home/d-lab/workspace/ros_ur_driver/src/build/ur_msgs -- -j16 -l16
[0.384s] [  0%] Built target ur_msgs__cpp
[0.385s] [ 12%] Built target ur_msgs__rosidl_generator_c
[0.385s] [ 24%] Built target ur_msgs__rosidl_typesupport_introspection_cpp
[0.385s] [ 36%] Built target ur_msgs__rosidl_typesupport_cpp
[0.385s] [ 57%] Built target ur_msgs__rosidl_typesupport_c
[0.385s] [ 58%] Built target ur_msgs__rosidl_typesupport_fastrtps_cpp
[0.385s] [ 70%] Built target ur_msgs__rosidl_typesupport_introspection_c
[0.385s] [ 82%] Built target ur_msgs__rosidl_typesupport_fastrtps_c
[0.385s] [ 82%] Built target ur_msgs
[0.385s] [ 83%] Built target ur_msgs__py
[0.385s] [ 94%] Built target ur_msgs__python
[0.387s] [ 97%] Built target ur_msgs__rosidl_typesupport_introspection_c__pyext
[0.387s] [ 98%] Built target ur_msgs__rosidl_typesupport_c__pyext
[0.388s] [100%] Built target ur_msgs__rosidl_typesupport_fastrtps_c__pyext
[0.399s] Invoked command in '/home/d-lab/workspace/ros_ur_driver/src/build/ur_msgs' returned '0': CMAKE_PREFIX_PATH=/opt/ros/foxy /usr/bin/cmake --build /home/d-lab/workspace/ros_ur_driver/src/build/ur_msgs -- -j16 -l16
[0.573s] Invoking command in '/home/d-lab/workspace/ros_ur_driver/src/build/ur_msgs': CMAKE_PREFIX_PATH=/opt/ros/foxy /usr/bin/cmake --install /home/d-lab/workspace/ros_ur_driver/src/build/ur_msgs
[0.597s] -- Install configuration: ""
[0.598s] -- Up-to-date: /home/d-lab/workspace/ros_ur_driver/src/install/ur_msgs/share/ament_index/resource_index/rosidl_interfaces/ur_msgs
[0.599s] -- Up-to-date: /home/d-lab/workspace/ros_ur_driver/src/install/ur_msgs/include/ur_msgs
[0.599s] -- Up-to-date: /home/d-lab/workspace/ros_ur_driver/src/install/ur_msgs/include/ur_msgs/srv
[0.599s] -- Up-to-date: /home/d-lab/workspace/ros_ur_driver/src/install/ur_msgs/include/ur_msgs/srv/set_payload.h
[0.599s] -- Up-to-date: /home/d-lab/workspace/ros_ur_driver/src/install/ur_msgs/include/ur_msgs/srv/set_io.h
[0.600s] -- Up-to-date: /home/d-lab/workspace/ros_ur_driver/src/install/ur_msgs/include/ur_msgs/srv/detail
[0.601s] -- Up-to-date: /home/d-lab/workspace/ros_ur_driver/src/install/ur_msgs/include/ur_msgs/srv/detail/set_io__functions.h
[0.602s] -- Up-to-date: /home/d-lab/workspace/ros_ur_driver/src/install/ur_msgs/include/ur_msgs/srv/detail/set_payload__functions.c
[0.602s] -- Up-to-date: /home/d-lab/workspace/ros_ur_driver/src/install/ur_msgs/include/ur_msgs/srv/detail/set_io__functions.c
[0.605s] -- Up-to-date: /home/d-lab/workspace/ros_ur_driver/src/install/ur_msgs/include/ur_msgs/srv/detail/set_payload__type_support.h
[0.605s] -- Up-to-date: /home/d-lab/workspace/ros_ur_driver/src/install/ur_msgs/include/ur_msgs/srv/detail/set_speed_slider_fraction__functions.c
[0.605s] -- Up-to-date: /home/d-lab/workspace/ros_ur_driver/src/install/ur_msgs/include/ur_msgs/srv/detail/set_io__struct.h
[0.605s] -- Up-to-date: /home/d-lab/workspace/ros_ur_driver/src/install/ur_msgs/include/ur_msgs/srv/detail/set_payload__struct.h
[0.605s] -- Up-to-date: /home/d-lab/workspace/ros_ur_driver/src/install/ur_msgs/include/ur_msgs/srv/detail/set_payload__functions.h
[0.605s] -- Up-to-date: /home/d-lab/workspace/ros_ur_driver/src/install/ur_msgs/include/ur_msgs/srv/detail/set_speed_slider_fraction__functions.h
[0.606s] -- Up-to-date: /home/d-lab/workspace/ros_ur_driver/src/install/ur_msgs/include/ur_msgs/srv/detail/set_speed_slider_fraction__struct.h
[0.606s] -- Up-to-date: /home/d-lab/workspace/ros_ur_driver/src/install/ur_msgs/include/ur_msgs/srv/detail/set_speed_slider_fraction__type_support.h
[0.606s] -- Up-to-date: /home/d-lab/workspace/ros_ur_driver/src/install/ur_msgs/include/ur_msgs/srv/detail/set_io__type_support.h
[0.606s] -- Up-to-date: /home/d-lab/workspace/ros_ur_driver/src/install/ur_msgs/include/ur_msgs/srv/set_speed_slider_fraction.h
[0.606s] -- Up-to-date: /home/d-lab/workspace/ros_ur_driver/src/install/ur_msgs/include/ur_msgs/msg
[0.606s] -- Up-to-date: /home/d-lab/workspace/ros_ur_driver/src/install/ur_msgs/include/ur_msgs/msg/rosidl_generator_c__visibility_control.h
[0.607s] -- Up-to-date: /home/d-lab/workspace/ros_ur_driver/src/install/ur_msgs/include/ur_msgs/msg/analog.h
[0.607s] -- Up-to-date: /home/d-lab/workspace/ros_ur_driver/src/install/ur_msgs/include/ur_msgs/msg/robot_state_rt_msg.h
[0.607s] -- Up-to-date: /home/d-lab/workspace/ros_ur_driver/src/install/ur_msgs/include/ur_msgs/msg/masterboard_data_msg.h
[0.608s] -- Up-to-date: /home/d-lab/workspace/ros_ur_driver/src/install/ur_msgs/include/ur_msgs/msg/io_states.h
[0.608s] -- Up-to-date: /home/d-lab/workspace/ros_ur_driver/src/install/ur_msgs/include/ur_msgs/msg/tool_data_msg.h
[0.608s] -- Up-to-date: /home/d-lab/workspace/ros_ur_driver/src/install/ur_msgs/include/ur_msgs/msg/digital.h
[0.608s] -- Up-to-date: /home/d-lab/workspace/ros_ur_driver/src/install/ur_msgs/include/ur_msgs/msg/robot_mode_data_msg.h
[0.608s] -- Up-to-date: /home/d-lab/workspace/ros_ur_driver/src/install/ur_msgs/include/ur_msgs/msg/detail
[0.609s] -- Up-to-date: /home/d-lab/workspace/ros_ur_driver/src/install/ur_msgs/include/ur_msgs/msg/detail/digital__functions.c
[0.609s] -- Up-to-date: /home/d-lab/workspace/ros_ur_driver/src/install/ur_msgs/include/ur_msgs/msg/detail/tool_data_msg__functions.c
[0.610s] -- Up-to-date: /home/d-lab/workspace/ros_ur_driver/src/install/ur_msgs/include/ur_msgs/msg/detail/analog__struct.h
[0.610s] -- Up-to-date: /home/d-lab/workspace/ros_ur_driver/src/install/ur_msgs/include/ur_msgs/msg/detail/robot_state_rt_msg__type_support.h
[0.611s] -- Up-to-date: /home/d-lab/workspace/ros_ur_driver/src/install/ur_msgs/include/ur_msgs/msg/detail/io_states__functions.h
[0.611s] -- Up-to-date: /home/d-lab/workspace/ros_ur_driver/src/install/ur_msgs/include/ur_msgs/msg/detail/robot_mode_data_msg__type_support.h
[0.611s] -- Up-to-date: /home/d-lab/workspace/ros_ur_driver/src/install/ur_msgs/include/ur_msgs/msg/detail/tool_data_msg__type_support.h
[0.611s] -- Up-to-date: /home/d-lab/workspace/ros_ur_driver/src/install/ur_msgs/include/ur_msgs/msg/detail/robot_mode_data_msg__struct.h
[0.612s] -- Up-to-date: /home/d-lab/workspace/ros_ur_driver/src/install/ur_msgs/include/ur_msgs/msg/detail/tool_data_msg__struct.h
[0.612s] -- Up-to-date: /home/d-lab/workspace/ros_ur_driver/src/install/ur_msgs/include/ur_msgs/msg/detail/analog__functions.c
[0.612s] -- Up-to-date: /home/d-lab/workspace/ros_ur_driver/src/install/ur_msgs/include/ur_msgs/msg/detail/analog__functions.h
[0.612s] -- Up-to-date: /home/d-lab/workspace/ros_ur_driver/src/install/ur_msgs/include/ur_msgs/msg/detail/digital__type_support.h
[0.613s] -- Up-to-date: /home/d-lab/workspace/ros_ur_driver/src/install/ur_msgs/include/ur_msgs/msg/detail/digital__struct.h
[0.615s] -- Up-to-date: /home/d-lab/workspace/ros_ur_driver/src/install/ur_msgs/include/ur_msgs/msg/detail/tool_data_msg__functions.h
[0.616s] -- Up-to-date: /home/d-lab/workspace/ros_ur_driver/src/install/ur_msgs/include/ur_msgs/msg/detail/masterboard_data_msg__functions.h
[0.616s] -- Up-to-date: /home/d-lab/workspace/ros_ur_driver/src/install/ur_msgs/include/ur_msgs/msg/detail/robot_mode_data_msg__functions.h
[0.617s] -- Up-to-date: /home/d-lab/workspace/ros_ur_driver/src/install/ur_msgs/include/ur_msgs/msg/detail/masterboard_data_msg__struct.h
[0.617s] -- Up-to-date: /home/d-lab/workspace/ros_ur_driver/src/install/ur_msgs/include/ur_msgs/msg/detail/io_states__functions.c
[0.617s] -- Up-to-date: /home/d-lab/workspace/ros_ur_driver/src/install/ur_msgs/include/ur_msgs/msg/detail/masterboard_data_msg__type_support.h
[0.617s] -- Up-to-date: /home/d-lab/workspace/ros_ur_driver/src/install/ur_msgs/include/ur_msgs/msg/detail/masterboard_data_msg__functions.c
[0.617s] -- Up-to-date: /home/d-lab/workspace/ros_ur_driver/src/install/ur_msgs/include/ur_msgs/msg/detail/io_states__struct.h
[0.617s] -- Up-to-date: /home/d-lab/workspace/ros_ur_driver/src/install/ur_msgs/include/ur_msgs/msg/detail/robot_state_rt_msg__struct.h
[0.617s] -- Up-to-date: /home/d-lab/workspace/ros_ur_driver/src/install/ur_msgs/include/ur_msgs/msg/detail/robot_state_rt_msg__functions.h
[0.618s] -- Up-to-date: /home/d-lab/workspace/ros_ur_driver/src/install/ur_msgs/include/ur_msgs/msg/detail/digital__functions.h
[0.618s] -- Up-to-date: /home/d-lab/workspace/ros_ur_driver/src/install/ur_msgs/include/ur_msgs/msg/detail/io_states__type_support.h
[0.618s] -- Up-to-date: /home/d-lab/workspace/ros_ur_driver/src/install/ur_msgs/include/ur_msgs/msg/detail/analog__type_support.h
[0.618s] -- Up-to-date: /home/d-lab/workspace/ros_ur_driver/src/install/ur_msgs/include/ur_msgs/msg/detail/robot_state_rt_msg__functions.c
[0.618s] -- Up-to-date: /home/d-lab/workspace/ros_ur_driver/src/install/ur_msgs/include/ur_msgs/msg/detail/robot_mode_data_msg__functions.c
[0.618s] -- Up-to-date: /home/d-lab/workspace/ros_ur_driver/src/install/ur_msgs/share/ur_msgs/environment/library_path.sh
[0.618s] -- Up-to-date: /home/d-lab/workspace/ros_ur_driver/src/install/ur_msgs/share/ur_msgs/environment/library_path.dsv
[0.618s] -- Up-to-date: /home/d-lab/workspace/ros_ur_driver/src/install/ur_msgs/lib/libur_msgs__rosidl_generator_c.so
[0.618s] -- Up-to-date: /home/d-lab/workspace/ros_ur_driver/src/install/ur_msgs/include/ur_msgs
[0.618s] -- Up-to-date: /home/d-lab/workspace/ros_ur_driver/src/install/ur_msgs/include/ur_msgs/srv
[0.619s] -- Up-to-date: /home/d-lab/workspace/ros_ur_driver/src/install/ur_msgs/include/ur_msgs/srv/detail
[0.619s] -- Up-to-date: /home/d-lab/workspace/ros_ur_driver/src/install/ur_msgs/include/ur_msgs/srv/detail/set_io__rosidl_typesupport_fastrtps_c.h
[0.620s] -- Up-to-date: /home/d-lab/workspace/ros_ur_driver/src/install/ur_msgs/include/ur_msgs/srv/detail/set_speed_slider_fraction__rosidl_typesupport_fastrtps_c.h
[0.620s] -- Up-to-date: /home/d-lab/workspace/ros_ur_driver/src/install/ur_msgs/include/ur_msgs/srv/detail/set_payload__rosidl_typesupport_fastrtps_c.h
[0.620s] -- Up-to-date: /home/d-lab/workspace/ros_ur_driver/src/install/ur_msgs/include/ur_msgs/msg
[0.620s] -- Up-to-date: /home/d-lab/workspace/ros_ur_driver/src/install/ur_msgs/include/ur_msgs/msg/rosidl_typesupport_fastrtps_c__visibility_control.h
[0.620s] -- Up-to-date: /home/d-lab/workspace/ros_ur_driver/src/install/ur_msgs/include/ur_msgs/msg/detail
[0.621s] -- Up-to-date: /home/d-lab/workspace/ros_ur_driver/src/install/ur_msgs/include/ur_msgs/msg/detail/digital__rosidl_typesupport_fastrtps_c.h
[0.621s] -- Up-to-date: /home/d-lab/workspace/ros_ur_driver/src/install/ur_msgs/include/ur_msgs/msg/detail/io_states__rosidl_typesupport_fastrtps_c.h
[0.621s] -- Up-to-date: /home/d-lab/workspace/ros_ur_driver/src/install/ur_msgs/include/ur_msgs/msg/detail/masterboard_data_msg__rosidl_typesupport_fastrtps_c.h
[0.622s] -- Up-to-date: /home/d-lab/workspace/ros_ur_driver/src/install/ur_msgs/include/ur_msgs/msg/detail/tool_data_msg__rosidl_typesupport_fastrtps_c.h
[0.623s] -- Up-to-date: /home/d-lab/workspace/ros_ur_driver/src/install/ur_msgs/include/ur_msgs/msg/detail/robot_state_rt_msg__rosidl_typesupport_fastrtps_c.h
[0.623s] -- Up-to-date: /home/d-lab/workspace/ros_ur_driver/src/install/ur_msgs/include/ur_msgs/msg/detail/robot_mode_data_msg__rosidl_typesupport_fastrtps_c.h
[0.623s] -- Up-to-date: /home/d-lab/workspace/ros_ur_driver/src/install/ur_msgs/include/ur_msgs/msg/detail/analog__rosidl_typesupport_fastrtps_c.h
[0.624s] -- Up-to-date: /home/d-lab/workspace/ros_ur_driver/src/install/ur_msgs/lib/libur_msgs__rosidl_typesupport_fastrtps_c.so
[0.624s] -- Up-to-date: /home/d-lab/workspace/ros_ur_driver/src/install/ur_msgs/include/ur_msgs
[0.624s] -- Up-to-date: /home/d-lab/workspace/ros_ur_driver/src/install/ur_msgs/include/ur_msgs/srv
[0.624s] -- Up-to-date: /home/d-lab/workspace/ros_ur_driver/src/install/ur_msgs/include/ur_msgs/srv/detail
[0.625s] -- Up-to-date: /home/d-lab/workspace/ros_ur_driver/src/install/ur_msgs/include/ur_msgs/srv/detail/set_payload__rosidl_typesupport_fastrtps_cpp.hpp
[0.625s] -- Up-to-date: /home/d-lab/workspace/ros_ur_driver/src/install/ur_msgs/include/ur_msgs/srv/detail/dds_fastrtps
[0.625s] -- Up-to-date: /home/d-lab/workspace/ros_ur_driver/src/install/ur_msgs/include/ur_msgs/srv/detail/set_io__rosidl_typesupport_fastrtps_cpp.hpp
[0.626s] -- Up-to-date: /home/d-lab/workspace/ros_ur_driver/src/install/ur_msgs/include/ur_msgs/srv/detail/set_speed_slider_fraction__rosidl_typesupport_fastrtps_cpp.hpp
[0.626s] -- Up-to-date: /home/d-lab/workspace/ros_ur_driver/src/install/ur_msgs/include/ur_msgs/msg
[0.627s] -- Up-to-date: /home/d-lab/workspace/ros_ur_driver/src/install/ur_msgs/include/ur_msgs/msg/rosidl_typesupport_fastrtps_cpp__visibility_control.h
[0.627s] -- Up-to-date: /home/d-lab/workspace/ros_ur_driver/src/install/ur_msgs/include/ur_msgs/msg/detail
[0.627s] -- Up-to-date: /home/d-lab/workspace/ros_ur_driver/src/install/ur_msgs/include/ur_msgs/msg/detail/dds_fastrtps
[0.627s] -- Up-to-date: /home/d-lab/workspace/ros_ur_driver/src/install/ur_msgs/include/ur_msgs/msg/detail/analog__rosidl_typesupport_fastrtps_cpp.hpp
[0.627s] -- Up-to-date: /home/d-lab/workspace/ros_ur_driver/src/install/ur_msgs/include/ur_msgs/msg/detail/io_states__rosidl_typesupport_fastrtps_cpp.hpp
[0.627s] -- Up-to-date: /home/d-lab/workspace/ros_ur_driver/src/install/ur_msgs/include/ur_msgs/msg/detail/robot_state_rt_msg__rosidl_typesupport_fastrtps_cpp.hpp
[0.627s] -- Up-to-date: /home/d-lab/workspace/ros_ur_driver/src/install/ur_msgs/include/ur_msgs/msg/detail/tool_data_msg__rosidl_typesupport_fastrtps_cpp.hpp
[0.628s] -- Up-to-date: /home/d-lab/workspace/ros_ur_driver/src/install/ur_msgs/include/ur_msgs/msg/detail/masterboard_data_msg__rosidl_typesupport_fastrtps_cpp.hpp
[0.628s] -- Up-to-date: /home/d-lab/workspace/ros_ur_driver/src/install/ur_msgs/include/ur_msgs/msg/detail/digital__rosidl_typesupport_fastrtps_cpp.hpp
[0.628s] -- Up-to-date: /home/d-lab/workspace/ros_ur_driver/src/install/ur_msgs/include/ur_msgs/msg/detail/robot_mode_data_msg__rosidl_typesupport_fastrtps_cpp.hpp
[0.628s] -- Up-to-date: /home/d-lab/workspace/ros_ur_driver/src/install/ur_msgs/lib/libur_msgs__rosidl_typesupport_fastrtps_cpp.so
[0.629s] -- Up-to-date: /home/d-lab/workspace/ros_ur_driver/src/install/ur_msgs/include/ur_msgs
[0.629s] -- Up-to-date: /home/d-lab/workspace/ros_ur_driver/src/install/ur_msgs/include/ur_msgs/srv
[0.629s] -- Up-to-date: /home/d-lab/workspace/ros_ur_driver/src/install/ur_msgs/include/ur_msgs/srv/detail
[0.630s] -- Up-to-date: /home/d-lab/workspace/ros_ur_driver/src/install/ur_msgs/include/ur_msgs/srv/detail/set_speed_slider_fraction__type_support.c
[0.630s] -- Up-to-date: /home/d-lab/workspace/ros_ur_driver/src/install/ur_msgs/include/ur_msgs/srv/detail/set_payload__rosidl_typesupport_introspection_c.h
[0.631s] -- Up-to-date: /home/d-lab/workspace/ros_ur_driver/src/install/ur_msgs/include/ur_msgs/srv/detail/set_speed_slider_fraction__rosidl_typesupport_introspection_c.h
[0.631s] -- Up-to-date: /home/d-lab/workspace/ros_ur_driver/src/install/ur_msgs/include/ur_msgs/srv/detail/set_payload__type_support.c
[0.631s] -- Up-to-date: /home/d-lab/workspace/ros_ur_driver/src/install/ur_msgs/include/ur_msgs/srv/detail/set_io__rosidl_typesupport_introspection_c.h
[0.632s] -- Up-to-date: /home/d-lab/workspace/ros_ur_driver/src/install/ur_msgs/include/ur_msgs/srv/detail/set_io__type_support.c
[0.632s] -- Up-to-date: /home/d-lab/workspace/ros_ur_driver/src/install/ur_msgs/include/ur_msgs/msg
[0.632s] -- Up-to-date: /home/d-lab/workspace/ros_ur_driver/src/install/ur_msgs/include/ur_msgs/msg/rosidl_typesupport_introspection_c__visibility_control.h
[0.632s] -- Up-to-date: /home/d-lab/workspace/ros_ur_driver/src/install/ur_msgs/include/ur_msgs/msg/detail
[0.633s] -- Up-to-date: /home/d-lab/workspace/ros_ur_driver/src/install/ur_msgs/include/ur_msgs/msg/detail/robot_state_rt_msg__rosidl_typesupport_introspection_c.h
[0.633s] -- Up-to-date: /home/d-lab/workspace/ros_ur_driver/src/install/ur_msgs/include/ur_msgs/msg/detail/digital__type_support.c
[0.634s] -- Up-to-date: /home/d-lab/workspace/ros_ur_driver/src/install/ur_msgs/include/ur_msgs/msg/detail/tool_data_msg__type_support.c
[0.635s] -- Up-to-date: /home/d-lab/workspace/ros_ur_driver/src/install/ur_msgs/include/ur_msgs/msg/detail/tool_data_msg__rosidl_typesupport_introspection_c.h
[0.635s] -- Up-to-date: /home/d-lab/workspace/ros_ur_driver/src/install/ur_msgs/include/ur_msgs/msg/detail/analog__rosidl_typesupport_introspection_c.h
[0.635s] -- Up-to-date: /home/d-lab/workspace/ros_ur_driver/src/install/ur_msgs/include/ur_msgs/msg/detail/robot_mode_data_msg__type_support.c
[0.636s] -- Up-to-date: /home/d-lab/workspace/ros_ur_driver/src/install/ur_msgs/include/ur_msgs/msg/detail/robot_state_rt_msg__type_support.c
[0.636s] -- Up-to-date: /home/d-lab/workspace/ros_ur_driver/src/install/ur_msgs/include/ur_msgs/msg/detail/digital__rosidl_typesupport_introspection_c.h
[0.636s] -- Up-to-date: /home/d-lab/workspace/ros_ur_driver/src/install/ur_msgs/include/ur_msgs/msg/detail/masterboard_data_msg__rosidl_typesupport_introspection_c.h
[0.636s] -- Up-to-date: /home/d-lab/workspace/ros_ur_driver/src/install/ur_msgs/include/ur_msgs/msg/detail/io_states__type_support.c
[0.636s] -- Up-to-date: /home/d-lab/workspace/ros_ur_driver/src/install/ur_msgs/include/ur_msgs/msg/detail/analog__type_support.c
[0.636s] -- Up-to-date: /home/d-lab/workspace/ros_ur_driver/src/install/ur_msgs/include/ur_msgs/msg/detail/robot_mode_data_msg__rosidl_typesupport_introspection_c.h
[0.637s] -- Up-to-date: /home/d-lab/workspace/ros_ur_driver/src/install/ur_msgs/include/ur_msgs/msg/detail/masterboard_data_msg__type_support.c
[0.637s] -- Up-to-date: /home/d-lab/workspace/ros_ur_driver/src/install/ur_msgs/include/ur_msgs/msg/detail/io_states__rosidl_typesupport_introspection_c.h
[0.637s] -- Up-to-date: /home/d-lab/workspace/ros_ur_driver/src/install/ur_msgs/lib/libur_msgs__rosidl_typesupport_introspection_c.so
[0.637s] -- Up-to-date: /home/d-lab/workspace/ros_ur_driver/src/install/ur_msgs/lib/libur_msgs__rosidl_typesupport_c.so
[0.638s] -- Up-to-date: /home/d-lab/workspace/ros_ur_driver/src/install/ur_msgs/include/ur_msgs
[0.638s] -- Up-to-date: /home/d-lab/workspace/ros_ur_driver/src/install/ur_msgs/include/ur_msgs/srv
[0.638s] -- Up-to-date: /home/d-lab/workspace/ros_ur_driver/src/install/ur_msgs/include/ur_msgs/srv/set_payload.hpp
[0.639s] -- Up-to-date: /home/d-lab/workspace/ros_ur_driver/src/install/ur_msgs/include/ur_msgs/srv/set_speed_slider_fraction.hpp
[0.639s] -- Up-to-date: /home/d-lab/workspace/ros_ur_driver/src/install/ur_msgs/include/ur_msgs/srv/detail
[0.639s] -- Up-to-date: /home/d-lab/workspace/ros_ur_driver/src/install/ur_msgs/include/ur_msgs/srv/detail/set_speed_slider_fraction__struct.hpp
[0.640s] -- Up-to-date: /home/d-lab/workspace/ros_ur_driver/src/install/ur_msgs/include/ur_msgs/srv/detail/set_speed_slider_fraction__traits.hpp
[0.640s] -- Up-to-date: /home/d-lab/workspace/ros_ur_driver/src/install/ur_msgs/include/ur_msgs/srv/detail/set_payload__builder.hpp
[0.640s] -- Up-to-date: /home/d-lab/workspace/ros_ur_driver/src/install/ur_msgs/include/ur_msgs/srv/detail/set_speed_slider_fraction__builder.hpp
[0.641s] -- Up-to-date: /home/d-lab/workspace/ros_ur_driver/src/install/ur_msgs/include/ur_msgs/srv/detail/set_io__struct.hpp
[0.641s] -- Up-to-date: /home/d-lab/workspace/ros_ur_driver/src/install/ur_msgs/include/ur_msgs/srv/detail/set_io__traits.hpp
[0.641s] -- Up-to-date: /home/d-lab/workspace/ros_ur_driver/src/install/ur_msgs/include/ur_msgs/srv/detail/set_payload__struct.hpp
[0.641s] -- Up-to-date: /home/d-lab/workspace/ros_ur_driver/src/install/ur_msgs/include/ur_msgs/srv/detail/set_payload__traits.hpp
[0.642s] -- Up-to-date: /home/d-lab/workspace/ros_ur_driver/src/install/ur_msgs/include/ur_msgs/srv/detail/set_io__builder.hpp
[0.642s] -- Up-to-date: /home/d-lab/workspace/ros_ur_driver/src/install/ur_msgs/include/ur_msgs/srv/set_io.hpp
[0.642s] -- Up-to-date: /home/d-lab/workspace/ros_ur_driver/src/install/ur_msgs/include/ur_msgs/msg
[0.643s] -- Up-to-date: /home/d-lab/workspace/ros_ur_driver/src/install/ur_msgs/include/ur_msgs/msg/masterboard_data_msg.hpp
[0.643s] -- Up-to-date: /home/d-lab/workspace/ros_ur_driver/src/install/ur_msgs/include/ur_msgs/msg/io_states.hpp
[0.643s] -- Up-to-date: /home/d-lab/workspace/ros_ur_driver/src/install/ur_msgs/include/ur_msgs/msg/tool_data_msg.hpp
[0.643s] -- Up-to-date: /home/d-lab/workspace/ros_ur_driver/src/install/ur_msgs/include/ur_msgs/msg/robot_mode_data_msg.hpp
[0.644s] -- Up-to-date: /home/d-lab/workspace/ros_ur_driver/src/install/ur_msgs/include/ur_msgs/msg/robot_state_rt_msg.hpp
[0.644s] -- Up-to-date: /home/d-lab/workspace/ros_ur_driver/src/install/ur_msgs/include/ur_msgs/msg/digital.hpp
[0.645s] -- Up-to-date: /home/d-lab/workspace/ros_ur_driver/src/install/ur_msgs/include/ur_msgs/msg/analog.hpp
[0.645s] -- Up-to-date: /home/d-lab/workspace/ros_ur_driver/src/install/ur_msgs/include/ur_msgs/msg/detail
[0.645s] -- Up-to-date: /home/d-lab/workspace/ros_ur_driver/src/install/ur_msgs/include/ur_msgs/msg/detail/tool_data_msg__struct.hpp
[0.646s] -- Up-to-date: /home/d-lab/workspace/ros_ur_driver/src/install/ur_msgs/include/ur_msgs/msg/detail/digital__builder.hpp
[0.646s] -- Up-to-date: /home/d-lab/workspace/ros_ur_driver/src/install/ur_msgs/include/ur_msgs/msg/detail/robot_mode_data_msg__struct.hpp
[0.646s] -- Up-to-date: /home/d-lab/workspace/ros_ur_driver/src/install/ur_msgs/include/ur_msgs/msg/detail/robot_state_rt_msg__traits.hpp
[0.646s] -- Up-to-date: /home/d-lab/workspace/ros_ur_driver/src/install/ur_msgs/include/ur_msgs/msg/detail/digital__struct.hpp
[0.647s] -- Up-to-date: /home/d-lab/workspace/ros_ur_driver/src/install/ur_msgs/include/ur_msgs/msg/detail/io_states__builder.hpp
[0.647s] -- Up-to-date: /home/d-lab/workspace/ros_ur_driver/src/install/ur_msgs/include/ur_msgs/msg/detail/robot_mode_data_msg__traits.hpp
[0.647s] -- Up-to-date: /home/d-lab/workspace/ros_ur_driver/src/install/ur_msgs/include/ur_msgs/msg/detail/masterboard_data_msg__struct.hpp
[0.647s] -- Up-to-date: /home/d-lab/workspace/ros_ur_driver/src/install/ur_msgs/include/ur_msgs/msg/detail/io_states__struct.hpp
[0.647s] -- Up-to-date: /home/d-lab/workspace/ros_ur_driver/src/install/ur_msgs/include/ur_msgs/msg/detail/digital__traits.hpp
[0.647s] -- Up-to-date: /home/d-lab/workspace/ros_ur_driver/src/install/ur_msgs/include/ur_msgs/msg/detail/robot_mode_data_msg__builder.hpp
[0.649s] -- Up-to-date: /home/d-lab/workspace/ros_ur_driver/src/install/ur_msgs/include/ur_msgs/msg/detail/analog__builder.hpp
[0.649s] -- Up-to-date: /home/d-lab/workspace/ros_ur_driver/src/install/ur_msgs/include/ur_msgs/msg/detail/tool_data_msg__builder.hpp
[0.649s] -- Up-to-date: /home/d-lab/workspace/ros_ur_driver/src/install/ur_msgs/include/ur_msgs/msg/detail/io_states__traits.hpp
[0.650s] -- Up-to-date: /home/d-lab/workspace/ros_ur_driver/src/install/ur_msgs/include/ur_msgs/msg/detail/masterboard_data_msg__traits.hpp
[0.651s] -- Up-to-date: /home/d-lab/workspace/ros_ur_driver/src/install/ur_msgs/include/ur_msgs/msg/detail/analog__traits.hpp
[0.651s] -- Up-to-date: /home/d-lab/workspace/ros_ur_driver/src/install/ur_msgs/include/ur_msgs/msg/detail/tool_data_msg__traits.hpp
[0.652s] -- Up-to-date: /home/d-lab/workspace/ros_ur_driver/src/install/ur_msgs/include/ur_msgs/msg/detail/masterboard_data_msg__builder.hpp
[0.652s] -- Up-to-date: /home/d-lab/workspace/ros_ur_driver/src/install/ur_msgs/include/ur_msgs/msg/detail/robot_state_rt_msg__struct.hpp
[0.652s] -- Up-to-date: /home/d-lab/workspace/ros_ur_driver/src/install/ur_msgs/include/ur_msgs/msg/detail/analog__struct.hpp
[0.653s] -- Up-to-date: /home/d-lab/workspace/ros_ur_driver/src/install/ur_msgs/include/ur_msgs/msg/detail/robot_state_rt_msg__builder.hpp
[0.654s] -- Up-to-date: /home/d-lab/workspace/ros_ur_driver/src/install/ur_msgs/include/ur_msgs
[0.654s] -- Up-to-date: /home/d-lab/workspace/ros_ur_driver/src/install/ur_msgs/include/ur_msgs/srv
[0.655s] -- Up-to-date: /home/d-lab/workspace/ros_ur_driver/src/install/ur_msgs/include/ur_msgs/srv/detail
[0.656s] -- Up-to-date: /home/d-lab/workspace/ros_ur_driver/src/install/ur_msgs/include/ur_msgs/srv/detail/set_io__rosidl_typesupport_introspection_cpp.hpp
[0.656s] -- Up-to-date: /home/d-lab/workspace/ros_ur_driver/src/install/ur_msgs/include/ur_msgs/srv/detail/set_payload__rosidl_typesupport_introspection_cpp.hpp
[0.656s] -- Up-to-date: /home/d-lab/workspace/ros_ur_driver/src/install/ur_msgs/include/ur_msgs/srv/detail/set_io__type_support.cpp
[0.656s] -- Up-to-date: /home/d-lab/workspace/ros_ur_driver/src/install/ur_msgs/include/ur_msgs/srv/detail/set_speed_slider_fraction__type_support.cpp
[0.656s] -- Up-to-date: /home/d-lab/workspace/ros_ur_driver/src/install/ur_msgs/include/ur_msgs/srv/detail/set_speed_slider_fraction__rosidl_typesupport_introspection_cpp.hpp
[0.656s] -- Up-to-date: /home/d-lab/workspace/ros_ur_driver/src/install/ur_msgs/include/ur_msgs/srv/detail/set_payload__type_support.cpp
[0.656s] -- Up-to-date: /home/d-lab/workspace/ros_ur_driver/src/install/ur_msgs/include/ur_msgs/msg
[0.656s] -- Up-to-date: /home/d-lab/workspace/ros_ur_driver/src/install/ur_msgs/include/ur_msgs/msg/detail
[0.656s] -- Up-to-date: /home/d-lab/workspace/ros_ur_driver/src/install/ur_msgs/include/ur_msgs/msg/detail/tool_data_msg__rosidl_typesupport_introspection_cpp.hpp
[0.656s] -- Up-to-date: /home/d-lab/workspace/ros_ur_driver/src/install/ur_msgs/include/ur_msgs/msg/detail/io_states__rosidl_typesupport_introspection_cpp.hpp
[0.657s] -- Up-to-date: /home/d-lab/workspace/ros_ur_driver/src/install/ur_msgs/include/ur_msgs/msg/detail/robot_state_rt_msg__type_support.cpp
[0.657s] -- Up-to-date: /home/d-lab/workspace/ros_ur_driver/src/install/ur_msgs/include/ur_msgs/msg/detail/analog__type_support.cpp
[0.657s] -- Up-to-date: /home/d-lab/workspace/ros_ur_driver/src/install/ur_msgs/include/ur_msgs/msg/detail/robot_state_rt_msg__rosidl_typesupport_introspection_cpp.hpp
[0.657s] -- Up-to-date: /home/d-lab/workspace/ros_ur_driver/src/install/ur_msgs/include/ur_msgs/msg/detail/analog__rosidl_typesupport_introspection_cpp.hpp
[0.657s] -- Up-to-date: /home/d-lab/workspace/ros_ur_driver/src/install/ur_msgs/include/ur_msgs/msg/detail/robot_mode_data_msg__type_support.cpp
[0.657s] -- Up-to-date: /home/d-lab/workspace/ros_ur_driver/src/install/ur_msgs/include/ur_msgs/msg/detail/robot_mode_data_msg__rosidl_typesupport_introspection_cpp.hpp
[0.657s] -- Up-to-date: /home/d-lab/workspace/ros_ur_driver/src/install/ur_msgs/include/ur_msgs/msg/detail/digital__type_support.cpp
[0.657s] -- Up-to-date: /home/d-lab/workspace/ros_ur_driver/src/install/ur_msgs/include/ur_msgs/msg/detail/tool_data_msg__type_support.cpp
[0.657s] -- Up-to-date: /home/d-lab/workspace/ros_ur_driver/src/install/ur_msgs/include/ur_msgs/msg/detail/digital__rosidl_typesupport_introspection_cpp.hpp
[0.657s] -- Up-to-date: /home/d-lab/workspace/ros_ur_driver/src/install/ur_msgs/include/ur_msgs/msg/detail/io_states__type_support.cpp
[0.657s] -- Up-to-date: /home/d-lab/workspace/ros_ur_driver/src/install/ur_msgs/include/ur_msgs/msg/detail/masterboard_data_msg__rosidl_typesupport_introspection_cpp.hpp
[0.657s] -- Up-to-date: /home/d-lab/workspace/ros_ur_driver/src/install/ur_msgs/include/ur_msgs/msg/detail/masterboard_data_msg__type_support.cpp
[0.657s] -- Up-to-date: /home/d-lab/workspace/ros_ur_driver/src/install/ur_msgs/lib/libur_msgs__rosidl_typesupport_introspection_cpp.so
[0.657s] -- Up-to-date: /home/d-lab/workspace/ros_ur_driver/src/install/ur_msgs/lib/libur_msgs__rosidl_typesupport_cpp.so
[0.657s] -- Up-to-date: /home/d-lab/workspace/ros_ur_driver/src/install/ur_msgs/share/ur_msgs/environment/pythonpath.sh
[0.657s] -- Up-to-date: /home/d-lab/workspace/ros_ur_driver/src/install/ur_msgs/share/ur_msgs/environment/pythonpath.dsv
[0.658s] -- Up-to-date: /home/d-lab/workspace/ros_ur_driver/src/install/ur_msgs/lib/python3.8/site-packages/ur_msgs/__init__.py
[0.689s] -- Up-to-date: /home/d-lab/workspace/ros_ur_driver/src/install/ur_msgs/lib/python3.8/site-packages/ur_msgs/msg
[0.689s] -- Up-to-date: /home/d-lab/workspace/ros_ur_driver/src/install/ur_msgs/lib/python3.8/site-packages/ur_msgs/msg/_tool_data_msg_s.c
[0.689s] -- Up-to-date: /home/d-lab/workspace/ros_ur_driver/src/install/ur_msgs/lib/python3.8/site-packages/ur_msgs/msg/_analog.py
[0.689s] -- Up-to-date: /home/d-lab/workspace/ros_ur_driver/src/install/ur_msgs/lib/python3.8/site-packages/ur_msgs/msg/_analog_s.c
[0.689s] -- Up-to-date: /home/d-lab/workspace/ros_ur_driver/src/install/ur_msgs/lib/python3.8/site-packages/ur_msgs/msg/_robot_mode_data_msg_s.c
[0.689s] -- Up-to-date: /home/d-lab/workspace/ros_ur_driver/src/install/ur_msgs/lib/python3.8/site-packages/ur_msgs/msg/_tool_data_msg.py
[0.689s] -- Up-to-date: /home/d-lab/workspace/ros_ur_driver/src/install/ur_msgs/lib/python3.8/site-packages/ur_msgs/msg/_robot_state_rt_msg_s.c
[0.689s] -- Up-to-date: /home/d-lab/workspace/ros_ur_driver/src/install/ur_msgs/lib/python3.8/site-packages/ur_msgs/msg/_digital.py
[0.689s] -- Up-to-date: /home/d-lab/workspace/ros_ur_driver/src/install/ur_msgs/lib/python3.8/site-packages/ur_msgs/msg/_io_states_s.c
[0.689s] -- Up-to-date: /home/d-lab/workspace/ros_ur_driver/src/install/ur_msgs/lib/python3.8/site-packages/ur_msgs/msg/_robot_state_rt_msg.py
[0.689s] -- Up-to-date: /home/d-lab/workspace/ros_ur_driver/src/install/ur_msgs/lib/python3.8/site-packages/ur_msgs/msg/_digital_s.c
[0.690s] -- Up-to-date: /home/d-lab/workspace/ros_ur_driver/src/install/ur_msgs/lib/python3.8/site-packages/ur_msgs/msg/__init__.py
[0.690s] -- Up-to-date: /home/d-lab/workspace/ros_ur_driver/src/install/ur_msgs/lib/python3.8/site-packages/ur_msgs/msg/_io_states.py
[0.690s] -- Up-to-date: /home/d-lab/workspace/ros_ur_driver/src/install/ur_msgs/lib/python3.8/site-packages/ur_msgs/msg/_robot_mode_data_msg.py
[0.690s] -- Up-to-date: /home/d-lab/workspace/ros_ur_driver/src/install/ur_msgs/lib/python3.8/site-packages/ur_msgs/msg/_masterboard_data_msg_s.c
[0.690s] -- Up-to-date: /home/d-lab/workspace/ros_ur_driver/src/install/ur_msgs/lib/python3.8/site-packages/ur_msgs/msg/_masterboard_data_msg.py
[0.690s] -- Up-to-date: /home/d-lab/workspace/ros_ur_driver/src/install/ur_msgs/lib/python3.8/site-packages/ur_msgs/srv
[0.690s] -- Up-to-date: /home/d-lab/workspace/ros_ur_driver/src/install/ur_msgs/lib/python3.8/site-packages/ur_msgs/srv/_set_payload_s.c
[0.690s] -- Up-to-date: /home/d-lab/workspace/ros_ur_driver/src/install/ur_msgs/lib/python3.8/site-packages/ur_msgs/srv/_set_io_s.c
[0.690s] -- Up-to-date: /home/d-lab/workspace/ros_ur_driver/src/install/ur_msgs/lib/python3.8/site-packages/ur_msgs/srv/_set_io.py
[0.690s] -- Up-to-date: /home/d-lab/workspace/ros_ur_driver/src/install/ur_msgs/lib/python3.8/site-packages/ur_msgs/srv/__init__.py
[0.690s] -- Up-to-date: /home/d-lab/workspace/ros_ur_driver/src/install/ur_msgs/lib/python3.8/site-packages/ur_msgs/srv/_set_speed_slider_fraction.py
[0.690s] -- Up-to-date: /home/d-lab/workspace/ros_ur_driver/src/install/ur_msgs/lib/python3.8/site-packages/ur_msgs/srv/_set_speed_slider_fraction_s.c
[0.690s] -- Up-to-date: /home/d-lab/workspace/ros_ur_driver/src/install/ur_msgs/lib/python3.8/site-packages/ur_msgs/srv/_set_payload.py
[0.690s] -- Up-to-date: /home/d-lab/workspace/ros_ur_driver/src/install/ur_msgs/lib/python3.8/site-packages/ur_msgs/ur_msgs_s__rosidl_typesupport_fastrtps_c.cpython-38-x86_64-linux-gnu.so
[0.690s] -- Up-to-date: /home/d-lab/workspace/ros_ur_driver/src/install/ur_msgs/lib/python3.8/site-packages/ur_msgs/ur_msgs_s__rosidl_typesupport_introspection_c.cpython-38-x86_64-linux-gnu.so
[0.690s] -- Up-to-date: /home/d-lab/workspace/ros_ur_driver/src/install/ur_msgs/lib/python3.8/site-packages/ur_msgs/ur_msgs_s__rosidl_typesupport_c.cpython-38-x86_64-linux-gnu.so
[0.691s] -- Up-to-date: /home/d-lab/workspace/ros_ur_driver/src/install/ur_msgs/lib/libur_msgs__python.so
[0.691s] -- Up-to-date: /home/d-lab/workspace/ros_ur_driver/src/install/ur_msgs/share/ur_msgs/msg/Analog.idl
[0.691s] -- Up-to-date: /home/d-lab/workspace/ros_ur_driver/src/install/ur_msgs/share/ur_msgs/msg/Digital.idl
[0.691s] -- Up-to-date: /home/d-lab/workspace/ros_ur_driver/src/install/ur_msgs/share/ur_msgs/msg/IOStates.idl
[0.691s] -- Up-to-date: /home/d-lab/workspace/ros_ur_driver/src/install/ur_msgs/share/ur_msgs/msg/RobotStateRTMsg.idl
[0.691s] -- Up-to-date: /home/d-lab/workspace/ros_ur_driver/src/install/ur_msgs/share/ur_msgs/msg/MasterboardDataMsg.idl
[0.691s] -- Up-to-date: /home/d-lab/workspace/ros_ur_driver/src/install/ur_msgs/share/ur_msgs/msg/RobotModeDataMsg.idl
[0.691s] -- Up-to-date: /home/d-lab/workspace/ros_ur_driver/src/install/ur_msgs/share/ur_msgs/msg/ToolDataMsg.idl
[0.691s] -- Up-to-date: /home/d-lab/workspace/ros_ur_driver/src/install/ur_msgs/share/ur_msgs/srv/SetPayload.idl
[0.691s] -- Up-to-date: /home/d-lab/workspace/ros_ur_driver/src/install/ur_msgs/share/ur_msgs/srv/SetSpeedSliderFraction.idl
[0.691s] -- Up-to-date: /home/d-lab/workspace/ros_ur_driver/src/install/ur_msgs/share/ur_msgs/srv/SetIO.idl
[0.691s] -- Up-to-date: /home/d-lab/workspace/ros_ur_driver/src/install/ur_msgs/share/ur_msgs/msg/Analog.msg
[0.691s] -- Up-to-date: /home/d-lab/workspace/ros_ur_driver/src/install/ur_msgs/share/ur_msgs/msg/Digital.msg
[0.691s] -- Up-to-date: /home/d-lab/workspace/ros_ur_driver/src/install/ur_msgs/share/ur_msgs/msg/IOStates.msg
[0.691s] -- Up-to-date: /home/d-lab/workspace/ros_ur_driver/src/install/ur_msgs/share/ur_msgs/msg/RobotStateRTMsg.msg
[0.691s] -- Up-to-date: /home/d-lab/workspace/ros_ur_driver/src/install/ur_msgs/share/ur_msgs/msg/MasterboardDataMsg.msg
[0.691s] -- Up-to-date: /home/d-lab/workspace/ros_ur_driver/src/install/ur_msgs/share/ur_msgs/msg/RobotModeDataMsg.msg
[0.691s] -- Up-to-date: /home/d-lab/workspace/ros_ur_driver/src/install/ur_msgs/share/ur_msgs/msg/ToolDataMsg.msg
[0.691s] -- Up-to-date: /home/d-lab/workspace/ros_ur_driver/src/install/ur_msgs/share/ur_msgs/srv/SetPayload.srv
[0.691s] -- Up-to-date: /home/d-lab/workspace/ros_ur_driver/src/install/ur_msgs/share/ur_msgs/srv/SetPayload_Request.msg
[0.692s] -- Up-to-date: /home/d-lab/workspace/ros_ur_driver/src/install/ur_msgs/share/ur_msgs/srv/SetPayload_Response.msg
[0.692s] -- Up-to-date: /home/d-lab/workspace/ros_ur_driver/src/install/ur_msgs/share/ur_msgs/srv/SetSpeedSliderFraction.srv
[0.692s] -- Up-to-date: /home/d-lab/workspace/ros_ur_driver/src/install/ur_msgs/share/ur_msgs/srv/SetSpeedSliderFraction_Request.msg
[0.692s] -- Up-to-date: /home/d-lab/workspace/ros_ur_driver/src/install/ur_msgs/share/ur_msgs/srv/SetSpeedSliderFraction_Response.msg
[0.692s] -- Up-to-date: /home/d-lab/workspace/ros_ur_driver/src/install/ur_msgs/share/ur_msgs/srv/SetIO.srv
[0.692s] -- Up-to-date: /home/d-lab/workspace/ros_ur_driver/src/install/ur_msgs/share/ur_msgs/srv/SetIO_Request.msg
[0.692s] -- Up-to-date: /home/d-lab/workspace/ros_ur_driver/src/install/ur_msgs/share/ur_msgs/srv/SetIO_Response.msg
[0.692s] -- Up-to-date: /home/d-lab/workspace/ros_ur_driver/src/install/ur_msgs/share/ament_index/resource_index/package_run_dependencies/ur_msgs
[0.692s] -- Up-to-date: /home/d-lab/workspace/ros_ur_driver/src/install/ur_msgs/share/ament_index/resource_index/parent_prefix_path/ur_msgs
[0.692s] -- Up-to-date: /home/d-lab/workspace/ros_ur_driver/src/install/ur_msgs/share/ur_msgs/environment/ament_prefix_path.sh
[0.692s] -- Up-to-date: /home/d-lab/workspace/ros_ur_driver/src/install/ur_msgs/share/ur_msgs/environment/ament_prefix_path.dsv
[0.692s] -- Up-to-date: /home/d-lab/workspace/ros_ur_driver/src/install/ur_msgs/share/ur_msgs/environment/path.sh
[0.692s] -- Up-to-date: /home/d-lab/workspace/ros_ur_driver/src/install/ur_msgs/share/ur_msgs/environment/path.dsv
[0.692s] -- Up-to-date: /home/d-lab/workspace/ros_ur_driver/src/install/ur_msgs/share/ur_msgs/local_setup.bash
[0.692s] -- Up-to-date: /home/d-lab/workspace/ros_ur_driver/src/install/ur_msgs/share/ur_msgs/local_setup.sh
[0.692s] -- Up-to-date: /home/d-lab/workspace/ros_ur_driver/src/install/ur_msgs/share/ur_msgs/local_setup.zsh
[0.692s] -- Up-to-date: /home/d-lab/workspace/ros_ur_driver/src/install/ur_msgs/share/ur_msgs/local_setup.dsv
[0.692s] -- Installing: /home/d-lab/workspace/ros_ur_driver/src/install/ur_msgs/share/ur_msgs/package.dsv
[0.692s] -- Up-to-date: /home/d-lab/workspace/ros_ur_driver/src/install/ur_msgs/share/ament_index/resource_index/packages/ur_msgs
[0.693s] -- Up-to-date: /home/d-lab/workspace/ros_ur_driver/src/install/ur_msgs/share/ur_msgs/cmake/ur_msgs__rosidl_generator_cExport.cmake
[0.693s] -- Up-to-date: /home/d-lab/workspace/ros_ur_driver/src/install/ur_msgs/share/ur_msgs/cmake/ur_msgs__rosidl_generator_cExport-noconfig.cmake
[0.693s] -- Up-to-date: /home/d-lab/workspace/ros_ur_driver/src/install/ur_msgs/share/ur_msgs/cmake/ur_msgs__rosidl_typesupport_introspection_cExport.cmake
[0.693s] -- Up-to-date: /home/d-lab/workspace/ros_ur_driver/src/install/ur_msgs/share/ur_msgs/cmake/ur_msgs__rosidl_typesupport_introspection_cExport-noconfig.cmake
[0.693s] -- Up-to-date: /home/d-lab/workspace/ros_ur_driver/src/install/ur_msgs/share/ur_msgs/cmake/ur_msgs__rosidl_typesupport_cExport.cmake
[0.693s] -- Up-to-date: /home/d-lab/workspace/ros_ur_driver/src/install/ur_msgs/share/ur_msgs/cmake/ur_msgs__rosidl_typesupport_cExport-noconfig.cmake
[0.693s] -- Up-to-date: /home/d-lab/workspace/ros_ur_driver/src/install/ur_msgs/share/ur_msgs/cmake/ur_msgs__rosidl_generator_cppExport.cmake
[0.693s] -- Up-to-date: /home/d-lab/workspace/ros_ur_driver/src/install/ur_msgs/share/ur_msgs/cmake/ur_msgs__rosidl_typesupport_introspection_cppExport.cmake
[0.693s] -- Up-to-date: /home/d-lab/workspace/ros_ur_driver/src/install/ur_msgs/share/ur_msgs/cmake/ur_msgs__rosidl_typesupport_introspection_cppExport-noconfig.cmake
[0.693s] -- Up-to-date: /home/d-lab/workspace/ros_ur_driver/src/install/ur_msgs/share/ur_msgs/cmake/ur_msgs__rosidl_typesupport_cppExport.cmake
[0.693s] -- Up-to-date: /home/d-lab/workspace/ros_ur_driver/src/install/ur_msgs/share/ur_msgs/cmake/ur_msgs__rosidl_typesupport_cppExport-noconfig.cmake
[0.693s] -- Up-to-date: /home/d-lab/workspace/ros_ur_driver/src/install/ur_msgs/share/ur_msgs/cmake/rosidl_cmake-extras.cmake
[0.693s] -- Up-to-date: /home/d-lab/workspace/ros_ur_driver/src/install/ur_msgs/share/ur_msgs/cmake/ament_cmake_export_dependencies-extras.cmake
[0.693s] -- Up-to-date: /home/d-lab/workspace/ros_ur_driver/src/install/ur_msgs/share/ur_msgs/cmake/ament_cmake_export_libraries-extras.cmake
[0.693s] -- Up-to-date: /home/d-lab/workspace/ros_ur_driver/src/install/ur_msgs/share/ur_msgs/cmake/ament_cmake_export_targets-extras.cmake
[0.693s] -- Up-to-date: /home/d-lab/workspace/ros_ur_driver/src/install/ur_msgs/share/ur_msgs/cmake/ament_cmake_export_include_directories-extras.cmake
[0.693s] -- Up-to-date: /home/d-lab/workspace/ros_ur_driver/src/install/ur_msgs/share/ur_msgs/cmake/rosidl_cmake_export_typesupport_libraries-extras.cmake
[0.693s] -- Up-to-date: /home/d-lab/workspace/ros_ur_driver/src/install/ur_msgs/share/ur_msgs/cmake/rosidl_cmake_export_typesupport_targets-extras.cmake
[0.693s] -- Up-to-date: /home/d-lab/workspace/ros_ur_driver/src/install/ur_msgs/share/ur_msgs/cmake/ur_msgsConfig.cmake
[0.693s] -- Up-to-date: /home/d-lab/workspace/ros_ur_driver/src/install/ur_msgs/share/ur_msgs/cmake/ur_msgsConfig-version.cmake
[0.694s] -- Up-to-date: /home/d-lab/workspace/ros_ur_driver/src/install/ur_msgs/share/ur_msgs/package.xml
[0.806s] Invoked command in '/home/d-lab/workspace/ros_ur_driver/src/build/ur_msgs' returned '0': CMAKE_PREFIX_PATH=/opt/ros/foxy /usr/bin/cmake --install /home/d-lab/workspace/ros_ur_driver/src/build/ur_msgs
