[0.022s] Invoking command in '/home/d-lab/workspace/ros_ur_driver/build/move_arm': CMAKE_PREFIX_PATH=/home/d-lab/workspace/ros_ur_driver/install/moveit_visual_tools:/home/d-lab/workspace/ros_ur_driver/install/rviz_visual_tools:/home/d-lab/workspace/ros_ur_driver/install/graph_msgs:/home/d-lab/workspace/ros_ur_driver/install/eigen3_cmake_module:/home/d-lab/workspace/ros_ur_driver/install/run_ompl_constrained_planning:/home/d-lab/workspace/ros_ur_driver/install/run_moveit_cpp:/home/d-lab/workspace/ros_ur_driver/install/run_move_group:/home/d-lab/workspace/ros_ur_driver/install/warehouse_ros_mongo:/home/d-lab/workspace/ros_ur_driver/install/ros2_controllers:/home/d-lab/workspace/ros_ur_driver/install/velocity_controllers:/home/d-lab/workspace/ros_ur_driver/install/ur_robot_driver:/home/d-lab/workspace/ros_ur_driver/install/ur_controllers:/home/d-lab/workspace/ros_ur_driver/install/ur_msgs:/home/d-lab/workspace/ros_ur_driver/install/ur_moveit_config:/home/d-lab/workspace/ros_ur_driver/install/ur_description:/home/d-lab/workspace/ros_ur_driver/install/ur_dashboard_msgs:/home/d-lab/workspace/ros_ur_driver/install/ur_client_library:/home/d-lab/workspace/ros_ur_driver/install/ur_bringup:/home/d-lab/workspace/ros_ur_driver/install/ur5_robotiq_moveit_config:/home/d-lab/workspace/ros_ur_driver/install/transmission_interface:/home/d-lab/workspace/ros_ur_driver/install/srdfdom:/home/d-lab/workspace/ros_ur_driver/install/move_arm:/home/d-lab/workspace/ros_ur_driver/install/ros2_control_demos:/home/d-lab/workspace/ros_ur_driver/install/ros2_control_demo_bringup:/home/d-lab/workspace/ros_ur_driver/install/rrbot_description:/home/d-lab/workspace/ros_ur_driver/install/ros2_control:/home/d-lab/workspace/ros_ur_driver/install/utils:/home/d-lab/workspace/ros_ur_driver/install/ros2controlcli:/home/d-lab/workspace/ros_ur_driver/install/ros2_control_test_nodes:/home/d-lab/workspace/ros_ur_driver/install/robotiq_control:/home/d-lab/workspace/ros_ur_driver/install/gripper_control:/opt/ros/foxy:/home/d-lab/workspace/ros_ur_driver/install/cartesian_controller_examples:/home/d-lab/workspace/ros_ur_driver/install/controller_manager:/home/d-lab/workspace/ros_ur_driver/install/ros2_control_test_assets:/home/d-lab/workspace/ros_ur_driver/install/ros2_control_demo_hardware:/home/d-lab/workspace/ros_ur_driver/install/robotiq_description:/home/d-lab/workspace/ros_ur_driver/install/position_controllers:/home/d-lab/workspace/ros_ur_driver/install/joint_trajectory_controller:/home/d-lab/workspace/ros_ur_driver/install/joint_state_controller:/home/d-lab/workspace/ros_ur_driver/install/joint_state_broadcaster:/home/d-lab/workspace/ros_ur_driver/install/imu_sensor_broadcaster:/home/d-lab/workspace/ros_ur_driver/install/gripper_controllers:/home/d-lab/workspace/ros_ur_driver/install/effort_controllers:/home/d-lab/workspace/ros_ur_driver/install/forward_command_controller:/home/d-lab/workspace/ros_ur_driver/install/force_torque_sensor_broadcaster:/home/d-lab/workspace/ros_ur_driver/install/diff_drive_controller:/home/d-lab/workspace/ros_ur_driver/install/cartesian_compliance_controller:/home/d-lab/workspace/ros_ur_driver/install/cartesian_motion_controller:/home/d-lab/workspace/ros_ur_driver/install/cartesian_force_controller:/home/d-lab/workspace/ros_ur_driver/install/cartesian_controller_handles:/home/d-lab/workspace/ros_ur_driver/install/cartesian_controller_base:/home/d-lab/workspace/ros_ur_driver/install/controller_interface:/home/d-lab/workspace/ros_ur_driver/install/hardware_interface:/home/d-lab/workspace/ros_ur_driver/install/filters:/home/d-lab/workspace/ros_ur_driver/install/diffbot_description:/home/d-lab/workspace/ros_ur_driver/install/controller_manager_msgs:/home/d-lab/workspace/ros_ur_driver/install/control_msgs:/home/d-lab/workspace/ros_ur_driver/install/chomp_motion_planner LD_LIBRARY_PATH=/home/d-lab/workspace/ros_ur_driver/install/moveit_visual_tools/lib:/home/d-lab/workspace/ros_ur_driver/install/rviz_visual_tools/lib:/home/d-lab/workspace/ros_ur_driver/install/graph_msgs/lib:/home/d-lab/workspace/ros_ur_driver/install/warehouse_ros_mongo/lib:/home/d-lab/workspace/ros_ur_driver/install/velocity_controllers/lib:/home/d-lab/workspace/ros_ur_driver/install/ur_robot_driver/lib:/home/d-lab/workspace/ros_ur_driver/install/ur_controllers/lib:/home/d-lab/workspace/ros_ur_driver/install/ur_msgs/lib:/home/d-lab/workspace/ros_ur_driver/install/ur_dashboard_msgs/lib:/home/d-lab/workspace/ros_ur_driver/install/ur_client_library/lib:/home/d-lab/workspace/ros_ur_driver/install/srdfdom/lib:/home/d-lab/workspace/ros_ur_driver/install/controller_manager/lib:/home/d-lab/workspace/ros_ur_driver/install/ros2_control_demo_hardware/lib:/home/d-lab/workspace/ros_ur_driver/install/position_controllers/lib:/home/d-lab/workspace/ros_ur_driver/install/joint_trajectory_controller/lib:/home/d-lab/workspace/ros_ur_driver/install/joint_state_controller/lib:/home/d-lab/workspace/ros_ur_driver/install/joint_state_broadcaster/lib:/home/d-lab/workspace/ros_ur_driver/install/imu_sensor_broadcaster/lib:/home/d-lab/workspace/ros_ur_driver/install/gripper_controllers/lib:/home/d-lab/workspace/ros_ur_driver/install/effort_controllers/lib:/home/d-lab/workspace/ros_ur_driver/install/forward_command_controller/lib:/home/d-lab/workspace/ros_ur_driver/install/force_torque_sensor_broadcaster/lib:/home/d-lab/workspace/ros_ur_driver/install/diff_drive_controller/lib:/home/d-lab/workspace/ros_ur_driver/install/cartesian_compliance_controller/lib:/home/d-lab/workspace/ros_ur_driver/install/cartesian_motion_controller/lib:/home/d-lab/workspace/ros_ur_driver/install/cartesian_force_controller/lib:/home/d-lab/workspace/ros_ur_driver/install/cartesian_controller_handles/lib:/home/d-lab/workspace/ros_ur_driver/install/cartesian_controller_base/lib:/home/d-lab/workspace/ros_ur_driver/install/controller_interface/lib:/home/d-lab/workspace/ros_ur_driver/install/hardware_interface/lib:/home/d-lab/workspace/ros_ur_driver/install/filters/lib:/home/d-lab/workspace/ros_ur_driver/install/controller_manager_msgs/lib:/home/d-lab/workspace/ros_ur_driver/install/control_msgs/lib:/home/d-lab/workspace/ros_ur_driver/install/chomp_motion_planner/lib:/opt/ros/foxy/opt/yaml_cpp_vendor/lib:/opt/ros/foxy/opt/rviz_ogre_vendor/lib:/opt/ros/foxy/lib/x86_64-linux-gnu:/opt/ros/foxy/lib PYTHONPATH=/home/d-lab/workspace/ros_ur_driver/install/graph_msgs/lib/python3.8/site-packages:/home/d-lab/workspace/ros_ur_driver/install/warehouse_ros_mongo/lib/python3.8/site-packages:/home/d-lab/workspace/ros_ur_driver/install/utils/lib/python3.8/site-packages:/home/d-lab/workspace/ros_ur_driver/install/ur_msgs/lib/python3.8/site-packages:/home/d-lab/workspace/ros_ur_driver/install/ur_dashboard_msgs/lib/python3.8/site-packages:/home/d-lab/workspace/ros_ur_driver/install/srdfdom/lib/python3.8/site-packages:/home/d-lab/workspace/ros_ur_driver/install/ros2controlcli/lib/python3.8/site-packages:/home/d-lab/workspace/ros_ur_driver/install/ros2_control_test_nodes/lib/python3.8/site-packages:/home/d-lab/workspace/ros_ur_driver/install/controller_manager/lib/python3.8/site-packages:/home/d-lab/workspace/ros_ur_driver/install/robotiq_control/lib/python3.8/site-packages:/home/d-lab/workspace/ros_ur_driver/install/gripper_control/lib/python3.8/site-packages:/home/d-lab/workspace/ros_ur_driver/install/controller_manager_msgs/lib/python3.8/site-packages:/home/d-lab/workspace/ros_ur_driver/install/control_msgs/lib/python3.8/site-packages:/opt/ros/foxy/lib/python3.8/site-packages /usr/bin/cmake --build /home/d-lab/workspace/ros_ur_driver/build/move_arm -- -j16 -l16
[0.045s] -- Found ament_cmake: 0.9.9 (/opt/ros/foxy/share/ament_cmake/cmake)
[0.061s] -- Using PYTHON_EXECUTABLE: /usr/bin/python3
[0.172s] -- Found rclcpp: 2.4.1 (/opt/ros/foxy/share/rclcpp/cmake)
[0.197s] -- Using all available rosidl_typesupport_c: rosidl_typesupport_fastrtps_c;rosidl_typesupport_introspection_c
[0.199s] -- Found rosidl_adapter: 1.2.1 (/opt/ros/foxy/share/rosidl_adapter/cmake)
[0.291s] -- Using all available rosidl_typesupport_cpp: rosidl_typesupport_fastrtps_cpp;rosidl_typesupport_introspection_cpp
[0.324s] -- Found rmw_implementation_cmake: 1.0.3 (/opt/ros/foxy/share/rmw_implementation_cmake/cmake)
[0.327s] -- Using RMW implementation 'rmw_fastrtps_cpp' as default
[0.419s] -- Found moveit: 2.2.3 (/opt/ros/foxy/share/moveit/cmake)
[0.419s] -- Found moveit_msgs: 2.1.0 (/opt/ros/foxy/share/moveit_msgs/cmake)
[1.298s] -- Found eigen3_cmake_module: 0.1.1 (/opt/ros/foxy/share/eigen3_cmake_module/cmake)
[1.299s] -- Found moveit_ros_planning_interface: 2.2.3 (/opt/ros/foxy/share/moveit_ros_planning_interface/cmake)
[1.301s] -- Found Boost: /usr/lib/x86_64-linux-gnu/cmake/Boost-1.71.0/BoostConfig.cmake (found version "1.71.0")  
[1.309s] -- Found Boost: /usr/lib/x86_64-linux-gnu/cmake/Boost-1.71.0/BoostConfig.cmake (found version "1.71.0") found components: date_time filesystem program_options system thread 
[1.354s] -- Found Boost: /usr/lib/x86_64-linux-gnu/cmake/Boost-1.71.0/BoostConfig.cmake (found version "1.71.0") found components: chrono date_time filesystem iostreams program_options regex serialization system thread 
[1.368s] -- Found Boost: /usr/lib/x86_64-linux-gnu/cmake/Boost-1.71.0/BoostConfig.cmake (found version "1.71.0") found components: filesystem 
[1.406s] -- library: /usr/lib/x86_64-linux-gnu/libcurl.so
[1.947s] -- Found Boost: /usr/lib/x86_64-linux-gnu/cmake/Boost-1.71.0/BoostConfig.cmake (found version "1.71.0") found components: system filesystem date_time program_options thread chrono 
[2.100s] -- Found Boost: /usr/lib/x86_64-linux-gnu/cmake/Boost-1.71.0/BoostConfig.cmake (found version "1.71.0") found components: thread 
[2.503s] -- Found Boost: /usr/lib/x86_64-linux-gnu/cmake/Boost-1.71.0/BoostConfig.cmake (found version "1.71.0") found components: thread system filesystem regex date_time program_options 
[2.714s] -- Found Boost: /usr/lib/x86_64-linux-gnu/cmake/Boost-1.71.0/BoostConfig.cmake (found version "1.71.0") found components: system filesystem date_time program_options thread 
[3.051s] -- Found moveit_visual_tools: 4.0.0 (/home/d-lab/workspace/ros_ur_driver/install/moveit_visual_tools/share/moveit_visual_tools/cmake)
[3.344s] -- Setting OGRE_DIR to: '/opt/ros/foxy/share/rviz_ogre_vendor/cmake/../../../opt/rviz_ogre_vendor/lib/OGRE/cmake'
[3.346s] -- Found OGRE
[3.346s] --   static     : OFF
[3.346s] --   components : HLMS;MeshLodGenerator;Overlay;Paging;Property;RTShaderSystem;Terrain;Volume
[3.346s] --   plugins    : Plugin_BSPSceneManager;Plugin_OctreeSceneManager;Plugin_PCZSceneManager;Plugin_ParticleFX;RenderSystem_GL;RenderSystem_GL3Plus;Codec_STBI
[3.346s] --   media      : /opt/ros/foxy/opt/rviz_ogre_vendor/share/OGRE/Media
[3.346s] -- OGRE_LIBRARIES: OgreHLMS;OgreMeshLodGenerator;OgreOverlay;OgrePaging;OgreProperty;OgreRTShaderSystem;OgreTerrain;OgreVolume;OgreMain
[3.346s] -- OGRE_LIBRARY_DIRS: /opt/ros/foxy/opt/rviz_ogre_vendor/lib
[3.346s] -- OGRE_PLUGINS: Plugin_BSPSceneManager;Plugin_OctreeSceneManager;Plugin_PCZSceneManager;Plugin_ParticleFX;RenderSystem_GL;RenderSystem_GL3Plus;Codec_STBI
[3.346s] -- OGRE_PLUGIN_DIR: /opt/ros/foxy/opt/rviz_ogre_vendor/lib/OGRE
[3.346s] -- rviz_ogre_vendor::OgreOverlay for IMPORTED_LOCATION_RELEASE: /opt/ros/foxy/opt/rviz_ogre_vendor/lib/libOgreOverlay.so
[3.346s] -- rviz_ogre_vendor::OgreOverlay for IMPORTED_LOCATION_DEBUG: /opt/ros/foxy/opt/rviz_ogre_vendor/lib/libOgreOverlay.so
[3.346s] -- rviz_ogre_vendor::OgreMain for IMPORTED_LOCATION_RELEASE: /opt/ros/foxy/opt/rviz_ogre_vendor/lib/libOgreMain.so
[3.346s] -- rviz_ogre_vendor::OgreMain for IMPORTED_LOCATION_DEBUG: /opt/ros/foxy/opt/rviz_ogre_vendor/lib/libOgreMain.so
[3.375s] -- rviz_ogre_vendor::RenderSystem_GL for IMPORTED_LOCATION_RELEASE: _render_system_gl_static_library_abs-NOTFOUND
[3.375s] -- rviz_ogre_vendor::RenderSystem_GL for IMPORTED_LOCATION_DEBUG: _render_system_gl_static_library_abs-NOTFOUND
[3.408s] -- Setting yaml-cpp_DIR to: '/opt/ros/foxy/share/yaml_cpp_vendor/cmake/../../../opt/yaml_cpp_vendor/lib/cmake/yaml-cpp'
[3.797s] -- Found rosidl_default_generators: 1.0.1 (/opt/ros/foxy/share/rosidl_default_generators/cmake)
[3.822s] -- Found PythonInterp: /usr/bin/python3 (found version "3.8.10") 
[3.915s] -- Found ament_cmake_ros: 0.9.2 (/opt/ros/foxy/share/ament_cmake_ros/cmake)
[4.028s] -- Using all available rosidl_typesupport_c: rosidl_typesupport_fastrtps_c;rosidl_typesupport_introspection_c
[4.054s] -- Using all available rosidl_typesupport_cpp: rosidl_typesupport_fastrtps_cpp;rosidl_typesupport_introspection_cpp
[4.077s] -- Found PythonInterp: /usr/bin/python3 (found suitable version "3.8.10", minimum required is "3.5") 
[4.079s] -- Found python_cmake_module: 0.8.1 (/opt/ros/foxy/share/python_cmake_module/cmake)
[4.099s] -- Found PythonLibs: /usr/lib/x86_64-linux-gnu/libpython3.8.so (found suitable version "3.8.10", minimum required is "3.5") 
[4.099s] -- Using PYTHON_EXECUTABLE: /usr/bin/python3
[4.100s] -- Using PYTHON_INCLUDE_DIRS: /usr/include/python3.8
[4.100s] -- Using PYTHON_LIBRARIES: /usr/lib/x86_64-linux-gnu/libpython3.8.so
[4.114s] -- Found PythonExtra: .so  
[4.181s] -- Found ament_lint_auto: 0.9.6 (/opt/ros/foxy/share/ament_lint_auto/cmake)
[4.193s] -- Added test 'copyright' to check source files copyright and LICENSE
[4.194s] -- Added test 'cppcheck' to perform static code analysis on C / C++ code
[4.194s] -- Configured cppcheck include dirs: 
[4.195s] -- Configured cppcheck exclude dirs and/or files: 
[4.195s] -- Added test 'cpplint' to check C / C++ code against the Google style
[4.195s] -- Configured cpplint exclude dirs and/or files: 
[4.195s] -- Added test 'flake8' to check Python code syntax and style conventions
[4.196s] -- Added test 'lint_cmake' to check CMake code style
[4.196s] -- Added test 'pep257' to check Python code against some of the style conventions in PEP 257
[4.196s] -- Added test 'uncrustify' to check C / C++ code style
[4.196s] -- Configured uncrustify additional arguments: 
[4.197s] -- Added test 'xmllint' to check XML markup files
[4.201s] -- Configuring done
[4.267s] -- Generating done
[4.270s] -- Build files have been written to: /home/d-lab/workspace/ros_ur_driver/build/move_arm
[4.296s] [  3%] [34m[1mGenerating C code for ROS interfaces[0m
[4.296s] [35m[1mScanning dependencies of target move_arm__cpp[0m
[4.298s] [35m[1mScanning dependencies of target move_to_point[0m
[4.305s] [  6%] [34m[1mGenerating C++ code for ROS interfaces[0m
[4.322s] [  9%] [32mBuilding CXX object CMakeFiles/move_to_point.dir/src/move_to_point.cpp.o[0m
[4.524s] [35m[1mScanning dependencies of target move_arm__rosidl_generator_c[0m
[4.534s] [  9%] Built target move_arm__cpp
[4.535s] [ 12%] [32mBuilding C object CMakeFiles/move_arm__rosidl_generator_c.dir/rosidl_generator_c/move_arm/action/detail/move_arm__functions.c.o[0m
[4.544s] [ 21%] [34m[1mGenerating C++ introspection for ROS interfaces[0m
[4.544s] [ 21%] [34m[1mGenerating C++ type support for eProsima Fast-RTPS[0m
[4.544s] [ 21%] [34m[1mGenerating C++ type support dispatch for ROS interfaces[0m
[4.690s] [ 24%] [32m[1mLinking C shared library libmove_arm__rosidl_generator_c.so[0m
[4.713s] [35m[1mScanning dependencies of target move_arm__rosidl_typesupport_cpp[0m
[4.721s] [ 24%] Built target move_arm__rosidl_generator_c
[4.725s] [ 27%] [32mBuilding CXX object CMakeFiles/move_arm__rosidl_typesupport_cpp.dir/rosidl_typesupport_cpp/move_arm/action/move_arm__type_support.cpp.o[0m
[4.731s] [ 33%] [34m[1mGenerating C introspection for ROS interfaces[0m
[4.731s] [ 33%] [34m[1mGenerating C type support dispatch for ROS interfaces[0m
[4.740s] [35m[1mScanning dependencies of target move_arm__rosidl_typesupport_introspection_cpp[0m
[4.753s] [ 36%] [32mBuilding CXX object CMakeFiles/move_arm__rosidl_typesupport_introspection_cpp.dir/rosidl_typesupport_introspection_cpp/move_arm/action/detail/move_arm__type_support.cpp.o[0m
[4.775s] [35m[1mScanning dependencies of target move_arm__rosidl_typesupport_fastrtps_cpp[0m
[4.790s] [ 39%] [32mBuilding CXX object CMakeFiles/move_arm__rosidl_typesupport_fastrtps_cpp.dir/rosidl_typesupport_fastrtps_cpp/move_arm/action/detail/dds_fastrtps/move_arm__type_support.cpp.o[0m
[4.894s] [35m[1mScanning dependencies of target move_arm__rosidl_typesupport_c[0m
[4.906s] [ 42%] [32mBuilding CXX object CMakeFiles/move_arm__rosidl_typesupport_c.dir/rosidl_typesupport_c/move_arm/action/move_arm__type_support.cpp.o[0m
[4.937s] [ 45%] [32m[1mLinking CXX shared library libmove_arm__rosidl_typesupport_cpp.so[0m
[4.944s] [35m[1mScanning dependencies of target move_arm__rosidl_typesupport_introspection_c[0m
[4.945s] [ 48%] [32m[1mLinking CXX shared library libmove_arm__rosidl_typesupport_c.so[0m
[4.956s] [ 51%] [32mBuilding C object CMakeFiles/move_arm__rosidl_typesupport_introspection_c.dir/rosidl_typesupport_introspection_c/move_arm/action/detail/move_arm__type_support.c.o[0m
[4.970s] [ 51%] Built target move_arm__rosidl_typesupport_cpp
[4.978s] [ 51%] Built target move_arm__rosidl_typesupport_c
[5.006s] [ 54%] [32m[1mLinking C shared library libmove_arm__rosidl_typesupport_introspection_c.so[0m
[5.026s] [ 57%] [32m[1mLinking CXX shared library libmove_arm__rosidl_typesupport_introspection_cpp.so[0m
[5.031s] [ 57%] Built target move_arm__rosidl_typesupport_introspection_c
[5.075s] [ 57%] Built target move_arm__rosidl_typesupport_introspection_cpp
[5.160s] [ 60%] [32m[1mLinking CXX shared library libmove_arm__rosidl_typesupport_fastrtps_cpp.so[0m
[5.217s] [ 60%] Built target move_arm__rosidl_typesupport_fastrtps_cpp
[5.226s] [ 63%] [34m[1mGenerating C type support for eProsima Fast-RTPS[0m
[5.439s] [35m[1mScanning dependencies of target move_arm__rosidl_typesupport_fastrtps_c[0m
[5.453s] [ 66%] [32mBuilding CXX object CMakeFiles/move_arm__rosidl_typesupport_fastrtps_c.dir/rosidl_typesupport_fastrtps_c/move_arm/action/detail/move_arm__type_support_c.cpp.o[0m
[5.724s] [ 69%] [32m[1mLinking CXX shared library libmove_arm__rosidl_typesupport_fastrtps_c.so[0m
[5.780s] [ 69%] Built target move_arm__rosidl_typesupport_fastrtps_c
[5.789s] [35m[1mScanning dependencies of target move_arm[0m
[5.798s] [ 69%] Built target move_arm
[5.807s] [35m[1mScanning dependencies of target move_arm__py[0m
[5.816s] [ 72%] [34m[1mGenerating Python code for ROS interfaces[0m
[6.278s] [ 72%] Built target move_arm__py
[6.287s] [35m[1mScanning dependencies of target move_arm__python[0m
[6.309s] [ 75%] [32mBuilding C object CMakeFiles/move_arm__python.dir/rosidl_generator_py/move_arm/action/_move_arm_s.c.o[0m
[6.492s] [ 78%] [32m[1mLinking C shared library rosidl_generator_py/move_arm/libmove_arm__python.so[0m
[6.524s] [ 78%] Built target move_arm__python
[6.534s] [35m[1mScanning dependencies of target move_arm__rosidl_typesupport_introspection_c__pyext[0m
[6.534s] [35m[1mScanning dependencies of target move_arm__rosidl_typesupport_c__pyext[0m
[6.534s] [35m[1mScanning dependencies of target move_arm__rosidl_typesupport_fastrtps_c__pyext[0m
[6.548s] [ 87%] [32mBuilding C object CMakeFiles/move_arm__rosidl_typesupport_c__pyext.dir/rosidl_generator_py/move_arm/_move_arm_s.ep.rosidl_typesupport_c.c.o[0m
[6.548s] [ 87%] [32mBuilding C object CMakeFiles/move_arm__rosidl_typesupport_fastrtps_c__pyext.dir/rosidl_generator_py/move_arm/_move_arm_s.ep.rosidl_typesupport_fastrtps_c.c.o[0m
[6.548s] [ 87%] [32mBuilding C object CMakeFiles/move_arm__rosidl_typesupport_introspection_c__pyext.dir/rosidl_generator_py/move_arm/_move_arm_s.ep.rosidl_typesupport_introspection_c.c.o[0m
[6.664s] [ 96%] [32m[1mLinking C shared library rosidl_generator_py/move_arm/move_arm_s__rosidl_typesupport_introspection_c.cpython-38-x86_64-linux-gnu.so[0m
[6.664s] [ 96%] [32m[1mLinking CXX shared library rosidl_generator_py/move_arm/move_arm_s__rosidl_typesupport_fastrtps_c.cpython-38-x86_64-linux-gnu.so[0m
[6.664s] [ 96%] [32m[1mLinking C shared library rosidl_generator_py/move_arm/move_arm_s__rosidl_typesupport_c.cpython-38-x86_64-linux-gnu.so[0m
[6.694s] [ 96%] Built target move_arm__rosidl_typesupport_introspection_c__pyext
[6.695s] [ 96%] Built target move_arm__rosidl_typesupport_c__pyext
[6.712s] [ 96%] Built target move_arm__rosidl_typesupport_fastrtps_c__pyext
[10.315s] [100%] [32m[1mLinking CXX executable move_to_point[0m
[10.661s] [100%] Built target move_to_point
[10.672s] Invoked command in '/home/d-lab/workspace/ros_ur_driver/build/move_arm' returned '0': CMAKE_PREFIX_PATH=/home/d-lab/workspace/ros_ur_driver/install/moveit_visual_tools:/home/d-lab/workspace/ros_ur_driver/install/rviz_visual_tools:/home/d-lab/workspace/ros_ur_driver/install/graph_msgs:/home/d-lab/workspace/ros_ur_driver/install/eigen3_cmake_module:/home/d-lab/workspace/ros_ur_driver/install/run_ompl_constrained_planning:/home/d-lab/workspace/ros_ur_driver/install/run_moveit_cpp:/home/d-lab/workspace/ros_ur_driver/install/run_move_group:/home/d-lab/workspace/ros_ur_driver/install/warehouse_ros_mongo:/home/d-lab/workspace/ros_ur_driver/install/ros2_controllers:/home/d-lab/workspace/ros_ur_driver/install/velocity_controllers:/home/d-lab/workspace/ros_ur_driver/install/ur_robot_driver:/home/d-lab/workspace/ros_ur_driver/install/ur_controllers:/home/d-lab/workspace/ros_ur_driver/install/ur_msgs:/home/d-lab/workspace/ros_ur_driver/install/ur_moveit_config:/home/d-lab/workspace/ros_ur_driver/install/ur_description:/home/d-lab/workspace/ros_ur_driver/install/ur_dashboard_msgs:/home/d-lab/workspace/ros_ur_driver/install/ur_client_library:/home/d-lab/workspace/ros_ur_driver/install/ur_bringup:/home/d-lab/workspace/ros_ur_driver/install/ur5_robotiq_moveit_config:/home/d-lab/workspace/ros_ur_driver/install/transmission_interface:/home/d-lab/workspace/ros_ur_driver/install/srdfdom:/home/d-lab/workspace/ros_ur_driver/install/move_arm:/home/d-lab/workspace/ros_ur_driver/install/ros2_control_demos:/home/d-lab/workspace/ros_ur_driver/install/ros2_control_demo_bringup:/home/d-lab/workspace/ros_ur_driver/install/rrbot_description:/home/d-lab/workspace/ros_ur_driver/install/ros2_control:/home/d-lab/workspace/ros_ur_driver/install/utils:/home/d-lab/workspace/ros_ur_driver/install/ros2controlcli:/home/d-lab/workspace/ros_ur_driver/install/ros2_control_test_nodes:/home/d-lab/workspace/ros_ur_driver/install/robotiq_control:/home/d-lab/workspace/ros_ur_driver/install/gripper_control:/opt/ros/foxy:/home/d-lab/workspace/ros_ur_driver/install/cartesian_controller_examples:/home/d-lab/workspace/ros_ur_driver/install/controller_manager:/home/d-lab/workspace/ros_ur_driver/install/ros2_control_test_assets:/home/d-lab/workspace/ros_ur_driver/install/ros2_control_demo_hardware:/home/d-lab/workspace/ros_ur_driver/install/robotiq_description:/home/d-lab/workspace/ros_ur_driver/install/position_controllers:/home/d-lab/workspace/ros_ur_driver/install/joint_trajectory_controller:/home/d-lab/workspace/ros_ur_driver/install/joint_state_controller:/home/d-lab/workspace/ros_ur_driver/install/joint_state_broadcaster:/home/d-lab/workspace/ros_ur_driver/install/imu_sensor_broadcaster:/home/d-lab/workspace/ros_ur_driver/install/gripper_controllers:/home/d-lab/workspace/ros_ur_driver/install/effort_controllers:/home/d-lab/workspace/ros_ur_driver/install/forward_command_controller:/home/d-lab/workspace/ros_ur_driver/install/force_torque_sensor_broadcaster:/home/d-lab/workspace/ros_ur_driver/install/diff_drive_controller:/home/d-lab/workspace/ros_ur_driver/install/cartesian_compliance_controller:/home/d-lab/workspace/ros_ur_driver/install/cartesian_motion_controller:/home/d-lab/workspace/ros_ur_driver/install/cartesian_force_controller:/home/d-lab/workspace/ros_ur_driver/install/cartesian_controller_handles:/home/d-lab/workspace/ros_ur_driver/install/cartesian_controller_base:/home/d-lab/workspace/ros_ur_driver/install/controller_interface:/home/d-lab/workspace/ros_ur_driver/install/hardware_interface:/home/d-lab/workspace/ros_ur_driver/install/filters:/home/d-lab/workspace/ros_ur_driver/install/diffbot_description:/home/d-lab/workspace/ros_ur_driver/install/controller_manager_msgs:/home/d-lab/workspace/ros_ur_driver/install/control_msgs:/home/d-lab/workspace/ros_ur_driver/install/chomp_motion_planner LD_LIBRARY_PATH=/home/d-lab/workspace/ros_ur_driver/install/moveit_visual_tools/lib:/home/d-lab/workspace/ros_ur_driver/install/rviz_visual_tools/lib:/home/d-lab/workspace/ros_ur_driver/install/graph_msgs/lib:/home/d-lab/workspace/ros_ur_driver/install/warehouse_ros_mongo/lib:/home/d-lab/workspace/ros_ur_driver/install/velocity_controllers/lib:/home/d-lab/workspace/ros_ur_driver/install/ur_robot_driver/lib:/home/d-lab/workspace/ros_ur_driver/install/ur_controllers/lib:/home/d-lab/workspace/ros_ur_driver/install/ur_msgs/lib:/home/d-lab/workspace/ros_ur_driver/install/ur_dashboard_msgs/lib:/home/d-lab/workspace/ros_ur_driver/install/ur_client_library/lib:/home/d-lab/workspace/ros_ur_driver/install/srdfdom/lib:/home/d-lab/workspace/ros_ur_driver/install/controller_manager/lib:/home/d-lab/workspace/ros_ur_driver/install/ros2_control_demo_hardware/lib:/home/d-lab/workspace/ros_ur_driver/install/position_controllers/lib:/home/d-lab/workspace/ros_ur_driver/install/joint_trajectory_controller/lib:/home/d-lab/workspace/ros_ur_driver/install/joint_state_controller/lib:/home/d-lab/workspace/ros_ur_driver/install/joint_state_broadcaster/lib:/home/d-lab/workspace/ros_ur_driver/install/imu_sensor_broadcaster/lib:/home/d-lab/workspace/ros_ur_driver/install/gripper_controllers/lib:/home/d-lab/workspace/ros_ur_driver/install/effort_controllers/lib:/home/d-lab/workspace/ros_ur_driver/install/forward_command_controller/lib:/home/d-lab/workspace/ros_ur_driver/install/force_torque_sensor_broadcaster/lib:/home/d-lab/workspace/ros_ur_driver/install/diff_drive_controller/lib:/home/d-lab/workspace/ros_ur_driver/install/cartesian_compliance_controller/lib:/home/d-lab/workspace/ros_ur_driver/install/cartesian_motion_controller/lib:/home/d-lab/workspace/ros_ur_driver/install/cartesian_force_controller/lib:/home/d-lab/workspace/ros_ur_driver/install/cartesian_controller_handles/lib:/home/d-lab/workspace/ros_ur_driver/install/cartesian_controller_base/lib:/home/d-lab/workspace/ros_ur_driver/install/controller_interface/lib:/home/d-lab/workspace/ros_ur_driver/install/hardware_interface/lib:/home/d-lab/workspace/ros_ur_driver/install/filters/lib:/home/d-lab/workspace/ros_ur_driver/install/controller_manager_msgs/lib:/home/d-lab/workspace/ros_ur_driver/install/control_msgs/lib:/home/d-lab/workspace/ros_ur_driver/install/chomp_motion_planner/lib:/opt/ros/foxy/opt/yaml_cpp_vendor/lib:/opt/ros/foxy/opt/rviz_ogre_vendor/lib:/opt/ros/foxy/lib/x86_64-linux-gnu:/opt/ros/foxy/lib PYTHONPATH=/home/d-lab/workspace/ros_ur_driver/install/graph_msgs/lib/python3.8/site-packages:/home/d-lab/workspace/ros_ur_driver/install/warehouse_ros_mongo/lib/python3.8/site-packages:/home/d-lab/workspace/ros_ur_driver/install/utils/lib/python3.8/site-packages:/home/d-lab/workspace/ros_ur_driver/install/ur_msgs/lib/python3.8/site-packages:/home/d-lab/workspace/ros_ur_driver/install/ur_dashboard_msgs/lib/python3.8/site-packages:/home/d-lab/workspace/ros_ur_driver/install/srdfdom/lib/python3.8/site-packages:/home/d-lab/workspace/ros_ur_driver/install/ros2controlcli/lib/python3.8/site-packages:/home/d-lab/workspace/ros_ur_driver/install/ros2_control_test_nodes/lib/python3.8/site-packages:/home/d-lab/workspace/ros_ur_driver/install/controller_manager/lib/python3.8/site-packages:/home/d-lab/workspace/ros_ur_driver/install/robotiq_control/lib/python3.8/site-packages:/home/d-lab/workspace/ros_ur_driver/install/gripper_control/lib/python3.8/site-packages:/home/d-lab/workspace/ros_ur_driver/install/controller_manager_msgs/lib/python3.8/site-packages:/home/d-lab/workspace/ros_ur_driver/install/control_msgs/lib/python3.8/site-packages:/opt/ros/foxy/lib/python3.8/site-packages /usr/bin/cmake --build /home/d-lab/workspace/ros_ur_driver/build/move_arm -- -j16 -l16
[10.747s] Invoking command in '/home/d-lab/workspace/ros_ur_driver/build/move_arm': CMAKE_PREFIX_PATH=/home/d-lab/workspace/ros_ur_driver/install/moveit_visual_tools:/home/d-lab/workspace/ros_ur_driver/install/rviz_visual_tools:/home/d-lab/workspace/ros_ur_driver/install/graph_msgs:/home/d-lab/workspace/ros_ur_driver/install/eigen3_cmake_module:/home/d-lab/workspace/ros_ur_driver/install/run_ompl_constrained_planning:/home/d-lab/workspace/ros_ur_driver/install/run_moveit_cpp:/home/d-lab/workspace/ros_ur_driver/install/run_move_group:/home/d-lab/workspace/ros_ur_driver/install/warehouse_ros_mongo:/home/d-lab/workspace/ros_ur_driver/install/ros2_controllers:/home/d-lab/workspace/ros_ur_driver/install/velocity_controllers:/home/d-lab/workspace/ros_ur_driver/install/ur_robot_driver:/home/d-lab/workspace/ros_ur_driver/install/ur_controllers:/home/d-lab/workspace/ros_ur_driver/install/ur_msgs:/home/d-lab/workspace/ros_ur_driver/install/ur_moveit_config:/home/d-lab/workspace/ros_ur_driver/install/ur_description:/home/d-lab/workspace/ros_ur_driver/install/ur_dashboard_msgs:/home/d-lab/workspace/ros_ur_driver/install/ur_client_library:/home/d-lab/workspace/ros_ur_driver/install/ur_bringup:/home/d-lab/workspace/ros_ur_driver/install/ur5_robotiq_moveit_config:/home/d-lab/workspace/ros_ur_driver/install/transmission_interface:/home/d-lab/workspace/ros_ur_driver/install/srdfdom:/home/d-lab/workspace/ros_ur_driver/install/move_arm:/home/d-lab/workspace/ros_ur_driver/install/ros2_control_demos:/home/d-lab/workspace/ros_ur_driver/install/ros2_control_demo_bringup:/home/d-lab/workspace/ros_ur_driver/install/rrbot_description:/home/d-lab/workspace/ros_ur_driver/install/ros2_control:/home/d-lab/workspace/ros_ur_driver/install/utils:/home/d-lab/workspace/ros_ur_driver/install/ros2controlcli:/home/d-lab/workspace/ros_ur_driver/install/ros2_control_test_nodes:/home/d-lab/workspace/ros_ur_driver/install/robotiq_control:/home/d-lab/workspace/ros_ur_driver/install/gripper_control:/opt/ros/foxy:/home/d-lab/workspace/ros_ur_driver/install/cartesian_controller_examples:/home/d-lab/workspace/ros_ur_driver/install/controller_manager:/home/d-lab/workspace/ros_ur_driver/install/ros2_control_test_assets:/home/d-lab/workspace/ros_ur_driver/install/ros2_control_demo_hardware:/home/d-lab/workspace/ros_ur_driver/install/robotiq_description:/home/d-lab/workspace/ros_ur_driver/install/position_controllers:/home/d-lab/workspace/ros_ur_driver/install/joint_trajectory_controller:/home/d-lab/workspace/ros_ur_driver/install/joint_state_controller:/home/d-lab/workspace/ros_ur_driver/install/joint_state_broadcaster:/home/d-lab/workspace/ros_ur_driver/install/imu_sensor_broadcaster:/home/d-lab/workspace/ros_ur_driver/install/gripper_controllers:/home/d-lab/workspace/ros_ur_driver/install/effort_controllers:/home/d-lab/workspace/ros_ur_driver/install/forward_command_controller:/home/d-lab/workspace/ros_ur_driver/install/force_torque_sensor_broadcaster:/home/d-lab/workspace/ros_ur_driver/install/diff_drive_controller:/home/d-lab/workspace/ros_ur_driver/install/cartesian_compliance_controller:/home/d-lab/workspace/ros_ur_driver/install/cartesian_motion_controller:/home/d-lab/workspace/ros_ur_driver/install/cartesian_force_controller:/home/d-lab/workspace/ros_ur_driver/install/cartesian_controller_handles:/home/d-lab/workspace/ros_ur_driver/install/cartesian_controller_base:/home/d-lab/workspace/ros_ur_driver/install/controller_interface:/home/d-lab/workspace/ros_ur_driver/install/hardware_interface:/home/d-lab/workspace/ros_ur_driver/install/filters:/home/d-lab/workspace/ros_ur_driver/install/diffbot_description:/home/d-lab/workspace/ros_ur_driver/install/controller_manager_msgs:/home/d-lab/workspace/ros_ur_driver/install/control_msgs:/home/d-lab/workspace/ros_ur_driver/install/chomp_motion_planner LD_LIBRARY_PATH=/home/d-lab/workspace/ros_ur_driver/install/moveit_visual_tools/lib:/home/d-lab/workspace/ros_ur_driver/install/rviz_visual_tools/lib:/home/d-lab/workspace/ros_ur_driver/install/graph_msgs/lib:/home/d-lab/workspace/ros_ur_driver/install/warehouse_ros_mongo/lib:/home/d-lab/workspace/ros_ur_driver/install/velocity_controllers/lib:/home/d-lab/workspace/ros_ur_driver/install/ur_robot_driver/lib:/home/d-lab/workspace/ros_ur_driver/install/ur_controllers/lib:/home/d-lab/workspace/ros_ur_driver/install/ur_msgs/lib:/home/d-lab/workspace/ros_ur_driver/install/ur_dashboard_msgs/lib:/home/d-lab/workspace/ros_ur_driver/install/ur_client_library/lib:/home/d-lab/workspace/ros_ur_driver/install/srdfdom/lib:/home/d-lab/workspace/ros_ur_driver/install/controller_manager/lib:/home/d-lab/workspace/ros_ur_driver/install/ros2_control_demo_hardware/lib:/home/d-lab/workspace/ros_ur_driver/install/position_controllers/lib:/home/d-lab/workspace/ros_ur_driver/install/joint_trajectory_controller/lib:/home/d-lab/workspace/ros_ur_driver/install/joint_state_controller/lib:/home/d-lab/workspace/ros_ur_driver/install/joint_state_broadcaster/lib:/home/d-lab/workspace/ros_ur_driver/install/imu_sensor_broadcaster/lib:/home/d-lab/workspace/ros_ur_driver/install/gripper_controllers/lib:/home/d-lab/workspace/ros_ur_driver/install/effort_controllers/lib:/home/d-lab/workspace/ros_ur_driver/install/forward_command_controller/lib:/home/d-lab/workspace/ros_ur_driver/install/force_torque_sensor_broadcaster/lib:/home/d-lab/workspace/ros_ur_driver/install/diff_drive_controller/lib:/home/d-lab/workspace/ros_ur_driver/install/cartesian_compliance_controller/lib:/home/d-lab/workspace/ros_ur_driver/install/cartesian_motion_controller/lib:/home/d-lab/workspace/ros_ur_driver/install/cartesian_force_controller/lib:/home/d-lab/workspace/ros_ur_driver/install/cartesian_controller_handles/lib:/home/d-lab/workspace/ros_ur_driver/install/cartesian_controller_base/lib:/home/d-lab/workspace/ros_ur_driver/install/controller_interface/lib:/home/d-lab/workspace/ros_ur_driver/install/hardware_interface/lib:/home/d-lab/workspace/ros_ur_driver/install/filters/lib:/home/d-lab/workspace/ros_ur_driver/install/controller_manager_msgs/lib:/home/d-lab/workspace/ros_ur_driver/install/control_msgs/lib:/home/d-lab/workspace/ros_ur_driver/install/chomp_motion_planner/lib:/opt/ros/foxy/opt/yaml_cpp_vendor/lib:/opt/ros/foxy/opt/rviz_ogre_vendor/lib:/opt/ros/foxy/lib/x86_64-linux-gnu:/opt/ros/foxy/lib PYTHONPATH=/home/d-lab/workspace/ros_ur_driver/install/graph_msgs/lib/python3.8/site-packages:/home/d-lab/workspace/ros_ur_driver/install/warehouse_ros_mongo/lib/python3.8/site-packages:/home/d-lab/workspace/ros_ur_driver/install/utils/lib/python3.8/site-packages:/home/d-lab/workspace/ros_ur_driver/install/ur_msgs/lib/python3.8/site-packages:/home/d-lab/workspace/ros_ur_driver/install/ur_dashboard_msgs/lib/python3.8/site-packages:/home/d-lab/workspace/ros_ur_driver/install/srdfdom/lib/python3.8/site-packages:/home/d-lab/workspace/ros_ur_driver/install/ros2controlcli/lib/python3.8/site-packages:/home/d-lab/workspace/ros_ur_driver/install/ros2_control_test_nodes/lib/python3.8/site-packages:/home/d-lab/workspace/ros_ur_driver/install/controller_manager/lib/python3.8/site-packages:/home/d-lab/workspace/ros_ur_driver/install/robotiq_control/lib/python3.8/site-packages:/home/d-lab/workspace/ros_ur_driver/install/gripper_control/lib/python3.8/site-packages:/home/d-lab/workspace/ros_ur_driver/install/controller_manager_msgs/lib/python3.8/site-packages:/home/d-lab/workspace/ros_ur_driver/install/control_msgs/lib/python3.8/site-packages:/opt/ros/foxy/lib/python3.8/site-packages /usr/bin/cmake --install /home/d-lab/workspace/ros_ur_driver/build/move_arm
[10.756s] -- Install configuration: "Release"
[10.756s] -- Installing: /home/d-lab/workspace/ros_ur_driver/install/move_arm/share/ament_index/resource_index/rosidl_interfaces/move_arm
[10.757s] -- Installing: /home/d-lab/workspace/ros_ur_driver/install/move_arm/include/move_arm
[10.757s] -- Installing: /home/d-lab/workspace/ros_ur_driver/install/move_arm/include/move_arm/action
[10.757s] -- Installing: /home/d-lab/workspace/ros_ur_driver/install/move_arm/include/move_arm/action/move_arm.h
[10.757s] -- Installing: /home/d-lab/workspace/ros_ur_driver/install/move_arm/include/move_arm/action/detail
[10.757s] -- Installing: /home/d-lab/workspace/ros_ur_driver/install/move_arm/include/move_arm/action/detail/move_arm__functions.h
[10.757s] -- Installing: /home/d-lab/workspace/ros_ur_driver/install/move_arm/include/move_arm/action/detail/move_arm__type_support.h
[10.757s] -- Installing: /home/d-lab/workspace/ros_ur_driver/install/move_arm/include/move_arm/action/detail/move_arm__functions.c
[10.757s] -- Installing: /home/d-lab/workspace/ros_ur_driver/install/move_arm/include/move_arm/action/detail/move_arm__struct.h
[10.757s] -- Installing: /home/d-lab/workspace/ros_ur_driver/install/move_arm/include/move_arm/msg
[10.757s] -- Installing: /home/d-lab/workspace/ros_ur_driver/install/move_arm/include/move_arm/msg/rosidl_generator_c__visibility_control.h
[10.757s] -- Installing: /home/d-lab/workspace/ros_ur_driver/install/move_arm/share/move_arm/environment/library_path.sh
[10.757s] -- Installing: /home/d-lab/workspace/ros_ur_driver/install/move_arm/share/move_arm/environment/library_path.dsv
[10.757s] -- Installing: /home/d-lab/workspace/ros_ur_driver/install/move_arm/lib/libmove_arm__rosidl_generator_c.so
[10.757s] -- Set runtime path of "/home/d-lab/workspace/ros_ur_driver/install/move_arm/lib/libmove_arm__rosidl_generator_c.so" to ""
[10.757s] -- Up-to-date: /home/d-lab/workspace/ros_ur_driver/install/move_arm/include/move_arm
[10.758s] -- Up-to-date: /home/d-lab/workspace/ros_ur_driver/install/move_arm/include/move_arm/action
[10.758s] -- Up-to-date: /home/d-lab/workspace/ros_ur_driver/install/move_arm/include/move_arm/action/detail
[10.758s] -- Installing: /home/d-lab/workspace/ros_ur_driver/install/move_arm/include/move_arm/action/detail/move_arm__rosidl_typesupport_fastrtps_c.h
[10.758s] -- Up-to-date: /home/d-lab/workspace/ros_ur_driver/install/move_arm/include/move_arm/msg
[10.758s] -- Installing: /home/d-lab/workspace/ros_ur_driver/install/move_arm/include/move_arm/msg/rosidl_typesupport_fastrtps_c__visibility_control.h
[10.758s] -- Installing: /home/d-lab/workspace/ros_ur_driver/install/move_arm/lib/libmove_arm__rosidl_typesupport_fastrtps_c.so
[10.758s] -- Set runtime path of "/home/d-lab/workspace/ros_ur_driver/install/move_arm/lib/libmove_arm__rosidl_typesupport_fastrtps_c.so" to ""
[10.758s] -- Up-to-date: /home/d-lab/workspace/ros_ur_driver/install/move_arm/include/move_arm
[10.758s] -- Up-to-date: /home/d-lab/workspace/ros_ur_driver/install/move_arm/include/move_arm/action
[10.758s] -- Up-to-date: /home/d-lab/workspace/ros_ur_driver/install/move_arm/include/move_arm/action/detail
[10.758s] -- Installing: /home/d-lab/workspace/ros_ur_driver/install/move_arm/include/move_arm/action/detail/dds_fastrtps
[10.758s] -- Installing: /home/d-lab/workspace/ros_ur_driver/install/move_arm/include/move_arm/action/detail/move_arm__rosidl_typesupport_fastrtps_cpp.hpp
[10.758s] -- Up-to-date: /home/d-lab/workspace/ros_ur_driver/install/move_arm/include/move_arm/msg
[10.758s] -- Installing: /home/d-lab/workspace/ros_ur_driver/install/move_arm/include/move_arm/msg/rosidl_typesupport_fastrtps_cpp__visibility_control.h
[10.758s] -- Installing: /home/d-lab/workspace/ros_ur_driver/install/move_arm/lib/libmove_arm__rosidl_typesupport_fastrtps_cpp.so
[10.758s] -- Set runtime path of "/home/d-lab/workspace/ros_ur_driver/install/move_arm/lib/libmove_arm__rosidl_typesupport_fastrtps_cpp.so" to ""
[10.758s] -- Up-to-date: /home/d-lab/workspace/ros_ur_driver/install/move_arm/include/move_arm
[10.758s] -- Up-to-date: /home/d-lab/workspace/ros_ur_driver/install/move_arm/include/move_arm/action
[10.758s] -- Up-to-date: /home/d-lab/workspace/ros_ur_driver/install/move_arm/include/move_arm/action/detail
[10.758s] -- Installing: /home/d-lab/workspace/ros_ur_driver/install/move_arm/include/move_arm/action/detail/move_arm__type_support.c
[10.758s] -- Installing: /home/d-lab/workspace/ros_ur_driver/install/move_arm/include/move_arm/action/detail/move_arm__rosidl_typesupport_introspection_c.h
[10.758s] -- Up-to-date: /home/d-lab/workspace/ros_ur_driver/install/move_arm/include/move_arm/msg
[10.758s] -- Installing: /home/d-lab/workspace/ros_ur_driver/install/move_arm/include/move_arm/msg/rosidl_typesupport_introspection_c__visibility_control.h
[10.759s] -- Installing: /home/d-lab/workspace/ros_ur_driver/install/move_arm/lib/libmove_arm__rosidl_typesupport_introspection_c.so
[10.759s] -- Set runtime path of "/home/d-lab/workspace/ros_ur_driver/install/move_arm/lib/libmove_arm__rosidl_typesupport_introspection_c.so" to ""
[10.759s] -- Installing: /home/d-lab/workspace/ros_ur_driver/install/move_arm/lib/libmove_arm__rosidl_typesupport_c.so
[10.759s] -- Set runtime path of "/home/d-lab/workspace/ros_ur_driver/install/move_arm/lib/libmove_arm__rosidl_typesupport_c.so" to ""
[10.759s] -- Up-to-date: /home/d-lab/workspace/ros_ur_driver/install/move_arm/include/move_arm
[10.759s] -- Up-to-date: /home/d-lab/workspace/ros_ur_driver/install/move_arm/include/move_arm/action
[10.759s] -- Installing: /home/d-lab/workspace/ros_ur_driver/install/move_arm/include/move_arm/action/move_arm.hpp
[10.759s] -- Up-to-date: /home/d-lab/workspace/ros_ur_driver/install/move_arm/include/move_arm/action/detail
[10.759s] -- Installing: /home/d-lab/workspace/ros_ur_driver/install/move_arm/include/move_arm/action/detail/move_arm__traits.hpp
[10.759s] -- Installing: /home/d-lab/workspace/ros_ur_driver/install/move_arm/include/move_arm/action/detail/move_arm__builder.hpp
[10.759s] -- Installing: /home/d-lab/workspace/ros_ur_driver/install/move_arm/include/move_arm/action/detail/move_arm__struct.hpp
[10.759s] -- Up-to-date: /home/d-lab/workspace/ros_ur_driver/install/move_arm/include/move_arm
[10.759s] -- Up-to-date: /home/d-lab/workspace/ros_ur_driver/install/move_arm/include/move_arm/action
[10.759s] -- Up-to-date: /home/d-lab/workspace/ros_ur_driver/install/move_arm/include/move_arm/action/detail
[10.759s] -- Installing: /home/d-lab/workspace/ros_ur_driver/install/move_arm/include/move_arm/action/detail/move_arm__type_support.cpp
[10.759s] -- Installing: /home/d-lab/workspace/ros_ur_driver/install/move_arm/include/move_arm/action/detail/move_arm__rosidl_typesupport_introspection_cpp.hpp
[10.759s] -- Installing: /home/d-lab/workspace/ros_ur_driver/install/move_arm/lib/libmove_arm__rosidl_typesupport_introspection_cpp.so
[10.759s] -- Set runtime path of "/home/d-lab/workspace/ros_ur_driver/install/move_arm/lib/libmove_arm__rosidl_typesupport_introspection_cpp.so" to ""
[10.759s] -- Installing: /home/d-lab/workspace/ros_ur_driver/install/move_arm/lib/libmove_arm__rosidl_typesupport_cpp.so
[10.759s] -- Set runtime path of "/home/d-lab/workspace/ros_ur_driver/install/move_arm/lib/libmove_arm__rosidl_typesupport_cpp.so" to ""
[10.759s] -- Installing: /home/d-lab/workspace/ros_ur_driver/install/move_arm/share/move_arm/environment/pythonpath.sh
[10.760s] -- Installing: /home/d-lab/workspace/ros_ur_driver/install/move_arm/share/move_arm/environment/pythonpath.dsv
[10.760s] -- Installing: /home/d-lab/workspace/ros_ur_driver/install/move_arm/lib/python3.8/site-packages/move_arm/__init__.py
[10.782s] Compiling '/home/d-lab/workspace/ros_ur_driver/install/move_arm/lib/python3.8/site-packages/move_arm/__init__.py'...
[10.784s] -- Installing: /home/d-lab/workspace/ros_ur_driver/install/move_arm/lib/python3.8/site-packages/move_arm/action
[10.784s] -- Installing: /home/d-lab/workspace/ros_ur_driver/install/move_arm/lib/python3.8/site-packages/move_arm/action/_move_arm_s.c
[10.784s] -- Installing: /home/d-lab/workspace/ros_ur_driver/install/move_arm/lib/python3.8/site-packages/move_arm/action/_move_arm.py
[10.784s] -- Installing: /home/d-lab/workspace/ros_ur_driver/install/move_arm/lib/python3.8/site-packages/move_arm/action/__init__.py
[10.784s] -- Installing: /home/d-lab/workspace/ros_ur_driver/install/move_arm/lib/python3.8/site-packages/move_arm/move_arm_s__rosidl_typesupport_fastrtps_c.cpython-38-x86_64-linux-gnu.so
[10.785s] -- Set runtime path of "/home/d-lab/workspace/ros_ur_driver/install/move_arm/lib/python3.8/site-packages/move_arm/move_arm_s__rosidl_typesupport_fastrtps_c.cpython-38-x86_64-linux-gnu.so" to ""
[10.785s] -- Installing: /home/d-lab/workspace/ros_ur_driver/install/move_arm/lib/python3.8/site-packages/move_arm/move_arm_s__rosidl_typesupport_introspection_c.cpython-38-x86_64-linux-gnu.so
[10.785s] -- Set runtime path of "/home/d-lab/workspace/ros_ur_driver/install/move_arm/lib/python3.8/site-packages/move_arm/move_arm_s__rosidl_typesupport_introspection_c.cpython-38-x86_64-linux-gnu.so" to ""
[10.785s] -- Installing: /home/d-lab/workspace/ros_ur_driver/install/move_arm/lib/python3.8/site-packages/move_arm/move_arm_s__rosidl_typesupport_c.cpython-38-x86_64-linux-gnu.so
[10.785s] -- Set runtime path of "/home/d-lab/workspace/ros_ur_driver/install/move_arm/lib/python3.8/site-packages/move_arm/move_arm_s__rosidl_typesupport_c.cpython-38-x86_64-linux-gnu.so" to ""
[10.786s] -- Installing: /home/d-lab/workspace/ros_ur_driver/install/move_arm/lib/libmove_arm__python.so
[10.786s] -- Set runtime path of "/home/d-lab/workspace/ros_ur_driver/install/move_arm/lib/libmove_arm__python.so" to ""
[10.786s] -- Installing: /home/d-lab/workspace/ros_ur_driver/install/move_arm/share/move_arm/action/MoveArm.idl
[10.786s] -- Installing: /home/d-lab/workspace/ros_ur_driver/install/move_arm/share/move_arm/action/MoveArm.action
[10.786s] -- Installing: /home/d-lab/workspace/ros_ur_driver/install/move_arm/lib/move_arm/move_to_point
[10.786s] -- Set runtime path of "/home/d-lab/workspace/ros_ur_driver/install/move_arm/lib/move_arm/move_to_point" to ""
[10.786s] -- Up-to-date: /home/d-lab/workspace/ros_ur_driver/install/move_arm/share/move_arm/launch
[10.786s] -- Up-to-date: /home/d-lab/workspace/ros_ur_driver/install/move_arm/share/move_arm/launch/move_arm.launch.py
[10.786s] -- Installing: /home/d-lab/workspace/ros_ur_driver/install/move_arm/share/ament_index/resource_index/package_run_dependencies/move_arm
[10.786s] -- Installing: /home/d-lab/workspace/ros_ur_driver/install/move_arm/share/ament_index/resource_index/parent_prefix_path/move_arm
[10.786s] -- Up-to-date: /home/d-lab/workspace/ros_ur_driver/install/move_arm/share/move_arm/environment/ament_prefix_path.sh
[10.786s] -- Installing: /home/d-lab/workspace/ros_ur_driver/install/move_arm/share/move_arm/environment/ament_prefix_path.dsv
[10.786s] -- Up-to-date: /home/d-lab/workspace/ros_ur_driver/install/move_arm/share/move_arm/environment/path.sh
[10.786s] -- Installing: /home/d-lab/workspace/ros_ur_driver/install/move_arm/share/move_arm/environment/path.dsv
[10.786s] -- Up-to-date: /home/d-lab/workspace/ros_ur_driver/install/move_arm/share/move_arm/local_setup.bash
[10.787s] -- Installing: /home/d-lab/workspace/ros_ur_driver/install/move_arm/share/move_arm/local_setup.sh
[10.787s] -- Up-to-date: /home/d-lab/workspace/ros_ur_driver/install/move_arm/share/move_arm/local_setup.zsh
[10.787s] -- Installing: /home/d-lab/workspace/ros_ur_driver/install/move_arm/share/move_arm/local_setup.dsv
[10.787s] -- Installing: /home/d-lab/workspace/ros_ur_driver/install/move_arm/share/move_arm/package.dsv
[10.787s] -- Up-to-date: /home/d-lab/workspace/ros_ur_driver/install/move_arm/share/ament_index/resource_index/packages/move_arm
[10.787s] -- Installing: /home/d-lab/workspace/ros_ur_driver/install/move_arm/share/move_arm/cmake/move_arm__rosidl_generator_cExport.cmake
[10.787s] -- Installing: /home/d-lab/workspace/ros_ur_driver/install/move_arm/share/move_arm/cmake/move_arm__rosidl_generator_cExport-release.cmake
[10.787s] -- Installing: /home/d-lab/workspace/ros_ur_driver/install/move_arm/share/move_arm/cmake/move_arm__rosidl_typesupport_introspection_cExport.cmake
[10.787s] -- Installing: /home/d-lab/workspace/ros_ur_driver/install/move_arm/share/move_arm/cmake/move_arm__rosidl_typesupport_introspection_cExport-release.cmake
[10.787s] -- Installing: /home/d-lab/workspace/ros_ur_driver/install/move_arm/share/move_arm/cmake/move_arm__rosidl_typesupport_cExport.cmake
[10.787s] -- Installing: /home/d-lab/workspace/ros_ur_driver/install/move_arm/share/move_arm/cmake/move_arm__rosidl_typesupport_cExport-release.cmake
[10.787s] -- Installing: /home/d-lab/workspace/ros_ur_driver/install/move_arm/share/move_arm/cmake/move_arm__rosidl_generator_cppExport.cmake
[10.787s] -- Installing: /home/d-lab/workspace/ros_ur_driver/install/move_arm/share/move_arm/cmake/move_arm__rosidl_typesupport_introspection_cppExport.cmake
[10.787s] -- Installing: /home/d-lab/workspace/ros_ur_driver/install/move_arm/share/move_arm/cmake/move_arm__rosidl_typesupport_introspection_cppExport-release.cmake
[10.788s] -- Installing: /home/d-lab/workspace/ros_ur_driver/install/move_arm/share/move_arm/cmake/move_arm__rosidl_typesupport_cppExport.cmake
[10.788s] -- Installing: /home/d-lab/workspace/ros_ur_driver/install/move_arm/share/move_arm/cmake/move_arm__rosidl_typesupport_cppExport-release.cmake
[10.788s] -- Installing: /home/d-lab/workspace/ros_ur_driver/install/move_arm/share/move_arm/cmake/rosidl_cmake-extras.cmake
[10.788s] -- Installing: /home/d-lab/workspace/ros_ur_driver/install/move_arm/share/move_arm/cmake/ament_cmake_export_dependencies-extras.cmake
[10.788s] -- Installing: /home/d-lab/workspace/ros_ur_driver/install/move_arm/share/move_arm/cmake/ament_cmake_export_libraries-extras.cmake
[10.788s] -- Installing: /home/d-lab/workspace/ros_ur_driver/install/move_arm/share/move_arm/cmake/ament_cmake_export_targets-extras.cmake
[10.788s] -- Installing: /home/d-lab/workspace/ros_ur_driver/install/move_arm/share/move_arm/cmake/ament_cmake_export_include_directories-extras.cmake
[10.788s] -- Installing: /home/d-lab/workspace/ros_ur_driver/install/move_arm/share/move_arm/cmake/rosidl_cmake_export_typesupport_libraries-extras.cmake
[10.788s] -- Installing: /home/d-lab/workspace/ros_ur_driver/install/move_arm/share/move_arm/cmake/rosidl_cmake_export_typesupport_targets-extras.cmake
[10.788s] -- Installing: /home/d-lab/workspace/ros_ur_driver/install/move_arm/share/move_arm/cmake/move_armConfig.cmake
[10.788s] -- Up-to-date: /home/d-lab/workspace/ros_ur_driver/install/move_arm/share/move_arm/cmake/move_armConfig-version.cmake
[10.788s] -- Installing: /home/d-lab/workspace/ros_ur_driver/install/move_arm/share/move_arm/package.xml
[10.791s] Invoked command in '/home/d-lab/workspace/ros_ur_driver/build/move_arm' returned '0': CMAKE_PREFIX_PATH=/home/d-lab/workspace/ros_ur_driver/install/moveit_visual_tools:/home/d-lab/workspace/ros_ur_driver/install/rviz_visual_tools:/home/d-lab/workspace/ros_ur_driver/install/graph_msgs:/home/d-lab/workspace/ros_ur_driver/install/eigen3_cmake_module:/home/d-lab/workspace/ros_ur_driver/install/run_ompl_constrained_planning:/home/d-lab/workspace/ros_ur_driver/install/run_moveit_cpp:/home/d-lab/workspace/ros_ur_driver/install/run_move_group:/home/d-lab/workspace/ros_ur_driver/install/warehouse_ros_mongo:/home/d-lab/workspace/ros_ur_driver/install/ros2_controllers:/home/d-lab/workspace/ros_ur_driver/install/velocity_controllers:/home/d-lab/workspace/ros_ur_driver/install/ur_robot_driver:/home/d-lab/workspace/ros_ur_driver/install/ur_controllers:/home/d-lab/workspace/ros_ur_driver/install/ur_msgs:/home/d-lab/workspace/ros_ur_driver/install/ur_moveit_config:/home/d-lab/workspace/ros_ur_driver/install/ur_description:/home/d-lab/workspace/ros_ur_driver/install/ur_dashboard_msgs:/home/d-lab/workspace/ros_ur_driver/install/ur_client_library:/home/d-lab/workspace/ros_ur_driver/install/ur_bringup:/home/d-lab/workspace/ros_ur_driver/install/ur5_robotiq_moveit_config:/home/d-lab/workspace/ros_ur_driver/install/transmission_interface:/home/d-lab/workspace/ros_ur_driver/install/srdfdom:/home/d-lab/workspace/ros_ur_driver/install/move_arm:/home/d-lab/workspace/ros_ur_driver/install/ros2_control_demos:/home/d-lab/workspace/ros_ur_driver/install/ros2_control_demo_bringup:/home/d-lab/workspace/ros_ur_driver/install/rrbot_description:/home/d-lab/workspace/ros_ur_driver/install/ros2_control:/home/d-lab/workspace/ros_ur_driver/install/utils:/home/d-lab/workspace/ros_ur_driver/install/ros2controlcli:/home/d-lab/workspace/ros_ur_driver/install/ros2_control_test_nodes:/home/d-lab/workspace/ros_ur_driver/install/robotiq_control:/home/d-lab/workspace/ros_ur_driver/install/gripper_control:/opt/ros/foxy:/home/d-lab/workspace/ros_ur_driver/install/cartesian_controller_examples:/home/d-lab/workspace/ros_ur_driver/install/controller_manager:/home/d-lab/workspace/ros_ur_driver/install/ros2_control_test_assets:/home/d-lab/workspace/ros_ur_driver/install/ros2_control_demo_hardware:/home/d-lab/workspace/ros_ur_driver/install/robotiq_description:/home/d-lab/workspace/ros_ur_driver/install/position_controllers:/home/d-lab/workspace/ros_ur_driver/install/joint_trajectory_controller:/home/d-lab/workspace/ros_ur_driver/install/joint_state_controller:/home/d-lab/workspace/ros_ur_driver/install/joint_state_broadcaster:/home/d-lab/workspace/ros_ur_driver/install/imu_sensor_broadcaster:/home/d-lab/workspace/ros_ur_driver/install/gripper_controllers:/home/d-lab/workspace/ros_ur_driver/install/effort_controllers:/home/d-lab/workspace/ros_ur_driver/install/forward_command_controller:/home/d-lab/workspace/ros_ur_driver/install/force_torque_sensor_broadcaster:/home/d-lab/workspace/ros_ur_driver/install/diff_drive_controller:/home/d-lab/workspace/ros_ur_driver/install/cartesian_compliance_controller:/home/d-lab/workspace/ros_ur_driver/install/cartesian_motion_controller:/home/d-lab/workspace/ros_ur_driver/install/cartesian_force_controller:/home/d-lab/workspace/ros_ur_driver/install/cartesian_controller_handles:/home/d-lab/workspace/ros_ur_driver/install/cartesian_controller_base:/home/d-lab/workspace/ros_ur_driver/install/controller_interface:/home/d-lab/workspace/ros_ur_driver/install/hardware_interface:/home/d-lab/workspace/ros_ur_driver/install/filters:/home/d-lab/workspace/ros_ur_driver/install/diffbot_description:/home/d-lab/workspace/ros_ur_driver/install/controller_manager_msgs:/home/d-lab/workspace/ros_ur_driver/install/control_msgs:/home/d-lab/workspace/ros_ur_driver/install/chomp_motion_planner LD_LIBRARY_PATH=/home/d-lab/workspace/ros_ur_driver/install/moveit_visual_tools/lib:/home/d-lab/workspace/ros_ur_driver/install/rviz_visual_tools/lib:/home/d-lab/workspace/ros_ur_driver/install/graph_msgs/lib:/home/d-lab/workspace/ros_ur_driver/install/warehouse_ros_mongo/lib:/home/d-lab/workspace/ros_ur_driver/install/velocity_controllers/lib:/home/d-lab/workspace/ros_ur_driver/install/ur_robot_driver/lib:/home/d-lab/workspace/ros_ur_driver/install/ur_controllers/lib:/home/d-lab/workspace/ros_ur_driver/install/ur_msgs/lib:/home/d-lab/workspace/ros_ur_driver/install/ur_dashboard_msgs/lib:/home/d-lab/workspace/ros_ur_driver/install/ur_client_library/lib:/home/d-lab/workspace/ros_ur_driver/install/srdfdom/lib:/home/d-lab/workspace/ros_ur_driver/install/controller_manager/lib:/home/d-lab/workspace/ros_ur_driver/install/ros2_control_demo_hardware/lib:/home/d-lab/workspace/ros_ur_driver/install/position_controllers/lib:/home/d-lab/workspace/ros_ur_driver/install/joint_trajectory_controller/lib:/home/d-lab/workspace/ros_ur_driver/install/joint_state_controller/lib:/home/d-lab/workspace/ros_ur_driver/install/joint_state_broadcaster/lib:/home/d-lab/workspace/ros_ur_driver/install/imu_sensor_broadcaster/lib:/home/d-lab/workspace/ros_ur_driver/install/gripper_controllers/lib:/home/d-lab/workspace/ros_ur_driver/install/effort_controllers/lib:/home/d-lab/workspace/ros_ur_driver/install/forward_command_controller/lib:/home/d-lab/workspace/ros_ur_driver/install/force_torque_sensor_broadcaster/lib:/home/d-lab/workspace/ros_ur_driver/install/diff_drive_controller/lib:/home/d-lab/workspace/ros_ur_driver/install/cartesian_compliance_controller/lib:/home/d-lab/workspace/ros_ur_driver/install/cartesian_motion_controller/lib:/home/d-lab/workspace/ros_ur_driver/install/cartesian_force_controller/lib:/home/d-lab/workspace/ros_ur_driver/install/cartesian_controller_handles/lib:/home/d-lab/workspace/ros_ur_driver/install/cartesian_controller_base/lib:/home/d-lab/workspace/ros_ur_driver/install/controller_interface/lib:/home/d-lab/workspace/ros_ur_driver/install/hardware_interface/lib:/home/d-lab/workspace/ros_ur_driver/install/filters/lib:/home/d-lab/workspace/ros_ur_driver/install/controller_manager_msgs/lib:/home/d-lab/workspace/ros_ur_driver/install/control_msgs/lib:/home/d-lab/workspace/ros_ur_driver/install/chomp_motion_planner/lib:/opt/ros/foxy/opt/yaml_cpp_vendor/lib:/opt/ros/foxy/opt/rviz_ogre_vendor/lib:/opt/ros/foxy/lib/x86_64-linux-gnu:/opt/ros/foxy/lib PYTHONPATH=/home/d-lab/workspace/ros_ur_driver/install/graph_msgs/lib/python3.8/site-packages:/home/d-lab/workspace/ros_ur_driver/install/warehouse_ros_mongo/lib/python3.8/site-packages:/home/d-lab/workspace/ros_ur_driver/install/utils/lib/python3.8/site-packages:/home/d-lab/workspace/ros_ur_driver/install/ur_msgs/lib/python3.8/site-packages:/home/d-lab/workspace/ros_ur_driver/install/ur_dashboard_msgs/lib/python3.8/site-packages:/home/d-lab/workspace/ros_ur_driver/install/srdfdom/lib/python3.8/site-packages:/home/d-lab/workspace/ros_ur_driver/install/ros2controlcli/lib/python3.8/site-packages:/home/d-lab/workspace/ros_ur_driver/install/ros2_control_test_nodes/lib/python3.8/site-packages:/home/d-lab/workspace/ros_ur_driver/install/controller_manager/lib/python3.8/site-packages:/home/d-lab/workspace/ros_ur_driver/install/robotiq_control/lib/python3.8/site-packages:/home/d-lab/workspace/ros_ur_driver/install/gripper_control/lib/python3.8/site-packages:/home/d-lab/workspace/ros_ur_driver/install/controller_manager_msgs/lib/python3.8/site-packages:/home/d-lab/workspace/ros_ur_driver/install/control_msgs/lib/python3.8/site-packages:/opt/ros/foxy/lib/python3.8/site-packages /usr/bin/cmake --install /home/d-lab/workspace/ros_ur_driver/build/move_arm
