[0.280s] Invoking command in '/home/d-lab/workspace/ros_ur_driver/build/ur_msgs': CMAKE_PREFIX_PATH=/home/d-lab/workspace/ros_ur_driver/install/move_arm_server:/home/d-lab/workspace/ros_ur_driver/install/action_tutorials_cpp:/home/d-lab/workspace/ros_ur_driver/install/move_arm_interfaces:/home/d-lab/workspace/ros_ur_driver/install/run_ompl_constrained_planning:/home/d-lab/workspace/ros_ur_driver/install/run_moveit_cpp:/home/d-lab/workspace/ros_ur_driver/install/run_move_group:/home/d-lab/workspace/ros_ur_driver/install/warehouse_ros_mongo:/home/d-lab/workspace/ros_ur_driver/install/ros2_controllers:/home/d-lab/workspace/ros_ur_driver/install/velocity_controllers:/home/d-lab/workspace/ros_ur_driver/install/ur_robot_driver:/home/d-lab/workspace/ros_ur_driver/install/ur_controllers:/home/d-lab/workspace/ros_ur_driver/install/ur_msgs:/home/d-lab/workspace/ros_ur_driver/install/ur_moveit_config:/home/d-lab/workspace/ros_ur_driver/install/ur_description:/home/d-lab/workspace/ros_ur_driver/install/ur_dashboard_msgs:/home/d-lab/workspace/ros_ur_driver/install/ur_client_library:/home/d-lab/workspace/ros_ur_driver/install/ur_bringup:/home/d-lab/workspace/ros_ur_driver/install/ur5_robotiq_moveit_config:/home/d-lab/workspace/ros_ur_driver/install/transmission_interface:/home/d-lab/workspace/ros_ur_driver/install/srdfdom:/home/d-lab/workspace/ros_ur_driver/install/move_arm:/home/d-lab/workspace/ros_ur_driver/install/moveit_visual_tools:/home/d-lab/workspace/ros_ur_driver/install/rviz_visual_tools:/home/d-lab/workspace/ros_ur_driver/install/ros2_control_demos:/home/d-lab/workspace/ros_ur_driver/install/ros2_control_demo_bringup:/home/d-lab/workspace/ros_ur_driver/install/rrbot_description:/home/d-lab/workspace/ros_ur_driver/install/ros2_control:/home/d-lab/workspace/ros_ur_driver/install/utils:/home/d-lab/workspace/ros_ur_driver/install/ros2controlcli:/home/d-lab/workspace/ros_ur_driver/install/ros2_control_test_nodes:/home/d-lab/workspace/ros_ur_driver/install/robotiq_control:/home/d-lab/workspace/ros_ur_driver/install/gripper_control:/opt/ros/foxy:/home/d-lab/workspace/ros_ur_driver/install/cartesian_controller_examples:/home/d-lab/workspace/ros_ur_driver/install/controller_manager:/home/d-lab/workspace/ros_ur_driver/install/ros2_control_test_assets:/home/d-lab/workspace/ros_ur_driver/install/ros2_control_demo_hardware:/home/d-lab/workspace/ros_ur_driver/install/robotiq_description:/home/d-lab/workspace/ros_ur_driver/install/position_controllers:/home/d-lab/workspace/ros_ur_driver/install/move_arm_cpp:/home/d-lab/workspace/ros_ur_driver/install/move_arm_interface:/home/d-lab/workspace/ros_ur_driver/install/joint_trajectory_controller:/home/d-lab/workspace/ros_ur_driver/install/joint_state_controller:/home/d-lab/workspace/ros_ur_driver/install/joint_state_broadcaster:/home/d-lab/workspace/ros_ur_driver/install/imu_sensor_broadcaster:/home/d-lab/workspace/ros_ur_driver/install/gripper_controllers:/home/d-lab/workspace/ros_ur_driver/install/effort_controllers:/home/d-lab/workspace/ros_ur_driver/install/forward_command_controller:/home/d-lab/workspace/ros_ur_driver/install/force_torque_sensor_broadcaster:/home/d-lab/workspace/ros_ur_driver/install/diff_drive_controller:/home/d-lab/workspace/ros_ur_driver/install/cartesian_compliance_controller:/home/d-lab/workspace/ros_ur_driver/install/cartesian_motion_controller:/home/d-lab/workspace/ros_ur_driver/install/cartesian_force_controller:/home/d-lab/workspace/ros_ur_driver/install/cartesian_controller_handles:/home/d-lab/workspace/ros_ur_driver/install/cartesian_controller_base:/home/d-lab/workspace/ros_ur_driver/install/controller_interface:/home/d-lab/workspace/ros_ur_driver/install/hardware_interface:/home/d-lab/workspace/ros_ur_driver/install/graph_msgs:/home/d-lab/workspace/ros_ur_driver/install/filters:/home/d-lab/workspace/ros_ur_driver/install/eigen3_cmake_module:/home/d-lab/workspace/ros_ur_driver/install/diffbot_description:/home/d-lab/workspace/ros_ur_driver/install/controller_manager_msgs:/home/d-lab/workspace/ros_ur_driver/install/control_msgs:/home/d-lab/workspace/ros_ur_driver/install/chomp_motion_planner:/home/d-lab/workspace/ros_ur_driver/install/action_tutorials_interfaces /usr/bin/cmake --build /home/d-lab/workspace/ros_ur_driver/build/ur_msgs -- -j16 -l16
[0.605s] [  0%] Built target ur_msgs__cpp
[0.605s] [ 12%] Built target ur_msgs__rosidl_generator_c
[0.605s] [ 24%] Built target ur_msgs__rosidl_typesupport_introspection_cpp
[0.612s] [ 35%] Built target ur_msgs__rosidl_typesupport_fastrtps_cpp
[0.613s] [ 47%] Built target ur_msgs__rosidl_typesupport_cpp
[0.613s] [ 58%] Built target ur_msgs__rosidl_typesupport_c
[0.613s] [ 70%] Built target ur_msgs__rosidl_typesupport_introspection_c
[0.613s] [ 82%] Built target ur_msgs__rosidl_typesupport_fastrtps_c
[0.614s] [ 82%] Built target ur_msgs
[0.614s] [ 83%] Built target ur_msgs__py
[0.624s] [ 94%] Built target ur_msgs__python
[0.647s] [ 96%] Built target ur_msgs__rosidl_typesupport_fastrtps_c__pyext
[0.652s] [ 98%] Built target ur_msgs__rosidl_typesupport_c__pyext
[0.659s] [100%] Built target ur_msgs__rosidl_typesupport_introspection_c__pyext
[0.717s] Invoked command in '/home/d-lab/workspace/ros_ur_driver/build/ur_msgs' returned '0': CMAKE_PREFIX_PATH=/home/d-lab/workspace/ros_ur_driver/install/move_arm_server:/home/d-lab/workspace/ros_ur_driver/install/action_tutorials_cpp:/home/d-lab/workspace/ros_ur_driver/install/move_arm_interfaces:/home/d-lab/workspace/ros_ur_driver/install/run_ompl_constrained_planning:/home/d-lab/workspace/ros_ur_driver/install/run_moveit_cpp:/home/d-lab/workspace/ros_ur_driver/install/run_move_group:/home/d-lab/workspace/ros_ur_driver/install/warehouse_ros_mongo:/home/d-lab/workspace/ros_ur_driver/install/ros2_controllers:/home/d-lab/workspace/ros_ur_driver/install/velocity_controllers:/home/d-lab/workspace/ros_ur_driver/install/ur_robot_driver:/home/d-lab/workspace/ros_ur_driver/install/ur_controllers:/home/d-lab/workspace/ros_ur_driver/install/ur_msgs:/home/d-lab/workspace/ros_ur_driver/install/ur_moveit_config:/home/d-lab/workspace/ros_ur_driver/install/ur_description:/home/d-lab/workspace/ros_ur_driver/install/ur_dashboard_msgs:/home/d-lab/workspace/ros_ur_driver/install/ur_client_library:/home/d-lab/workspace/ros_ur_driver/install/ur_bringup:/home/d-lab/workspace/ros_ur_driver/install/ur5_robotiq_moveit_config:/home/d-lab/workspace/ros_ur_driver/install/transmission_interface:/home/d-lab/workspace/ros_ur_driver/install/srdfdom:/home/d-lab/workspace/ros_ur_driver/install/move_arm:/home/d-lab/workspace/ros_ur_driver/install/moveit_visual_tools:/home/d-lab/workspace/ros_ur_driver/install/rviz_visual_tools:/home/d-lab/workspace/ros_ur_driver/install/ros2_control_demos:/home/d-lab/workspace/ros_ur_driver/install/ros2_control_demo_bringup:/home/d-lab/workspace/ros_ur_driver/install/rrbot_description:/home/d-lab/workspace/ros_ur_driver/install/ros2_control:/home/d-lab/workspace/ros_ur_driver/install/utils:/home/d-lab/workspace/ros_ur_driver/install/ros2controlcli:/home/d-lab/workspace/ros_ur_driver/install/ros2_control_test_nodes:/home/d-lab/workspace/ros_ur_driver/install/robotiq_control:/home/d-lab/workspace/ros_ur_driver/install/gripper_control:/opt/ros/foxy:/home/d-lab/workspace/ros_ur_driver/install/cartesian_controller_examples:/home/d-lab/workspace/ros_ur_driver/install/controller_manager:/home/d-lab/workspace/ros_ur_driver/install/ros2_control_test_assets:/home/d-lab/workspace/ros_ur_driver/install/ros2_control_demo_hardware:/home/d-lab/workspace/ros_ur_driver/install/robotiq_description:/home/d-lab/workspace/ros_ur_driver/install/position_controllers:/home/d-lab/workspace/ros_ur_driver/install/move_arm_cpp:/home/d-lab/workspace/ros_ur_driver/install/move_arm_interface:/home/d-lab/workspace/ros_ur_driver/install/joint_trajectory_controller:/home/d-lab/workspace/ros_ur_driver/install/joint_state_controller:/home/d-lab/workspace/ros_ur_driver/install/joint_state_broadcaster:/home/d-lab/workspace/ros_ur_driver/install/imu_sensor_broadcaster:/home/d-lab/workspace/ros_ur_driver/install/gripper_controllers:/home/d-lab/workspace/ros_ur_driver/install/effort_controllers:/home/d-lab/workspace/ros_ur_driver/install/forward_command_controller:/home/d-lab/workspace/ros_ur_driver/install/force_torque_sensor_broadcaster:/home/d-lab/workspace/ros_ur_driver/install/diff_drive_controller:/home/d-lab/workspace/ros_ur_driver/install/cartesian_compliance_controller:/home/d-lab/workspace/ros_ur_driver/install/cartesian_motion_controller:/home/d-lab/workspace/ros_ur_driver/install/cartesian_force_controller:/home/d-lab/workspace/ros_ur_driver/install/cartesian_controller_handles:/home/d-lab/workspace/ros_ur_driver/install/cartesian_controller_base:/home/d-lab/workspace/ros_ur_driver/install/controller_interface:/home/d-lab/workspace/ros_ur_driver/install/hardware_interface:/home/d-lab/workspace/ros_ur_driver/install/graph_msgs:/home/d-lab/workspace/ros_ur_driver/install/filters:/home/d-lab/workspace/ros_ur_driver/install/eigen3_cmake_module:/home/d-lab/workspace/ros_ur_driver/install/diffbot_description:/home/d-lab/workspace/ros_ur_driver/install/controller_manager_msgs:/home/d-lab/workspace/ros_ur_driver/install/control_msgs:/home/d-lab/workspace/ros_ur_driver/install/chomp_motion_planner:/home/d-lab/workspace/ros_ur_driver/install/action_tutorials_interfaces /usr/bin/cmake --build /home/d-lab/workspace/ros_ur_driver/build/ur_msgs -- -j16 -l16
[1.364s] Invoking command in '/home/d-lab/workspace/ros_ur_driver/build/ur_msgs': CMAKE_PREFIX_PATH=/home/d-lab/workspace/ros_ur_driver/install/move_arm_server:/home/d-lab/workspace/ros_ur_driver/install/action_tutorials_cpp:/home/d-lab/workspace/ros_ur_driver/install/move_arm_interfaces:/home/d-lab/workspace/ros_ur_driver/install/run_ompl_constrained_planning:/home/d-lab/workspace/ros_ur_driver/install/run_moveit_cpp:/home/d-lab/workspace/ros_ur_driver/install/run_move_group:/home/d-lab/workspace/ros_ur_driver/install/warehouse_ros_mongo:/home/d-lab/workspace/ros_ur_driver/install/ros2_controllers:/home/d-lab/workspace/ros_ur_driver/install/velocity_controllers:/home/d-lab/workspace/ros_ur_driver/install/ur_robot_driver:/home/d-lab/workspace/ros_ur_driver/install/ur_controllers:/home/d-lab/workspace/ros_ur_driver/install/ur_msgs:/home/d-lab/workspace/ros_ur_driver/install/ur_moveit_config:/home/d-lab/workspace/ros_ur_driver/install/ur_description:/home/d-lab/workspace/ros_ur_driver/install/ur_dashboard_msgs:/home/d-lab/workspace/ros_ur_driver/install/ur_client_library:/home/d-lab/workspace/ros_ur_driver/install/ur_bringup:/home/d-lab/workspace/ros_ur_driver/install/ur5_robotiq_moveit_config:/home/d-lab/workspace/ros_ur_driver/install/transmission_interface:/home/d-lab/workspace/ros_ur_driver/install/srdfdom:/home/d-lab/workspace/ros_ur_driver/install/move_arm:/home/d-lab/workspace/ros_ur_driver/install/moveit_visual_tools:/home/d-lab/workspace/ros_ur_driver/install/rviz_visual_tools:/home/d-lab/workspace/ros_ur_driver/install/ros2_control_demos:/home/d-lab/workspace/ros_ur_driver/install/ros2_control_demo_bringup:/home/d-lab/workspace/ros_ur_driver/install/rrbot_description:/home/d-lab/workspace/ros_ur_driver/install/ros2_control:/home/d-lab/workspace/ros_ur_driver/install/utils:/home/d-lab/workspace/ros_ur_driver/install/ros2controlcli:/home/d-lab/workspace/ros_ur_driver/install/ros2_control_test_nodes:/home/d-lab/workspace/ros_ur_driver/install/robotiq_control:/home/d-lab/workspace/ros_ur_driver/install/gripper_control:/opt/ros/foxy:/home/d-lab/workspace/ros_ur_driver/install/cartesian_controller_examples:/home/d-lab/workspace/ros_ur_driver/install/controller_manager:/home/d-lab/workspace/ros_ur_driver/install/ros2_control_test_assets:/home/d-lab/workspace/ros_ur_driver/install/ros2_control_demo_hardware:/home/d-lab/workspace/ros_ur_driver/install/robotiq_description:/home/d-lab/workspace/ros_ur_driver/install/position_controllers:/home/d-lab/workspace/ros_ur_driver/install/move_arm_cpp:/home/d-lab/workspace/ros_ur_driver/install/move_arm_interface:/home/d-lab/workspace/ros_ur_driver/install/joint_trajectory_controller:/home/d-lab/workspace/ros_ur_driver/install/joint_state_controller:/home/d-lab/workspace/ros_ur_driver/install/joint_state_broadcaster:/home/d-lab/workspace/ros_ur_driver/install/imu_sensor_broadcaster:/home/d-lab/workspace/ros_ur_driver/install/gripper_controllers:/home/d-lab/workspace/ros_ur_driver/install/effort_controllers:/home/d-lab/workspace/ros_ur_driver/install/forward_command_controller:/home/d-lab/workspace/ros_ur_driver/install/force_torque_sensor_broadcaster:/home/d-lab/workspace/ros_ur_driver/install/diff_drive_controller:/home/d-lab/workspace/ros_ur_driver/install/cartesian_compliance_controller:/home/d-lab/workspace/ros_ur_driver/install/cartesian_motion_controller:/home/d-lab/workspace/ros_ur_driver/install/cartesian_force_controller:/home/d-lab/workspace/ros_ur_driver/install/cartesian_controller_handles:/home/d-lab/workspace/ros_ur_driver/install/cartesian_controller_base:/home/d-lab/workspace/ros_ur_driver/install/controller_interface:/home/d-lab/workspace/ros_ur_driver/install/hardware_interface:/home/d-lab/workspace/ros_ur_driver/install/graph_msgs:/home/d-lab/workspace/ros_ur_driver/install/filters:/home/d-lab/workspace/ros_ur_driver/install/eigen3_cmake_module:/home/d-lab/workspace/ros_ur_driver/install/diffbot_description:/home/d-lab/workspace/ros_ur_driver/install/controller_manager_msgs:/home/d-lab/workspace/ros_ur_driver/install/control_msgs:/home/d-lab/workspace/ros_ur_driver/install/chomp_motion_planner:/home/d-lab/workspace/ros_ur_driver/install/action_tutorials_interfaces /usr/bin/cmake --install /home/d-lab/workspace/ros_ur_driver/build/ur_msgs
[1.420s] -- Install configuration: "Release"
[1.420s] -- Up-to-date: /home/d-lab/workspace/ros_ur_driver/install/ur_msgs/share/ament_index/resource_index/rosidl_interfaces/ur_msgs
[1.420s] -- Up-to-date: /home/d-lab/workspace/ros_ur_driver/install/ur_msgs/include/ur_msgs
[1.420s] -- Up-to-date: /home/d-lab/workspace/ros_ur_driver/install/ur_msgs/include/ur_msgs/srv
[1.420s] -- Up-to-date: /home/d-lab/workspace/ros_ur_driver/install/ur_msgs/include/ur_msgs/srv/set_payload.h
[1.421s] -- Up-to-date: /home/d-lab/workspace/ros_ur_driver/install/ur_msgs/include/ur_msgs/srv/set_io.h
[1.421s] -- Up-to-date: /home/d-lab/workspace/ros_ur_driver/install/ur_msgs/include/ur_msgs/srv/detail
[1.421s] -- Up-to-date: /home/d-lab/workspace/ros_ur_driver/install/ur_msgs/include/ur_msgs/srv/detail/set_io__functions.h
[1.421s] -- Up-to-date: /home/d-lab/workspace/ros_ur_driver/install/ur_msgs/include/ur_msgs/srv/detail/set_payload__functions.c
[1.421s] -- Up-to-date: /home/d-lab/workspace/ros_ur_driver/install/ur_msgs/include/ur_msgs/srv/detail/set_io__functions.c
[1.421s] -- Up-to-date: /home/d-lab/workspace/ros_ur_driver/install/ur_msgs/include/ur_msgs/srv/detail/set_payload__type_support.h
[1.421s] -- Up-to-date: /home/d-lab/workspace/ros_ur_driver/install/ur_msgs/include/ur_msgs/srv/detail/set_speed_slider_fraction__functions.c
[1.421s] -- Up-to-date: /home/d-lab/workspace/ros_ur_driver/install/ur_msgs/include/ur_msgs/srv/detail/set_io__struct.h
[1.421s] -- Up-to-date: /home/d-lab/workspace/ros_ur_driver/install/ur_msgs/include/ur_msgs/srv/detail/set_payload__struct.h
[1.421s] -- Up-to-date: /home/d-lab/workspace/ros_ur_driver/install/ur_msgs/include/ur_msgs/srv/detail/set_payload__functions.h
[1.421s] -- Up-to-date: /home/d-lab/workspace/ros_ur_driver/install/ur_msgs/include/ur_msgs/srv/detail/set_speed_slider_fraction__functions.h
[1.422s] -- Up-to-date: /home/d-lab/workspace/ros_ur_driver/install/ur_msgs/include/ur_msgs/srv/detail/set_speed_slider_fraction__struct.h
[1.422s] -- Up-to-date: /home/d-lab/workspace/ros_ur_driver/install/ur_msgs/include/ur_msgs/srv/detail/set_speed_slider_fraction__type_support.h
[1.422s] -- Up-to-date: /home/d-lab/workspace/ros_ur_driver/install/ur_msgs/include/ur_msgs/srv/detail/set_io__type_support.h
[1.422s] -- Up-to-date: /home/d-lab/workspace/ros_ur_driver/install/ur_msgs/include/ur_msgs/srv/set_speed_slider_fraction.h
[1.422s] -- Up-to-date: /home/d-lab/workspace/ros_ur_driver/install/ur_msgs/include/ur_msgs/msg
[1.422s] -- Up-to-date: /home/d-lab/workspace/ros_ur_driver/install/ur_msgs/include/ur_msgs/msg/rosidl_generator_c__visibility_control.h
[1.422s] -- Up-to-date: /home/d-lab/workspace/ros_ur_driver/install/ur_msgs/include/ur_msgs/msg/analog.h
[1.422s] -- Up-to-date: /home/d-lab/workspace/ros_ur_driver/install/ur_msgs/include/ur_msgs/msg/robot_state_rt_msg.h
[1.422s] -- Up-to-date: /home/d-lab/workspace/ros_ur_driver/install/ur_msgs/include/ur_msgs/msg/masterboard_data_msg.h
[1.422s] -- Up-to-date: /home/d-lab/workspace/ros_ur_driver/install/ur_msgs/include/ur_msgs/msg/io_states.h
[1.423s] -- Up-to-date: /home/d-lab/workspace/ros_ur_driver/install/ur_msgs/include/ur_msgs/msg/tool_data_msg.h
[1.423s] -- Up-to-date: /home/d-lab/workspace/ros_ur_driver/install/ur_msgs/include/ur_msgs/msg/digital.h
[1.423s] -- Up-to-date: /home/d-lab/workspace/ros_ur_driver/install/ur_msgs/include/ur_msgs/msg/robot_mode_data_msg.h
[1.423s] -- Up-to-date: /home/d-lab/workspace/ros_ur_driver/install/ur_msgs/include/ur_msgs/msg/detail
[1.423s] -- Up-to-date: /home/d-lab/workspace/ros_ur_driver/install/ur_msgs/include/ur_msgs/msg/detail/digital__functions.c
[1.423s] -- Up-to-date: /home/d-lab/workspace/ros_ur_driver/install/ur_msgs/include/ur_msgs/msg/detail/tool_data_msg__functions.c
[1.423s] -- Up-to-date: /home/d-lab/workspace/ros_ur_driver/install/ur_msgs/include/ur_msgs/msg/detail/analog__struct.h
[1.423s] -- Up-to-date: /home/d-lab/workspace/ros_ur_driver/install/ur_msgs/include/ur_msgs/msg/detail/robot_state_rt_msg__type_support.h
[1.423s] -- Up-to-date: /home/d-lab/workspace/ros_ur_driver/install/ur_msgs/include/ur_msgs/msg/detail/io_states__functions.h
[1.423s] -- Up-to-date: /home/d-lab/workspace/ros_ur_driver/install/ur_msgs/include/ur_msgs/msg/detail/robot_mode_data_msg__type_support.h
[1.426s] -- Up-to-date: /home/d-lab/workspace/ros_ur_driver/install/ur_msgs/include/ur_msgs/msg/detail/tool_data_msg__type_support.h
[1.426s] -- Up-to-date: /home/d-lab/workspace/ros_ur_driver/install/ur_msgs/include/ur_msgs/msg/detail/robot_mode_data_msg__struct.h
[1.426s] -- Up-to-date: /home/d-lab/workspace/ros_ur_driver/install/ur_msgs/include/ur_msgs/msg/detail/tool_data_msg__struct.h
[1.426s] -- Up-to-date: /home/d-lab/workspace/ros_ur_driver/install/ur_msgs/include/ur_msgs/msg/detail/analog__functions.c
[1.426s] -- Up-to-date: /home/d-lab/workspace/ros_ur_driver/install/ur_msgs/include/ur_msgs/msg/detail/analog__functions.h
[1.427s] -- Up-to-date: /home/d-lab/workspace/ros_ur_driver/install/ur_msgs/include/ur_msgs/msg/detail/digital__type_support.h
[1.427s] -- Up-to-date: /home/d-lab/workspace/ros_ur_driver/install/ur_msgs/include/ur_msgs/msg/detail/digital__struct.h
[1.427s] -- Up-to-date: /home/d-lab/workspace/ros_ur_driver/install/ur_msgs/include/ur_msgs/msg/detail/tool_data_msg__functions.h
[1.427s] -- Up-to-date: /home/d-lab/workspace/ros_ur_driver/install/ur_msgs/include/ur_msgs/msg/detail/masterboard_data_msg__functions.h
[1.427s] -- Up-to-date: /home/d-lab/workspace/ros_ur_driver/install/ur_msgs/include/ur_msgs/msg/detail/robot_mode_data_msg__functions.h
[1.427s] -- Up-to-date: /home/d-lab/workspace/ros_ur_driver/install/ur_msgs/include/ur_msgs/msg/detail/masterboard_data_msg__struct.h
[1.427s] -- Up-to-date: /home/d-lab/workspace/ros_ur_driver/install/ur_msgs/include/ur_msgs/msg/detail/io_states__functions.c
[1.427s] -- Up-to-date: /home/d-lab/workspace/ros_ur_driver/install/ur_msgs/include/ur_msgs/msg/detail/masterboard_data_msg__type_support.h
[1.427s] -- Up-to-date: /home/d-lab/workspace/ros_ur_driver/install/ur_msgs/include/ur_msgs/msg/detail/masterboard_data_msg__functions.c
[1.427s] -- Up-to-date: /home/d-lab/workspace/ros_ur_driver/install/ur_msgs/include/ur_msgs/msg/detail/io_states__struct.h
[1.427s] -- Up-to-date: /home/d-lab/workspace/ros_ur_driver/install/ur_msgs/include/ur_msgs/msg/detail/robot_state_rt_msg__struct.h
[1.427s] -- Up-to-date: /home/d-lab/workspace/ros_ur_driver/install/ur_msgs/include/ur_msgs/msg/detail/robot_state_rt_msg__functions.h
[1.428s] -- Up-to-date: /home/d-lab/workspace/ros_ur_driver/install/ur_msgs/include/ur_msgs/msg/detail/digital__functions.h
[1.428s] -- Up-to-date: /home/d-lab/workspace/ros_ur_driver/install/ur_msgs/include/ur_msgs/msg/detail/io_states__type_support.h
[1.428s] -- Up-to-date: /home/d-lab/workspace/ros_ur_driver/install/ur_msgs/include/ur_msgs/msg/detail/analog__type_support.h
[1.428s] -- Up-to-date: /home/d-lab/workspace/ros_ur_driver/install/ur_msgs/include/ur_msgs/msg/detail/robot_state_rt_msg__functions.c
[1.428s] -- Up-to-date: /home/d-lab/workspace/ros_ur_driver/install/ur_msgs/include/ur_msgs/msg/detail/robot_mode_data_msg__functions.c
[1.428s] -- Up-to-date: /home/d-lab/workspace/ros_ur_driver/install/ur_msgs/share/ur_msgs/environment/library_path.sh
[1.428s] -- Up-to-date: /home/d-lab/workspace/ros_ur_driver/install/ur_msgs/share/ur_msgs/environment/library_path.dsv
[1.428s] -- Up-to-date: /home/d-lab/workspace/ros_ur_driver/install/ur_msgs/lib/libur_msgs__rosidl_generator_c.so
[1.428s] -- Up-to-date: /home/d-lab/workspace/ros_ur_driver/install/ur_msgs/include/ur_msgs
[1.428s] -- Up-to-date: /home/d-lab/workspace/ros_ur_driver/install/ur_msgs/include/ur_msgs/srv
[1.428s] -- Up-to-date: /home/d-lab/workspace/ros_ur_driver/install/ur_msgs/include/ur_msgs/srv/detail
[1.429s] -- Up-to-date: /home/d-lab/workspace/ros_ur_driver/install/ur_msgs/include/ur_msgs/srv/detail/set_io__rosidl_typesupport_fastrtps_c.h
[1.429s] -- Up-to-date: /home/d-lab/workspace/ros_ur_driver/install/ur_msgs/include/ur_msgs/srv/detail/set_speed_slider_fraction__rosidl_typesupport_fastrtps_c.h
[1.429s] -- Up-to-date: /home/d-lab/workspace/ros_ur_driver/install/ur_msgs/include/ur_msgs/srv/detail/set_payload__rosidl_typesupport_fastrtps_c.h
[1.429s] -- Up-to-date: /home/d-lab/workspace/ros_ur_driver/install/ur_msgs/include/ur_msgs/msg
[1.429s] -- Up-to-date: /home/d-lab/workspace/ros_ur_driver/install/ur_msgs/include/ur_msgs/msg/rosidl_typesupport_fastrtps_c__visibility_control.h
[1.429s] -- Up-to-date: /home/d-lab/workspace/ros_ur_driver/install/ur_msgs/include/ur_msgs/msg/detail
[1.429s] -- Up-to-date: /home/d-lab/workspace/ros_ur_driver/install/ur_msgs/include/ur_msgs/msg/detail/digital__rosidl_typesupport_fastrtps_c.h
[1.429s] -- Up-to-date: /home/d-lab/workspace/ros_ur_driver/install/ur_msgs/include/ur_msgs/msg/detail/io_states__rosidl_typesupport_fastrtps_c.h
[1.429s] -- Up-to-date: /home/d-lab/workspace/ros_ur_driver/install/ur_msgs/include/ur_msgs/msg/detail/masterboard_data_msg__rosidl_typesupport_fastrtps_c.h
[1.429s] -- Up-to-date: /home/d-lab/workspace/ros_ur_driver/install/ur_msgs/include/ur_msgs/msg/detail/tool_data_msg__rosidl_typesupport_fastrtps_c.h
[1.429s] -- Up-to-date: /home/d-lab/workspace/ros_ur_driver/install/ur_msgs/include/ur_msgs/msg/detail/robot_state_rt_msg__rosidl_typesupport_fastrtps_c.h
[1.430s] -- Up-to-date: /home/d-lab/workspace/ros_ur_driver/install/ur_msgs/include/ur_msgs/msg/detail/robot_mode_data_msg__rosidl_typesupport_fastrtps_c.h
[1.430s] -- Up-to-date: /home/d-lab/workspace/ros_ur_driver/install/ur_msgs/include/ur_msgs/msg/detail/analog__rosidl_typesupport_fastrtps_c.h
[1.430s] -- Up-to-date: /home/d-lab/workspace/ros_ur_driver/install/ur_msgs/lib/libur_msgs__rosidl_typesupport_fastrtps_c.so
[1.430s] -- Up-to-date: /home/d-lab/workspace/ros_ur_driver/install/ur_msgs/include/ur_msgs
[1.430s] -- Up-to-date: /home/d-lab/workspace/ros_ur_driver/install/ur_msgs/include/ur_msgs/srv
[1.430s] -- Up-to-date: /home/d-lab/workspace/ros_ur_driver/install/ur_msgs/include/ur_msgs/srv/detail
[1.430s] -- Up-to-date: /home/d-lab/workspace/ros_ur_driver/install/ur_msgs/include/ur_msgs/srv/detail/set_payload__rosidl_typesupport_fastrtps_cpp.hpp
[1.430s] -- Up-to-date: /home/d-lab/workspace/ros_ur_driver/install/ur_msgs/include/ur_msgs/srv/detail/dds_fastrtps
[1.430s] -- Up-to-date: /home/d-lab/workspace/ros_ur_driver/install/ur_msgs/include/ur_msgs/srv/detail/set_io__rosidl_typesupport_fastrtps_cpp.hpp
[1.430s] -- Up-to-date: /home/d-lab/workspace/ros_ur_driver/install/ur_msgs/include/ur_msgs/srv/detail/set_speed_slider_fraction__rosidl_typesupport_fastrtps_cpp.hpp
[1.430s] -- Up-to-date: /home/d-lab/workspace/ros_ur_driver/install/ur_msgs/include/ur_msgs/msg
[1.431s] -- Up-to-date: /home/d-lab/workspace/ros_ur_driver/install/ur_msgs/include/ur_msgs/msg/rosidl_typesupport_fastrtps_cpp__visibility_control.h
[1.431s] -- Up-to-date: /home/d-lab/workspace/ros_ur_driver/install/ur_msgs/include/ur_msgs/msg/detail
[1.431s] -- Up-to-date: /home/d-lab/workspace/ros_ur_driver/install/ur_msgs/include/ur_msgs/msg/detail/dds_fastrtps
[1.431s] -- Up-to-date: /home/d-lab/workspace/ros_ur_driver/install/ur_msgs/include/ur_msgs/msg/detail/analog__rosidl_typesupport_fastrtps_cpp.hpp
[1.431s] -- Up-to-date: /home/d-lab/workspace/ros_ur_driver/install/ur_msgs/include/ur_msgs/msg/detail/io_states__rosidl_typesupport_fastrtps_cpp.hpp
[1.431s] -- Up-to-date: /home/d-lab/workspace/ros_ur_driver/install/ur_msgs/include/ur_msgs/msg/detail/robot_state_rt_msg__rosidl_typesupport_fastrtps_cpp.hpp
[1.431s] -- Up-to-date: /home/d-lab/workspace/ros_ur_driver/install/ur_msgs/include/ur_msgs/msg/detail/tool_data_msg__rosidl_typesupport_fastrtps_cpp.hpp
[1.431s] -- Up-to-date: /home/d-lab/workspace/ros_ur_driver/install/ur_msgs/include/ur_msgs/msg/detail/masterboard_data_msg__rosidl_typesupport_fastrtps_cpp.hpp
[1.431s] -- Up-to-date: /home/d-lab/workspace/ros_ur_driver/install/ur_msgs/include/ur_msgs/msg/detail/digital__rosidl_typesupport_fastrtps_cpp.hpp
[1.431s] -- Up-to-date: /home/d-lab/workspace/ros_ur_driver/install/ur_msgs/include/ur_msgs/msg/detail/robot_mode_data_msg__rosidl_typesupport_fastrtps_cpp.hpp
[1.431s] -- Up-to-date: /home/d-lab/workspace/ros_ur_driver/install/ur_msgs/lib/libur_msgs__rosidl_typesupport_fastrtps_cpp.so
[1.432s] -- Up-to-date: /home/d-lab/workspace/ros_ur_driver/install/ur_msgs/include/ur_msgs
[1.432s] -- Up-to-date: /home/d-lab/workspace/ros_ur_driver/install/ur_msgs/include/ur_msgs/srv
[1.432s] -- Up-to-date: /home/d-lab/workspace/ros_ur_driver/install/ur_msgs/include/ur_msgs/srv/detail
[1.432s] -- Up-to-date: /home/d-lab/workspace/ros_ur_driver/install/ur_msgs/include/ur_msgs/srv/detail/set_speed_slider_fraction__type_support.c
[1.432s] -- Up-to-date: /home/d-lab/workspace/ros_ur_driver/install/ur_msgs/include/ur_msgs/srv/detail/set_payload__rosidl_typesupport_introspection_c.h
[1.432s] -- Up-to-date: /home/d-lab/workspace/ros_ur_driver/install/ur_msgs/include/ur_msgs/srv/detail/set_speed_slider_fraction__rosidl_typesupport_introspection_c.h
[1.447s] -- Up-to-date: /home/d-lab/workspace/ros_ur_driver/install/ur_msgs/include/ur_msgs/srv/detail/set_payload__type_support.c
[1.447s] -- Up-to-date: /home/d-lab/workspace/ros_ur_driver/install/ur_msgs/include/ur_msgs/srv/detail/set_io__rosidl_typesupport_introspection_c.h
[1.447s] -- Up-to-date: /home/d-lab/workspace/ros_ur_driver/install/ur_msgs/include/ur_msgs/srv/detail/set_io__type_support.c
[1.447s] -- Up-to-date: /home/d-lab/workspace/ros_ur_driver/install/ur_msgs/include/ur_msgs/msg
[1.447s] -- Up-to-date: /home/d-lab/workspace/ros_ur_driver/install/ur_msgs/include/ur_msgs/msg/rosidl_typesupport_introspection_c__visibility_control.h
[1.447s] -- Up-to-date: /home/d-lab/workspace/ros_ur_driver/install/ur_msgs/include/ur_msgs/msg/detail
[1.447s] -- Up-to-date: /home/d-lab/workspace/ros_ur_driver/install/ur_msgs/include/ur_msgs/msg/detail/robot_state_rt_msg__rosidl_typesupport_introspection_c.h
[1.448s] -- Up-to-date: /home/d-lab/workspace/ros_ur_driver/install/ur_msgs/include/ur_msgs/msg/detail/digital__type_support.c
[1.450s] -- Up-to-date: /home/d-lab/workspace/ros_ur_driver/install/ur_msgs/include/ur_msgs/msg/detail/tool_data_msg__type_support.c
[1.450s] -- Up-to-date: /home/d-lab/workspace/ros_ur_driver/install/ur_msgs/include/ur_msgs/msg/detail/tool_data_msg__rosidl_typesupport_introspection_c.h
[1.450s] -- Up-to-date: /home/d-lab/workspace/ros_ur_driver/install/ur_msgs/include/ur_msgs/msg/detail/analog__rosidl_typesupport_introspection_c.h
[1.450s] -- Up-to-date: /home/d-lab/workspace/ros_ur_driver/install/ur_msgs/include/ur_msgs/msg/detail/robot_mode_data_msg__type_support.c
[1.450s] -- Up-to-date: /home/d-lab/workspace/ros_ur_driver/install/ur_msgs/include/ur_msgs/msg/detail/robot_state_rt_msg__type_support.c
[1.451s] -- Up-to-date: /home/d-lab/workspace/ros_ur_driver/install/ur_msgs/include/ur_msgs/msg/detail/digital__rosidl_typesupport_introspection_c.h
[1.451s] -- Up-to-date: /home/d-lab/workspace/ros_ur_driver/install/ur_msgs/include/ur_msgs/msg/detail/masterboard_data_msg__rosidl_typesupport_introspection_c.h
[1.451s] -- Up-to-date: /home/d-lab/workspace/ros_ur_driver/install/ur_msgs/include/ur_msgs/msg/detail/io_states__type_support.c
[1.451s] -- Up-to-date: /home/d-lab/workspace/ros_ur_driver/install/ur_msgs/include/ur_msgs/msg/detail/analog__type_support.c
[1.451s] -- Up-to-date: /home/d-lab/workspace/ros_ur_driver/install/ur_msgs/include/ur_msgs/msg/detail/robot_mode_data_msg__rosidl_typesupport_introspection_c.h
[1.451s] -- Up-to-date: /home/d-lab/workspace/ros_ur_driver/install/ur_msgs/include/ur_msgs/msg/detail/masterboard_data_msg__type_support.c
[1.452s] -- Up-to-date: /home/d-lab/workspace/ros_ur_driver/install/ur_msgs/include/ur_msgs/msg/detail/io_states__rosidl_typesupport_introspection_c.h
[1.452s] -- Up-to-date: /home/d-lab/workspace/ros_ur_driver/install/ur_msgs/lib/libur_msgs__rosidl_typesupport_introspection_c.so
[1.452s] -- Up-to-date: /home/d-lab/workspace/ros_ur_driver/install/ur_msgs/lib/libur_msgs__rosidl_typesupport_c.so
[1.452s] -- Up-to-date: /home/d-lab/workspace/ros_ur_driver/install/ur_msgs/include/ur_msgs
[1.452s] -- Up-to-date: /home/d-lab/workspace/ros_ur_driver/install/ur_msgs/include/ur_msgs/srv
[1.452s] -- Up-to-date: /home/d-lab/workspace/ros_ur_driver/install/ur_msgs/include/ur_msgs/srv/set_payload.hpp
[1.452s] -- Up-to-date: /home/d-lab/workspace/ros_ur_driver/install/ur_msgs/include/ur_msgs/srv/set_speed_slider_fraction.hpp
[1.453s] -- Up-to-date: /home/d-lab/workspace/ros_ur_driver/install/ur_msgs/include/ur_msgs/srv/detail
[1.453s] -- Up-to-date: /home/d-lab/workspace/ros_ur_driver/install/ur_msgs/include/ur_msgs/srv/detail/set_speed_slider_fraction__struct.hpp
[1.453s] -- Up-to-date: /home/d-lab/workspace/ros_ur_driver/install/ur_msgs/include/ur_msgs/srv/detail/set_speed_slider_fraction__traits.hpp
[1.453s] -- Up-to-date: /home/d-lab/workspace/ros_ur_driver/install/ur_msgs/include/ur_msgs/srv/detail/set_payload__builder.hpp
[1.453s] -- Up-to-date: /home/d-lab/workspace/ros_ur_driver/install/ur_msgs/include/ur_msgs/srv/detail/set_speed_slider_fraction__builder.hpp
[1.453s] -- Up-to-date: /home/d-lab/workspace/ros_ur_driver/install/ur_msgs/include/ur_msgs/srv/detail/set_io__struct.hpp
[1.454s] -- Up-to-date: /home/d-lab/workspace/ros_ur_driver/install/ur_msgs/include/ur_msgs/srv/detail/set_io__traits.hpp
[1.459s] -- Up-to-date: /home/d-lab/workspace/ros_ur_driver/install/ur_msgs/include/ur_msgs/srv/detail/set_payload__struct.hpp
[1.459s] -- Up-to-date: /home/d-lab/workspace/ros_ur_driver/install/ur_msgs/include/ur_msgs/srv/detail/set_payload__traits.hpp
[1.459s] -- Up-to-date: /home/d-lab/workspace/ros_ur_driver/install/ur_msgs/include/ur_msgs/srv/detail/set_io__builder.hpp
[1.459s] -- Up-to-date: /home/d-lab/workspace/ros_ur_driver/install/ur_msgs/include/ur_msgs/srv/set_io.hpp
[1.459s] -- Up-to-date: /home/d-lab/workspace/ros_ur_driver/install/ur_msgs/include/ur_msgs/msg
[1.459s] -- Up-to-date: /home/d-lab/workspace/ros_ur_driver/install/ur_msgs/include/ur_msgs/msg/masterboard_data_msg.hpp
[1.459s] -- Up-to-date: /home/d-lab/workspace/ros_ur_driver/install/ur_msgs/include/ur_msgs/msg/io_states.hpp
[1.459s] -- Up-to-date: /home/d-lab/workspace/ros_ur_driver/install/ur_msgs/include/ur_msgs/msg/tool_data_msg.hpp
[1.460s] -- Up-to-date: /home/d-lab/workspace/ros_ur_driver/install/ur_msgs/include/ur_msgs/msg/robot_mode_data_msg.hpp
[1.460s] -- Up-to-date: /home/d-lab/workspace/ros_ur_driver/install/ur_msgs/include/ur_msgs/msg/robot_state_rt_msg.hpp
[1.461s] -- Up-to-date: /home/d-lab/workspace/ros_ur_driver/install/ur_msgs/include/ur_msgs/msg/digital.hpp
[1.461s] -- Up-to-date: /home/d-lab/workspace/ros_ur_driver/install/ur_msgs/include/ur_msgs/msg/analog.hpp
[1.462s] -- Up-to-date: /home/d-lab/workspace/ros_ur_driver/install/ur_msgs/include/ur_msgs/msg/detail
[1.462s] -- Up-to-date: /home/d-lab/workspace/ros_ur_driver/install/ur_msgs/include/ur_msgs/msg/detail/tool_data_msg__struct.hpp
[1.462s] -- Up-to-date: /home/d-lab/workspace/ros_ur_driver/install/ur_msgs/include/ur_msgs/msg/detail/digital__builder.hpp
[1.462s] -- Up-to-date: /home/d-lab/workspace/ros_ur_driver/install/ur_msgs/include/ur_msgs/msg/detail/robot_mode_data_msg__struct.hpp
[1.462s] -- Up-to-date: /home/d-lab/workspace/ros_ur_driver/install/ur_msgs/include/ur_msgs/msg/detail/robot_state_rt_msg__traits.hpp
[1.463s] -- Up-to-date: /home/d-lab/workspace/ros_ur_driver/install/ur_msgs/include/ur_msgs/msg/detail/digital__struct.hpp
[1.463s] -- Up-to-date: /home/d-lab/workspace/ros_ur_driver/install/ur_msgs/include/ur_msgs/msg/detail/io_states__builder.hpp
[1.463s] -- Up-to-date: /home/d-lab/workspace/ros_ur_driver/install/ur_msgs/include/ur_msgs/msg/detail/robot_mode_data_msg__traits.hpp
[1.463s] -- Up-to-date: /home/d-lab/workspace/ros_ur_driver/install/ur_msgs/include/ur_msgs/msg/detail/masterboard_data_msg__struct.hpp
[1.463s] -- Up-to-date: /home/d-lab/workspace/ros_ur_driver/install/ur_msgs/include/ur_msgs/msg/detail/io_states__struct.hpp
[1.463s] -- Up-to-date: /home/d-lab/workspace/ros_ur_driver/install/ur_msgs/include/ur_msgs/msg/detail/digital__traits.hpp
[1.464s] -- Up-to-date: /home/d-lab/workspace/ros_ur_driver/install/ur_msgs/include/ur_msgs/msg/detail/robot_mode_data_msg__builder.hpp
[1.464s] -- Up-to-date: /home/d-lab/workspace/ros_ur_driver/install/ur_msgs/include/ur_msgs/msg/detail/analog__builder.hpp
[1.464s] -- Up-to-date: /home/d-lab/workspace/ros_ur_driver/install/ur_msgs/include/ur_msgs/msg/detail/tool_data_msg__builder.hpp
[1.464s] -- Up-to-date: /home/d-lab/workspace/ros_ur_driver/install/ur_msgs/include/ur_msgs/msg/detail/io_states__traits.hpp
[1.464s] -- Up-to-date: /home/d-lab/workspace/ros_ur_driver/install/ur_msgs/include/ur_msgs/msg/detail/masterboard_data_msg__traits.hpp
[1.464s] -- Up-to-date: /home/d-lab/workspace/ros_ur_driver/install/ur_msgs/include/ur_msgs/msg/detail/analog__traits.hpp
[1.464s] -- Up-to-date: /home/d-lab/workspace/ros_ur_driver/install/ur_msgs/include/ur_msgs/msg/detail/tool_data_msg__traits.hpp
[1.465s] -- Up-to-date: /home/d-lab/workspace/ros_ur_driver/install/ur_msgs/include/ur_msgs/msg/detail/masterboard_data_msg__builder.hpp
[1.465s] -- Up-to-date: /home/d-lab/workspace/ros_ur_driver/install/ur_msgs/include/ur_msgs/msg/detail/robot_state_rt_msg__struct.hpp
[1.466s] -- Up-to-date: /home/d-lab/workspace/ros_ur_driver/install/ur_msgs/include/ur_msgs/msg/detail/analog__struct.hpp
[1.467s] -- Up-to-date: /home/d-lab/workspace/ros_ur_driver/install/ur_msgs/include/ur_msgs/msg/detail/robot_state_rt_msg__builder.hpp
[1.469s] -- Up-to-date: /home/d-lab/workspace/ros_ur_driver/install/ur_msgs/include/ur_msgs
[1.469s] -- Up-to-date: /home/d-lab/workspace/ros_ur_driver/install/ur_msgs/include/ur_msgs/srv
[1.472s] -- Up-to-date: /home/d-lab/workspace/ros_ur_driver/install/ur_msgs/include/ur_msgs/srv/detail
[1.478s] -- Up-to-date: /home/d-lab/workspace/ros_ur_driver/install/ur_msgs/include/ur_msgs/srv/detail/set_io__rosidl_typesupport_introspection_cpp.hpp
[1.479s] -- Up-to-date: /home/d-lab/workspace/ros_ur_driver/install/ur_msgs/include/ur_msgs/srv/detail/set_payload__rosidl_typesupport_introspection_cpp.hpp
[1.479s] -- Up-to-date: /home/d-lab/workspace/ros_ur_driver/install/ur_msgs/include/ur_msgs/srv/detail/set_io__type_support.cpp
[1.480s] -- Up-to-date: /home/d-lab/workspace/ros_ur_driver/install/ur_msgs/include/ur_msgs/srv/detail/set_speed_slider_fraction__type_support.cpp
[1.480s] -- Up-to-date: /home/d-lab/workspace/ros_ur_driver/install/ur_msgs/include/ur_msgs/srv/detail/set_speed_slider_fraction__rosidl_typesupport_introspection_cpp.hpp
[1.481s] -- Up-to-date: /home/d-lab/workspace/ros_ur_driver/install/ur_msgs/include/ur_msgs/srv/detail/set_payload__type_support.cpp
[1.481s] -- Up-to-date: /home/d-lab/workspace/ros_ur_driver/install/ur_msgs/include/ur_msgs/msg
[1.481s] -- Up-to-date: /home/d-lab/workspace/ros_ur_driver/install/ur_msgs/include/ur_msgs/msg/detail
[1.482s] -- Up-to-date: /home/d-lab/workspace/ros_ur_driver/install/ur_msgs/include/ur_msgs/msg/detail/tool_data_msg__rosidl_typesupport_introspection_cpp.hpp
[1.482s] -- Up-to-date: /home/d-lab/workspace/ros_ur_driver/install/ur_msgs/include/ur_msgs/msg/detail/io_states__rosidl_typesupport_introspection_cpp.hpp
[1.482s] -- Up-to-date: /home/d-lab/workspace/ros_ur_driver/install/ur_msgs/include/ur_msgs/msg/detail/robot_state_rt_msg__type_support.cpp
[1.483s] -- Up-to-date: /home/d-lab/workspace/ros_ur_driver/install/ur_msgs/include/ur_msgs/msg/detail/analog__type_support.cpp
[1.484s] -- Up-to-date: /home/d-lab/workspace/ros_ur_driver/install/ur_msgs/include/ur_msgs/msg/detail/robot_state_rt_msg__rosidl_typesupport_introspection_cpp.hpp
[1.485s] -- Up-to-date: /home/d-lab/workspace/ros_ur_driver/install/ur_msgs/include/ur_msgs/msg/detail/analog__rosidl_typesupport_introspection_cpp.hpp
[1.485s] -- Up-to-date: /home/d-lab/workspace/ros_ur_driver/install/ur_msgs/include/ur_msgs/msg/detail/robot_mode_data_msg__type_support.cpp
[1.485s] -- Up-to-date: /home/d-lab/workspace/ros_ur_driver/install/ur_msgs/include/ur_msgs/msg/detail/robot_mode_data_msg__rosidl_typesupport_introspection_cpp.hpp
[1.486s] -- Up-to-date: /home/d-lab/workspace/ros_ur_driver/install/ur_msgs/include/ur_msgs/msg/detail/digital__type_support.cpp
[1.488s] -- Up-to-date: /home/d-lab/workspace/ros_ur_driver/install/ur_msgs/include/ur_msgs/msg/detail/tool_data_msg__type_support.cpp
[1.489s] -- Up-to-date: /home/d-lab/workspace/ros_ur_driver/install/ur_msgs/include/ur_msgs/msg/detail/digital__rosidl_typesupport_introspection_cpp.hpp
[1.489s] -- Up-to-date: /home/d-lab/workspace/ros_ur_driver/install/ur_msgs/include/ur_msgs/msg/detail/io_states__type_support.cpp
[1.489s] -- Up-to-date: /home/d-lab/workspace/ros_ur_driver/install/ur_msgs/include/ur_msgs/msg/detail/masterboard_data_msg__rosidl_typesupport_introspection_cpp.hpp
[1.490s] -- Up-to-date: /home/d-lab/workspace/ros_ur_driver/install/ur_msgs/include/ur_msgs/msg/detail/masterboard_data_msg__type_support.cpp
[1.490s] -- Up-to-date: /home/d-lab/workspace/ros_ur_driver/install/ur_msgs/lib/libur_msgs__rosidl_typesupport_introspection_cpp.so
[1.491s] -- Up-to-date: /home/d-lab/workspace/ros_ur_driver/install/ur_msgs/lib/libur_msgs__rosidl_typesupport_cpp.so
[1.495s] -- Up-to-date: /home/d-lab/workspace/ros_ur_driver/install/ur_msgs/share/ur_msgs/environment/pythonpath.sh
[1.495s] -- Up-to-date: /home/d-lab/workspace/ros_ur_driver/install/ur_msgs/share/ur_msgs/environment/pythonpath.dsv
[1.496s] -- Up-to-date: /home/d-lab/workspace/ros_ur_driver/install/ur_msgs/lib/python3.8/site-packages/ur_msgs/__init__.py
[1.616s] -- Up-to-date: /home/d-lab/workspace/ros_ur_driver/install/ur_msgs/lib/python3.8/site-packages/ur_msgs/msg
[1.616s] -- Up-to-date: /home/d-lab/workspace/ros_ur_driver/install/ur_msgs/lib/python3.8/site-packages/ur_msgs/msg/_tool_data_msg_s.c
[1.616s] -- Up-to-date: /home/d-lab/workspace/ros_ur_driver/install/ur_msgs/lib/python3.8/site-packages/ur_msgs/msg/_analog.py
[1.616s] -- Up-to-date: /home/d-lab/workspace/ros_ur_driver/install/ur_msgs/lib/python3.8/site-packages/ur_msgs/msg/_analog_s.c
[1.617s] -- Up-to-date: /home/d-lab/workspace/ros_ur_driver/install/ur_msgs/lib/python3.8/site-packages/ur_msgs/msg/_robot_mode_data_msg_s.c
[1.617s] -- Up-to-date: /home/d-lab/workspace/ros_ur_driver/install/ur_msgs/lib/python3.8/site-packages/ur_msgs/msg/_tool_data_msg.py
[1.617s] -- Up-to-date: /home/d-lab/workspace/ros_ur_driver/install/ur_msgs/lib/python3.8/site-packages/ur_msgs/msg/_robot_state_rt_msg_s.c
[1.617s] -- Up-to-date: /home/d-lab/workspace/ros_ur_driver/install/ur_msgs/lib/python3.8/site-packages/ur_msgs/msg/_digital.py
[1.618s] -- Up-to-date: /home/d-lab/workspace/ros_ur_driver/install/ur_msgs/lib/python3.8/site-packages/ur_msgs/msg/_io_states_s.c
[1.618s] -- Up-to-date: /home/d-lab/workspace/ros_ur_driver/install/ur_msgs/lib/python3.8/site-packages/ur_msgs/msg/_robot_state_rt_msg.py
[1.618s] -- Up-to-date: /home/d-lab/workspace/ros_ur_driver/install/ur_msgs/lib/python3.8/site-packages/ur_msgs/msg/_digital_s.c
[1.618s] -- Up-to-date: /home/d-lab/workspace/ros_ur_driver/install/ur_msgs/lib/python3.8/site-packages/ur_msgs/msg/__init__.py
[1.618s] -- Up-to-date: /home/d-lab/workspace/ros_ur_driver/install/ur_msgs/lib/python3.8/site-packages/ur_msgs/msg/_io_states.py
[1.618s] -- Up-to-date: /home/d-lab/workspace/ros_ur_driver/install/ur_msgs/lib/python3.8/site-packages/ur_msgs/msg/_robot_mode_data_msg.py
[1.619s] -- Up-to-date: /home/d-lab/workspace/ros_ur_driver/install/ur_msgs/lib/python3.8/site-packages/ur_msgs/msg/_masterboard_data_msg_s.c
[1.619s] -- Up-to-date: /home/d-lab/workspace/ros_ur_driver/install/ur_msgs/lib/python3.8/site-packages/ur_msgs/msg/_masterboard_data_msg.py
[1.620s] -- Up-to-date: /home/d-lab/workspace/ros_ur_driver/install/ur_msgs/lib/python3.8/site-packages/ur_msgs/srv
[1.620s] -- Up-to-date: /home/d-lab/workspace/ros_ur_driver/install/ur_msgs/lib/python3.8/site-packages/ur_msgs/srv/_set_payload_s.c
[1.620s] -- Up-to-date: /home/d-lab/workspace/ros_ur_driver/install/ur_msgs/lib/python3.8/site-packages/ur_msgs/srv/_set_io_s.c
[1.620s] -- Up-to-date: /home/d-lab/workspace/ros_ur_driver/install/ur_msgs/lib/python3.8/site-packages/ur_msgs/srv/_set_io.py
[1.620s] -- Up-to-date: /home/d-lab/workspace/ros_ur_driver/install/ur_msgs/lib/python3.8/site-packages/ur_msgs/srv/__init__.py
[1.621s] -- Up-to-date: /home/d-lab/workspace/ros_ur_driver/install/ur_msgs/lib/python3.8/site-packages/ur_msgs/srv/_set_speed_slider_fraction.py
[1.621s] -- Up-to-date: /home/d-lab/workspace/ros_ur_driver/install/ur_msgs/lib/python3.8/site-packages/ur_msgs/srv/_set_speed_slider_fraction_s.c
[1.621s] -- Up-to-date: /home/d-lab/workspace/ros_ur_driver/install/ur_msgs/lib/python3.8/site-packages/ur_msgs/srv/_set_payload.py
[1.621s] -- Up-to-date: /home/d-lab/workspace/ros_ur_driver/install/ur_msgs/lib/python3.8/site-packages/ur_msgs/ur_msgs_s__rosidl_typesupport_fastrtps_c.cpython-38-x86_64-linux-gnu.so
[1.621s] -- Up-to-date: /home/d-lab/workspace/ros_ur_driver/install/ur_msgs/lib/python3.8/site-packages/ur_msgs/ur_msgs_s__rosidl_typesupport_introspection_c.cpython-38-x86_64-linux-gnu.so
[1.621s] -- Up-to-date: /home/d-lab/workspace/ros_ur_driver/install/ur_msgs/lib/python3.8/site-packages/ur_msgs/ur_msgs_s__rosidl_typesupport_c.cpython-38-x86_64-linux-gnu.so
[1.622s] -- Up-to-date: /home/d-lab/workspace/ros_ur_driver/install/ur_msgs/lib/libur_msgs__python.so
[1.622s] -- Up-to-date: /home/d-lab/workspace/ros_ur_driver/install/ur_msgs/share/ur_msgs/msg/Analog.idl
[1.622s] -- Up-to-date: /home/d-lab/workspace/ros_ur_driver/install/ur_msgs/share/ur_msgs/msg/Digital.idl
[1.622s] -- Up-to-date: /home/d-lab/workspace/ros_ur_driver/install/ur_msgs/share/ur_msgs/msg/IOStates.idl
[1.622s] -- Up-to-date: /home/d-lab/workspace/ros_ur_driver/install/ur_msgs/share/ur_msgs/msg/RobotStateRTMsg.idl
[1.622s] -- Up-to-date: /home/d-lab/workspace/ros_ur_driver/install/ur_msgs/share/ur_msgs/msg/MasterboardDataMsg.idl
[1.624s] -- Up-to-date: /home/d-lab/workspace/ros_ur_driver/install/ur_msgs/share/ur_msgs/msg/RobotModeDataMsg.idl
[1.624s] -- Up-to-date: /home/d-lab/workspace/ros_ur_driver/install/ur_msgs/share/ur_msgs/msg/ToolDataMsg.idl
[1.624s] -- Up-to-date: /home/d-lab/workspace/ros_ur_driver/install/ur_msgs/share/ur_msgs/srv/SetPayload.idl
[1.624s] -- Up-to-date: /home/d-lab/workspace/ros_ur_driver/install/ur_msgs/share/ur_msgs/srv/SetSpeedSliderFraction.idl
[1.624s] -- Up-to-date: /home/d-lab/workspace/ros_ur_driver/install/ur_msgs/share/ur_msgs/srv/SetIO.idl
[1.624s] -- Up-to-date: /home/d-lab/workspace/ros_ur_driver/install/ur_msgs/share/ur_msgs/msg/Analog.msg
[1.624s] -- Up-to-date: /home/d-lab/workspace/ros_ur_driver/install/ur_msgs/share/ur_msgs/msg/Digital.msg
[1.624s] -- Up-to-date: /home/d-lab/workspace/ros_ur_driver/install/ur_msgs/share/ur_msgs/msg/IOStates.msg
[1.625s] -- Up-to-date: /home/d-lab/workspace/ros_ur_driver/install/ur_msgs/share/ur_msgs/msg/RobotStateRTMsg.msg
[1.626s] -- Up-to-date: /home/d-lab/workspace/ros_ur_driver/install/ur_msgs/share/ur_msgs/msg/MasterboardDataMsg.msg
[1.627s] -- Up-to-date: /home/d-lab/workspace/ros_ur_driver/install/ur_msgs/share/ur_msgs/msg/RobotModeDataMsg.msg
[1.627s] -- Up-to-date: /home/d-lab/workspace/ros_ur_driver/install/ur_msgs/share/ur_msgs/msg/ToolDataMsg.msg
[1.627s] -- Up-to-date: /home/d-lab/workspace/ros_ur_driver/install/ur_msgs/share/ur_msgs/srv/SetPayload.srv
[1.627s] -- Up-to-date: /home/d-lab/workspace/ros_ur_driver/install/ur_msgs/share/ur_msgs/srv/SetPayload_Request.msg
[1.627s] -- Up-to-date: /home/d-lab/workspace/ros_ur_driver/install/ur_msgs/share/ur_msgs/srv/SetPayload_Response.msg
[1.627s] -- Up-to-date: /home/d-lab/workspace/ros_ur_driver/install/ur_msgs/share/ur_msgs/srv/SetSpeedSliderFraction.srv
[1.627s] -- Up-to-date: /home/d-lab/workspace/ros_ur_driver/install/ur_msgs/share/ur_msgs/srv/SetSpeedSliderFraction_Request.msg
[1.627s] -- Up-to-date: /home/d-lab/workspace/ros_ur_driver/install/ur_msgs/share/ur_msgs/srv/SetSpeedSliderFraction_Response.msg
[1.627s] -- Up-to-date: /home/d-lab/workspace/ros_ur_driver/install/ur_msgs/share/ur_msgs/srv/SetIO.srv
[1.627s] -- Up-to-date: /home/d-lab/workspace/ros_ur_driver/install/ur_msgs/share/ur_msgs/srv/SetIO_Request.msg
[1.628s] -- Up-to-date: /home/d-lab/workspace/ros_ur_driver/install/ur_msgs/share/ur_msgs/srv/SetIO_Response.msg
[1.628s] -- Up-to-date: /home/d-lab/workspace/ros_ur_driver/install/ur_msgs/share/ament_index/resource_index/package_run_dependencies/ur_msgs
[1.628s] -- Up-to-date: /home/d-lab/workspace/ros_ur_driver/install/ur_msgs/share/ament_index/resource_index/parent_prefix_path/ur_msgs
[1.628s] -- Up-to-date: /home/d-lab/workspace/ros_ur_driver/install/ur_msgs/share/ur_msgs/environment/ament_prefix_path.sh
[1.628s] -- Up-to-date: /home/d-lab/workspace/ros_ur_driver/install/ur_msgs/share/ur_msgs/environment/ament_prefix_path.dsv
[1.628s] -- Up-to-date: /home/d-lab/workspace/ros_ur_driver/install/ur_msgs/share/ur_msgs/environment/path.sh
[1.628s] -- Up-to-date: /home/d-lab/workspace/ros_ur_driver/install/ur_msgs/share/ur_msgs/environment/path.dsv
[1.628s] -- Up-to-date: /home/d-lab/workspace/ros_ur_driver/install/ur_msgs/share/ur_msgs/local_setup.bash
[1.628s] -- Up-to-date: /home/d-lab/workspace/ros_ur_driver/install/ur_msgs/share/ur_msgs/local_setup.sh
[1.628s] -- Up-to-date: /home/d-lab/workspace/ros_ur_driver/install/ur_msgs/share/ur_msgs/local_setup.zsh
[1.628s] -- Up-to-date: /home/d-lab/workspace/ros_ur_driver/install/ur_msgs/share/ur_msgs/local_setup.dsv
[1.629s] -- Installing: /home/d-lab/workspace/ros_ur_driver/install/ur_msgs/share/ur_msgs/package.dsv
[1.629s] -- Up-to-date: /home/d-lab/workspace/ros_ur_driver/install/ur_msgs/share/ament_index/resource_index/packages/ur_msgs
[1.629s] -- Up-to-date: /home/d-lab/workspace/ros_ur_driver/install/ur_msgs/share/ur_msgs/cmake/ur_msgs__rosidl_generator_cExport.cmake
[1.629s] -- Up-to-date: /home/d-lab/workspace/ros_ur_driver/install/ur_msgs/share/ur_msgs/cmake/ur_msgs__rosidl_generator_cExport-release.cmake
[1.630s] -- Up-to-date: /home/d-lab/workspace/ros_ur_driver/install/ur_msgs/share/ur_msgs/cmake/ur_msgs__rosidl_typesupport_introspection_cExport.cmake
[1.630s] -- Up-to-date: /home/d-lab/workspace/ros_ur_driver/install/ur_msgs/share/ur_msgs/cmake/ur_msgs__rosidl_typesupport_introspection_cExport-release.cmake
[1.630s] -- Up-to-date: /home/d-lab/workspace/ros_ur_driver/install/ur_msgs/share/ur_msgs/cmake/ur_msgs__rosidl_typesupport_cExport.cmake
[1.630s] -- Up-to-date: /home/d-lab/workspace/ros_ur_driver/install/ur_msgs/share/ur_msgs/cmake/ur_msgs__rosidl_typesupport_cExport-release.cmake
[1.630s] -- Up-to-date: /home/d-lab/workspace/ros_ur_driver/install/ur_msgs/share/ur_msgs/cmake/ur_msgs__rosidl_generator_cppExport.cmake
[1.631s] -- Up-to-date: /home/d-lab/workspace/ros_ur_driver/install/ur_msgs/share/ur_msgs/cmake/ur_msgs__rosidl_typesupport_introspection_cppExport.cmake
[1.631s] -- Up-to-date: /home/d-lab/workspace/ros_ur_driver/install/ur_msgs/share/ur_msgs/cmake/ur_msgs__rosidl_typesupport_introspection_cppExport-release.cmake
[1.632s] -- Up-to-date: /home/d-lab/workspace/ros_ur_driver/install/ur_msgs/share/ur_msgs/cmake/ur_msgs__rosidl_typesupport_cppExport.cmake
[1.632s] -- Up-to-date: /home/d-lab/workspace/ros_ur_driver/install/ur_msgs/share/ur_msgs/cmake/ur_msgs__rosidl_typesupport_cppExport-release.cmake
[1.632s] -- Up-to-date: /home/d-lab/workspace/ros_ur_driver/install/ur_msgs/share/ur_msgs/cmake/rosidl_cmake-extras.cmake
[1.632s] -- Up-to-date: /home/d-lab/workspace/ros_ur_driver/install/ur_msgs/share/ur_msgs/cmake/ament_cmake_export_dependencies-extras.cmake
[1.632s] -- Up-to-date: /home/d-lab/workspace/ros_ur_driver/install/ur_msgs/share/ur_msgs/cmake/ament_cmake_export_libraries-extras.cmake
[1.633s] -- Up-to-date: /home/d-lab/workspace/ros_ur_driver/install/ur_msgs/share/ur_msgs/cmake/ament_cmake_export_targets-extras.cmake
[1.633s] -- Up-to-date: /home/d-lab/workspace/ros_ur_driver/install/ur_msgs/share/ur_msgs/cmake/ament_cmake_export_include_directories-extras.cmake
[1.634s] -- Up-to-date: /home/d-lab/workspace/ros_ur_driver/install/ur_msgs/share/ur_msgs/cmake/rosidl_cmake_export_typesupport_libraries-extras.cmake
[1.634s] -- Up-to-date: /home/d-lab/workspace/ros_ur_driver/install/ur_msgs/share/ur_msgs/cmake/rosidl_cmake_export_typesupport_targets-extras.cmake
[1.634s] -- Up-to-date: /home/d-lab/workspace/ros_ur_driver/install/ur_msgs/share/ur_msgs/cmake/ur_msgsConfig.cmake
[1.634s] -- Up-to-date: /home/d-lab/workspace/ros_ur_driver/install/ur_msgs/share/ur_msgs/cmake/ur_msgsConfig-version.cmake
[1.634s] -- Up-to-date: /home/d-lab/workspace/ros_ur_driver/install/ur_msgs/share/ur_msgs/package.xml
[1.749s] Invoked command in '/home/d-lab/workspace/ros_ur_driver/build/ur_msgs' returned '0': CMAKE_PREFIX_PATH=/home/d-lab/workspace/ros_ur_driver/install/move_arm_server:/home/d-lab/workspace/ros_ur_driver/install/action_tutorials_cpp:/home/d-lab/workspace/ros_ur_driver/install/move_arm_interfaces:/home/d-lab/workspace/ros_ur_driver/install/run_ompl_constrained_planning:/home/d-lab/workspace/ros_ur_driver/install/run_moveit_cpp:/home/d-lab/workspace/ros_ur_driver/install/run_move_group:/home/d-lab/workspace/ros_ur_driver/install/warehouse_ros_mongo:/home/d-lab/workspace/ros_ur_driver/install/ros2_controllers:/home/d-lab/workspace/ros_ur_driver/install/velocity_controllers:/home/d-lab/workspace/ros_ur_driver/install/ur_robot_driver:/home/d-lab/workspace/ros_ur_driver/install/ur_controllers:/home/d-lab/workspace/ros_ur_driver/install/ur_msgs:/home/d-lab/workspace/ros_ur_driver/install/ur_moveit_config:/home/d-lab/workspace/ros_ur_driver/install/ur_description:/home/d-lab/workspace/ros_ur_driver/install/ur_dashboard_msgs:/home/d-lab/workspace/ros_ur_driver/install/ur_client_library:/home/d-lab/workspace/ros_ur_driver/install/ur_bringup:/home/d-lab/workspace/ros_ur_driver/install/ur5_robotiq_moveit_config:/home/d-lab/workspace/ros_ur_driver/install/transmission_interface:/home/d-lab/workspace/ros_ur_driver/install/srdfdom:/home/d-lab/workspace/ros_ur_driver/install/move_arm:/home/d-lab/workspace/ros_ur_driver/install/moveit_visual_tools:/home/d-lab/workspace/ros_ur_driver/install/rviz_visual_tools:/home/d-lab/workspace/ros_ur_driver/install/ros2_control_demos:/home/d-lab/workspace/ros_ur_driver/install/ros2_control_demo_bringup:/home/d-lab/workspace/ros_ur_driver/install/rrbot_description:/home/d-lab/workspace/ros_ur_driver/install/ros2_control:/home/d-lab/workspace/ros_ur_driver/install/utils:/home/d-lab/workspace/ros_ur_driver/install/ros2controlcli:/home/d-lab/workspace/ros_ur_driver/install/ros2_control_test_nodes:/home/d-lab/workspace/ros_ur_driver/install/robotiq_control:/home/d-lab/workspace/ros_ur_driver/install/gripper_control:/opt/ros/foxy:/home/d-lab/workspace/ros_ur_driver/install/cartesian_controller_examples:/home/d-lab/workspace/ros_ur_driver/install/controller_manager:/home/d-lab/workspace/ros_ur_driver/install/ros2_control_test_assets:/home/d-lab/workspace/ros_ur_driver/install/ros2_control_demo_hardware:/home/d-lab/workspace/ros_ur_driver/install/robotiq_description:/home/d-lab/workspace/ros_ur_driver/install/position_controllers:/home/d-lab/workspace/ros_ur_driver/install/move_arm_cpp:/home/d-lab/workspace/ros_ur_driver/install/move_arm_interface:/home/d-lab/workspace/ros_ur_driver/install/joint_trajectory_controller:/home/d-lab/workspace/ros_ur_driver/install/joint_state_controller:/home/d-lab/workspace/ros_ur_driver/install/joint_state_broadcaster:/home/d-lab/workspace/ros_ur_driver/install/imu_sensor_broadcaster:/home/d-lab/workspace/ros_ur_driver/install/gripper_controllers:/home/d-lab/workspace/ros_ur_driver/install/effort_controllers:/home/d-lab/workspace/ros_ur_driver/install/forward_command_controller:/home/d-lab/workspace/ros_ur_driver/install/force_torque_sensor_broadcaster:/home/d-lab/workspace/ros_ur_driver/install/diff_drive_controller:/home/d-lab/workspace/ros_ur_driver/install/cartesian_compliance_controller:/home/d-lab/workspace/ros_ur_driver/install/cartesian_motion_controller:/home/d-lab/workspace/ros_ur_driver/install/cartesian_force_controller:/home/d-lab/workspace/ros_ur_driver/install/cartesian_controller_handles:/home/d-lab/workspace/ros_ur_driver/install/cartesian_controller_base:/home/d-lab/workspace/ros_ur_driver/install/controller_interface:/home/d-lab/workspace/ros_ur_driver/install/hardware_interface:/home/d-lab/workspace/ros_ur_driver/install/graph_msgs:/home/d-lab/workspace/ros_ur_driver/install/filters:/home/d-lab/workspace/ros_ur_driver/install/eigen3_cmake_module:/home/d-lab/workspace/ros_ur_driver/install/diffbot_description:/home/d-lab/workspace/ros_ur_driver/install/controller_manager_msgs:/home/d-lab/workspace/ros_ur_driver/install/control_msgs:/home/d-lab/workspace/ros_ur_driver/install/chomp_motion_planner:/home/d-lab/workspace/ros_ur_driver/install/action_tutorials_interfaces /usr/bin/cmake --install /home/d-lab/workspace/ros_ur_driver/build/ur_msgs
