[0.017s] Invoking command in '/home/d-lab/workspace/ros_ur_driver/build/controller_interface': AMENT_PREFIX_PATH=/home/d-lab/workspace/ros_ur_driver/install/hardware_interface:/home/d-lab/workspace/ros_ur_driver/install/control_msgs:${AMENT_PREFIX_PATH} CMAKE_PREFIX_PATH=/home/d-lab/workspace/ros_ur_driver/install/hardware_interface:/home/d-lab/workspace/ros_ur_driver/install/control_msgs:/opt/ros/foxy LD_LIBRARY_PATH=/home/d-lab/workspace/ros_ur_driver/install/hardware_interface/lib:/home/d-lab/workspace/ros_ur_driver/install/control_msgs/lib:${LD_LIBRARY_PATH} PYTHONPATH=/home/d-lab/workspace/ros_ur_driver/install/control_msgs/lib/python3.8/site-packages:${PYTHONPATH} /usr/bin/cmake --build /home/d-lab/workspace/ros_ur_driver/build/controller_interface -- -j16 -l16
[0.058s] [ 20%] Built target gmock
[0.060s] [ 33%] Built target gmock_main
[0.065s] [ 46%] Built target controller_interface
[0.081s] [ 60%] Built target test_force_torque_sensor
[0.086s] [ 73%] Built target test_semantic_component_interface
[0.086s] [ 86%] Built target test_imu_sensor
[0.092s] [100%] Built target test_controller_with_options
[0.110s] Invoked command in '/home/d-lab/workspace/ros_ur_driver/build/controller_interface' returned '0': AMENT_PREFIX_PATH=/home/d-lab/workspace/ros_ur_driver/install/hardware_interface:/home/d-lab/workspace/ros_ur_driver/install/control_msgs:${AMENT_PREFIX_PATH} CMAKE_PREFIX_PATH=/home/d-lab/workspace/ros_ur_driver/install/hardware_interface:/home/d-lab/workspace/ros_ur_driver/install/control_msgs:/opt/ros/foxy LD_LIBRARY_PATH=/home/d-lab/workspace/ros_ur_driver/install/hardware_interface/lib:/home/d-lab/workspace/ros_ur_driver/install/control_msgs/lib:${LD_LIBRARY_PATH} PYTHONPATH=/home/d-lab/workspace/ros_ur_driver/install/control_msgs/lib/python3.8/site-packages:${PYTHONPATH} /usr/bin/cmake --build /home/d-lab/workspace/ros_ur_driver/build/controller_interface -- -j16 -l16
[0.153s] Invoking command in '/home/d-lab/workspace/ros_ur_driver/build/controller_interface': AMENT_PREFIX_PATH=/home/d-lab/workspace/ros_ur_driver/install/hardware_interface:/home/d-lab/workspace/ros_ur_driver/install/control_msgs:${AMENT_PREFIX_PATH} CMAKE_PREFIX_PATH=/home/d-lab/workspace/ros_ur_driver/install/hardware_interface:/home/d-lab/workspace/ros_ur_driver/install/control_msgs:/opt/ros/foxy LD_LIBRARY_PATH=/home/d-lab/workspace/ros_ur_driver/install/hardware_interface/lib:/home/d-lab/workspace/ros_ur_driver/install/control_msgs/lib:${LD_LIBRARY_PATH} PYTHONPATH=/home/d-lab/workspace/ros_ur_driver/install/control_msgs/lib/python3.8/site-packages:${PYTHONPATH} /usr/bin/cmake --install /home/d-lab/workspace/ros_ur_driver/build/controller_interface
[0.168s] -- Install configuration: "Release"
[0.169s] -- Up-to-date: /home/d-lab/workspace/ros_ur_driver/install/controller_interface/include
[0.169s] -- Up-to-date: /home/d-lab/workspace/ros_ur_driver/install/controller_interface/include/semantic_components
[0.169s] -- Up-to-date: /home/d-lab/workspace/ros_ur_driver/install/controller_interface/include/semantic_components/imu_sensor.hpp
[0.170s] -- Up-to-date: /home/d-lab/workspace/ros_ur_driver/install/controller_interface/include/semantic_components/semantic_component_interface.hpp
[0.171s] -- Up-to-date: /home/d-lab/workspace/ros_ur_driver/install/controller_interface/include/semantic_components/force_torque_sensor.hpp
[0.171s] -- Up-to-date: /home/d-lab/workspace/ros_ur_driver/install/controller_interface/include/controller_interface
[0.171s] -- Up-to-date: /home/d-lab/workspace/ros_ur_driver/install/controller_interface/include/controller_interface/helpers.hpp
[0.171s] -- Up-to-date: /home/d-lab/workspace/ros_ur_driver/install/controller_interface/include/controller_interface/controller_state_names.hpp
[0.171s] -- Up-to-date: /home/d-lab/workspace/ros_ur_driver/install/controller_interface/include/controller_interface/visibility_control.h
[0.172s] -- Up-to-date: /home/d-lab/workspace/ros_ur_driver/install/controller_interface/include/controller_interface/controller_interface.hpp
[0.172s] -- Up-to-date: /home/d-lab/workspace/ros_ur_driver/install/controller_interface/lib/libcontroller_interface.so
[0.173s] -- Up-to-date: /home/d-lab/workspace/ros_ur_driver/install/controller_interface/share/controller_interface/environment/library_path.sh
[0.174s] -- Up-to-date: /home/d-lab/workspace/ros_ur_driver/install/controller_interface/share/controller_interface/environment/library_path.dsv
[0.174s] -- Up-to-date: /home/d-lab/workspace/ros_ur_driver/install/controller_interface/share/ament_index/resource_index/package_run_dependencies/controller_interface
[0.174s] -- Up-to-date: /home/d-lab/workspace/ros_ur_driver/install/controller_interface/share/ament_index/resource_index/parent_prefix_path/controller_interface
[0.174s] -- Up-to-date: /home/d-lab/workspace/ros_ur_driver/install/controller_interface/share/controller_interface/environment/ament_prefix_path.sh
[0.174s] -- Up-to-date: /home/d-lab/workspace/ros_ur_driver/install/controller_interface/share/controller_interface/environment/ament_prefix_path.dsv
[0.174s] -- Up-to-date: /home/d-lab/workspace/ros_ur_driver/install/controller_interface/share/controller_interface/environment/path.sh
[0.174s] -- Up-to-date: /home/d-lab/workspace/ros_ur_driver/install/controller_interface/share/controller_interface/environment/path.dsv
[0.175s] -- Up-to-date: /home/d-lab/workspace/ros_ur_driver/install/controller_interface/share/controller_interface/local_setup.bash
[0.175s] -- Up-to-date: /home/d-lab/workspace/ros_ur_driver/install/controller_interface/share/controller_interface/local_setup.sh
[0.175s] -- Up-to-date: /home/d-lab/workspace/ros_ur_driver/install/controller_interface/share/controller_interface/local_setup.zsh
[0.175s] -- Up-to-date: /home/d-lab/workspace/ros_ur_driver/install/controller_interface/share/controller_interface/local_setup.dsv
[0.175s] -- Installing: /home/d-lab/workspace/ros_ur_driver/install/controller_interface/share/controller_interface/package.dsv
[0.175s] -- Up-to-date: /home/d-lab/workspace/ros_ur_driver/install/controller_interface/share/ament_index/resource_index/packages/controller_interface
[0.175s] -- Up-to-date: /home/d-lab/workspace/ros_ur_driver/install/controller_interface/share/controller_interface/cmake/ament_cmake_export_dependencies-extras.cmake
[0.176s] -- Up-to-date: /home/d-lab/workspace/ros_ur_driver/install/controller_interface/share/controller_interface/cmake/ament_cmake_export_include_directories-extras.cmake
[0.176s] -- Up-to-date: /home/d-lab/workspace/ros_ur_driver/install/controller_interface/share/controller_interface/cmake/ament_cmake_export_libraries-extras.cmake
[0.176s] -- Up-to-date: /home/d-lab/workspace/ros_ur_driver/install/controller_interface/share/controller_interface/cmake/controller_interfaceConfig.cmake
[0.176s] -- Up-to-date: /home/d-lab/workspace/ros_ur_driver/install/controller_interface/share/controller_interface/cmake/controller_interfaceConfig-version.cmake
[0.176s] -- Up-to-date: /home/d-lab/workspace/ros_ur_driver/install/controller_interface/share/controller_interface/package.xml
[0.177s] Invoked command in '/home/d-lab/workspace/ros_ur_driver/build/controller_interface' returned '0': AMENT_PREFIX_PATH=/home/d-lab/workspace/ros_ur_driver/install/hardware_interface:/home/d-lab/workspace/ros_ur_driver/install/control_msgs:${AMENT_PREFIX_PATH} CMAKE_PREFIX_PATH=/home/d-lab/workspace/ros_ur_driver/install/hardware_interface:/home/d-lab/workspace/ros_ur_driver/install/control_msgs:/opt/ros/foxy LD_LIBRARY_PATH=/home/d-lab/workspace/ros_ur_driver/install/hardware_interface/lib:/home/d-lab/workspace/ros_ur_driver/install/control_msgs/lib:${LD_LIBRARY_PATH} PYTHONPATH=/home/d-lab/workspace/ros_ur_driver/install/control_msgs/lib/python3.8/site-packages:${PYTHONPATH} /usr/bin/cmake --install /home/d-lab/workspace/ros_ur_driver/build/controller_interface
