[ 36%] Built target gmock_main
[ 45%] Built target gmock
[ 63%] Built target test_four_bar_linkage_transmission
[ 81%] Built target test_simple_transmission
[100%] Built target test_differential_transmission
-- Install configuration: "Release"
-- Up-to-date: /home/d-lab/workspace/ros_ur_driver/install/transmission_interface/include
-- Up-to-date: /home/d-lab/workspace/ros_ur_driver/install/transmission_interface/include/transmission_interface
-- Up-to-date: /home/d-lab/workspace/ros_ur_driver/install/transmission_interface/include/transmission_interface/transmission.hpp
-- Up-to-date: /home/d-lab/workspace/ros_ur_driver/install/transmission_interface/include/transmission_interface/accessor.hpp
-- Up-to-date: /home/d-lab/workspace/ros_ur_driver/install/transmission_interface/include/transmission_interface/transmission_parser.hpp
-- Up-to-date: /home/d-lab/workspace/ros_ur_driver/install/transmission_interface/include/transmission_interface/differential_transmission.hpp
-- Up-to-date: /home/d-lab/workspace/ros_ur_driver/install/transmission_interface/include/transmission_interface/visibility_control.h
-- Up-to-date: /home/d-lab/workspace/ros_ur_driver/install/transmission_interface/include/transmission_interface/exception.hpp
-- Up-to-date: /home/d-lab/workspace/ros_ur_driver/install/transmission_interface/include/transmission_interface/handle.hpp
-- Up-to-date: /home/d-lab/workspace/ros_ur_driver/install/transmission_interface/include/transmission_interface/simple_transmission.hpp
-- Up-to-date: /home/d-lab/workspace/ros_ur_driver/install/transmission_interface/include/transmission_interface/four_bar_linkage_transmission.hpp
-- Up-to-date: /home/d-lab/workspace/ros_ur_driver/install/transmission_interface/share/ament_index/resource_index/package_run_dependencies/transmission_interface
-- Up-to-date: /home/d-lab/workspace/ros_ur_driver/install/transmission_interface/share/ament_index/resource_index/parent_prefix_path/transmission_interface
-- Up-to-date: /home/d-lab/workspace/ros_ur_driver/install/transmission_interface/share/transmission_interface/environment/ament_prefix_path.sh
-- Up-to-date: /home/d-lab/workspace/ros_ur_driver/install/transmission_interface/share/transmission_interface/environment/ament_prefix_path.dsv
-- Up-to-date: /home/d-lab/workspace/ros_ur_driver/install/transmission_interface/share/transmission_interface/environment/path.sh
-- Up-to-date: /home/d-lab/workspace/ros_ur_driver/install/transmission_interface/share/transmission_interface/environment/path.dsv
-- Up-to-date: /home/d-lab/workspace/ros_ur_driver/install/transmission_interface/share/transmission_interface/local_setup.bash
-- Up-to-date: /home/d-lab/workspace/ros_ur_driver/install/transmission_interface/share/transmission_interface/local_setup.sh
-- Up-to-date: /home/d-lab/workspace/ros_ur_driver/install/transmission_interface/share/transmission_interface/local_setup.zsh
-- Up-to-date: /home/d-lab/workspace/ros_ur_driver/install/transmission_interface/share/transmission_interface/local_setup.dsv
-- Installing: /home/d-lab/workspace/ros_ur_driver/install/transmission_interface/share/transmission_interface/package.dsv
-- Up-to-date: /home/d-lab/workspace/ros_ur_driver/install/transmission_interface/share/ament_index/resource_index/packages/transmission_interface
-- Up-to-date: /home/d-lab/workspace/ros_ur_driver/install/transmission_interface/share/transmission_interface/cmake/ament_cmake_export_include_directories-extras.cmake
-- Up-to-date: /home/d-lab/workspace/ros_ur_driver/install/transmission_interface/share/transmission_interface/cmake/ament_cmake_export_dependencies-extras.cmake
-- Up-to-date: /home/d-lab/workspace/ros_ur_driver/install/transmission_interface/share/transmission_interface/cmake/transmission_interfaceConfig.cmake
-- Up-to-date: /home/d-lab/workspace/ros_ur_driver/install/transmission_interface/share/transmission_interface/cmake/transmission_interfaceConfig-version.cmake
-- Up-to-date: /home/d-lab/workspace/ros_ur_driver/install/transmission_interface/share/transmission_interface/package.xml
