-- Found moveit_common: 2.2.3 (/home/d-lab/workspace/ros_ur_driver/install/moveit_common/share/moveit_common/cmake)
-- Found ament_cmake: 0.9.9 (/opt/ros/foxy/share/ament_cmake/cmake)
-- Using PYTHON_EXECUTABLE: /usr/bin/python3
-- Found moveit_core: 2.2.3 (/home/d-lab/workspace/ros_ur_driver/install/moveit_core/share/moveit_core/cmake)
-- Found Boost: /usr/lib/x86_64-linux-gnu/cmake/Boost-1.71.0/BoostConfig.cmake (found version "1.71.0") found components: chrono date_time filesystem iostreams program_options regex serialization system thread 
-- Found Boost: /usr/lib/x86_64-linux-gnu/cmake/Boost-1.71.0/BoostConfig.cmake (found version "1.71.0") found components: filesystem 
-- Using all available rosidl_typesupport_c: rosidl_typesupport_fastrtps_c;rosidl_typesupport_introspection_c
-- Found rosidl_adapter: 1.2.1 (/opt/ros/foxy/share/rosidl_adapter/cmake)
-- Using all available rosidl_typesupport_cpp: rosidl_typesupport_fastrtps_cpp;rosidl_typesupport_introspection_cpp
-- Found rmw_implementation_cmake: 1.0.3 (/opt/ros/foxy/share/rmw_implementation_cmake/cmake)
-- Using RMW implementation 'rmw_fastrtps_cpp' as default
-- library: /usr/lib/x86_64-linux-gnu/libcurl.so
-- Found chomp_motion_planner: 2.2.3 (/home/d-lab/workspace/ros_ur_driver/install/chomp_motion_planner/share/chomp_motion_planner/cmake)
-- Found pluginlib: 2.5.4 (/opt/ros/foxy/share/pluginlib/cmake)
-- Found ament_lint_auto: 0.9.6 (/opt/ros/foxy/share/ament_lint_auto/cmake)
-- Added test 'xmllint' to check XML markup files
-- Configuring done
-- Generating done
-- Build files have been written to: /home/d-lab/workspace/ros_ur_driver/build/moveit_planners_chomp
[ 20%] [32m[1mLinking CXX shared library libmoveit_chomp_interface.so[0m
[ 60%] Built target moveit_chomp_interface
[ 80%] [32m[1mLinking CXX shared library libmoveit_chomp_planner_plugin.so[0m
[100%] Built target moveit_chomp_planner_plugin
-- Install configuration: "Release"
-- Installing: /home/d-lab/workspace/ros_ur_driver/install/moveit_planners_chomp/lib/libmoveit_chomp_interface.so.2.2.3
-- Set runtime path of "/home/d-lab/workspace/ros_ur_driver/install/moveit_planners_chomp/lib/libmoveit_chomp_interface.so.2.2.3" to ""
-- Installing: /home/d-lab/workspace/ros_ur_driver/install/moveit_planners_chomp/lib/libmoveit_chomp_interface.so
-- Installing: /home/d-lab/workspace/ros_ur_driver/install/moveit_planners_chomp/lib/libmoveit_chomp_planner_plugin.so
-- Set runtime path of "/home/d-lab/workspace/ros_ur_driver/install/moveit_planners_chomp/lib/libmoveit_chomp_planner_plugin.so" to ""
-- Installing: /home/d-lab/workspace/ros_ur_driver/install/moveit_planners_chomp/share/moveit_planners_chomp/environment/library_path.sh
-- Installing: /home/d-lab/workspace/ros_ur_driver/install/moveit_planners_chomp/share/moveit_planners_chomp/environment/library_path.dsv
-- Installing: /home/d-lab/workspace/ros_ur_driver/install/moveit_planners_chomp/share/moveit_planners_chomp/chomp_interface_plugin_description.xml
-- Installing: /home/d-lab/workspace/ros_ur_driver/install/moveit_planners_chomp/share/ament_index/resource_index/package_run_dependencies/moveit_planners_chomp
-- Installing: /home/d-lab/workspace/ros_ur_driver/install/moveit_planners_chomp/share/ament_index/resource_index/parent_prefix_path/moveit_planners_chomp
-- Installing: /home/d-lab/workspace/ros_ur_driver/install/moveit_planners_chomp/share/moveit_planners_chomp/environment/ament_prefix_path.sh
-- Installing: /home/d-lab/workspace/ros_ur_driver/install/moveit_planners_chomp/share/moveit_planners_chomp/environment/ament_prefix_path.dsv
-- Installing: /home/d-lab/workspace/ros_ur_driver/install/moveit_planners_chomp/share/moveit_planners_chomp/environment/path.sh
-- Installing: /home/d-lab/workspace/ros_ur_driver/install/moveit_planners_chomp/share/moveit_planners_chomp/environment/path.dsv
-- Installing: /home/d-lab/workspace/ros_ur_driver/install/moveit_planners_chomp/share/moveit_planners_chomp/local_setup.bash
-- Installing: /home/d-lab/workspace/ros_ur_driver/install/moveit_planners_chomp/share/moveit_planners_chomp/local_setup.sh
-- Installing: /home/d-lab/workspace/ros_ur_driver/install/moveit_planners_chomp/share/moveit_planners_chomp/local_setup.zsh
-- Installing: /home/d-lab/workspace/ros_ur_driver/install/moveit_planners_chomp/share/moveit_planners_chomp/local_setup.dsv
-- Installing: /home/d-lab/workspace/ros_ur_driver/install/moveit_planners_chomp/share/moveit_planners_chomp/package.dsv
-- Installing: /home/d-lab/workspace/ros_ur_driver/install/moveit_planners_chomp/share/ament_index/resource_index/packages/moveit_planners_chomp
-- Installing: /home/d-lab/workspace/ros_ur_driver/install/moveit_planners_chomp/share/ament_index/resource_index/moveit_core__pluginlib__plugin/moveit_planners_chomp
-- Installing: /home/d-lab/workspace/ros_ur_driver/install/moveit_planners_chomp/share/moveit_planners_chomp/cmake/moveit_planners_chompTargetsExport.cmake
-- Installing: /home/d-lab/workspace/ros_ur_driver/install/moveit_planners_chomp/share/moveit_planners_chomp/cmake/moveit_planners_chompTargetsExport-release.cmake
-- Installing: /home/d-lab/workspace/ros_ur_driver/install/moveit_planners_chomp/share/moveit_planners_chomp/cmake/ament_cmake_export_targets-extras.cmake
-- Installing: /home/d-lab/workspace/ros_ur_driver/install/moveit_planners_chomp/share/moveit_planners_chomp/cmake/ament_cmake_export_dependencies-extras.cmake
-- Installing: /home/d-lab/workspace/ros_ur_driver/install/moveit_planners_chomp/share/moveit_planners_chomp/cmake/moveit_planners_chompConfig.cmake
-- Installing: /home/d-lab/workspace/ros_ur_driver/install/moveit_planners_chomp/share/moveit_planners_chomp/cmake/moveit_planners_chompConfig-version.cmake
-- Installing: /home/d-lab/workspace/ros_ur_driver/install/moveit_planners_chomp/share/moveit_planners_chomp/package.xml
