[0.033s] Invoking command in '/home/d-lab/workspace/ros_ur_driver/build/move_arm_server': CMAKE_PREFIX_PATH=/home/d-lab/workspace/ros_ur_driver/install/moveit_visual_tools:/home/d-lab/workspace/ros_ur_driver/install/rviz_visual_tools:/home/d-lab/workspace/ros_ur_driver/install/move_arm_interfaces:/home/d-lab/workspace/ros_ur_driver/install/graph_msgs:/home/d-lab/workspace/ros_ur_driver/install/eigen3_cmake_module:/home/d-lab/workspace/ros_ur_driver/install/move_arm_server:/home/d-lab/workspace/ros_ur_driver/install/action_tutorials_cpp:/home/d-lab/workspace/ros_ur_driver/install/run_ompl_constrained_planning:/home/d-lab/workspace/ros_ur_driver/install/run_moveit_cpp:/home/d-lab/workspace/ros_ur_driver/install/run_move_group:/home/d-lab/workspace/ros_ur_driver/install/warehouse_ros_mongo:/home/d-lab/workspace/ros_ur_driver/install/ros2_controllers:/home/d-lab/workspace/ros_ur_driver/install/velocity_controllers:/home/d-lab/workspace/ros_ur_driver/install/ur_robot_driver:/home/d-lab/workspace/ros_ur_driver/install/ur_controllers:/home/d-lab/workspace/ros_ur_driver/install/ur_msgs:/home/d-lab/workspace/ros_ur_driver/install/ur_moveit_config:/home/d-lab/workspace/ros_ur_driver/install/ur_description:/home/d-lab/workspace/ros_ur_driver/install/ur_dashboard_msgs:/home/d-lab/workspace/ros_ur_driver/install/ur_client_library:/home/d-lab/workspace/ros_ur_driver/install/ur_bringup:/home/d-lab/workspace/ros_ur_driver/install/ur5_robotiq_moveit_config:/home/d-lab/workspace/ros_ur_driver/install/transmission_interface:/home/d-lab/workspace/ros_ur_driver/install/srdfdom:/home/d-lab/workspace/ros_ur_driver/install/move_arm:/home/d-lab/workspace/ros_ur_driver/install/ros2_control_demos:/home/d-lab/workspace/ros_ur_driver/install/ros2_control_demo_bringup:/home/d-lab/workspace/ros_ur_driver/install/rrbot_description:/home/d-lab/workspace/ros_ur_driver/install/ros2_control:/home/d-lab/workspace/ros_ur_driver/install/utils:/home/d-lab/workspace/ros_ur_driver/install/ros2controlcli:/home/d-lab/workspace/ros_ur_driver/install/ros2_control_test_nodes:/home/d-lab/workspace/ros_ur_driver/install/robotiq_control:/home/d-lab/workspace/ros_ur_driver/install/gripper_control:/opt/ros/foxy:/home/d-lab/workspace/ros_ur_driver/install/cartesian_controller_examples:/home/d-lab/workspace/ros_ur_driver/install/controller_manager:/home/d-lab/workspace/ros_ur_driver/install/ros2_control_test_assets:/home/d-lab/workspace/ros_ur_driver/install/ros2_control_demo_hardware:/home/d-lab/workspace/ros_ur_driver/install/robotiq_description:/home/d-lab/workspace/ros_ur_driver/install/position_controllers:/home/d-lab/workspace/ros_ur_driver/install/move_arm_cpp:/home/d-lab/workspace/ros_ur_driver/install/move_arm_interface:/home/d-lab/workspace/ros_ur_driver/install/joint_trajectory_controller:/home/d-lab/workspace/ros_ur_driver/install/joint_state_controller:/home/d-lab/workspace/ros_ur_driver/install/joint_state_broadcaster:/home/d-lab/workspace/ros_ur_driver/install/imu_sensor_broadcaster:/home/d-lab/workspace/ros_ur_driver/install/gripper_controllers:/home/d-lab/workspace/ros_ur_driver/install/effort_controllers:/home/d-lab/workspace/ros_ur_driver/install/forward_command_controller:/home/d-lab/workspace/ros_ur_driver/install/force_torque_sensor_broadcaster:/home/d-lab/workspace/ros_ur_driver/install/diff_drive_controller:/home/d-lab/workspace/ros_ur_driver/install/cartesian_compliance_controller:/home/d-lab/workspace/ros_ur_driver/install/cartesian_motion_controller:/home/d-lab/workspace/ros_ur_driver/install/cartesian_force_controller:/home/d-lab/workspace/ros_ur_driver/install/cartesian_controller_handles:/home/d-lab/workspace/ros_ur_driver/install/cartesian_controller_base:/home/d-lab/workspace/ros_ur_driver/install/controller_interface:/home/d-lab/workspace/ros_ur_driver/install/hardware_interface:/home/d-lab/workspace/ros_ur_driver/install/filters:/home/d-lab/workspace/ros_ur_driver/install/diffbot_description:/home/d-lab/workspace/ros_ur_driver/install/controller_manager_msgs:/home/d-lab/workspace/ros_ur_driver/install/control_msgs:/home/d-lab/workspace/ros_ur_driver/install/chomp_motion_planner:/home/d-lab/workspace/ros_ur_driver/install/action_tutorials_interfaces LD_LIBRARY_PATH=/home/d-lab/workspace/ros_ur_driver/install/moveit_visual_tools/lib:/home/d-lab/workspace/ros_ur_driver/install/rviz_visual_tools/lib:/home/d-lab/workspace/ros_ur_driver/install/move_arm_interfaces/lib:/home/d-lab/workspace/ros_ur_driver/install/graph_msgs/lib:/home/d-lab/workspace/ros_ur_driver/install/move_arm_cpp/lib:/home/d-lab/workspace/ros_ur_driver/install/action_tutorials_cpp/lib:/home/d-lab/workspace/ros_ur_driver/install/warehouse_ros_mongo/lib:/home/d-lab/workspace/ros_ur_driver/install/velocity_controllers/lib:/home/d-lab/workspace/ros_ur_driver/install/ur_robot_driver/lib:/home/d-lab/workspace/ros_ur_driver/install/ur_controllers/lib:/home/d-lab/workspace/ros_ur_driver/install/ur_msgs/lib:/home/d-lab/workspace/ros_ur_driver/install/ur_dashboard_msgs/lib:/home/d-lab/workspace/ros_ur_driver/install/ur_client_library/lib:/home/d-lab/workspace/ros_ur_driver/install/srdfdom/lib:/home/d-lab/workspace/ros_ur_driver/install/move_arm/lib:/home/d-lab/workspace/ros_ur_driver/install/controller_manager/lib:/home/d-lab/workspace/ros_ur_driver/install/ros2_control_demo_hardware/lib:/home/d-lab/workspace/ros_ur_driver/install/position_controllers/lib:/home/d-lab/workspace/ros_ur_driver/install/move_arm_interface/lib:/home/d-lab/workspace/ros_ur_driver/install/joint_trajectory_controller/lib:/home/d-lab/workspace/ros_ur_driver/install/joint_state_controller/lib:/home/d-lab/workspace/ros_ur_driver/install/joint_state_broadcaster/lib:/home/d-lab/workspace/ros_ur_driver/install/imu_sensor_broadcaster/lib:/home/d-lab/workspace/ros_ur_driver/install/gripper_controllers/lib:/home/d-lab/workspace/ros_ur_driver/install/effort_controllers/lib:/home/d-lab/workspace/ros_ur_driver/install/forward_command_controller/lib:/home/d-lab/workspace/ros_ur_driver/install/force_torque_sensor_broadcaster/lib:/home/d-lab/workspace/ros_ur_driver/install/diff_drive_controller/lib:/home/d-lab/workspace/ros_ur_driver/install/cartesian_compliance_controller/lib:/home/d-lab/workspace/ros_ur_driver/install/cartesian_motion_controller/lib:/home/d-lab/workspace/ros_ur_driver/install/cartesian_force_controller/lib:/home/d-lab/workspace/ros_ur_driver/install/cartesian_controller_handles/lib:/home/d-lab/workspace/ros_ur_driver/install/cartesian_controller_base/lib:/home/d-lab/workspace/ros_ur_driver/install/controller_interface/lib:/home/d-lab/workspace/ros_ur_driver/install/hardware_interface/lib:/home/d-lab/workspace/ros_ur_driver/install/filters/lib:/home/d-lab/workspace/ros_ur_driver/install/controller_manager_msgs/lib:/home/d-lab/workspace/ros_ur_driver/install/control_msgs/lib:/home/d-lab/workspace/ros_ur_driver/install/chomp_motion_planner/lib:/home/d-lab/workspace/ros_ur_driver/install/action_tutorials_interfaces/lib:/opt/ros/foxy/opt/yaml_cpp_vendor/lib:/opt/ros/foxy/opt/rviz_ogre_vendor/lib:/opt/ros/foxy/lib/x86_64-linux-gnu:/opt/ros/foxy/lib PYTHONPATH=/home/d-lab/workspace/ros_ur_driver/install/move_arm_interfaces/lib/python3.8/site-packages:/home/d-lab/workspace/ros_ur_driver/install/graph_msgs/lib/python3.8/site-packages:/home/d-lab/workspace/ros_ur_driver/install/warehouse_ros_mongo/lib/python3.8/site-packages:/home/d-lab/workspace/ros_ur_driver/install/utils/lib/python3.8/site-packages:/home/d-lab/workspace/ros_ur_driver/install/ur_msgs/lib/python3.8/site-packages:/home/d-lab/workspace/ros_ur_driver/install/ur_dashboard_msgs/lib/python3.8/site-packages:/home/d-lab/workspace/ros_ur_driver/install/srdfdom/lib/python3.8/site-packages:/home/d-lab/workspace/ros_ur_driver/install/move_arm/lib/python3.8/site-packages:/home/d-lab/workspace/ros_ur_driver/install/ros2controlcli/lib/python3.8/site-packages:/home/d-lab/workspace/ros_ur_driver/install/ros2_control_test_nodes/lib/python3.8/site-packages:/home/d-lab/workspace/ros_ur_driver/install/controller_manager/lib/python3.8/site-packages:/home/d-lab/workspace/ros_ur_driver/install/robotiq_control/lib/python3.8/site-packages:/home/d-lab/workspace/ros_ur_driver/install/move_arm_interface/lib/python3.8/site-packages:/home/d-lab/workspace/ros_ur_driver/install/gripper_control/lib/python3.8/site-packages:/home/d-lab/workspace/ros_ur_driver/install/controller_manager_msgs/lib/python3.8/site-packages:/home/d-lab/workspace/ros_ur_driver/install/control_msgs/lib/python3.8/site-packages:/home/d-lab/workspace/ros_ur_driver/install/action_tutorials_interfaces/lib/python3.8/site-packages:/opt/ros/foxy/lib/python3.8/site-packages /usr/bin/cmake --build /home/d-lab/workspace/ros_ur_driver/build/move_arm_server -- -j16 -l16
[0.101s] [35m[1mScanning dependencies of target server[0m
[0.144s] [ 50%] Built target move_to_point
[0.168s] [ 75%] [32mBuilding CXX object CMakeFiles/server.dir/src/move_arm_server.cpp.o[0m
[3.294s] [01m[K/home/d-lab/workspace/ros_ur_driver/src/move_arm_server/src/move_arm_server.cpp:[m[K In constructor ‘[01m[KMoveArmServer::MoveArmServer()[m[K’:
[3.294s] [01m[K/home/d-lab/workspace/ros_ur_driver/src/move_arm_server/src/move_arm_server.cpp:29:111:[m[K [01;31m[Kerror: [m[Kno matching function for call to ‘[01m[Kstd::unique_ptr<moveit::planning_interface::MoveGroupInterface>::unique_ptr(std::shared_ptr<rclcpp::Node>&, std::string&)[m[K’
[3.294s]    29 | moveit::planning_interface::MoveGroupInterface> move_group(move_group_node, PLANNING_GROUP[01;31m[K)[m[K;
[3.294s]       |                                                                                           [01;31m[K^[m[K
[3.294s] 
[3.294s] In file included from [01m[K/usr/include/c++/9/memory:80[m[K,
[3.294s]                  from [01m[K/opt/ros/foxy/include/rclcpp/rclcpp.hpp:144[m[K,
[3.294s]                  from [01m[K/home/d-lab/workspace/ros_ur_driver/src/move_arm_server/src/move_arm_server.cpp:1[m[K:
[3.294s] [01m[K/usr/include/c++/9/bits/unique_ptr.h:281:2:[m[K [01;36m[Knote: [m[Kcandidate: ‘[01m[Ktemplate<class _Up, class> std::unique_ptr<_Tp, _Dp>::unique_ptr(std::auto_ptr<_Up>&&)[m[K’
[3.294s]   281 |  [01;36m[Kunique_ptr[m[K(auto_ptr<_Up>&& __u) noexcept;
[3.295s]       |  [01;36m[K^~~~~~~~~~[m[K
[3.295s] [01m[K/usr/include/c++/9/bits/unique_ptr.h:281:2:[m[K [01;36m[Knote: [m[K  template argument deduction/substitution failed:
[3.295s] [01m[K/home/d-lab/workspace/ros_ur_driver/src/move_arm_server/src/move_arm_server.cpp:29:111:[m[K [01;36m[Knote: [m[K  ‘[01m[Kstd::shared_ptr<rclcpp::Node>[m[K’ is not derived from ‘[01m[Kstd::auto_ptr<_Up>[m[K’
[3.295s]    29 | moveit::planning_interface::MoveGroupInterface> move_group(move_group_node, PLANNING_GROUP[01;36m[K)[m[K;
[3.295s]       |                                                                                           [01;36m[K^[m[K
[3.295s] 
[3.295s] In file included from [01m[K/usr/include/c++/9/memory:80[m[K,
[3.295s]                  from [01m[K/opt/ros/foxy/include/rclcpp/rclcpp.hpp:144[m[K,
[3.295s]                  from [01m[K/home/d-lab/workspace/ros_ur_driver/src/move_arm_server/src/move_arm_server.cpp:1[m[K:
[3.295s] [01m[K/usr/include/c++/9/bits/unique_ptr.h:271:2:[m[K [01;36m[Knote: [m[Kcandidate: ‘[01m[Ktemplate<class _Up, class _Ep, class> std::unique_ptr<_Tp, _Dp>::unique_ptr(std::unique_ptr<_Up, _Ep>&&)[m[K’
[3.295s]   271 |  [01;36m[Kunique_ptr[m[K(unique_ptr<_Up, _Ep>&& __u) noexcept
[3.296s]       |  [01;36m[K^~~~~~~~~~[m[K
[3.296s] [01m[K/usr/include/c++/9/bits/unique_ptr.h:271:2:[m[K [01;36m[Knote: [m[K  template argument deduction/substitution failed:
[3.296s] [01m[K/home/d-lab/workspace/ros_ur_driver/src/move_arm_server/src/move_arm_server.cpp:29:111:[m[K [01;36m[Knote: [m[K  ‘[01m[Kstd::shared_ptr<rclcpp::Node>[m[K’ is not derived from ‘[01m[Kstd::unique_ptr<_Tp, _Dp>[m[K’
[3.296s]    29 | moveit::planning_interface::MoveGroupInterface> move_group(move_group_node, PLANNING_GROUP[01;36m[K)[m[K;
[3.296s]       |                                                                                           [01;36m[K^[m[K
[3.296s] 
[3.296s] In file included from [01m[K/usr/include/c++/9/memory:80[m[K,
[3.296s]                  from [01m[K/opt/ros/foxy/include/rclcpp/rclcpp.hpp:144[m[K,
[3.296s]                  from [01m[K/home/d-lab/workspace/ros_ur_driver/src/move_arm_server/src/move_arm_server.cpp:1[m[K:
[3.296s] [01m[K/usr/include/c++/9/bits/unique_ptr.h:257:7:[m[K [01;36m[Knote: [m[Kcandidate: ‘[01m[Kstd::unique_ptr<_Tp, _Dp>::unique_ptr(std::unique_ptr<_Tp, _Dp>&&) [with _Tp = moveit::planning_interface::MoveGroupInterface; _Dp = std::default_delete<moveit::planning_interface::MoveGroupInterface>][m[K’
[3.296s]   257 |       [01;36m[Kunique_ptr[m[K(unique_ptr&& __u) noexcept
[3.296s]       |       [01;36m[K^~~~~~~~~~[m[K
[3.296s] [01m[K/usr/include/c++/9/bits/unique_ptr.h:257:7:[m[K [01;36m[Knote: [m[K  candidate expects 1 argument, 2 provided
[3.296s] [01m[K/usr/include/c++/9/bits/unique_ptr.h:250:12:[m[K [01;36m[Knote: [m[Kcandidate: ‘[01m[Ktemplate<class _Del, class> constexpr std::unique_ptr<_Tp, _Dp>::unique_ptr(std::nullptr_t)[m[K’
[3.297s]   250 |  constexpr [01;36m[Kunique_ptr[m[K(nullptr_t) noexcept
[3.297s]       |            [01;36m[K^~~~~~~~~~[m[K
[3.297s] [01m[K/usr/include/c++/9/bits/unique_ptr.h:250:12:[m[K [01;36m[Knote: [m[K  template argument deduction/substitution failed:
[3.297s] [01m[K/home/d-lab/workspace/ros_ur_driver/src/move_arm_server/src/move_arm_server.cpp:29:111:[m[K [01;36m[Knote: [m[K  candidate expects 1 argument, 2 provided
[3.297s]    29 | moveit::planning_interface::MoveGroupInterface> move_group(move_group_node, PLANNING_GROUP[01;36m[K)[m[K;
[3.297s]       |                                                                                           [01;36m[K^[m[K
[3.297s] 
[3.297s] In file included from [01m[K/usr/include/c++/9/memory:80[m[K,
[3.297s]                  from [01m[K/opt/ros/foxy/include/rclcpp/rclcpp.hpp:144[m[K,
[3.297s]                  from [01m[K/home/d-lab/workspace/ros_ur_driver/src/move_arm_server/src/move_arm_server.cpp:1[m[K:
[3.297s] [01m[K/usr/include/c++/9/bits/unique_ptr.h:244:2:[m[K [01;36m[Knote: [m[Kcandidate: ‘[01m[Ktemplate<class _Del, class _DelUnref> std::unique_ptr<_Tp, _Dp>::unique_ptr(std::unique_ptr<_Tp, _Dp>::pointer, std::__enable_if_t<std::is_lvalue_reference<_Del>::value, _DelUnref&&>)[m[K’ <deleted>
[3.297s]   244 |  [01;36m[Kunique_ptr[m[K(pointer,
[3.297s]       |  [01;36m[K^~~~~~~~~~[m[K
[3.297s] [01m[K/usr/include/c++/9/bits/unique_ptr.h:244:2:[m[K [01;36m[Knote: [m[K  template argument deduction/substitution failed:
[3.297s] [01m[K/home/d-lab/workspace/ros_ur_driver/src/move_arm_server/src/move_arm_server.cpp:29:80:[m[K [01;36m[Knote: [m[K  cannot convert ‘[01m[Kmove_group_node[m[K’ (type ‘[01m[Kstd::shared_ptr<rclcpp::Node>[m[K’) to type ‘[01m[Kstd::unique_ptr<moveit::planning_interface::MoveGroupInterface>::pointer[m[K’ {aka ‘[01m[Kmoveit::planning_interface::MoveGroupInterface*[m[K’}
[3.297s]    29 |     std::unique_ptr<moveit::planning_interface::MoveGroupInterface> move_group([01;36m[Kmove_group_node[m[K, PLANNING_GROUP);
[3.297s]       |                                                                                [01;36m[K^~~~~~~~~~~~~~~[m[K
[3.297s] In file included from [01m[K/usr/include/c++/9/memory:80[m[K,
[3.297s]                  from [01m[K/opt/ros/foxy/include/rclcpp/rclcpp.hpp:144[m[K,
[3.298s]                  from [01m[K/home/d-lab/workspace/ros_ur_driver/src/move_arm_server/src/move_arm_server.cpp:1[m[K:
[3.298s] [01m[K/usr/include/c++/9/bits/unique_ptr.h:236:2:[m[K [01;36m[Knote: [m[Kcandidate: ‘[01m[Ktemplate<class _Del, class> std::unique_ptr<_Tp, _Dp>::unique_ptr(std::unique_ptr<_Tp, _Dp>::pointer, std::__enable_if_t<(! std::is_lvalue_reference<_Del>::value), _Del&&>)[m[K’
[3.298s]   236 |  [01;36m[Kunique_ptr[m[K(pointer __p,
[3.298s]       |  [01;36m[K^~~~~~~~~~[m[K
[3.298s] [01m[K/usr/include/c++/9/bits/unique_ptr.h:236:2:[m[K [01;36m[Knote: [m[K  template argument deduction/substitution failed:
[3.298s] [01m[K/home/d-lab/workspace/ros_ur_driver/src/move_arm_server/src/move_arm_server.cpp:29:80:[m[K [01;36m[Knote: [m[K  cannot convert ‘[01m[Kmove_group_node[m[K’ (type ‘[01m[Kstd::shared_ptr<rclcpp::Node>[m[K’) to type ‘[01m[Kstd::unique_ptr<moveit::planning_interface::MoveGroupInterface>::pointer[m[K’ {aka ‘[01m[Kmoveit::planning_interface::MoveGroupInterface*[m[K’}
[3.298s]    29 |     std::unique_ptr<moveit::planning_interface::MoveGroupInterface> move_group([01;36m[Kmove_group_node[m[K, PLANNING_GROUP);
[3.298s]       |                                                                                [01;36m[K^~~~~~~~~~~~~~~[m[K
[3.298s] In file included from [01m[K/usr/include/c++/9/memory:80[m[K,
[3.298s]                  from [01m[K/opt/ros/foxy/include/rclcpp/rclcpp.hpp:144[m[K,
[3.298s]                  from [01m[K/home/d-lab/workspace/ros_ur_driver/src/move_arm_server/src/move_arm_server.cpp:1[m[K:
[3.298s] [01m[K/usr/include/c++/9/bits/unique_ptr.h:224:2:[m[K [01;36m[Knote: [m[Kcandidate: ‘[01m[Ktemplate<class _Del, class> std::unique_ptr<_Tp, _Dp>::unique_ptr(std::unique_ptr<_Tp, _Dp>::pointer, const deleter_type&)[m[K’
[3.298s]   224 |  [01;36m[Kunique_ptr[m[K(pointer __p, const deleter_type& __d) noexcept
[3.299s]       |  [01;36m[K^~~~~~~~~~[m[K
[3.299s] [01m[K/usr/include/c++/9/bits/unique_ptr.h:224:2:[m[K [01;36m[Knote: [m[K  template argument deduction/substitution failed:
[3.299s] [01m[K/home/d-lab/workspace/ros_ur_driver/src/move_arm_server/src/move_arm_server.cpp:29:80:[m[K [01;36m[Knote: [m[K  cannot convert ‘[01m[Kmove_group_node[m[K’ (type ‘[01m[Kstd::shared_ptr<rclcpp::Node>[m[K’) to type ‘[01m[Kstd::unique_ptr<moveit::planning_interface::MoveGroupInterface>::pointer[m[K’ {aka ‘[01m[Kmoveit::planning_interface::MoveGroupInterface*[m[K’}
[3.299s]    29 |     std::unique_ptr<moveit::planning_interface::MoveGroupInterface> move_group([01;36m[Kmove_group_node[m[K, PLANNING_GROUP);
[3.299s]       |                                                                                [01;36m[K^~~~~~~~~~~~~~~[m[K
[3.299s] In file included from [01m[K/usr/include/c++/9/memory:80[m[K,
[3.299s]                  from [01m[K/opt/ros/foxy/include/rclcpp/rclcpp.hpp:144[m[K,
[3.299s]                  from [01m[K/home/d-lab/workspace/ros_ur_driver/src/move_arm_server/src/move_arm_server.cpp:1[m[K:
[3.299s] [01m[K/usr/include/c++/9/bits/unique_ptr.h:211:2:[m[K [01;36m[Knote: [m[Kcandidate: ‘[01m[Ktemplate<class _Del, class> std::unique_ptr<_Tp, _Dp>::unique_ptr(std::unique_ptr<_Tp, _Dp>::pointer)[m[K’
[3.299s]   211 |  [01;36m[Kunique_ptr[m[K(pointer __p) noexcept
[3.299s]       |  [01;36m[K^~~~~~~~~~[m[K
[3.299s] [01m[K/usr/include/c++/9/bits/unique_ptr.h:211:2:[m[K [01;36m[Knote: [m[K  template argument deduction/substitution failed:
[3.299s] [01m[K/home/d-lab/workspace/ros_ur_driver/src/move_arm_server/src/move_arm_server.cpp:29:111:[m[K [01;36m[Knote: [m[K  candidate expects 1 argument, 2 provided
[3.299s]    29 | moveit::planning_interface::MoveGroupInterface> move_group(move_group_node, PLANNING_GROUP[01;36m[K)[m[K;
[3.299s]       |                                                                                           [01;36m[K^[m[K
[3.299s] 
[3.299s] In file included from [01m[K/usr/include/c++/9/memory:80[m[K,
[3.299s]                  from [01m[K/opt/ros/foxy/include/rclcpp/rclcpp.hpp:144[m[K,
[3.299s]                  from [01m[K/home/d-lab/workspace/ros_ur_driver/src/move_arm_server/src/move_arm_server.cpp:1[m[K:
[3.300s] [01m[K/usr/include/c++/9/bits/unique_ptr.h:199:12:[m[K [01;36m[Knote: [m[Kcandidate: ‘[01m[Ktemplate<class _Del, class> constexpr std::unique_ptr<_Tp, _Dp>::unique_ptr()[m[K’
[3.300s]   199 |  constexpr [01;36m[Kunique_ptr[m[K() noexcept
[3.300s]       |            [01;36m[K^~~~~~~~~~[m[K
[3.300s] [01m[K/usr/include/c++/9/bits/unique_ptr.h:199:12:[m[K [01;36m[Knote: [m[K  template argument deduction/substitution failed:
[3.300s] [01m[K/home/d-lab/workspace/ros_ur_driver/src/move_arm_server/src/move_arm_server.cpp:29:111:[m[K [01;36m[Knote: [m[K  candidate expects 0 arguments, 2 provided
[3.300s]    29 | moveit::planning_interface::MoveGroupInterface> move_group(move_group_node, PLANNING_GROUP[01;36m[K)[m[K;
[3.300s]       |                                                                                           [01;36m[K^[m[K
[3.300s] 
[3.300s] [01m[K/home/d-lab/workspace/ros_ur_driver/src/move_arm_server/src/move_arm_server.cpp:[m[K In function ‘[01m[Kvoid add(std::shared_ptr<move_arm_interfaces::srv::MoveArm_Request_<std::allocator<void> > >, std::shared_ptr<move_arm_interfaces::srv::MoveArm_Response_<std::allocator<void> > >)[m[K’:
[3.300s] [01m[K/home/d-lab/workspace/ros_ur_driver/src/move_arm_server/src/move_arm_server.cpp:44:76:[m[K [01;35m[Kwarning: [m[Kunused parameter ‘[01m[Krequest[m[K’ [[01;35m[K-Wunused-parameter[m[K]
[3.300s]    44 | void add([01;35m[Kconst std::shared_ptr<move_arm_interfaces::srv::MoveArm::Request> request[m[K,
[3.300s]       |          [01;35m[K~~~~~~~~~~~~~~~~~~~~~~~~~~~~~~~~~~~~~~~~~~~~~~~~~~~~~~~~~~~~~~~~~~^~~~~~~[m[K
[3.300s] [01m[K/home/d-lab/workspace/ros_ur_driver/src/move_arm_server/src/move_arm_server.cpp:[m[K In function ‘[01m[Kvoid writeToCsv(moveit_msgs::msg::RobotTrajectory)[m[K’:
[3.300s] [01m[K/home/d-lab/workspace/ros_ur_driver/src/move_arm_server/src/move_arm_server.cpp:51:51:[m[K [01;35m[Kwarning: [m[Kunused parameter ‘[01m[Ktrajectory[m[K’ [[01;35m[K-Wunused-parameter[m[K]
[3.300s]    51 | void writeToCsv([01;35m[Kmoveit_msgs::msg::RobotTrajectory trajectory[m[K){
[3.300s]       |                 [01;35m[K~~~~~~~~~~~~~~~~~~~~~~~~~~~~~~~~~~^~~~~~~~~~[m[K
[4.908s] make[2]: *** [CMakeFiles/server.dir/build.make:63: CMakeFiles/server.dir/src/move_arm_server.cpp.o] Error 1
[4.909s] make[1]: *** [CMakeFiles/Makefile2:80: CMakeFiles/server.dir/all] Error 2
[4.909s] make: *** [Makefile:141: all] Error 2
[4.912s] Invoked command in '/home/d-lab/workspace/ros_ur_driver/build/move_arm_server' returned '2': CMAKE_PREFIX_PATH=/home/d-lab/workspace/ros_ur_driver/install/moveit_visual_tools:/home/d-lab/workspace/ros_ur_driver/install/rviz_visual_tools:/home/d-lab/workspace/ros_ur_driver/install/move_arm_interfaces:/home/d-lab/workspace/ros_ur_driver/install/graph_msgs:/home/d-lab/workspace/ros_ur_driver/install/eigen3_cmake_module:/home/d-lab/workspace/ros_ur_driver/install/move_arm_server:/home/d-lab/workspace/ros_ur_driver/install/action_tutorials_cpp:/home/d-lab/workspace/ros_ur_driver/install/run_ompl_constrained_planning:/home/d-lab/workspace/ros_ur_driver/install/run_moveit_cpp:/home/d-lab/workspace/ros_ur_driver/install/run_move_group:/home/d-lab/workspace/ros_ur_driver/install/warehouse_ros_mongo:/home/d-lab/workspace/ros_ur_driver/install/ros2_controllers:/home/d-lab/workspace/ros_ur_driver/install/velocity_controllers:/home/d-lab/workspace/ros_ur_driver/install/ur_robot_driver:/home/d-lab/workspace/ros_ur_driver/install/ur_controllers:/home/d-lab/workspace/ros_ur_driver/install/ur_msgs:/home/d-lab/workspace/ros_ur_driver/install/ur_moveit_config:/home/d-lab/workspace/ros_ur_driver/install/ur_description:/home/d-lab/workspace/ros_ur_driver/install/ur_dashboard_msgs:/home/d-lab/workspace/ros_ur_driver/install/ur_client_library:/home/d-lab/workspace/ros_ur_driver/install/ur_bringup:/home/d-lab/workspace/ros_ur_driver/install/ur5_robotiq_moveit_config:/home/d-lab/workspace/ros_ur_driver/install/transmission_interface:/home/d-lab/workspace/ros_ur_driver/install/srdfdom:/home/d-lab/workspace/ros_ur_driver/install/move_arm:/home/d-lab/workspace/ros_ur_driver/install/ros2_control_demos:/home/d-lab/workspace/ros_ur_driver/install/ros2_control_demo_bringup:/home/d-lab/workspace/ros_ur_driver/install/rrbot_description:/home/d-lab/workspace/ros_ur_driver/install/ros2_control:/home/d-lab/workspace/ros_ur_driver/install/utils:/home/d-lab/workspace/ros_ur_driver/install/ros2controlcli:/home/d-lab/workspace/ros_ur_driver/install/ros2_control_test_nodes:/home/d-lab/workspace/ros_ur_driver/install/robotiq_control:/home/d-lab/workspace/ros_ur_driver/install/gripper_control:/opt/ros/foxy:/home/d-lab/workspace/ros_ur_driver/install/cartesian_controller_examples:/home/d-lab/workspace/ros_ur_driver/install/controller_manager:/home/d-lab/workspace/ros_ur_driver/install/ros2_control_test_assets:/home/d-lab/workspace/ros_ur_driver/install/ros2_control_demo_hardware:/home/d-lab/workspace/ros_ur_driver/install/robotiq_description:/home/d-lab/workspace/ros_ur_driver/install/position_controllers:/home/d-lab/workspace/ros_ur_driver/install/move_arm_cpp:/home/d-lab/workspace/ros_ur_driver/install/move_arm_interface:/home/d-lab/workspace/ros_ur_driver/install/joint_trajectory_controller:/home/d-lab/workspace/ros_ur_driver/install/joint_state_controller:/home/d-lab/workspace/ros_ur_driver/install/joint_state_broadcaster:/home/d-lab/workspace/ros_ur_driver/install/imu_sensor_broadcaster:/home/d-lab/workspace/ros_ur_driver/install/gripper_controllers:/home/d-lab/workspace/ros_ur_driver/install/effort_controllers:/home/d-lab/workspace/ros_ur_driver/install/forward_command_controller:/home/d-lab/workspace/ros_ur_driver/install/force_torque_sensor_broadcaster:/home/d-lab/workspace/ros_ur_driver/install/diff_drive_controller:/home/d-lab/workspace/ros_ur_driver/install/cartesian_compliance_controller:/home/d-lab/workspace/ros_ur_driver/install/cartesian_motion_controller:/home/d-lab/workspace/ros_ur_driver/install/cartesian_force_controller:/home/d-lab/workspace/ros_ur_driver/install/cartesian_controller_handles:/home/d-lab/workspace/ros_ur_driver/install/cartesian_controller_base:/home/d-lab/workspace/ros_ur_driver/install/controller_interface:/home/d-lab/workspace/ros_ur_driver/install/hardware_interface:/home/d-lab/workspace/ros_ur_driver/install/filters:/home/d-lab/workspace/ros_ur_driver/install/diffbot_description:/home/d-lab/workspace/ros_ur_driver/install/controller_manager_msgs:/home/d-lab/workspace/ros_ur_driver/install/control_msgs:/home/d-lab/workspace/ros_ur_driver/install/chomp_motion_planner:/home/d-lab/workspace/ros_ur_driver/install/action_tutorials_interfaces LD_LIBRARY_PATH=/home/d-lab/workspace/ros_ur_driver/install/moveit_visual_tools/lib:/home/d-lab/workspace/ros_ur_driver/install/rviz_visual_tools/lib:/home/d-lab/workspace/ros_ur_driver/install/move_arm_interfaces/lib:/home/d-lab/workspace/ros_ur_driver/install/graph_msgs/lib:/home/d-lab/workspace/ros_ur_driver/install/move_arm_cpp/lib:/home/d-lab/workspace/ros_ur_driver/install/action_tutorials_cpp/lib:/home/d-lab/workspace/ros_ur_driver/install/warehouse_ros_mongo/lib:/home/d-lab/workspace/ros_ur_driver/install/velocity_controllers/lib:/home/d-lab/workspace/ros_ur_driver/install/ur_robot_driver/lib:/home/d-lab/workspace/ros_ur_driver/install/ur_controllers/lib:/home/d-lab/workspace/ros_ur_driver/install/ur_msgs/lib:/home/d-lab/workspace/ros_ur_driver/install/ur_dashboard_msgs/lib:/home/d-lab/workspace/ros_ur_driver/install/ur_client_library/lib:/home/d-lab/workspace/ros_ur_driver/install/srdfdom/lib:/home/d-lab/workspace/ros_ur_driver/install/move_arm/lib:/home/d-lab/workspace/ros_ur_driver/install/controller_manager/lib:/home/d-lab/workspace/ros_ur_driver/install/ros2_control_demo_hardware/lib:/home/d-lab/workspace/ros_ur_driver/install/position_controllers/lib:/home/d-lab/workspace/ros_ur_driver/install/move_arm_interface/lib:/home/d-lab/workspace/ros_ur_driver/install/joint_trajectory_controller/lib:/home/d-lab/workspace/ros_ur_driver/install/joint_state_controller/lib:/home/d-lab/workspace/ros_ur_driver/install/joint_state_broadcaster/lib:/home/d-lab/workspace/ros_ur_driver/install/imu_sensor_broadcaster/lib:/home/d-lab/workspace/ros_ur_driver/install/gripper_controllers/lib:/home/d-lab/workspace/ros_ur_driver/install/effort_controllers/lib:/home/d-lab/workspace/ros_ur_driver/install/forward_command_controller/lib:/home/d-lab/workspace/ros_ur_driver/install/force_torque_sensor_broadcaster/lib:/home/d-lab/workspace/ros_ur_driver/install/diff_drive_controller/lib:/home/d-lab/workspace/ros_ur_driver/install/cartesian_compliance_controller/lib:/home/d-lab/workspace/ros_ur_driver/install/cartesian_motion_controller/lib:/home/d-lab/workspace/ros_ur_driver/install/cartesian_force_controller/lib:/home/d-lab/workspace/ros_ur_driver/install/cartesian_controller_handles/lib:/home/d-lab/workspace/ros_ur_driver/install/cartesian_controller_base/lib:/home/d-lab/workspace/ros_ur_driver/install/controller_interface/lib:/home/d-lab/workspace/ros_ur_driver/install/hardware_interface/lib:/home/d-lab/workspace/ros_ur_driver/install/filters/lib:/home/d-lab/workspace/ros_ur_driver/install/controller_manager_msgs/lib:/home/d-lab/workspace/ros_ur_driver/install/control_msgs/lib:/home/d-lab/workspace/ros_ur_driver/install/chomp_motion_planner/lib:/home/d-lab/workspace/ros_ur_driver/install/action_tutorials_interfaces/lib:/opt/ros/foxy/opt/yaml_cpp_vendor/lib:/opt/ros/foxy/opt/rviz_ogre_vendor/lib:/opt/ros/foxy/lib/x86_64-linux-gnu:/opt/ros/foxy/lib PYTHONPATH=/home/d-lab/workspace/ros_ur_driver/install/move_arm_interfaces/lib/python3.8/site-packages:/home/d-lab/workspace/ros_ur_driver/install/graph_msgs/lib/python3.8/site-packages:/home/d-lab/workspace/ros_ur_driver/install/warehouse_ros_mongo/lib/python3.8/site-packages:/home/d-lab/workspace/ros_ur_driver/install/utils/lib/python3.8/site-packages:/home/d-lab/workspace/ros_ur_driver/install/ur_msgs/lib/python3.8/site-packages:/home/d-lab/workspace/ros_ur_driver/install/ur_dashboard_msgs/lib/python3.8/site-packages:/home/d-lab/workspace/ros_ur_driver/install/srdfdom/lib/python3.8/site-packages:/home/d-lab/workspace/ros_ur_driver/install/move_arm/lib/python3.8/site-packages:/home/d-lab/workspace/ros_ur_driver/install/ros2controlcli/lib/python3.8/site-packages:/home/d-lab/workspace/ros_ur_driver/install/ros2_control_test_nodes/lib/python3.8/site-packages:/home/d-lab/workspace/ros_ur_driver/install/controller_manager/lib/python3.8/site-packages:/home/d-lab/workspace/ros_ur_driver/install/robotiq_control/lib/python3.8/site-packages:/home/d-lab/workspace/ros_ur_driver/install/move_arm_interface/lib/python3.8/site-packages:/home/d-lab/workspace/ros_ur_driver/install/gripper_control/lib/python3.8/site-packages:/home/d-lab/workspace/ros_ur_driver/install/controller_manager_msgs/lib/python3.8/site-packages:/home/d-lab/workspace/ros_ur_driver/install/control_msgs/lib/python3.8/site-packages:/home/d-lab/workspace/ros_ur_driver/install/action_tutorials_interfaces/lib/python3.8/site-packages:/opt/ros/foxy/lib/python3.8/site-packages /usr/bin/cmake --build /home/d-lab/workspace/ros_ur_driver/build/move_arm_server -- -j16 -l16
