[0.048s] Invoking command in '/home/d-lab/workspace/ros_ur_driver/build/joint_state_broadcaster': AMENT_PREFIX_PATH=/home/d-lab/workspace/ros_ur_driver/install/controller_manager:/home/d-lab/workspace/ros_ur_driver/install/controller_interface:/home/d-lab/workspace/ros_ur_driver/install/hardware_interface:/home/d-lab/workspace/ros_ur_driver/install/ros2_control_test_assets:/home/d-lab/workspace/ros_ur_driver/install/controller_manager_msgs:/home/d-lab/workspace/ros_ur_driver/install/control_msgs:${AMENT_PREFIX_PATH} CMAKE_PREFIX_PATH=/home/d-lab/workspace/ros_ur_driver/install/controller_manager:/home/d-lab/workspace/ros_ur_driver/install/controller_interface:/home/d-lab/workspace/ros_ur_driver/install/hardware_interface:/home/d-lab/workspace/ros_ur_driver/install/ros2_control_test_assets:/home/d-lab/workspace/ros_ur_driver/install/controller_manager_msgs:/home/d-lab/workspace/ros_ur_driver/install/control_msgs:/opt/ros/foxy LD_LIBRARY_PATH=/home/d-lab/workspace/ros_ur_driver/install/controller_manager/lib:/home/d-lab/workspace/ros_ur_driver/install/controller_interface/lib:/home/d-lab/workspace/ros_ur_driver/install/hardware_interface/lib:/home/d-lab/workspace/ros_ur_driver/install/controller_manager_msgs/lib:/home/d-lab/workspace/ros_ur_driver/install/control_msgs/lib:${LD_LIBRARY_PATH} PYTHONPATH=/home/d-lab/workspace/ros_ur_driver/install/controller_manager/lib/python3.8/site-packages:/home/d-lab/workspace/ros_ur_driver/install/controller_manager_msgs/lib/python3.8/site-packages:/home/d-lab/workspace/ros_ur_driver/install/control_msgs/lib/python3.8/site-packages:${PYTHONPATH} /usr/bin/cmake /home/d-lab/workspace/ros_ur_driver/src/ros2_controllers/joint_state_broadcaster -DCMAKE_INSTALL_PREFIX=/home/d-lab/workspace/ros_ur_driver/install/joint_state_broadcaster
[0.083s] -- Found ament_cmake: 0.9.9 (/opt/ros/foxy/share/ament_cmake/cmake)
[0.084s] -- Using PYTHON_EXECUTABLE: /usr/bin/python3
[0.311s] -- Found control_msgs: 2.5.1 (/home/d-lab/workspace/ros_ur_driver/install/control_msgs/share/control_msgs/cmake)
[0.335s] -- Using all available rosidl_typesupport_c: rosidl_typesupport_fastrtps_c;rosidl_typesupport_introspection_c
[0.340s] -- Found rosidl_adapter: 1.2.1 (/opt/ros/foxy/share/rosidl_adapter/cmake)
[0.497s] -- Using all available rosidl_typesupport_cpp: rosidl_typesupport_fastrtps_cpp;rosidl_typesupport_introspection_cpp
[1.002s] -- Found controller_interface: 0.10.0 (/home/d-lab/workspace/ros_ur_driver/install/controller_interface/share/controller_interface/cmake)
[1.083s] -- Found rmw_implementation_cmake: 1.0.3 (/opt/ros/foxy/share/rmw_implementation_cmake/cmake)
[1.085s] -- Using RMW implementation 'rmw_fastrtps_cpp' as default
[1.303s] -- Found realtime_tools: 2.2.0 (/opt/ros/foxy/share/realtime_tools/cmake)
[1.358s] -- Found ament_cmake_gmock: 0.9.9 (/opt/ros/foxy/share/ament_cmake_gmock/cmake)
[1.358s] -- Found controller_manager: 0.10.0 (/home/d-lab/workspace/ros_ur_driver/install/controller_manager/share/controller_manager/cmake)
[1.406s] -- Found ros2_control_test_assets: 0.10.0 (/home/d-lab/workspace/ros_ur_driver/install/ros2_control_test_assets/share/ros2_control_test_assets/cmake)
[1.408s] -- Found gmock sources under '/opt/ros/foxy/src/gmock_vendor': C++ tests using 'Google Mock' will be built
[1.409s] -- Found ament_cmake_gtest: 0.9.9 (/opt/ros/foxy/share/ament_cmake_gtest/cmake)
[1.410s] -- Found gtest sources under '/opt/ros/foxy/src/gtest_vendor': C++ tests using 'Google Test' will be built
[1.541s] -- Configuring done
[1.596s] -- Generating done
[1.598s] -- Build files have been written to: /home/d-lab/workspace/ros_ur_driver/build/joint_state_broadcaster
[1.606s] Invoked command in '/home/d-lab/workspace/ros_ur_driver/build/joint_state_broadcaster' returned '0': AMENT_PREFIX_PATH=/home/d-lab/workspace/ros_ur_driver/install/controller_manager:/home/d-lab/workspace/ros_ur_driver/install/controller_interface:/home/d-lab/workspace/ros_ur_driver/install/hardware_interface:/home/d-lab/workspace/ros_ur_driver/install/ros2_control_test_assets:/home/d-lab/workspace/ros_ur_driver/install/controller_manager_msgs:/home/d-lab/workspace/ros_ur_driver/install/control_msgs:${AMENT_PREFIX_PATH} CMAKE_PREFIX_PATH=/home/d-lab/workspace/ros_ur_driver/install/controller_manager:/home/d-lab/workspace/ros_ur_driver/install/controller_interface:/home/d-lab/workspace/ros_ur_driver/install/hardware_interface:/home/d-lab/workspace/ros_ur_driver/install/ros2_control_test_assets:/home/d-lab/workspace/ros_ur_driver/install/controller_manager_msgs:/home/d-lab/workspace/ros_ur_driver/install/control_msgs:/opt/ros/foxy LD_LIBRARY_PATH=/home/d-lab/workspace/ros_ur_driver/install/controller_manager/lib:/home/d-lab/workspace/ros_ur_driver/install/controller_interface/lib:/home/d-lab/workspace/ros_ur_driver/install/hardware_interface/lib:/home/d-lab/workspace/ros_ur_driver/install/controller_manager_msgs/lib:/home/d-lab/workspace/ros_ur_driver/install/control_msgs/lib:${LD_LIBRARY_PATH} PYTHONPATH=/home/d-lab/workspace/ros_ur_driver/install/controller_manager/lib/python3.8/site-packages:/home/d-lab/workspace/ros_ur_driver/install/controller_manager_msgs/lib/python3.8/site-packages:/home/d-lab/workspace/ros_ur_driver/install/control_msgs/lib/python3.8/site-packages:${PYTHONPATH} /usr/bin/cmake /home/d-lab/workspace/ros_ur_driver/src/ros2_controllers/joint_state_broadcaster -DCMAKE_INSTALL_PREFIX=/home/d-lab/workspace/ros_ur_driver/install/joint_state_broadcaster
[1.609s] Invoking command in '/home/d-lab/workspace/ros_ur_driver/build/joint_state_broadcaster': AMENT_PREFIX_PATH=/home/d-lab/workspace/ros_ur_driver/install/controller_manager:/home/d-lab/workspace/ros_ur_driver/install/controller_interface:/home/d-lab/workspace/ros_ur_driver/install/hardware_interface:/home/d-lab/workspace/ros_ur_driver/install/ros2_control_test_assets:/home/d-lab/workspace/ros_ur_driver/install/controller_manager_msgs:/home/d-lab/workspace/ros_ur_driver/install/control_msgs:${AMENT_PREFIX_PATH} CMAKE_PREFIX_PATH=/home/d-lab/workspace/ros_ur_driver/install/controller_manager:/home/d-lab/workspace/ros_ur_driver/install/controller_interface:/home/d-lab/workspace/ros_ur_driver/install/hardware_interface:/home/d-lab/workspace/ros_ur_driver/install/ros2_control_test_assets:/home/d-lab/workspace/ros_ur_driver/install/controller_manager_msgs:/home/d-lab/workspace/ros_ur_driver/install/control_msgs:/opt/ros/foxy LD_LIBRARY_PATH=/home/d-lab/workspace/ros_ur_driver/install/controller_manager/lib:/home/d-lab/workspace/ros_ur_driver/install/controller_interface/lib:/home/d-lab/workspace/ros_ur_driver/install/hardware_interface/lib:/home/d-lab/workspace/ros_ur_driver/install/controller_manager_msgs/lib:/home/d-lab/workspace/ros_ur_driver/install/control_msgs/lib:${LD_LIBRARY_PATH} PYTHONPATH=/home/d-lab/workspace/ros_ur_driver/install/controller_manager/lib/python3.8/site-packages:/home/d-lab/workspace/ros_ur_driver/install/controller_manager_msgs/lib/python3.8/site-packages:/home/d-lab/workspace/ros_ur_driver/install/control_msgs/lib/python3.8/site-packages:${PYTHONPATH} /usr/bin/cmake --build /home/d-lab/workspace/ros_ur_driver/build/joint_state_broadcaster -- -j16 -l16
[1.658s] [ 18%] Built target gmock_main
[1.662s] [ 45%] Built target gmock
[1.671s] [ 54%] [32m[1mLinking CXX shared library libjoint_state_broadcaster.so[0m
[1.699s] [ 63%] [32m[1mLinking CXX executable test_load_joint_state_broadcaster[0m
[1.854s] [ 72%] Built target joint_state_broadcaster
[1.887s] [ 81%] [32m[1mLinking CXX executable test_joint_state_broadcaster[0m
[1.917s] [ 90%] Built target test_load_joint_state_broadcaster
[2.119s] [100%] Built target test_joint_state_broadcaster
[2.133s] Invoked command in '/home/d-lab/workspace/ros_ur_driver/build/joint_state_broadcaster' returned '0': AMENT_PREFIX_PATH=/home/d-lab/workspace/ros_ur_driver/install/controller_manager:/home/d-lab/workspace/ros_ur_driver/install/controller_interface:/home/d-lab/workspace/ros_ur_driver/install/hardware_interface:/home/d-lab/workspace/ros_ur_driver/install/ros2_control_test_assets:/home/d-lab/workspace/ros_ur_driver/install/controller_manager_msgs:/home/d-lab/workspace/ros_ur_driver/install/control_msgs:${AMENT_PREFIX_PATH} CMAKE_PREFIX_PATH=/home/d-lab/workspace/ros_ur_driver/install/controller_manager:/home/d-lab/workspace/ros_ur_driver/install/controller_interface:/home/d-lab/workspace/ros_ur_driver/install/hardware_interface:/home/d-lab/workspace/ros_ur_driver/install/ros2_control_test_assets:/home/d-lab/workspace/ros_ur_driver/install/controller_manager_msgs:/home/d-lab/workspace/ros_ur_driver/install/control_msgs:/opt/ros/foxy LD_LIBRARY_PATH=/home/d-lab/workspace/ros_ur_driver/install/controller_manager/lib:/home/d-lab/workspace/ros_ur_driver/install/controller_interface/lib:/home/d-lab/workspace/ros_ur_driver/install/hardware_interface/lib:/home/d-lab/workspace/ros_ur_driver/install/controller_manager_msgs/lib:/home/d-lab/workspace/ros_ur_driver/install/control_msgs/lib:${LD_LIBRARY_PATH} PYTHONPATH=/home/d-lab/workspace/ros_ur_driver/install/controller_manager/lib/python3.8/site-packages:/home/d-lab/workspace/ros_ur_driver/install/controller_manager_msgs/lib/python3.8/site-packages:/home/d-lab/workspace/ros_ur_driver/install/control_msgs/lib/python3.8/site-packages:${PYTHONPATH} /usr/bin/cmake --build /home/d-lab/workspace/ros_ur_driver/build/joint_state_broadcaster -- -j16 -l16
[2.162s] Invoking command in '/home/d-lab/workspace/ros_ur_driver/build/joint_state_broadcaster': AMENT_PREFIX_PATH=/home/d-lab/workspace/ros_ur_driver/install/controller_manager:/home/d-lab/workspace/ros_ur_driver/install/controller_interface:/home/d-lab/workspace/ros_ur_driver/install/hardware_interface:/home/d-lab/workspace/ros_ur_driver/install/ros2_control_test_assets:/home/d-lab/workspace/ros_ur_driver/install/controller_manager_msgs:/home/d-lab/workspace/ros_ur_driver/install/control_msgs:${AMENT_PREFIX_PATH} CMAKE_PREFIX_PATH=/home/d-lab/workspace/ros_ur_driver/install/controller_manager:/home/d-lab/workspace/ros_ur_driver/install/controller_interface:/home/d-lab/workspace/ros_ur_driver/install/hardware_interface:/home/d-lab/workspace/ros_ur_driver/install/ros2_control_test_assets:/home/d-lab/workspace/ros_ur_driver/install/controller_manager_msgs:/home/d-lab/workspace/ros_ur_driver/install/control_msgs:/opt/ros/foxy LD_LIBRARY_PATH=/home/d-lab/workspace/ros_ur_driver/install/controller_manager/lib:/home/d-lab/workspace/ros_ur_driver/install/controller_interface/lib:/home/d-lab/workspace/ros_ur_driver/install/hardware_interface/lib:/home/d-lab/workspace/ros_ur_driver/install/controller_manager_msgs/lib:/home/d-lab/workspace/ros_ur_driver/install/control_msgs/lib:${LD_LIBRARY_PATH} PYTHONPATH=/home/d-lab/workspace/ros_ur_driver/install/controller_manager/lib/python3.8/site-packages:/home/d-lab/workspace/ros_ur_driver/install/controller_manager_msgs/lib/python3.8/site-packages:/home/d-lab/workspace/ros_ur_driver/install/control_msgs/lib/python3.8/site-packages:${PYTHONPATH} /usr/bin/cmake --install /home/d-lab/workspace/ros_ur_driver/build/joint_state_broadcaster
[2.173s] -- Install configuration: "Release"
[2.173s] -- Up-to-date: /home/d-lab/workspace/ros_ur_driver/install/joint_state_broadcaster/share/joint_state_broadcaster/joint_state_plugin.xml
[2.173s] -- Up-to-date: /home/d-lab/workspace/ros_ur_driver/install/joint_state_broadcaster/include
[2.173s] -- Up-to-date: /home/d-lab/workspace/ros_ur_driver/install/joint_state_broadcaster/include/joint_state_broadcaster
[2.173s] -- Up-to-date: /home/d-lab/workspace/ros_ur_driver/install/joint_state_broadcaster/include/joint_state_broadcaster/joint_state_broadcaster.hpp
[2.173s] -- Up-to-date: /home/d-lab/workspace/ros_ur_driver/install/joint_state_broadcaster/include/joint_state_broadcaster/visibility_control.h
[2.173s] -- Installing: /home/d-lab/workspace/ros_ur_driver/install/joint_state_broadcaster/lib/libjoint_state_broadcaster.so
[2.174s] -- Set runtime path of "/home/d-lab/workspace/ros_ur_driver/install/joint_state_broadcaster/lib/libjoint_state_broadcaster.so" to ""
[2.174s] -- Up-to-date: /home/d-lab/workspace/ros_ur_driver/install/joint_state_broadcaster/share/joint_state_broadcaster/environment/library_path.sh
[2.174s] -- Installing: /home/d-lab/workspace/ros_ur_driver/install/joint_state_broadcaster/share/joint_state_broadcaster/environment/library_path.dsv
[2.174s] -- Up-to-date: /home/d-lab/workspace/ros_ur_driver/install/joint_state_broadcaster/share/ament_index/resource_index/package_run_dependencies/joint_state_broadcaster
[2.174s] -- Up-to-date: /home/d-lab/workspace/ros_ur_driver/install/joint_state_broadcaster/share/ament_index/resource_index/parent_prefix_path/joint_state_broadcaster
[2.174s] -- Up-to-date: /home/d-lab/workspace/ros_ur_driver/install/joint_state_broadcaster/share/joint_state_broadcaster/environment/ament_prefix_path.sh
[2.175s] -- Installing: /home/d-lab/workspace/ros_ur_driver/install/joint_state_broadcaster/share/joint_state_broadcaster/environment/ament_prefix_path.dsv
[2.175s] -- Up-to-date: /home/d-lab/workspace/ros_ur_driver/install/joint_state_broadcaster/share/joint_state_broadcaster/environment/path.sh
[2.175s] -- Installing: /home/d-lab/workspace/ros_ur_driver/install/joint_state_broadcaster/share/joint_state_broadcaster/environment/path.dsv
[2.175s] -- Up-to-date: /home/d-lab/workspace/ros_ur_driver/install/joint_state_broadcaster/share/joint_state_broadcaster/local_setup.bash
[2.175s] -- Up-to-date: /home/d-lab/workspace/ros_ur_driver/install/joint_state_broadcaster/share/joint_state_broadcaster/local_setup.sh
[2.176s] -- Up-to-date: /home/d-lab/workspace/ros_ur_driver/install/joint_state_broadcaster/share/joint_state_broadcaster/local_setup.zsh
[2.176s] -- Installing: /home/d-lab/workspace/ros_ur_driver/install/joint_state_broadcaster/share/joint_state_broadcaster/local_setup.dsv
[2.176s] -- Installing: /home/d-lab/workspace/ros_ur_driver/install/joint_state_broadcaster/share/joint_state_broadcaster/package.dsv
[2.176s] -- Up-to-date: /home/d-lab/workspace/ros_ur_driver/install/joint_state_broadcaster/share/ament_index/resource_index/packages/joint_state_broadcaster
[2.176s] -- Up-to-date: /home/d-lab/workspace/ros_ur_driver/install/joint_state_broadcaster/share/ament_index/resource_index/controller_interface__pluginlib__plugin/joint_state_broadcaster
[2.176s] -- Up-to-date: /home/d-lab/workspace/ros_ur_driver/install/joint_state_broadcaster/share/joint_state_broadcaster/cmake/ament_cmake_export_dependencies-extras.cmake
[2.176s] -- Up-to-date: /home/d-lab/workspace/ros_ur_driver/install/joint_state_broadcaster/share/joint_state_broadcaster/cmake/ament_cmake_export_include_directories-extras.cmake
[2.176s] -- Up-to-date: /home/d-lab/workspace/ros_ur_driver/install/joint_state_broadcaster/share/joint_state_broadcaster/cmake/ament_cmake_export_libraries-extras.cmake
[2.176s] -- Up-to-date: /home/d-lab/workspace/ros_ur_driver/install/joint_state_broadcaster/share/joint_state_broadcaster/cmake/joint_state_broadcasterConfig.cmake
[2.176s] -- Up-to-date: /home/d-lab/workspace/ros_ur_driver/install/joint_state_broadcaster/share/joint_state_broadcaster/cmake/joint_state_broadcasterConfig-version.cmake
[2.177s] -- Up-to-date: /home/d-lab/workspace/ros_ur_driver/install/joint_state_broadcaster/share/joint_state_broadcaster/package.xml
[2.179s] Invoked command in '/home/d-lab/workspace/ros_ur_driver/build/joint_state_broadcaster' returned '0': AMENT_PREFIX_PATH=/home/d-lab/workspace/ros_ur_driver/install/controller_manager:/home/d-lab/workspace/ros_ur_driver/install/controller_interface:/home/d-lab/workspace/ros_ur_driver/install/hardware_interface:/home/d-lab/workspace/ros_ur_driver/install/ros2_control_test_assets:/home/d-lab/workspace/ros_ur_driver/install/controller_manager_msgs:/home/d-lab/workspace/ros_ur_driver/install/control_msgs:${AMENT_PREFIX_PATH} CMAKE_PREFIX_PATH=/home/d-lab/workspace/ros_ur_driver/install/controller_manager:/home/d-lab/workspace/ros_ur_driver/install/controller_interface:/home/d-lab/workspace/ros_ur_driver/install/hardware_interface:/home/d-lab/workspace/ros_ur_driver/install/ros2_control_test_assets:/home/d-lab/workspace/ros_ur_driver/install/controller_manager_msgs:/home/d-lab/workspace/ros_ur_driver/install/control_msgs:/opt/ros/foxy LD_LIBRARY_PATH=/home/d-lab/workspace/ros_ur_driver/install/controller_manager/lib:/home/d-lab/workspace/ros_ur_driver/install/controller_interface/lib:/home/d-lab/workspace/ros_ur_driver/install/hardware_interface/lib:/home/d-lab/workspace/ros_ur_driver/install/controller_manager_msgs/lib:/home/d-lab/workspace/ros_ur_driver/install/control_msgs/lib:${LD_LIBRARY_PATH} PYTHONPATH=/home/d-lab/workspace/ros_ur_driver/install/controller_manager/lib/python3.8/site-packages:/home/d-lab/workspace/ros_ur_driver/install/controller_manager_msgs/lib/python3.8/site-packages:/home/d-lab/workspace/ros_ur_driver/install/control_msgs/lib/python3.8/site-packages:${PYTHONPATH} /usr/bin/cmake --install /home/d-lab/workspace/ros_ur_driver/build/joint_state_broadcaster
