[0.175s] Invoking command in '/home/d-lab/workspace/ros_ur_driver/build/rviz_visual_tools': AMENT_PREFIX_PATH=/home/d-lab/workspace/ros_ur_driver/install/eigen3_cmake_module:${AMENT_PREFIX_PATH} CMAKE_PREFIX_PATH=/home/d-lab/workspace/ros_ur_driver/install/eigen3_cmake_module:/opt/ros/foxy /usr/bin/cmake --build /home/d-lab/workspace/ros_ur_driver/build/rviz_visual_tools -- -j16 -l16
[0.214s] [  2%] [34m[1mAutomatic MOC for target rviz_visual_tools_remote_control[0m
[0.215s] [  5%] [34m[1mAutomatic MOC for target gtest_main[0m
[0.215s] [  7%] [34m[1mAutomatic MOC for target rviz_visual_tools_gui[0m
[0.216s] [ 10%] [34m[1mAutomatic MOC for target gtest[0m
[0.226s] [ 10%] Built target rviz_visual_tools_gui_autogen
[0.228s] [ 10%] Built target gtest_main_autogen
[0.228s] [ 10%] Built target rviz_visual_tools_remote_control_autogen
[0.229s] [ 10%] Built target gtest_autogen
[0.242s] [ 20%] Built target gtest
[0.243s] [ 25%] Built target gtest_main
[0.253s] [ 33%] Built target rviz_visual_tools_remote_control
[0.260s] [ 46%] Built target rviz_visual_tools_gui
[0.266s] [ 48%] [34m[1mAutomatic MOC for target rviz_visual_tools[0m
[0.276s] [ 48%] Built target rviz_visual_tools_autogen
[0.304s] [ 58%] Built target rviz_visual_tools
[0.317s] [ 66%] [34m[1mAutomatic MOC for target rviz_visual_tools_rvt_test[0m
[0.317s] [ 66%] [34m[1mAutomatic MOC for target rviz_visual_tools_imarker_simple[0m
[0.317s] [ 66%] [34m[1mAutomatic MOC for target rviz_visual_tools_demo[0m
[0.327s] [ 66%] Built target rviz_visual_tools_rvt_test_autogen
[0.328s] [ 66%] Built target rviz_visual_tools_imarker_simple_autogen
[0.328s] [ 66%] Built target rviz_visual_tools_demo_autogen
[0.352s] [ 87%] Built target rviz_visual_tools_demo
[0.352s] [ 87%] Built target rviz_visual_tools_imarker_simple
[0.352s] [ 89%] Built target rviz_visual_tools_rvt_test
[0.364s] [ 92%] [34m[1mAutomatic MOC for target rviz_visual_tools_imarker_simple_demo[0m
[0.378s] [ 92%] Built target rviz_visual_tools_imarker_simple_demo_autogen
[0.400s] [100%] Built target rviz_visual_tools_imarker_simple_demo
[0.437s] Invoked command in '/home/d-lab/workspace/ros_ur_driver/build/rviz_visual_tools' returned '0': AMENT_PREFIX_PATH=/home/d-lab/workspace/ros_ur_driver/install/eigen3_cmake_module:${AMENT_PREFIX_PATH} CMAKE_PREFIX_PATH=/home/d-lab/workspace/ros_ur_driver/install/eigen3_cmake_module:/opt/ros/foxy /usr/bin/cmake --build /home/d-lab/workspace/ros_ur_driver/build/rviz_visual_tools -- -j16 -l16
[0.478s] Invoking command in '/home/d-lab/workspace/ros_ur_driver/build/rviz_visual_tools': AMENT_PREFIX_PATH=/home/d-lab/workspace/ros_ur_driver/install/eigen3_cmake_module:${AMENT_PREFIX_PATH} CMAKE_PREFIX_PATH=/home/d-lab/workspace/ros_ur_driver/install/eigen3_cmake_module:/opt/ros/foxy /usr/bin/cmake --install /home/d-lab/workspace/ros_ur_driver/build/rviz_visual_tools
[0.483s] -- Install configuration: "Release"
[0.483s] -- Up-to-date: /home/d-lab/workspace/ros_ur_driver/install/rviz_visual_tools/share/rviz_visual_tools/plugin_description.xml
[0.484s] -- Up-to-date: /home/d-lab/workspace/ros_ur_driver/install/rviz_visual_tools/lib/librviz_visual_tools.so
[0.484s] -- Up-to-date: /home/d-lab/workspace/ros_ur_driver/install/rviz_visual_tools/lib/librviz_visual_tools_remote_control.so
[0.485s] -- Up-to-date: /home/d-lab/workspace/ros_ur_driver/install/rviz_visual_tools/lib/librviz_visual_tools_gui.so
[0.487s] -- Up-to-date: /home/d-lab/workspace/ros_ur_driver/install/rviz_visual_tools/lib/librviz_visual_tools_imarker_simple.so
[0.487s] -- Up-to-date: /home/d-lab/workspace/ros_ur_driver/install/rviz_visual_tools/lib/rviz_visual_tools/rviz_visual_tools_demo
[0.487s] -- Up-to-date: /home/d-lab/workspace/ros_ur_driver/install/rviz_visual_tools/lib/rviz_visual_tools/rviz_visual_tools_imarker_simple_demo
[0.487s] -- Up-to-date: /home/d-lab/workspace/ros_ur_driver/install/rviz_visual_tools/include
[0.487s] -- Up-to-date: /home/d-lab/workspace/ros_ur_driver/install/rviz_visual_tools/include/rviz_visual_tools
[0.487s] -- Up-to-date: /home/d-lab/workspace/ros_ur_driver/install/rviz_visual_tools/include/rviz_visual_tools/remote_control.hpp
[0.487s] -- Up-to-date: /home/d-lab/workspace/ros_ur_driver/install/rviz_visual_tools/include/rviz_visual_tools/rviz_visual_tools_gui.hpp
[0.487s] -- Up-to-date: /home/d-lab/workspace/ros_ur_driver/install/rviz_visual_tools/include/rviz_visual_tools/remote_reciever.hpp
[0.487s] -- Up-to-date: /home/d-lab/workspace/ros_ur_driver/install/rviz_visual_tools/include/rviz_visual_tools/key_tool.hpp
[0.487s] -- Up-to-date: /home/d-lab/workspace/ros_ur_driver/install/rviz_visual_tools/include/rviz_visual_tools/rviz_visual_tools.hpp
[0.487s] -- Up-to-date: /home/d-lab/workspace/ros_ur_driver/install/rviz_visual_tools/include/rviz_visual_tools/imarker_simple.hpp
[0.488s] -- Up-to-date: /home/d-lab/workspace/ros_ur_driver/install/rviz_visual_tools/include/rviz_visual_tools/tf_visual_tools.hpp
[0.488s] -- Up-to-date: /home/d-lab/workspace/ros_ur_driver/install/rviz_visual_tools/share/rviz_visual_tools/launch
[0.488s] -- Up-to-date: /home/d-lab/workspace/ros_ur_driver/install/rviz_visual_tools/share/rviz_visual_tools/launch/demo_combined.launch.py
[0.488s] -- Up-to-date: /home/d-lab/workspace/ros_ur_driver/install/rviz_visual_tools/share/rviz_visual_tools/launch/demo.rviz
[0.488s] -- Up-to-date: /home/d-lab/workspace/ros_ur_driver/install/rviz_visual_tools/share/rviz_visual_tools/launch/rvt_test.launch
[0.489s] -- Up-to-date: /home/d-lab/workspace/ros_ur_driver/install/rviz_visual_tools/share/rviz_visual_tools/launch/demo_rviz.launch.py
[0.489s] -- Up-to-date: /home/d-lab/workspace/ros_ur_driver/install/rviz_visual_tools/share/rviz_visual_tools/environment/library_path.sh
[0.489s] -- Up-to-date: /home/d-lab/workspace/ros_ur_driver/install/rviz_visual_tools/share/rviz_visual_tools/environment/library_path.dsv
[0.489s] -- Up-to-date: /home/d-lab/workspace/ros_ur_driver/install/rviz_visual_tools/share/ament_index/resource_index/package_run_dependencies/rviz_visual_tools
[0.490s] -- Up-to-date: /home/d-lab/workspace/ros_ur_driver/install/rviz_visual_tools/share/ament_index/resource_index/parent_prefix_path/rviz_visual_tools
[0.490s] -- Up-to-date: /home/d-lab/workspace/ros_ur_driver/install/rviz_visual_tools/share/rviz_visual_tools/environment/ament_prefix_path.sh
[0.491s] -- Up-to-date: /home/d-lab/workspace/ros_ur_driver/install/rviz_visual_tools/share/rviz_visual_tools/environment/ament_prefix_path.dsv
[0.491s] -- Up-to-date: /home/d-lab/workspace/ros_ur_driver/install/rviz_visual_tools/share/rviz_visual_tools/environment/path.sh
[0.491s] -- Up-to-date: /home/d-lab/workspace/ros_ur_driver/install/rviz_visual_tools/share/rviz_visual_tools/environment/path.dsv
[0.491s] -- Up-to-date: /home/d-lab/workspace/ros_ur_driver/install/rviz_visual_tools/share/rviz_visual_tools/local_setup.bash
[0.491s] -- Up-to-date: /home/d-lab/workspace/ros_ur_driver/install/rviz_visual_tools/share/rviz_visual_tools/local_setup.sh
[0.491s] -- Up-to-date: /home/d-lab/workspace/ros_ur_driver/install/rviz_visual_tools/share/rviz_visual_tools/local_setup.zsh
[0.491s] -- Up-to-date: /home/d-lab/workspace/ros_ur_driver/install/rviz_visual_tools/share/rviz_visual_tools/local_setup.dsv
[0.491s] -- Installing: /home/d-lab/workspace/ros_ur_driver/install/rviz_visual_tools/share/rviz_visual_tools/package.dsv
[0.491s] -- Up-to-date: /home/d-lab/workspace/ros_ur_driver/install/rviz_visual_tools/share/ament_index/resource_index/packages/rviz_visual_tools
[0.491s] -- Up-to-date: /home/d-lab/workspace/ros_ur_driver/install/rviz_visual_tools/share/ament_index/resource_index/rviz_common__pluginlib__plugin/rviz_visual_tools
[0.492s] -- Up-to-date: /home/d-lab/workspace/ros_ur_driver/install/rviz_visual_tools/share/rviz_visual_tools/cmake/export_rviz_visual_toolsExport.cmake
[0.492s] -- Up-to-date: /home/d-lab/workspace/ros_ur_driver/install/rviz_visual_tools/share/rviz_visual_tools/cmake/export_rviz_visual_toolsExport-release.cmake
[0.492s] -- Up-to-date: /home/d-lab/workspace/ros_ur_driver/install/rviz_visual_tools/share/rviz_visual_tools/cmake/ament_cmake_export_targets-extras.cmake
[0.492s] -- Up-to-date: /home/d-lab/workspace/ros_ur_driver/install/rviz_visual_tools/share/rviz_visual_tools/cmake/ament_cmake_export_dependencies-extras.cmake
[0.492s] -- Up-to-date: /home/d-lab/workspace/ros_ur_driver/install/rviz_visual_tools/share/rviz_visual_tools/cmake/ament_cmake_export_include_directories-extras.cmake
[0.492s] -- Up-to-date: /home/d-lab/workspace/ros_ur_driver/install/rviz_visual_tools/share/rviz_visual_tools/cmake/ament_cmake_export_libraries-extras.cmake
[0.492s] -- Up-to-date: /home/d-lab/workspace/ros_ur_driver/install/rviz_visual_tools/share/rviz_visual_tools/cmake/rviz_visual_toolsConfig.cmake
[0.492s] -- Up-to-date: /home/d-lab/workspace/ros_ur_driver/install/rviz_visual_tools/share/rviz_visual_tools/cmake/rviz_visual_toolsConfig-version.cmake
[0.492s] -- Up-to-date: /home/d-lab/workspace/ros_ur_driver/install/rviz_visual_tools/share/rviz_visual_tools/package.xml
[0.495s] Invoked command in '/home/d-lab/workspace/ros_ur_driver/build/rviz_visual_tools' returned '0': AMENT_PREFIX_PATH=/home/d-lab/workspace/ros_ur_driver/install/eigen3_cmake_module:${AMENT_PREFIX_PATH} CMAKE_PREFIX_PATH=/home/d-lab/workspace/ros_ur_driver/install/eigen3_cmake_module:/opt/ros/foxy /usr/bin/cmake --install /home/d-lab/workspace/ros_ur_driver/build/rviz_visual_tools
