[0.011s] Invoking command in '/home/d-lab/workspace/ros_ur_driver/build/cartesian_force_controller': AMENT_PREFIX_PATH=/home/d-lab/workspace/ros_ur_driver/install/cartesian_controller_base:/home/d-lab/workspace/ros_ur_driver/install/controller_interface:/home/d-lab/workspace/ros_ur_driver/install/hardware_interface:/home/d-lab/workspace/ros_ur_driver/install/control_msgs:${AMENT_PREFIX_PATH} CMAKE_PREFIX_PATH=/home/d-lab/workspace/ros_ur_driver/install/cartesian_controller_base:/home/d-lab/workspace/ros_ur_driver/install/controller_interface:/home/d-lab/workspace/ros_ur_driver/install/hardware_interface:/home/d-lab/workspace/ros_ur_driver/install/control_msgs:/opt/ros/foxy LD_LIBRARY_PATH=/home/d-lab/workspace/ros_ur_driver/install/cartesian_controller_base/lib:/home/d-lab/workspace/ros_ur_driver/install/controller_interface/lib:/home/d-lab/workspace/ros_ur_driver/install/hardware_interface/lib:/home/d-lab/workspace/ros_ur_driver/install/control_msgs/lib:${LD_LIBRARY_PATH} PYTHONPATH=/home/d-lab/workspace/ros_ur_driver/install/control_msgs/lib/python3.8/site-packages:${PYTHONPATH} /usr/bin/cmake --build /home/d-lab/workspace/ros_ur_driver/build/cartesian_force_controller -- -j16 -l16
[0.029s] -- Found ament_cmake: 0.9.9 (/opt/ros/foxy/share/ament_cmake/cmake)
[0.042s] -- Using PYTHON_EXECUTABLE: /usr/bin/python3
[0.144s] -- Found rclcpp: 2.4.1 (/opt/ros/foxy/share/rclcpp/cmake)
[0.165s] -- Using all available rosidl_typesupport_c: rosidl_typesupport_fastrtps_c;rosidl_typesupport_introspection_c
[0.167s] -- Found rosidl_adapter: 1.2.1 (/opt/ros/foxy/share/rosidl_adapter/cmake)
[0.239s] -- Using all available rosidl_typesupport_cpp: rosidl_typesupport_fastrtps_cpp;rosidl_typesupport_introspection_cpp
[0.268s] -- Found rmw_implementation_cmake: 1.0.3 (/opt/ros/foxy/share/rmw_implementation_cmake/cmake)
[0.269s] -- Using RMW implementation 'rmw_fastrtps_cpp' as default
[0.353s] -- Found cartesian_controller_base: 0.0.0 (/home/d-lab/workspace/ros_ur_driver/install/cartesian_controller_base/share/cartesian_controller_base/cmake)
[0.700s] -- Found eigen3_cmake_module: 0.1.1 (/opt/ros/foxy/share/eigen3_cmake_module/cmake)
[0.973s] -- Configuring done
[0.988s] -- Generating done
[0.989s] -- Build files have been written to: /home/d-lab/workspace/ros_ur_driver/build/cartesian_force_controller
[1.007s] [35m[1mScanning dependencies of target cartesian_force_controller[0m
[1.032s] [ 50%] [32mBuilding CXX object CMakeFiles/cartesian_force_controller.dir/src/cartesian_force_controller.cpp.o[0m
[5.149s] [100%] [32m[1mLinking CXX shared library libcartesian_force_controller.so[0m
[5.370s] [100%] Built target cartesian_force_controller
[5.377s] Invoked command in '/home/d-lab/workspace/ros_ur_driver/build/cartesian_force_controller' returned '0': AMENT_PREFIX_PATH=/home/d-lab/workspace/ros_ur_driver/install/cartesian_controller_base:/home/d-lab/workspace/ros_ur_driver/install/controller_interface:/home/d-lab/workspace/ros_ur_driver/install/hardware_interface:/home/d-lab/workspace/ros_ur_driver/install/control_msgs:${AMENT_PREFIX_PATH} CMAKE_PREFIX_PATH=/home/d-lab/workspace/ros_ur_driver/install/cartesian_controller_base:/home/d-lab/workspace/ros_ur_driver/install/controller_interface:/home/d-lab/workspace/ros_ur_driver/install/hardware_interface:/home/d-lab/workspace/ros_ur_driver/install/control_msgs:/opt/ros/foxy LD_LIBRARY_PATH=/home/d-lab/workspace/ros_ur_driver/install/cartesian_controller_base/lib:/home/d-lab/workspace/ros_ur_driver/install/controller_interface/lib:/home/d-lab/workspace/ros_ur_driver/install/hardware_interface/lib:/home/d-lab/workspace/ros_ur_driver/install/control_msgs/lib:${LD_LIBRARY_PATH} PYTHONPATH=/home/d-lab/workspace/ros_ur_driver/install/control_msgs/lib/python3.8/site-packages:${PYTHONPATH} /usr/bin/cmake --build /home/d-lab/workspace/ros_ur_driver/build/cartesian_force_controller -- -j16 -l16
[5.391s] Invoking command in '/home/d-lab/workspace/ros_ur_driver/build/cartesian_force_controller': AMENT_PREFIX_PATH=/home/d-lab/workspace/ros_ur_driver/install/cartesian_controller_base:/home/d-lab/workspace/ros_ur_driver/install/controller_interface:/home/d-lab/workspace/ros_ur_driver/install/hardware_interface:/home/d-lab/workspace/ros_ur_driver/install/control_msgs:${AMENT_PREFIX_PATH} CMAKE_PREFIX_PATH=/home/d-lab/workspace/ros_ur_driver/install/cartesian_controller_base:/home/d-lab/workspace/ros_ur_driver/install/controller_interface:/home/d-lab/workspace/ros_ur_driver/install/hardware_interface:/home/d-lab/workspace/ros_ur_driver/install/control_msgs:/opt/ros/foxy LD_LIBRARY_PATH=/home/d-lab/workspace/ros_ur_driver/install/cartesian_controller_base/lib:/home/d-lab/workspace/ros_ur_driver/install/controller_interface/lib:/home/d-lab/workspace/ros_ur_driver/install/hardware_interface/lib:/home/d-lab/workspace/ros_ur_driver/install/control_msgs/lib:${LD_LIBRARY_PATH} PYTHONPATH=/home/d-lab/workspace/ros_ur_driver/install/control_msgs/lib/python3.8/site-packages:${PYTHONPATH} /usr/bin/cmake --install /home/d-lab/workspace/ros_ur_driver/build/cartesian_force_controller
[5.395s] -- Install configuration: ""
[5.395s] -- Installing: /home/d-lab/workspace/ros_ur_driver/install/cartesian_force_controller/share/cartesian_force_controller/cartesian_force_controller_plugin.xml
[5.395s] -- Up-to-date: /home/d-lab/workspace/ros_ur_driver/install/cartesian_force_controller/include
[5.395s] -- Up-to-date: /home/d-lab/workspace/ros_ur_driver/install/cartesian_force_controller/include/cartesian_force_controller
[5.396s] -- Installing: /home/d-lab/workspace/ros_ur_driver/install/cartesian_force_controller/include/cartesian_force_controller/cartesian_force_controller.h
[5.396s] -- Installing: /home/d-lab/workspace/ros_ur_driver/install/cartesian_force_controller/lib/libcartesian_force_controller.so
[5.398s] -- Set runtime path of "/home/d-lab/workspace/ros_ur_driver/install/cartesian_force_controller/lib/libcartesian_force_controller.so" to ""
[5.398s] -- Up-to-date: /home/d-lab/workspace/ros_ur_driver/install/cartesian_force_controller/share/cartesian_force_controller/environment/library_path.sh
[5.398s] -- Installing: /home/d-lab/workspace/ros_ur_driver/install/cartesian_force_controller/share/cartesian_force_controller/environment/library_path.dsv
[5.398s] -- Up-to-date: /home/d-lab/workspace/ros_ur_driver/install/cartesian_force_controller/share/ament_index/resource_index/package_run_dependencies/cartesian_force_controller
[5.398s] -- Up-to-date: /home/d-lab/workspace/ros_ur_driver/install/cartesian_force_controller/share/ament_index/resource_index/parent_prefix_path/cartesian_force_controller
[5.398s] -- Up-to-date: /home/d-lab/workspace/ros_ur_driver/install/cartesian_force_controller/share/cartesian_force_controller/environment/ament_prefix_path.sh
[5.398s] -- Installing: /home/d-lab/workspace/ros_ur_driver/install/cartesian_force_controller/share/cartesian_force_controller/environment/ament_prefix_path.dsv
[5.398s] -- Up-to-date: /home/d-lab/workspace/ros_ur_driver/install/cartesian_force_controller/share/cartesian_force_controller/environment/path.sh
[5.398s] -- Installing: /home/d-lab/workspace/ros_ur_driver/install/cartesian_force_controller/share/cartesian_force_controller/environment/path.dsv
[5.398s] -- Up-to-date: /home/d-lab/workspace/ros_ur_driver/install/cartesian_force_controller/share/cartesian_force_controller/local_setup.bash
[5.398s] -- Up-to-date: /home/d-lab/workspace/ros_ur_driver/install/cartesian_force_controller/share/cartesian_force_controller/local_setup.sh
[5.398s] -- Up-to-date: /home/d-lab/workspace/ros_ur_driver/install/cartesian_force_controller/share/cartesian_force_controller/local_setup.zsh
[5.398s] -- Installing: /home/d-lab/workspace/ros_ur_driver/install/cartesian_force_controller/share/cartesian_force_controller/local_setup.dsv
[5.398s] -- Installing: /home/d-lab/workspace/ros_ur_driver/install/cartesian_force_controller/share/cartesian_force_controller/package.dsv
[5.398s] -- Up-to-date: /home/d-lab/workspace/ros_ur_driver/install/cartesian_force_controller/share/ament_index/resource_index/packages/cartesian_force_controller
[5.399s] -- Up-to-date: /home/d-lab/workspace/ros_ur_driver/install/cartesian_force_controller/share/ament_index/resource_index/controller_interface__pluginlib__plugin/cartesian_force_controller
[5.399s] -- Up-to-date: /home/d-lab/workspace/ros_ur_driver/install/cartesian_force_controller/share/cartesian_force_controller/cmake/ament_cmake_export_dependencies-extras.cmake
[5.399s] -- Up-to-date: /home/d-lab/workspace/ros_ur_driver/install/cartesian_force_controller/share/cartesian_force_controller/cmake/ament_cmake_export_include_directories-extras.cmake
[5.399s] -- Up-to-date: /home/d-lab/workspace/ros_ur_driver/install/cartesian_force_controller/share/cartesian_force_controller/cmake/ament_cmake_export_libraries-extras.cmake
[5.399s] -- Up-to-date: /home/d-lab/workspace/ros_ur_driver/install/cartesian_force_controller/share/cartesian_force_controller/cmake/cartesian_force_controllerConfig.cmake
[5.399s] -- Up-to-date: /home/d-lab/workspace/ros_ur_driver/install/cartesian_force_controller/share/cartesian_force_controller/cmake/cartesian_force_controllerConfig-version.cmake
[5.399s] -- Installing: /home/d-lab/workspace/ros_ur_driver/install/cartesian_force_controller/share/cartesian_force_controller/package.xml
[5.401s] Invoked command in '/home/d-lab/workspace/ros_ur_driver/build/cartesian_force_controller' returned '0': AMENT_PREFIX_PATH=/home/d-lab/workspace/ros_ur_driver/install/cartesian_controller_base:/home/d-lab/workspace/ros_ur_driver/install/controller_interface:/home/d-lab/workspace/ros_ur_driver/install/hardware_interface:/home/d-lab/workspace/ros_ur_driver/install/control_msgs:${AMENT_PREFIX_PATH} CMAKE_PREFIX_PATH=/home/d-lab/workspace/ros_ur_driver/install/cartesian_controller_base:/home/d-lab/workspace/ros_ur_driver/install/controller_interface:/home/d-lab/workspace/ros_ur_driver/install/hardware_interface:/home/d-lab/workspace/ros_ur_driver/install/control_msgs:/opt/ros/foxy LD_LIBRARY_PATH=/home/d-lab/workspace/ros_ur_driver/install/cartesian_controller_base/lib:/home/d-lab/workspace/ros_ur_driver/install/controller_interface/lib:/home/d-lab/workspace/ros_ur_driver/install/hardware_interface/lib:/home/d-lab/workspace/ros_ur_driver/install/control_msgs/lib:${LD_LIBRARY_PATH} PYTHONPATH=/home/d-lab/workspace/ros_ur_driver/install/control_msgs/lib/python3.8/site-packages:${PYTHONPATH} /usr/bin/cmake --install /home/d-lab/workspace/ros_ur_driver/build/cartesian_force_controller
