[ 45%] Built target cartesian_controller_base
[100%] Built target ik_solvers
-- Install configuration: ""
-- Installing: /home/d-lab/workspace/ros_ur_driver/install/cartesian_controller_base/share/cartesian_controller_base/ik_solver_plugin.xml
-- Up-to-date: /home/d-lab/workspace/ros_ur_driver/install/cartesian_controller_base/include
-- Up-to-date: /home/d-lab/workspace/ros_ur_driver/install/cartesian_controller_base/include/cartesian_controller_base
-- Installing: /home/d-lab/workspace/ros_ur_driver/install/cartesian_controller_base/include/cartesian_controller_base/DampedLeastSquaresSolver.h
-- Installing: /home/d-lab/workspace/ros_ur_driver/install/cartesian_controller_base/include/cartesian_controller_base/Utility.h
-- Installing: /home/d-lab/workspace/ros_ur_driver/install/cartesian_controller_base/include/cartesian_controller_base/SpatialPDController.h
-- Installing: /home/d-lab/workspace/ros_ur_driver/install/cartesian_controller_base/include/cartesian_controller_base/ForwardDynamicsSolver.h
-- Installing: /home/d-lab/workspace/ros_ur_driver/install/cartesian_controller_base/include/cartesian_controller_base/IKSolver.h
-- Installing: /home/d-lab/workspace/ros_ur_driver/install/cartesian_controller_base/include/cartesian_controller_base/SelectivelyDampedLeastSquaresSolver.h
-- Installing: /home/d-lab/workspace/ros_ur_driver/install/cartesian_controller_base/include/cartesian_controller_base/cartesian_controller_base.h
-- Installing: /home/d-lab/workspace/ros_ur_driver/install/cartesian_controller_base/include/cartesian_controller_base/JacobianTransposeSolver.h
-- Installing: /home/d-lab/workspace/ros_ur_driver/install/cartesian_controller_base/include/cartesian_controller_base/ROS2VersionConfig.h.in
-- Installing: /home/d-lab/workspace/ros_ur_driver/install/cartesian_controller_base/include/cartesian_controller_base/PDController.h
-- Installing: /home/d-lab/workspace/ros_ur_driver/install/cartesian_controller_base/lib/libcartesian_controller_base.so
-- Set runtime path of "/home/d-lab/workspace/ros_ur_driver/install/cartesian_controller_base/lib/libcartesian_controller_base.so" to ""
-- Installing: /home/d-lab/workspace/ros_ur_driver/install/cartesian_controller_base/lib/libik_solvers.so
-- Set runtime path of "/home/d-lab/workspace/ros_ur_driver/install/cartesian_controller_base/lib/libik_solvers.so" to ""
-- Up-to-date: /home/d-lab/workspace/ros_ur_driver/install/cartesian_controller_base/include/cartesian_controller_base/ROS2VersionConfig.h
-- Up-to-date: /home/d-lab/workspace/ros_ur_driver/install/cartesian_controller_base/share/cartesian_controller_base/environment/library_path.sh
-- Installing: /home/d-lab/workspace/ros_ur_driver/install/cartesian_controller_base/share/cartesian_controller_base/environment/library_path.dsv
-- Up-to-date: /home/d-lab/workspace/ros_ur_driver/install/cartesian_controller_base/share/ament_index/resource_index/package_run_dependencies/cartesian_controller_base
-- Installing: /home/d-lab/workspace/ros_ur_driver/install/cartesian_controller_base/share/ament_index/resource_index/parent_prefix_path/cartesian_controller_base
-- Up-to-date: /home/d-lab/workspace/ros_ur_driver/install/cartesian_controller_base/share/cartesian_controller_base/environment/ament_prefix_path.sh
-- Installing: /home/d-lab/workspace/ros_ur_driver/install/cartesian_controller_base/share/cartesian_controller_base/environment/ament_prefix_path.dsv
-- Up-to-date: /home/d-lab/workspace/ros_ur_driver/install/cartesian_controller_base/share/cartesian_controller_base/environment/path.sh
-- Installing: /home/d-lab/workspace/ros_ur_driver/install/cartesian_controller_base/share/cartesian_controller_base/environment/path.dsv
-- Up-to-date: /home/d-lab/workspace/ros_ur_driver/install/cartesian_controller_base/share/cartesian_controller_base/local_setup.bash
-- Up-to-date: /home/d-lab/workspace/ros_ur_driver/install/cartesian_controller_base/share/cartesian_controller_base/local_setup.sh
-- Up-to-date: /home/d-lab/workspace/ros_ur_driver/install/cartesian_controller_base/share/cartesian_controller_base/local_setup.zsh
-- Installing: /home/d-lab/workspace/ros_ur_driver/install/cartesian_controller_base/share/cartesian_controller_base/local_setup.dsv
-- Installing: /home/d-lab/workspace/ros_ur_driver/install/cartesian_controller_base/share/cartesian_controller_base/package.dsv
-- Up-to-date: /home/d-lab/workspace/ros_ur_driver/install/cartesian_controller_base/share/ament_index/resource_index/packages/cartesian_controller_base
-- Up-to-date: /home/d-lab/workspace/ros_ur_driver/install/cartesian_controller_base/share/ament_index/resource_index/cartesian_controller_base__pluginlib__plugin/cartesian_controller_base
-- Up-to-date: /home/d-lab/workspace/ros_ur_driver/install/cartesian_controller_base/share/cartesian_controller_base/cmake/ament_cmake_export_dependencies-extras.cmake
-- Up-to-date: /home/d-lab/workspace/ros_ur_driver/install/cartesian_controller_base/share/cartesian_controller_base/cmake/ament_cmake_export_include_directories-extras.cmake
-- Up-to-date: /home/d-lab/workspace/ros_ur_driver/install/cartesian_controller_base/share/cartesian_controller_base/cmake/ament_cmake_export_libraries-extras.cmake
-- Up-to-date: /home/d-lab/workspace/ros_ur_driver/install/cartesian_controller_base/share/cartesian_controller_base/cmake/cartesian_controller_baseConfig.cmake
-- Up-to-date: /home/d-lab/workspace/ros_ur_driver/install/cartesian_controller_base/share/cartesian_controller_base/cmake/cartesian_controller_baseConfig-version.cmake
-- Installing: /home/d-lab/workspace/ros_ur_driver/install/cartesian_controller_base/share/cartesian_controller_base/package.xml
