make[2]: *** [CMakeFiles/control_msgs__rosidl_typesupport_cpp.dir/build.make:212: CMakeFiles/control_msgs__rosidl_typesupport_cpp.dir/rosidl_typesupport_cpp/control_msgs/msg/gripper_command__type_support.cpp.o] Interrupt
make[2]: *** [CMakeFiles/control_msgs__rosidl_typesupport_cpp.dir/build.make:251: CMakeFiles/control_msgs__rosidl_typesupport_cpp.dir/rosidl_typesupport_cpp/control_msgs/msg/joint_jog__type_support.cpp.o] Interrupt
make[2]: *** [CMakeFiles/control_msgs__rosidl_generator_c.dir/build.make:568: CMakeFiles/control_msgs__rosidl_generator_c.dir/rosidl_generator_c/control_msgs/action/detail/single_joint_position__functions.c.o] Interrupt
make[2]: *** wait: No child processes.  Stop.
make[2]: *** Waiting for unfinished jobs....
make[2]: *** wait: No child processes.  Stop.
make[1]: *** [CMakeFiles/Makefile2:445: CMakeFiles/control_msgs__rosidl_generator_c.dir/all] Error 2
make[2]: *** [CMakeFiles/control_msgs__rosidl_typesupport_cpp.dir/build.make:225: CMakeFiles/control_msgs__rosidl_typesupport_cpp.dir/rosidl_typesupport_cpp/control_msgs/msg/interface_value__type_support.cpp.o] Interrupt
make[2]: *** [CMakeFiles/control_msgs__rosidl_typesupport_introspection_cpp.dir/build.make:259: CMakeFiles/control_msgs__rosidl_typesupport_introspection_cpp.dir/rosidl_typesupport_introspection_cpp/control_msgs/msg/detail/gripper_command__type_support.cpp.o] Interrupt
make[2]: *** [CMakeFiles/control_msgs__rosidl_typesupport_introspection_cpp.dir/build.make:298: CMakeFiles/control_msgs__rosidl_typesupport_introspection_cpp.dir/rosidl_typesupport_introspection_cpp/control_msgs/msg/detail/joint_jog__type_support.cpp.o] Interrupt
make[2]: *** [CMakeFiles/control_msgs__rosidl_typesupport_introspection_cpp.dir/build.make:311: CMakeFiles/control_msgs__rosidl_typesupport_introspection_cpp.dir/rosidl_typesupport_introspection_cpp/control_msgs/msg/detail/joint_tolerance__type_support.cpp.o] Interrupt
make[2]: *** Deleting file 'CMakeFiles/control_msgs__rosidl_typesupport_fastrtps_cpp.dir/rosidl_typesupport_fastrtps_cpp/control_msgs/msg/detail/dds_fastrtps/joint_tolerance__type_support.cpp.o'
make[2]: *** [CMakeFiles/control_msgs__rosidl_typesupport_introspection_cpp.dir/build.make:285: CMakeFiles/control_msgs__rosidl_typesupport_introspection_cpp.dir/rosidl_typesupport_introspection_cpp/control_msgs/msg/detail/joint_controller_state__type_support.cpp.o] Interrupt
make[2]: *** [CMakeFiles/control_msgs__rosidl_typesupport_fastrtps_cpp.dir/build.make:246: CMakeFiles/control_msgs__rosidl_typesupport_fastrtps_cpp.dir/rosidl_typesupport_fastrtps_cpp/control_msgs/msg/detail/dds_fastrtps/dynamic_joint_state__type_support.cpp.o] Interrupt
make[2]: *** [CMakeFiles/control_msgs__rosidl_typesupport_fastrtps_cpp.dir/build.make:324: CMakeFiles/control_msgs__rosidl_typesupport_fastrtps_cpp.dir/rosidl_typesupport_fastrtps_cpp/control_msgs/msg/detail/dds_fastrtps/joint_trajectory_controller_state__type_support.cpp.o] Interrupt
make[1]: *** [CMakeFiles/Makefile2:499: CMakeFiles/control_msgs__rosidl_typesupport_introspection_cpp.dir/all] Interrupt
make[2]: *** [CMakeFiles/control_msgs__rosidl_typesupport_cpp.dir/build.make:264: CMakeFiles/control_msgs__rosidl_typesupport_cpp.dir/rosidl_typesupport_cpp/control_msgs/msg/joint_tolerance__type_support.cpp.o] Interrupt
make[2]: *** [CMakeFiles/control_msgs__rosidl_typesupport_fastrtps_cpp.dir/build.make:311: CMakeFiles/control_msgs__rosidl_typesupport_fastrtps_cpp.dir/rosidl_typesupport_fastrtps_cpp/control_msgs/msg/detail/dds_fastrtps/joint_tolerance__type_support.cpp.o] Interrupt
make[2]: *** [CMakeFiles/control_msgs__rosidl_typesupport_fastrtps_cpp.dir/build.make:259: CMakeFiles/control_msgs__rosidl_typesupport_fastrtps_cpp.dir/rosidl_typesupport_fastrtps_cpp/control_msgs/msg/detail/dds_fastrtps/gripper_command__type_support.cpp.o] Interrupt
make[2]: *** [CMakeFiles/control_msgs__rosidl_typesupport_cpp.dir/build.make:199: CMakeFiles/control_msgs__rosidl_typesupport_cpp.dir/rosidl_typesupport_cpp/control_msgs/msg/dynamic_joint_state__type_support.cpp.o] Interrupt
make[1]: *** [CMakeFiles/Makefile2:526: CMakeFiles/control_msgs__rosidl_typesupport_cpp.dir/all] Interrupt
make[2]: *** [CMakeFiles/control_msgs__rosidl_typesupport_fastrtps_cpp.dir/build.make:336: CMakeFiles/control_msgs__rosidl_typesupport_fastrtps_cpp.dir/rosidl_typesupport_fastrtps_cpp/control_msgs/msg/detail/dds_fastrtps/pid_state__type_support.cpp.o] Interrupt
make[1]: *** [CMakeFiles/Makefile2:391: CMakeFiles/control_msgs__rosidl_typesupport_fastrtps_cpp.dir/all] Interrupt
make: *** [Makefile:141: all] Interrupt
