[0.018s] Invoking command in '/home/d-lab/workspace/ros_ur_driver/build/move_arm': CMAKE_PREFIX_PATH=/home/d-lab/workspace/ros_ur_driver/install/moveit_visual_tools:/home/d-lab/workspace/ros_ur_driver/install/rviz_visual_tools:/home/d-lab/workspace/ros_ur_driver/install/graph_msgs:/home/d-lab/workspace/ros_ur_driver/install/eigen3_cmake_module:/home/d-lab/workspace/ros_ur_driver/install/run_ompl_constrained_planning:/home/d-lab/workspace/ros_ur_driver/install/run_moveit_cpp:/home/d-lab/workspace/ros_ur_driver/install/run_move_group:/home/d-lab/workspace/ros_ur_driver/install/warehouse_ros_mongo:/home/d-lab/workspace/ros_ur_driver/install/ros2_controllers:/home/d-lab/workspace/ros_ur_driver/install/velocity_controllers:/home/d-lab/workspace/ros_ur_driver/install/ur_robot_driver:/home/d-lab/workspace/ros_ur_driver/install/ur_controllers:/home/d-lab/workspace/ros_ur_driver/install/ur_msgs:/home/d-lab/workspace/ros_ur_driver/install/ur_moveit_config:/home/d-lab/workspace/ros_ur_driver/install/ur_description:/home/d-lab/workspace/ros_ur_driver/install/ur_dashboard_msgs:/home/d-lab/workspace/ros_ur_driver/install/ur_client_library:/home/d-lab/workspace/ros_ur_driver/install/ur_bringup:/home/d-lab/workspace/ros_ur_driver/install/ur5_robotiq_moveit_config:/home/d-lab/workspace/ros_ur_driver/install/transmission_interface:/home/d-lab/workspace/ros_ur_driver/install/srdfdom:/home/d-lab/workspace/ros_ur_driver/install/move_arm:/home/d-lab/workspace/ros_ur_driver/install/ros2_control_demos:/home/d-lab/workspace/ros_ur_driver/install/ros2_control_demo_bringup:/home/d-lab/workspace/ros_ur_driver/install/rrbot_description:/home/d-lab/workspace/ros_ur_driver/install/ros2_control:/home/d-lab/workspace/ros_ur_driver/install/utils:/home/d-lab/workspace/ros_ur_driver/install/ros2controlcli:/home/d-lab/workspace/ros_ur_driver/install/ros2_control_test_nodes:/home/d-lab/workspace/ros_ur_driver/install/robotiq_control:/home/d-lab/workspace/ros_ur_driver/install/gripper_control:/opt/ros/foxy:/home/d-lab/workspace/ros_ur_driver/install/cartesian_controller_examples:/home/d-lab/workspace/ros_ur_driver/install/controller_manager:/home/d-lab/workspace/ros_ur_driver/install/ros2_control_test_assets:/home/d-lab/workspace/ros_ur_driver/install/ros2_control_demo_hardware:/home/d-lab/workspace/ros_ur_driver/install/robotiq_description:/home/d-lab/workspace/ros_ur_driver/install/position_controllers:/home/d-lab/workspace/ros_ur_driver/install/move_arm_cpp:/home/d-lab/workspace/ros_ur_driver/install/move_arm_interface:/home/d-lab/workspace/ros_ur_driver/install/joint_trajectory_controller:/home/d-lab/workspace/ros_ur_driver/install/joint_state_controller:/home/d-lab/workspace/ros_ur_driver/install/joint_state_broadcaster:/home/d-lab/workspace/ros_ur_driver/install/imu_sensor_broadcaster:/home/d-lab/workspace/ros_ur_driver/install/gripper_controllers:/home/d-lab/workspace/ros_ur_driver/install/effort_controllers:/home/d-lab/workspace/ros_ur_driver/install/forward_command_controller:/home/d-lab/workspace/ros_ur_driver/install/force_torque_sensor_broadcaster:/home/d-lab/workspace/ros_ur_driver/install/diff_drive_controller:/home/d-lab/workspace/ros_ur_driver/install/cartesian_compliance_controller:/home/d-lab/workspace/ros_ur_driver/install/cartesian_motion_controller:/home/d-lab/workspace/ros_ur_driver/install/cartesian_force_controller:/home/d-lab/workspace/ros_ur_driver/install/cartesian_controller_handles:/home/d-lab/workspace/ros_ur_driver/install/cartesian_controller_base:/home/d-lab/workspace/ros_ur_driver/install/controller_interface:/home/d-lab/workspace/ros_ur_driver/install/hardware_interface:/home/d-lab/workspace/ros_ur_driver/install/filters:/home/d-lab/workspace/ros_ur_driver/install/diffbot_description:/home/d-lab/workspace/ros_ur_driver/install/controller_manager_msgs:/home/d-lab/workspace/ros_ur_driver/install/control_msgs:/home/d-lab/workspace/ros_ur_driver/install/chomp_motion_planner:/home/d-lab/workspace/ros_ur_driver/install/action_tutorials_interfaces LD_LIBRARY_PATH=/home/d-lab/workspace/ros_ur_driver/install/moveit_visual_tools/lib:/home/d-lab/workspace/ros_ur_driver/install/rviz_visual_tools/lib:/home/d-lab/workspace/ros_ur_driver/install/graph_msgs/lib:/home/d-lab/workspace/ros_ur_driver/install/warehouse_ros_mongo/lib:/home/d-lab/workspace/ros_ur_driver/install/velocity_controllers/lib:/home/d-lab/workspace/ros_ur_driver/install/ur_robot_driver/lib:/home/d-lab/workspace/ros_ur_driver/install/ur_controllers/lib:/home/d-lab/workspace/ros_ur_driver/install/ur_msgs/lib:/home/d-lab/workspace/ros_ur_driver/install/ur_dashboard_msgs/lib:/home/d-lab/workspace/ros_ur_driver/install/ur_client_library/lib:/home/d-lab/workspace/ros_ur_driver/install/srdfdom/lib:/home/d-lab/workspace/ros_ur_driver/install/move_arm/lib:/home/d-lab/workspace/ros_ur_driver/install/controller_manager/lib:/home/d-lab/workspace/ros_ur_driver/install/ros2_control_demo_hardware/lib:/home/d-lab/workspace/ros_ur_driver/install/position_controllers/lib:/home/d-lab/workspace/ros_ur_driver/install/move_arm_interface/lib:/home/d-lab/workspace/ros_ur_driver/install/joint_trajectory_controller/lib:/home/d-lab/workspace/ros_ur_driver/install/joint_state_controller/lib:/home/d-lab/workspace/ros_ur_driver/install/joint_state_broadcaster/lib:/home/d-lab/workspace/ros_ur_driver/install/imu_sensor_broadcaster/lib:/home/d-lab/workspace/ros_ur_driver/install/gripper_controllers/lib:/home/d-lab/workspace/ros_ur_driver/install/effort_controllers/lib:/home/d-lab/workspace/ros_ur_driver/install/forward_command_controller/lib:/home/d-lab/workspace/ros_ur_driver/install/force_torque_sensor_broadcaster/lib:/home/d-lab/workspace/ros_ur_driver/install/diff_drive_controller/lib:/home/d-lab/workspace/ros_ur_driver/install/cartesian_compliance_controller/lib:/home/d-lab/workspace/ros_ur_driver/install/cartesian_motion_controller/lib:/home/d-lab/workspace/ros_ur_driver/install/cartesian_force_controller/lib:/home/d-lab/workspace/ros_ur_driver/install/cartesian_controller_handles/lib:/home/d-lab/workspace/ros_ur_driver/install/cartesian_controller_base/lib:/home/d-lab/workspace/ros_ur_driver/install/controller_interface/lib:/home/d-lab/workspace/ros_ur_driver/install/hardware_interface/lib:/home/d-lab/workspace/ros_ur_driver/install/filters/lib:/home/d-lab/workspace/ros_ur_driver/install/controller_manager_msgs/lib:/home/d-lab/workspace/ros_ur_driver/install/control_msgs/lib:/home/d-lab/workspace/ros_ur_driver/install/chomp_motion_planner/lib:/home/d-lab/workspace/ros_ur_driver/install/action_tutorials_interfaces/lib:/opt/ros/foxy/opt/yaml_cpp_vendor/lib:/opt/ros/foxy/opt/rviz_ogre_vendor/lib:/opt/ros/foxy/lib/x86_64-linux-gnu:/opt/ros/foxy/lib PYTHONPATH=/home/d-lab/workspace/ros_ur_driver/install/graph_msgs/lib/python3.8/site-packages:/home/d-lab/workspace/ros_ur_driver/install/warehouse_ros_mongo/lib/python3.8/site-packages:/home/d-lab/workspace/ros_ur_driver/install/utils/lib/python3.8/site-packages:/home/d-lab/workspace/ros_ur_driver/install/ur_msgs/lib/python3.8/site-packages:/home/d-lab/workspace/ros_ur_driver/install/ur_dashboard_msgs/lib/python3.8/site-packages:/home/d-lab/workspace/ros_ur_driver/install/srdfdom/lib/python3.8/site-packages:/home/d-lab/workspace/ros_ur_driver/install/move_arm/lib/python3.8/site-packages:/home/d-lab/workspace/ros_ur_driver/install/ros2controlcli/lib/python3.8/site-packages:/home/d-lab/workspace/ros_ur_driver/install/ros2_control_test_nodes/lib/python3.8/site-packages:/home/d-lab/workspace/ros_ur_driver/install/controller_manager/lib/python3.8/site-packages:/home/d-lab/workspace/ros_ur_driver/install/robotiq_control/lib/python3.8/site-packages:/home/d-lab/workspace/ros_ur_driver/install/move_arm_interface/lib/python3.8/site-packages:/home/d-lab/workspace/ros_ur_driver/install/gripper_control/lib/python3.8/site-packages:/home/d-lab/workspace/ros_ur_driver/install/controller_manager_msgs/lib/python3.8/site-packages:/home/d-lab/workspace/ros_ur_driver/install/control_msgs/lib/python3.8/site-packages:/home/d-lab/workspace/ros_ur_driver/install/action_tutorials_interfaces/lib/python3.8/site-packages:/opt/ros/foxy/lib/python3.8/site-packages /usr/bin/cmake --build /home/d-lab/workspace/ros_ur_driver/build/move_arm -- -j16 -l16
[0.042s] -- Found ament_cmake: 0.9.9 (/opt/ros/foxy/share/ament_cmake/cmake)
[0.059s] -- Found PythonInterp: /usr/bin/python3 (found suitable version "3.8.10", minimum required is "3") 
[0.059s] -- Using PYTHON_EXECUTABLE: /usr/bin/python3
[0.175s] -- Found rclcpp: 2.4.1 (/opt/ros/foxy/share/rclcpp/cmake)
[0.201s] -- Using all available rosidl_typesupport_c: rosidl_typesupport_fastrtps_c;rosidl_typesupport_introspection_c
[0.203s] -- Found rosidl_adapter: 1.2.1 (/opt/ros/foxy/share/rosidl_adapter/cmake)
[0.314s] -- Using all available rosidl_typesupport_cpp: rosidl_typesupport_fastrtps_cpp;rosidl_typesupport_introspection_cpp
[0.352s] -- Found rmw_implementation_cmake: 1.0.3 (/opt/ros/foxy/share/rmw_implementation_cmake/cmake)
[0.354s] -- Using RMW implementation 'rmw_fastrtps_cpp' as default
[0.451s] -- Found moveit: 2.2.3 (/opt/ros/foxy/share/moveit/cmake)
[0.451s] -- Found moveit_msgs: 2.1.0 (/opt/ros/foxy/share/moveit_msgs/cmake)
[1.446s] -- Found eigen3_cmake_module: 0.1.1 (/opt/ros/foxy/share/eigen3_cmake_module/cmake)
[1.446s] -- Found moveit_ros_planning_interface: 2.2.3 (/opt/ros/foxy/share/moveit_ros_planning_interface/cmake)
[1.446s] -- Found Boost: /usr/lib/x86_64-linux-gnu/cmake/Boost-1.71.0/BoostConfig.cmake (found version "1.71.0")  
[1.459s] -- Found Boost: /usr/lib/x86_64-linux-gnu/cmake/Boost-1.71.0/BoostConfig.cmake (found version "1.71.0") found components: date_time filesystem program_options system thread 
[1.516s] -- Found Boost: /usr/lib/x86_64-linux-gnu/cmake/Boost-1.71.0/BoostConfig.cmake (found version "1.71.0") found components: chrono date_time filesystem iostreams program_options regex serialization system thread 
[1.540s] -- Found Boost: /usr/lib/x86_64-linux-gnu/cmake/Boost-1.71.0/BoostConfig.cmake (found version "1.71.0") found components: filesystem 
[1.593s] -- library: /usr/lib/x86_64-linux-gnu/libcurl.so
[2.133s] -- Found Boost: /usr/lib/x86_64-linux-gnu/cmake/Boost-1.71.0/BoostConfig.cmake (found version "1.71.0") found components: system filesystem date_time program_options thread chrono 
[2.293s] -- Found Boost: /usr/lib/x86_64-linux-gnu/cmake/Boost-1.71.0/BoostConfig.cmake (found version "1.71.0") found components: thread 
[2.712s] -- Found Boost: /usr/lib/x86_64-linux-gnu/cmake/Boost-1.71.0/BoostConfig.cmake (found version "1.71.0") found components: thread system filesystem regex date_time program_options 
[2.926s] -- Found Boost: /usr/lib/x86_64-linux-gnu/cmake/Boost-1.71.0/BoostConfig.cmake (found version "1.71.0") found components: system filesystem date_time program_options thread 
[3.265s] -- Found moveit_visual_tools: 4.0.0 (/home/d-lab/workspace/ros_ur_driver/install/moveit_visual_tools/share/moveit_visual_tools/cmake)
[3.563s] -- Setting OGRE_DIR to: '/opt/ros/foxy/share/rviz_ogre_vendor/cmake/../../../opt/rviz_ogre_vendor/lib/OGRE/cmake'
[3.565s] -- Found OGRE
[3.565s] --   static     : OFF
[3.565s] --   components : HLMS;MeshLodGenerator;Overlay;Paging;Property;RTShaderSystem;Terrain;Volume
[3.565s] --   plugins    : Plugin_BSPSceneManager;Plugin_OctreeSceneManager;Plugin_PCZSceneManager;Plugin_ParticleFX;RenderSystem_GL;RenderSystem_GL3Plus;Codec_STBI
[3.565s] --   media      : /opt/ros/foxy/opt/rviz_ogre_vendor/share/OGRE/Media
[3.565s] -- OGRE_LIBRARIES: OgreHLMS;OgreMeshLodGenerator;OgreOverlay;OgrePaging;OgreProperty;OgreRTShaderSystem;OgreTerrain;OgreVolume;OgreMain
[3.565s] -- OGRE_LIBRARY_DIRS: /opt/ros/foxy/opt/rviz_ogre_vendor/lib
[3.565s] -- OGRE_PLUGINS: Plugin_BSPSceneManager;Plugin_OctreeSceneManager;Plugin_PCZSceneManager;Plugin_ParticleFX;RenderSystem_GL;RenderSystem_GL3Plus;Codec_STBI
[3.565s] -- OGRE_PLUGIN_DIR: /opt/ros/foxy/opt/rviz_ogre_vendor/lib/OGRE
[3.566s] -- rviz_ogre_vendor::OgreOverlay for IMPORTED_LOCATION_RELEASE: /opt/ros/foxy/opt/rviz_ogre_vendor/lib/libOgreOverlay.so
[3.566s] -- rviz_ogre_vendor::OgreOverlay for IMPORTED_LOCATION_DEBUG: /opt/ros/foxy/opt/rviz_ogre_vendor/lib/libOgreOverlay.so
[3.566s] -- rviz_ogre_vendor::OgreMain for IMPORTED_LOCATION_RELEASE: /opt/ros/foxy/opt/rviz_ogre_vendor/lib/libOgreMain.so
[3.566s] -- rviz_ogre_vendor::OgreMain for IMPORTED_LOCATION_DEBUG: /opt/ros/foxy/opt/rviz_ogre_vendor/lib/libOgreMain.so
[3.596s] -- rviz_ogre_vendor::RenderSystem_GL for IMPORTED_LOCATION_RELEASE: _render_system_gl_static_library_abs-NOTFOUND
[3.596s] -- rviz_ogre_vendor::RenderSystem_GL for IMPORTED_LOCATION_DEBUG: _render_system_gl_static_library_abs-NOTFOUND
[3.629s] -- Setting yaml-cpp_DIR to: '/opt/ros/foxy/share/yaml_cpp_vendor/cmake/../../../opt/yaml_cpp_vendor/lib/cmake/yaml-cpp'
[4.023s] -- Found rosidl_default_generators: 1.0.1 (/opt/ros/foxy/share/rosidl_default_generators/cmake)
[4.050s] -- Found PythonInterp: /usr/bin/python3 (found version "3.8.10") 
[4.141s] -- Found ament_cmake_ros: 0.9.2 (/opt/ros/foxy/share/ament_cmake_ros/cmake)
[4.248s] -- Using all available rosidl_typesupport_c: rosidl_typesupport_fastrtps_c;rosidl_typesupport_introspection_c
[4.274s] -- Using all available rosidl_typesupport_cpp: rosidl_typesupport_fastrtps_cpp;rosidl_typesupport_introspection_cpp
[4.297s] -- Found PythonInterp: /usr/bin/python3 (found suitable version "3.8.10", minimum required is "3.5") 
[4.297s] -- Found python_cmake_module: 0.8.1 (/opt/ros/foxy/share/python_cmake_module/cmake)
[4.313s] -- Using PYTHON_EXECUTABLE: /usr/bin/python3
[4.313s] -- Using PYTHON_INCLUDE_DIRS: /usr/include/python3.8
[4.313s] -- Using PYTHON_LIBRARIES: /usr/lib/x86_64-linux-gnu/libpython3.8.so
[4.359s] -- Found ament_lint_auto: 0.9.6 (/opt/ros/foxy/share/ament_lint_auto/cmake)
[4.366s] -- Added test 'copyright' to check source files copyright and LICENSE
[4.366s] -- Added test 'cppcheck' to perform static code analysis on C / C++ code
[4.367s] -- Configured cppcheck include dirs: 
[4.367s] -- Configured cppcheck exclude dirs and/or files: 
[4.368s] -- Added test 'cpplint' to check C / C++ code against the Google style
[4.368s] -- Configured cpplint exclude dirs and/or files: 
[4.368s] -- Added test 'flake8' to check Python code syntax and style conventions
[4.368s] -- Added test 'lint_cmake' to check CMake code style
[4.368s] -- Added test 'pep257' to check Python code against some of the style conventions in PEP 257
[4.369s] -- Added test 'uncrustify' to check C / C++ code style
[4.369s] -- Configured uncrustify additional arguments: 
[4.369s] -- Added test 'xmllint' to check XML markup files
[4.373s] -- Configuring done
[4.438s] -- Generating done
[4.441s] -- Build files have been written to: /home/d-lab/workspace/ros_ur_driver/build/move_arm
[4.467s] [  3%] [34m[1mGenerating C code for ROS interfaces[0m
[4.476s] [  6%] [34m[1mGenerating C++ code for ROS interfaces[0m
[4.493s] [ 12%] Built target move_to_point
[4.687s] [35m[1mScanning dependencies of target move_arm__rosidl_generator_c[0m
[4.694s] [ 12%] Built target move_arm__cpp
[4.696s] [ 15%] [32mBuilding C object CMakeFiles/move_arm__rosidl_generator_c.dir/rosidl_generator_c/move_arm/action/detail/move_arm__functions.c.o[0m
[4.704s] [ 24%] [34m[1mGenerating C++ type support dispatch for ROS interfaces[0m
[4.704s] [ 24%] [34m[1mGenerating C++ introspection for ROS interfaces[0m
[4.704s] [ 24%] [34m[1mGenerating C++ type support for eProsima Fast-RTPS[0m
[4.837s] [ 27%] [32m[1mLinking C shared library libmove_arm__rosidl_generator_c.so[0m
[4.864s] [35m[1mScanning dependencies of target move_arm__rosidl_typesupport_cpp[0m
[4.866s] [ 27%] Built target move_arm__rosidl_generator_c
[4.876s] [ 36%] [32mBuilding CXX object CMakeFiles/move_arm__rosidl_typesupport_cpp.dir/rosidl_typesupport_cpp/move_arm/action/move_arm__type_support.cpp.o[0m
[4.876s] [ 36%] [34m[1mGenerating C introspection for ROS interfaces[0m
[4.876s] [ 36%] [34m[1mGenerating C type support dispatch for ROS interfaces[0m
[4.890s] [35m[1mScanning dependencies of target move_arm__rosidl_typesupport_introspection_cpp[0m
[4.902s] [ 39%] [32mBuilding CXX object CMakeFiles/move_arm__rosidl_typesupport_introspection_cpp.dir/rosidl_typesupport_introspection_cpp/move_arm/action/detail/move_arm__type_support.cpp.o[0m
[4.926s] [35m[1mScanning dependencies of target move_arm__rosidl_typesupport_fastrtps_cpp[0m
[4.939s] [ 42%] [32mBuilding CXX object CMakeFiles/move_arm__rosidl_typesupport_fastrtps_cpp.dir/rosidl_typesupport_fastrtps_cpp/move_arm/action/detail/dds_fastrtps/move_arm__type_support.cpp.o[0m
[5.039s] [35m[1mScanning dependencies of target move_arm__rosidl_typesupport_c[0m
[5.051s] [ 45%] [32mBuilding CXX object CMakeFiles/move_arm__rosidl_typesupport_c.dir/rosidl_typesupport_c/move_arm/action/move_arm__type_support.cpp.o[0m
[5.082s] [ 48%] [32m[1mLinking CXX shared library libmove_arm__rosidl_typesupport_cpp.so[0m
[5.084s] [35m[1mScanning dependencies of target move_arm__rosidl_typesupport_introspection_c[0m
[5.089s] [ 51%] [32m[1mLinking CXX shared library libmove_arm__rosidl_typesupport_c.so[0m
[5.095s] [ 54%] [32mBuilding C object CMakeFiles/move_arm__rosidl_typesupport_introspection_c.dir/rosidl_typesupport_introspection_c/move_arm/action/detail/move_arm__type_support.c.o[0m
[5.115s] [ 54%] Built target move_arm__rosidl_typesupport_cpp
[5.122s] [ 54%] Built target move_arm__rosidl_typesupport_c
[5.143s] [ 57%] [32m[1mLinking C shared library libmove_arm__rosidl_typesupport_introspection_c.so[0m
[5.158s] [ 60%] [32m[1mLinking CXX shared library libmove_arm__rosidl_typesupport_introspection_cpp.so[0m
[5.168s] [ 60%] Built target move_arm__rosidl_typesupport_introspection_c
[5.206s] [ 60%] Built target move_arm__rosidl_typesupport_introspection_cpp
[5.299s] [ 63%] [32m[1mLinking CXX shared library libmove_arm__rosidl_typesupport_fastrtps_cpp.so[0m
[5.356s] [ 63%] Built target move_arm__rosidl_typesupport_fastrtps_cpp
[5.366s] [ 66%] [34m[1mGenerating C type support for eProsima Fast-RTPS[0m
[5.583s] [35m[1mScanning dependencies of target move_arm__rosidl_typesupport_fastrtps_c[0m
[5.595s] [ 69%] [32mBuilding CXX object CMakeFiles/move_arm__rosidl_typesupport_fastrtps_c.dir/rosidl_typesupport_fastrtps_c/move_arm/action/detail/move_arm__type_support_c.cpp.o[0m
[5.863s] [ 72%] [32m[1mLinking CXX shared library libmove_arm__rosidl_typesupport_fastrtps_c.so[0m
[5.918s] [ 72%] Built target move_arm__rosidl_typesupport_fastrtps_c
[5.936s] [ 72%] Built target move_arm
[5.964s] [ 75%] [34m[1mGenerating Python code for ROS interfaces[0m
[6.417s] [ 75%] Built target move_arm__py
[6.426s] [35m[1mScanning dependencies of target move_arm__python[0m
[6.438s] [ 78%] [32mBuilding C object CMakeFiles/move_arm__python.dir/rosidl_generator_py/move_arm/action/_move_arm_s.c.o[0m
[6.613s] [ 81%] [32m[1mLinking C shared library rosidl_generator_py/move_arm/libmove_arm__python.so[0m
[6.645s] [ 81%] Built target move_arm__python
[6.656s] [35m[1mScanning dependencies of target move_arm__rosidl_typesupport_c__pyext[0m
[6.656s] [35m[1mScanning dependencies of target move_arm__rosidl_typesupport_introspection_c__pyext[0m
[6.656s] [35m[1mScanning dependencies of target move_arm__rosidl_typesupport_fastrtps_c__pyext[0m
[6.669s] [ 87%] [32mBuilding C object CMakeFiles/move_arm__rosidl_typesupport_c__pyext.dir/rosidl_generator_py/move_arm/_move_arm_s.ep.rosidl_typesupport_c.c.o[0m
[6.669s] [ 87%] [32mBuilding C object CMakeFiles/move_arm__rosidl_typesupport_introspection_c__pyext.dir/rosidl_generator_py/move_arm/_move_arm_s.ep.rosidl_typesupport_introspection_c.c.o[0m
[6.669s] [ 90%] [32mBuilding C object CMakeFiles/move_arm__rosidl_typesupport_fastrtps_c__pyext.dir/rosidl_generator_py/move_arm/_move_arm_s.ep.rosidl_typesupport_fastrtps_c.c.o[0m
[6.784s] [100%] [32m[1mLinking C shared library rosidl_generator_py/move_arm/move_arm_s__rosidl_typesupport_c.cpython-38-x86_64-linux-gnu.so[0m
[6.784s] [100%] [32m[1mLinking CXX shared library rosidl_generator_py/move_arm/move_arm_s__rosidl_typesupport_fastrtps_c.cpython-38-x86_64-linux-gnu.so[0m
[6.784s] [100%] [32m[1mLinking C shared library rosidl_generator_py/move_arm/move_arm_s__rosidl_typesupport_introspection_c.cpython-38-x86_64-linux-gnu.so[0m
[6.814s] [100%] Built target move_arm__rosidl_typesupport_c__pyext
[6.814s] [100%] Built target move_arm__rosidl_typesupport_introspection_c__pyext
[6.831s] [100%] Built target move_arm__rosidl_typesupport_fastrtps_c__pyext
[6.842s] Invoked command in '/home/d-lab/workspace/ros_ur_driver/build/move_arm' returned '0': CMAKE_PREFIX_PATH=/home/d-lab/workspace/ros_ur_driver/install/moveit_visual_tools:/home/d-lab/workspace/ros_ur_driver/install/rviz_visual_tools:/home/d-lab/workspace/ros_ur_driver/install/graph_msgs:/home/d-lab/workspace/ros_ur_driver/install/eigen3_cmake_module:/home/d-lab/workspace/ros_ur_driver/install/run_ompl_constrained_planning:/home/d-lab/workspace/ros_ur_driver/install/run_moveit_cpp:/home/d-lab/workspace/ros_ur_driver/install/run_move_group:/home/d-lab/workspace/ros_ur_driver/install/warehouse_ros_mongo:/home/d-lab/workspace/ros_ur_driver/install/ros2_controllers:/home/d-lab/workspace/ros_ur_driver/install/velocity_controllers:/home/d-lab/workspace/ros_ur_driver/install/ur_robot_driver:/home/d-lab/workspace/ros_ur_driver/install/ur_controllers:/home/d-lab/workspace/ros_ur_driver/install/ur_msgs:/home/d-lab/workspace/ros_ur_driver/install/ur_moveit_config:/home/d-lab/workspace/ros_ur_driver/install/ur_description:/home/d-lab/workspace/ros_ur_driver/install/ur_dashboard_msgs:/home/d-lab/workspace/ros_ur_driver/install/ur_client_library:/home/d-lab/workspace/ros_ur_driver/install/ur_bringup:/home/d-lab/workspace/ros_ur_driver/install/ur5_robotiq_moveit_config:/home/d-lab/workspace/ros_ur_driver/install/transmission_interface:/home/d-lab/workspace/ros_ur_driver/install/srdfdom:/home/d-lab/workspace/ros_ur_driver/install/move_arm:/home/d-lab/workspace/ros_ur_driver/install/ros2_control_demos:/home/d-lab/workspace/ros_ur_driver/install/ros2_control_demo_bringup:/home/d-lab/workspace/ros_ur_driver/install/rrbot_description:/home/d-lab/workspace/ros_ur_driver/install/ros2_control:/home/d-lab/workspace/ros_ur_driver/install/utils:/home/d-lab/workspace/ros_ur_driver/install/ros2controlcli:/home/d-lab/workspace/ros_ur_driver/install/ros2_control_test_nodes:/home/d-lab/workspace/ros_ur_driver/install/robotiq_control:/home/d-lab/workspace/ros_ur_driver/install/gripper_control:/opt/ros/foxy:/home/d-lab/workspace/ros_ur_driver/install/cartesian_controller_examples:/home/d-lab/workspace/ros_ur_driver/install/controller_manager:/home/d-lab/workspace/ros_ur_driver/install/ros2_control_test_assets:/home/d-lab/workspace/ros_ur_driver/install/ros2_control_demo_hardware:/home/d-lab/workspace/ros_ur_driver/install/robotiq_description:/home/d-lab/workspace/ros_ur_driver/install/position_controllers:/home/d-lab/workspace/ros_ur_driver/install/move_arm_cpp:/home/d-lab/workspace/ros_ur_driver/install/move_arm_interface:/home/d-lab/workspace/ros_ur_driver/install/joint_trajectory_controller:/home/d-lab/workspace/ros_ur_driver/install/joint_state_controller:/home/d-lab/workspace/ros_ur_driver/install/joint_state_broadcaster:/home/d-lab/workspace/ros_ur_driver/install/imu_sensor_broadcaster:/home/d-lab/workspace/ros_ur_driver/install/gripper_controllers:/home/d-lab/workspace/ros_ur_driver/install/effort_controllers:/home/d-lab/workspace/ros_ur_driver/install/forward_command_controller:/home/d-lab/workspace/ros_ur_driver/install/force_torque_sensor_broadcaster:/home/d-lab/workspace/ros_ur_driver/install/diff_drive_controller:/home/d-lab/workspace/ros_ur_driver/install/cartesian_compliance_controller:/home/d-lab/workspace/ros_ur_driver/install/cartesian_motion_controller:/home/d-lab/workspace/ros_ur_driver/install/cartesian_force_controller:/home/d-lab/workspace/ros_ur_driver/install/cartesian_controller_handles:/home/d-lab/workspace/ros_ur_driver/install/cartesian_controller_base:/home/d-lab/workspace/ros_ur_driver/install/controller_interface:/home/d-lab/workspace/ros_ur_driver/install/hardware_interface:/home/d-lab/workspace/ros_ur_driver/install/filters:/home/d-lab/workspace/ros_ur_driver/install/diffbot_description:/home/d-lab/workspace/ros_ur_driver/install/controller_manager_msgs:/home/d-lab/workspace/ros_ur_driver/install/control_msgs:/home/d-lab/workspace/ros_ur_driver/install/chomp_motion_planner:/home/d-lab/workspace/ros_ur_driver/install/action_tutorials_interfaces LD_LIBRARY_PATH=/home/d-lab/workspace/ros_ur_driver/install/moveit_visual_tools/lib:/home/d-lab/workspace/ros_ur_driver/install/rviz_visual_tools/lib:/home/d-lab/workspace/ros_ur_driver/install/graph_msgs/lib:/home/d-lab/workspace/ros_ur_driver/install/warehouse_ros_mongo/lib:/home/d-lab/workspace/ros_ur_driver/install/velocity_controllers/lib:/home/d-lab/workspace/ros_ur_driver/install/ur_robot_driver/lib:/home/d-lab/workspace/ros_ur_driver/install/ur_controllers/lib:/home/d-lab/workspace/ros_ur_driver/install/ur_msgs/lib:/home/d-lab/workspace/ros_ur_driver/install/ur_dashboard_msgs/lib:/home/d-lab/workspace/ros_ur_driver/install/ur_client_library/lib:/home/d-lab/workspace/ros_ur_driver/install/srdfdom/lib:/home/d-lab/workspace/ros_ur_driver/install/move_arm/lib:/home/d-lab/workspace/ros_ur_driver/install/controller_manager/lib:/home/d-lab/workspace/ros_ur_driver/install/ros2_control_demo_hardware/lib:/home/d-lab/workspace/ros_ur_driver/install/position_controllers/lib:/home/d-lab/workspace/ros_ur_driver/install/move_arm_interface/lib:/home/d-lab/workspace/ros_ur_driver/install/joint_trajectory_controller/lib:/home/d-lab/workspace/ros_ur_driver/install/joint_state_controller/lib:/home/d-lab/workspace/ros_ur_driver/install/joint_state_broadcaster/lib:/home/d-lab/workspace/ros_ur_driver/install/imu_sensor_broadcaster/lib:/home/d-lab/workspace/ros_ur_driver/install/gripper_controllers/lib:/home/d-lab/workspace/ros_ur_driver/install/effort_controllers/lib:/home/d-lab/workspace/ros_ur_driver/install/forward_command_controller/lib:/home/d-lab/workspace/ros_ur_driver/install/force_torque_sensor_broadcaster/lib:/home/d-lab/workspace/ros_ur_driver/install/diff_drive_controller/lib:/home/d-lab/workspace/ros_ur_driver/install/cartesian_compliance_controller/lib:/home/d-lab/workspace/ros_ur_driver/install/cartesian_motion_controller/lib:/home/d-lab/workspace/ros_ur_driver/install/cartesian_force_controller/lib:/home/d-lab/workspace/ros_ur_driver/install/cartesian_controller_handles/lib:/home/d-lab/workspace/ros_ur_driver/install/cartesian_controller_base/lib:/home/d-lab/workspace/ros_ur_driver/install/controller_interface/lib:/home/d-lab/workspace/ros_ur_driver/install/hardware_interface/lib:/home/d-lab/workspace/ros_ur_driver/install/filters/lib:/home/d-lab/workspace/ros_ur_driver/install/controller_manager_msgs/lib:/home/d-lab/workspace/ros_ur_driver/install/control_msgs/lib:/home/d-lab/workspace/ros_ur_driver/install/chomp_motion_planner/lib:/home/d-lab/workspace/ros_ur_driver/install/action_tutorials_interfaces/lib:/opt/ros/foxy/opt/yaml_cpp_vendor/lib:/opt/ros/foxy/opt/rviz_ogre_vendor/lib:/opt/ros/foxy/lib/x86_64-linux-gnu:/opt/ros/foxy/lib PYTHONPATH=/home/d-lab/workspace/ros_ur_driver/install/graph_msgs/lib/python3.8/site-packages:/home/d-lab/workspace/ros_ur_driver/install/warehouse_ros_mongo/lib/python3.8/site-packages:/home/d-lab/workspace/ros_ur_driver/install/utils/lib/python3.8/site-packages:/home/d-lab/workspace/ros_ur_driver/install/ur_msgs/lib/python3.8/site-packages:/home/d-lab/workspace/ros_ur_driver/install/ur_dashboard_msgs/lib/python3.8/site-packages:/home/d-lab/workspace/ros_ur_driver/install/srdfdom/lib/python3.8/site-packages:/home/d-lab/workspace/ros_ur_driver/install/move_arm/lib/python3.8/site-packages:/home/d-lab/workspace/ros_ur_driver/install/ros2controlcli/lib/python3.8/site-packages:/home/d-lab/workspace/ros_ur_driver/install/ros2_control_test_nodes/lib/python3.8/site-packages:/home/d-lab/workspace/ros_ur_driver/install/controller_manager/lib/python3.8/site-packages:/home/d-lab/workspace/ros_ur_driver/install/robotiq_control/lib/python3.8/site-packages:/home/d-lab/workspace/ros_ur_driver/install/move_arm_interface/lib/python3.8/site-packages:/home/d-lab/workspace/ros_ur_driver/install/gripper_control/lib/python3.8/site-packages:/home/d-lab/workspace/ros_ur_driver/install/controller_manager_msgs/lib/python3.8/site-packages:/home/d-lab/workspace/ros_ur_driver/install/control_msgs/lib/python3.8/site-packages:/home/d-lab/workspace/ros_ur_driver/install/action_tutorials_interfaces/lib/python3.8/site-packages:/opt/ros/foxy/lib/python3.8/site-packages /usr/bin/cmake --build /home/d-lab/workspace/ros_ur_driver/build/move_arm -- -j16 -l16
[6.919s] Invoking command in '/home/d-lab/workspace/ros_ur_driver/build/move_arm': CMAKE_PREFIX_PATH=/home/d-lab/workspace/ros_ur_driver/install/moveit_visual_tools:/home/d-lab/workspace/ros_ur_driver/install/rviz_visual_tools:/home/d-lab/workspace/ros_ur_driver/install/graph_msgs:/home/d-lab/workspace/ros_ur_driver/install/eigen3_cmake_module:/home/d-lab/workspace/ros_ur_driver/install/run_ompl_constrained_planning:/home/d-lab/workspace/ros_ur_driver/install/run_moveit_cpp:/home/d-lab/workspace/ros_ur_driver/install/run_move_group:/home/d-lab/workspace/ros_ur_driver/install/warehouse_ros_mongo:/home/d-lab/workspace/ros_ur_driver/install/ros2_controllers:/home/d-lab/workspace/ros_ur_driver/install/velocity_controllers:/home/d-lab/workspace/ros_ur_driver/install/ur_robot_driver:/home/d-lab/workspace/ros_ur_driver/install/ur_controllers:/home/d-lab/workspace/ros_ur_driver/install/ur_msgs:/home/d-lab/workspace/ros_ur_driver/install/ur_moveit_config:/home/d-lab/workspace/ros_ur_driver/install/ur_description:/home/d-lab/workspace/ros_ur_driver/install/ur_dashboard_msgs:/home/d-lab/workspace/ros_ur_driver/install/ur_client_library:/home/d-lab/workspace/ros_ur_driver/install/ur_bringup:/home/d-lab/workspace/ros_ur_driver/install/ur5_robotiq_moveit_config:/home/d-lab/workspace/ros_ur_driver/install/transmission_interface:/home/d-lab/workspace/ros_ur_driver/install/srdfdom:/home/d-lab/workspace/ros_ur_driver/install/move_arm:/home/d-lab/workspace/ros_ur_driver/install/ros2_control_demos:/home/d-lab/workspace/ros_ur_driver/install/ros2_control_demo_bringup:/home/d-lab/workspace/ros_ur_driver/install/rrbot_description:/home/d-lab/workspace/ros_ur_driver/install/ros2_control:/home/d-lab/workspace/ros_ur_driver/install/utils:/home/d-lab/workspace/ros_ur_driver/install/ros2controlcli:/home/d-lab/workspace/ros_ur_driver/install/ros2_control_test_nodes:/home/d-lab/workspace/ros_ur_driver/install/robotiq_control:/home/d-lab/workspace/ros_ur_driver/install/gripper_control:/opt/ros/foxy:/home/d-lab/workspace/ros_ur_driver/install/cartesian_controller_examples:/home/d-lab/workspace/ros_ur_driver/install/controller_manager:/home/d-lab/workspace/ros_ur_driver/install/ros2_control_test_assets:/home/d-lab/workspace/ros_ur_driver/install/ros2_control_demo_hardware:/home/d-lab/workspace/ros_ur_driver/install/robotiq_description:/home/d-lab/workspace/ros_ur_driver/install/position_controllers:/home/d-lab/workspace/ros_ur_driver/install/move_arm_cpp:/home/d-lab/workspace/ros_ur_driver/install/move_arm_interface:/home/d-lab/workspace/ros_ur_driver/install/joint_trajectory_controller:/home/d-lab/workspace/ros_ur_driver/install/joint_state_controller:/home/d-lab/workspace/ros_ur_driver/install/joint_state_broadcaster:/home/d-lab/workspace/ros_ur_driver/install/imu_sensor_broadcaster:/home/d-lab/workspace/ros_ur_driver/install/gripper_controllers:/home/d-lab/workspace/ros_ur_driver/install/effort_controllers:/home/d-lab/workspace/ros_ur_driver/install/forward_command_controller:/home/d-lab/workspace/ros_ur_driver/install/force_torque_sensor_broadcaster:/home/d-lab/workspace/ros_ur_driver/install/diff_drive_controller:/home/d-lab/workspace/ros_ur_driver/install/cartesian_compliance_controller:/home/d-lab/workspace/ros_ur_driver/install/cartesian_motion_controller:/home/d-lab/workspace/ros_ur_driver/install/cartesian_force_controller:/home/d-lab/workspace/ros_ur_driver/install/cartesian_controller_handles:/home/d-lab/workspace/ros_ur_driver/install/cartesian_controller_base:/home/d-lab/workspace/ros_ur_driver/install/controller_interface:/home/d-lab/workspace/ros_ur_driver/install/hardware_interface:/home/d-lab/workspace/ros_ur_driver/install/filters:/home/d-lab/workspace/ros_ur_driver/install/diffbot_description:/home/d-lab/workspace/ros_ur_driver/install/controller_manager_msgs:/home/d-lab/workspace/ros_ur_driver/install/control_msgs:/home/d-lab/workspace/ros_ur_driver/install/chomp_motion_planner:/home/d-lab/workspace/ros_ur_driver/install/action_tutorials_interfaces LD_LIBRARY_PATH=/home/d-lab/workspace/ros_ur_driver/install/moveit_visual_tools/lib:/home/d-lab/workspace/ros_ur_driver/install/rviz_visual_tools/lib:/home/d-lab/workspace/ros_ur_driver/install/graph_msgs/lib:/home/d-lab/workspace/ros_ur_driver/install/warehouse_ros_mongo/lib:/home/d-lab/workspace/ros_ur_driver/install/velocity_controllers/lib:/home/d-lab/workspace/ros_ur_driver/install/ur_robot_driver/lib:/home/d-lab/workspace/ros_ur_driver/install/ur_controllers/lib:/home/d-lab/workspace/ros_ur_driver/install/ur_msgs/lib:/home/d-lab/workspace/ros_ur_driver/install/ur_dashboard_msgs/lib:/home/d-lab/workspace/ros_ur_driver/install/ur_client_library/lib:/home/d-lab/workspace/ros_ur_driver/install/srdfdom/lib:/home/d-lab/workspace/ros_ur_driver/install/move_arm/lib:/home/d-lab/workspace/ros_ur_driver/install/controller_manager/lib:/home/d-lab/workspace/ros_ur_driver/install/ros2_control_demo_hardware/lib:/home/d-lab/workspace/ros_ur_driver/install/position_controllers/lib:/home/d-lab/workspace/ros_ur_driver/install/move_arm_interface/lib:/home/d-lab/workspace/ros_ur_driver/install/joint_trajectory_controller/lib:/home/d-lab/workspace/ros_ur_driver/install/joint_state_controller/lib:/home/d-lab/workspace/ros_ur_driver/install/joint_state_broadcaster/lib:/home/d-lab/workspace/ros_ur_driver/install/imu_sensor_broadcaster/lib:/home/d-lab/workspace/ros_ur_driver/install/gripper_controllers/lib:/home/d-lab/workspace/ros_ur_driver/install/effort_controllers/lib:/home/d-lab/workspace/ros_ur_driver/install/forward_command_controller/lib:/home/d-lab/workspace/ros_ur_driver/install/force_torque_sensor_broadcaster/lib:/home/d-lab/workspace/ros_ur_driver/install/diff_drive_controller/lib:/home/d-lab/workspace/ros_ur_driver/install/cartesian_compliance_controller/lib:/home/d-lab/workspace/ros_ur_driver/install/cartesian_motion_controller/lib:/home/d-lab/workspace/ros_ur_driver/install/cartesian_force_controller/lib:/home/d-lab/workspace/ros_ur_driver/install/cartesian_controller_handles/lib:/home/d-lab/workspace/ros_ur_driver/install/cartesian_controller_base/lib:/home/d-lab/workspace/ros_ur_driver/install/controller_interface/lib:/home/d-lab/workspace/ros_ur_driver/install/hardware_interface/lib:/home/d-lab/workspace/ros_ur_driver/install/filters/lib:/home/d-lab/workspace/ros_ur_driver/install/controller_manager_msgs/lib:/home/d-lab/workspace/ros_ur_driver/install/control_msgs/lib:/home/d-lab/workspace/ros_ur_driver/install/chomp_motion_planner/lib:/home/d-lab/workspace/ros_ur_driver/install/action_tutorials_interfaces/lib:/opt/ros/foxy/opt/yaml_cpp_vendor/lib:/opt/ros/foxy/opt/rviz_ogre_vendor/lib:/opt/ros/foxy/lib/x86_64-linux-gnu:/opt/ros/foxy/lib PYTHONPATH=/home/d-lab/workspace/ros_ur_driver/install/graph_msgs/lib/python3.8/site-packages:/home/d-lab/workspace/ros_ur_driver/install/warehouse_ros_mongo/lib/python3.8/site-packages:/home/d-lab/workspace/ros_ur_driver/install/utils/lib/python3.8/site-packages:/home/d-lab/workspace/ros_ur_driver/install/ur_msgs/lib/python3.8/site-packages:/home/d-lab/workspace/ros_ur_driver/install/ur_dashboard_msgs/lib/python3.8/site-packages:/home/d-lab/workspace/ros_ur_driver/install/srdfdom/lib/python3.8/site-packages:/home/d-lab/workspace/ros_ur_driver/install/move_arm/lib/python3.8/site-packages:/home/d-lab/workspace/ros_ur_driver/install/ros2controlcli/lib/python3.8/site-packages:/home/d-lab/workspace/ros_ur_driver/install/ros2_control_test_nodes/lib/python3.8/site-packages:/home/d-lab/workspace/ros_ur_driver/install/controller_manager/lib/python3.8/site-packages:/home/d-lab/workspace/ros_ur_driver/install/robotiq_control/lib/python3.8/site-packages:/home/d-lab/workspace/ros_ur_driver/install/move_arm_interface/lib/python3.8/site-packages:/home/d-lab/workspace/ros_ur_driver/install/gripper_control/lib/python3.8/site-packages:/home/d-lab/workspace/ros_ur_driver/install/controller_manager_msgs/lib/python3.8/site-packages:/home/d-lab/workspace/ros_ur_driver/install/control_msgs/lib/python3.8/site-packages:/home/d-lab/workspace/ros_ur_driver/install/action_tutorials_interfaces/lib/python3.8/site-packages:/opt/ros/foxy/lib/python3.8/site-packages /usr/bin/cmake --install /home/d-lab/workspace/ros_ur_driver/build/move_arm
[6.926s] -- Install configuration: "Release"
[6.926s] -- Up-to-date: /home/d-lab/workspace/ros_ur_driver/install/move_arm/share/ament_index/resource_index/rosidl_interfaces/move_arm
[6.926s] -- Up-to-date: /home/d-lab/workspace/ros_ur_driver/install/move_arm/include/move_arm
[6.926s] -- Up-to-date: /home/d-lab/workspace/ros_ur_driver/install/move_arm/include/move_arm/action
[6.926s] -- Installing: /home/d-lab/workspace/ros_ur_driver/install/move_arm/include/move_arm/action/move_arm.h
[6.926s] -- Up-to-date: /home/d-lab/workspace/ros_ur_driver/install/move_arm/include/move_arm/action/detail
[6.926s] -- Installing: /home/d-lab/workspace/ros_ur_driver/install/move_arm/include/move_arm/action/detail/move_arm__functions.h
[6.926s] -- Installing: /home/d-lab/workspace/ros_ur_driver/install/move_arm/include/move_arm/action/detail/move_arm__type_support.h
[6.927s] -- Installing: /home/d-lab/workspace/ros_ur_driver/install/move_arm/include/move_arm/action/detail/move_arm__functions.c
[6.927s] -- Installing: /home/d-lab/workspace/ros_ur_driver/install/move_arm/include/move_arm/action/detail/move_arm__struct.h
[6.927s] -- Up-to-date: /home/d-lab/workspace/ros_ur_driver/install/move_arm/include/move_arm/msg
[6.927s] -- Up-to-date: /home/d-lab/workspace/ros_ur_driver/install/move_arm/include/move_arm/msg/rosidl_generator_c__visibility_control.h
[6.927s] -- Up-to-date: /home/d-lab/workspace/ros_ur_driver/install/move_arm/share/move_arm/environment/library_path.sh
[6.927s] -- Installing: /home/d-lab/workspace/ros_ur_driver/install/move_arm/share/move_arm/environment/library_path.dsv
[6.927s] -- Installing: /home/d-lab/workspace/ros_ur_driver/install/move_arm/lib/libmove_arm__rosidl_generator_c.so
[6.927s] -- Set runtime path of "/home/d-lab/workspace/ros_ur_driver/install/move_arm/lib/libmove_arm__rosidl_generator_c.so" to ""
[6.927s] -- Up-to-date: /home/d-lab/workspace/ros_ur_driver/install/move_arm/include/move_arm
[6.927s] -- Up-to-date: /home/d-lab/workspace/ros_ur_driver/install/move_arm/include/move_arm/action
[6.927s] -- Up-to-date: /home/d-lab/workspace/ros_ur_driver/install/move_arm/include/move_arm/action/detail
[6.927s] -- Installing: /home/d-lab/workspace/ros_ur_driver/install/move_arm/include/move_arm/action/detail/move_arm__rosidl_typesupport_fastrtps_c.h
[6.927s] -- Up-to-date: /home/d-lab/workspace/ros_ur_driver/install/move_arm/include/move_arm/msg
[6.927s] -- Up-to-date: /home/d-lab/workspace/ros_ur_driver/install/move_arm/include/move_arm/msg/rosidl_typesupport_fastrtps_c__visibility_control.h
[6.927s] -- Installing: /home/d-lab/workspace/ros_ur_driver/install/move_arm/lib/libmove_arm__rosidl_typesupport_fastrtps_c.so
[6.927s] -- Set runtime path of "/home/d-lab/workspace/ros_ur_driver/install/move_arm/lib/libmove_arm__rosidl_typesupport_fastrtps_c.so" to ""
[6.927s] -- Up-to-date: /home/d-lab/workspace/ros_ur_driver/install/move_arm/include/move_arm
[6.927s] -- Up-to-date: /home/d-lab/workspace/ros_ur_driver/install/move_arm/include/move_arm/action
[6.928s] -- Up-to-date: /home/d-lab/workspace/ros_ur_driver/install/move_arm/include/move_arm/action/detail
[6.928s] -- Up-to-date: /home/d-lab/workspace/ros_ur_driver/install/move_arm/include/move_arm/action/detail/dds_fastrtps
[6.928s] -- Installing: /home/d-lab/workspace/ros_ur_driver/install/move_arm/include/move_arm/action/detail/move_arm__rosidl_typesupport_fastrtps_cpp.hpp
[6.928s] -- Up-to-date: /home/d-lab/workspace/ros_ur_driver/install/move_arm/include/move_arm/msg
[6.928s] -- Up-to-date: /home/d-lab/workspace/ros_ur_driver/install/move_arm/include/move_arm/msg/rosidl_typesupport_fastrtps_cpp__visibility_control.h
[6.928s] -- Installing: /home/d-lab/workspace/ros_ur_driver/install/move_arm/lib/libmove_arm__rosidl_typesupport_fastrtps_cpp.so
[6.928s] -- Set runtime path of "/home/d-lab/workspace/ros_ur_driver/install/move_arm/lib/libmove_arm__rosidl_typesupport_fastrtps_cpp.so" to ""
[6.928s] -- Up-to-date: /home/d-lab/workspace/ros_ur_driver/install/move_arm/include/move_arm
[6.928s] -- Up-to-date: /home/d-lab/workspace/ros_ur_driver/install/move_arm/include/move_arm/action
[6.928s] -- Up-to-date: /home/d-lab/workspace/ros_ur_driver/install/move_arm/include/move_arm/action/detail
[6.928s] -- Installing: /home/d-lab/workspace/ros_ur_driver/install/move_arm/include/move_arm/action/detail/move_arm__type_support.c
[6.928s] -- Installing: /home/d-lab/workspace/ros_ur_driver/install/move_arm/include/move_arm/action/detail/move_arm__rosidl_typesupport_introspection_c.h
[6.928s] -- Up-to-date: /home/d-lab/workspace/ros_ur_driver/install/move_arm/include/move_arm/msg
[6.928s] -- Up-to-date: /home/d-lab/workspace/ros_ur_driver/install/move_arm/include/move_arm/msg/rosidl_typesupport_introspection_c__visibility_control.h
[6.928s] -- Installing: /home/d-lab/workspace/ros_ur_driver/install/move_arm/lib/libmove_arm__rosidl_typesupport_introspection_c.so
[6.928s] -- Set runtime path of "/home/d-lab/workspace/ros_ur_driver/install/move_arm/lib/libmove_arm__rosidl_typesupport_introspection_c.so" to ""
[6.928s] -- Installing: /home/d-lab/workspace/ros_ur_driver/install/move_arm/lib/libmove_arm__rosidl_typesupport_c.so
[6.928s] -- Set runtime path of "/home/d-lab/workspace/ros_ur_driver/install/move_arm/lib/libmove_arm__rosidl_typesupport_c.so" to ""
[6.928s] -- Up-to-date: /home/d-lab/workspace/ros_ur_driver/install/move_arm/include/move_arm
[6.929s] -- Up-to-date: /home/d-lab/workspace/ros_ur_driver/install/move_arm/include/move_arm/action
[6.929s] -- Installing: /home/d-lab/workspace/ros_ur_driver/install/move_arm/include/move_arm/action/move_arm.hpp
[6.930s] -- Up-to-date: /home/d-lab/workspace/ros_ur_driver/install/move_arm/include/move_arm/action/detail
[6.930s] -- Installing: /home/d-lab/workspace/ros_ur_driver/install/move_arm/include/move_arm/action/detail/move_arm__traits.hpp
[6.930s] -- Installing: /home/d-lab/workspace/ros_ur_driver/install/move_arm/include/move_arm/action/detail/move_arm__builder.hpp
[6.930s] -- Installing: /home/d-lab/workspace/ros_ur_driver/install/move_arm/include/move_arm/action/detail/move_arm__struct.hpp
[6.930s] -- Up-to-date: /home/d-lab/workspace/ros_ur_driver/install/move_arm/include/move_arm
[6.930s] -- Up-to-date: /home/d-lab/workspace/ros_ur_driver/install/move_arm/include/move_arm/action
[6.930s] -- Up-to-date: /home/d-lab/workspace/ros_ur_driver/install/move_arm/include/move_arm/action/detail
[6.930s] -- Installing: /home/d-lab/workspace/ros_ur_driver/install/move_arm/include/move_arm/action/detail/move_arm__type_support.cpp
[6.930s] -- Installing: /home/d-lab/workspace/ros_ur_driver/install/move_arm/include/move_arm/action/detail/move_arm__rosidl_typesupport_introspection_cpp.hpp
[6.930s] -- Installing: /home/d-lab/workspace/ros_ur_driver/install/move_arm/lib/libmove_arm__rosidl_typesupport_introspection_cpp.so
[6.931s] -- Set runtime path of "/home/d-lab/workspace/ros_ur_driver/install/move_arm/lib/libmove_arm__rosidl_typesupport_introspection_cpp.so" to ""
[6.931s] -- Installing: /home/d-lab/workspace/ros_ur_driver/install/move_arm/lib/libmove_arm__rosidl_typesupport_cpp.so
[6.931s] -- Set runtime path of "/home/d-lab/workspace/ros_ur_driver/install/move_arm/lib/libmove_arm__rosidl_typesupport_cpp.so" to ""
[6.931s] -- Up-to-date: /home/d-lab/workspace/ros_ur_driver/install/move_arm/share/move_arm/environment/pythonpath.sh
[6.931s] -- Installing: /home/d-lab/workspace/ros_ur_driver/install/move_arm/share/move_arm/environment/pythonpath.dsv
[6.931s] -- Installing: /home/d-lab/workspace/ros_ur_driver/install/move_arm/lib/python3.8/site-packages/move_arm/__init__.py
[6.953s] Compiling '/home/d-lab/workspace/ros_ur_driver/install/move_arm/lib/python3.8/site-packages/move_arm/__init__.py'...
[6.956s] -- Up-to-date: /home/d-lab/workspace/ros_ur_driver/install/move_arm/lib/python3.8/site-packages/move_arm/action
[6.956s] -- Installing: /home/d-lab/workspace/ros_ur_driver/install/move_arm/lib/python3.8/site-packages/move_arm/action/_move_arm_s.c
[6.956s] -- Installing: /home/d-lab/workspace/ros_ur_driver/install/move_arm/lib/python3.8/site-packages/move_arm/action/_move_arm.py
[6.956s] -- Installing: /home/d-lab/workspace/ros_ur_driver/install/move_arm/lib/python3.8/site-packages/move_arm/action/__init__.py
[6.956s] -- Installing: /home/d-lab/workspace/ros_ur_driver/install/move_arm/lib/python3.8/site-packages/move_arm/move_arm_s__rosidl_typesupport_fastrtps_c.cpython-38-x86_64-linux-gnu.so
[6.956s] -- Set runtime path of "/home/d-lab/workspace/ros_ur_driver/install/move_arm/lib/python3.8/site-packages/move_arm/move_arm_s__rosidl_typesupport_fastrtps_c.cpython-38-x86_64-linux-gnu.so" to ""
[6.956s] -- Installing: /home/d-lab/workspace/ros_ur_driver/install/move_arm/lib/python3.8/site-packages/move_arm/move_arm_s__rosidl_typesupport_introspection_c.cpython-38-x86_64-linux-gnu.so
[6.957s] -- Set runtime path of "/home/d-lab/workspace/ros_ur_driver/install/move_arm/lib/python3.8/site-packages/move_arm/move_arm_s__rosidl_typesupport_introspection_c.cpython-38-x86_64-linux-gnu.so" to ""
[6.957s] -- Installing: /home/d-lab/workspace/ros_ur_driver/install/move_arm/lib/python3.8/site-packages/move_arm/move_arm_s__rosidl_typesupport_c.cpython-38-x86_64-linux-gnu.so
[6.957s] -- Set runtime path of "/home/d-lab/workspace/ros_ur_driver/install/move_arm/lib/python3.8/site-packages/move_arm/move_arm_s__rosidl_typesupport_c.cpython-38-x86_64-linux-gnu.so" to ""
[6.958s] -- Installing: /home/d-lab/workspace/ros_ur_driver/install/move_arm/lib/libmove_arm__python.so
[6.958s] -- Set runtime path of "/home/d-lab/workspace/ros_ur_driver/install/move_arm/lib/libmove_arm__python.so" to ""
[6.958s] -- Installing: /home/d-lab/workspace/ros_ur_driver/install/move_arm/share/move_arm/action/MoveArm.idl
[6.958s] -- Installing: /home/d-lab/workspace/ros_ur_driver/install/move_arm/share/move_arm/action/MoveArm.action
[6.958s] -- Up-to-date: /home/d-lab/workspace/ros_ur_driver/install/move_arm/lib/move_arm/move_to_point
[6.958s] -- Up-to-date: /home/d-lab/workspace/ros_ur_driver/install/move_arm/share/move_arm/launch
[6.958s] -- Up-to-date: /home/d-lab/workspace/ros_ur_driver/install/move_arm/share/move_arm/launch/move_arm.launch.py
[6.958s] -- Up-to-date: /home/d-lab/workspace/ros_ur_driver/install/move_arm/share/move_arm/action
[6.958s] -- Up-to-date: /home/d-lab/workspace/ros_ur_driver/install/move_arm/share/move_arm/action/MoveArm.action
[6.958s] -- Up-to-date: /home/d-lab/workspace/ros_ur_driver/install/move_arm/share/ament_index/resource_index/package_run_dependencies/move_arm
[6.958s] -- Installing: /home/d-lab/workspace/ros_ur_driver/install/move_arm/share/ament_index/resource_index/parent_prefix_path/move_arm
[6.958s] -- Up-to-date: /home/d-lab/workspace/ros_ur_driver/install/move_arm/share/move_arm/environment/ament_prefix_path.sh
[6.958s] -- Installing: /home/d-lab/workspace/ros_ur_driver/install/move_arm/share/move_arm/environment/ament_prefix_path.dsv
[6.958s] -- Up-to-date: /home/d-lab/workspace/ros_ur_driver/install/move_arm/share/move_arm/environment/path.sh
[6.958s] -- Installing: /home/d-lab/workspace/ros_ur_driver/install/move_arm/share/move_arm/environment/path.dsv
[6.959s] -- Up-to-date: /home/d-lab/workspace/ros_ur_driver/install/move_arm/share/move_arm/local_setup.bash
[6.959s] -- Up-to-date: /home/d-lab/workspace/ros_ur_driver/install/move_arm/share/move_arm/local_setup.sh
[6.959s] -- Up-to-date: /home/d-lab/workspace/ros_ur_driver/install/move_arm/share/move_arm/local_setup.zsh
[6.959s] -- Installing: /home/d-lab/workspace/ros_ur_driver/install/move_arm/share/move_arm/local_setup.dsv
[6.959s] -- Installing: /home/d-lab/workspace/ros_ur_driver/install/move_arm/share/move_arm/package.dsv
[6.959s] -- Up-to-date: /home/d-lab/workspace/ros_ur_driver/install/move_arm/share/ament_index/resource_index/packages/move_arm
[6.959s] -- Up-to-date: /home/d-lab/workspace/ros_ur_driver/install/move_arm/share/move_arm/cmake/move_arm__rosidl_generator_cExport.cmake
[6.959s] -- Installing: /home/d-lab/workspace/ros_ur_driver/install/move_arm/share/move_arm/cmake/move_arm__rosidl_generator_cExport-release.cmake
[6.959s] -- Up-to-date: /home/d-lab/workspace/ros_ur_driver/install/move_arm/share/move_arm/cmake/move_arm__rosidl_typesupport_introspection_cExport.cmake
[6.959s] -- Installing: /home/d-lab/workspace/ros_ur_driver/install/move_arm/share/move_arm/cmake/move_arm__rosidl_typesupport_introspection_cExport-release.cmake
[6.959s] -- Up-to-date: /home/d-lab/workspace/ros_ur_driver/install/move_arm/share/move_arm/cmake/move_arm__rosidl_typesupport_cExport.cmake
[6.959s] -- Installing: /home/d-lab/workspace/ros_ur_driver/install/move_arm/share/move_arm/cmake/move_arm__rosidl_typesupport_cExport-release.cmake
[6.959s] -- Up-to-date: /home/d-lab/workspace/ros_ur_driver/install/move_arm/share/move_arm/cmake/move_arm__rosidl_generator_cppExport.cmake
[6.959s] -- Up-to-date: /home/d-lab/workspace/ros_ur_driver/install/move_arm/share/move_arm/cmake/move_arm__rosidl_typesupport_introspection_cppExport.cmake
[6.959s] -- Installing: /home/d-lab/workspace/ros_ur_driver/install/move_arm/share/move_arm/cmake/move_arm__rosidl_typesupport_introspection_cppExport-release.cmake
[6.959s] -- Up-to-date: /home/d-lab/workspace/ros_ur_driver/install/move_arm/share/move_arm/cmake/move_arm__rosidl_typesupport_cppExport.cmake
[6.959s] -- Installing: /home/d-lab/workspace/ros_ur_driver/install/move_arm/share/move_arm/cmake/move_arm__rosidl_typesupport_cppExport-release.cmake
[6.959s] -- Up-to-date: /home/d-lab/workspace/ros_ur_driver/install/move_arm/share/move_arm/cmake/rosidl_cmake-extras.cmake
[6.960s] -- Up-to-date: /home/d-lab/workspace/ros_ur_driver/install/move_arm/share/move_arm/cmake/ament_cmake_export_dependencies-extras.cmake
[6.960s] -- Up-to-date: /home/d-lab/workspace/ros_ur_driver/install/move_arm/share/move_arm/cmake/ament_cmake_export_libraries-extras.cmake
[6.960s] -- Up-to-date: /home/d-lab/workspace/ros_ur_driver/install/move_arm/share/move_arm/cmake/ament_cmake_export_targets-extras.cmake
[6.960s] -- Up-to-date: /home/d-lab/workspace/ros_ur_driver/install/move_arm/share/move_arm/cmake/ament_cmake_export_include_directories-extras.cmake
[6.960s] -- Up-to-date: /home/d-lab/workspace/ros_ur_driver/install/move_arm/share/move_arm/cmake/rosidl_cmake_export_typesupport_libraries-extras.cmake
[6.960s] -- Up-to-date: /home/d-lab/workspace/ros_ur_driver/install/move_arm/share/move_arm/cmake/rosidl_cmake_export_typesupport_targets-extras.cmake
[6.960s] -- Up-to-date: /home/d-lab/workspace/ros_ur_driver/install/move_arm/share/move_arm/cmake/move_armConfig.cmake
[6.960s] -- Up-to-date: /home/d-lab/workspace/ros_ur_driver/install/move_arm/share/move_arm/cmake/move_armConfig-version.cmake
[6.960s] -- Up-to-date: /home/d-lab/workspace/ros_ur_driver/install/move_arm/share/move_arm/package.xml
[6.962s] Invoked command in '/home/d-lab/workspace/ros_ur_driver/build/move_arm' returned '0': CMAKE_PREFIX_PATH=/home/d-lab/workspace/ros_ur_driver/install/moveit_visual_tools:/home/d-lab/workspace/ros_ur_driver/install/rviz_visual_tools:/home/d-lab/workspace/ros_ur_driver/install/graph_msgs:/home/d-lab/workspace/ros_ur_driver/install/eigen3_cmake_module:/home/d-lab/workspace/ros_ur_driver/install/run_ompl_constrained_planning:/home/d-lab/workspace/ros_ur_driver/install/run_moveit_cpp:/home/d-lab/workspace/ros_ur_driver/install/run_move_group:/home/d-lab/workspace/ros_ur_driver/install/warehouse_ros_mongo:/home/d-lab/workspace/ros_ur_driver/install/ros2_controllers:/home/d-lab/workspace/ros_ur_driver/install/velocity_controllers:/home/d-lab/workspace/ros_ur_driver/install/ur_robot_driver:/home/d-lab/workspace/ros_ur_driver/install/ur_controllers:/home/d-lab/workspace/ros_ur_driver/install/ur_msgs:/home/d-lab/workspace/ros_ur_driver/install/ur_moveit_config:/home/d-lab/workspace/ros_ur_driver/install/ur_description:/home/d-lab/workspace/ros_ur_driver/install/ur_dashboard_msgs:/home/d-lab/workspace/ros_ur_driver/install/ur_client_library:/home/d-lab/workspace/ros_ur_driver/install/ur_bringup:/home/d-lab/workspace/ros_ur_driver/install/ur5_robotiq_moveit_config:/home/d-lab/workspace/ros_ur_driver/install/transmission_interface:/home/d-lab/workspace/ros_ur_driver/install/srdfdom:/home/d-lab/workspace/ros_ur_driver/install/move_arm:/home/d-lab/workspace/ros_ur_driver/install/ros2_control_demos:/home/d-lab/workspace/ros_ur_driver/install/ros2_control_demo_bringup:/home/d-lab/workspace/ros_ur_driver/install/rrbot_description:/home/d-lab/workspace/ros_ur_driver/install/ros2_control:/home/d-lab/workspace/ros_ur_driver/install/utils:/home/d-lab/workspace/ros_ur_driver/install/ros2controlcli:/home/d-lab/workspace/ros_ur_driver/install/ros2_control_test_nodes:/home/d-lab/workspace/ros_ur_driver/install/robotiq_control:/home/d-lab/workspace/ros_ur_driver/install/gripper_control:/opt/ros/foxy:/home/d-lab/workspace/ros_ur_driver/install/cartesian_controller_examples:/home/d-lab/workspace/ros_ur_driver/install/controller_manager:/home/d-lab/workspace/ros_ur_driver/install/ros2_control_test_assets:/home/d-lab/workspace/ros_ur_driver/install/ros2_control_demo_hardware:/home/d-lab/workspace/ros_ur_driver/install/robotiq_description:/home/d-lab/workspace/ros_ur_driver/install/position_controllers:/home/d-lab/workspace/ros_ur_driver/install/move_arm_cpp:/home/d-lab/workspace/ros_ur_driver/install/move_arm_interface:/home/d-lab/workspace/ros_ur_driver/install/joint_trajectory_controller:/home/d-lab/workspace/ros_ur_driver/install/joint_state_controller:/home/d-lab/workspace/ros_ur_driver/install/joint_state_broadcaster:/home/d-lab/workspace/ros_ur_driver/install/imu_sensor_broadcaster:/home/d-lab/workspace/ros_ur_driver/install/gripper_controllers:/home/d-lab/workspace/ros_ur_driver/install/effort_controllers:/home/d-lab/workspace/ros_ur_driver/install/forward_command_controller:/home/d-lab/workspace/ros_ur_driver/install/force_torque_sensor_broadcaster:/home/d-lab/workspace/ros_ur_driver/install/diff_drive_controller:/home/d-lab/workspace/ros_ur_driver/install/cartesian_compliance_controller:/home/d-lab/workspace/ros_ur_driver/install/cartesian_motion_controller:/home/d-lab/workspace/ros_ur_driver/install/cartesian_force_controller:/home/d-lab/workspace/ros_ur_driver/install/cartesian_controller_handles:/home/d-lab/workspace/ros_ur_driver/install/cartesian_controller_base:/home/d-lab/workspace/ros_ur_driver/install/controller_interface:/home/d-lab/workspace/ros_ur_driver/install/hardware_interface:/home/d-lab/workspace/ros_ur_driver/install/filters:/home/d-lab/workspace/ros_ur_driver/install/diffbot_description:/home/d-lab/workspace/ros_ur_driver/install/controller_manager_msgs:/home/d-lab/workspace/ros_ur_driver/install/control_msgs:/home/d-lab/workspace/ros_ur_driver/install/chomp_motion_planner:/home/d-lab/workspace/ros_ur_driver/install/action_tutorials_interfaces LD_LIBRARY_PATH=/home/d-lab/workspace/ros_ur_driver/install/moveit_visual_tools/lib:/home/d-lab/workspace/ros_ur_driver/install/rviz_visual_tools/lib:/home/d-lab/workspace/ros_ur_driver/install/graph_msgs/lib:/home/d-lab/workspace/ros_ur_driver/install/warehouse_ros_mongo/lib:/home/d-lab/workspace/ros_ur_driver/install/velocity_controllers/lib:/home/d-lab/workspace/ros_ur_driver/install/ur_robot_driver/lib:/home/d-lab/workspace/ros_ur_driver/install/ur_controllers/lib:/home/d-lab/workspace/ros_ur_driver/install/ur_msgs/lib:/home/d-lab/workspace/ros_ur_driver/install/ur_dashboard_msgs/lib:/home/d-lab/workspace/ros_ur_driver/install/ur_client_library/lib:/home/d-lab/workspace/ros_ur_driver/install/srdfdom/lib:/home/d-lab/workspace/ros_ur_driver/install/move_arm/lib:/home/d-lab/workspace/ros_ur_driver/install/controller_manager/lib:/home/d-lab/workspace/ros_ur_driver/install/ros2_control_demo_hardware/lib:/home/d-lab/workspace/ros_ur_driver/install/position_controllers/lib:/home/d-lab/workspace/ros_ur_driver/install/move_arm_interface/lib:/home/d-lab/workspace/ros_ur_driver/install/joint_trajectory_controller/lib:/home/d-lab/workspace/ros_ur_driver/install/joint_state_controller/lib:/home/d-lab/workspace/ros_ur_driver/install/joint_state_broadcaster/lib:/home/d-lab/workspace/ros_ur_driver/install/imu_sensor_broadcaster/lib:/home/d-lab/workspace/ros_ur_driver/install/gripper_controllers/lib:/home/d-lab/workspace/ros_ur_driver/install/effort_controllers/lib:/home/d-lab/workspace/ros_ur_driver/install/forward_command_controller/lib:/home/d-lab/workspace/ros_ur_driver/install/force_torque_sensor_broadcaster/lib:/home/d-lab/workspace/ros_ur_driver/install/diff_drive_controller/lib:/home/d-lab/workspace/ros_ur_driver/install/cartesian_compliance_controller/lib:/home/d-lab/workspace/ros_ur_driver/install/cartesian_motion_controller/lib:/home/d-lab/workspace/ros_ur_driver/install/cartesian_force_controller/lib:/home/d-lab/workspace/ros_ur_driver/install/cartesian_controller_handles/lib:/home/d-lab/workspace/ros_ur_driver/install/cartesian_controller_base/lib:/home/d-lab/workspace/ros_ur_driver/install/controller_interface/lib:/home/d-lab/workspace/ros_ur_driver/install/hardware_interface/lib:/home/d-lab/workspace/ros_ur_driver/install/filters/lib:/home/d-lab/workspace/ros_ur_driver/install/controller_manager_msgs/lib:/home/d-lab/workspace/ros_ur_driver/install/control_msgs/lib:/home/d-lab/workspace/ros_ur_driver/install/chomp_motion_planner/lib:/home/d-lab/workspace/ros_ur_driver/install/action_tutorials_interfaces/lib:/opt/ros/foxy/opt/yaml_cpp_vendor/lib:/opt/ros/foxy/opt/rviz_ogre_vendor/lib:/opt/ros/foxy/lib/x86_64-linux-gnu:/opt/ros/foxy/lib PYTHONPATH=/home/d-lab/workspace/ros_ur_driver/install/graph_msgs/lib/python3.8/site-packages:/home/d-lab/workspace/ros_ur_driver/install/warehouse_ros_mongo/lib/python3.8/site-packages:/home/d-lab/workspace/ros_ur_driver/install/utils/lib/python3.8/site-packages:/home/d-lab/workspace/ros_ur_driver/install/ur_msgs/lib/python3.8/site-packages:/home/d-lab/workspace/ros_ur_driver/install/ur_dashboard_msgs/lib/python3.8/site-packages:/home/d-lab/workspace/ros_ur_driver/install/srdfdom/lib/python3.8/site-packages:/home/d-lab/workspace/ros_ur_driver/install/move_arm/lib/python3.8/site-packages:/home/d-lab/workspace/ros_ur_driver/install/ros2controlcli/lib/python3.8/site-packages:/home/d-lab/workspace/ros_ur_driver/install/ros2_control_test_nodes/lib/python3.8/site-packages:/home/d-lab/workspace/ros_ur_driver/install/controller_manager/lib/python3.8/site-packages:/home/d-lab/workspace/ros_ur_driver/install/robotiq_control/lib/python3.8/site-packages:/home/d-lab/workspace/ros_ur_driver/install/move_arm_interface/lib/python3.8/site-packages:/home/d-lab/workspace/ros_ur_driver/install/gripper_control/lib/python3.8/site-packages:/home/d-lab/workspace/ros_ur_driver/install/controller_manager_msgs/lib/python3.8/site-packages:/home/d-lab/workspace/ros_ur_driver/install/control_msgs/lib/python3.8/site-packages:/home/d-lab/workspace/ros_ur_driver/install/action_tutorials_interfaces/lib/python3.8/site-packages:/opt/ros/foxy/lib/python3.8/site-packages /usr/bin/cmake --install /home/d-lab/workspace/ros_ur_driver/build/move_arm
