[ 33%] Built target gmock
[ 55%] Built target gmock_main
[ 66%] [32mBuilding CXX object CMakeFiles/gripper_action_controller.dir/src/gripper_action_controller.cpp.o[0m
[ 88%] Built target test_load_gripper_action_controllers
In file included from [01m[K/home/d-lab/workspace/ros_ur_driver/src/ros2_controllers/gripper_controllers/include/gripper_controllers/gripper_action_controller.hpp:175[m[K,
                 from [01m[K/home/d-lab/workspace/ros_ur_driver/src/ros2_controllers/gripper_controllers/src/gripper_action_controller.cpp:18[m[K:
/home/d-lab/workspace/ros_ur_driver/src/ros2_controllers/gripper_controllers/include/gripper_controllers/gripper_action_controller.hpp: In instantiation of ‘[01m[Kclass gripper_action_controller::GripperActionController<(& hardware_interface::HW_IF_EFFORT)>[m[K’:
[01m[K/opt/ros/foxy/include/class_loader/meta_object.hpp:218:12:[m[K   required from ‘[01m[KB* class_loader::impl::MetaObject<C, B>::create() const [with C = gripper_action_controller::GripperActionController<(& hardware_interface::HW_IF_EFFORT)>; B = controller_interface::ControllerInterface][m[K’
[01m[K/opt/ros/foxy/include/class_loader/meta_object.hpp:216:7:[m[K   required from here
[01m[K/home/d-lab/workspace/ros_ur_driver/src/ros2_controllers/gripper_controllers/include/gripper_controllers/gripper_action_controller_impl.hpp:39:1:[m[K [01;31m[Kerror: [m[K‘[01m[Krclcpp_lifecycle::node_interfaces::LifecycleNodeInterface::CallbackReturn gripper_action_controller::GripperActionController<HardwareInterface>::on_init() [with const char* HardwareInterface = (& hardware_interface::HW_IF_EFFORT)][m[K’ marked ‘[01m[Koverride[m[K’, but does not override
   39 | [01;31m[KGripperActionController<HardwareInterface>[m[K::on_init()
      | [01;31m[K^~~~~~~~~~~~~~~~~~~~~~~~~~~~~~~~~~~~~~~~~~[m[K
/home/d-lab/workspace/ros_ur_driver/src/ros2_controllers/gripper_controllers/include/gripper_controllers/gripper_action_controller.hpp: In instantiation of ‘[01m[Kclass gripper_action_controller::GripperActionController<(& hardware_interface::HW_IF_POSITION)>[m[K’:
[01m[K/opt/ros/foxy/include/class_loader/meta_object.hpp:218:12:[m[K   required from ‘[01m[KB* class_loader::impl::MetaObject<C, B>::create() const [with C = gripper_action_controller::GripperActionController<(& hardware_interface::HW_IF_POSITION)>; B = controller_interface::ControllerInterface][m[K’
[01m[K/opt/ros/foxy/include/class_loader/meta_object.hpp:216:7:[m[K   required from here
[01m[K/home/d-lab/workspace/ros_ur_driver/src/ros2_controllers/gripper_controllers/include/gripper_controllers/gripper_action_controller_impl.hpp:39:1:[m[K [01;31m[Kerror: [m[K‘[01m[Krclcpp_lifecycle::node_interfaces::LifecycleNodeInterface::CallbackReturn gripper_action_controller::GripperActionController<HardwareInterface>::on_init() [with const char* HardwareInterface = (& hardware_interface::HW_IF_POSITION)][m[K’ marked ‘[01m[Koverride[m[K’, but does not override
In file included from [01m[K/home/d-lab/workspace/ros_ur_driver/src/ros2_controllers/gripper_controllers/include/gripper_controllers/gripper_action_controller.hpp:175[m[K,
                 from [01m[K/home/d-lab/workspace/ros_ur_driver/src/ros2_controllers/gripper_controllers/src/gripper_action_controller.cpp:18[m[K:
[01m[K/home/d-lab/workspace/ros_ur_driver/src/ros2_controllers/gripper_controllers/include/gripper_controllers/gripper_action_controller_impl.hpp:337:1:[m[K [01;35m[Kwarning: [m[K‘[01m[Kgripper_action_controller::GripperActionController<HardwareInterface>::GripperActionController() [with const char* HardwareInterface = (& hardware_interface::HW_IF_EFFORT)][m[K’ used but never defined
  337 | [01;35m[KGripperActionController<HardwareInterface>[m[K::GripperActionController()
      | [01;35m[K^~~~~~~~~~~~~~~~~~~~~~~~~~~~~~~~~~~~~~~~~~[m[K
[01m[K/home/d-lab/workspace/ros_ur_driver/src/ros2_controllers/gripper_controllers/include/gripper_controllers/gripper_action_controller_impl.hpp:337:1:[m[K [01;35m[Kwarning: [m[K‘[01m[Kgripper_action_controller::GripperActionController<HardwareInterface>::GripperActionController() [with const char* HardwareInterface = (& hardware_interface::HW_IF_POSITION)][m[K’ used but never defined
make[2]: *** [CMakeFiles/gripper_action_controller.dir/build.make:63: CMakeFiles/gripper_action_controller.dir/src/gripper_action_controller.cpp.o] Error 1
make[1]: *** [CMakeFiles/Makefile2:123: CMakeFiles/gripper_action_controller.dir/all] Error 2
make: *** [Makefile:141: all] Error 2
