[0.093s] Invoking command in '/home/d-lab/workspace/ros_ur_driver/build/control_msgs': CMAKE_PREFIX_PATH=/home/d-lab/workspace/ros_ur_driver/install/run_ompl_constrained_planning:/home/d-lab/workspace/ros_ur_driver/install/run_moveit_cpp:/home/d-lab/workspace/ros_ur_driver/install/run_move_group:/home/d-lab/workspace/ros_ur_driver/install/warehouse_ros_mongo:/home/d-lab/workspace/ros_ur_driver/install/ros2_controllers:/home/d-lab/workspace/ros_ur_driver/install/velocity_controllers:/home/d-lab/workspace/ros_ur_driver/install/ur_robot_driver:/home/d-lab/workspace/ros_ur_driver/install/ur_controllers:/home/d-lab/workspace/ros_ur_driver/install/ur_msgs:/home/d-lab/workspace/ros_ur_driver/install/ur_moveit_config:/home/d-lab/workspace/ros_ur_driver/install/ur_description:/home/d-lab/workspace/ros_ur_driver/install/ur_dashboard_msgs:/home/d-lab/workspace/ros_ur_driver/install/ur_client_library:/home/d-lab/workspace/ros_ur_driver/install/ur_bringup:/home/d-lab/workspace/ros_ur_driver/install/ur5_robotiq_moveit_config:/home/d-lab/workspace/ros_ur_driver/install/transmission_interface:/home/d-lab/workspace/ros_ur_driver/install/srdfdom:/home/d-lab/workspace/ros_ur_driver/install/move_arm:/home/d-lab/workspace/ros_ur_driver/install/moveit_visual_tools:/home/d-lab/workspace/ros_ur_driver/install/rviz_visual_tools:/home/d-lab/workspace/ros_ur_driver/install/ros2_control_demos:/home/d-lab/workspace/ros_ur_driver/install/ros2_control_demo_bringup:/home/d-lab/workspace/ros_ur_driver/install/rrbot_description:/home/d-lab/workspace/ros_ur_driver/install/ros2_control:/home/d-lab/workspace/ros_ur_driver/install/utils:/home/d-lab/workspace/ros_ur_driver/install/ros2controlcli:/home/d-lab/workspace/ros_ur_driver/install/ros2_control_test_nodes:/home/d-lab/workspace/ros_ur_driver/install/robotiq_control:/home/d-lab/workspace/ros_ur_driver/install/gripper_control:/opt/ros/foxy:/home/d-lab/workspace/ros_ur_driver/install/cartesian_controller_examples:/home/d-lab/workspace/ros_ur_driver/install/controller_manager:/home/d-lab/workspace/ros_ur_driver/install/ros2_control_test_assets:/home/d-lab/workspace/ros_ur_driver/install/ros2_control_demo_hardware:/home/d-lab/workspace/ros_ur_driver/install/robotiq_description:/home/d-lab/workspace/ros_ur_driver/install/position_controllers:/home/d-lab/workspace/ros_ur_driver/install/joint_trajectory_controller:/home/d-lab/workspace/ros_ur_driver/install/joint_state_controller:/home/d-lab/workspace/ros_ur_driver/install/joint_state_broadcaster:/home/d-lab/workspace/ros_ur_driver/install/imu_sensor_broadcaster:/home/d-lab/workspace/ros_ur_driver/install/gripper_controllers:/home/d-lab/workspace/ros_ur_driver/install/effort_controllers:/home/d-lab/workspace/ros_ur_driver/install/forward_command_controller:/home/d-lab/workspace/ros_ur_driver/install/force_torque_sensor_broadcaster:/home/d-lab/workspace/ros_ur_driver/install/diff_drive_controller:/home/d-lab/workspace/ros_ur_driver/install/cartesian_compliance_controller:/home/d-lab/workspace/ros_ur_driver/install/cartesian_motion_controller:/home/d-lab/workspace/ros_ur_driver/install/cartesian_force_controller:/home/d-lab/workspace/ros_ur_driver/install/cartesian_controller_base:/home/d-lab/workspace/ros_ur_driver/install/controller_interface:/home/d-lab/workspace/ros_ur_driver/install/hardware_interface:/home/d-lab/workspace/ros_ur_driver/install/graph_msgs:/home/d-lab/workspace/ros_ur_driver/install/filters:/home/d-lab/workspace/ros_ur_driver/install/eigen3_cmake_module:/home/d-lab/workspace/ros_ur_driver/install/diffbot_description:/home/d-lab/workspace/ros_ur_driver/install/controller_manager_msgs:/home/d-lab/workspace/ros_ur_driver/install/control_msgs:/home/d-lab/workspace/ros_ur_driver/install/chomp_motion_planner /usr/bin/cmake --build /home/d-lab/workspace/ros_ur_driver/build/control_msgs -- -j16 -l16
[0.490s] [  0%] Built target control_msgs__cpp
[0.490s] [ 12%] Built target control_msgs__rosidl_generator_c
[0.490s] [ 24%] Built target control_msgs__rosidl_typesupport_cpp
[0.490s] [ 36%] Built target control_msgs__rosidl_typesupport_introspection_cpp
[0.491s] [ 48%] Built target control_msgs__rosidl_typesupport_c
[0.492s] [ 60%] Built target control_msgs__rosidl_typesupport_introspection_c
[0.492s] [ 72%] Built target control_msgs__rosidl_typesupport_fastrtps_cpp
[0.493s] [ 84%] Built target control_msgs__rosidl_typesupport_fastrtps_c
[0.493s] [ 84%] Built target control_msgs
[0.493s] [ 85%] Built target control_msgs__py
[0.494s] [ 96%] Built target control_msgs__python
[0.494s] [ 98%] Built target control_msgs__rosidl_typesupport_introspection_c__pyext
[0.494s] [ 99%] Built target control_msgs__rosidl_typesupport_c__pyext
[0.494s] [100%] Built target control_msgs__rosidl_typesupport_fastrtps_c__pyext
[0.519s] Invoked command in '/home/d-lab/workspace/ros_ur_driver/build/control_msgs' returned '0': CMAKE_PREFIX_PATH=/home/d-lab/workspace/ros_ur_driver/install/run_ompl_constrained_planning:/home/d-lab/workspace/ros_ur_driver/install/run_moveit_cpp:/home/d-lab/workspace/ros_ur_driver/install/run_move_group:/home/d-lab/workspace/ros_ur_driver/install/warehouse_ros_mongo:/home/d-lab/workspace/ros_ur_driver/install/ros2_controllers:/home/d-lab/workspace/ros_ur_driver/install/velocity_controllers:/home/d-lab/workspace/ros_ur_driver/install/ur_robot_driver:/home/d-lab/workspace/ros_ur_driver/install/ur_controllers:/home/d-lab/workspace/ros_ur_driver/install/ur_msgs:/home/d-lab/workspace/ros_ur_driver/install/ur_moveit_config:/home/d-lab/workspace/ros_ur_driver/install/ur_description:/home/d-lab/workspace/ros_ur_driver/install/ur_dashboard_msgs:/home/d-lab/workspace/ros_ur_driver/install/ur_client_library:/home/d-lab/workspace/ros_ur_driver/install/ur_bringup:/home/d-lab/workspace/ros_ur_driver/install/ur5_robotiq_moveit_config:/home/d-lab/workspace/ros_ur_driver/install/transmission_interface:/home/d-lab/workspace/ros_ur_driver/install/srdfdom:/home/d-lab/workspace/ros_ur_driver/install/move_arm:/home/d-lab/workspace/ros_ur_driver/install/moveit_visual_tools:/home/d-lab/workspace/ros_ur_driver/install/rviz_visual_tools:/home/d-lab/workspace/ros_ur_driver/install/ros2_control_demos:/home/d-lab/workspace/ros_ur_driver/install/ros2_control_demo_bringup:/home/d-lab/workspace/ros_ur_driver/install/rrbot_description:/home/d-lab/workspace/ros_ur_driver/install/ros2_control:/home/d-lab/workspace/ros_ur_driver/install/utils:/home/d-lab/workspace/ros_ur_driver/install/ros2controlcli:/home/d-lab/workspace/ros_ur_driver/install/ros2_control_test_nodes:/home/d-lab/workspace/ros_ur_driver/install/robotiq_control:/home/d-lab/workspace/ros_ur_driver/install/gripper_control:/opt/ros/foxy:/home/d-lab/workspace/ros_ur_driver/install/cartesian_controller_examples:/home/d-lab/workspace/ros_ur_driver/install/controller_manager:/home/d-lab/workspace/ros_ur_driver/install/ros2_control_test_assets:/home/d-lab/workspace/ros_ur_driver/install/ros2_control_demo_hardware:/home/d-lab/workspace/ros_ur_driver/install/robotiq_description:/home/d-lab/workspace/ros_ur_driver/install/position_controllers:/home/d-lab/workspace/ros_ur_driver/install/joint_trajectory_controller:/home/d-lab/workspace/ros_ur_driver/install/joint_state_controller:/home/d-lab/workspace/ros_ur_driver/install/joint_state_broadcaster:/home/d-lab/workspace/ros_ur_driver/install/imu_sensor_broadcaster:/home/d-lab/workspace/ros_ur_driver/install/gripper_controllers:/home/d-lab/workspace/ros_ur_driver/install/effort_controllers:/home/d-lab/workspace/ros_ur_driver/install/forward_command_controller:/home/d-lab/workspace/ros_ur_driver/install/force_torque_sensor_broadcaster:/home/d-lab/workspace/ros_ur_driver/install/diff_drive_controller:/home/d-lab/workspace/ros_ur_driver/install/cartesian_compliance_controller:/home/d-lab/workspace/ros_ur_driver/install/cartesian_motion_controller:/home/d-lab/workspace/ros_ur_driver/install/cartesian_force_controller:/home/d-lab/workspace/ros_ur_driver/install/cartesian_controller_base:/home/d-lab/workspace/ros_ur_driver/install/controller_interface:/home/d-lab/workspace/ros_ur_driver/install/hardware_interface:/home/d-lab/workspace/ros_ur_driver/install/graph_msgs:/home/d-lab/workspace/ros_ur_driver/install/filters:/home/d-lab/workspace/ros_ur_driver/install/eigen3_cmake_module:/home/d-lab/workspace/ros_ur_driver/install/diffbot_description:/home/d-lab/workspace/ros_ur_driver/install/controller_manager_msgs:/home/d-lab/workspace/ros_ur_driver/install/control_msgs:/home/d-lab/workspace/ros_ur_driver/install/chomp_motion_planner /usr/bin/cmake --build /home/d-lab/workspace/ros_ur_driver/build/control_msgs -- -j16 -l16
[1.096s] Invoking command in '/home/d-lab/workspace/ros_ur_driver/build/control_msgs': CMAKE_PREFIX_PATH=/home/d-lab/workspace/ros_ur_driver/install/run_ompl_constrained_planning:/home/d-lab/workspace/ros_ur_driver/install/run_moveit_cpp:/home/d-lab/workspace/ros_ur_driver/install/run_move_group:/home/d-lab/workspace/ros_ur_driver/install/warehouse_ros_mongo:/home/d-lab/workspace/ros_ur_driver/install/ros2_controllers:/home/d-lab/workspace/ros_ur_driver/install/velocity_controllers:/home/d-lab/workspace/ros_ur_driver/install/ur_robot_driver:/home/d-lab/workspace/ros_ur_driver/install/ur_controllers:/home/d-lab/workspace/ros_ur_driver/install/ur_msgs:/home/d-lab/workspace/ros_ur_driver/install/ur_moveit_config:/home/d-lab/workspace/ros_ur_driver/install/ur_description:/home/d-lab/workspace/ros_ur_driver/install/ur_dashboard_msgs:/home/d-lab/workspace/ros_ur_driver/install/ur_client_library:/home/d-lab/workspace/ros_ur_driver/install/ur_bringup:/home/d-lab/workspace/ros_ur_driver/install/ur5_robotiq_moveit_config:/home/d-lab/workspace/ros_ur_driver/install/transmission_interface:/home/d-lab/workspace/ros_ur_driver/install/srdfdom:/home/d-lab/workspace/ros_ur_driver/install/move_arm:/home/d-lab/workspace/ros_ur_driver/install/moveit_visual_tools:/home/d-lab/workspace/ros_ur_driver/install/rviz_visual_tools:/home/d-lab/workspace/ros_ur_driver/install/ros2_control_demos:/home/d-lab/workspace/ros_ur_driver/install/ros2_control_demo_bringup:/home/d-lab/workspace/ros_ur_driver/install/rrbot_description:/home/d-lab/workspace/ros_ur_driver/install/ros2_control:/home/d-lab/workspace/ros_ur_driver/install/utils:/home/d-lab/workspace/ros_ur_driver/install/ros2controlcli:/home/d-lab/workspace/ros_ur_driver/install/ros2_control_test_nodes:/home/d-lab/workspace/ros_ur_driver/install/robotiq_control:/home/d-lab/workspace/ros_ur_driver/install/gripper_control:/opt/ros/foxy:/home/d-lab/workspace/ros_ur_driver/install/cartesian_controller_examples:/home/d-lab/workspace/ros_ur_driver/install/controller_manager:/home/d-lab/workspace/ros_ur_driver/install/ros2_control_test_assets:/home/d-lab/workspace/ros_ur_driver/install/ros2_control_demo_hardware:/home/d-lab/workspace/ros_ur_driver/install/robotiq_description:/home/d-lab/workspace/ros_ur_driver/install/position_controllers:/home/d-lab/workspace/ros_ur_driver/install/joint_trajectory_controller:/home/d-lab/workspace/ros_ur_driver/install/joint_state_controller:/home/d-lab/workspace/ros_ur_driver/install/joint_state_broadcaster:/home/d-lab/workspace/ros_ur_driver/install/imu_sensor_broadcaster:/home/d-lab/workspace/ros_ur_driver/install/gripper_controllers:/home/d-lab/workspace/ros_ur_driver/install/effort_controllers:/home/d-lab/workspace/ros_ur_driver/install/forward_command_controller:/home/d-lab/workspace/ros_ur_driver/install/force_torque_sensor_broadcaster:/home/d-lab/workspace/ros_ur_driver/install/diff_drive_controller:/home/d-lab/workspace/ros_ur_driver/install/cartesian_compliance_controller:/home/d-lab/workspace/ros_ur_driver/install/cartesian_motion_controller:/home/d-lab/workspace/ros_ur_driver/install/cartesian_force_controller:/home/d-lab/workspace/ros_ur_driver/install/cartesian_controller_base:/home/d-lab/workspace/ros_ur_driver/install/controller_interface:/home/d-lab/workspace/ros_ur_driver/install/hardware_interface:/home/d-lab/workspace/ros_ur_driver/install/graph_msgs:/home/d-lab/workspace/ros_ur_driver/install/filters:/home/d-lab/workspace/ros_ur_driver/install/eigen3_cmake_module:/home/d-lab/workspace/ros_ur_driver/install/diffbot_description:/home/d-lab/workspace/ros_ur_driver/install/controller_manager_msgs:/home/d-lab/workspace/ros_ur_driver/install/control_msgs:/home/d-lab/workspace/ros_ur_driver/install/chomp_motion_planner /usr/bin/cmake --install /home/d-lab/workspace/ros_ur_driver/build/control_msgs
[1.214s] -- Install configuration: "Release"
[1.214s] -- Up-to-date: /home/d-lab/workspace/ros_ur_driver/install/control_msgs/share/ament_index/resource_index/rosidl_interfaces/control_msgs
[1.215s] -- Up-to-date: /home/d-lab/workspace/ros_ur_driver/install/control_msgs/include/control_msgs
[1.215s] -- Up-to-date: /home/d-lab/workspace/ros_ur_driver/install/control_msgs/include/control_msgs/srv
[1.215s] -- Up-to-date: /home/d-lab/workspace/ros_ur_driver/install/control_msgs/include/control_msgs/srv/query_trajectory_state.h
[1.216s] -- Up-to-date: /home/d-lab/workspace/ros_ur_driver/install/control_msgs/include/control_msgs/srv/query_calibration_state.h
[1.216s] -- Up-to-date: /home/d-lab/workspace/ros_ur_driver/install/control_msgs/include/control_msgs/srv/detail
[1.216s] -- Up-to-date: /home/d-lab/workspace/ros_ur_driver/install/control_msgs/include/control_msgs/srv/detail/query_calibration_state__struct.h
[1.216s] -- Up-to-date: /home/d-lab/workspace/ros_ur_driver/install/control_msgs/include/control_msgs/srv/detail/query_calibration_state__functions.c
[1.216s] -- Up-to-date: /home/d-lab/workspace/ros_ur_driver/install/control_msgs/include/control_msgs/srv/detail/query_trajectory_state__functions.c
[1.216s] -- Up-to-date: /home/d-lab/workspace/ros_ur_driver/install/control_msgs/include/control_msgs/srv/detail/query_trajectory_state__functions.h
[1.216s] -- Up-to-date: /home/d-lab/workspace/ros_ur_driver/install/control_msgs/include/control_msgs/srv/detail/query_trajectory_state__struct.h
[1.216s] -- Up-to-date: /home/d-lab/workspace/ros_ur_driver/install/control_msgs/include/control_msgs/srv/detail/query_calibration_state__type_support.h
[1.216s] -- Up-to-date: /home/d-lab/workspace/ros_ur_driver/install/control_msgs/include/control_msgs/srv/detail/query_trajectory_state__type_support.h
[1.217s] -- Up-to-date: /home/d-lab/workspace/ros_ur_driver/install/control_msgs/include/control_msgs/srv/detail/query_calibration_state__functions.h
[1.217s] -- Up-to-date: /home/d-lab/workspace/ros_ur_driver/install/control_msgs/include/control_msgs/action
[1.217s] -- Up-to-date: /home/d-lab/workspace/ros_ur_driver/install/control_msgs/include/control_msgs/action/point_head.h
[1.217s] -- Up-to-date: /home/d-lab/workspace/ros_ur_driver/install/control_msgs/include/control_msgs/action/gripper_command.h
[1.217s] -- Up-to-date: /home/d-lab/workspace/ros_ur_driver/install/control_msgs/include/control_msgs/action/joint_trajectory.h
[1.217s] -- Up-to-date: /home/d-lab/workspace/ros_ur_driver/install/control_msgs/include/control_msgs/action/follow_joint_trajectory.h
[1.217s] -- Up-to-date: /home/d-lab/workspace/ros_ur_driver/install/control_msgs/include/control_msgs/action/single_joint_position.h
[1.217s] -- Up-to-date: /home/d-lab/workspace/ros_ur_driver/install/control_msgs/include/control_msgs/action/detail
[1.218s] -- Up-to-date: /home/d-lab/workspace/ros_ur_driver/install/control_msgs/include/control_msgs/action/detail/follow_joint_trajectory__functions.h
[1.219s] -- Up-to-date: /home/d-lab/workspace/ros_ur_driver/install/control_msgs/include/control_msgs/action/detail/joint_trajectory__type_support.h
[1.219s] -- Up-to-date: /home/d-lab/workspace/ros_ur_driver/install/control_msgs/include/control_msgs/action/detail/joint_trajectory__functions.c
[1.219s] -- Up-to-date: /home/d-lab/workspace/ros_ur_driver/install/control_msgs/include/control_msgs/action/detail/point_head__functions.h
[1.219s] -- Up-to-date: /home/d-lab/workspace/ros_ur_driver/install/control_msgs/include/control_msgs/action/detail/follow_joint_trajectory__type_support.h
[1.219s] -- Up-to-date: /home/d-lab/workspace/ros_ur_driver/install/control_msgs/include/control_msgs/action/detail/point_head__struct.h
[1.219s] -- Up-to-date: /home/d-lab/workspace/ros_ur_driver/install/control_msgs/include/control_msgs/action/detail/single_joint_position__type_support.h
[1.219s] -- Up-to-date: /home/d-lab/workspace/ros_ur_driver/install/control_msgs/include/control_msgs/action/detail/single_joint_position__functions.c
[1.219s] -- Up-to-date: /home/d-lab/workspace/ros_ur_driver/install/control_msgs/include/control_msgs/action/detail/single_joint_position__struct.h
[1.219s] -- Up-to-date: /home/d-lab/workspace/ros_ur_driver/install/control_msgs/include/control_msgs/action/detail/gripper_command__functions.h
[1.230s] -- Up-to-date: /home/d-lab/workspace/ros_ur_driver/install/control_msgs/include/control_msgs/action/detail/point_head__type_support.h
[1.231s] -- Up-to-date: /home/d-lab/workspace/ros_ur_driver/install/control_msgs/include/control_msgs/action/detail/gripper_command__type_support.h
[1.231s] -- Up-to-date: /home/d-lab/workspace/ros_ur_driver/install/control_msgs/include/control_msgs/action/detail/gripper_command__functions.c
[1.231s] -- Up-to-date: /home/d-lab/workspace/ros_ur_driver/install/control_msgs/include/control_msgs/action/detail/gripper_command__struct.h
[1.231s] -- Up-to-date: /home/d-lab/workspace/ros_ur_driver/install/control_msgs/include/control_msgs/action/detail/follow_joint_trajectory__functions.c
[1.231s] -- Up-to-date: /home/d-lab/workspace/ros_ur_driver/install/control_msgs/include/control_msgs/action/detail/single_joint_position__functions.h
[1.232s] -- Up-to-date: /home/d-lab/workspace/ros_ur_driver/install/control_msgs/include/control_msgs/action/detail/joint_trajectory__struct.h
[1.232s] -- Up-to-date: /home/d-lab/workspace/ros_ur_driver/install/control_msgs/include/control_msgs/action/detail/joint_trajectory__functions.h
[1.232s] -- Up-to-date: /home/d-lab/workspace/ros_ur_driver/install/control_msgs/include/control_msgs/action/detail/point_head__functions.c
[1.232s] -- Up-to-date: /home/d-lab/workspace/ros_ur_driver/install/control_msgs/include/control_msgs/action/detail/follow_joint_trajectory__struct.h
[1.232s] -- Up-to-date: /home/d-lab/workspace/ros_ur_driver/install/control_msgs/include/control_msgs/msg
[1.232s] -- Up-to-date: /home/d-lab/workspace/ros_ur_driver/install/control_msgs/include/control_msgs/msg/dynamic_joint_state.h
[1.232s] -- Up-to-date: /home/d-lab/workspace/ros_ur_driver/install/control_msgs/include/control_msgs/msg/pid_state.h
[1.232s] -- Up-to-date: /home/d-lab/workspace/ros_ur_driver/install/control_msgs/include/control_msgs/msg/interface_value.h
[1.232s] -- Up-to-date: /home/d-lab/workspace/ros_ur_driver/install/control_msgs/include/control_msgs/msg/rosidl_generator_c__visibility_control.h
[1.232s] -- Up-to-date: /home/d-lab/workspace/ros_ur_driver/install/control_msgs/include/control_msgs/msg/joint_controller_state.h
[1.232s] -- Up-to-date: /home/d-lab/workspace/ros_ur_driver/install/control_msgs/include/control_msgs/msg/joint_trajectory_controller_state.h
[1.233s] -- Up-to-date: /home/d-lab/workspace/ros_ur_driver/install/control_msgs/include/control_msgs/msg/gripper_command.h
[1.233s] -- Up-to-date: /home/d-lab/workspace/ros_ur_driver/install/control_msgs/include/control_msgs/msg/joint_jog.h
[1.233s] -- Up-to-date: /home/d-lab/workspace/ros_ur_driver/install/control_msgs/include/control_msgs/msg/detail
[1.233s] -- Up-to-date: /home/d-lab/workspace/ros_ur_driver/install/control_msgs/include/control_msgs/msg/detail/pid_state__struct.h
[1.233s] -- Up-to-date: /home/d-lab/workspace/ros_ur_driver/install/control_msgs/include/control_msgs/msg/detail/pid_state__type_support.h
[1.233s] -- Up-to-date: /home/d-lab/workspace/ros_ur_driver/install/control_msgs/include/control_msgs/msg/detail/dynamic_joint_state__functions.c
[1.233s] -- Up-to-date: /home/d-lab/workspace/ros_ur_driver/install/control_msgs/include/control_msgs/msg/detail/joint_trajectory_controller_state__struct.h
[1.233s] -- Up-to-date: /home/d-lab/workspace/ros_ur_driver/install/control_msgs/include/control_msgs/msg/detail/joint_jog__struct.h
[1.233s] -- Up-to-date: /home/d-lab/workspace/ros_ur_driver/install/control_msgs/include/control_msgs/msg/detail/joint_trajectory_controller_state__functions.h
[1.233s] -- Up-to-date: /home/d-lab/workspace/ros_ur_driver/install/control_msgs/include/control_msgs/msg/detail/joint_controller_state__struct.h
[1.233s] -- Up-to-date: /home/d-lab/workspace/ros_ur_driver/install/control_msgs/include/control_msgs/msg/detail/pid_state__functions.c
[1.233s] -- Up-to-date: /home/d-lab/workspace/ros_ur_driver/install/control_msgs/include/control_msgs/msg/detail/joint_tolerance__functions.h
[1.233s] -- Up-to-date: /home/d-lab/workspace/ros_ur_driver/install/control_msgs/include/control_msgs/msg/detail/interface_value__functions.c
[1.234s] -- Up-to-date: /home/d-lab/workspace/ros_ur_driver/install/control_msgs/include/control_msgs/msg/detail/joint_jog__functions.c
[1.240s] -- Up-to-date: /home/d-lab/workspace/ros_ur_driver/install/control_msgs/include/control_msgs/msg/detail/joint_jog__type_support.h
[1.240s] -- Up-to-date: /home/d-lab/workspace/ros_ur_driver/install/control_msgs/include/control_msgs/msg/detail/joint_trajectory_controller_state__functions.c
[1.240s] -- Up-to-date: /home/d-lab/workspace/ros_ur_driver/install/control_msgs/include/control_msgs/msg/detail/joint_tolerance__functions.c
[1.240s] -- Up-to-date: /home/d-lab/workspace/ros_ur_driver/install/control_msgs/include/control_msgs/msg/detail/joint_tolerance__type_support.h
[1.241s] -- Up-to-date: /home/d-lab/workspace/ros_ur_driver/install/control_msgs/include/control_msgs/msg/detail/dynamic_joint_state__functions.h
[1.241s] -- Up-to-date: /home/d-lab/workspace/ros_ur_driver/install/control_msgs/include/control_msgs/msg/detail/interface_value__struct.h
[1.241s] -- Up-to-date: /home/d-lab/workspace/ros_ur_driver/install/control_msgs/include/control_msgs/msg/detail/gripper_command__functions.h
[1.241s] -- Up-to-date: /home/d-lab/workspace/ros_ur_driver/install/control_msgs/include/control_msgs/msg/detail/joint_jog__functions.h
[1.241s] -- Up-to-date: /home/d-lab/workspace/ros_ur_driver/install/control_msgs/include/control_msgs/msg/detail/joint_controller_state__type_support.h
[1.241s] -- Up-to-date: /home/d-lab/workspace/ros_ur_driver/install/control_msgs/include/control_msgs/msg/detail/dynamic_joint_state__type_support.h
[1.241s] -- Up-to-date: /home/d-lab/workspace/ros_ur_driver/install/control_msgs/include/control_msgs/msg/detail/gripper_command__type_support.h
[1.241s] -- Up-to-date: /home/d-lab/workspace/ros_ur_driver/install/control_msgs/include/control_msgs/msg/detail/interface_value__type_support.h
[1.241s] -- Up-to-date: /home/d-lab/workspace/ros_ur_driver/install/control_msgs/include/control_msgs/msg/detail/pid_state__functions.h
[1.241s] -- Up-to-date: /home/d-lab/workspace/ros_ur_driver/install/control_msgs/include/control_msgs/msg/detail/gripper_command__functions.c
[1.241s] -- Up-to-date: /home/d-lab/workspace/ros_ur_driver/install/control_msgs/include/control_msgs/msg/detail/gripper_command__struct.h
[1.242s] -- Up-to-date: /home/d-lab/workspace/ros_ur_driver/install/control_msgs/include/control_msgs/msg/detail/joint_trajectory_controller_state__type_support.h
[1.242s] -- Up-to-date: /home/d-lab/workspace/ros_ur_driver/install/control_msgs/include/control_msgs/msg/detail/dynamic_joint_state__struct.h
[1.242s] -- Up-to-date: /home/d-lab/workspace/ros_ur_driver/install/control_msgs/include/control_msgs/msg/detail/joint_tolerance__struct.h
[1.242s] -- Up-to-date: /home/d-lab/workspace/ros_ur_driver/install/control_msgs/include/control_msgs/msg/detail/joint_controller_state__functions.c
[1.242s] -- Up-to-date: /home/d-lab/workspace/ros_ur_driver/install/control_msgs/include/control_msgs/msg/detail/interface_value__functions.h
[1.242s] -- Up-to-date: /home/d-lab/workspace/ros_ur_driver/install/control_msgs/include/control_msgs/msg/detail/joint_controller_state__functions.h
[1.242s] -- Up-to-date: /home/d-lab/workspace/ros_ur_driver/install/control_msgs/include/control_msgs/msg/joint_tolerance.h
[1.242s] -- Up-to-date: /home/d-lab/workspace/ros_ur_driver/install/control_msgs/share/control_msgs/environment/library_path.sh
[1.242s] -- Up-to-date: /home/d-lab/workspace/ros_ur_driver/install/control_msgs/share/control_msgs/environment/library_path.dsv
[1.242s] -- Up-to-date: /home/d-lab/workspace/ros_ur_driver/install/control_msgs/lib/libcontrol_msgs__rosidl_generator_c.so
[1.242s] -- Up-to-date: /home/d-lab/workspace/ros_ur_driver/install/control_msgs/include/control_msgs
[1.242s] -- Up-to-date: /home/d-lab/workspace/ros_ur_driver/install/control_msgs/include/control_msgs/srv
[1.242s] -- Up-to-date: /home/d-lab/workspace/ros_ur_driver/install/control_msgs/include/control_msgs/srv/detail
[1.242s] -- Up-to-date: /home/d-lab/workspace/ros_ur_driver/install/control_msgs/include/control_msgs/srv/detail/query_calibration_state__rosidl_typesupport_fastrtps_c.h
[1.242s] -- Up-to-date: /home/d-lab/workspace/ros_ur_driver/install/control_msgs/include/control_msgs/srv/detail/query_trajectory_state__rosidl_typesupport_fastrtps_c.h
[1.242s] -- Up-to-date: /home/d-lab/workspace/ros_ur_driver/install/control_msgs/include/control_msgs/action
[1.242s] -- Up-to-date: /home/d-lab/workspace/ros_ur_driver/install/control_msgs/include/control_msgs/action/detail
[1.244s] -- Up-to-date: /home/d-lab/workspace/ros_ur_driver/install/control_msgs/include/control_msgs/action/detail/single_joint_position__rosidl_typesupport_fastrtps_c.h
[1.244s] -- Up-to-date: /home/d-lab/workspace/ros_ur_driver/install/control_msgs/include/control_msgs/action/detail/follow_joint_trajectory__rosidl_typesupport_fastrtps_c.h
[1.244s] -- Up-to-date: /home/d-lab/workspace/ros_ur_driver/install/control_msgs/include/control_msgs/action/detail/gripper_command__rosidl_typesupport_fastrtps_c.h
[1.244s] -- Up-to-date: /home/d-lab/workspace/ros_ur_driver/install/control_msgs/include/control_msgs/action/detail/joint_trajectory__rosidl_typesupport_fastrtps_c.h
[1.244s] -- Up-to-date: /home/d-lab/workspace/ros_ur_driver/install/control_msgs/include/control_msgs/action/detail/point_head__rosidl_typesupport_fastrtps_c.h
[1.244s] -- Up-to-date: /home/d-lab/workspace/ros_ur_driver/install/control_msgs/include/control_msgs/msg
[1.244s] -- Up-to-date: /home/d-lab/workspace/ros_ur_driver/install/control_msgs/include/control_msgs/msg/rosidl_typesupport_fastrtps_c__visibility_control.h
[1.244s] -- Up-to-date: /home/d-lab/workspace/ros_ur_driver/install/control_msgs/include/control_msgs/msg/detail
[1.244s] -- Up-to-date: /home/d-lab/workspace/ros_ur_driver/install/control_msgs/include/control_msgs/msg/detail/joint_jog__rosidl_typesupport_fastrtps_c.h
[1.244s] -- Up-to-date: /home/d-lab/workspace/ros_ur_driver/install/control_msgs/include/control_msgs/msg/detail/gripper_command__rosidl_typesupport_fastrtps_c.h
[1.244s] -- Up-to-date: /home/d-lab/workspace/ros_ur_driver/install/control_msgs/include/control_msgs/msg/detail/joint_trajectory_controller_state__rosidl_typesupport_fastrtps_c.h
[1.244s] -- Up-to-date: /home/d-lab/workspace/ros_ur_driver/install/control_msgs/include/control_msgs/msg/detail/dynamic_joint_state__rosidl_typesupport_fastrtps_c.h
[1.244s] -- Up-to-date: /home/d-lab/workspace/ros_ur_driver/install/control_msgs/include/control_msgs/msg/detail/interface_value__rosidl_typesupport_fastrtps_c.h
[1.244s] -- Up-to-date: /home/d-lab/workspace/ros_ur_driver/install/control_msgs/include/control_msgs/msg/detail/joint_controller_state__rosidl_typesupport_fastrtps_c.h
[1.244s] -- Up-to-date: /home/d-lab/workspace/ros_ur_driver/install/control_msgs/include/control_msgs/msg/detail/joint_tolerance__rosidl_typesupport_fastrtps_c.h
[1.245s] -- Up-to-date: /home/d-lab/workspace/ros_ur_driver/install/control_msgs/include/control_msgs/msg/detail/pid_state__rosidl_typesupport_fastrtps_c.h
[1.245s] -- Up-to-date: /home/d-lab/workspace/ros_ur_driver/install/control_msgs/lib/libcontrol_msgs__rosidl_typesupport_fastrtps_c.so
[1.245s] -- Up-to-date: /home/d-lab/workspace/ros_ur_driver/install/control_msgs/include/control_msgs
[1.245s] -- Up-to-date: /home/d-lab/workspace/ros_ur_driver/install/control_msgs/include/control_msgs/srv
[1.245s] -- Up-to-date: /home/d-lab/workspace/ros_ur_driver/install/control_msgs/include/control_msgs/srv/detail
[1.245s] -- Up-to-date: /home/d-lab/workspace/ros_ur_driver/install/control_msgs/include/control_msgs/srv/detail/dds_fastrtps
[1.245s] -- Up-to-date: /home/d-lab/workspace/ros_ur_driver/install/control_msgs/include/control_msgs/srv/detail/query_trajectory_state__rosidl_typesupport_fastrtps_cpp.hpp
[1.245s] -- Up-to-date: /home/d-lab/workspace/ros_ur_driver/install/control_msgs/include/control_msgs/srv/detail/query_calibration_state__rosidl_typesupport_fastrtps_cpp.hpp
[1.245s] -- Up-to-date: /home/d-lab/workspace/ros_ur_driver/install/control_msgs/include/control_msgs/action
[1.245s] -- Up-to-date: /home/d-lab/workspace/ros_ur_driver/install/control_msgs/include/control_msgs/action/detail
[1.245s] -- Up-to-date: /home/d-lab/workspace/ros_ur_driver/install/control_msgs/include/control_msgs/action/detail/dds_fastrtps
[1.245s] -- Up-to-date: /home/d-lab/workspace/ros_ur_driver/install/control_msgs/include/control_msgs/action/detail/point_head__rosidl_typesupport_fastrtps_cpp.hpp
[1.245s] -- Up-to-date: /home/d-lab/workspace/ros_ur_driver/install/control_msgs/include/control_msgs/action/detail/gripper_command__rosidl_typesupport_fastrtps_cpp.hpp
[1.245s] -- Up-to-date: /home/d-lab/workspace/ros_ur_driver/install/control_msgs/include/control_msgs/action/detail/single_joint_position__rosidl_typesupport_fastrtps_cpp.hpp
[1.245s] -- Up-to-date: /home/d-lab/workspace/ros_ur_driver/install/control_msgs/include/control_msgs/action/detail/joint_trajectory__rosidl_typesupport_fastrtps_cpp.hpp
[1.245s] -- Up-to-date: /home/d-lab/workspace/ros_ur_driver/install/control_msgs/include/control_msgs/action/detail/follow_joint_trajectory__rosidl_typesupport_fastrtps_cpp.hpp
[1.245s] -- Up-to-date: /home/d-lab/workspace/ros_ur_driver/install/control_msgs/include/control_msgs/msg
[1.245s] -- Up-to-date: /home/d-lab/workspace/ros_ur_driver/install/control_msgs/include/control_msgs/msg/rosidl_typesupport_fastrtps_cpp__visibility_control.h
[1.245s] -- Up-to-date: /home/d-lab/workspace/ros_ur_driver/install/control_msgs/include/control_msgs/msg/detail
[1.245s] -- Up-to-date: /home/d-lab/workspace/ros_ur_driver/install/control_msgs/include/control_msgs/msg/detail/pid_state__rosidl_typesupport_fastrtps_cpp.hpp
[1.245s] -- Up-to-date: /home/d-lab/workspace/ros_ur_driver/install/control_msgs/include/control_msgs/msg/detail/dds_fastrtps
[1.245s] -- Up-to-date: /home/d-lab/workspace/ros_ur_driver/install/control_msgs/include/control_msgs/msg/detail/joint_jog__rosidl_typesupport_fastrtps_cpp.hpp
[1.245s] -- Up-to-date: /home/d-lab/workspace/ros_ur_driver/install/control_msgs/include/control_msgs/msg/detail/dynamic_joint_state__rosidl_typesupport_fastrtps_cpp.hpp
[1.246s] -- Up-to-date: /home/d-lab/workspace/ros_ur_driver/install/control_msgs/include/control_msgs/msg/detail/joint_trajectory_controller_state__rosidl_typesupport_fastrtps_cpp.hpp
[1.246s] -- Up-to-date: /home/d-lab/workspace/ros_ur_driver/install/control_msgs/include/control_msgs/msg/detail/gripper_command__rosidl_typesupport_fastrtps_cpp.hpp
[1.246s] -- Up-to-date: /home/d-lab/workspace/ros_ur_driver/install/control_msgs/include/control_msgs/msg/detail/joint_tolerance__rosidl_typesupport_fastrtps_cpp.hpp
[1.246s] -- Up-to-date: /home/d-lab/workspace/ros_ur_driver/install/control_msgs/include/control_msgs/msg/detail/joint_controller_state__rosidl_typesupport_fastrtps_cpp.hpp
[1.246s] -- Up-to-date: /home/d-lab/workspace/ros_ur_driver/install/control_msgs/include/control_msgs/msg/detail/interface_value__rosidl_typesupport_fastrtps_cpp.hpp
[1.246s] -- Up-to-date: /home/d-lab/workspace/ros_ur_driver/install/control_msgs/lib/libcontrol_msgs__rosidl_typesupport_fastrtps_cpp.so
[1.246s] -- Up-to-date: /home/d-lab/workspace/ros_ur_driver/install/control_msgs/include/control_msgs
[1.246s] -- Up-to-date: /home/d-lab/workspace/ros_ur_driver/install/control_msgs/include/control_msgs/srv
[1.246s] -- Up-to-date: /home/d-lab/workspace/ros_ur_driver/install/control_msgs/include/control_msgs/srv/detail
[1.246s] -- Up-to-date: /home/d-lab/workspace/ros_ur_driver/install/control_msgs/include/control_msgs/srv/detail/query_calibration_state__type_support.c
[1.246s] -- Up-to-date: /home/d-lab/workspace/ros_ur_driver/install/control_msgs/include/control_msgs/srv/detail/query_trajectory_state__type_support.c
[1.246s] -- Up-to-date: /home/d-lab/workspace/ros_ur_driver/install/control_msgs/include/control_msgs/srv/detail/query_trajectory_state__rosidl_typesupport_introspection_c.h
[1.247s] -- Up-to-date: /home/d-lab/workspace/ros_ur_driver/install/control_msgs/include/control_msgs/srv/detail/query_calibration_state__rosidl_typesupport_introspection_c.h
[1.247s] -- Up-to-date: /home/d-lab/workspace/ros_ur_driver/install/control_msgs/include/control_msgs/action
[1.247s] -- Up-to-date: /home/d-lab/workspace/ros_ur_driver/install/control_msgs/include/control_msgs/action/detail
[1.247s] -- Up-to-date: /home/d-lab/workspace/ros_ur_driver/install/control_msgs/include/control_msgs/action/detail/joint_trajectory__type_support.c
[1.247s] -- Up-to-date: /home/d-lab/workspace/ros_ur_driver/install/control_msgs/include/control_msgs/action/detail/follow_joint_trajectory__type_support.c
[1.247s] -- Up-to-date: /home/d-lab/workspace/ros_ur_driver/install/control_msgs/include/control_msgs/action/detail/gripper_command__type_support.c
[1.247s] -- Up-to-date: /home/d-lab/workspace/ros_ur_driver/install/control_msgs/include/control_msgs/action/detail/point_head__rosidl_typesupport_introspection_c.h
[1.247s] -- Up-to-date: /home/d-lab/workspace/ros_ur_driver/install/control_msgs/include/control_msgs/action/detail/single_joint_position__rosidl_typesupport_introspection_c.h
[1.249s] -- Up-to-date: /home/d-lab/workspace/ros_ur_driver/install/control_msgs/include/control_msgs/action/detail/follow_joint_trajectory__rosidl_typesupport_introspection_c.h
[1.249s] -- Up-to-date: /home/d-lab/workspace/ros_ur_driver/install/control_msgs/include/control_msgs/action/detail/gripper_command__rosidl_typesupport_introspection_c.h
[1.249s] -- Up-to-date: /home/d-lab/workspace/ros_ur_driver/install/control_msgs/include/control_msgs/action/detail/single_joint_position__type_support.c
[1.249s] -- Up-to-date: /home/d-lab/workspace/ros_ur_driver/install/control_msgs/include/control_msgs/action/detail/joint_trajectory__rosidl_typesupport_introspection_c.h
[1.249s] -- Up-to-date: /home/d-lab/workspace/ros_ur_driver/install/control_msgs/include/control_msgs/action/detail/point_head__type_support.c
[1.249s] -- Up-to-date: /home/d-lab/workspace/ros_ur_driver/install/control_msgs/include/control_msgs/msg
[1.249s] -- Up-to-date: /home/d-lab/workspace/ros_ur_driver/install/control_msgs/include/control_msgs/msg/rosidl_typesupport_introspection_c__visibility_control.h
[1.249s] -- Up-to-date: /home/d-lab/workspace/ros_ur_driver/install/control_msgs/include/control_msgs/msg/detail
[1.249s] -- Up-to-date: /home/d-lab/workspace/ros_ur_driver/install/control_msgs/include/control_msgs/msg/detail/joint_tolerance__type_support.c
[1.250s] -- Up-to-date: /home/d-lab/workspace/ros_ur_driver/install/control_msgs/include/control_msgs/msg/detail/gripper_command__type_support.c
[1.250s] -- Up-to-date: /home/d-lab/workspace/ros_ur_driver/install/control_msgs/include/control_msgs/msg/detail/dynamic_joint_state__type_support.c
[1.250s] -- Up-to-date: /home/d-lab/workspace/ros_ur_driver/install/control_msgs/include/control_msgs/msg/detail/interface_value__rosidl_typesupport_introspection_c.h
[1.250s] -- Up-to-date: /home/d-lab/workspace/ros_ur_driver/install/control_msgs/include/control_msgs/msg/detail/dynamic_joint_state__rosidl_typesupport_introspection_c.h
[1.250s] -- Up-to-date: /home/d-lab/workspace/ros_ur_driver/install/control_msgs/include/control_msgs/msg/detail/gripper_command__rosidl_typesupport_introspection_c.h
[1.250s] -- Up-to-date: /home/d-lab/workspace/ros_ur_driver/install/control_msgs/include/control_msgs/msg/detail/joint_trajectory_controller_state__type_support.c
[1.250s] -- Up-to-date: /home/d-lab/workspace/ros_ur_driver/install/control_msgs/include/control_msgs/msg/detail/interface_value__type_support.c
[1.250s] -- Up-to-date: /home/d-lab/workspace/ros_ur_driver/install/control_msgs/include/control_msgs/msg/detail/joint_controller_state__rosidl_typesupport_introspection_c.h
[1.250s] -- Up-to-date: /home/d-lab/workspace/ros_ur_driver/install/control_msgs/include/control_msgs/msg/detail/pid_state__type_support.c
[1.250s] -- Up-to-date: /home/d-lab/workspace/ros_ur_driver/install/control_msgs/include/control_msgs/msg/detail/pid_state__rosidl_typesupport_introspection_c.h
[1.250s] -- Up-to-date: /home/d-lab/workspace/ros_ur_driver/install/control_msgs/include/control_msgs/msg/detail/joint_jog__rosidl_typesupport_introspection_c.h
[1.250s] -- Up-to-date: /home/d-lab/workspace/ros_ur_driver/install/control_msgs/include/control_msgs/msg/detail/joint_controller_state__type_support.c
[1.250s] -- Up-to-date: /home/d-lab/workspace/ros_ur_driver/install/control_msgs/include/control_msgs/msg/detail/joint_jog__type_support.c
[1.250s] -- Up-to-date: /home/d-lab/workspace/ros_ur_driver/install/control_msgs/include/control_msgs/msg/detail/joint_trajectory_controller_state__rosidl_typesupport_introspection_c.h
[1.250s] -- Up-to-date: /home/d-lab/workspace/ros_ur_driver/install/control_msgs/include/control_msgs/msg/detail/joint_tolerance__rosidl_typesupport_introspection_c.h
[1.250s] -- Up-to-date: /home/d-lab/workspace/ros_ur_driver/install/control_msgs/lib/libcontrol_msgs__rosidl_typesupport_introspection_c.so
[1.250s] -- Up-to-date: /home/d-lab/workspace/ros_ur_driver/install/control_msgs/lib/libcontrol_msgs__rosidl_typesupport_c.so
[1.250s] -- Up-to-date: /home/d-lab/workspace/ros_ur_driver/install/control_msgs/include/control_msgs
[1.250s] -- Up-to-date: /home/d-lab/workspace/ros_ur_driver/install/control_msgs/include/control_msgs/srv
[1.251s] -- Up-to-date: /home/d-lab/workspace/ros_ur_driver/install/control_msgs/include/control_msgs/srv/query_trajectory_state.hpp
[1.251s] -- Up-to-date: /home/d-lab/workspace/ros_ur_driver/install/control_msgs/include/control_msgs/srv/detail
[1.251s] -- Up-to-date: /home/d-lab/workspace/ros_ur_driver/install/control_msgs/include/control_msgs/srv/detail/query_trajectory_state__struct.hpp
[1.251s] -- Up-to-date: /home/d-lab/workspace/ros_ur_driver/install/control_msgs/include/control_msgs/srv/detail/query_trajectory_state__builder.hpp
[1.251s] -- Up-to-date: /home/d-lab/workspace/ros_ur_driver/install/control_msgs/include/control_msgs/srv/detail/query_calibration_state__struct.hpp
[1.252s] -- Up-to-date: /home/d-lab/workspace/ros_ur_driver/install/control_msgs/include/control_msgs/srv/detail/query_calibration_state__builder.hpp
[1.252s] -- Up-to-date: /home/d-lab/workspace/ros_ur_driver/install/control_msgs/include/control_msgs/srv/detail/query_trajectory_state__traits.hpp
[1.252s] -- Up-to-date: /home/d-lab/workspace/ros_ur_driver/install/control_msgs/include/control_msgs/srv/detail/query_calibration_state__traits.hpp
[1.252s] -- Up-to-date: /home/d-lab/workspace/ros_ur_driver/install/control_msgs/include/control_msgs/srv/query_calibration_state.hpp
[1.252s] -- Up-to-date: /home/d-lab/workspace/ros_ur_driver/install/control_msgs/include/control_msgs/action
[1.252s] -- Up-to-date: /home/d-lab/workspace/ros_ur_driver/install/control_msgs/include/control_msgs/action/follow_joint_trajectory.hpp
[1.252s] -- Up-to-date: /home/d-lab/workspace/ros_ur_driver/install/control_msgs/include/control_msgs/action/gripper_command.hpp
[1.252s] -- Up-to-date: /home/d-lab/workspace/ros_ur_driver/install/control_msgs/include/control_msgs/action/point_head.hpp
[1.252s] -- Up-to-date: /home/d-lab/workspace/ros_ur_driver/install/control_msgs/include/control_msgs/action/single_joint_position.hpp
[1.252s] -- Up-to-date: /home/d-lab/workspace/ros_ur_driver/install/control_msgs/include/control_msgs/action/detail
[1.252s] -- Up-to-date: /home/d-lab/workspace/ros_ur_driver/install/control_msgs/include/control_msgs/action/detail/joint_trajectory__traits.hpp
[1.252s] -- Up-to-date: /home/d-lab/workspace/ros_ur_driver/install/control_msgs/include/control_msgs/action/detail/single_joint_position__traits.hpp
[1.252s] -- Up-to-date: /home/d-lab/workspace/ros_ur_driver/install/control_msgs/include/control_msgs/action/detail/follow_joint_trajectory__builder.hpp
[1.252s] -- Up-to-date: /home/d-lab/workspace/ros_ur_driver/install/control_msgs/include/control_msgs/action/detail/point_head__builder.hpp
[1.252s] -- Up-to-date: /home/d-lab/workspace/ros_ur_driver/install/control_msgs/include/control_msgs/action/detail/gripper_command__struct.hpp
[1.252s] -- Up-to-date: /home/d-lab/workspace/ros_ur_driver/install/control_msgs/include/control_msgs/action/detail/joint_trajectory__builder.hpp
[1.252s] -- Up-to-date: /home/d-lab/workspace/ros_ur_driver/install/control_msgs/include/control_msgs/action/detail/joint_trajectory__struct.hpp
[1.252s] -- Up-to-date: /home/d-lab/workspace/ros_ur_driver/install/control_msgs/include/control_msgs/action/detail/gripper_command__builder.hpp
[1.252s] -- Up-to-date: /home/d-lab/workspace/ros_ur_driver/install/control_msgs/include/control_msgs/action/detail/single_joint_position__builder.hpp
[1.252s] -- Up-to-date: /home/d-lab/workspace/ros_ur_driver/install/control_msgs/include/control_msgs/action/detail/point_head__struct.hpp
[1.252s] -- Up-to-date: /home/d-lab/workspace/ros_ur_driver/install/control_msgs/include/control_msgs/action/detail/follow_joint_trajectory__traits.hpp
[1.252s] -- Up-to-date: /home/d-lab/workspace/ros_ur_driver/install/control_msgs/include/control_msgs/action/detail/single_joint_position__struct.hpp
[1.253s] -- Up-to-date: /home/d-lab/workspace/ros_ur_driver/install/control_msgs/include/control_msgs/action/detail/point_head__traits.hpp
[1.253s] -- Up-to-date: /home/d-lab/workspace/ros_ur_driver/install/control_msgs/include/control_msgs/action/detail/follow_joint_trajectory__struct.hpp
[1.253s] -- Up-to-date: /home/d-lab/workspace/ros_ur_driver/install/control_msgs/include/control_msgs/action/detail/gripper_command__traits.hpp
[1.253s] -- Up-to-date: /home/d-lab/workspace/ros_ur_driver/install/control_msgs/include/control_msgs/action/joint_trajectory.hpp
[1.253s] -- Up-to-date: /home/d-lab/workspace/ros_ur_driver/install/control_msgs/include/control_msgs/msg
[1.253s] -- Up-to-date: /home/d-lab/workspace/ros_ur_driver/install/control_msgs/include/control_msgs/msg/gripper_command.hpp
[1.253s] -- Up-to-date: /home/d-lab/workspace/ros_ur_driver/install/control_msgs/include/control_msgs/msg/interface_value.hpp
[1.253s] -- Up-to-date: /home/d-lab/workspace/ros_ur_driver/install/control_msgs/include/control_msgs/msg/joint_jog.hpp
[1.253s] -- Up-to-date: /home/d-lab/workspace/ros_ur_driver/install/control_msgs/include/control_msgs/msg/joint_trajectory_controller_state.hpp
[1.253s] -- Up-to-date: /home/d-lab/workspace/ros_ur_driver/install/control_msgs/include/control_msgs/msg/joint_tolerance.hpp
[1.253s] -- Up-to-date: /home/d-lab/workspace/ros_ur_driver/install/control_msgs/include/control_msgs/msg/detail
[1.253s] -- Up-to-date: /home/d-lab/workspace/ros_ur_driver/install/control_msgs/include/control_msgs/msg/detail/dynamic_joint_state__struct.hpp
[1.253s] -- Up-to-date: /home/d-lab/workspace/ros_ur_driver/install/control_msgs/include/control_msgs/msg/detail/pid_state__traits.hpp
[1.253s] -- Up-to-date: /home/d-lab/workspace/ros_ur_driver/install/control_msgs/include/control_msgs/msg/detail/joint_tolerance__builder.hpp
[1.253s] -- Up-to-date: /home/d-lab/workspace/ros_ur_driver/install/control_msgs/include/control_msgs/msg/detail/pid_state__builder.hpp
[1.253s] -- Up-to-date: /home/d-lab/workspace/ros_ur_driver/install/control_msgs/include/control_msgs/msg/detail/joint_jog__struct.hpp
[1.253s] -- Up-to-date: /home/d-lab/workspace/ros_ur_driver/install/control_msgs/include/control_msgs/msg/detail/joint_jog__traits.hpp
[1.253s] -- Up-to-date: /home/d-lab/workspace/ros_ur_driver/install/control_msgs/include/control_msgs/msg/detail/joint_controller_state__builder.hpp
[1.254s] -- Up-to-date: /home/d-lab/workspace/ros_ur_driver/install/control_msgs/include/control_msgs/msg/detail/interface_value__struct.hpp
[1.254s] -- Up-to-date: /home/d-lab/workspace/ros_ur_driver/install/control_msgs/include/control_msgs/msg/detail/joint_controller_state__struct.hpp
[1.254s] -- Up-to-date: /home/d-lab/workspace/ros_ur_driver/install/control_msgs/include/control_msgs/msg/detail/joint_tolerance__struct.hpp
[1.254s] -- Up-to-date: /home/d-lab/workspace/ros_ur_driver/install/control_msgs/include/control_msgs/msg/detail/gripper_command__struct.hpp
[1.254s] -- Up-to-date: /home/d-lab/workspace/ros_ur_driver/install/control_msgs/include/control_msgs/msg/detail/interface_value__builder.hpp
[1.254s] -- Up-to-date: /home/d-lab/workspace/ros_ur_driver/install/control_msgs/include/control_msgs/msg/detail/joint_controller_state__traits.hpp
[1.255s] -- Up-to-date: /home/d-lab/workspace/ros_ur_driver/install/control_msgs/include/control_msgs/msg/detail/joint_trajectory_controller_state__traits.hpp
[1.255s] -- Up-to-date: /home/d-lab/workspace/ros_ur_driver/install/control_msgs/include/control_msgs/msg/detail/gripper_command__builder.hpp
[1.255s] -- Up-to-date: /home/d-lab/workspace/ros_ur_driver/install/control_msgs/include/control_msgs/msg/detail/joint_trajectory_controller_state__struct.hpp
[1.255s] -- Up-to-date: /home/d-lab/workspace/ros_ur_driver/install/control_msgs/include/control_msgs/msg/detail/joint_trajectory_controller_state__builder.hpp
[1.256s] -- Up-to-date: /home/d-lab/workspace/ros_ur_driver/install/control_msgs/include/control_msgs/msg/detail/dynamic_joint_state__builder.hpp
[1.256s] -- Up-to-date: /home/d-lab/workspace/ros_ur_driver/install/control_msgs/include/control_msgs/msg/detail/joint_tolerance__traits.hpp
[1.256s] -- Up-to-date: /home/d-lab/workspace/ros_ur_driver/install/control_msgs/include/control_msgs/msg/detail/interface_value__traits.hpp
[1.257s] -- Up-to-date: /home/d-lab/workspace/ros_ur_driver/install/control_msgs/include/control_msgs/msg/detail/dynamic_joint_state__traits.hpp
[1.257s] -- Up-to-date: /home/d-lab/workspace/ros_ur_driver/install/control_msgs/include/control_msgs/msg/detail/joint_jog__builder.hpp
[1.257s] -- Up-to-date: /home/d-lab/workspace/ros_ur_driver/install/control_msgs/include/control_msgs/msg/detail/pid_state__struct.hpp
[1.257s] -- Up-to-date: /home/d-lab/workspace/ros_ur_driver/install/control_msgs/include/control_msgs/msg/detail/gripper_command__traits.hpp
[1.257s] -- Up-to-date: /home/d-lab/workspace/ros_ur_driver/install/control_msgs/include/control_msgs/msg/dynamic_joint_state.hpp
[1.257s] -- Up-to-date: /home/d-lab/workspace/ros_ur_driver/install/control_msgs/include/control_msgs/msg/pid_state.hpp
[1.257s] -- Up-to-date: /home/d-lab/workspace/ros_ur_driver/install/control_msgs/include/control_msgs/msg/joint_controller_state.hpp
[1.257s] -- Up-to-date: /home/d-lab/workspace/ros_ur_driver/install/control_msgs/include/control_msgs
[1.258s] -- Up-to-date: /home/d-lab/workspace/ros_ur_driver/install/control_msgs/include/control_msgs/srv
[1.258s] -- Up-to-date: /home/d-lab/workspace/ros_ur_driver/install/control_msgs/include/control_msgs/srv/detail
[1.259s] -- Up-to-date: /home/d-lab/workspace/ros_ur_driver/install/control_msgs/include/control_msgs/srv/detail/query_trajectory_state__type_support.cpp
[1.259s] -- Up-to-date: /home/d-lab/workspace/ros_ur_driver/install/control_msgs/include/control_msgs/srv/detail/query_calibration_state__type_support.cpp
[1.259s] -- Up-to-date: /home/d-lab/workspace/ros_ur_driver/install/control_msgs/include/control_msgs/srv/detail/query_calibration_state__rosidl_typesupport_introspection_cpp.hpp
[1.259s] -- Up-to-date: /home/d-lab/workspace/ros_ur_driver/install/control_msgs/include/control_msgs/srv/detail/query_trajectory_state__rosidl_typesupport_introspection_cpp.hpp
[1.259s] -- Up-to-date: /home/d-lab/workspace/ros_ur_driver/install/control_msgs/include/control_msgs/action
[1.260s] -- Up-to-date: /home/d-lab/workspace/ros_ur_driver/install/control_msgs/include/control_msgs/action/detail
[1.260s] -- Up-to-date: /home/d-lab/workspace/ros_ur_driver/install/control_msgs/include/control_msgs/action/detail/gripper_command__type_support.cpp
[1.260s] -- Up-to-date: /home/d-lab/workspace/ros_ur_driver/install/control_msgs/include/control_msgs/action/detail/single_joint_position__rosidl_typesupport_introspection_cpp.hpp
[1.261s] -- Up-to-date: /home/d-lab/workspace/ros_ur_driver/install/control_msgs/include/control_msgs/action/detail/point_head__type_support.cpp
[1.261s] -- Up-to-date: /home/d-lab/workspace/ros_ur_driver/install/control_msgs/include/control_msgs/action/detail/point_head__rosidl_typesupport_introspection_cpp.hpp
[1.261s] -- Up-to-date: /home/d-lab/workspace/ros_ur_driver/install/control_msgs/include/control_msgs/action/detail/joint_trajectory__rosidl_typesupport_introspection_cpp.hpp
[1.261s] -- Up-to-date: /home/d-lab/workspace/ros_ur_driver/install/control_msgs/include/control_msgs/action/detail/follow_joint_trajectory__rosidl_typesupport_introspection_cpp.hpp
[1.262s] -- Up-to-date: /home/d-lab/workspace/ros_ur_driver/install/control_msgs/include/control_msgs/action/detail/joint_trajectory__type_support.cpp
[1.262s] -- Up-to-date: /home/d-lab/workspace/ros_ur_driver/install/control_msgs/include/control_msgs/action/detail/gripper_command__rosidl_typesupport_introspection_cpp.hpp
[1.263s] -- Up-to-date: /home/d-lab/workspace/ros_ur_driver/install/control_msgs/include/control_msgs/action/detail/follow_joint_trajectory__type_support.cpp
[1.263s] -- Up-to-date: /home/d-lab/workspace/ros_ur_driver/install/control_msgs/include/control_msgs/action/detail/single_joint_position__type_support.cpp
[1.263s] -- Up-to-date: /home/d-lab/workspace/ros_ur_driver/install/control_msgs/include/control_msgs/msg
[1.263s] -- Up-to-date: /home/d-lab/workspace/ros_ur_driver/install/control_msgs/include/control_msgs/msg/detail
[1.263s] -- Up-to-date: /home/d-lab/workspace/ros_ur_driver/install/control_msgs/include/control_msgs/msg/detail/joint_trajectory_controller_state__rosidl_typesupport_introspection_cpp.hpp
[1.263s] -- Up-to-date: /home/d-lab/workspace/ros_ur_driver/install/control_msgs/include/control_msgs/msg/detail/gripper_command__type_support.cpp
[1.263s] -- Up-to-date: /home/d-lab/workspace/ros_ur_driver/install/control_msgs/include/control_msgs/msg/detail/joint_tolerance__rosidl_typesupport_introspection_cpp.hpp
[1.263s] -- Up-to-date: /home/d-lab/workspace/ros_ur_driver/install/control_msgs/include/control_msgs/msg/detail/dynamic_joint_state__rosidl_typesupport_introspection_cpp.hpp
[1.263s] -- Up-to-date: /home/d-lab/workspace/ros_ur_driver/install/control_msgs/include/control_msgs/msg/detail/joint_controller_state__type_support.cpp
[1.264s] -- Up-to-date: /home/d-lab/workspace/ros_ur_driver/install/control_msgs/include/control_msgs/msg/detail/joint_tolerance__type_support.cpp
[1.264s] -- Up-to-date: /home/d-lab/workspace/ros_ur_driver/install/control_msgs/include/control_msgs/msg/detail/joint_jog__type_support.cpp
[1.264s] -- Up-to-date: /home/d-lab/workspace/ros_ur_driver/install/control_msgs/include/control_msgs/msg/detail/gripper_command__rosidl_typesupport_introspection_cpp.hpp
[1.264s] -- Up-to-date: /home/d-lab/workspace/ros_ur_driver/install/control_msgs/include/control_msgs/msg/detail/interface_value__type_support.cpp
[1.264s] -- Up-to-date: /home/d-lab/workspace/ros_ur_driver/install/control_msgs/include/control_msgs/msg/detail/pid_state__type_support.cpp
[1.265s] -- Up-to-date: /home/d-lab/workspace/ros_ur_driver/install/control_msgs/include/control_msgs/msg/detail/interface_value__rosidl_typesupport_introspection_cpp.hpp
[1.265s] -- Up-to-date: /home/d-lab/workspace/ros_ur_driver/install/control_msgs/include/control_msgs/msg/detail/joint_controller_state__rosidl_typesupport_introspection_cpp.hpp
[1.266s] -- Up-to-date: /home/d-lab/workspace/ros_ur_driver/install/control_msgs/include/control_msgs/msg/detail/joint_jog__rosidl_typesupport_introspection_cpp.hpp
[1.267s] -- Up-to-date: /home/d-lab/workspace/ros_ur_driver/install/control_msgs/include/control_msgs/msg/detail/pid_state__rosidl_typesupport_introspection_cpp.hpp
[1.267s] -- Up-to-date: /home/d-lab/workspace/ros_ur_driver/install/control_msgs/include/control_msgs/msg/detail/dynamic_joint_state__type_support.cpp
[1.267s] -- Up-to-date: /home/d-lab/workspace/ros_ur_driver/install/control_msgs/include/control_msgs/msg/detail/joint_trajectory_controller_state__type_support.cpp
[1.267s] -- Up-to-date: /home/d-lab/workspace/ros_ur_driver/install/control_msgs/lib/libcontrol_msgs__rosidl_typesupport_introspection_cpp.so
[1.267s] -- Up-to-date: /home/d-lab/workspace/ros_ur_driver/install/control_msgs/lib/libcontrol_msgs__rosidl_typesupport_cpp.so
[1.267s] -- Up-to-date: /home/d-lab/workspace/ros_ur_driver/install/control_msgs/share/control_msgs/environment/pythonpath.sh
[1.267s] -- Up-to-date: /home/d-lab/workspace/ros_ur_driver/install/control_msgs/share/control_msgs/environment/pythonpath.dsv
[1.268s] -- Up-to-date: /home/d-lab/workspace/ros_ur_driver/install/control_msgs/lib/python3.8/site-packages/control_msgs/__init__.py
[1.305s] -- Up-to-date: /home/d-lab/workspace/ros_ur_driver/install/control_msgs/lib/python3.8/site-packages/control_msgs/msg
[1.305s] -- Up-to-date: /home/d-lab/workspace/ros_ur_driver/install/control_msgs/lib/python3.8/site-packages/control_msgs/msg/_gripper_command_s.c
[1.306s] -- Up-to-date: /home/d-lab/workspace/ros_ur_driver/install/control_msgs/lib/python3.8/site-packages/control_msgs/msg/_joint_tolerance.py
[1.306s] -- Up-to-date: /home/d-lab/workspace/ros_ur_driver/install/control_msgs/lib/python3.8/site-packages/control_msgs/msg/_joint_controller_state_s.c
[1.306s] -- Up-to-date: /home/d-lab/workspace/ros_ur_driver/install/control_msgs/lib/python3.8/site-packages/control_msgs/msg/_gripper_command.py
[1.307s] -- Up-to-date: /home/d-lab/workspace/ros_ur_driver/install/control_msgs/lib/python3.8/site-packages/control_msgs/msg/_interface_value.py
[1.307s] -- Up-to-date: /home/d-lab/workspace/ros_ur_driver/install/control_msgs/lib/python3.8/site-packages/control_msgs/msg/_interface_value_s.c
[1.307s] -- Up-to-date: /home/d-lab/workspace/ros_ur_driver/install/control_msgs/lib/python3.8/site-packages/control_msgs/msg/_pid_state_s.c
[1.307s] -- Up-to-date: /home/d-lab/workspace/ros_ur_driver/install/control_msgs/lib/python3.8/site-packages/control_msgs/msg/_dynamic_joint_state.py
[1.308s] -- Up-to-date: /home/d-lab/workspace/ros_ur_driver/install/control_msgs/lib/python3.8/site-packages/control_msgs/msg/_joint_jog.py
[1.308s] -- Up-to-date: /home/d-lab/workspace/ros_ur_driver/install/control_msgs/lib/python3.8/site-packages/control_msgs/msg/_joint_tolerance_s.c
[1.308s] -- Up-to-date: /home/d-lab/workspace/ros_ur_driver/install/control_msgs/lib/python3.8/site-packages/control_msgs/msg/_dynamic_joint_state_s.c
[1.308s] -- Up-to-date: /home/d-lab/workspace/ros_ur_driver/install/control_msgs/lib/python3.8/site-packages/control_msgs/msg/_joint_jog_s.c
[1.308s] -- Up-to-date: /home/d-lab/workspace/ros_ur_driver/install/control_msgs/lib/python3.8/site-packages/control_msgs/msg/__init__.py
[1.308s] -- Up-to-date: /home/d-lab/workspace/ros_ur_driver/install/control_msgs/lib/python3.8/site-packages/control_msgs/msg/_pid_state.py
[1.309s] -- Up-to-date: /home/d-lab/workspace/ros_ur_driver/install/control_msgs/lib/python3.8/site-packages/control_msgs/msg/_joint_controller_state.py
[1.309s] -- Up-to-date: /home/d-lab/workspace/ros_ur_driver/install/control_msgs/lib/python3.8/site-packages/control_msgs/msg/_joint_trajectory_controller_state_s.c
[1.309s] -- Up-to-date: /home/d-lab/workspace/ros_ur_driver/install/control_msgs/lib/python3.8/site-packages/control_msgs/msg/_joint_trajectory_controller_state.py
[1.310s] -- Up-to-date: /home/d-lab/workspace/ros_ur_driver/install/control_msgs/lib/python3.8/site-packages/control_msgs/srv
[1.310s] -- Up-to-date: /home/d-lab/workspace/ros_ur_driver/install/control_msgs/lib/python3.8/site-packages/control_msgs/srv/_query_trajectory_state_s.c
[1.311s] -- Up-to-date: /home/d-lab/workspace/ros_ur_driver/install/control_msgs/lib/python3.8/site-packages/control_msgs/srv/_query_calibration_state.py
[1.311s] -- Up-to-date: /home/d-lab/workspace/ros_ur_driver/install/control_msgs/lib/python3.8/site-packages/control_msgs/srv/_query_trajectory_state.py
[1.311s] -- Up-to-date: /home/d-lab/workspace/ros_ur_driver/install/control_msgs/lib/python3.8/site-packages/control_msgs/srv/__init__.py
[1.311s] -- Up-to-date: /home/d-lab/workspace/ros_ur_driver/install/control_msgs/lib/python3.8/site-packages/control_msgs/srv/_query_calibration_state_s.c
[1.311s] -- Up-to-date: /home/d-lab/workspace/ros_ur_driver/install/control_msgs/lib/python3.8/site-packages/control_msgs/action
[1.312s] -- Up-to-date: /home/d-lab/workspace/ros_ur_driver/install/control_msgs/lib/python3.8/site-packages/control_msgs/action/_gripper_command_s.c
[1.312s] -- Up-to-date: /home/d-lab/workspace/ros_ur_driver/install/control_msgs/lib/python3.8/site-packages/control_msgs/action/_point_head_s.c
[1.313s] -- Up-to-date: /home/d-lab/workspace/ros_ur_driver/install/control_msgs/lib/python3.8/site-packages/control_msgs/action/_point_head.py
[1.313s] -- Up-to-date: /home/d-lab/workspace/ros_ur_driver/install/control_msgs/lib/python3.8/site-packages/control_msgs/action/_single_joint_position.py
[1.313s] -- Up-to-date: /home/d-lab/workspace/ros_ur_driver/install/control_msgs/lib/python3.8/site-packages/control_msgs/action/_gripper_command.py
[1.313s] -- Up-to-date: /home/d-lab/workspace/ros_ur_driver/install/control_msgs/lib/python3.8/site-packages/control_msgs/action/_single_joint_position_s.c
[1.313s] -- Up-to-date: /home/d-lab/workspace/ros_ur_driver/install/control_msgs/lib/python3.8/site-packages/control_msgs/action/_joint_trajectory.py
[1.313s] -- Up-to-date: /home/d-lab/workspace/ros_ur_driver/install/control_msgs/lib/python3.8/site-packages/control_msgs/action/_follow_joint_trajectory.py
[1.313s] -- Up-to-date: /home/d-lab/workspace/ros_ur_driver/install/control_msgs/lib/python3.8/site-packages/control_msgs/action/_follow_joint_trajectory_s.c
[1.313s] -- Up-to-date: /home/d-lab/workspace/ros_ur_driver/install/control_msgs/lib/python3.8/site-packages/control_msgs/action/__init__.py
[1.313s] -- Up-to-date: /home/d-lab/workspace/ros_ur_driver/install/control_msgs/lib/python3.8/site-packages/control_msgs/action/_joint_trajectory_s.c
[1.313s] -- Up-to-date: /home/d-lab/workspace/ros_ur_driver/install/control_msgs/lib/python3.8/site-packages/control_msgs/control_msgs_s__rosidl_typesupport_fastrtps_c.cpython-38-x86_64-linux-gnu.so
[1.314s] -- Up-to-date: /home/d-lab/workspace/ros_ur_driver/install/control_msgs/lib/python3.8/site-packages/control_msgs/control_msgs_s__rosidl_typesupport_introspection_c.cpython-38-x86_64-linux-gnu.so
[1.315s] -- Up-to-date: /home/d-lab/workspace/ros_ur_driver/install/control_msgs/lib/python3.8/site-packages/control_msgs/control_msgs_s__rosidl_typesupport_c.cpython-38-x86_64-linux-gnu.so
[1.315s] -- Up-to-date: /home/d-lab/workspace/ros_ur_driver/install/control_msgs/lib/libcontrol_msgs__python.so
[1.316s] -- Up-to-date: /home/d-lab/workspace/ros_ur_driver/install/control_msgs/share/control_msgs/msg/DynamicJointState.idl
[1.316s] -- Up-to-date: /home/d-lab/workspace/ros_ur_driver/install/control_msgs/share/control_msgs/msg/GripperCommand.idl
[1.317s] -- Up-to-date: /home/d-lab/workspace/ros_ur_driver/install/control_msgs/share/control_msgs/msg/InterfaceValue.idl
[1.317s] -- Up-to-date: /home/d-lab/workspace/ros_ur_driver/install/control_msgs/share/control_msgs/msg/JointControllerState.idl
[1.317s] -- Up-to-date: /home/d-lab/workspace/ros_ur_driver/install/control_msgs/share/control_msgs/msg/JointJog.idl
[1.317s] -- Up-to-date: /home/d-lab/workspace/ros_ur_driver/install/control_msgs/share/control_msgs/msg/JointTolerance.idl
[1.317s] -- Up-to-date: /home/d-lab/workspace/ros_ur_driver/install/control_msgs/share/control_msgs/msg/JointTrajectoryControllerState.idl
[1.317s] -- Up-to-date: /home/d-lab/workspace/ros_ur_driver/install/control_msgs/share/control_msgs/msg/PidState.idl
[1.317s] -- Up-to-date: /home/d-lab/workspace/ros_ur_driver/install/control_msgs/share/control_msgs/srv/QueryCalibrationState.idl
[1.317s] -- Up-to-date: /home/d-lab/workspace/ros_ur_driver/install/control_msgs/share/control_msgs/srv/QueryTrajectoryState.idl
[1.317s] -- Up-to-date: /home/d-lab/workspace/ros_ur_driver/install/control_msgs/share/control_msgs/action/FollowJointTrajectory.idl
[1.317s] -- Up-to-date: /home/d-lab/workspace/ros_ur_driver/install/control_msgs/share/control_msgs/action/GripperCommand.idl
[1.318s] -- Up-to-date: /home/d-lab/workspace/ros_ur_driver/install/control_msgs/share/control_msgs/action/JointTrajectory.idl
[1.318s] -- Up-to-date: /home/d-lab/workspace/ros_ur_driver/install/control_msgs/share/control_msgs/action/PointHead.idl
[1.318s] -- Up-to-date: /home/d-lab/workspace/ros_ur_driver/install/control_msgs/share/control_msgs/action/SingleJointPosition.idl
[1.318s] -- Up-to-date: /home/d-lab/workspace/ros_ur_driver/install/control_msgs/share/control_msgs/msg/DynamicJointState.msg
[1.318s] -- Up-to-date: /home/d-lab/workspace/ros_ur_driver/install/control_msgs/share/control_msgs/msg/GripperCommand.msg
[1.318s] -- Up-to-date: /home/d-lab/workspace/ros_ur_driver/install/control_msgs/share/control_msgs/msg/InterfaceValue.msg
[1.318s] -- Up-to-date: /home/d-lab/workspace/ros_ur_driver/install/control_msgs/share/control_msgs/msg/JointControllerState.msg
[1.318s] -- Up-to-date: /home/d-lab/workspace/ros_ur_driver/install/control_msgs/share/control_msgs/msg/JointJog.msg
[1.319s] -- Up-to-date: /home/d-lab/workspace/ros_ur_driver/install/control_msgs/share/control_msgs/msg/JointTolerance.msg
[1.319s] -- Up-to-date: /home/d-lab/workspace/ros_ur_driver/install/control_msgs/share/control_msgs/msg/JointTrajectoryControllerState.msg
[1.319s] -- Up-to-date: /home/d-lab/workspace/ros_ur_driver/install/control_msgs/share/control_msgs/msg/PidState.msg
[1.319s] -- Up-to-date: /home/d-lab/workspace/ros_ur_driver/install/control_msgs/share/control_msgs/srv/QueryCalibrationState.srv
[1.319s] -- Up-to-date: /home/d-lab/workspace/ros_ur_driver/install/control_msgs/share/control_msgs/srv/QueryCalibrationState_Request.msg
[1.319s] -- Up-to-date: /home/d-lab/workspace/ros_ur_driver/install/control_msgs/share/control_msgs/srv/QueryCalibrationState_Response.msg
[1.319s] -- Up-to-date: /home/d-lab/workspace/ros_ur_driver/install/control_msgs/share/control_msgs/srv/QueryTrajectoryState.srv
[1.319s] -- Up-to-date: /home/d-lab/workspace/ros_ur_driver/install/control_msgs/share/control_msgs/srv/QueryTrajectoryState_Request.msg
[1.319s] -- Up-to-date: /home/d-lab/workspace/ros_ur_driver/install/control_msgs/share/control_msgs/srv/QueryTrajectoryState_Response.msg
[1.320s] -- Up-to-date: /home/d-lab/workspace/ros_ur_driver/install/control_msgs/share/control_msgs/action/FollowJointTrajectory.action
[1.320s] -- Up-to-date: /home/d-lab/workspace/ros_ur_driver/install/control_msgs/share/control_msgs/action/GripperCommand.action
[1.320s] -- Up-to-date: /home/d-lab/workspace/ros_ur_driver/install/control_msgs/share/control_msgs/action/JointTrajectory.action
[1.320s] -- Up-to-date: /home/d-lab/workspace/ros_ur_driver/install/control_msgs/share/control_msgs/action/PointHead.action
[1.320s] -- Up-to-date: /home/d-lab/workspace/ros_ur_driver/install/control_msgs/share/control_msgs/action/SingleJointPosition.action
[1.320s] -- Up-to-date: /home/d-lab/workspace/ros_ur_driver/install/control_msgs/share/ament_index/resource_index/package_run_dependencies/control_msgs
[1.320s] -- Up-to-date: /home/d-lab/workspace/ros_ur_driver/install/control_msgs/share/ament_index/resource_index/parent_prefix_path/control_msgs
[1.320s] -- Up-to-date: /home/d-lab/workspace/ros_ur_driver/install/control_msgs/share/control_msgs/environment/ament_prefix_path.sh
[1.320s] -- Up-to-date: /home/d-lab/workspace/ros_ur_driver/install/control_msgs/share/control_msgs/environment/ament_prefix_path.dsv
[1.320s] -- Up-to-date: /home/d-lab/workspace/ros_ur_driver/install/control_msgs/share/control_msgs/environment/path.sh
[1.320s] -- Up-to-date: /home/d-lab/workspace/ros_ur_driver/install/control_msgs/share/control_msgs/environment/path.dsv
[1.320s] -- Up-to-date: /home/d-lab/workspace/ros_ur_driver/install/control_msgs/share/control_msgs/local_setup.bash
[1.320s] -- Up-to-date: /home/d-lab/workspace/ros_ur_driver/install/control_msgs/share/control_msgs/local_setup.sh
[1.320s] -- Up-to-date: /home/d-lab/workspace/ros_ur_driver/install/control_msgs/share/control_msgs/local_setup.zsh
[1.321s] -- Up-to-date: /home/d-lab/workspace/ros_ur_driver/install/control_msgs/share/control_msgs/local_setup.dsv
[1.321s] -- Installing: /home/d-lab/workspace/ros_ur_driver/install/control_msgs/share/control_msgs/package.dsv
[1.321s] -- Up-to-date: /home/d-lab/workspace/ros_ur_driver/install/control_msgs/share/ament_index/resource_index/packages/control_msgs
[1.321s] -- Up-to-date: /home/d-lab/workspace/ros_ur_driver/install/control_msgs/share/control_msgs/cmake/control_msgs__rosidl_generator_cExport.cmake
[1.321s] -- Up-to-date: /home/d-lab/workspace/ros_ur_driver/install/control_msgs/share/control_msgs/cmake/control_msgs__rosidl_generator_cExport-release.cmake
[1.321s] -- Up-to-date: /home/d-lab/workspace/ros_ur_driver/install/control_msgs/share/control_msgs/cmake/control_msgs__rosidl_typesupport_introspection_cExport.cmake
[1.321s] -- Up-to-date: /home/d-lab/workspace/ros_ur_driver/install/control_msgs/share/control_msgs/cmake/control_msgs__rosidl_typesupport_introspection_cExport-release.cmake
[1.321s] -- Up-to-date: /home/d-lab/workspace/ros_ur_driver/install/control_msgs/share/control_msgs/cmake/control_msgs__rosidl_typesupport_cExport.cmake
[1.322s] -- Up-to-date: /home/d-lab/workspace/ros_ur_driver/install/control_msgs/share/control_msgs/cmake/control_msgs__rosidl_typesupport_cExport-release.cmake
[1.322s] -- Up-to-date: /home/d-lab/workspace/ros_ur_driver/install/control_msgs/share/control_msgs/cmake/control_msgs__rosidl_generator_cppExport.cmake
[1.322s] -- Up-to-date: /home/d-lab/workspace/ros_ur_driver/install/control_msgs/share/control_msgs/cmake/control_msgs__rosidl_typesupport_introspection_cppExport.cmake
[1.322s] -- Up-to-date: /home/d-lab/workspace/ros_ur_driver/install/control_msgs/share/control_msgs/cmake/control_msgs__rosidl_typesupport_introspection_cppExport-release.cmake
[1.322s] -- Up-to-date: /home/d-lab/workspace/ros_ur_driver/install/control_msgs/share/control_msgs/cmake/control_msgs__rosidl_typesupport_cppExport.cmake
[1.322s] -- Up-to-date: /home/d-lab/workspace/ros_ur_driver/install/control_msgs/share/control_msgs/cmake/control_msgs__rosidl_typesupport_cppExport-release.cmake
[1.322s] -- Up-to-date: /home/d-lab/workspace/ros_ur_driver/install/control_msgs/share/control_msgs/cmake/rosidl_cmake-extras.cmake
[1.322s] -- Up-to-date: /home/d-lab/workspace/ros_ur_driver/install/control_msgs/share/control_msgs/cmake/ament_cmake_export_dependencies-extras.cmake
[1.322s] -- Up-to-date: /home/d-lab/workspace/ros_ur_driver/install/control_msgs/share/control_msgs/cmake/ament_cmake_export_libraries-extras.cmake
[1.322s] -- Up-to-date: /home/d-lab/workspace/ros_ur_driver/install/control_msgs/share/control_msgs/cmake/ament_cmake_export_targets-extras.cmake
[1.322s] -- Up-to-date: /home/d-lab/workspace/ros_ur_driver/install/control_msgs/share/control_msgs/cmake/ament_cmake_export_include_directories-extras.cmake
[1.323s] -- Up-to-date: /home/d-lab/workspace/ros_ur_driver/install/control_msgs/share/control_msgs/cmake/rosidl_cmake_export_typesupport_libraries-extras.cmake
[1.323s] -- Up-to-date: /home/d-lab/workspace/ros_ur_driver/install/control_msgs/share/control_msgs/cmake/rosidl_cmake_export_typesupport_targets-extras.cmake
[1.323s] -- Up-to-date: /home/d-lab/workspace/ros_ur_driver/install/control_msgs/share/control_msgs/cmake/control_msgsConfig.cmake
[1.323s] -- Up-to-date: /home/d-lab/workspace/ros_ur_driver/install/control_msgs/share/control_msgs/cmake/control_msgsConfig-version.cmake
[1.323s] -- Up-to-date: /home/d-lab/workspace/ros_ur_driver/install/control_msgs/share/control_msgs/package.xml
[1.327s] Invoked command in '/home/d-lab/workspace/ros_ur_driver/build/control_msgs' returned '0': CMAKE_PREFIX_PATH=/home/d-lab/workspace/ros_ur_driver/install/run_ompl_constrained_planning:/home/d-lab/workspace/ros_ur_driver/install/run_moveit_cpp:/home/d-lab/workspace/ros_ur_driver/install/run_move_group:/home/d-lab/workspace/ros_ur_driver/install/warehouse_ros_mongo:/home/d-lab/workspace/ros_ur_driver/install/ros2_controllers:/home/d-lab/workspace/ros_ur_driver/install/velocity_controllers:/home/d-lab/workspace/ros_ur_driver/install/ur_robot_driver:/home/d-lab/workspace/ros_ur_driver/install/ur_controllers:/home/d-lab/workspace/ros_ur_driver/install/ur_msgs:/home/d-lab/workspace/ros_ur_driver/install/ur_moveit_config:/home/d-lab/workspace/ros_ur_driver/install/ur_description:/home/d-lab/workspace/ros_ur_driver/install/ur_dashboard_msgs:/home/d-lab/workspace/ros_ur_driver/install/ur_client_library:/home/d-lab/workspace/ros_ur_driver/install/ur_bringup:/home/d-lab/workspace/ros_ur_driver/install/ur5_robotiq_moveit_config:/home/d-lab/workspace/ros_ur_driver/install/transmission_interface:/home/d-lab/workspace/ros_ur_driver/install/srdfdom:/home/d-lab/workspace/ros_ur_driver/install/move_arm:/home/d-lab/workspace/ros_ur_driver/install/moveit_visual_tools:/home/d-lab/workspace/ros_ur_driver/install/rviz_visual_tools:/home/d-lab/workspace/ros_ur_driver/install/ros2_control_demos:/home/d-lab/workspace/ros_ur_driver/install/ros2_control_demo_bringup:/home/d-lab/workspace/ros_ur_driver/install/rrbot_description:/home/d-lab/workspace/ros_ur_driver/install/ros2_control:/home/d-lab/workspace/ros_ur_driver/install/utils:/home/d-lab/workspace/ros_ur_driver/install/ros2controlcli:/home/d-lab/workspace/ros_ur_driver/install/ros2_control_test_nodes:/home/d-lab/workspace/ros_ur_driver/install/robotiq_control:/home/d-lab/workspace/ros_ur_driver/install/gripper_control:/opt/ros/foxy:/home/d-lab/workspace/ros_ur_driver/install/cartesian_controller_examples:/home/d-lab/workspace/ros_ur_driver/install/controller_manager:/home/d-lab/workspace/ros_ur_driver/install/ros2_control_test_assets:/home/d-lab/workspace/ros_ur_driver/install/ros2_control_demo_hardware:/home/d-lab/workspace/ros_ur_driver/install/robotiq_description:/home/d-lab/workspace/ros_ur_driver/install/position_controllers:/home/d-lab/workspace/ros_ur_driver/install/joint_trajectory_controller:/home/d-lab/workspace/ros_ur_driver/install/joint_state_controller:/home/d-lab/workspace/ros_ur_driver/install/joint_state_broadcaster:/home/d-lab/workspace/ros_ur_driver/install/imu_sensor_broadcaster:/home/d-lab/workspace/ros_ur_driver/install/gripper_controllers:/home/d-lab/workspace/ros_ur_driver/install/effort_controllers:/home/d-lab/workspace/ros_ur_driver/install/forward_command_controller:/home/d-lab/workspace/ros_ur_driver/install/force_torque_sensor_broadcaster:/home/d-lab/workspace/ros_ur_driver/install/diff_drive_controller:/home/d-lab/workspace/ros_ur_driver/install/cartesian_compliance_controller:/home/d-lab/workspace/ros_ur_driver/install/cartesian_motion_controller:/home/d-lab/workspace/ros_ur_driver/install/cartesian_force_controller:/home/d-lab/workspace/ros_ur_driver/install/cartesian_controller_base:/home/d-lab/workspace/ros_ur_driver/install/controller_interface:/home/d-lab/workspace/ros_ur_driver/install/hardware_interface:/home/d-lab/workspace/ros_ur_driver/install/graph_msgs:/home/d-lab/workspace/ros_ur_driver/install/filters:/home/d-lab/workspace/ros_ur_driver/install/eigen3_cmake_module:/home/d-lab/workspace/ros_ur_driver/install/diffbot_description:/home/d-lab/workspace/ros_ur_driver/install/controller_manager_msgs:/home/d-lab/workspace/ros_ur_driver/install/control_msgs:/home/d-lab/workspace/ros_ur_driver/install/chomp_motion_planner /usr/bin/cmake --install /home/d-lab/workspace/ros_ur_driver/build/control_msgs
