-- Install configuration: ""
-- Installing: /home/d-lab/workspace/ros_ur_driver/src/install/robotiq_description/share/robotiq_description/config
-- Installing: /home/d-lab/workspace/ros_ur_driver/src/install/robotiq_description/share/robotiq_description/config/robotiq_85.rviz
-- Installing: /home/d-lab/workspace/ros_ur_driver/src/install/robotiq_description/share/robotiq_description/launch
-- Installing: /home/d-lab/workspace/ros_ur_driver/src/install/robotiq_description/share/robotiq_description/launch/display_robotiq85.launch
-- Installing: /home/d-lab/workspace/ros_ur_driver/src/install/robotiq_description/share/robotiq_description/meshes
-- Installing: /home/d-lab/workspace/ros_ur_driver/src/install/robotiq_description/share/robotiq_description/meshes/visual
-- Installing: /home/d-lab/workspace/ros_ur_driver/src/install/robotiq_description/share/robotiq_description/meshes/visual/robotiq_85_knuckle_link.dae
-- Installing: /home/d-lab/workspace/ros_ur_driver/src/install/robotiq_description/share/robotiq_description/meshes/visual/robotiq_85_finger_tip_link.dae
-- Installing: /home/d-lab/workspace/ros_ur_driver/src/install/robotiq_description/share/robotiq_description/meshes/visual/robotiq_85_inner_knuckle_link.dae
-- Installing: /home/d-lab/workspace/ros_ur_driver/src/install/robotiq_description/share/robotiq_description/meshes/visual/robotiq_85_finger_link.dae
-- Installing: /home/d-lab/workspace/ros_ur_driver/src/install/robotiq_description/share/robotiq_description/meshes/visual/robotiq_85_base_link.dae
-- Installing: /home/d-lab/workspace/ros_ur_driver/src/install/robotiq_description/share/robotiq_description/meshes/collision
-- Installing: /home/d-lab/workspace/ros_ur_driver/src/install/robotiq_description/share/robotiq_description/meshes/collision/robotiq_85_base_link.stl
-- Installing: /home/d-lab/workspace/ros_ur_driver/src/install/robotiq_description/share/robotiq_description/meshes/collision/robotiq_85_knuckle_link.stl
-- Installing: /home/d-lab/workspace/ros_ur_driver/src/install/robotiq_description/share/robotiq_description/meshes/collision/robotiq_85_finger_tip_link.stl
-- Installing: /home/d-lab/workspace/ros_ur_driver/src/install/robotiq_description/share/robotiq_description/meshes/collision/robotiq_85_finger_link.stl
-- Installing: /home/d-lab/workspace/ros_ur_driver/src/install/robotiq_description/share/robotiq_description/meshes/collision/robotiq_85_inner_knuckle_link.stl
-- Installing: /home/d-lab/workspace/ros_ur_driver/src/install/robotiq_description/share/robotiq_description/meshes/robotiq_85_coupler.stl
-- Installing: /home/d-lab/workspace/ros_ur_driver/src/install/robotiq_description/share/robotiq_description/urdf
-- Installing: /home/d-lab/workspace/ros_ur_driver/src/install/robotiq_description/share/robotiq_description/urdf/robotiq_85_gripper_sim_base.urdf.xacro
-- Installing: /home/d-lab/workspace/ros_ur_driver/src/install/robotiq_description/share/robotiq_description/urdf/robotiq_85_gripper.xacro
-- Installing: /home/d-lab/workspace/ros_ur_driver/src/install/robotiq_description/share/robotiq_description/urdf/robotiq_85_gripper.transmission.xacro
-- Installing: /home/d-lab/workspace/ros_ur_driver/src/install/robotiq_description/share/robotiq_description/urdf/robotiq_85_gripper.urdf.xacro
-- Installing: /home/d-lab/workspace/ros_ur_driver/src/install/robotiq_description/share/ament_index/resource_index/package_run_dependencies/robotiq_description
-- Installing: /home/d-lab/workspace/ros_ur_driver/src/install/robotiq_description/share/ament_index/resource_index/parent_prefix_path/robotiq_description
-- Installing: /home/d-lab/workspace/ros_ur_driver/src/install/robotiq_description/share/robotiq_description/environment/ament_prefix_path.sh
-- Installing: /home/d-lab/workspace/ros_ur_driver/src/install/robotiq_description/share/robotiq_description/environment/ament_prefix_path.dsv
-- Installing: /home/d-lab/workspace/ros_ur_driver/src/install/robotiq_description/share/robotiq_description/environment/path.sh
-- Installing: /home/d-lab/workspace/ros_ur_driver/src/install/robotiq_description/share/robotiq_description/environment/path.dsv
-- Installing: /home/d-lab/workspace/ros_ur_driver/src/install/robotiq_description/share/robotiq_description/local_setup.bash
-- Installing: /home/d-lab/workspace/ros_ur_driver/src/install/robotiq_description/share/robotiq_description/local_setup.sh
-- Installing: /home/d-lab/workspace/ros_ur_driver/src/install/robotiq_description/share/robotiq_description/local_setup.zsh
-- Installing: /home/d-lab/workspace/ros_ur_driver/src/install/robotiq_description/share/robotiq_description/local_setup.dsv
-- Installing: /home/d-lab/workspace/ros_ur_driver/src/install/robotiq_description/share/robotiq_description/package.dsv
-- Installing: /home/d-lab/workspace/ros_ur_driver/src/install/robotiq_description/share/ament_index/resource_index/packages/robotiq_description
-- Installing: /home/d-lab/workspace/ros_ur_driver/src/install/robotiq_description/share/robotiq_description/cmake/robotiq_descriptionConfig.cmake
-- Installing: /home/d-lab/workspace/ros_ur_driver/src/install/robotiq_description/share/robotiq_description/cmake/robotiq_descriptionConfig-version.cmake
-- Installing: /home/d-lab/workspace/ros_ur_driver/src/install/robotiq_description/share/robotiq_description/package.xml
