[0.331s] Invoking command in '/home/d-lab/workspace/ros_ur_driver/build/rrbot_description': CMAKE_PREFIX_PATH=/opt/ros/foxy /usr/bin/cmake --build /home/d-lab/workspace/ros_ur_driver/build/rrbot_description -- -j16 -l16
[0.701s] Invoked command in '/home/d-lab/workspace/ros_ur_driver/build/rrbot_description' returned '0': CMAKE_PREFIX_PATH=/opt/ros/foxy /usr/bin/cmake --build /home/d-lab/workspace/ros_ur_driver/build/rrbot_description -- -j16 -l16
[0.730s] Invoking command in '/home/d-lab/workspace/ros_ur_driver/build/rrbot_description': CMAKE_PREFIX_PATH=/opt/ros/foxy /usr/bin/cmake --install /home/d-lab/workspace/ros_ur_driver/build/rrbot_description
[0.772s] -- Install configuration: "Release"
[0.773s] -- Up-to-date: /home/d-lab/workspace/ros_ur_driver/install/rrbot_description/share/rrbot_description/config
[0.775s] -- Up-to-date: /home/d-lab/workspace/ros_ur_driver/install/rrbot_description/share/rrbot_description/config/rrbot.rviz
[0.775s] -- Up-to-date: /home/d-lab/workspace/ros_ur_driver/install/rrbot_description/share/rrbot_description/gazebo
[0.775s] -- Up-to-date: /home/d-lab/workspace/ros_ur_driver/install/rrbot_description/share/rrbot_description/gazebo/rrbot.materials.xacro
[0.776s] -- Up-to-date: /home/d-lab/workspace/ros_ur_driver/install/rrbot_description/share/rrbot_description/gazebo/rrbot.gazebo.xacro
[0.776s] -- Up-to-date: /home/d-lab/workspace/ros_ur_driver/install/rrbot_description/share/rrbot_description/meshes
[0.777s] -- Up-to-date: /home/d-lab/workspace/ros_ur_driver/install/rrbot_description/share/rrbot_description/meshes/hokuyo.dae
[0.777s] -- Up-to-date: /home/d-lab/workspace/ros_ur_driver/install/rrbot_description/share/rrbot_description/launch
[0.777s] -- Up-to-date: /home/d-lab/workspace/ros_ur_driver/install/rrbot_description/share/rrbot_description/launch/view_robot.launch.py
[0.778s] -- Up-to-date: /home/d-lab/workspace/ros_ur_driver/install/rrbot_description/share/rrbot_description/ros2_control
[0.778s] -- Up-to-date: /home/d-lab/workspace/ros_ur_driver/install/rrbot_description/share/rrbot_description/ros2_control/rrbot_system_multi_interface.ros2_control.xacro
[0.778s] -- Up-to-date: /home/d-lab/workspace/ros_ur_driver/install/rrbot_description/share/rrbot_description/ros2_control/rrbot.ros2_control.xacro
[0.779s] -- Up-to-date: /home/d-lab/workspace/ros_ur_driver/install/rrbot_description/share/rrbot_description/ros2_control/rrbot_system_position_only.ros2_control.xacro
[0.779s] -- Up-to-date: /home/d-lab/workspace/ros_ur_driver/install/rrbot_description/share/rrbot_description/ros2_control/rrbot_system_with_sensor.ros2_control.xacro
[0.780s] -- Up-to-date: /home/d-lab/workspace/ros_ur_driver/install/rrbot_description/share/rrbot_description/urdf
[0.780s] -- Up-to-date: /home/d-lab/workspace/ros_ur_driver/install/rrbot_description/share/rrbot_description/urdf/rrbot_system_multi_interface.urdf.xacro
[0.781s] -- Up-to-date: /home/d-lab/workspace/ros_ur_driver/install/rrbot_description/share/rrbot_description/urdf/rrbot.urdf.xacro
[0.782s] -- Up-to-date: /home/d-lab/workspace/ros_ur_driver/install/rrbot_description/share/rrbot_description/urdf/rrbot_description.urdf.xacro
[0.782s] -- Up-to-date: /home/d-lab/workspace/ros_ur_driver/install/rrbot_description/share/rrbot_description/urdf/rrbot_system_with_sensor.urdf.xacro
[0.782s] -- Up-to-date: /home/d-lab/workspace/ros_ur_driver/install/rrbot_description/share/rrbot_description/urdf/rrbot_system_position_only.urdf.xacro
[0.783s] -- Up-to-date: /home/d-lab/workspace/ros_ur_driver/install/rrbot_description/share/rrbot_description/environment/rrbot_description.dsv
[0.784s] -- Up-to-date: /home/d-lab/workspace/ros_ur_driver/install/rrbot_description/share/ament_index/resource_index/package_run_dependencies/rrbot_description
[0.785s] -- Up-to-date: /home/d-lab/workspace/ros_ur_driver/install/rrbot_description/share/ament_index/resource_index/parent_prefix_path/rrbot_description
[0.786s] -- Up-to-date: /home/d-lab/workspace/ros_ur_driver/install/rrbot_description/share/rrbot_description/environment/ament_prefix_path.sh
[0.787s] -- Up-to-date: /home/d-lab/workspace/ros_ur_driver/install/rrbot_description/share/rrbot_description/environment/ament_prefix_path.dsv
[0.788s] -- Up-to-date: /home/d-lab/workspace/ros_ur_driver/install/rrbot_description/share/rrbot_description/environment/path.sh
[0.789s] -- Up-to-date: /home/d-lab/workspace/ros_ur_driver/install/rrbot_description/share/rrbot_description/environment/path.dsv
[0.790s] -- Up-to-date: /home/d-lab/workspace/ros_ur_driver/install/rrbot_description/share/rrbot_description/local_setup.bash
[0.792s] -- Up-to-date: /home/d-lab/workspace/ros_ur_driver/install/rrbot_description/share/rrbot_description/local_setup.sh
[0.796s] -- Up-to-date: /home/d-lab/workspace/ros_ur_driver/install/rrbot_description/share/rrbot_description/local_setup.zsh
[0.796s] -- Up-to-date: /home/d-lab/workspace/ros_ur_driver/install/rrbot_description/share/rrbot_description/local_setup.dsv
[0.797s] -- Installing: /home/d-lab/workspace/ros_ur_driver/install/rrbot_description/share/rrbot_description/package.dsv
[0.797s] -- Up-to-date: /home/d-lab/workspace/ros_ur_driver/install/rrbot_description/share/ament_index/resource_index/packages/rrbot_description
[0.797s] -- Up-to-date: /home/d-lab/workspace/ros_ur_driver/install/rrbot_description/share/rrbot_description/cmake/rrbot_descriptionConfig.cmake
[0.798s] -- Up-to-date: /home/d-lab/workspace/ros_ur_driver/install/rrbot_description/share/rrbot_description/cmake/rrbot_descriptionConfig-version.cmake
[0.798s] -- Up-to-date: /home/d-lab/workspace/ros_ur_driver/install/rrbot_description/share/rrbot_description/package.xml
[0.898s] Invoked command in '/home/d-lab/workspace/ros_ur_driver/build/rrbot_description' returned '0': CMAKE_PREFIX_PATH=/opt/ros/foxy /usr/bin/cmake --install /home/d-lab/workspace/ros_ur_driver/build/rrbot_description
