[0.095s] Invoking command in '/home/d-lab/workspace/ros_ur_driver/build/graph_msgs': CMAKE_PREFIX_PATH=/opt/ros/foxy /usr/bin/cmake --build /home/d-lab/workspace/ros_ur_driver/build/graph_msgs -- -j16 -l16
[0.672s] [  2%] Built target graph_msgs__cpp
[0.672s] [ 12%] Built target graph_msgs__rosidl_generator_c
[0.674s] [ 23%] Built target graph_msgs__rosidl_typesupport_cpp
[0.675s] [ 33%] Built target graph_msgs__rosidl_typesupport_introspection_cpp
[0.675s] [ 43%] Built target graph_msgs__rosidl_typesupport_c
[0.675s] [ 53%] Built target graph_msgs__rosidl_typesupport_introspection_c
[0.676s] [ 64%] Built target graph_msgs__rosidl_typesupport_fastrtps_cpp
[0.676s] [ 74%] Built target graph_msgs__rosidl_typesupport_fastrtps_c
[0.678s] [ 74%] Built target graph_msgs
[0.678s] [ 76%] Built target graph_msgs__py
[0.679s] [ 84%] Built target graph_msgs__python
[0.682s] [ 89%] Built target graph_msgs__rosidl_typesupport_introspection_c__pyext
[0.682s] [ 94%] Built target graph_msgs__rosidl_typesupport_c__pyext
[0.682s] [100%] Built target graph_msgs__rosidl_typesupport_fastrtps_c__pyext
[0.726s] Invoked command in '/home/d-lab/workspace/ros_ur_driver/build/graph_msgs' returned '0': CMAKE_PREFIX_PATH=/opt/ros/foxy /usr/bin/cmake --build /home/d-lab/workspace/ros_ur_driver/build/graph_msgs -- -j16 -l16
[0.936s] Invoking command in '/home/d-lab/workspace/ros_ur_driver/build/graph_msgs': CMAKE_PREFIX_PATH=/opt/ros/foxy /usr/bin/cmake --install /home/d-lab/workspace/ros_ur_driver/build/graph_msgs
[0.942s] -- Install configuration: "Release"
[0.942s] -- Up-to-date: /home/d-lab/workspace/ros_ur_driver/install/graph_msgs/share/ament_index/resource_index/rosidl_interfaces/graph_msgs
[0.943s] -- Up-to-date: /home/d-lab/workspace/ros_ur_driver/install/graph_msgs/include/graph_msgs
[0.944s] -- Up-to-date: /home/d-lab/workspace/ros_ur_driver/install/graph_msgs/include/graph_msgs/msg
[0.944s] -- Up-to-date: /home/d-lab/workspace/ros_ur_driver/install/graph_msgs/include/graph_msgs/msg/rosidl_generator_c__visibility_control.h
[0.946s] -- Up-to-date: /home/d-lab/workspace/ros_ur_driver/install/graph_msgs/include/graph_msgs/msg/geometry_graph.h
[0.946s] -- Up-to-date: /home/d-lab/workspace/ros_ur_driver/install/graph_msgs/include/graph_msgs/msg/edges.h
[0.947s] -- Up-to-date: /home/d-lab/workspace/ros_ur_driver/install/graph_msgs/include/graph_msgs/msg/detail
[0.947s] -- Up-to-date: /home/d-lab/workspace/ros_ur_driver/install/graph_msgs/include/graph_msgs/msg/detail/edges__functions.c
[0.947s] -- Up-to-date: /home/d-lab/workspace/ros_ur_driver/install/graph_msgs/include/graph_msgs/msg/detail/geometry_graph__functions.c
[0.947s] -- Up-to-date: /home/d-lab/workspace/ros_ur_driver/install/graph_msgs/include/graph_msgs/msg/detail/geometry_graph__type_support.h
[0.948s] -- Up-to-date: /home/d-lab/workspace/ros_ur_driver/install/graph_msgs/include/graph_msgs/msg/detail/edges__struct.h
[0.948s] -- Up-to-date: /home/d-lab/workspace/ros_ur_driver/install/graph_msgs/include/graph_msgs/msg/detail/geometry_graph__struct.h
[0.948s] -- Up-to-date: /home/d-lab/workspace/ros_ur_driver/install/graph_msgs/include/graph_msgs/msg/detail/edges__type_support.h
[0.948s] -- Up-to-date: /home/d-lab/workspace/ros_ur_driver/install/graph_msgs/include/graph_msgs/msg/detail/geometry_graph__functions.h
[0.948s] -- Up-to-date: /home/d-lab/workspace/ros_ur_driver/install/graph_msgs/include/graph_msgs/msg/detail/edges__functions.h
[0.948s] -- Up-to-date: /home/d-lab/workspace/ros_ur_driver/install/graph_msgs/share/graph_msgs/environment/library_path.sh
[0.948s] -- Up-to-date: /home/d-lab/workspace/ros_ur_driver/install/graph_msgs/share/graph_msgs/environment/library_path.dsv
[0.950s] -- Up-to-date: /home/d-lab/workspace/ros_ur_driver/install/graph_msgs/lib/libgraph_msgs__rosidl_generator_c.so
[0.950s] -- Up-to-date: /home/d-lab/workspace/ros_ur_driver/install/graph_msgs/include/graph_msgs
[0.950s] -- Up-to-date: /home/d-lab/workspace/ros_ur_driver/install/graph_msgs/include/graph_msgs/msg
[0.950s] -- Up-to-date: /home/d-lab/workspace/ros_ur_driver/install/graph_msgs/include/graph_msgs/msg/rosidl_typesupport_fastrtps_c__visibility_control.h
[0.951s] -- Up-to-date: /home/d-lab/workspace/ros_ur_driver/install/graph_msgs/include/graph_msgs/msg/detail
[0.951s] -- Up-to-date: /home/d-lab/workspace/ros_ur_driver/install/graph_msgs/include/graph_msgs/msg/detail/edges__rosidl_typesupport_fastrtps_c.h
[0.952s] -- Up-to-date: /home/d-lab/workspace/ros_ur_driver/install/graph_msgs/include/graph_msgs/msg/detail/geometry_graph__rosidl_typesupport_fastrtps_c.h
[0.952s] -- Up-to-date: /home/d-lab/workspace/ros_ur_driver/install/graph_msgs/lib/libgraph_msgs__rosidl_typesupport_fastrtps_c.so
[0.953s] -- Up-to-date: /home/d-lab/workspace/ros_ur_driver/install/graph_msgs/include/graph_msgs
[0.953s] -- Up-to-date: /home/d-lab/workspace/ros_ur_driver/install/graph_msgs/include/graph_msgs/msg
[0.954s] -- Up-to-date: /home/d-lab/workspace/ros_ur_driver/install/graph_msgs/include/graph_msgs/msg/rosidl_typesupport_fastrtps_cpp__visibility_control.h
[0.955s] -- Up-to-date: /home/d-lab/workspace/ros_ur_driver/install/graph_msgs/include/graph_msgs/msg/detail
[0.955s] -- Up-to-date: /home/d-lab/workspace/ros_ur_driver/install/graph_msgs/include/graph_msgs/msg/detail/edges__rosidl_typesupport_fastrtps_cpp.hpp
[0.956s] -- Up-to-date: /home/d-lab/workspace/ros_ur_driver/install/graph_msgs/include/graph_msgs/msg/detail/dds_fastrtps
[0.956s] -- Up-to-date: /home/d-lab/workspace/ros_ur_driver/install/graph_msgs/include/graph_msgs/msg/detail/geometry_graph__rosidl_typesupport_fastrtps_cpp.hpp
[0.956s] -- Up-to-date: /home/d-lab/workspace/ros_ur_driver/install/graph_msgs/lib/libgraph_msgs__rosidl_typesupport_fastrtps_cpp.so
[0.957s] -- Up-to-date: /home/d-lab/workspace/ros_ur_driver/install/graph_msgs/include/graph_msgs
[0.957s] -- Up-to-date: /home/d-lab/workspace/ros_ur_driver/install/graph_msgs/include/graph_msgs/msg
[0.958s] -- Up-to-date: /home/d-lab/workspace/ros_ur_driver/install/graph_msgs/include/graph_msgs/msg/rosidl_typesupport_introspection_c__visibility_control.h
[0.958s] -- Up-to-date: /home/d-lab/workspace/ros_ur_driver/install/graph_msgs/include/graph_msgs/msg/detail
[0.958s] -- Up-to-date: /home/d-lab/workspace/ros_ur_driver/install/graph_msgs/include/graph_msgs/msg/detail/edges__type_support.c
[0.958s] -- Up-to-date: /home/d-lab/workspace/ros_ur_driver/install/graph_msgs/include/graph_msgs/msg/detail/edges__rosidl_typesupport_introspection_c.h
[0.958s] -- Up-to-date: /home/d-lab/workspace/ros_ur_driver/install/graph_msgs/include/graph_msgs/msg/detail/geometry_graph__rosidl_typesupport_introspection_c.h
[0.959s] -- Up-to-date: /home/d-lab/workspace/ros_ur_driver/install/graph_msgs/include/graph_msgs/msg/detail/geometry_graph__type_support.c
[0.959s] -- Up-to-date: /home/d-lab/workspace/ros_ur_driver/install/graph_msgs/lib/libgraph_msgs__rosidl_typesupport_introspection_c.so
[0.962s] -- Up-to-date: /home/d-lab/workspace/ros_ur_driver/install/graph_msgs/lib/libgraph_msgs__rosidl_typesupport_c.so
[0.962s] -- Up-to-date: /home/d-lab/workspace/ros_ur_driver/install/graph_msgs/include/graph_msgs
[0.963s] -- Up-to-date: /home/d-lab/workspace/ros_ur_driver/install/graph_msgs/include/graph_msgs/msg
[0.963s] -- Up-to-date: /home/d-lab/workspace/ros_ur_driver/install/graph_msgs/include/graph_msgs/msg/geometry_graph.hpp
[0.964s] -- Up-to-date: /home/d-lab/workspace/ros_ur_driver/install/graph_msgs/include/graph_msgs/msg/edges.hpp
[0.966s] -- Up-to-date: /home/d-lab/workspace/ros_ur_driver/install/graph_msgs/include/graph_msgs/msg/detail
[0.966s] -- Up-to-date: /home/d-lab/workspace/ros_ur_driver/install/graph_msgs/include/graph_msgs/msg/detail/geometry_graph__struct.hpp
[0.966s] -- Up-to-date: /home/d-lab/workspace/ros_ur_driver/install/graph_msgs/include/graph_msgs/msg/detail/geometry_graph__builder.hpp
[0.966s] -- Up-to-date: /home/d-lab/workspace/ros_ur_driver/install/graph_msgs/include/graph_msgs/msg/detail/edges__builder.hpp
[0.967s] -- Up-to-date: /home/d-lab/workspace/ros_ur_driver/install/graph_msgs/include/graph_msgs/msg/detail/edges__struct.hpp
[0.967s] -- Up-to-date: /home/d-lab/workspace/ros_ur_driver/install/graph_msgs/include/graph_msgs/msg/detail/geometry_graph__traits.hpp
[0.967s] -- Up-to-date: /home/d-lab/workspace/ros_ur_driver/install/graph_msgs/include/graph_msgs/msg/detail/edges__traits.hpp
[0.967s] -- Up-to-date: /home/d-lab/workspace/ros_ur_driver/install/graph_msgs/include/graph_msgs
[0.967s] -- Up-to-date: /home/d-lab/workspace/ros_ur_driver/install/graph_msgs/include/graph_msgs/msg
[0.967s] -- Up-to-date: /home/d-lab/workspace/ros_ur_driver/install/graph_msgs/include/graph_msgs/msg/detail
[0.968s] -- Up-to-date: /home/d-lab/workspace/ros_ur_driver/install/graph_msgs/include/graph_msgs/msg/detail/geometry_graph__rosidl_typesupport_introspection_cpp.hpp
[0.968s] -- Up-to-date: /home/d-lab/workspace/ros_ur_driver/install/graph_msgs/include/graph_msgs/msg/detail/geometry_graph__type_support.cpp
[0.968s] -- Up-to-date: /home/d-lab/workspace/ros_ur_driver/install/graph_msgs/include/graph_msgs/msg/detail/edges__rosidl_typesupport_introspection_cpp.hpp
[0.968s] -- Up-to-date: /home/d-lab/workspace/ros_ur_driver/install/graph_msgs/include/graph_msgs/msg/detail/edges__type_support.cpp
[0.968s] -- Up-to-date: /home/d-lab/workspace/ros_ur_driver/install/graph_msgs/lib/libgraph_msgs__rosidl_typesupport_introspection_cpp.so
[0.968s] -- Up-to-date: /home/d-lab/workspace/ros_ur_driver/install/graph_msgs/lib/libgraph_msgs__rosidl_typesupport_cpp.so
[0.968s] -- Up-to-date: /home/d-lab/workspace/ros_ur_driver/install/graph_msgs/share/graph_msgs/environment/pythonpath.sh
[0.969s] -- Up-to-date: /home/d-lab/workspace/ros_ur_driver/install/graph_msgs/share/graph_msgs/environment/pythonpath.dsv
[0.969s] -- Up-to-date: /home/d-lab/workspace/ros_ur_driver/install/graph_msgs/lib/python3.8/site-packages/graph_msgs/__init__.py
[0.991s] -- Up-to-date: /home/d-lab/workspace/ros_ur_driver/install/graph_msgs/lib/python3.8/site-packages/graph_msgs/msg
[0.992s] -- Up-to-date: /home/d-lab/workspace/ros_ur_driver/install/graph_msgs/lib/python3.8/site-packages/graph_msgs/msg/_edges_s.c
[0.992s] -- Up-to-date: /home/d-lab/workspace/ros_ur_driver/install/graph_msgs/lib/python3.8/site-packages/graph_msgs/msg/_geometry_graph.py
[0.992s] -- Up-to-date: /home/d-lab/workspace/ros_ur_driver/install/graph_msgs/lib/python3.8/site-packages/graph_msgs/msg/__init__.py
[0.992s] -- Up-to-date: /home/d-lab/workspace/ros_ur_driver/install/graph_msgs/lib/python3.8/site-packages/graph_msgs/msg/_geometry_graph_s.c
[0.993s] -- Up-to-date: /home/d-lab/workspace/ros_ur_driver/install/graph_msgs/lib/python3.8/site-packages/graph_msgs/msg/_edges.py
[0.993s] -- Up-to-date: /home/d-lab/workspace/ros_ur_driver/install/graph_msgs/lib/python3.8/site-packages/graph_msgs/graph_msgs_s__rosidl_typesupport_fastrtps_c.cpython-38-x86_64-linux-gnu.so
[0.993s] -- Up-to-date: /home/d-lab/workspace/ros_ur_driver/install/graph_msgs/lib/python3.8/site-packages/graph_msgs/graph_msgs_s__rosidl_typesupport_introspection_c.cpython-38-x86_64-linux-gnu.so
[0.994s] -- Up-to-date: /home/d-lab/workspace/ros_ur_driver/install/graph_msgs/lib/python3.8/site-packages/graph_msgs/graph_msgs_s__rosidl_typesupport_c.cpython-38-x86_64-linux-gnu.so
[0.994s] -- Up-to-date: /home/d-lab/workspace/ros_ur_driver/install/graph_msgs/lib/libgraph_msgs__python.so
[0.994s] -- Up-to-date: /home/d-lab/workspace/ros_ur_driver/install/graph_msgs/share/graph_msgs/msg/Edges.idl
[0.995s] -- Up-to-date: /home/d-lab/workspace/ros_ur_driver/install/graph_msgs/share/graph_msgs/msg/GeometryGraph.idl
[0.995s] -- Up-to-date: /home/d-lab/workspace/ros_ur_driver/install/graph_msgs/share/graph_msgs/msg/Edges.msg
[0.995s] -- Up-to-date: /home/d-lab/workspace/ros_ur_driver/install/graph_msgs/share/graph_msgs/msg/GeometryGraph.msg
[0.996s] -- Up-to-date: /home/d-lab/workspace/ros_ur_driver/install/graph_msgs/share/ament_index/resource_index/package_run_dependencies/graph_msgs
[0.996s] -- Up-to-date: /home/d-lab/workspace/ros_ur_driver/install/graph_msgs/share/ament_index/resource_index/parent_prefix_path/graph_msgs
[0.996s] -- Up-to-date: /home/d-lab/workspace/ros_ur_driver/install/graph_msgs/share/graph_msgs/environment/ament_prefix_path.sh
[0.997s] -- Up-to-date: /home/d-lab/workspace/ros_ur_driver/install/graph_msgs/share/graph_msgs/environment/ament_prefix_path.dsv
[0.998s] -- Up-to-date: /home/d-lab/workspace/ros_ur_driver/install/graph_msgs/share/graph_msgs/environment/path.sh
[0.999s] -- Up-to-date: /home/d-lab/workspace/ros_ur_driver/install/graph_msgs/share/graph_msgs/environment/path.dsv
[0.999s] -- Up-to-date: /home/d-lab/workspace/ros_ur_driver/install/graph_msgs/share/graph_msgs/local_setup.bash
[0.999s] -- Up-to-date: /home/d-lab/workspace/ros_ur_driver/install/graph_msgs/share/graph_msgs/local_setup.sh
[1.000s] -- Up-to-date: /home/d-lab/workspace/ros_ur_driver/install/graph_msgs/share/graph_msgs/local_setup.zsh
[1.000s] -- Up-to-date: /home/d-lab/workspace/ros_ur_driver/install/graph_msgs/share/graph_msgs/local_setup.dsv
[1.000s] -- Installing: /home/d-lab/workspace/ros_ur_driver/install/graph_msgs/share/graph_msgs/package.dsv
[1.001s] -- Up-to-date: /home/d-lab/workspace/ros_ur_driver/install/graph_msgs/share/ament_index/resource_index/packages/graph_msgs
[1.001s] -- Up-to-date: /home/d-lab/workspace/ros_ur_driver/install/graph_msgs/share/graph_msgs/cmake/graph_msgs__rosidl_generator_cExport.cmake
[1.001s] -- Up-to-date: /home/d-lab/workspace/ros_ur_driver/install/graph_msgs/share/graph_msgs/cmake/graph_msgs__rosidl_generator_cExport-release.cmake
[1.001s] -- Up-to-date: /home/d-lab/workspace/ros_ur_driver/install/graph_msgs/share/graph_msgs/cmake/graph_msgs__rosidl_typesupport_introspection_cExport.cmake
[1.002s] -- Up-to-date: /home/d-lab/workspace/ros_ur_driver/install/graph_msgs/share/graph_msgs/cmake/graph_msgs__rosidl_typesupport_introspection_cExport-release.cmake
[1.002s] -- Up-to-date: /home/d-lab/workspace/ros_ur_driver/install/graph_msgs/share/graph_msgs/cmake/graph_msgs__rosidl_typesupport_cExport.cmake
[1.002s] -- Up-to-date: /home/d-lab/workspace/ros_ur_driver/install/graph_msgs/share/graph_msgs/cmake/graph_msgs__rosidl_typesupport_cExport-release.cmake
[1.003s] -- Up-to-date: /home/d-lab/workspace/ros_ur_driver/install/graph_msgs/share/graph_msgs/cmake/graph_msgs__rosidl_generator_cppExport.cmake
[1.005s] -- Up-to-date: /home/d-lab/workspace/ros_ur_driver/install/graph_msgs/share/graph_msgs/cmake/graph_msgs__rosidl_typesupport_introspection_cppExport.cmake
[1.005s] -- Up-to-date: /home/d-lab/workspace/ros_ur_driver/install/graph_msgs/share/graph_msgs/cmake/graph_msgs__rosidl_typesupport_introspection_cppExport-release.cmake
[1.006s] -- Up-to-date: /home/d-lab/workspace/ros_ur_driver/install/graph_msgs/share/graph_msgs/cmake/graph_msgs__rosidl_typesupport_cppExport.cmake
[1.006s] -- Up-to-date: /home/d-lab/workspace/ros_ur_driver/install/graph_msgs/share/graph_msgs/cmake/graph_msgs__rosidl_typesupport_cppExport-release.cmake
[1.006s] -- Up-to-date: /home/d-lab/workspace/ros_ur_driver/install/graph_msgs/share/graph_msgs/cmake/rosidl_cmake-extras.cmake
[1.007s] -- Up-to-date: /home/d-lab/workspace/ros_ur_driver/install/graph_msgs/share/graph_msgs/cmake/ament_cmake_export_dependencies-extras.cmake
[1.008s] -- Up-to-date: /home/d-lab/workspace/ros_ur_driver/install/graph_msgs/share/graph_msgs/cmake/ament_cmake_export_libraries-extras.cmake
[1.009s] -- Up-to-date: /home/d-lab/workspace/ros_ur_driver/install/graph_msgs/share/graph_msgs/cmake/ament_cmake_export_targets-extras.cmake
[1.010s] -- Up-to-date: /home/d-lab/workspace/ros_ur_driver/install/graph_msgs/share/graph_msgs/cmake/ament_cmake_export_include_directories-extras.cmake
[1.010s] -- Up-to-date: /home/d-lab/workspace/ros_ur_driver/install/graph_msgs/share/graph_msgs/cmake/rosidl_cmake_export_typesupport_libraries-extras.cmake
[1.010s] -- Up-to-date: /home/d-lab/workspace/ros_ur_driver/install/graph_msgs/share/graph_msgs/cmake/rosidl_cmake_export_typesupport_targets-extras.cmake
[1.010s] -- Up-to-date: /home/d-lab/workspace/ros_ur_driver/install/graph_msgs/share/graph_msgs/cmake/graph_msgsConfig.cmake
[1.011s] -- Up-to-date: /home/d-lab/workspace/ros_ur_driver/install/graph_msgs/share/graph_msgs/cmake/graph_msgsConfig-version.cmake
[1.011s] -- Up-to-date: /home/d-lab/workspace/ros_ur_driver/install/graph_msgs/share/graph_msgs/package.xml
[1.056s] Invoked command in '/home/d-lab/workspace/ros_ur_driver/build/graph_msgs' returned '0': CMAKE_PREFIX_PATH=/opt/ros/foxy /usr/bin/cmake --install /home/d-lab/workspace/ros_ur_driver/build/graph_msgs
