[0.228s] Invoking command in '/home/d-lab/workspace/ros_ur_driver/build/eigen3_cmake_module': CMAKE_PREFIX_PATH=${CMAKE_PREFIX_PATH}:/home/d-lab/workspace/ros_ur_driver/install/utils:/home/d-lab/workspace/ros_ur_driver/install/ros2controlcli:/home/d-lab/workspace/ros_ur_driver/install/ros2_control_test_nodes:/home/d-lab/workspace/ros_ur_driver/install/robotiq_control:/home/d-lab/workspace/ros_ur_driver/install/gripper_control:/opt/ros/foxy /usr/bin/cmake --build /home/d-lab/workspace/ros_ur_driver/build/eigen3_cmake_module -- -j16 -l16
[0.445s] Invoked command in '/home/d-lab/workspace/ros_ur_driver/build/eigen3_cmake_module' returned '0': CMAKE_PREFIX_PATH=${CMAKE_PREFIX_PATH}:/home/d-lab/workspace/ros_ur_driver/install/utils:/home/d-lab/workspace/ros_ur_driver/install/ros2controlcli:/home/d-lab/workspace/ros_ur_driver/install/ros2_control_test_nodes:/home/d-lab/workspace/ros_ur_driver/install/robotiq_control:/home/d-lab/workspace/ros_ur_driver/install/gripper_control:/opt/ros/foxy /usr/bin/cmake --build /home/d-lab/workspace/ros_ur_driver/build/eigen3_cmake_module -- -j16 -l16
[0.521s] Invoking command in '/home/d-lab/workspace/ros_ur_driver/build/eigen3_cmake_module': CMAKE_PREFIX_PATH=${CMAKE_PREFIX_PATH}:/home/d-lab/workspace/ros_ur_driver/install/utils:/home/d-lab/workspace/ros_ur_driver/install/ros2controlcli:/home/d-lab/workspace/ros_ur_driver/install/ros2_control_test_nodes:/home/d-lab/workspace/ros_ur_driver/install/robotiq_control:/home/d-lab/workspace/ros_ur_driver/install/gripper_control:/opt/ros/foxy /usr/bin/cmake --install /home/d-lab/workspace/ros_ur_driver/build/eigen3_cmake_module
[0.548s] -- Install configuration: ""
[0.548s] -- Up-to-date: /home/d-lab/workspace/ros_ur_driver/install/eigen3_cmake_module/share/ament_index/resource_index/package_run_dependencies/eigen3_cmake_module
[0.548s] -- Up-to-date: /home/d-lab/workspace/ros_ur_driver/install/eigen3_cmake_module/share/ament_index/resource_index/parent_prefix_path/eigen3_cmake_module
[0.548s] -- Up-to-date: /home/d-lab/workspace/ros_ur_driver/install/eigen3_cmake_module/share/eigen3_cmake_module/environment/ament_prefix_path.sh
[0.548s] -- Up-to-date: /home/d-lab/workspace/ros_ur_driver/install/eigen3_cmake_module/share/eigen3_cmake_module/environment/ament_prefix_path.dsv
[0.548s] -- Up-to-date: /home/d-lab/workspace/ros_ur_driver/install/eigen3_cmake_module/share/eigen3_cmake_module/environment/path.sh
[0.548s] -- Up-to-date: /home/d-lab/workspace/ros_ur_driver/install/eigen3_cmake_module/share/eigen3_cmake_module/environment/path.dsv
[0.548s] -- Up-to-date: /home/d-lab/workspace/ros_ur_driver/install/eigen3_cmake_module/share/eigen3_cmake_module/local_setup.bash
[0.548s] -- Up-to-date: /home/d-lab/workspace/ros_ur_driver/install/eigen3_cmake_module/share/eigen3_cmake_module/local_setup.sh
[0.549s] -- Up-to-date: /home/d-lab/workspace/ros_ur_driver/install/eigen3_cmake_module/share/eigen3_cmake_module/local_setup.zsh
[0.549s] -- Up-to-date: /home/d-lab/workspace/ros_ur_driver/install/eigen3_cmake_module/share/eigen3_cmake_module/local_setup.dsv
[0.549s] -- Up-to-date: /home/d-lab/workspace/ros_ur_driver/install/eigen3_cmake_module/share/eigen3_cmake_module/package.dsv
[0.549s] -- Up-to-date: /home/d-lab/workspace/ros_ur_driver/install/eigen3_cmake_module/share/ament_index/resource_index/packages/eigen3_cmake_module
[0.549s] -- Up-to-date: /home/d-lab/workspace/ros_ur_driver/install/eigen3_cmake_module/share/eigen3_cmake_module/cmake/eigen3_cmake_module-extras.cmake
[0.549s] -- Up-to-date: /home/d-lab/workspace/ros_ur_driver/install/eigen3_cmake_module/share/eigen3_cmake_module/cmake/eigen3_cmake_moduleConfig.cmake
[0.549s] -- Up-to-date: /home/d-lab/workspace/ros_ur_driver/install/eigen3_cmake_module/share/eigen3_cmake_module/cmake/eigen3_cmake_moduleConfig-version.cmake
[0.549s] -- Up-to-date: /home/d-lab/workspace/ros_ur_driver/install/eigen3_cmake_module/share/eigen3_cmake_module/package.xml
[0.549s] -- Up-to-date: /home/d-lab/workspace/ros_ur_driver/install/eigen3_cmake_module/share/eigen3_cmake_module/cmake
[0.549s] -- Up-to-date: /home/d-lab/workspace/ros_ur_driver/install/eigen3_cmake_module/share/eigen3_cmake_module/cmake/Modules
[0.549s] -- Up-to-date: /home/d-lab/workspace/ros_ur_driver/install/eigen3_cmake_module/share/eigen3_cmake_module/cmake/Modules/FindEigen3.cmake
[0.607s] Invoked command in '/home/d-lab/workspace/ros_ur_driver/build/eigen3_cmake_module' returned '0': CMAKE_PREFIX_PATH=${CMAKE_PREFIX_PATH}:/home/d-lab/workspace/ros_ur_driver/install/utils:/home/d-lab/workspace/ros_ur_driver/install/ros2controlcli:/home/d-lab/workspace/ros_ur_driver/install/ros2_control_test_nodes:/home/d-lab/workspace/ros_ur_driver/install/robotiq_control:/home/d-lab/workspace/ros_ur_driver/install/gripper_control:/opt/ros/foxy /usr/bin/cmake --install /home/d-lab/workspace/ros_ur_driver/build/eigen3_cmake_module
