[0.022s] Invoking command in '/home/d-lab/workspace/ros_ur_driver/src/build/joint_state_controller': AMENT_PREFIX_PATH=/home/d-lab/workspace/ros_ur_driver/src/install/joint_state_broadcaster:/home/d-lab/workspace/ros_ur_driver/src/install/controller_manager:/home/d-lab/workspace/ros_ur_driver/src/install/controller_interface:/home/d-lab/workspace/ros_ur_driver/src/install/hardware_interface:/home/d-lab/workspace/ros_ur_driver/src/install/ros2_control_test_assets:/home/d-lab/workspace/ros_ur_driver/src/install/controller_manager_msgs:/home/d-lab/workspace/ros_ur_driver/src/install/control_msgs:${AMENT_PREFIX_PATH} CMAKE_PREFIX_PATH=/home/d-lab/workspace/ros_ur_driver/src/install/joint_state_broadcaster:/home/d-lab/workspace/ros_ur_driver/src/install/controller_manager:/home/d-lab/workspace/ros_ur_driver/src/install/controller_interface:/home/d-lab/workspace/ros_ur_driver/src/install/hardware_interface:/home/d-lab/workspace/ros_ur_driver/src/install/ros2_control_test_assets:/home/d-lab/workspace/ros_ur_driver/src/install/controller_manager_msgs:/home/d-lab/workspace/ros_ur_driver/src/install/control_msgs:/opt/ros/foxy LD_LIBRARY_PATH=/home/d-lab/workspace/ros_ur_driver/src/install/joint_state_broadcaster/lib:/home/d-lab/workspace/ros_ur_driver/src/install/controller_manager/lib:/home/d-lab/workspace/ros_ur_driver/src/install/controller_interface/lib:/home/d-lab/workspace/ros_ur_driver/src/install/hardware_interface/lib:/home/d-lab/workspace/ros_ur_driver/src/install/controller_manager_msgs/lib:/home/d-lab/workspace/ros_ur_driver/src/install/control_msgs/lib:${LD_LIBRARY_PATH} PYTHONPATH=/home/d-lab/workspace/ros_ur_driver/src/install/controller_manager/lib/python3.8/site-packages:/home/d-lab/workspace/ros_ur_driver/src/install/controller_manager_msgs/lib/python3.8/site-packages:/home/d-lab/workspace/ros_ur_driver/src/install/control_msgs/lib/python3.8/site-packages:${PYTHONPATH} /usr/bin/cmake /home/d-lab/workspace/ros_ur_driver/src/ros2_controllers/joint_state_controller -DCMAKE_INSTALL_PREFIX=/home/d-lab/workspace/ros_ur_driver/src/install/joint_state_controller
[0.072s] -- The C compiler identification is GNU 9.4.0
[0.123s] -- The CXX compiler identification is GNU 9.4.0
[0.128s] -- Check for working C compiler: /usr/bin/cc
[0.212s] -- Check for working C compiler: /usr/bin/cc -- works
[0.217s] -- Detecting C compiler ABI info
[0.315s] -- Detecting C compiler ABI info - done
[0.330s] -- Detecting C compile features
[0.331s] -- Detecting C compile features - done
[0.334s] -- Check for working CXX compiler: /usr/bin/c++
[0.483s] -- Check for working CXX compiler: /usr/bin/c++ -- works
[0.484s] -- Detecting CXX compiler ABI info
[0.683s] -- Detecting CXX compiler ABI info - done
[0.706s] -- Detecting CXX compile features
[0.706s] -- Detecting CXX compile features - done
[0.706s] -- Found ament_cmake: 0.9.9 (/opt/ros/foxy/share/ament_cmake/cmake)
[0.763s] -- Found PythonInterp: /usr/bin/python3 (found suitable version "3.8.10", minimum required is "3") 
[0.763s] -- Using PYTHON_EXECUTABLE: /usr/bin/python3
[1.026s] -- Found joint_state_broadcaster: 0.7.0 (/home/d-lab/workspace/ros_ur_driver/src/install/joint_state_broadcaster/share/joint_state_broadcaster/cmake)
[1.070s] -- Using all available rosidl_typesupport_c: rosidl_typesupport_fastrtps_c;rosidl_typesupport_introspection_c
[1.080s] -- Found rosidl_adapter: 1.2.1 (/opt/ros/foxy/share/rosidl_adapter/cmake)
[1.262s] -- Found OpenSSL: /usr/lib/x86_64-linux-gnu/libcrypto.so (found version "1.1.1f")  
[1.303s] -- Found FastRTPS: /opt/ros/foxy/include  
[1.397s] -- Using all available rosidl_typesupport_cpp: rosidl_typesupport_fastrtps_cpp;rosidl_typesupport_introspection_cpp
[2.043s] -- Found rmw_implementation_cmake: 1.0.3 (/opt/ros/foxy/share/rmw_implementation_cmake/cmake)
[2.045s] -- Using RMW implementation 'rmw_fastrtps_cpp' as default
[2.045s] -- Looking for pthread.h
[2.096s] -- Looking for pthread.h - found
[2.096s] -- Performing Test CMAKE_HAVE_LIBC_PTHREAD
[2.150s] -- Performing Test CMAKE_HAVE_LIBC_PTHREAD - Failed
[2.150s] -- Looking for pthread_create in pthreads
[2.195s] -- Looking for pthread_create in pthreads - not found
[2.195s] -- Looking for pthread_create in pthread
[2.243s] -- Looking for pthread_create in pthread - found
[2.244s] -- Found Threads: TRUE  
[2.488s] -- Found ament_cmake_gmock: 0.9.9 (/opt/ros/foxy/share/ament_cmake_gmock/cmake)
[2.488s] -- Found controller_manager: 0.10.0 (/home/d-lab/workspace/ros_ur_driver/src/install/controller_manager/share/controller_manager/cmake)
[2.526s] -- Found ros2_control_test_assets: 0.10.0 (/home/d-lab/workspace/ros_ur_driver/src/install/ros2_control_test_assets/share/ros2_control_test_assets/cmake)
[2.528s] -- Found gmock sources under '/opt/ros/foxy/src/gmock_vendor': C++ tests using 'Google Mock' will be built
[2.532s] -- Found ament_cmake_gtest: 0.9.9 (/opt/ros/foxy/share/ament_cmake_gtest/cmake)
[2.532s] -- Found gtest sources under '/opt/ros/foxy/src/gtest_vendor': C++ tests using 'Google Test' will be built
[2.628s] -- Configuring done
[2.657s] -- Generating done
[2.658s] -- Build files have been written to: /home/d-lab/workspace/ros_ur_driver/src/build/joint_state_controller
[2.665s] Invoked command in '/home/d-lab/workspace/ros_ur_driver/src/build/joint_state_controller' returned '0': AMENT_PREFIX_PATH=/home/d-lab/workspace/ros_ur_driver/src/install/joint_state_broadcaster:/home/d-lab/workspace/ros_ur_driver/src/install/controller_manager:/home/d-lab/workspace/ros_ur_driver/src/install/controller_interface:/home/d-lab/workspace/ros_ur_driver/src/install/hardware_interface:/home/d-lab/workspace/ros_ur_driver/src/install/ros2_control_test_assets:/home/d-lab/workspace/ros_ur_driver/src/install/controller_manager_msgs:/home/d-lab/workspace/ros_ur_driver/src/install/control_msgs:${AMENT_PREFIX_PATH} CMAKE_PREFIX_PATH=/home/d-lab/workspace/ros_ur_driver/src/install/joint_state_broadcaster:/home/d-lab/workspace/ros_ur_driver/src/install/controller_manager:/home/d-lab/workspace/ros_ur_driver/src/install/controller_interface:/home/d-lab/workspace/ros_ur_driver/src/install/hardware_interface:/home/d-lab/workspace/ros_ur_driver/src/install/ros2_control_test_assets:/home/d-lab/workspace/ros_ur_driver/src/install/controller_manager_msgs:/home/d-lab/workspace/ros_ur_driver/src/install/control_msgs:/opt/ros/foxy LD_LIBRARY_PATH=/home/d-lab/workspace/ros_ur_driver/src/install/joint_state_broadcaster/lib:/home/d-lab/workspace/ros_ur_driver/src/install/controller_manager/lib:/home/d-lab/workspace/ros_ur_driver/src/install/controller_interface/lib:/home/d-lab/workspace/ros_ur_driver/src/install/hardware_interface/lib:/home/d-lab/workspace/ros_ur_driver/src/install/controller_manager_msgs/lib:/home/d-lab/workspace/ros_ur_driver/src/install/control_msgs/lib:${LD_LIBRARY_PATH} PYTHONPATH=/home/d-lab/workspace/ros_ur_driver/src/install/controller_manager/lib/python3.8/site-packages:/home/d-lab/workspace/ros_ur_driver/src/install/controller_manager_msgs/lib/python3.8/site-packages:/home/d-lab/workspace/ros_ur_driver/src/install/control_msgs/lib/python3.8/site-packages:${PYTHONPATH} /usr/bin/cmake /home/d-lab/workspace/ros_ur_driver/src/ros2_controllers/joint_state_controller -DCMAKE_INSTALL_PREFIX=/home/d-lab/workspace/ros_ur_driver/src/install/joint_state_controller
[2.667s] Invoking command in '/home/d-lab/workspace/ros_ur_driver/src/build/joint_state_controller': AMENT_PREFIX_PATH=/home/d-lab/workspace/ros_ur_driver/src/install/joint_state_broadcaster:/home/d-lab/workspace/ros_ur_driver/src/install/controller_manager:/home/d-lab/workspace/ros_ur_driver/src/install/controller_interface:/home/d-lab/workspace/ros_ur_driver/src/install/hardware_interface:/home/d-lab/workspace/ros_ur_driver/src/install/ros2_control_test_assets:/home/d-lab/workspace/ros_ur_driver/src/install/controller_manager_msgs:/home/d-lab/workspace/ros_ur_driver/src/install/control_msgs:${AMENT_PREFIX_PATH} CMAKE_PREFIX_PATH=/home/d-lab/workspace/ros_ur_driver/src/install/joint_state_broadcaster:/home/d-lab/workspace/ros_ur_driver/src/install/controller_manager:/home/d-lab/workspace/ros_ur_driver/src/install/controller_interface:/home/d-lab/workspace/ros_ur_driver/src/install/hardware_interface:/home/d-lab/workspace/ros_ur_driver/src/install/ros2_control_test_assets:/home/d-lab/workspace/ros_ur_driver/src/install/controller_manager_msgs:/home/d-lab/workspace/ros_ur_driver/src/install/control_msgs:/opt/ros/foxy LD_LIBRARY_PATH=/home/d-lab/workspace/ros_ur_driver/src/install/joint_state_broadcaster/lib:/home/d-lab/workspace/ros_ur_driver/src/install/controller_manager/lib:/home/d-lab/workspace/ros_ur_driver/src/install/controller_interface/lib:/home/d-lab/workspace/ros_ur_driver/src/install/hardware_interface/lib:/home/d-lab/workspace/ros_ur_driver/src/install/controller_manager_msgs/lib:/home/d-lab/workspace/ros_ur_driver/src/install/control_msgs/lib:${LD_LIBRARY_PATH} PYTHONPATH=/home/d-lab/workspace/ros_ur_driver/src/install/controller_manager/lib/python3.8/site-packages:/home/d-lab/workspace/ros_ur_driver/src/install/controller_manager_msgs/lib/python3.8/site-packages:/home/d-lab/workspace/ros_ur_driver/src/install/control_msgs/lib/python3.8/site-packages:${PYTHONPATH} /usr/bin/cmake --build /home/d-lab/workspace/ros_ur_driver/src/build/joint_state_controller -- -j16 -l16
[2.696s] [35m[1mScanning dependencies of target gmock[0m
[2.696s] [35m[1mScanning dependencies of target gmock_main[0m
[2.696s] [35m[1mScanning dependencies of target joint_state_controller[0m
[2.711s] [ 11%] [32mBuilding CXX object gmock/CMakeFiles/gmock_main.dir/src/gmock_main.cc.o[0m
[2.711s] [ 22%] [32mBuilding CXX object gmock/CMakeFiles/gmock.dir/opt/ros/foxy/src/gtest_vendor/src/gtest-all.cc.o[0m
[2.713s] [ 33%] [32mBuilding CXX object gmock/CMakeFiles/gmock.dir/src/gmock-all.cc.o[0m
[2.731s] [ 44%] [32mBuilding CXX object CMakeFiles/joint_state_controller.dir/src/joint_state_controller.cpp.o[0m
[3.609s] [ 55%] [32m[1mLinking CXX static library libgmock_main.a[0m
[3.634s] [ 55%] Built target gmock_main
[4.025s] [ 66%] [32m[1mLinking CXX shared library libjoint_state_controller.so[0m
[4.112s] [ 66%] Built target joint_state_controller
[4.857s] [ 77%] [32m[1mLinking CXX static library libgmock.a[0m
[4.903s] [ 77%] Built target gmock
[4.911s] [35m[1mScanning dependencies of target test_load_joint_state_controller[0m
[4.955s] [ 88%] [32mBuilding CXX object CMakeFiles/test_load_joint_state_controller.dir/test/test_load_joint_state_controller.cpp.o[0m
[7.343s] [100%] [32m[1mLinking CXX executable test_load_joint_state_controller[0m
[7.613s] [100%] Built target test_load_joint_state_controller
[7.620s] Invoked command in '/home/d-lab/workspace/ros_ur_driver/src/build/joint_state_controller' returned '0': AMENT_PREFIX_PATH=/home/d-lab/workspace/ros_ur_driver/src/install/joint_state_broadcaster:/home/d-lab/workspace/ros_ur_driver/src/install/controller_manager:/home/d-lab/workspace/ros_ur_driver/src/install/controller_interface:/home/d-lab/workspace/ros_ur_driver/src/install/hardware_interface:/home/d-lab/workspace/ros_ur_driver/src/install/ros2_control_test_assets:/home/d-lab/workspace/ros_ur_driver/src/install/controller_manager_msgs:/home/d-lab/workspace/ros_ur_driver/src/install/control_msgs:${AMENT_PREFIX_PATH} CMAKE_PREFIX_PATH=/home/d-lab/workspace/ros_ur_driver/src/install/joint_state_broadcaster:/home/d-lab/workspace/ros_ur_driver/src/install/controller_manager:/home/d-lab/workspace/ros_ur_driver/src/install/controller_interface:/home/d-lab/workspace/ros_ur_driver/src/install/hardware_interface:/home/d-lab/workspace/ros_ur_driver/src/install/ros2_control_test_assets:/home/d-lab/workspace/ros_ur_driver/src/install/controller_manager_msgs:/home/d-lab/workspace/ros_ur_driver/src/install/control_msgs:/opt/ros/foxy LD_LIBRARY_PATH=/home/d-lab/workspace/ros_ur_driver/src/install/joint_state_broadcaster/lib:/home/d-lab/workspace/ros_ur_driver/src/install/controller_manager/lib:/home/d-lab/workspace/ros_ur_driver/src/install/controller_interface/lib:/home/d-lab/workspace/ros_ur_driver/src/install/hardware_interface/lib:/home/d-lab/workspace/ros_ur_driver/src/install/controller_manager_msgs/lib:/home/d-lab/workspace/ros_ur_driver/src/install/control_msgs/lib:${LD_LIBRARY_PATH} PYTHONPATH=/home/d-lab/workspace/ros_ur_driver/src/install/controller_manager/lib/python3.8/site-packages:/home/d-lab/workspace/ros_ur_driver/src/install/controller_manager_msgs/lib/python3.8/site-packages:/home/d-lab/workspace/ros_ur_driver/src/install/control_msgs/lib/python3.8/site-packages:${PYTHONPATH} /usr/bin/cmake --build /home/d-lab/workspace/ros_ur_driver/src/build/joint_state_controller -- -j16 -l16
[7.639s] Invoking command in '/home/d-lab/workspace/ros_ur_driver/src/build/joint_state_controller': AMENT_PREFIX_PATH=/home/d-lab/workspace/ros_ur_driver/src/install/joint_state_broadcaster:/home/d-lab/workspace/ros_ur_driver/src/install/controller_manager:/home/d-lab/workspace/ros_ur_driver/src/install/controller_interface:/home/d-lab/workspace/ros_ur_driver/src/install/hardware_interface:/home/d-lab/workspace/ros_ur_driver/src/install/ros2_control_test_assets:/home/d-lab/workspace/ros_ur_driver/src/install/controller_manager_msgs:/home/d-lab/workspace/ros_ur_driver/src/install/control_msgs:${AMENT_PREFIX_PATH} CMAKE_PREFIX_PATH=/home/d-lab/workspace/ros_ur_driver/src/install/joint_state_broadcaster:/home/d-lab/workspace/ros_ur_driver/src/install/controller_manager:/home/d-lab/workspace/ros_ur_driver/src/install/controller_interface:/home/d-lab/workspace/ros_ur_driver/src/install/hardware_interface:/home/d-lab/workspace/ros_ur_driver/src/install/ros2_control_test_assets:/home/d-lab/workspace/ros_ur_driver/src/install/controller_manager_msgs:/home/d-lab/workspace/ros_ur_driver/src/install/control_msgs:/opt/ros/foxy LD_LIBRARY_PATH=/home/d-lab/workspace/ros_ur_driver/src/install/joint_state_broadcaster/lib:/home/d-lab/workspace/ros_ur_driver/src/install/controller_manager/lib:/home/d-lab/workspace/ros_ur_driver/src/install/controller_interface/lib:/home/d-lab/workspace/ros_ur_driver/src/install/hardware_interface/lib:/home/d-lab/workspace/ros_ur_driver/src/install/controller_manager_msgs/lib:/home/d-lab/workspace/ros_ur_driver/src/install/control_msgs/lib:${LD_LIBRARY_PATH} PYTHONPATH=/home/d-lab/workspace/ros_ur_driver/src/install/controller_manager/lib/python3.8/site-packages:/home/d-lab/workspace/ros_ur_driver/src/install/controller_manager_msgs/lib/python3.8/site-packages:/home/d-lab/workspace/ros_ur_driver/src/install/control_msgs/lib/python3.8/site-packages:${PYTHONPATH} /usr/bin/cmake --install /home/d-lab/workspace/ros_ur_driver/src/build/joint_state_controller
[7.644s] -- Install configuration: ""
[7.645s] -- Installing: /home/d-lab/workspace/ros_ur_driver/src/install/joint_state_controller/share/joint_state_controller/joint_state_plugin.xml
[7.645s] -- Installing: /home/d-lab/workspace/ros_ur_driver/src/install/joint_state_controller/lib/libjoint_state_controller.so
[7.645s] -- Set runtime path of "/home/d-lab/workspace/ros_ur_driver/src/install/joint_state_controller/lib/libjoint_state_controller.so" to ""
[7.645s] -- Installing: /home/d-lab/workspace/ros_ur_driver/src/install/joint_state_controller/share/joint_state_controller/environment/library_path.sh
[7.645s] -- Installing: /home/d-lab/workspace/ros_ur_driver/src/install/joint_state_controller/share/joint_state_controller/environment/library_path.dsv
[7.645s] -- Installing: /home/d-lab/workspace/ros_ur_driver/src/install/joint_state_controller/share/ament_index/resource_index/package_run_dependencies/joint_state_controller
[7.645s] -- Installing: /home/d-lab/workspace/ros_ur_driver/src/install/joint_state_controller/share/ament_index/resource_index/parent_prefix_path/joint_state_controller
[7.645s] -- Installing: /home/d-lab/workspace/ros_ur_driver/src/install/joint_state_controller/share/joint_state_controller/environment/ament_prefix_path.sh
[7.646s] -- Installing: /home/d-lab/workspace/ros_ur_driver/src/install/joint_state_controller/share/joint_state_controller/environment/ament_prefix_path.dsv
[7.646s] -- Installing: /home/d-lab/workspace/ros_ur_driver/src/install/joint_state_controller/share/joint_state_controller/environment/path.sh
[7.646s] -- Installing: /home/d-lab/workspace/ros_ur_driver/src/install/joint_state_controller/share/joint_state_controller/environment/path.dsv
[7.646s] -- Installing: /home/d-lab/workspace/ros_ur_driver/src/install/joint_state_controller/share/joint_state_controller/local_setup.bash
[7.646s] -- Installing: /home/d-lab/workspace/ros_ur_driver/src/install/joint_state_controller/share/joint_state_controller/local_setup.sh
[7.646s] -- Installing: /home/d-lab/workspace/ros_ur_driver/src/install/joint_state_controller/share/joint_state_controller/local_setup.zsh
[7.646s] -- Installing: /home/d-lab/workspace/ros_ur_driver/src/install/joint_state_controller/share/joint_state_controller/local_setup.dsv
[7.646s] -- Installing: /home/d-lab/workspace/ros_ur_driver/src/install/joint_state_controller/share/joint_state_controller/package.dsv
[7.646s] -- Installing: /home/d-lab/workspace/ros_ur_driver/src/install/joint_state_controller/share/ament_index/resource_index/packages/joint_state_controller
[7.646s] -- Installing: /home/d-lab/workspace/ros_ur_driver/src/install/joint_state_controller/share/ament_index/resource_index/controller_interface__pluginlib__plugin/joint_state_controller
[7.646s] -- Installing: /home/d-lab/workspace/ros_ur_driver/src/install/joint_state_controller/share/joint_state_controller/cmake/ament_cmake_export_dependencies-extras.cmake
[7.646s] -- Installing: /home/d-lab/workspace/ros_ur_driver/src/install/joint_state_controller/share/joint_state_controller/cmake/ament_cmake_export_libraries-extras.cmake
[7.647s] -- Installing: /home/d-lab/workspace/ros_ur_driver/src/install/joint_state_controller/share/joint_state_controller/cmake/joint_state_controllerConfig.cmake
[7.647s] -- Installing: /home/d-lab/workspace/ros_ur_driver/src/install/joint_state_controller/share/joint_state_controller/cmake/joint_state_controllerConfig-version.cmake
[7.647s] -- Installing: /home/d-lab/workspace/ros_ur_driver/src/install/joint_state_controller/share/joint_state_controller/package.xml
[7.649s] Invoked command in '/home/d-lab/workspace/ros_ur_driver/src/build/joint_state_controller' returned '0': AMENT_PREFIX_PATH=/home/d-lab/workspace/ros_ur_driver/src/install/joint_state_broadcaster:/home/d-lab/workspace/ros_ur_driver/src/install/controller_manager:/home/d-lab/workspace/ros_ur_driver/src/install/controller_interface:/home/d-lab/workspace/ros_ur_driver/src/install/hardware_interface:/home/d-lab/workspace/ros_ur_driver/src/install/ros2_control_test_assets:/home/d-lab/workspace/ros_ur_driver/src/install/controller_manager_msgs:/home/d-lab/workspace/ros_ur_driver/src/install/control_msgs:${AMENT_PREFIX_PATH} CMAKE_PREFIX_PATH=/home/d-lab/workspace/ros_ur_driver/src/install/joint_state_broadcaster:/home/d-lab/workspace/ros_ur_driver/src/install/controller_manager:/home/d-lab/workspace/ros_ur_driver/src/install/controller_interface:/home/d-lab/workspace/ros_ur_driver/src/install/hardware_interface:/home/d-lab/workspace/ros_ur_driver/src/install/ros2_control_test_assets:/home/d-lab/workspace/ros_ur_driver/src/install/controller_manager_msgs:/home/d-lab/workspace/ros_ur_driver/src/install/control_msgs:/opt/ros/foxy LD_LIBRARY_PATH=/home/d-lab/workspace/ros_ur_driver/src/install/joint_state_broadcaster/lib:/home/d-lab/workspace/ros_ur_driver/src/install/controller_manager/lib:/home/d-lab/workspace/ros_ur_driver/src/install/controller_interface/lib:/home/d-lab/workspace/ros_ur_driver/src/install/hardware_interface/lib:/home/d-lab/workspace/ros_ur_driver/src/install/controller_manager_msgs/lib:/home/d-lab/workspace/ros_ur_driver/src/install/control_msgs/lib:${LD_LIBRARY_PATH} PYTHONPATH=/home/d-lab/workspace/ros_ur_driver/src/install/controller_manager/lib/python3.8/site-packages:/home/d-lab/workspace/ros_ur_driver/src/install/controller_manager_msgs/lib/python3.8/site-packages:/home/d-lab/workspace/ros_ur_driver/src/install/control_msgs/lib/python3.8/site-packages:${PYTHONPATH} /usr/bin/cmake --install /home/d-lab/workspace/ros_ur_driver/src/build/joint_state_controller
