[0.246s] Invoking command in '/home/d-lab/workspace/ros_ur_driver/build/robotiq_description': CMAKE_PREFIX_PATH=/home/d-lab/workspace/ros_ur_driver/install/ros2controlcli:/home/d-lab/workspace/ros_ur_driver/install/ros2_control_test_nodes:/opt/ros/foxy:${CMAKE_PREFIX_PATH} /usr/bin/cmake --build /home/d-lab/workspace/ros_ur_driver/build/robotiq_description -- -j16 -l16
[0.361s] Invoked command in '/home/d-lab/workspace/ros_ur_driver/build/robotiq_description' returned '0': CMAKE_PREFIX_PATH=/home/d-lab/workspace/ros_ur_driver/install/ros2controlcli:/home/d-lab/workspace/ros_ur_driver/install/ros2_control_test_nodes:/opt/ros/foxy:${CMAKE_PREFIX_PATH} /usr/bin/cmake --build /home/d-lab/workspace/ros_ur_driver/build/robotiq_description -- -j16 -l16
[0.488s] Invoking command in '/home/d-lab/workspace/ros_ur_driver/build/robotiq_description': CMAKE_PREFIX_PATH=/home/d-lab/workspace/ros_ur_driver/install/ros2controlcli:/home/d-lab/workspace/ros_ur_driver/install/ros2_control_test_nodes:/opt/ros/foxy:${CMAKE_PREFIX_PATH} /usr/bin/cmake --install /home/d-lab/workspace/ros_ur_driver/build/robotiq_description
[0.542s] -- Install configuration: ""
[0.543s] -- Up-to-date: /home/d-lab/workspace/ros_ur_driver/install/robotiq_description/share/ament_index/resource_index/package_run_dependencies/robotiq_description
[0.543s] -- Up-to-date: /home/d-lab/workspace/ros_ur_driver/install/robotiq_description/share/ament_index/resource_index/parent_prefix_path/robotiq_description
[0.543s] -- Up-to-date: /home/d-lab/workspace/ros_ur_driver/install/robotiq_description/share/robotiq_description/environment/ament_prefix_path.sh
[0.543s] -- Up-to-date: /home/d-lab/workspace/ros_ur_driver/install/robotiq_description/share/robotiq_description/environment/ament_prefix_path.dsv
[0.543s] -- Up-to-date: /home/d-lab/workspace/ros_ur_driver/install/robotiq_description/share/robotiq_description/environment/path.sh
[0.543s] -- Up-to-date: /home/d-lab/workspace/ros_ur_driver/install/robotiq_description/share/robotiq_description/environment/path.dsv
[0.543s] -- Up-to-date: /home/d-lab/workspace/ros_ur_driver/install/robotiq_description/share/robotiq_description/local_setup.bash
[0.543s] -- Up-to-date: /home/d-lab/workspace/ros_ur_driver/install/robotiq_description/share/robotiq_description/local_setup.sh
[0.543s] -- Up-to-date: /home/d-lab/workspace/ros_ur_driver/install/robotiq_description/share/robotiq_description/local_setup.zsh
[0.543s] -- Up-to-date: /home/d-lab/workspace/ros_ur_driver/install/robotiq_description/share/robotiq_description/local_setup.dsv
[0.543s] -- Installing: /home/d-lab/workspace/ros_ur_driver/install/robotiq_description/share/robotiq_description/package.dsv
[0.543s] -- Up-to-date: /home/d-lab/workspace/ros_ur_driver/install/robotiq_description/share/ament_index/resource_index/packages/robotiq_description
[0.543s] -- Up-to-date: /home/d-lab/workspace/ros_ur_driver/install/robotiq_description/share/robotiq_description/cmake/robotiq_descriptionConfig.cmake
[0.544s] -- Up-to-date: /home/d-lab/workspace/ros_ur_driver/install/robotiq_description/share/robotiq_description/cmake/robotiq_descriptionConfig-version.cmake
[0.544s] -- Up-to-date: /home/d-lab/workspace/ros_ur_driver/install/robotiq_description/share/robotiq_description/package.xml
[0.587s] Invoked command in '/home/d-lab/workspace/ros_ur_driver/build/robotiq_description' returned '0': CMAKE_PREFIX_PATH=/home/d-lab/workspace/ros_ur_driver/install/ros2controlcli:/home/d-lab/workspace/ros_ur_driver/install/ros2_control_test_nodes:/opt/ros/foxy:${CMAKE_PREFIX_PATH} /usr/bin/cmake --install /home/d-lab/workspace/ros_ur_driver/build/robotiq_description
