[0.102s] Invoking command in '/home/d-lab/workspace/ros_ur_driver/build/controller_manager_msgs': CMAKE_PREFIX_PATH=${CMAKE_PREFIX_PATH}:/home/d-lab/workspace/ros_ur_driver/install/ros2controlcli:/home/d-lab/workspace/ros_ur_driver/install/ros2_control_test_nodes:/opt/ros/foxy /usr/bin/cmake --build /home/d-lab/workspace/ros_ur_driver/build/controller_manager_msgs -- -j16 -l16
[0.376s] [ 12%] Built target controller_manager_msgs__rosidl_generator_c
[0.376s] [ 12%] Built target controller_manager_msgs__cpp
[0.378s] [ 24%] Built target controller_manager_msgs__rosidl_typesupport_introspection_c
[0.378s] [ 36%] Built target controller_manager_msgs__rosidl_typesupport_c
[0.378s] [ 48%] Built target controller_manager_msgs__rosidl_typesupport_cpp
[0.378s] [ 60%] Built target controller_manager_msgs__rosidl_typesupport_fastrtps_cpp
[0.379s] [ 72%] Built target controller_manager_msgs__rosidl_typesupport_introspection_cpp
[0.379s] [ 84%] Built target controller_manager_msgs__rosidl_typesupport_fastrtps_c
[0.379s] [ 84%] Built target controller_manager_msgs
[0.379s] [ 85%] Built target controller_manager_msgs__py
[0.388s] [ 96%] Built target controller_manager_msgs__python
[0.434s] [ 97%] Built target controller_manager_msgs__rosidl_typesupport_c__pyext
[0.438s] [ 99%] Built target controller_manager_msgs__rosidl_typesupport_introspection_c__pyext
[0.438s] [100%] Built target controller_manager_msgs__rosidl_typesupport_fastrtps_c__pyext
[0.517s] Invoked command in '/home/d-lab/workspace/ros_ur_driver/build/controller_manager_msgs' returned '0': CMAKE_PREFIX_PATH=${CMAKE_PREFIX_PATH}:/home/d-lab/workspace/ros_ur_driver/install/ros2controlcli:/home/d-lab/workspace/ros_ur_driver/install/ros2_control_test_nodes:/opt/ros/foxy /usr/bin/cmake --build /home/d-lab/workspace/ros_ur_driver/build/controller_manager_msgs -- -j16 -l16
[1.297s] Invoking command in '/home/d-lab/workspace/ros_ur_driver/build/controller_manager_msgs': CMAKE_PREFIX_PATH=${CMAKE_PREFIX_PATH}:/home/d-lab/workspace/ros_ur_driver/install/ros2controlcli:/home/d-lab/workspace/ros_ur_driver/install/ros2_control_test_nodes:/opt/ros/foxy /usr/bin/cmake --install /home/d-lab/workspace/ros_ur_driver/build/controller_manager_msgs
[1.315s] -- Install configuration: "Release"
[1.315s] -- Up-to-date: /home/d-lab/workspace/ros_ur_driver/install/controller_manager_msgs/share/ament_index/resource_index/rosidl_interfaces/controller_manager_msgs
[1.315s] -- Up-to-date: /home/d-lab/workspace/ros_ur_driver/install/controller_manager_msgs/include/controller_manager_msgs
[1.316s] -- Up-to-date: /home/d-lab/workspace/ros_ur_driver/install/controller_manager_msgs/include/controller_manager_msgs/srv
[1.316s] -- Up-to-date: /home/d-lab/workspace/ros_ur_driver/install/controller_manager_msgs/include/controller_manager_msgs/srv/reload_controller_libraries.h
[1.316s] -- Up-to-date: /home/d-lab/workspace/ros_ur_driver/install/controller_manager_msgs/include/controller_manager_msgs/srv/list_controller_types.h
[1.316s] -- Up-to-date: /home/d-lab/workspace/ros_ur_driver/install/controller_manager_msgs/include/controller_manager_msgs/srv/switch_controller.h
[1.316s] -- Up-to-date: /home/d-lab/workspace/ros_ur_driver/install/controller_manager_msgs/include/controller_manager_msgs/srv/configure_start_controller.h
[1.316s] -- Up-to-date: /home/d-lab/workspace/ros_ur_driver/install/controller_manager_msgs/include/controller_manager_msgs/srv/configure_controller.h
[1.317s] -- Up-to-date: /home/d-lab/workspace/ros_ur_driver/install/controller_manager_msgs/include/controller_manager_msgs/srv/unload_controller.h
[1.317s] -- Up-to-date: /home/d-lab/workspace/ros_ur_driver/install/controller_manager_msgs/include/controller_manager_msgs/srv/load_configure_controller.h
[1.317s] -- Up-to-date: /home/d-lab/workspace/ros_ur_driver/install/controller_manager_msgs/include/controller_manager_msgs/srv/load_start_controller.h
[1.318s] -- Up-to-date: /home/d-lab/workspace/ros_ur_driver/install/controller_manager_msgs/include/controller_manager_msgs/srv/list_hardware_interfaces.h
[1.318s] -- Up-to-date: /home/d-lab/workspace/ros_ur_driver/install/controller_manager_msgs/include/controller_manager_msgs/srv/list_controllers.h
[1.318s] -- Up-to-date: /home/d-lab/workspace/ros_ur_driver/install/controller_manager_msgs/include/controller_manager_msgs/srv/load_controller.h
[1.318s] -- Up-to-date: /home/d-lab/workspace/ros_ur_driver/install/controller_manager_msgs/include/controller_manager_msgs/srv/detail
[1.318s] -- Up-to-date: /home/d-lab/workspace/ros_ur_driver/install/controller_manager_msgs/include/controller_manager_msgs/srv/detail/load_configure_controller__functions.c
[1.319s] -- Up-to-date: /home/d-lab/workspace/ros_ur_driver/install/controller_manager_msgs/include/controller_manager_msgs/srv/detail/load_start_controller__functions.c
[1.319s] -- Up-to-date: /home/d-lab/workspace/ros_ur_driver/install/controller_manager_msgs/include/controller_manager_msgs/srv/detail/configure_controller__type_support.h
[1.319s] -- Up-to-date: /home/d-lab/workspace/ros_ur_driver/install/controller_manager_msgs/include/controller_manager_msgs/srv/detail/configure_controller__functions.c
[1.319s] -- Up-to-date: /home/d-lab/workspace/ros_ur_driver/install/controller_manager_msgs/include/controller_manager_msgs/srv/detail/configure_start_controller__struct.h
[1.319s] -- Up-to-date: /home/d-lab/workspace/ros_ur_driver/install/controller_manager_msgs/include/controller_manager_msgs/srv/detail/list_controllers__functions.h
[1.319s] -- Up-to-date: /home/d-lab/workspace/ros_ur_driver/install/controller_manager_msgs/include/controller_manager_msgs/srv/detail/list_controller_types__type_support.h
[1.319s] -- Up-to-date: /home/d-lab/workspace/ros_ur_driver/install/controller_manager_msgs/include/controller_manager_msgs/srv/detail/list_controllers__struct.h
[1.319s] -- Up-to-date: /home/d-lab/workspace/ros_ur_driver/install/controller_manager_msgs/include/controller_manager_msgs/srv/detail/list_hardware_interfaces__functions.h
[1.320s] -- Up-to-date: /home/d-lab/workspace/ros_ur_driver/install/controller_manager_msgs/include/controller_manager_msgs/srv/detail/list_hardware_interfaces__struct.h
[1.320s] -- Up-to-date: /home/d-lab/workspace/ros_ur_driver/install/controller_manager_msgs/include/controller_manager_msgs/srv/detail/list_hardware_interfaces__functions.c
[1.320s] -- Up-to-date: /home/d-lab/workspace/ros_ur_driver/install/controller_manager_msgs/include/controller_manager_msgs/srv/detail/load_controller__struct.h
[1.320s] -- Up-to-date: /home/d-lab/workspace/ros_ur_driver/install/controller_manager_msgs/include/controller_manager_msgs/srv/detail/load_start_controller__struct.h
[1.320s] -- Up-to-date: /home/d-lab/workspace/ros_ur_driver/install/controller_manager_msgs/include/controller_manager_msgs/srv/detail/unload_controller__type_support.h
[1.321s] -- Up-to-date: /home/d-lab/workspace/ros_ur_driver/install/controller_manager_msgs/include/controller_manager_msgs/srv/detail/switch_controller__struct.h
[1.321s] -- Up-to-date: /home/d-lab/workspace/ros_ur_driver/install/controller_manager_msgs/include/controller_manager_msgs/srv/detail/load_controller__type_support.h
[1.321s] -- Up-to-date: /home/d-lab/workspace/ros_ur_driver/install/controller_manager_msgs/include/controller_manager_msgs/srv/detail/unload_controller__struct.h
[1.321s] -- Up-to-date: /home/d-lab/workspace/ros_ur_driver/install/controller_manager_msgs/include/controller_manager_msgs/srv/detail/unload_controller__functions.h
[1.321s] -- Up-to-date: /home/d-lab/workspace/ros_ur_driver/install/controller_manager_msgs/include/controller_manager_msgs/srv/detail/load_configure_controller__struct.h
[1.322s] -- Up-to-date: /home/d-lab/workspace/ros_ur_driver/install/controller_manager_msgs/include/controller_manager_msgs/srv/detail/configure_controller__functions.h
[1.322s] -- Up-to-date: /home/d-lab/workspace/ros_ur_driver/install/controller_manager_msgs/include/controller_manager_msgs/srv/detail/list_controller_types__functions.c
[1.322s] -- Up-to-date: /home/d-lab/workspace/ros_ur_driver/install/controller_manager_msgs/include/controller_manager_msgs/srv/detail/configure_controller__struct.h
[1.322s] -- Up-to-date: /home/d-lab/workspace/ros_ur_driver/install/controller_manager_msgs/include/controller_manager_msgs/srv/detail/load_start_controller__functions.h
[1.322s] -- Up-to-date: /home/d-lab/workspace/ros_ur_driver/install/controller_manager_msgs/include/controller_manager_msgs/srv/detail/list_controllers__type_support.h
[1.322s] -- Up-to-date: /home/d-lab/workspace/ros_ur_driver/install/controller_manager_msgs/include/controller_manager_msgs/srv/detail/configure_start_controller__functions.h
[1.322s] -- Up-to-date: /home/d-lab/workspace/ros_ur_driver/install/controller_manager_msgs/include/controller_manager_msgs/srv/detail/list_controller_types__struct.h
[1.323s] -- Up-to-date: /home/d-lab/workspace/ros_ur_driver/install/controller_manager_msgs/include/controller_manager_msgs/srv/detail/reload_controller_libraries__functions.h
[1.323s] -- Up-to-date: /home/d-lab/workspace/ros_ur_driver/install/controller_manager_msgs/include/controller_manager_msgs/srv/detail/list_controller_types__functions.h
[1.323s] -- Up-to-date: /home/d-lab/workspace/ros_ur_driver/install/controller_manager_msgs/include/controller_manager_msgs/srv/detail/configure_start_controller__type_support.h
[1.323s] -- Up-to-date: /home/d-lab/workspace/ros_ur_driver/install/controller_manager_msgs/include/controller_manager_msgs/srv/detail/reload_controller_libraries__type_support.h
[1.324s] -- Up-to-date: /home/d-lab/workspace/ros_ur_driver/install/controller_manager_msgs/include/controller_manager_msgs/srv/detail/load_controller__functions.h
[1.324s] -- Up-to-date: /home/d-lab/workspace/ros_ur_driver/install/controller_manager_msgs/include/controller_manager_msgs/srv/detail/reload_controller_libraries__functions.c
[1.324s] -- Up-to-date: /home/d-lab/workspace/ros_ur_driver/install/controller_manager_msgs/include/controller_manager_msgs/srv/detail/switch_controller__functions.h
[1.324s] -- Up-to-date: /home/d-lab/workspace/ros_ur_driver/install/controller_manager_msgs/include/controller_manager_msgs/srv/detail/list_hardware_interfaces__type_support.h
[1.324s] -- Up-to-date: /home/d-lab/workspace/ros_ur_driver/install/controller_manager_msgs/include/controller_manager_msgs/srv/detail/reload_controller_libraries__struct.h
[1.325s] -- Up-to-date: /home/d-lab/workspace/ros_ur_driver/install/controller_manager_msgs/include/controller_manager_msgs/srv/detail/load_controller__functions.c
[1.325s] -- Up-to-date: /home/d-lab/workspace/ros_ur_driver/install/controller_manager_msgs/include/controller_manager_msgs/srv/detail/list_controllers__functions.c
[1.325s] -- Up-to-date: /home/d-lab/workspace/ros_ur_driver/install/controller_manager_msgs/include/controller_manager_msgs/srv/detail/switch_controller__functions.c
[1.325s] -- Up-to-date: /home/d-lab/workspace/ros_ur_driver/install/controller_manager_msgs/include/controller_manager_msgs/srv/detail/switch_controller__type_support.h
[1.325s] -- Up-to-date: /home/d-lab/workspace/ros_ur_driver/install/controller_manager_msgs/include/controller_manager_msgs/srv/detail/unload_controller__functions.c
[1.326s] -- Up-to-date: /home/d-lab/workspace/ros_ur_driver/install/controller_manager_msgs/include/controller_manager_msgs/srv/detail/load_configure_controller__type_support.h
[1.326s] -- Up-to-date: /home/d-lab/workspace/ros_ur_driver/install/controller_manager_msgs/include/controller_manager_msgs/srv/detail/load_configure_controller__functions.h
[1.326s] -- Up-to-date: /home/d-lab/workspace/ros_ur_driver/install/controller_manager_msgs/include/controller_manager_msgs/srv/detail/configure_start_controller__functions.c
[1.326s] -- Up-to-date: /home/d-lab/workspace/ros_ur_driver/install/controller_manager_msgs/include/controller_manager_msgs/srv/detail/load_start_controller__type_support.h
[1.326s] -- Up-to-date: /home/d-lab/workspace/ros_ur_driver/install/controller_manager_msgs/include/controller_manager_msgs/msg
[1.326s] -- Up-to-date: /home/d-lab/workspace/ros_ur_driver/install/controller_manager_msgs/include/controller_manager_msgs/msg/rosidl_generator_c__visibility_control.h
[1.326s] -- Up-to-date: /home/d-lab/workspace/ros_ur_driver/install/controller_manager_msgs/include/controller_manager_msgs/msg/controller_state.h
[1.326s] -- Up-to-date: /home/d-lab/workspace/ros_ur_driver/install/controller_manager_msgs/include/controller_manager_msgs/msg/hardware_interface.h
[1.327s] -- Up-to-date: /home/d-lab/workspace/ros_ur_driver/install/controller_manager_msgs/include/controller_manager_msgs/msg/detail
[1.327s] -- Up-to-date: /home/d-lab/workspace/ros_ur_driver/install/controller_manager_msgs/include/controller_manager_msgs/msg/detail/controller_state__struct.h
[1.327s] -- Up-to-date: /home/d-lab/workspace/ros_ur_driver/install/controller_manager_msgs/include/controller_manager_msgs/msg/detail/controller_state__functions.h
[1.327s] -- Up-to-date: /home/d-lab/workspace/ros_ur_driver/install/controller_manager_msgs/include/controller_manager_msgs/msg/detail/hardware_interface__type_support.h
[1.327s] -- Up-to-date: /home/d-lab/workspace/ros_ur_driver/install/controller_manager_msgs/include/controller_manager_msgs/msg/detail/controller_state__functions.c
[1.327s] -- Up-to-date: /home/d-lab/workspace/ros_ur_driver/install/controller_manager_msgs/include/controller_manager_msgs/msg/detail/hardware_interface__functions.h
[1.327s] -- Up-to-date: /home/d-lab/workspace/ros_ur_driver/install/controller_manager_msgs/include/controller_manager_msgs/msg/detail/hardware_interface__struct.h
[1.328s] -- Up-to-date: /home/d-lab/workspace/ros_ur_driver/install/controller_manager_msgs/include/controller_manager_msgs/msg/detail/controller_state__type_support.h
[1.328s] -- Up-to-date: /home/d-lab/workspace/ros_ur_driver/install/controller_manager_msgs/include/controller_manager_msgs/msg/detail/hardware_interface__functions.c
[1.328s] -- Up-to-date: /home/d-lab/workspace/ros_ur_driver/install/controller_manager_msgs/share/controller_manager_msgs/environment/library_path.sh
[1.328s] -- Up-to-date: /home/d-lab/workspace/ros_ur_driver/install/controller_manager_msgs/share/controller_manager_msgs/environment/library_path.dsv
[1.328s] -- Up-to-date: /home/d-lab/workspace/ros_ur_driver/install/controller_manager_msgs/lib/libcontroller_manager_msgs__rosidl_generator_c.so
[1.328s] -- Up-to-date: /home/d-lab/workspace/ros_ur_driver/install/controller_manager_msgs/include/controller_manager_msgs
[1.328s] -- Up-to-date: /home/d-lab/workspace/ros_ur_driver/install/controller_manager_msgs/include/controller_manager_msgs/srv
[1.329s] -- Up-to-date: /home/d-lab/workspace/ros_ur_driver/install/controller_manager_msgs/include/controller_manager_msgs/srv/detail
[1.329s] -- Up-to-date: /home/d-lab/workspace/ros_ur_driver/install/controller_manager_msgs/include/controller_manager_msgs/srv/detail/load_start_controller__rosidl_typesupport_fastrtps_c.h
[1.329s] -- Up-to-date: /home/d-lab/workspace/ros_ur_driver/install/controller_manager_msgs/include/controller_manager_msgs/srv/detail/list_hardware_interfaces__rosidl_typesupport_fastrtps_c.h
[1.329s] -- Up-to-date: /home/d-lab/workspace/ros_ur_driver/install/controller_manager_msgs/include/controller_manager_msgs/srv/detail/configure_controller__rosidl_typesupport_fastrtps_c.h
[1.329s] -- Up-to-date: /home/d-lab/workspace/ros_ur_driver/install/controller_manager_msgs/include/controller_manager_msgs/srv/detail/unload_controller__rosidl_typesupport_fastrtps_c.h
[1.329s] -- Up-to-date: /home/d-lab/workspace/ros_ur_driver/install/controller_manager_msgs/include/controller_manager_msgs/srv/detail/configure_start_controller__rosidl_typesupport_fastrtps_c.h
[1.329s] -- Up-to-date: /home/d-lab/workspace/ros_ur_driver/install/controller_manager_msgs/include/controller_manager_msgs/srv/detail/reload_controller_libraries__rosidl_typesupport_fastrtps_c.h
[1.329s] -- Up-to-date: /home/d-lab/workspace/ros_ur_driver/install/controller_manager_msgs/include/controller_manager_msgs/srv/detail/switch_controller__rosidl_typesupport_fastrtps_c.h
[1.329s] -- Up-to-date: /home/d-lab/workspace/ros_ur_driver/install/controller_manager_msgs/include/controller_manager_msgs/srv/detail/load_configure_controller__rosidl_typesupport_fastrtps_c.h
[1.329s] -- Up-to-date: /home/d-lab/workspace/ros_ur_driver/install/controller_manager_msgs/include/controller_manager_msgs/srv/detail/list_controller_types__rosidl_typesupport_fastrtps_c.h
[1.330s] -- Up-to-date: /home/d-lab/workspace/ros_ur_driver/install/controller_manager_msgs/include/controller_manager_msgs/srv/detail/load_controller__rosidl_typesupport_fastrtps_c.h
[1.330s] -- Up-to-date: /home/d-lab/workspace/ros_ur_driver/install/controller_manager_msgs/include/controller_manager_msgs/srv/detail/list_controllers__rosidl_typesupport_fastrtps_c.h
[1.330s] -- Up-to-date: /home/d-lab/workspace/ros_ur_driver/install/controller_manager_msgs/include/controller_manager_msgs/msg
[1.330s] -- Up-to-date: /home/d-lab/workspace/ros_ur_driver/install/controller_manager_msgs/include/controller_manager_msgs/msg/rosidl_typesupport_fastrtps_c__visibility_control.h
[1.330s] -- Up-to-date: /home/d-lab/workspace/ros_ur_driver/install/controller_manager_msgs/include/controller_manager_msgs/msg/detail
[1.330s] -- Up-to-date: /home/d-lab/workspace/ros_ur_driver/install/controller_manager_msgs/include/controller_manager_msgs/msg/detail/hardware_interface__rosidl_typesupport_fastrtps_c.h
[1.330s] -- Up-to-date: /home/d-lab/workspace/ros_ur_driver/install/controller_manager_msgs/include/controller_manager_msgs/msg/detail/controller_state__rosidl_typesupport_fastrtps_c.h
[1.330s] -- Up-to-date: /home/d-lab/workspace/ros_ur_driver/install/controller_manager_msgs/lib/libcontroller_manager_msgs__rosidl_typesupport_fastrtps_c.so
[1.330s] -- Up-to-date: /home/d-lab/workspace/ros_ur_driver/install/controller_manager_msgs/include/controller_manager_msgs
[1.331s] -- Up-to-date: /home/d-lab/workspace/ros_ur_driver/install/controller_manager_msgs/include/controller_manager_msgs/srv
[1.331s] -- Up-to-date: /home/d-lab/workspace/ros_ur_driver/install/controller_manager_msgs/include/controller_manager_msgs/srv/detail
[1.331s] -- Up-to-date: /home/d-lab/workspace/ros_ur_driver/install/controller_manager_msgs/include/controller_manager_msgs/srv/detail/load_controller__rosidl_typesupport_fastrtps_cpp.hpp
[1.331s] -- Up-to-date: /home/d-lab/workspace/ros_ur_driver/install/controller_manager_msgs/include/controller_manager_msgs/srv/detail/configure_controller__rosidl_typesupport_fastrtps_cpp.hpp
[1.331s] -- Up-to-date: /home/d-lab/workspace/ros_ur_driver/install/controller_manager_msgs/include/controller_manager_msgs/srv/detail/switch_controller__rosidl_typesupport_fastrtps_cpp.hpp
[1.331s] -- Up-to-date: /home/d-lab/workspace/ros_ur_driver/install/controller_manager_msgs/include/controller_manager_msgs/srv/detail/dds_fastrtps
[1.331s] -- Up-to-date: /home/d-lab/workspace/ros_ur_driver/install/controller_manager_msgs/include/controller_manager_msgs/srv/detail/configure_start_controller__rosidl_typesupport_fastrtps_cpp.hpp
[1.331s] -- Up-to-date: /home/d-lab/workspace/ros_ur_driver/install/controller_manager_msgs/include/controller_manager_msgs/srv/detail/unload_controller__rosidl_typesupport_fastrtps_cpp.hpp
[1.331s] -- Up-to-date: /home/d-lab/workspace/ros_ur_driver/install/controller_manager_msgs/include/controller_manager_msgs/srv/detail/list_hardware_interfaces__rosidl_typesupport_fastrtps_cpp.hpp
[1.331s] -- Up-to-date: /home/d-lab/workspace/ros_ur_driver/install/controller_manager_msgs/include/controller_manager_msgs/srv/detail/load_configure_controller__rosidl_typesupport_fastrtps_cpp.hpp
[1.331s] -- Up-to-date: /home/d-lab/workspace/ros_ur_driver/install/controller_manager_msgs/include/controller_manager_msgs/srv/detail/list_controller_types__rosidl_typesupport_fastrtps_cpp.hpp
[1.331s] -- Up-to-date: /home/d-lab/workspace/ros_ur_driver/install/controller_manager_msgs/include/controller_manager_msgs/srv/detail/load_start_controller__rosidl_typesupport_fastrtps_cpp.hpp
[1.332s] -- Up-to-date: /home/d-lab/workspace/ros_ur_driver/install/controller_manager_msgs/include/controller_manager_msgs/srv/detail/list_controllers__rosidl_typesupport_fastrtps_cpp.hpp
[1.332s] -- Up-to-date: /home/d-lab/workspace/ros_ur_driver/install/controller_manager_msgs/include/controller_manager_msgs/srv/detail/reload_controller_libraries__rosidl_typesupport_fastrtps_cpp.hpp
[1.332s] -- Up-to-date: /home/d-lab/workspace/ros_ur_driver/install/controller_manager_msgs/include/controller_manager_msgs/msg
[1.332s] -- Up-to-date: /home/d-lab/workspace/ros_ur_driver/install/controller_manager_msgs/include/controller_manager_msgs/msg/rosidl_typesupport_fastrtps_cpp__visibility_control.h
[1.332s] -- Up-to-date: /home/d-lab/workspace/ros_ur_driver/install/controller_manager_msgs/include/controller_manager_msgs/msg/detail
[1.332s] -- Up-to-date: /home/d-lab/workspace/ros_ur_driver/install/controller_manager_msgs/include/controller_manager_msgs/msg/detail/hardware_interface__rosidl_typesupport_fastrtps_cpp.hpp
[1.332s] -- Up-to-date: /home/d-lab/workspace/ros_ur_driver/install/controller_manager_msgs/include/controller_manager_msgs/msg/detail/dds_fastrtps
[1.332s] -- Up-to-date: /home/d-lab/workspace/ros_ur_driver/install/controller_manager_msgs/include/controller_manager_msgs/msg/detail/controller_state__rosidl_typesupport_fastrtps_cpp.hpp
[1.332s] -- Up-to-date: /home/d-lab/workspace/ros_ur_driver/install/controller_manager_msgs/lib/libcontroller_manager_msgs__rosidl_typesupport_fastrtps_cpp.so
[1.333s] -- Up-to-date: /home/d-lab/workspace/ros_ur_driver/install/controller_manager_msgs/include/controller_manager_msgs
[1.333s] -- Up-to-date: /home/d-lab/workspace/ros_ur_driver/install/controller_manager_msgs/include/controller_manager_msgs/srv
[1.333s] -- Up-to-date: /home/d-lab/workspace/ros_ur_driver/install/controller_manager_msgs/include/controller_manager_msgs/srv/detail
[1.333s] -- Up-to-date: /home/d-lab/workspace/ros_ur_driver/install/controller_manager_msgs/include/controller_manager_msgs/srv/detail/list_controllers__rosidl_typesupport_introspection_c.h
[1.333s] -- Up-to-date: /home/d-lab/workspace/ros_ur_driver/install/controller_manager_msgs/include/controller_manager_msgs/srv/detail/load_start_controller__rosidl_typesupport_introspection_c.h
[1.333s] -- Up-to-date: /home/d-lab/workspace/ros_ur_driver/install/controller_manager_msgs/include/controller_manager_msgs/srv/detail/list_hardware_interfaces__type_support.c
[1.333s] -- Up-to-date: /home/d-lab/workspace/ros_ur_driver/install/controller_manager_msgs/include/controller_manager_msgs/srv/detail/load_configure_controller__type_support.c
[1.333s] -- Up-to-date: /home/d-lab/workspace/ros_ur_driver/install/controller_manager_msgs/include/controller_manager_msgs/srv/detail/unload_controller__rosidl_typesupport_introspection_c.h
[1.334s] -- Up-to-date: /home/d-lab/workspace/ros_ur_driver/install/controller_manager_msgs/include/controller_manager_msgs/srv/detail/reload_controller_libraries__rosidl_typesupport_introspection_c.h
[1.334s] -- Up-to-date: /home/d-lab/workspace/ros_ur_driver/install/controller_manager_msgs/include/controller_manager_msgs/srv/detail/list_hardware_interfaces__rosidl_typesupport_introspection_c.h
[1.334s] -- Up-to-date: /home/d-lab/workspace/ros_ur_driver/install/controller_manager_msgs/include/controller_manager_msgs/srv/detail/list_controller_types__rosidl_typesupport_introspection_c.h
[1.334s] -- Up-to-date: /home/d-lab/workspace/ros_ur_driver/install/controller_manager_msgs/include/controller_manager_msgs/srv/detail/list_controllers__type_support.c
[1.334s] -- Up-to-date: /home/d-lab/workspace/ros_ur_driver/install/controller_manager_msgs/include/controller_manager_msgs/srv/detail/unload_controller__type_support.c
[1.334s] -- Up-to-date: /home/d-lab/workspace/ros_ur_driver/install/controller_manager_msgs/include/controller_manager_msgs/srv/detail/configure_start_controller__type_support.c
[1.334s] -- Up-to-date: /home/d-lab/workspace/ros_ur_driver/install/controller_manager_msgs/include/controller_manager_msgs/srv/detail/load_controller__type_support.c
[1.334s] -- Up-to-date: /home/d-lab/workspace/ros_ur_driver/install/controller_manager_msgs/include/controller_manager_msgs/srv/detail/switch_controller__rosidl_typesupport_introspection_c.h
[1.335s] -- Up-to-date: /home/d-lab/workspace/ros_ur_driver/install/controller_manager_msgs/include/controller_manager_msgs/srv/detail/load_start_controller__type_support.c
[1.335s] -- Up-to-date: /home/d-lab/workspace/ros_ur_driver/install/controller_manager_msgs/include/controller_manager_msgs/srv/detail/configure_start_controller__rosidl_typesupport_introspection_c.h
[1.335s] -- Up-to-date: /home/d-lab/workspace/ros_ur_driver/install/controller_manager_msgs/include/controller_manager_msgs/srv/detail/load_configure_controller__rosidl_typesupport_introspection_c.h
[1.335s] -- Up-to-date: /home/d-lab/workspace/ros_ur_driver/install/controller_manager_msgs/include/controller_manager_msgs/srv/detail/load_controller__rosidl_typesupport_introspection_c.h
[1.335s] -- Up-to-date: /home/d-lab/workspace/ros_ur_driver/install/controller_manager_msgs/include/controller_manager_msgs/srv/detail/list_controller_types__type_support.c
[1.335s] -- Up-to-date: /home/d-lab/workspace/ros_ur_driver/install/controller_manager_msgs/include/controller_manager_msgs/srv/detail/configure_controller__type_support.c
[1.335s] -- Up-to-date: /home/d-lab/workspace/ros_ur_driver/install/controller_manager_msgs/include/controller_manager_msgs/srv/detail/configure_controller__rosidl_typesupport_introspection_c.h
[1.335s] -- Up-to-date: /home/d-lab/workspace/ros_ur_driver/install/controller_manager_msgs/include/controller_manager_msgs/srv/detail/reload_controller_libraries__type_support.c
[1.335s] -- Up-to-date: /home/d-lab/workspace/ros_ur_driver/install/controller_manager_msgs/include/controller_manager_msgs/srv/detail/switch_controller__type_support.c
[1.335s] -- Up-to-date: /home/d-lab/workspace/ros_ur_driver/install/controller_manager_msgs/include/controller_manager_msgs/msg
[1.336s] -- Up-to-date: /home/d-lab/workspace/ros_ur_driver/install/controller_manager_msgs/include/controller_manager_msgs/msg/rosidl_typesupport_introspection_c__visibility_control.h
[1.336s] -- Up-to-date: /home/d-lab/workspace/ros_ur_driver/install/controller_manager_msgs/include/controller_manager_msgs/msg/detail
[1.336s] -- Up-to-date: /home/d-lab/workspace/ros_ur_driver/install/controller_manager_msgs/include/controller_manager_msgs/msg/detail/controller_state__rosidl_typesupport_introspection_c.h
[1.336s] -- Up-to-date: /home/d-lab/workspace/ros_ur_driver/install/controller_manager_msgs/include/controller_manager_msgs/msg/detail/hardware_interface__type_support.c
[1.336s] -- Up-to-date: /home/d-lab/workspace/ros_ur_driver/install/controller_manager_msgs/include/controller_manager_msgs/msg/detail/controller_state__type_support.c
[1.336s] -- Up-to-date: /home/d-lab/workspace/ros_ur_driver/install/controller_manager_msgs/include/controller_manager_msgs/msg/detail/hardware_interface__rosidl_typesupport_introspection_c.h
[1.336s] -- Up-to-date: /home/d-lab/workspace/ros_ur_driver/install/controller_manager_msgs/lib/libcontroller_manager_msgs__rosidl_typesupport_introspection_c.so
[1.336s] -- Up-to-date: /home/d-lab/workspace/ros_ur_driver/install/controller_manager_msgs/lib/libcontroller_manager_msgs__rosidl_typesupport_c.so
[1.336s] -- Up-to-date: /home/d-lab/workspace/ros_ur_driver/install/controller_manager_msgs/include/controller_manager_msgs
[1.337s] -- Up-to-date: /home/d-lab/workspace/ros_ur_driver/install/controller_manager_msgs/include/controller_manager_msgs/srv
[1.337s] -- Up-to-date: /home/d-lab/workspace/ros_ur_driver/install/controller_manager_msgs/include/controller_manager_msgs/srv/list_controllers.hpp
[1.337s] -- Up-to-date: /home/d-lab/workspace/ros_ur_driver/install/controller_manager_msgs/include/controller_manager_msgs/srv/reload_controller_libraries.hpp
[1.337s] -- Up-to-date: /home/d-lab/workspace/ros_ur_driver/install/controller_manager_msgs/include/controller_manager_msgs/srv/load_start_controller.hpp
[1.337s] -- Up-to-date: /home/d-lab/workspace/ros_ur_driver/install/controller_manager_msgs/include/controller_manager_msgs/srv/load_controller.hpp
[1.337s] -- Up-to-date: /home/d-lab/workspace/ros_ur_driver/install/controller_manager_msgs/include/controller_manager_msgs/srv/configure_start_controller.hpp
[1.337s] -- Up-to-date: /home/d-lab/workspace/ros_ur_driver/install/controller_manager_msgs/include/controller_manager_msgs/srv/configure_controller.hpp
[1.337s] -- Up-to-date: /home/d-lab/workspace/ros_ur_driver/install/controller_manager_msgs/include/controller_manager_msgs/srv/list_hardware_interfaces.hpp
[1.337s] -- Up-to-date: /home/d-lab/workspace/ros_ur_driver/install/controller_manager_msgs/include/controller_manager_msgs/srv/load_configure_controller.hpp
[1.337s] -- Up-to-date: /home/d-lab/workspace/ros_ur_driver/install/controller_manager_msgs/include/controller_manager_msgs/srv/switch_controller.hpp
[1.337s] -- Up-to-date: /home/d-lab/workspace/ros_ur_driver/install/controller_manager_msgs/include/controller_manager_msgs/srv/detail
[1.337s] -- Up-to-date: /home/d-lab/workspace/ros_ur_driver/install/controller_manager_msgs/include/controller_manager_msgs/srv/detail/configure_controller__struct.hpp
[1.338s] -- Up-to-date: /home/d-lab/workspace/ros_ur_driver/install/controller_manager_msgs/include/controller_manager_msgs/srv/detail/load_start_controller__traits.hpp
[1.338s] -- Up-to-date: /home/d-lab/workspace/ros_ur_driver/install/controller_manager_msgs/include/controller_manager_msgs/srv/detail/list_controller_types__traits.hpp
[1.338s] -- Up-to-date: /home/d-lab/workspace/ros_ur_driver/install/controller_manager_msgs/include/controller_manager_msgs/srv/detail/load_controller__builder.hpp
[1.338s] -- Up-to-date: /home/d-lab/workspace/ros_ur_driver/install/controller_manager_msgs/include/controller_manager_msgs/srv/detail/configure_start_controller__struct.hpp
[1.338s] -- Up-to-date: /home/d-lab/workspace/ros_ur_driver/install/controller_manager_msgs/include/controller_manager_msgs/srv/detail/configure_controller__builder.hpp
[1.338s] -- Up-to-date: /home/d-lab/workspace/ros_ur_driver/install/controller_manager_msgs/include/controller_manager_msgs/srv/detail/reload_controller_libraries__builder.hpp
[1.338s] -- Up-to-date: /home/d-lab/workspace/ros_ur_driver/install/controller_manager_msgs/include/controller_manager_msgs/srv/detail/load_controller__struct.hpp
[1.338s] -- Up-to-date: /home/d-lab/workspace/ros_ur_driver/install/controller_manager_msgs/include/controller_manager_msgs/srv/detail/configure_controller__traits.hpp
[1.338s] -- Up-to-date: /home/d-lab/workspace/ros_ur_driver/install/controller_manager_msgs/include/controller_manager_msgs/srv/detail/list_controller_types__struct.hpp
[1.338s] -- Up-to-date: /home/d-lab/workspace/ros_ur_driver/install/controller_manager_msgs/include/controller_manager_msgs/srv/detail/load_start_controller__struct.hpp
[1.339s] -- Up-to-date: /home/d-lab/workspace/ros_ur_driver/install/controller_manager_msgs/include/controller_manager_msgs/srv/detail/load_configure_controller__struct.hpp
[1.339s] -- Up-to-date: /home/d-lab/workspace/ros_ur_driver/install/controller_manager_msgs/include/controller_manager_msgs/srv/detail/unload_controller__struct.hpp
[1.339s] -- Up-to-date: /home/d-lab/workspace/ros_ur_driver/install/controller_manager_msgs/include/controller_manager_msgs/srv/detail/list_hardware_interfaces__traits.hpp
[1.339s] -- Up-to-date: /home/d-lab/workspace/ros_ur_driver/install/controller_manager_msgs/include/controller_manager_msgs/srv/detail/load_configure_controller__traits.hpp
[1.339s] -- Up-to-date: /home/d-lab/workspace/ros_ur_driver/install/controller_manager_msgs/include/controller_manager_msgs/srv/detail/configure_start_controller__traits.hpp
[1.339s] -- Up-to-date: /home/d-lab/workspace/ros_ur_driver/install/controller_manager_msgs/include/controller_manager_msgs/srv/detail/switch_controller__struct.hpp
[1.339s] -- Up-to-date: /home/d-lab/workspace/ros_ur_driver/install/controller_manager_msgs/include/controller_manager_msgs/srv/detail/reload_controller_libraries__struct.hpp
[1.339s] -- Up-to-date: /home/d-lab/workspace/ros_ur_driver/install/controller_manager_msgs/include/controller_manager_msgs/srv/detail/switch_controller__traits.hpp
[1.339s] -- Up-to-date: /home/d-lab/workspace/ros_ur_driver/install/controller_manager_msgs/include/controller_manager_msgs/srv/detail/list_controllers__traits.hpp
[1.339s] -- Up-to-date: /home/d-lab/workspace/ros_ur_driver/install/controller_manager_msgs/include/controller_manager_msgs/srv/detail/list_hardware_interfaces__builder.hpp
[1.339s] -- Up-to-date: /home/d-lab/workspace/ros_ur_driver/install/controller_manager_msgs/include/controller_manager_msgs/srv/detail/reload_controller_libraries__traits.hpp
[1.339s] -- Up-to-date: /home/d-lab/workspace/ros_ur_driver/install/controller_manager_msgs/include/controller_manager_msgs/srv/detail/switch_controller__builder.hpp
[1.339s] -- Up-to-date: /home/d-lab/workspace/ros_ur_driver/install/controller_manager_msgs/include/controller_manager_msgs/srv/detail/load_controller__traits.hpp
[1.339s] -- Up-to-date: /home/d-lab/workspace/ros_ur_driver/install/controller_manager_msgs/include/controller_manager_msgs/srv/detail/load_configure_controller__builder.hpp
[1.339s] -- Up-to-date: /home/d-lab/workspace/ros_ur_driver/install/controller_manager_msgs/include/controller_manager_msgs/srv/detail/configure_start_controller__builder.hpp
[1.339s] -- Up-to-date: /home/d-lab/workspace/ros_ur_driver/install/controller_manager_msgs/include/controller_manager_msgs/srv/detail/list_controllers__struct.hpp
[1.340s] -- Up-to-date: /home/d-lab/workspace/ros_ur_driver/install/controller_manager_msgs/include/controller_manager_msgs/srv/detail/unload_controller__traits.hpp
[1.340s] -- Up-to-date: /home/d-lab/workspace/ros_ur_driver/install/controller_manager_msgs/include/controller_manager_msgs/srv/detail/list_hardware_interfaces__struct.hpp
[1.340s] -- Up-to-date: /home/d-lab/workspace/ros_ur_driver/install/controller_manager_msgs/include/controller_manager_msgs/srv/detail/load_start_controller__builder.hpp
[1.340s] -- Up-to-date: /home/d-lab/workspace/ros_ur_driver/install/controller_manager_msgs/include/controller_manager_msgs/srv/detail/list_controller_types__builder.hpp
[1.340s] -- Up-to-date: /home/d-lab/workspace/ros_ur_driver/install/controller_manager_msgs/include/controller_manager_msgs/srv/detail/unload_controller__builder.hpp
[1.340s] -- Up-to-date: /home/d-lab/workspace/ros_ur_driver/install/controller_manager_msgs/include/controller_manager_msgs/srv/detail/list_controllers__builder.hpp
[1.340s] -- Up-to-date: /home/d-lab/workspace/ros_ur_driver/install/controller_manager_msgs/include/controller_manager_msgs/srv/list_controller_types.hpp
[1.340s] -- Up-to-date: /home/d-lab/workspace/ros_ur_driver/install/controller_manager_msgs/include/controller_manager_msgs/srv/unload_controller.hpp
[1.340s] -- Up-to-date: /home/d-lab/workspace/ros_ur_driver/install/controller_manager_msgs/include/controller_manager_msgs/msg
[1.340s] -- Up-to-date: /home/d-lab/workspace/ros_ur_driver/install/controller_manager_msgs/include/controller_manager_msgs/msg/hardware_interface.hpp
[1.340s] -- Up-to-date: /home/d-lab/workspace/ros_ur_driver/install/controller_manager_msgs/include/controller_manager_msgs/msg/controller_state.hpp
[1.340s] -- Up-to-date: /home/d-lab/workspace/ros_ur_driver/install/controller_manager_msgs/include/controller_manager_msgs/msg/detail
[1.340s] -- Up-to-date: /home/d-lab/workspace/ros_ur_driver/install/controller_manager_msgs/include/controller_manager_msgs/msg/detail/hardware_interface__struct.hpp
[1.340s] -- Up-to-date: /home/d-lab/workspace/ros_ur_driver/install/controller_manager_msgs/include/controller_manager_msgs/msg/detail/controller_state__traits.hpp
[1.340s] -- Up-to-date: /home/d-lab/workspace/ros_ur_driver/install/controller_manager_msgs/include/controller_manager_msgs/msg/detail/controller_state__struct.hpp
[1.341s] -- Up-to-date: /home/d-lab/workspace/ros_ur_driver/install/controller_manager_msgs/include/controller_manager_msgs/msg/detail/hardware_interface__builder.hpp
[1.341s] -- Up-to-date: /home/d-lab/workspace/ros_ur_driver/install/controller_manager_msgs/include/controller_manager_msgs/msg/detail/controller_state__builder.hpp
[1.341s] -- Up-to-date: /home/d-lab/workspace/ros_ur_driver/install/controller_manager_msgs/include/controller_manager_msgs/msg/detail/hardware_interface__traits.hpp
[1.341s] -- Up-to-date: /home/d-lab/workspace/ros_ur_driver/install/controller_manager_msgs/include/controller_manager_msgs
[1.341s] -- Up-to-date: /home/d-lab/workspace/ros_ur_driver/install/controller_manager_msgs/include/controller_manager_msgs/srv
[1.341s] -- Up-to-date: /home/d-lab/workspace/ros_ur_driver/install/controller_manager_msgs/include/controller_manager_msgs/srv/detail
[1.341s] -- Up-to-date: /home/d-lab/workspace/ros_ur_driver/install/controller_manager_msgs/include/controller_manager_msgs/srv/detail/unload_controller__rosidl_typesupport_introspection_cpp.hpp
[1.341s] -- Up-to-date: /home/d-lab/workspace/ros_ur_driver/install/controller_manager_msgs/include/controller_manager_msgs/srv/detail/reload_controller_libraries__type_support.cpp
[1.341s] -- Up-to-date: /home/d-lab/workspace/ros_ur_driver/install/controller_manager_msgs/include/controller_manager_msgs/srv/detail/switch_controller__type_support.cpp
[1.341s] -- Up-to-date: /home/d-lab/workspace/ros_ur_driver/install/controller_manager_msgs/include/controller_manager_msgs/srv/detail/configure_start_controller__rosidl_typesupport_introspection_cpp.hpp
[1.342s] -- Up-to-date: /home/d-lab/workspace/ros_ur_driver/install/controller_manager_msgs/include/controller_manager_msgs/srv/detail/load_start_controller__type_support.cpp
[1.342s] -- Up-to-date: /home/d-lab/workspace/ros_ur_driver/install/controller_manager_msgs/include/controller_manager_msgs/srv/detail/load_controller__type_support.cpp
[1.342s] -- Up-to-date: /home/d-lab/workspace/ros_ur_driver/install/controller_manager_msgs/include/controller_manager_msgs/srv/detail/configure_controller__rosidl_typesupport_introspection_cpp.hpp
[1.342s] -- Up-to-date: /home/d-lab/workspace/ros_ur_driver/install/controller_manager_msgs/include/controller_manager_msgs/srv/detail/list_controllers__type_support.cpp
[1.342s] -- Up-to-date: /home/d-lab/workspace/ros_ur_driver/install/controller_manager_msgs/include/controller_manager_msgs/srv/detail/list_controller_types__rosidl_typesupport_introspection_cpp.hpp
[1.342s] -- Up-to-date: /home/d-lab/workspace/ros_ur_driver/install/controller_manager_msgs/include/controller_manager_msgs/srv/detail/load_controller__rosidl_typesupport_introspection_cpp.hpp
[1.342s] -- Up-to-date: /home/d-lab/workspace/ros_ur_driver/install/controller_manager_msgs/include/controller_manager_msgs/srv/detail/configure_controller__type_support.cpp
[1.342s] -- Up-to-date: /home/d-lab/workspace/ros_ur_driver/install/controller_manager_msgs/include/controller_manager_msgs/srv/detail/switch_controller__rosidl_typesupport_introspection_cpp.hpp
[1.342s] -- Up-to-date: /home/d-lab/workspace/ros_ur_driver/install/controller_manager_msgs/include/controller_manager_msgs/srv/detail/configure_start_controller__type_support.cpp
[1.343s] -- Up-to-date: /home/d-lab/workspace/ros_ur_driver/install/controller_manager_msgs/include/controller_manager_msgs/srv/detail/load_configure_controller__type_support.cpp
[1.343s] -- Up-to-date: /home/d-lab/workspace/ros_ur_driver/install/controller_manager_msgs/include/controller_manager_msgs/srv/detail/list_controllers__rosidl_typesupport_introspection_cpp.hpp
[1.343s] -- Up-to-date: /home/d-lab/workspace/ros_ur_driver/install/controller_manager_msgs/include/controller_manager_msgs/srv/detail/list_hardware_interfaces__type_support.cpp
[1.343s] -- Up-to-date: /home/d-lab/workspace/ros_ur_driver/install/controller_manager_msgs/include/controller_manager_msgs/srv/detail/unload_controller__type_support.cpp
[1.343s] -- Up-to-date: /home/d-lab/workspace/ros_ur_driver/install/controller_manager_msgs/include/controller_manager_msgs/srv/detail/list_controller_types__type_support.cpp
[1.343s] -- Up-to-date: /home/d-lab/workspace/ros_ur_driver/install/controller_manager_msgs/include/controller_manager_msgs/srv/detail/reload_controller_libraries__rosidl_typesupport_introspection_cpp.hpp
[1.343s] -- Up-to-date: /home/d-lab/workspace/ros_ur_driver/install/controller_manager_msgs/include/controller_manager_msgs/srv/detail/list_hardware_interfaces__rosidl_typesupport_introspection_cpp.hpp
[1.343s] -- Up-to-date: /home/d-lab/workspace/ros_ur_driver/install/controller_manager_msgs/include/controller_manager_msgs/srv/detail/load_configure_controller__rosidl_typesupport_introspection_cpp.hpp
[1.343s] -- Up-to-date: /home/d-lab/workspace/ros_ur_driver/install/controller_manager_msgs/include/controller_manager_msgs/srv/detail/load_start_controller__rosidl_typesupport_introspection_cpp.hpp
[1.343s] -- Up-to-date: /home/d-lab/workspace/ros_ur_driver/install/controller_manager_msgs/include/controller_manager_msgs/msg
[1.344s] -- Up-to-date: /home/d-lab/workspace/ros_ur_driver/install/controller_manager_msgs/include/controller_manager_msgs/msg/detail
[1.344s] -- Up-to-date: /home/d-lab/workspace/ros_ur_driver/install/controller_manager_msgs/include/controller_manager_msgs/msg/detail/hardware_interface__type_support.cpp
[1.344s] -- Up-to-date: /home/d-lab/workspace/ros_ur_driver/install/controller_manager_msgs/include/controller_manager_msgs/msg/detail/controller_state__rosidl_typesupport_introspection_cpp.hpp
[1.344s] -- Up-to-date: /home/d-lab/workspace/ros_ur_driver/install/controller_manager_msgs/include/controller_manager_msgs/msg/detail/hardware_interface__rosidl_typesupport_introspection_cpp.hpp
[1.344s] -- Up-to-date: /home/d-lab/workspace/ros_ur_driver/install/controller_manager_msgs/include/controller_manager_msgs/msg/detail/controller_state__type_support.cpp
[1.345s] -- Up-to-date: /home/d-lab/workspace/ros_ur_driver/install/controller_manager_msgs/lib/libcontroller_manager_msgs__rosidl_typesupport_introspection_cpp.so
[1.345s] -- Up-to-date: /home/d-lab/workspace/ros_ur_driver/install/controller_manager_msgs/lib/libcontroller_manager_msgs__rosidl_typesupport_cpp.so
[1.345s] -- Up-to-date: /home/d-lab/workspace/ros_ur_driver/install/controller_manager_msgs/share/controller_manager_msgs/environment/pythonpath.sh
[1.345s] -- Up-to-date: /home/d-lab/workspace/ros_ur_driver/install/controller_manager_msgs/share/controller_manager_msgs/environment/pythonpath.dsv
[1.345s] -- Up-to-date: /home/d-lab/workspace/ros_ur_driver/install/controller_manager_msgs/lib/python3.8/site-packages/controller_manager_msgs/__init__.py
[1.381s] -- Up-to-date: /home/d-lab/workspace/ros_ur_driver/install/controller_manager_msgs/lib/python3.8/site-packages/controller_manager_msgs/msg
[1.381s] -- Up-to-date: /home/d-lab/workspace/ros_ur_driver/install/controller_manager_msgs/lib/python3.8/site-packages/controller_manager_msgs/msg/_hardware_interface.py
[1.382s] -- Up-to-date: /home/d-lab/workspace/ros_ur_driver/install/controller_manager_msgs/lib/python3.8/site-packages/controller_manager_msgs/msg/_hardware_interface_s.c
[1.382s] -- Up-to-date: /home/d-lab/workspace/ros_ur_driver/install/controller_manager_msgs/lib/python3.8/site-packages/controller_manager_msgs/msg/_controller_state_s.c
[1.382s] -- Up-to-date: /home/d-lab/workspace/ros_ur_driver/install/controller_manager_msgs/lib/python3.8/site-packages/controller_manager_msgs/msg/_controller_state.py
[1.382s] -- Up-to-date: /home/d-lab/workspace/ros_ur_driver/install/controller_manager_msgs/lib/python3.8/site-packages/controller_manager_msgs/msg/__init__.py
[1.382s] -- Up-to-date: /home/d-lab/workspace/ros_ur_driver/install/controller_manager_msgs/lib/python3.8/site-packages/controller_manager_msgs/srv
[1.382s] -- Up-to-date: /home/d-lab/workspace/ros_ur_driver/install/controller_manager_msgs/lib/python3.8/site-packages/controller_manager_msgs/srv/_configure_start_controller_s.c
[1.382s] -- Up-to-date: /home/d-lab/workspace/ros_ur_driver/install/controller_manager_msgs/lib/python3.8/site-packages/controller_manager_msgs/srv/_configure_controller_s.c
[1.383s] -- Up-to-date: /home/d-lab/workspace/ros_ur_driver/install/controller_manager_msgs/lib/python3.8/site-packages/controller_manager_msgs/srv/_switch_controller_s.c
[1.383s] -- Up-to-date: /home/d-lab/workspace/ros_ur_driver/install/controller_manager_msgs/lib/python3.8/site-packages/controller_manager_msgs/srv/_list_controllers_s.c
[1.383s] -- Up-to-date: /home/d-lab/workspace/ros_ur_driver/install/controller_manager_msgs/lib/python3.8/site-packages/controller_manager_msgs/srv/_list_controllers.py
[1.383s] -- Up-to-date: /home/d-lab/workspace/ros_ur_driver/install/controller_manager_msgs/lib/python3.8/site-packages/controller_manager_msgs/srv/_unload_controller_s.c
[1.383s] -- Up-to-date: /home/d-lab/workspace/ros_ur_driver/install/controller_manager_msgs/lib/python3.8/site-packages/controller_manager_msgs/srv/_reload_controller_libraries.py
[1.383s] -- Up-to-date: /home/d-lab/workspace/ros_ur_driver/install/controller_manager_msgs/lib/python3.8/site-packages/controller_manager_msgs/srv/_load_start_controller.py
[1.383s] -- Up-to-date: /home/d-lab/workspace/ros_ur_driver/install/controller_manager_msgs/lib/python3.8/site-packages/controller_manager_msgs/srv/_reload_controller_libraries_s.c
[1.383s] -- Up-to-date: /home/d-lab/workspace/ros_ur_driver/install/controller_manager_msgs/lib/python3.8/site-packages/controller_manager_msgs/srv/_load_start_controller_s.c
[1.384s] -- Up-to-date: /home/d-lab/workspace/ros_ur_driver/install/controller_manager_msgs/lib/python3.8/site-packages/controller_manager_msgs/srv/_list_hardware_interfaces_s.c
[1.384s] -- Up-to-date: /home/d-lab/workspace/ros_ur_driver/install/controller_manager_msgs/lib/python3.8/site-packages/controller_manager_msgs/srv/_unload_controller.py
[1.384s] -- Up-to-date: /home/d-lab/workspace/ros_ur_driver/install/controller_manager_msgs/lib/python3.8/site-packages/controller_manager_msgs/srv/_configure_start_controller.py
[1.384s] -- Up-to-date: /home/d-lab/workspace/ros_ur_driver/install/controller_manager_msgs/lib/python3.8/site-packages/controller_manager_msgs/srv/_load_controller_s.c
[1.384s] -- Up-to-date: /home/d-lab/workspace/ros_ur_driver/install/controller_manager_msgs/lib/python3.8/site-packages/controller_manager_msgs/srv/_switch_controller.py
[1.384s] -- Up-to-date: /home/d-lab/workspace/ros_ur_driver/install/controller_manager_msgs/lib/python3.8/site-packages/controller_manager_msgs/srv/_list_controller_types.py
[1.384s] -- Up-to-date: /home/d-lab/workspace/ros_ur_driver/install/controller_manager_msgs/lib/python3.8/site-packages/controller_manager_msgs/srv/_load_configure_controller_s.c
[1.384s] -- Up-to-date: /home/d-lab/workspace/ros_ur_driver/install/controller_manager_msgs/lib/python3.8/site-packages/controller_manager_msgs/srv/__init__.py
[1.384s] -- Up-to-date: /home/d-lab/workspace/ros_ur_driver/install/controller_manager_msgs/lib/python3.8/site-packages/controller_manager_msgs/srv/_list_controller_types_s.c
[1.384s] -- Up-to-date: /home/d-lab/workspace/ros_ur_driver/install/controller_manager_msgs/lib/python3.8/site-packages/controller_manager_msgs/srv/_load_controller.py
[1.385s] -- Up-to-date: /home/d-lab/workspace/ros_ur_driver/install/controller_manager_msgs/lib/python3.8/site-packages/controller_manager_msgs/srv/_configure_controller.py
[1.385s] -- Up-to-date: /home/d-lab/workspace/ros_ur_driver/install/controller_manager_msgs/lib/python3.8/site-packages/controller_manager_msgs/srv/_list_hardware_interfaces.py
[1.385s] -- Up-to-date: /home/d-lab/workspace/ros_ur_driver/install/controller_manager_msgs/lib/python3.8/site-packages/controller_manager_msgs/srv/_load_configure_controller.py
[1.385s] -- Up-to-date: /home/d-lab/workspace/ros_ur_driver/install/controller_manager_msgs/lib/python3.8/site-packages/controller_manager_msgs/controller_manager_msgs_s__rosidl_typesupport_fastrtps_c.cpython-38-x86_64-linux-gnu.so
[1.385s] -- Up-to-date: /home/d-lab/workspace/ros_ur_driver/install/controller_manager_msgs/lib/python3.8/site-packages/controller_manager_msgs/controller_manager_msgs_s__rosidl_typesupport_introspection_c.cpython-38-x86_64-linux-gnu.so
[1.385s] -- Up-to-date: /home/d-lab/workspace/ros_ur_driver/install/controller_manager_msgs/lib/python3.8/site-packages/controller_manager_msgs/controller_manager_msgs_s__rosidl_typesupport_c.cpython-38-x86_64-linux-gnu.so
[1.385s] -- Up-to-date: /home/d-lab/workspace/ros_ur_driver/install/controller_manager_msgs/lib/libcontroller_manager_msgs__python.so
[1.385s] -- Up-to-date: /home/d-lab/workspace/ros_ur_driver/install/controller_manager_msgs/share/controller_manager_msgs/msg/ControllerState.idl
[1.385s] -- Up-to-date: /home/d-lab/workspace/ros_ur_driver/install/controller_manager_msgs/share/controller_manager_msgs/msg/HardwareInterface.idl
[1.385s] -- Up-to-date: /home/d-lab/workspace/ros_ur_driver/install/controller_manager_msgs/share/controller_manager_msgs/srv/ConfigureController.idl
[1.386s] -- Up-to-date: /home/d-lab/workspace/ros_ur_driver/install/controller_manager_msgs/share/controller_manager_msgs/srv/ConfigureStartController.idl
[1.386s] -- Up-to-date: /home/d-lab/workspace/ros_ur_driver/install/controller_manager_msgs/share/controller_manager_msgs/srv/ListControllers.idl
[1.386s] -- Up-to-date: /home/d-lab/workspace/ros_ur_driver/install/controller_manager_msgs/share/controller_manager_msgs/srv/ListControllerTypes.idl
[1.386s] -- Up-to-date: /home/d-lab/workspace/ros_ur_driver/install/controller_manager_msgs/share/controller_manager_msgs/srv/ListHardwareInterfaces.idl
[1.387s] -- Up-to-date: /home/d-lab/workspace/ros_ur_driver/install/controller_manager_msgs/share/controller_manager_msgs/srv/LoadConfigureController.idl
[1.387s] -- Up-to-date: /home/d-lab/workspace/ros_ur_driver/install/controller_manager_msgs/share/controller_manager_msgs/srv/LoadController.idl
[1.387s] -- Up-to-date: /home/d-lab/workspace/ros_ur_driver/install/controller_manager_msgs/share/controller_manager_msgs/srv/LoadStartController.idl
[1.387s] -- Up-to-date: /home/d-lab/workspace/ros_ur_driver/install/controller_manager_msgs/share/controller_manager_msgs/srv/ReloadControllerLibraries.idl
[1.387s] -- Up-to-date: /home/d-lab/workspace/ros_ur_driver/install/controller_manager_msgs/share/controller_manager_msgs/srv/SwitchController.idl
[1.388s] -- Up-to-date: /home/d-lab/workspace/ros_ur_driver/install/controller_manager_msgs/share/controller_manager_msgs/srv/UnloadController.idl
[1.388s] -- Up-to-date: /home/d-lab/workspace/ros_ur_driver/install/controller_manager_msgs/share/controller_manager_msgs/msg/ControllerState.msg
[1.388s] -- Up-to-date: /home/d-lab/workspace/ros_ur_driver/install/controller_manager_msgs/share/controller_manager_msgs/msg/HardwareInterface.msg
[1.388s] -- Up-to-date: /home/d-lab/workspace/ros_ur_driver/install/controller_manager_msgs/share/controller_manager_msgs/srv/ConfigureController.srv
[1.388s] -- Up-to-date: /home/d-lab/workspace/ros_ur_driver/install/controller_manager_msgs/share/controller_manager_msgs/srv/ConfigureController_Request.msg
[1.391s] -- Up-to-date: /home/d-lab/workspace/ros_ur_driver/install/controller_manager_msgs/share/controller_manager_msgs/srv/ConfigureController_Response.msg
[1.391s] -- Up-to-date: /home/d-lab/workspace/ros_ur_driver/install/controller_manager_msgs/share/controller_manager_msgs/srv/ConfigureStartController.srv
[1.391s] -- Up-to-date: /home/d-lab/workspace/ros_ur_driver/install/controller_manager_msgs/share/controller_manager_msgs/srv/ConfigureStartController_Request.msg
[1.391s] -- Up-to-date: /home/d-lab/workspace/ros_ur_driver/install/controller_manager_msgs/share/controller_manager_msgs/srv/ConfigureStartController_Response.msg
[1.391s] -- Up-to-date: /home/d-lab/workspace/ros_ur_driver/install/controller_manager_msgs/share/controller_manager_msgs/srv/ListControllers.srv
[1.392s] -- Up-to-date: /home/d-lab/workspace/ros_ur_driver/install/controller_manager_msgs/share/controller_manager_msgs/srv/ListControllers_Request.msg
[1.392s] -- Up-to-date: /home/d-lab/workspace/ros_ur_driver/install/controller_manager_msgs/share/controller_manager_msgs/srv/ListControllers_Response.msg
[1.394s] -- Up-to-date: /home/d-lab/workspace/ros_ur_driver/install/controller_manager_msgs/share/controller_manager_msgs/srv/ListControllerTypes.srv
[1.397s] -- Up-to-date: /home/d-lab/workspace/ros_ur_driver/install/controller_manager_msgs/share/controller_manager_msgs/srv/ListControllerTypes_Request.msg
[1.398s] -- Up-to-date: /home/d-lab/workspace/ros_ur_driver/install/controller_manager_msgs/share/controller_manager_msgs/srv/ListControllerTypes_Response.msg
[1.398s] -- Up-to-date: /home/d-lab/workspace/ros_ur_driver/install/controller_manager_msgs/share/controller_manager_msgs/srv/ListHardwareInterfaces.srv
[1.398s] -- Up-to-date: /home/d-lab/workspace/ros_ur_driver/install/controller_manager_msgs/share/controller_manager_msgs/srv/ListHardwareInterfaces_Request.msg
[1.398s] -- Up-to-date: /home/d-lab/workspace/ros_ur_driver/install/controller_manager_msgs/share/controller_manager_msgs/srv/ListHardwareInterfaces_Response.msg
[1.398s] -- Up-to-date: /home/d-lab/workspace/ros_ur_driver/install/controller_manager_msgs/share/controller_manager_msgs/srv/LoadConfigureController.srv
[1.398s] -- Up-to-date: /home/d-lab/workspace/ros_ur_driver/install/controller_manager_msgs/share/controller_manager_msgs/srv/LoadConfigureController_Request.msg
[1.399s] -- Up-to-date: /home/d-lab/workspace/ros_ur_driver/install/controller_manager_msgs/share/controller_manager_msgs/srv/LoadConfigureController_Response.msg
[1.399s] -- Up-to-date: /home/d-lab/workspace/ros_ur_driver/install/controller_manager_msgs/share/controller_manager_msgs/srv/LoadController.srv
[1.401s] -- Up-to-date: /home/d-lab/workspace/ros_ur_driver/install/controller_manager_msgs/share/controller_manager_msgs/srv/LoadController_Request.msg
[1.403s] -- Up-to-date: /home/d-lab/workspace/ros_ur_driver/install/controller_manager_msgs/share/controller_manager_msgs/srv/LoadController_Response.msg
[1.404s] -- Up-to-date: /home/d-lab/workspace/ros_ur_driver/install/controller_manager_msgs/share/controller_manager_msgs/srv/LoadStartController.srv
[1.404s] -- Up-to-date: /home/d-lab/workspace/ros_ur_driver/install/controller_manager_msgs/share/controller_manager_msgs/srv/LoadStartController_Request.msg
[1.404s] -- Up-to-date: /home/d-lab/workspace/ros_ur_driver/install/controller_manager_msgs/share/controller_manager_msgs/srv/LoadStartController_Response.msg
[1.405s] -- Up-to-date: /home/d-lab/workspace/ros_ur_driver/install/controller_manager_msgs/share/controller_manager_msgs/srv/ReloadControllerLibraries.srv
[1.405s] -- Up-to-date: /home/d-lab/workspace/ros_ur_driver/install/controller_manager_msgs/share/controller_manager_msgs/srv/ReloadControllerLibraries_Request.msg
[1.405s] -- Up-to-date: /home/d-lab/workspace/ros_ur_driver/install/controller_manager_msgs/share/controller_manager_msgs/srv/ReloadControllerLibraries_Response.msg
[1.405s] -- Up-to-date: /home/d-lab/workspace/ros_ur_driver/install/controller_manager_msgs/share/controller_manager_msgs/srv/SwitchController.srv
[1.405s] -- Up-to-date: /home/d-lab/workspace/ros_ur_driver/install/controller_manager_msgs/share/controller_manager_msgs/srv/SwitchController_Request.msg
[1.405s] -- Up-to-date: /home/d-lab/workspace/ros_ur_driver/install/controller_manager_msgs/share/controller_manager_msgs/srv/SwitchController_Response.msg
[1.406s] -- Up-to-date: /home/d-lab/workspace/ros_ur_driver/install/controller_manager_msgs/share/controller_manager_msgs/srv/UnloadController.srv
[1.406s] -- Up-to-date: /home/d-lab/workspace/ros_ur_driver/install/controller_manager_msgs/share/controller_manager_msgs/srv/UnloadController_Request.msg
[1.406s] -- Up-to-date: /home/d-lab/workspace/ros_ur_driver/install/controller_manager_msgs/share/controller_manager_msgs/srv/UnloadController_Response.msg
[1.406s] -- Up-to-date: /home/d-lab/workspace/ros_ur_driver/install/controller_manager_msgs/share/ament_index/resource_index/package_run_dependencies/controller_manager_msgs
[1.406s] -- Up-to-date: /home/d-lab/workspace/ros_ur_driver/install/controller_manager_msgs/share/ament_index/resource_index/parent_prefix_path/controller_manager_msgs
[1.406s] -- Up-to-date: /home/d-lab/workspace/ros_ur_driver/install/controller_manager_msgs/share/controller_manager_msgs/environment/ament_prefix_path.sh
[1.406s] -- Up-to-date: /home/d-lab/workspace/ros_ur_driver/install/controller_manager_msgs/share/controller_manager_msgs/environment/ament_prefix_path.dsv
[1.407s] -- Up-to-date: /home/d-lab/workspace/ros_ur_driver/install/controller_manager_msgs/share/controller_manager_msgs/environment/path.sh
[1.407s] -- Up-to-date: /home/d-lab/workspace/ros_ur_driver/install/controller_manager_msgs/share/controller_manager_msgs/environment/path.dsv
[1.407s] -- Up-to-date: /home/d-lab/workspace/ros_ur_driver/install/controller_manager_msgs/share/controller_manager_msgs/local_setup.bash
[1.407s] -- Up-to-date: /home/d-lab/workspace/ros_ur_driver/install/controller_manager_msgs/share/controller_manager_msgs/local_setup.sh
[1.407s] -- Up-to-date: /home/d-lab/workspace/ros_ur_driver/install/controller_manager_msgs/share/controller_manager_msgs/local_setup.zsh
[1.408s] -- Up-to-date: /home/d-lab/workspace/ros_ur_driver/install/controller_manager_msgs/share/controller_manager_msgs/local_setup.dsv
[1.408s] -- Installing: /home/d-lab/workspace/ros_ur_driver/install/controller_manager_msgs/share/controller_manager_msgs/package.dsv
[1.408s] -- Up-to-date: /home/d-lab/workspace/ros_ur_driver/install/controller_manager_msgs/share/ament_index/resource_index/packages/controller_manager_msgs
[1.408s] -- Up-to-date: /home/d-lab/workspace/ros_ur_driver/install/controller_manager_msgs/share/controller_manager_msgs/cmake/controller_manager_msgs__rosidl_generator_cExport.cmake
[1.408s] -- Up-to-date: /home/d-lab/workspace/ros_ur_driver/install/controller_manager_msgs/share/controller_manager_msgs/cmake/controller_manager_msgs__rosidl_generator_cExport-release.cmake
[1.409s] -- Up-to-date: /home/d-lab/workspace/ros_ur_driver/install/controller_manager_msgs/share/controller_manager_msgs/cmake/controller_manager_msgs__rosidl_typesupport_introspection_cExport.cmake
[1.409s] -- Up-to-date: /home/d-lab/workspace/ros_ur_driver/install/controller_manager_msgs/share/controller_manager_msgs/cmake/controller_manager_msgs__rosidl_typesupport_introspection_cExport-release.cmake
[1.409s] -- Up-to-date: /home/d-lab/workspace/ros_ur_driver/install/controller_manager_msgs/share/controller_manager_msgs/cmake/controller_manager_msgs__rosidl_typesupport_cExport.cmake
[1.409s] -- Up-to-date: /home/d-lab/workspace/ros_ur_driver/install/controller_manager_msgs/share/controller_manager_msgs/cmake/controller_manager_msgs__rosidl_typesupport_cExport-release.cmake
[1.409s] -- Up-to-date: /home/d-lab/workspace/ros_ur_driver/install/controller_manager_msgs/share/controller_manager_msgs/cmake/controller_manager_msgs__rosidl_generator_cppExport.cmake
[1.409s] -- Up-to-date: /home/d-lab/workspace/ros_ur_driver/install/controller_manager_msgs/share/controller_manager_msgs/cmake/controller_manager_msgs__rosidl_typesupport_introspection_cppExport.cmake
[1.409s] -- Up-to-date: /home/d-lab/workspace/ros_ur_driver/install/controller_manager_msgs/share/controller_manager_msgs/cmake/controller_manager_msgs__rosidl_typesupport_introspection_cppExport-release.cmake
[1.410s] -- Up-to-date: /home/d-lab/workspace/ros_ur_driver/install/controller_manager_msgs/share/controller_manager_msgs/cmake/controller_manager_msgs__rosidl_typesupport_cppExport.cmake
[1.411s] -- Up-to-date: /home/d-lab/workspace/ros_ur_driver/install/controller_manager_msgs/share/controller_manager_msgs/cmake/controller_manager_msgs__rosidl_typesupport_cppExport-release.cmake
[1.411s] -- Up-to-date: /home/d-lab/workspace/ros_ur_driver/install/controller_manager_msgs/share/controller_manager_msgs/cmake/rosidl_cmake-extras.cmake
[1.411s] -- Up-to-date: /home/d-lab/workspace/ros_ur_driver/install/controller_manager_msgs/share/controller_manager_msgs/cmake/ament_cmake_export_dependencies-extras.cmake
[1.412s] -- Up-to-date: /home/d-lab/workspace/ros_ur_driver/install/controller_manager_msgs/share/controller_manager_msgs/cmake/ament_cmake_export_libraries-extras.cmake
[1.412s] -- Up-to-date: /home/d-lab/workspace/ros_ur_driver/install/controller_manager_msgs/share/controller_manager_msgs/cmake/ament_cmake_export_targets-extras.cmake
[1.412s] -- Up-to-date: /home/d-lab/workspace/ros_ur_driver/install/controller_manager_msgs/share/controller_manager_msgs/cmake/ament_cmake_export_include_directories-extras.cmake
[1.413s] -- Up-to-date: /home/d-lab/workspace/ros_ur_driver/install/controller_manager_msgs/share/controller_manager_msgs/cmake/rosidl_cmake_export_typesupport_libraries-extras.cmake
[1.413s] -- Up-to-date: /home/d-lab/workspace/ros_ur_driver/install/controller_manager_msgs/share/controller_manager_msgs/cmake/rosidl_cmake_export_typesupport_targets-extras.cmake
[1.413s] -- Up-to-date: /home/d-lab/workspace/ros_ur_driver/install/controller_manager_msgs/share/controller_manager_msgs/cmake/controller_manager_msgsConfig.cmake
[1.414s] -- Up-to-date: /home/d-lab/workspace/ros_ur_driver/install/controller_manager_msgs/share/controller_manager_msgs/cmake/controller_manager_msgsConfig-version.cmake
[1.415s] -- Up-to-date: /home/d-lab/workspace/ros_ur_driver/install/controller_manager_msgs/share/controller_manager_msgs/package.xml
[1.417s] Invoked command in '/home/d-lab/workspace/ros_ur_driver/build/controller_manager_msgs' returned '0': CMAKE_PREFIX_PATH=${CMAKE_PREFIX_PATH}:/home/d-lab/workspace/ros_ur_driver/install/ros2controlcli:/home/d-lab/workspace/ros_ur_driver/install/ros2_control_test_nodes:/opt/ros/foxy /usr/bin/cmake --install /home/d-lab/workspace/ros_ur_driver/build/controller_manager_msgs
