[0.076s] Invoking command in '/home/d-lab/workspace/ros_ur_driver/build/warehouse_ros_mongo': CMAKE_PREFIX_PATH=/home/d-lab/workspace/ros_ur_driver/install/ros2controlcli:/home/d-lab/workspace/ros_ur_driver/install/ros2_control_test_nodes:/opt/ros/foxy:${CMAKE_PREFIX_PATH} /usr/bin/cmake --build /home/d-lab/workspace/ros_ur_driver/build/warehouse_ros_mongo -- -j16 -l16
[0.267s] [ 20%] Built target gtest
[0.267s] [ 40%] Built target gtest_main
[0.267s] [ 80%] Built target warehouse_ros_mongo
[0.267s] [100%] Built target test_warehouse_ros_mongo_cpp
[0.288s] Invoked command in '/home/d-lab/workspace/ros_ur_driver/build/warehouse_ros_mongo' returned '0': CMAKE_PREFIX_PATH=/home/d-lab/workspace/ros_ur_driver/install/ros2controlcli:/home/d-lab/workspace/ros_ur_driver/install/ros2_control_test_nodes:/opt/ros/foxy:${CMAKE_PREFIX_PATH} /usr/bin/cmake --build /home/d-lab/workspace/ros_ur_driver/build/warehouse_ros_mongo -- -j16 -l16
[0.421s] Invoking command in '/home/d-lab/workspace/ros_ur_driver/build/warehouse_ros_mongo': CMAKE_PREFIX_PATH=/home/d-lab/workspace/ros_ur_driver/install/ros2controlcli:/home/d-lab/workspace/ros_ur_driver/install/ros2_control_test_nodes:/opt/ros/foxy:${CMAKE_PREFIX_PATH} /usr/bin/cmake --install /home/d-lab/workspace/ros_ur_driver/build/warehouse_ros_mongo
[0.491s] -- Install configuration: "Release"
[0.492s] -- Up-to-date: /home/d-lab/workspace/ros_ur_driver/install/warehouse_ros_mongo/share/warehouse_ros_mongo/environment/pythonpath.sh
[0.492s] -- Up-to-date: /home/d-lab/workspace/ros_ur_driver/install/warehouse_ros_mongo/share/warehouse_ros_mongo/environment/pythonpath.dsv
[0.492s] -- Up-to-date: /home/d-lab/workspace/ros_ur_driver/install/warehouse_ros_mongo/lib/python3.8/site-packages/warehouse_ros_mongo
[0.492s] -- Up-to-date: /home/d-lab/workspace/ros_ur_driver/install/warehouse_ros_mongo/lib/python3.8/site-packages/warehouse_ros_mongo/mongo_wrapper_ros.py
[0.492s] -- Up-to-date: /home/d-lab/workspace/ros_ur_driver/install/warehouse_ros_mongo/lib/python3.8/site-packages/warehouse_ros_mongo/__init__.py
[0.492s] Listing '/home/d-lab/workspace/ros_ur_driver/install/warehouse_ros_mongo/lib/python3.8/site-packages/warehouse_ros_mongo'...
[0.492s] -- Up-to-date: /home/d-lab/workspace/ros_ur_driver/install/warehouse_ros_mongo/lib/warehouse_ros_mongo/mongo_wrapper_ros.py
[0.493s] -- Up-to-date: /home/d-lab/workspace/ros_ur_driver/install/warehouse_ros_mongo/include
[0.493s] -- Up-to-date: /home/d-lab/workspace/ros_ur_driver/install/warehouse_ros_mongo/include/message_collection.h
[0.493s] -- Up-to-date: /home/d-lab/workspace/ros_ur_driver/install/warehouse_ros_mongo/include/metadata.h
[0.493s] -- Up-to-date: /home/d-lab/workspace/ros_ur_driver/install/warehouse_ros_mongo/include/query_results.h
[0.493s] -- Up-to-date: /home/d-lab/workspace/ros_ur_driver/install/warehouse_ros_mongo/include/database_connection.h
[0.494s] -- Up-to-date: /home/d-lab/workspace/ros_ur_driver/install/warehouse_ros_mongo/include/warehouse_ros_mongo/config.h
[0.496s] -- Up-to-date: /home/d-lab/workspace/ros_ur_driver/install/warehouse_ros_mongo/share/warehouse_ros_mongo/warehouse_ros_mongo.launch.py
[0.497s] -- Up-to-date: /home/d-lab/workspace/ros_ur_driver/install/warehouse_ros_mongo/share/warehouse_ros_mongo/cmake/FindMONGODB.cmake
[0.497s] -- Up-to-date: /home/d-lab/workspace/ros_ur_driver/install/warehouse_ros_mongo/lib/libwarehouse_ros_mongo.so
[0.497s] -- Up-to-date: /home/d-lab/workspace/ros_ur_driver/install/warehouse_ros_mongo/share/warehouse_ros_mongo/environment/library_path.sh
[0.497s] -- Up-to-date: /home/d-lab/workspace/ros_ur_driver/install/warehouse_ros_mongo/share/warehouse_ros_mongo/environment/library_path.dsv
[0.497s] -- Up-to-date: /home/d-lab/workspace/ros_ur_driver/install/warehouse_ros_mongo/share/warehouse_ros_mongo/mongo_database_connection_plugin_description.xml
[0.498s] -- Up-to-date: /home/d-lab/workspace/ros_ur_driver/install/warehouse_ros_mongo/share/ament_index/resource_index/package_run_dependencies/warehouse_ros_mongo
[0.498s] -- Up-to-date: /home/d-lab/workspace/ros_ur_driver/install/warehouse_ros_mongo/share/ament_index/resource_index/parent_prefix_path/warehouse_ros_mongo
[0.498s] -- Up-to-date: /home/d-lab/workspace/ros_ur_driver/install/warehouse_ros_mongo/share/warehouse_ros_mongo/environment/ament_prefix_path.sh
[0.498s] -- Up-to-date: /home/d-lab/workspace/ros_ur_driver/install/warehouse_ros_mongo/share/warehouse_ros_mongo/environment/ament_prefix_path.dsv
[0.498s] -- Up-to-date: /home/d-lab/workspace/ros_ur_driver/install/warehouse_ros_mongo/share/warehouse_ros_mongo/environment/path.sh
[0.498s] -- Up-to-date: /home/d-lab/workspace/ros_ur_driver/install/warehouse_ros_mongo/share/warehouse_ros_mongo/environment/path.dsv
[0.498s] -- Up-to-date: /home/d-lab/workspace/ros_ur_driver/install/warehouse_ros_mongo/share/warehouse_ros_mongo/local_setup.bash
[0.499s] -- Up-to-date: /home/d-lab/workspace/ros_ur_driver/install/warehouse_ros_mongo/share/warehouse_ros_mongo/local_setup.sh
[0.499s] -- Up-to-date: /home/d-lab/workspace/ros_ur_driver/install/warehouse_ros_mongo/share/warehouse_ros_mongo/local_setup.zsh
[0.499s] -- Up-to-date: /home/d-lab/workspace/ros_ur_driver/install/warehouse_ros_mongo/share/warehouse_ros_mongo/local_setup.dsv
[0.500s] -- Installing: /home/d-lab/workspace/ros_ur_driver/install/warehouse_ros_mongo/share/warehouse_ros_mongo/package.dsv
[0.501s] -- Up-to-date: /home/d-lab/workspace/ros_ur_driver/install/warehouse_ros_mongo/share/ament_index/resource_index/packages/warehouse_ros_mongo
[0.501s] -- Up-to-date: /home/d-lab/workspace/ros_ur_driver/install/warehouse_ros_mongo/share/ament_index/resource_index/warehouse_ros__pluginlib__plugin/warehouse_ros_mongo
[0.501s] -- Up-to-date: /home/d-lab/workspace/ros_ur_driver/install/warehouse_ros_mongo/share/warehouse_ros_mongo/cmake/export_warehouse_ros_mongoExport.cmake
[0.501s] -- Up-to-date: /home/d-lab/workspace/ros_ur_driver/install/warehouse_ros_mongo/share/warehouse_ros_mongo/cmake/export_warehouse_ros_mongoExport-release.cmake
[0.501s] -- Up-to-date: /home/d-lab/workspace/ros_ur_driver/install/warehouse_ros_mongo/share/warehouse_ros_mongo/cmake/ConfigExtras.cmake
[0.501s] -- Up-to-date: /home/d-lab/workspace/ros_ur_driver/install/warehouse_ros_mongo/share/warehouse_ros_mongo/cmake/ament_cmake_export_targets-extras.cmake
[0.501s] -- Up-to-date: /home/d-lab/workspace/ros_ur_driver/install/warehouse_ros_mongo/share/warehouse_ros_mongo/cmake/ament_cmake_export_dependencies-extras.cmake
[0.501s] -- Up-to-date: /home/d-lab/workspace/ros_ur_driver/install/warehouse_ros_mongo/share/warehouse_ros_mongo/cmake/warehouse_ros_mongoConfig.cmake
[0.501s] -- Up-to-date: /home/d-lab/workspace/ros_ur_driver/install/warehouse_ros_mongo/share/warehouse_ros_mongo/cmake/warehouse_ros_mongoConfig-version.cmake
[0.501s] -- Up-to-date: /home/d-lab/workspace/ros_ur_driver/install/warehouse_ros_mongo/share/warehouse_ros_mongo/package.xml
[0.529s] Invoked command in '/home/d-lab/workspace/ros_ur_driver/build/warehouse_ros_mongo' returned '0': CMAKE_PREFIX_PATH=/home/d-lab/workspace/ros_ur_driver/install/ros2controlcli:/home/d-lab/workspace/ros_ur_driver/install/ros2_control_test_nodes:/opt/ros/foxy:${CMAKE_PREFIX_PATH} /usr/bin/cmake --install /home/d-lab/workspace/ros_ur_driver/build/warehouse_ros_mongo
