[1.614s] Invoking command in '/home/d-lab/workspace/ros_ur_driver/src/robotiq/robotiq_control': PYTHONPATH=/home/d-lab/workspace/ros_ur_driver/build/robotiq_control/prefix_override:/home/d-lab/workspace/ros_ur_driver/install/robotiq_control/lib/python3.8/site-packages:${PYTHONPATH} /usr/bin/python3 setup.py egg_info --egg-base ../../../build/robotiq_control build --build-base /home/d-lab/workspace/ros_ur_driver/build/robotiq_control/build install --record /home/d-lab/workspace/ros_ur_driver/build/robotiq_control/install.log --single-version-externally-managed
[2.100s] running egg_info
[2.100s] writing ../../../build/robotiq_control/robotiq_control.egg-info/PKG-INFO
[2.100s] writing dependency_links to ../../../build/robotiq_control/robotiq_control.egg-info/dependency_links.txt
[2.100s] writing entry points to ../../../build/robotiq_control/robotiq_control.egg-info/entry_points.txt
[2.101s] writing requirements to ../../../build/robotiq_control/robotiq_control.egg-info/requires.txt
[2.101s] writing top-level names to ../../../build/robotiq_control/robotiq_control.egg-info/top_level.txt
[2.102s] reading manifest file '../../../build/robotiq_control/robotiq_control.egg-info/SOURCES.txt'
[2.102s] writing manifest file '../../../build/robotiq_control/robotiq_control.egg-info/SOURCES.txt'
[2.102s] running build
[2.102s] running build_py
[2.102s] running install
[2.102s] running install_lib
[2.103s] running install_data
[2.103s] running install_egg_info
[2.103s] removing '/home/d-lab/workspace/ros_ur_driver/install/robotiq_control/lib/python3.8/site-packages/robotiq_control-0.0.0-py3.8.egg-info' (and everything under it)
[2.103s] Copying ../../../build/robotiq_control/robotiq_control.egg-info to /home/d-lab/workspace/ros_ur_driver/install/robotiq_control/lib/python3.8/site-packages/robotiq_control-0.0.0-py3.8.egg-info
[2.104s] running install_scripts
[2.106s] Installing gripper script to /home/d-lab/workspace/ros_ur_driver/install/robotiq_control/bin
[2.106s] writing list of installed files to '/home/d-lab/workspace/ros_ur_driver/build/robotiq_control/install.log'
[2.108s] Invoked command in '/home/d-lab/workspace/ros_ur_driver/src/robotiq/robotiq_control' returned '0': PYTHONPATH=/home/d-lab/workspace/ros_ur_driver/build/robotiq_control/prefix_override:/home/d-lab/workspace/ros_ur_driver/install/robotiq_control/lib/python3.8/site-packages:${PYTHONPATH} /usr/bin/python3 setup.py egg_info --egg-base ../../../build/robotiq_control build --build-base /home/d-lab/workspace/ros_ur_driver/build/robotiq_control/build install --record /home/d-lab/workspace/ros_ur_driver/build/robotiq_control/install.log --single-version-externally-managed
