[0.256s] Invoking command in '/home/d-lab/workspace/ros_ur_driver/src/build/ur_msgs': CMAKE_PREFIX_PATH=${CMAKE_PREFIX_PATH}:/home/d-lab/workspace/ros_ur_driver/install/ros2controlcli:/home/d-lab/workspace/ros_ur_driver/install/ros2_control_test_nodes:/opt/ros/foxy /usr/bin/cmake /home/d-lab/workspace/ros_ur_driver/src/ur_msgs -DCMAKE_INSTALL_PREFIX=/home/d-lab/workspace/ros_ur_driver/src/install/ur_msgs
[0.467s] -- The C compiler identification is GNU 9.4.0
[0.467s] -- The CXX compiler identification is GNU 9.4.0
[0.468s] -- Check for working C compiler: /usr/bin/cc
[0.584s] -- Check for working C compiler: /usr/bin/cc -- works
[0.585s] -- Detecting C compiler ABI info
[0.691s] -- Detecting C compiler ABI info - done
[0.706s] -- Detecting C compile features
[0.706s] -- Detecting C compile features - done
[0.709s] -- Check for working CXX compiler: /usr/bin/c++
[0.826s] -- Check for working CXX compiler: /usr/bin/c++ -- works
[0.827s] -- Detecting CXX compiler ABI info
[0.954s] -- Detecting CXX compiler ABI info - done
[0.971s] -- Detecting CXX compile features
[0.971s] -- Detecting CXX compile features - done
[0.979s] -- Found ament_cmake: 0.9.9 (/opt/ros/foxy/share/ament_cmake/cmake)
[1.027s] -- Found PythonInterp: /usr/bin/python3 (found suitable version "3.8.10", minimum required is "3") 
[1.027s] -- Using PYTHON_EXECUTABLE: /usr/bin/python3
[1.317s] -- Found builtin_interfaces: 1.0.0 (/opt/ros/foxy/share/builtin_interfaces/cmake)
[1.389s] -- Using all available rosidl_typesupport_c: rosidl_typesupport_fastrtps_c;rosidl_typesupport_introspection_c
[1.412s] -- Found rosidl_adapter: 1.2.1 (/opt/ros/foxy/share/rosidl_adapter/cmake)
[1.583s] -- Found OpenSSL: /usr/lib/x86_64-linux-gnu/libcrypto.so (found version "1.1.1f")  
[1.639s] -- Found FastRTPS: /opt/ros/foxy/include  
[1.891s] -- Using all available rosidl_typesupport_cpp: rosidl_typesupport_fastrtps_cpp;rosidl_typesupport_introspection_cpp
[1.951s] -- Found rosidl_default_generators: 1.0.1 (/opt/ros/foxy/share/rosidl_default_generators/cmake)
[1.996s] -- Found geometry_msgs: 2.0.5 (/opt/ros/foxy/share/geometry_msgs/cmake)
[2.097s] -- Found ament_lint_auto: 0.9.6 (/opt/ros/foxy/share/ament_lint_auto/cmake)
[2.307s] -- Found PythonInterp: /usr/bin/python3 (found version "3.8.10") 
[2.664s] -- Found ament_cmake_ros: 0.9.2 (/opt/ros/foxy/share/ament_cmake_ros/cmake)
[3.249s] -- Using all available rosidl_typesupport_c: rosidl_typesupport_fastrtps_c;rosidl_typesupport_introspection_c
[3.453s] -- Using all available rosidl_typesupport_cpp: rosidl_typesupport_fastrtps_cpp;rosidl_typesupport_introspection_cpp
[3.525s] -- Found PythonInterp: /usr/bin/python3 (found suitable version "3.8.10", minimum required is "3.5") 
[3.531s] -- Found python_cmake_module: 0.8.1 (/opt/ros/foxy/share/python_cmake_module/cmake)
[3.574s] -- Found PythonLibs: /usr/lib/x86_64-linux-gnu/libpython3.8.so (found suitable version "3.8.10", minimum required is "3.5") 
[3.574s] -- Using PYTHON_EXECUTABLE: /usr/bin/python3
[3.582s] -- Using PYTHON_INCLUDE_DIRS: /usr/include/python3.8
[3.582s] -- Using PYTHON_LIBRARIES: /usr/lib/x86_64-linux-gnu/libpython3.8.so
[3.634s] -- Found PythonExtra: .so  
[3.841s] -- Added test 'copyright' to check source files copyright and LICENSE
[3.850s] -- Added test 'lint_cmake' to check CMake code style
[3.855s] -- Added test 'xmllint' to check XML markup files
[3.866s] -- Configuring done
[3.971s] -- Generating done
[3.976s] -- Build files have been written to: /home/d-lab/workspace/ros_ur_driver/src/build/ur_msgs
[3.990s] Invoked command in '/home/d-lab/workspace/ros_ur_driver/src/build/ur_msgs' returned '0': CMAKE_PREFIX_PATH=${CMAKE_PREFIX_PATH}:/home/d-lab/workspace/ros_ur_driver/install/ros2controlcli:/home/d-lab/workspace/ros_ur_driver/install/ros2_control_test_nodes:/opt/ros/foxy /usr/bin/cmake /home/d-lab/workspace/ros_ur_driver/src/ur_msgs -DCMAKE_INSTALL_PREFIX=/home/d-lab/workspace/ros_ur_driver/src/install/ur_msgs
[3.994s] Invoking command in '/home/d-lab/workspace/ros_ur_driver/src/build/ur_msgs': CMAKE_PREFIX_PATH=${CMAKE_PREFIX_PATH}:/home/d-lab/workspace/ros_ur_driver/install/ros2controlcli:/home/d-lab/workspace/ros_ur_driver/install/ros2_control_test_nodes:/opt/ros/foxy /usr/bin/cmake --build /home/d-lab/workspace/ros_ur_driver/src/build/ur_msgs -- -j16 -l16
[4.112s] [35m[1mScanning dependencies of target ur_msgs__cpp[0m
[4.123s] [  1%] [34m[1mGenerating C code for ROS interfaces[0m
[4.146s] [  1%] [34m[1mGenerating C++ code for ROS interfaces[0m
[6.432s] [35m[1mScanning dependencies of target ur_msgs__rosidl_generator_c[0m
[6.448s] [  1%] Built target ur_msgs__cpp
[6.512s] [  2%] [32mBuilding C object CMakeFiles/ur_msgs__rosidl_generator_c.dir/rosidl_generator_c/ur_msgs/msg/detail/analog__functions.c.o[0m
[6.520s] [  3%] [32mBuilding C object CMakeFiles/ur_msgs__rosidl_generator_c.dir/rosidl_generator_c/ur_msgs/msg/detail/digital__functions.c.o[0m
[6.522s] [  4%] [34m[1mGenerating C++ introspection for ROS interfaces[0m
[6.535s] [  5%] [34m[1mGenerating C++ type support for eProsima Fast-RTPS[0m
[6.536s] [  6%] [32mBuilding C object CMakeFiles/ur_msgs__rosidl_generator_c.dir/rosidl_generator_c/ur_msgs/msg/detail/io_states__functions.c.o[0m
[6.551s] [  7%] [32mBuilding C object CMakeFiles/ur_msgs__rosidl_generator_c.dir/rosidl_generator_c/ur_msgs/msg/detail/robot_state_rt_msg__functions.c.o[0m
[6.563s] [  8%] [34m[1mGenerating C++ type support dispatch for ROS interfaces[0m
[6.658s] [ 10%] [32mBuilding C object CMakeFiles/ur_msgs__rosidl_generator_c.dir/rosidl_generator_c/ur_msgs/msg/detail/robot_mode_data_msg__functions.c.o[0m
[6.658s] [ 10%] [32mBuilding C object CMakeFiles/ur_msgs__rosidl_generator_c.dir/rosidl_generator_c/ur_msgs/msg/detail/masterboard_data_msg__functions.c.o[0m
[6.685s] [ 11%] [32mBuilding C object CMakeFiles/ur_msgs__rosidl_generator_c.dir/rosidl_generator_c/ur_msgs/msg/detail/tool_data_msg__functions.c.o[0m
[6.690s] [ 12%] [32mBuilding C object CMakeFiles/ur_msgs__rosidl_generator_c.dir/rosidl_generator_c/ur_msgs/srv/detail/set_payload__functions.c.o[0m
[6.704s] [ 13%] [32mBuilding C object CMakeFiles/ur_msgs__rosidl_generator_c.dir/rosidl_generator_c/ur_msgs/srv/detail/set_io__functions.c.o[0m
[6.707s] [ 14%] [32mBuilding C object CMakeFiles/ur_msgs__rosidl_generator_c.dir/rosidl_generator_c/ur_msgs/srv/detail/set_speed_slider_fraction__functions.c.o[0m
[6.915s] [ 15%] [32m[1mLinking C shared library libur_msgs__rosidl_generator_c.so[0m
[7.095s] [ 15%] Built target ur_msgs__rosidl_generator_c
[7.140s] [ 16%] [34m[1mGenerating C type support dispatch for ROS interfaces[0m
[7.147s] [ 17%] [34m[1mGenerating C introspection for ROS interfaces[0m
[8.495s] [35m[1mScanning dependencies of target ur_msgs__rosidl_typesupport_cpp[0m
[8.597s] [ 18%] [32mBuilding CXX object CMakeFiles/ur_msgs__rosidl_typesupport_cpp.dir/rosidl_typesupport_cpp/ur_msgs/msg/analog__type_support.cpp.o[0m
[8.606s] [ 19%] [32mBuilding CXX object CMakeFiles/ur_msgs__rosidl_typesupport_cpp.dir/rosidl_typesupport_cpp/ur_msgs/msg/digital__type_support.cpp.o[0m
[8.648s] [ 20%] [32mBuilding CXX object CMakeFiles/ur_msgs__rosidl_typesupport_cpp.dir/rosidl_typesupport_cpp/ur_msgs/msg/io_states__type_support.cpp.o[0m
[8.699s] [ 21%] [32mBuilding CXX object CMakeFiles/ur_msgs__rosidl_typesupport_cpp.dir/rosidl_typesupport_cpp/ur_msgs/msg/robot_state_rt_msg__type_support.cpp.o[0m
[8.710s] [ 22%] [32mBuilding CXX object CMakeFiles/ur_msgs__rosidl_typesupport_cpp.dir/rosidl_typesupport_cpp/ur_msgs/msg/robot_mode_data_msg__type_support.cpp.o[0m
[8.727s] [ 23%] [32mBuilding CXX object CMakeFiles/ur_msgs__rosidl_typesupport_cpp.dir/rosidl_typesupport_cpp/ur_msgs/msg/masterboard_data_msg__type_support.cpp.o[0m
[8.780s] [ 24%] [32mBuilding CXX object CMakeFiles/ur_msgs__rosidl_typesupport_cpp.dir/rosidl_typesupport_cpp/ur_msgs/msg/tool_data_msg__type_support.cpp.o[0m
[8.827s] [ 25%] [32mBuilding CXX object CMakeFiles/ur_msgs__rosidl_typesupport_cpp.dir/rosidl_typesupport_cpp/ur_msgs/srv/set_payload__type_support.cpp.o[0m
[8.842s] [ 26%] [32mBuilding CXX object CMakeFiles/ur_msgs__rosidl_typesupport_cpp.dir/rosidl_typesupport_cpp/ur_msgs/srv/set_speed_slider_fraction__type_support.cpp.o[0m
[8.875s] [ 27%] [32mBuilding CXX object CMakeFiles/ur_msgs__rosidl_typesupport_cpp.dir/rosidl_typesupport_cpp/ur_msgs/srv/set_io__type_support.cpp.o[0m
[9.085s] [35m[1mScanning dependencies of target ur_msgs__rosidl_typesupport_c[0m
[9.203s] [ 28%] [32mBuilding CXX object CMakeFiles/ur_msgs__rosidl_typesupport_c.dir/rosidl_typesupport_c/ur_msgs/msg/analog__type_support.cpp.o[0m
[9.223s] [ 29%] [32mBuilding CXX object CMakeFiles/ur_msgs__rosidl_typesupport_c.dir/rosidl_typesupport_c/ur_msgs/msg/digital__type_support.cpp.o[0m
[9.237s] [ 30%] [32mBuilding CXX object CMakeFiles/ur_msgs__rosidl_typesupport_c.dir/rosidl_typesupport_c/ur_msgs/msg/io_states__type_support.cpp.o[0m
[9.462s] [ 31%] [32mBuilding CXX object CMakeFiles/ur_msgs__rosidl_typesupport_c.dir/rosidl_typesupport_c/ur_msgs/msg/robot_state_rt_msg__type_support.cpp.o[0m
[9.505s] [ 32%] [32mBuilding CXX object CMakeFiles/ur_msgs__rosidl_typesupport_c.dir/rosidl_typesupport_c/ur_msgs/msg/masterboard_data_msg__type_support.cpp.o[0m
[9.627s] [ 33%] [32mBuilding CXX object CMakeFiles/ur_msgs__rosidl_typesupport_c.dir/rosidl_typesupport_c/ur_msgs/msg/robot_mode_data_msg__type_support.cpp.o[0m
[9.631s] [ 34%] [32mBuilding CXX object CMakeFiles/ur_msgs__rosidl_typesupport_c.dir/rosidl_typesupport_c/ur_msgs/msg/tool_data_msg__type_support.cpp.o[0m
[9.685s] [ 35%] [32mBuilding CXX object CMakeFiles/ur_msgs__rosidl_typesupport_c.dir/rosidl_typesupport_c/ur_msgs/srv/set_payload__type_support.cpp.o[0m
[9.763s] [ 35%] [32mBuilding CXX object CMakeFiles/ur_msgs__rosidl_typesupport_c.dir/rosidl_typesupport_c/ur_msgs/srv/set_speed_slider_fraction__type_support.cpp.o[0m
[9.793s] [ 36%] [32mBuilding CXX object CMakeFiles/ur_msgs__rosidl_typesupport_c.dir/rosidl_typesupport_c/ur_msgs/srv/set_io__type_support.cpp.o[0m
[10.043s] [ 37%] [32m[1mLinking CXX shared library libur_msgs__rosidl_typesupport_c.so[0m
[10.060s] [35m[1mScanning dependencies of target ur_msgs__rosidl_typesupport_introspection_c[0m
[10.117s] [35m[1mScanning dependencies of target ur_msgs__rosidl_typesupport_introspection_cpp[0m
[10.195s] [ 38%] [32mBuilding CXX object CMakeFiles/ur_msgs__rosidl_typesupport_introspection_cpp.dir/rosidl_typesupport_introspection_cpp/ur_msgs/msg/detail/analog__type_support.cpp.o[0m
[10.215s] [ 39%] [32mBuilding C object CMakeFiles/ur_msgs__rosidl_typesupport_introspection_c.dir/rosidl_typesupport_introspection_c/ur_msgs/msg/detail/analog__type_support.c.o[0m
[10.223s] [ 40%] [32mBuilding CXX object CMakeFiles/ur_msgs__rosidl_typesupport_introspection_cpp.dir/rosidl_typesupport_introspection_cpp/ur_msgs/msg/detail/digital__type_support.cpp.o[0m
[10.227s] [ 41%] [32mBuilding C object CMakeFiles/ur_msgs__rosidl_typesupport_introspection_c.dir/rosidl_typesupport_introspection_c/ur_msgs/msg/detail/digital__type_support.c.o[0m
[10.264s] [ 42%] [32mBuilding C object CMakeFiles/ur_msgs__rosidl_typesupport_introspection_c.dir/rosidl_typesupport_introspection_c/ur_msgs/msg/detail/io_states__type_support.c.o[0m
[10.265s] [ 44%] [32mBuilding CXX object CMakeFiles/ur_msgs__rosidl_typesupport_introspection_cpp.dir/rosidl_typesupport_introspection_cpp/ur_msgs/msg/detail/io_states__type_support.cpp.o[0m
[10.265s] [ 44%] [32mBuilding CXX object CMakeFiles/ur_msgs__rosidl_typesupport_introspection_cpp.dir/rosidl_typesupport_introspection_cpp/ur_msgs/msg/detail/robot_state_rt_msg__type_support.cpp.o[0m
[10.273s] [ 45%] [32mBuilding C object CMakeFiles/ur_msgs__rosidl_typesupport_introspection_c.dir/rosidl_typesupport_introspection_c/ur_msgs/msg/detail/robot_state_rt_msg__type_support.c.o[0m
[10.285s] [ 46%] [32mBuilding C object CMakeFiles/ur_msgs__rosidl_typesupport_introspection_c.dir/rosidl_typesupport_introspection_c/ur_msgs/msg/detail/masterboard_data_msg__type_support.c.o[0m
[10.287s] [35m[1mScanning dependencies of target ur_msgs__rosidl_typesupport_fastrtps_cpp[0m
[10.319s] [ 47%] [32mBuilding CXX object CMakeFiles/ur_msgs__rosidl_typesupport_introspection_cpp.dir/rosidl_typesupport_introspection_cpp/ur_msgs/msg/detail/masterboard_data_msg__type_support.cpp.o[0m
[10.365s] [ 48%] [32mBuilding CXX object CMakeFiles/ur_msgs__rosidl_typesupport_introspection_cpp.dir/rosidl_typesupport_introspection_cpp/ur_msgs/msg/detail/robot_mode_data_msg__type_support.cpp.o[0m
[10.393s] [ 48%] Built target ur_msgs__rosidl_typesupport_c
[10.394s] [ 49%] [32m[1mLinking CXX shared library libur_msgs__rosidl_typesupport_cpp.so[0m
[10.411s] [ 50%] [32mBuilding CXX object CMakeFiles/ur_msgs__rosidl_typesupport_introspection_cpp.dir/rosidl_typesupport_introspection_cpp/ur_msgs/msg/detail/tool_data_msg__type_support.cpp.o[0m
[10.417s] [ 51%] [32mBuilding C object CMakeFiles/ur_msgs__rosidl_typesupport_introspection_c.dir/rosidl_typesupport_introspection_c/ur_msgs/msg/detail/robot_mode_data_msg__type_support.c.o[0m
[10.482s] [ 52%] [32mBuilding CXX object CMakeFiles/ur_msgs__rosidl_typesupport_fastrtps_cpp.dir/rosidl_typesupport_fastrtps_cpp/ur_msgs/msg/detail/dds_fastrtps/analog__type_support.cpp.o[0m
[10.490s] [ 53%] [32mBuilding C object CMakeFiles/ur_msgs__rosidl_typesupport_introspection_c.dir/rosidl_typesupport_introspection_c/ur_msgs/msg/detail/tool_data_msg__type_support.c.o[0m
[10.520s] [ 54%] [32mBuilding CXX object CMakeFiles/ur_msgs__rosidl_typesupport_introspection_cpp.dir/rosidl_typesupport_introspection_cpp/ur_msgs/srv/detail/set_payload__type_support.cpp.o[0m
[10.543s] [ 55%] [32mBuilding CXX object CMakeFiles/ur_msgs__rosidl_typesupport_introspection_cpp.dir/rosidl_typesupport_introspection_cpp/ur_msgs/srv/detail/set_speed_slider_fraction__type_support.cpp.o[0m
[10.559s] [ 56%] [32mBuilding CXX object CMakeFiles/ur_msgs__rosidl_typesupport_fastrtps_cpp.dir/rosidl_typesupport_fastrtps_cpp/ur_msgs/msg/detail/dds_fastrtps/digital__type_support.cpp.o[0m
[10.579s] [ 57%] [32mBuilding C object CMakeFiles/ur_msgs__rosidl_typesupport_introspection_c.dir/rosidl_typesupport_introspection_c/ur_msgs/srv/detail/set_payload__type_support.c.o[0m
[10.580s] [ 58%] [32mBuilding CXX object CMakeFiles/ur_msgs__rosidl_typesupport_introspection_cpp.dir/rosidl_typesupport_introspection_cpp/ur_msgs/srv/detail/set_io__type_support.cpp.o[0m
[10.667s] [ 58%] [32mBuilding CXX object CMakeFiles/ur_msgs__rosidl_typesupport_fastrtps_cpp.dir/rosidl_typesupport_fastrtps_cpp/ur_msgs/msg/detail/dds_fastrtps/io_states__type_support.cpp.o[0m
[10.681s] [ 58%] Built target ur_msgs__rosidl_typesupport_cpp
[10.753s] [ 59%] [32mBuilding C object CMakeFiles/ur_msgs__rosidl_typesupport_introspection_c.dir/rosidl_typesupport_introspection_c/ur_msgs/srv/detail/set_speed_slider_fraction__type_support.c.o[0m
[10.798s] [ 60%] [32mBuilding C object CMakeFiles/ur_msgs__rosidl_typesupport_introspection_c.dir/rosidl_typesupport_introspection_c/ur_msgs/srv/detail/set_io__type_support.c.o[0m
[10.816s] [ 61%] [32mBuilding CXX object CMakeFiles/ur_msgs__rosidl_typesupport_fastrtps_cpp.dir/rosidl_typesupport_fastrtps_cpp/ur_msgs/msg/detail/dds_fastrtps/robot_state_rt_msg__type_support.cpp.o[0m
[10.974s] [ 62%] [32mBuilding CXX object CMakeFiles/ur_msgs__rosidl_typesupport_fastrtps_cpp.dir/rosidl_typesupport_fastrtps_cpp/ur_msgs/msg/detail/dds_fastrtps/masterboard_data_msg__type_support.cpp.o[0m
[11.120s] [ 63%] [32m[1mLinking C shared library libur_msgs__rosidl_typesupport_introspection_c.so[0m
[11.440s] [ 63%] Built target ur_msgs__rosidl_typesupport_introspection_c
[11.462s] [ 64%] [32mBuilding CXX object CMakeFiles/ur_msgs__rosidl_typesupport_fastrtps_cpp.dir/rosidl_typesupport_fastrtps_cpp/ur_msgs/msg/detail/dds_fastrtps/robot_mode_data_msg__type_support.cpp.o[0m
[11.546s] [ 65%] [32mBuilding CXX object CMakeFiles/ur_msgs__rosidl_typesupport_fastrtps_cpp.dir/rosidl_typesupport_fastrtps_cpp/ur_msgs/msg/detail/dds_fastrtps/tool_data_msg__type_support.cpp.o[0m
[11.784s] [ 66%] [32mBuilding CXX object CMakeFiles/ur_msgs__rosidl_typesupport_fastrtps_cpp.dir/rosidl_typesupport_fastrtps_cpp/ur_msgs/srv/detail/dds_fastrtps/set_payload__type_support.cpp.o[0m
[11.917s] [ 67%] [32mBuilding CXX object CMakeFiles/ur_msgs__rosidl_typesupport_fastrtps_cpp.dir/rosidl_typesupport_fastrtps_cpp/ur_msgs/srv/detail/dds_fastrtps/set_speed_slider_fraction__type_support.cpp.o[0m
[11.971s] [ 68%] [32mBuilding CXX object CMakeFiles/ur_msgs__rosidl_typesupport_fastrtps_cpp.dir/rosidl_typesupport_fastrtps_cpp/ur_msgs/srv/detail/dds_fastrtps/set_io__type_support.cpp.o[0m
[12.460s] [ 69%] [32m[1mLinking CXX shared library libur_msgs__rosidl_typesupport_introspection_cpp.so[0m
[12.740s] [ 69%] Built target ur_msgs__rosidl_typesupport_introspection_cpp
[13.332s] [ 70%] [32m[1mLinking CXX shared library libur_msgs__rosidl_typesupport_fastrtps_cpp.so[0m
[13.660s] [ 70%] Built target ur_msgs__rosidl_typesupport_fastrtps_cpp
[13.752s] [ 71%] [34m[1mGenerating C type support for eProsima Fast-RTPS[0m
[15.701s] [35m[1mScanning dependencies of target ur_msgs__rosidl_typesupport_fastrtps_c[0m
[15.821s] [ 72%] [32mBuilding CXX object CMakeFiles/ur_msgs__rosidl_typesupport_fastrtps_c.dir/rosidl_typesupport_fastrtps_c/ur_msgs/msg/detail/analog__type_support_c.cpp.o[0m
[15.827s] [ 73%] [32mBuilding CXX object CMakeFiles/ur_msgs__rosidl_typesupport_fastrtps_c.dir/rosidl_typesupport_fastrtps_c/ur_msgs/msg/detail/robot_state_rt_msg__type_support_c.cpp.o[0m
[15.840s] [ 74%] [32mBuilding CXX object CMakeFiles/ur_msgs__rosidl_typesupport_fastrtps_c.dir/rosidl_typesupport_fastrtps_c/ur_msgs/msg/detail/io_states__type_support_c.cpp.o[0m
[15.842s] [ 75%] [32mBuilding CXX object CMakeFiles/ur_msgs__rosidl_typesupport_fastrtps_c.dir/rosidl_typesupport_fastrtps_c/ur_msgs/msg/detail/masterboard_data_msg__type_support_c.cpp.o[0m
[15.860s] [ 76%] [32mBuilding CXX object CMakeFiles/ur_msgs__rosidl_typesupport_fastrtps_c.dir/rosidl_typesupport_fastrtps_c/ur_msgs/msg/detail/digital__type_support_c.cpp.o[0m
[15.864s] [ 77%] [32mBuilding CXX object CMakeFiles/ur_msgs__rosidl_typesupport_fastrtps_c.dir/rosidl_typesupport_fastrtps_c/ur_msgs/msg/detail/robot_mode_data_msg__type_support_c.cpp.o[0m
[15.967s] [ 78%] [32mBuilding CXX object CMakeFiles/ur_msgs__rosidl_typesupport_fastrtps_c.dir/rosidl_typesupport_fastrtps_c/ur_msgs/srv/detail/set_payload__type_support_c.cpp.o[0m
[15.983s] [ 79%] [32mBuilding CXX object CMakeFiles/ur_msgs__rosidl_typesupport_fastrtps_c.dir/rosidl_typesupport_fastrtps_c/ur_msgs/msg/detail/tool_data_msg__type_support_c.cpp.o[0m
[16.008s] [ 80%] [32mBuilding CXX object CMakeFiles/ur_msgs__rosidl_typesupport_fastrtps_c.dir/rosidl_typesupport_fastrtps_c/ur_msgs/srv/detail/set_speed_slider_fraction__type_support_c.cpp.o[0m
[16.027s] [ 81%] [32mBuilding CXX object CMakeFiles/ur_msgs__rosidl_typesupport_fastrtps_c.dir/rosidl_typesupport_fastrtps_c/ur_msgs/srv/detail/set_io__type_support_c.cpp.o[0m
[17.784s] [ 82%] [32m[1mLinking CXX shared library libur_msgs__rosidl_typesupport_fastrtps_c.so[0m
[18.286s] [ 82%] Built target ur_msgs__rosidl_typesupport_fastrtps_c
[18.350s] [35m[1mScanning dependencies of target ur_msgs[0m
[18.439s] [ 82%] Built target ur_msgs
[18.538s] [35m[1mScanning dependencies of target ur_msgs__py[0m
[18.600s] [ 83%] [34m[1mGenerating Python code for ROS interfaces[0m
[21.547s] [ 83%] Built target ur_msgs__py
[21.567s] [35m[1mScanning dependencies of target ur_msgs__python[0m
[21.639s] [ 84%] [32mBuilding C object CMakeFiles/ur_msgs__python.dir/rosidl_generator_py/ur_msgs/msg/_io_states_s.c.o[0m
[21.643s] [ 87%] [32mBuilding C object CMakeFiles/ur_msgs__python.dir/rosidl_generator_py/ur_msgs/msg/_robot_state_rt_msg_s.c.o[0m
[21.643s] [ 87%] [32mBuilding C object CMakeFiles/ur_msgs__python.dir/rosidl_generator_py/ur_msgs/msg/_analog_s.c.o[0m
[21.643s] [ 87%] [32mBuilding C object CMakeFiles/ur_msgs__python.dir/rosidl_generator_py/ur_msgs/msg/_masterboard_data_msg_s.c.o[0m
[21.644s] [ 88%] [32mBuilding C object CMakeFiles/ur_msgs__python.dir/rosidl_generator_py/ur_msgs/msg/_robot_mode_data_msg_s.c.o[0m
[21.644s] [ 89%] [32mBuilding C object CMakeFiles/ur_msgs__python.dir/rosidl_generator_py/ur_msgs/msg/_tool_data_msg_s.c.o[0m
[21.644s] [ 90%] [32mBuilding C object CMakeFiles/ur_msgs__python.dir/rosidl_generator_py/ur_msgs/msg/_digital_s.c.o[0m
[21.645s] [ 91%] [32mBuilding C object CMakeFiles/ur_msgs__python.dir/rosidl_generator_py/ur_msgs/srv/_set_io_s.c.o[0m
[21.645s] [ 92%] [32mBuilding C object CMakeFiles/ur_msgs__python.dir/rosidl_generator_py/ur_msgs/srv/_set_payload_s.c.o[0m
[21.645s] [ 93%] [32mBuilding C object CMakeFiles/ur_msgs__python.dir/rosidl_generator_py/ur_msgs/srv/_set_speed_slider_fraction_s.c.o[0m
[21.944s] [ 94%] [32m[1mLinking C shared library rosidl_generator_py/ur_msgs/libur_msgs__python.so[0m
[22.013s] [ 94%] Built target ur_msgs__python
[22.033s] [35m[1mScanning dependencies of target ur_msgs__rosidl_typesupport_c__pyext[0m
[22.033s] [35m[1mScanning dependencies of target ur_msgs__rosidl_typesupport_introspection_c__pyext[0m
[22.033s] [35m[1mScanning dependencies of target ur_msgs__rosidl_typesupport_fastrtps_c__pyext[0m
[22.068s] [ 95%] [32mBuilding C object CMakeFiles/ur_msgs__rosidl_typesupport_c__pyext.dir/rosidl_generator_py/ur_msgs/_ur_msgs_s.ep.rosidl_typesupport_c.c.o[0m
[22.073s] [ 96%] [32mBuilding C object CMakeFiles/ur_msgs__rosidl_typesupport_fastrtps_c__pyext.dir/rosidl_generator_py/ur_msgs/_ur_msgs_s.ep.rosidl_typesupport_fastrtps_c.c.o[0m
[22.075s] [ 97%] [32mBuilding C object CMakeFiles/ur_msgs__rosidl_typesupport_introspection_c__pyext.dir/rosidl_generator_py/ur_msgs/_ur_msgs_s.ep.rosidl_typesupport_introspection_c.c.o[0m
[22.263s] [ 98%] [32m[1mLinking C shared library rosidl_generator_py/ur_msgs/ur_msgs_s__rosidl_typesupport_c.cpython-38-x86_64-linux-gnu.so[0m
[22.265s] [ 99%] [32m[1mLinking CXX shared library rosidl_generator_py/ur_msgs/ur_msgs_s__rosidl_typesupport_fastrtps_c.cpython-38-x86_64-linux-gnu.so[0m
[22.266s] [100%] [32m[1mLinking C shared library rosidl_generator_py/ur_msgs/ur_msgs_s__rosidl_typesupport_introspection_c.cpython-38-x86_64-linux-gnu.so[0m
[22.375s] [100%] Built target ur_msgs__rosidl_typesupport_introspection_c__pyext
[22.377s] [100%] Built target ur_msgs__rosidl_typesupport_c__pyext
[22.437s] [100%] Built target ur_msgs__rosidl_typesupport_fastrtps_c__pyext
[22.489s] Invoked command in '/home/d-lab/workspace/ros_ur_driver/src/build/ur_msgs' returned '0': CMAKE_PREFIX_PATH=${CMAKE_PREFIX_PATH}:/home/d-lab/workspace/ros_ur_driver/install/ros2controlcli:/home/d-lab/workspace/ros_ur_driver/install/ros2_control_test_nodes:/opt/ros/foxy /usr/bin/cmake --build /home/d-lab/workspace/ros_ur_driver/src/build/ur_msgs -- -j16 -l16
[23.545s] Invoking command in '/home/d-lab/workspace/ros_ur_driver/src/build/ur_msgs': CMAKE_PREFIX_PATH=${CMAKE_PREFIX_PATH}:/home/d-lab/workspace/ros_ur_driver/install/ros2controlcli:/home/d-lab/workspace/ros_ur_driver/install/ros2_control_test_nodes:/opt/ros/foxy /usr/bin/cmake --install /home/d-lab/workspace/ros_ur_driver/src/build/ur_msgs
[23.560s] -- Install configuration: ""
[23.560s] -- Installing: /home/d-lab/workspace/ros_ur_driver/src/install/ur_msgs/share/ament_index/resource_index/rosidl_interfaces/ur_msgs
[23.561s] -- Installing: /home/d-lab/workspace/ros_ur_driver/src/install/ur_msgs/include/ur_msgs
[23.561s] -- Installing: /home/d-lab/workspace/ros_ur_driver/src/install/ur_msgs/include/ur_msgs/srv
[23.561s] -- Installing: /home/d-lab/workspace/ros_ur_driver/src/install/ur_msgs/include/ur_msgs/srv/set_payload.h
[23.561s] -- Installing: /home/d-lab/workspace/ros_ur_driver/src/install/ur_msgs/include/ur_msgs/srv/set_io.h
[23.561s] -- Installing: /home/d-lab/workspace/ros_ur_driver/src/install/ur_msgs/include/ur_msgs/srv/detail
[23.561s] -- Installing: /home/d-lab/workspace/ros_ur_driver/src/install/ur_msgs/include/ur_msgs/srv/detail/set_io__functions.h
[23.561s] -- Installing: /home/d-lab/workspace/ros_ur_driver/src/install/ur_msgs/include/ur_msgs/srv/detail/set_payload__functions.c
[23.561s] -- Installing: /home/d-lab/workspace/ros_ur_driver/src/install/ur_msgs/include/ur_msgs/srv/detail/set_io__functions.c
[23.561s] -- Installing: /home/d-lab/workspace/ros_ur_driver/src/install/ur_msgs/include/ur_msgs/srv/detail/set_payload__type_support.h
[23.561s] -- Installing: /home/d-lab/workspace/ros_ur_driver/src/install/ur_msgs/include/ur_msgs/srv/detail/set_speed_slider_fraction__functions.c
[23.561s] -- Installing: /home/d-lab/workspace/ros_ur_driver/src/install/ur_msgs/include/ur_msgs/srv/detail/set_io__struct.h
[23.562s] -- Installing: /home/d-lab/workspace/ros_ur_driver/src/install/ur_msgs/include/ur_msgs/srv/detail/set_payload__struct.h
[23.562s] -- Installing: /home/d-lab/workspace/ros_ur_driver/src/install/ur_msgs/include/ur_msgs/srv/detail/set_payload__functions.h
[23.562s] -- Installing: /home/d-lab/workspace/ros_ur_driver/src/install/ur_msgs/include/ur_msgs/srv/detail/set_speed_slider_fraction__functions.h
[23.562s] -- Installing: /home/d-lab/workspace/ros_ur_driver/src/install/ur_msgs/include/ur_msgs/srv/detail/set_speed_slider_fraction__struct.h
[23.562s] -- Installing: /home/d-lab/workspace/ros_ur_driver/src/install/ur_msgs/include/ur_msgs/srv/detail/set_speed_slider_fraction__type_support.h
[23.562s] -- Installing: /home/d-lab/workspace/ros_ur_driver/src/install/ur_msgs/include/ur_msgs/srv/detail/set_io__type_support.h
[23.562s] -- Installing: /home/d-lab/workspace/ros_ur_driver/src/install/ur_msgs/include/ur_msgs/srv/set_speed_slider_fraction.h
[23.562s] -- Installing: /home/d-lab/workspace/ros_ur_driver/src/install/ur_msgs/include/ur_msgs/msg
[23.562s] -- Installing: /home/d-lab/workspace/ros_ur_driver/src/install/ur_msgs/include/ur_msgs/msg/rosidl_generator_c__visibility_control.h
[23.562s] -- Installing: /home/d-lab/workspace/ros_ur_driver/src/install/ur_msgs/include/ur_msgs/msg/analog.h
[23.562s] -- Installing: /home/d-lab/workspace/ros_ur_driver/src/install/ur_msgs/include/ur_msgs/msg/robot_state_rt_msg.h
[23.563s] -- Installing: /home/d-lab/workspace/ros_ur_driver/src/install/ur_msgs/include/ur_msgs/msg/masterboard_data_msg.h
[23.563s] -- Installing: /home/d-lab/workspace/ros_ur_driver/src/install/ur_msgs/include/ur_msgs/msg/io_states.h
[23.563s] -- Installing: /home/d-lab/workspace/ros_ur_driver/src/install/ur_msgs/include/ur_msgs/msg/tool_data_msg.h
[23.563s] -- Installing: /home/d-lab/workspace/ros_ur_driver/src/install/ur_msgs/include/ur_msgs/msg/digital.h
[23.563s] -- Installing: /home/d-lab/workspace/ros_ur_driver/src/install/ur_msgs/include/ur_msgs/msg/robot_mode_data_msg.h
[23.563s] -- Installing: /home/d-lab/workspace/ros_ur_driver/src/install/ur_msgs/include/ur_msgs/msg/detail
[23.563s] -- Installing: /home/d-lab/workspace/ros_ur_driver/src/install/ur_msgs/include/ur_msgs/msg/detail/digital__functions.c
[23.563s] -- Installing: /home/d-lab/workspace/ros_ur_driver/src/install/ur_msgs/include/ur_msgs/msg/detail/tool_data_msg__functions.c
[23.563s] -- Installing: /home/d-lab/workspace/ros_ur_driver/src/install/ur_msgs/include/ur_msgs/msg/detail/analog__struct.h
[23.564s] -- Installing: /home/d-lab/workspace/ros_ur_driver/src/install/ur_msgs/include/ur_msgs/msg/detail/robot_state_rt_msg__type_support.h
[23.564s] -- Installing: /home/d-lab/workspace/ros_ur_driver/src/install/ur_msgs/include/ur_msgs/msg/detail/io_states__functions.h
[23.564s] -- Installing: /home/d-lab/workspace/ros_ur_driver/src/install/ur_msgs/include/ur_msgs/msg/detail/robot_mode_data_msg__type_support.h
[23.564s] -- Installing: /home/d-lab/workspace/ros_ur_driver/src/install/ur_msgs/include/ur_msgs/msg/detail/tool_data_msg__type_support.h
[23.564s] -- Installing: /home/d-lab/workspace/ros_ur_driver/src/install/ur_msgs/include/ur_msgs/msg/detail/robot_mode_data_msg__struct.h
[23.564s] -- Installing: /home/d-lab/workspace/ros_ur_driver/src/install/ur_msgs/include/ur_msgs/msg/detail/tool_data_msg__struct.h
[23.564s] -- Installing: /home/d-lab/workspace/ros_ur_driver/src/install/ur_msgs/include/ur_msgs/msg/detail/analog__functions.c
[23.564s] -- Installing: /home/d-lab/workspace/ros_ur_driver/src/install/ur_msgs/include/ur_msgs/msg/detail/analog__functions.h
[23.564s] -- Installing: /home/d-lab/workspace/ros_ur_driver/src/install/ur_msgs/include/ur_msgs/msg/detail/digital__type_support.h
[23.564s] -- Installing: /home/d-lab/workspace/ros_ur_driver/src/install/ur_msgs/include/ur_msgs/msg/detail/digital__struct.h
[23.565s] -- Installing: /home/d-lab/workspace/ros_ur_driver/src/install/ur_msgs/include/ur_msgs/msg/detail/tool_data_msg__functions.h
[23.565s] -- Installing: /home/d-lab/workspace/ros_ur_driver/src/install/ur_msgs/include/ur_msgs/msg/detail/masterboard_data_msg__functions.h
[23.565s] -- Installing: /home/d-lab/workspace/ros_ur_driver/src/install/ur_msgs/include/ur_msgs/msg/detail/robot_mode_data_msg__functions.h
[23.565s] -- Installing: /home/d-lab/workspace/ros_ur_driver/src/install/ur_msgs/include/ur_msgs/msg/detail/masterboard_data_msg__struct.h
[23.565s] -- Installing: /home/d-lab/workspace/ros_ur_driver/src/install/ur_msgs/include/ur_msgs/msg/detail/io_states__functions.c
[23.565s] -- Installing: /home/d-lab/workspace/ros_ur_driver/src/install/ur_msgs/include/ur_msgs/msg/detail/masterboard_data_msg__type_support.h
[23.565s] -- Installing: /home/d-lab/workspace/ros_ur_driver/src/install/ur_msgs/include/ur_msgs/msg/detail/masterboard_data_msg__functions.c
[23.565s] -- Installing: /home/d-lab/workspace/ros_ur_driver/src/install/ur_msgs/include/ur_msgs/msg/detail/io_states__struct.h
[23.566s] -- Installing: /home/d-lab/workspace/ros_ur_driver/src/install/ur_msgs/include/ur_msgs/msg/detail/robot_state_rt_msg__struct.h
[23.566s] -- Installing: /home/d-lab/workspace/ros_ur_driver/src/install/ur_msgs/include/ur_msgs/msg/detail/robot_state_rt_msg__functions.h
[23.566s] -- Installing: /home/d-lab/workspace/ros_ur_driver/src/install/ur_msgs/include/ur_msgs/msg/detail/digital__functions.h
[23.566s] -- Installing: /home/d-lab/workspace/ros_ur_driver/src/install/ur_msgs/include/ur_msgs/msg/detail/io_states__type_support.h
[23.566s] -- Installing: /home/d-lab/workspace/ros_ur_driver/src/install/ur_msgs/include/ur_msgs/msg/detail/analog__type_support.h
[23.566s] -- Installing: /home/d-lab/workspace/ros_ur_driver/src/install/ur_msgs/include/ur_msgs/msg/detail/robot_state_rt_msg__functions.c
[23.566s] -- Installing: /home/d-lab/workspace/ros_ur_driver/src/install/ur_msgs/include/ur_msgs/msg/detail/robot_mode_data_msg__functions.c
[23.566s] -- Installing: /home/d-lab/workspace/ros_ur_driver/src/install/ur_msgs/share/ur_msgs/environment/library_path.sh
[23.567s] -- Installing: /home/d-lab/workspace/ros_ur_driver/src/install/ur_msgs/share/ur_msgs/environment/library_path.dsv
[23.567s] -- Installing: /home/d-lab/workspace/ros_ur_driver/src/install/ur_msgs/lib/libur_msgs__rosidl_generator_c.so
[23.567s] -- Set runtime path of "/home/d-lab/workspace/ros_ur_driver/src/install/ur_msgs/lib/libur_msgs__rosidl_generator_c.so" to ""
[23.567s] -- Up-to-date: /home/d-lab/workspace/ros_ur_driver/src/install/ur_msgs/include/ur_msgs
[23.567s] -- Up-to-date: /home/d-lab/workspace/ros_ur_driver/src/install/ur_msgs/include/ur_msgs/srv
[23.567s] -- Up-to-date: /home/d-lab/workspace/ros_ur_driver/src/install/ur_msgs/include/ur_msgs/srv/detail
[23.567s] -- Installing: /home/d-lab/workspace/ros_ur_driver/src/install/ur_msgs/include/ur_msgs/srv/detail/set_io__rosidl_typesupport_fastrtps_c.h
[23.567s] -- Installing: /home/d-lab/workspace/ros_ur_driver/src/install/ur_msgs/include/ur_msgs/srv/detail/set_speed_slider_fraction__rosidl_typesupport_fastrtps_c.h
[23.567s] -- Installing: /home/d-lab/workspace/ros_ur_driver/src/install/ur_msgs/include/ur_msgs/srv/detail/set_payload__rosidl_typesupport_fastrtps_c.h
[23.567s] -- Up-to-date: /home/d-lab/workspace/ros_ur_driver/src/install/ur_msgs/include/ur_msgs/msg
[23.567s] -- Installing: /home/d-lab/workspace/ros_ur_driver/src/install/ur_msgs/include/ur_msgs/msg/rosidl_typesupport_fastrtps_c__visibility_control.h
[23.568s] -- Up-to-date: /home/d-lab/workspace/ros_ur_driver/src/install/ur_msgs/include/ur_msgs/msg/detail
[23.568s] -- Installing: /home/d-lab/workspace/ros_ur_driver/src/install/ur_msgs/include/ur_msgs/msg/detail/digital__rosidl_typesupport_fastrtps_c.h
[23.568s] -- Installing: /home/d-lab/workspace/ros_ur_driver/src/install/ur_msgs/include/ur_msgs/msg/detail/io_states__rosidl_typesupport_fastrtps_c.h
[23.568s] -- Installing: /home/d-lab/workspace/ros_ur_driver/src/install/ur_msgs/include/ur_msgs/msg/detail/masterboard_data_msg__rosidl_typesupport_fastrtps_c.h
[23.568s] -- Installing: /home/d-lab/workspace/ros_ur_driver/src/install/ur_msgs/include/ur_msgs/msg/detail/tool_data_msg__rosidl_typesupport_fastrtps_c.h
[23.568s] -- Installing: /home/d-lab/workspace/ros_ur_driver/src/install/ur_msgs/include/ur_msgs/msg/detail/robot_state_rt_msg__rosidl_typesupport_fastrtps_c.h
[23.569s] -- Installing: /home/d-lab/workspace/ros_ur_driver/src/install/ur_msgs/include/ur_msgs/msg/detail/robot_mode_data_msg__rosidl_typesupport_fastrtps_c.h
[23.569s] -- Installing: /home/d-lab/workspace/ros_ur_driver/src/install/ur_msgs/include/ur_msgs/msg/detail/analog__rosidl_typesupport_fastrtps_c.h
[23.569s] -- Installing: /home/d-lab/workspace/ros_ur_driver/src/install/ur_msgs/lib/libur_msgs__rosidl_typesupport_fastrtps_c.so
[23.569s] -- Set runtime path of "/home/d-lab/workspace/ros_ur_driver/src/install/ur_msgs/lib/libur_msgs__rosidl_typesupport_fastrtps_c.so" to ""
[23.569s] -- Up-to-date: /home/d-lab/workspace/ros_ur_driver/src/install/ur_msgs/include/ur_msgs
[23.569s] -- Up-to-date: /home/d-lab/workspace/ros_ur_driver/src/install/ur_msgs/include/ur_msgs/srv
[23.569s] -- Up-to-date: /home/d-lab/workspace/ros_ur_driver/src/install/ur_msgs/include/ur_msgs/srv/detail
[23.569s] -- Installing: /home/d-lab/workspace/ros_ur_driver/src/install/ur_msgs/include/ur_msgs/srv/detail/set_payload__rosidl_typesupport_fastrtps_cpp.hpp
[23.569s] -- Installing: /home/d-lab/workspace/ros_ur_driver/src/install/ur_msgs/include/ur_msgs/srv/detail/dds_fastrtps
[23.569s] -- Installing: /home/d-lab/workspace/ros_ur_driver/src/install/ur_msgs/include/ur_msgs/srv/detail/set_io__rosidl_typesupport_fastrtps_cpp.hpp
[23.570s] -- Installing: /home/d-lab/workspace/ros_ur_driver/src/install/ur_msgs/include/ur_msgs/srv/detail/set_speed_slider_fraction__rosidl_typesupport_fastrtps_cpp.hpp
[23.570s] -- Up-to-date: /home/d-lab/workspace/ros_ur_driver/src/install/ur_msgs/include/ur_msgs/msg
[23.570s] -- Installing: /home/d-lab/workspace/ros_ur_driver/src/install/ur_msgs/include/ur_msgs/msg/rosidl_typesupport_fastrtps_cpp__visibility_control.h
[23.570s] -- Up-to-date: /home/d-lab/workspace/ros_ur_driver/src/install/ur_msgs/include/ur_msgs/msg/detail
[23.570s] -- Installing: /home/d-lab/workspace/ros_ur_driver/src/install/ur_msgs/include/ur_msgs/msg/detail/dds_fastrtps
[23.570s] -- Installing: /home/d-lab/workspace/ros_ur_driver/src/install/ur_msgs/include/ur_msgs/msg/detail/analog__rosidl_typesupport_fastrtps_cpp.hpp
[23.570s] -- Installing: /home/d-lab/workspace/ros_ur_driver/src/install/ur_msgs/include/ur_msgs/msg/detail/io_states__rosidl_typesupport_fastrtps_cpp.hpp
[23.570s] -- Installing: /home/d-lab/workspace/ros_ur_driver/src/install/ur_msgs/include/ur_msgs/msg/detail/robot_state_rt_msg__rosidl_typesupport_fastrtps_cpp.hpp
[23.570s] -- Installing: /home/d-lab/workspace/ros_ur_driver/src/install/ur_msgs/include/ur_msgs/msg/detail/tool_data_msg__rosidl_typesupport_fastrtps_cpp.hpp
[23.570s] -- Installing: /home/d-lab/workspace/ros_ur_driver/src/install/ur_msgs/include/ur_msgs/msg/detail/masterboard_data_msg__rosidl_typesupport_fastrtps_cpp.hpp
[23.571s] -- Installing: /home/d-lab/workspace/ros_ur_driver/src/install/ur_msgs/include/ur_msgs/msg/detail/digital__rosidl_typesupport_fastrtps_cpp.hpp
[23.571s] -- Installing: /home/d-lab/workspace/ros_ur_driver/src/install/ur_msgs/include/ur_msgs/msg/detail/robot_mode_data_msg__rosidl_typesupport_fastrtps_cpp.hpp
[23.571s] -- Installing: /home/d-lab/workspace/ros_ur_driver/src/install/ur_msgs/lib/libur_msgs__rosidl_typesupport_fastrtps_cpp.so
[23.571s] -- Set runtime path of "/home/d-lab/workspace/ros_ur_driver/src/install/ur_msgs/lib/libur_msgs__rosidl_typesupport_fastrtps_cpp.so" to ""
[23.571s] -- Up-to-date: /home/d-lab/workspace/ros_ur_driver/src/install/ur_msgs/include/ur_msgs
[23.571s] -- Up-to-date: /home/d-lab/workspace/ros_ur_driver/src/install/ur_msgs/include/ur_msgs/srv
[23.571s] -- Up-to-date: /home/d-lab/workspace/ros_ur_driver/src/install/ur_msgs/include/ur_msgs/srv/detail
[23.572s] -- Installing: /home/d-lab/workspace/ros_ur_driver/src/install/ur_msgs/include/ur_msgs/srv/detail/set_speed_slider_fraction__type_support.c
[23.572s] -- Installing: /home/d-lab/workspace/ros_ur_driver/src/install/ur_msgs/include/ur_msgs/srv/detail/set_payload__rosidl_typesupport_introspection_c.h
[23.572s] -- Installing: /home/d-lab/workspace/ros_ur_driver/src/install/ur_msgs/include/ur_msgs/srv/detail/set_speed_slider_fraction__rosidl_typesupport_introspection_c.h
[23.572s] -- Installing: /home/d-lab/workspace/ros_ur_driver/src/install/ur_msgs/include/ur_msgs/srv/detail/set_payload__type_support.c
[23.572s] -- Installing: /home/d-lab/workspace/ros_ur_driver/src/install/ur_msgs/include/ur_msgs/srv/detail/set_io__rosidl_typesupport_introspection_c.h
[23.572s] -- Installing: /home/d-lab/workspace/ros_ur_driver/src/install/ur_msgs/include/ur_msgs/srv/detail/set_io__type_support.c
[23.572s] -- Up-to-date: /home/d-lab/workspace/ros_ur_driver/src/install/ur_msgs/include/ur_msgs/msg
[23.572s] -- Installing: /home/d-lab/workspace/ros_ur_driver/src/install/ur_msgs/include/ur_msgs/msg/rosidl_typesupport_introspection_c__visibility_control.h
[23.572s] -- Up-to-date: /home/d-lab/workspace/ros_ur_driver/src/install/ur_msgs/include/ur_msgs/msg/detail
[23.573s] -- Installing: /home/d-lab/workspace/ros_ur_driver/src/install/ur_msgs/include/ur_msgs/msg/detail/robot_state_rt_msg__rosidl_typesupport_introspection_c.h
[23.573s] -- Installing: /home/d-lab/workspace/ros_ur_driver/src/install/ur_msgs/include/ur_msgs/msg/detail/digital__type_support.c
[23.573s] -- Installing: /home/d-lab/workspace/ros_ur_driver/src/install/ur_msgs/include/ur_msgs/msg/detail/tool_data_msg__type_support.c
[23.573s] -- Installing: /home/d-lab/workspace/ros_ur_driver/src/install/ur_msgs/include/ur_msgs/msg/detail/tool_data_msg__rosidl_typesupport_introspection_c.h
[23.573s] -- Installing: /home/d-lab/workspace/ros_ur_driver/src/install/ur_msgs/include/ur_msgs/msg/detail/analog__rosidl_typesupport_introspection_c.h
[23.573s] -- Installing: /home/d-lab/workspace/ros_ur_driver/src/install/ur_msgs/include/ur_msgs/msg/detail/robot_mode_data_msg__type_support.c
[23.573s] -- Installing: /home/d-lab/workspace/ros_ur_driver/src/install/ur_msgs/include/ur_msgs/msg/detail/robot_state_rt_msg__type_support.c
[23.573s] -- Installing: /home/d-lab/workspace/ros_ur_driver/src/install/ur_msgs/include/ur_msgs/msg/detail/digital__rosidl_typesupport_introspection_c.h
[23.573s] -- Installing: /home/d-lab/workspace/ros_ur_driver/src/install/ur_msgs/include/ur_msgs/msg/detail/masterboard_data_msg__rosidl_typesupport_introspection_c.h
[23.573s] -- Installing: /home/d-lab/workspace/ros_ur_driver/src/install/ur_msgs/include/ur_msgs/msg/detail/io_states__type_support.c
[23.573s] -- Installing: /home/d-lab/workspace/ros_ur_driver/src/install/ur_msgs/include/ur_msgs/msg/detail/analog__type_support.c
[23.574s] -- Installing: /home/d-lab/workspace/ros_ur_driver/src/install/ur_msgs/include/ur_msgs/msg/detail/robot_mode_data_msg__rosidl_typesupport_introspection_c.h
[23.574s] -- Installing: /home/d-lab/workspace/ros_ur_driver/src/install/ur_msgs/include/ur_msgs/msg/detail/masterboard_data_msg__type_support.c
[23.574s] -- Installing: /home/d-lab/workspace/ros_ur_driver/src/install/ur_msgs/include/ur_msgs/msg/detail/io_states__rosidl_typesupport_introspection_c.h
[23.574s] -- Installing: /home/d-lab/workspace/ros_ur_driver/src/install/ur_msgs/lib/libur_msgs__rosidl_typesupport_introspection_c.so
[23.574s] -- Set runtime path of "/home/d-lab/workspace/ros_ur_driver/src/install/ur_msgs/lib/libur_msgs__rosidl_typesupport_introspection_c.so" to ""
[23.574s] -- Installing: /home/d-lab/workspace/ros_ur_driver/src/install/ur_msgs/lib/libur_msgs__rosidl_typesupport_c.so
[23.574s] -- Set runtime path of "/home/d-lab/workspace/ros_ur_driver/src/install/ur_msgs/lib/libur_msgs__rosidl_typesupport_c.so" to ""
[23.575s] -- Up-to-date: /home/d-lab/workspace/ros_ur_driver/src/install/ur_msgs/include/ur_msgs
[23.575s] -- Up-to-date: /home/d-lab/workspace/ros_ur_driver/src/install/ur_msgs/include/ur_msgs/srv
[23.575s] -- Installing: /home/d-lab/workspace/ros_ur_driver/src/install/ur_msgs/include/ur_msgs/srv/set_payload.hpp
[23.575s] -- Installing: /home/d-lab/workspace/ros_ur_driver/src/install/ur_msgs/include/ur_msgs/srv/set_speed_slider_fraction.hpp
[23.575s] -- Up-to-date: /home/d-lab/workspace/ros_ur_driver/src/install/ur_msgs/include/ur_msgs/srv/detail
[23.575s] -- Installing: /home/d-lab/workspace/ros_ur_driver/src/install/ur_msgs/include/ur_msgs/srv/detail/set_speed_slider_fraction__struct.hpp
[23.576s] -- Installing: /home/d-lab/workspace/ros_ur_driver/src/install/ur_msgs/include/ur_msgs/srv/detail/set_speed_slider_fraction__traits.hpp
[23.576s] -- Installing: /home/d-lab/workspace/ros_ur_driver/src/install/ur_msgs/include/ur_msgs/srv/detail/set_payload__builder.hpp
[23.576s] -- Installing: /home/d-lab/workspace/ros_ur_driver/src/install/ur_msgs/include/ur_msgs/srv/detail/set_speed_slider_fraction__builder.hpp
[23.576s] -- Installing: /home/d-lab/workspace/ros_ur_driver/src/install/ur_msgs/include/ur_msgs/srv/detail/set_io__struct.hpp
[23.577s] -- Installing: /home/d-lab/workspace/ros_ur_driver/src/install/ur_msgs/include/ur_msgs/srv/detail/set_io__traits.hpp
[23.577s] -- Installing: /home/d-lab/workspace/ros_ur_driver/src/install/ur_msgs/include/ur_msgs/srv/detail/set_payload__struct.hpp
[23.577s] -- Installing: /home/d-lab/workspace/ros_ur_driver/src/install/ur_msgs/include/ur_msgs/srv/detail/set_payload__traits.hpp
[23.577s] -- Installing: /home/d-lab/workspace/ros_ur_driver/src/install/ur_msgs/include/ur_msgs/srv/detail/set_io__builder.hpp
[23.577s] -- Installing: /home/d-lab/workspace/ros_ur_driver/src/install/ur_msgs/include/ur_msgs/srv/set_io.hpp
[23.577s] -- Up-to-date: /home/d-lab/workspace/ros_ur_driver/src/install/ur_msgs/include/ur_msgs/msg
[23.577s] -- Installing: /home/d-lab/workspace/ros_ur_driver/src/install/ur_msgs/include/ur_msgs/msg/masterboard_data_msg.hpp
[23.578s] -- Installing: /home/d-lab/workspace/ros_ur_driver/src/install/ur_msgs/include/ur_msgs/msg/io_states.hpp
[23.578s] -- Installing: /home/d-lab/workspace/ros_ur_driver/src/install/ur_msgs/include/ur_msgs/msg/tool_data_msg.hpp
[23.578s] -- Installing: /home/d-lab/workspace/ros_ur_driver/src/install/ur_msgs/include/ur_msgs/msg/robot_mode_data_msg.hpp
[23.578s] -- Installing: /home/d-lab/workspace/ros_ur_driver/src/install/ur_msgs/include/ur_msgs/msg/robot_state_rt_msg.hpp
[23.578s] -- Installing: /home/d-lab/workspace/ros_ur_driver/src/install/ur_msgs/include/ur_msgs/msg/digital.hpp
[23.578s] -- Installing: /home/d-lab/workspace/ros_ur_driver/src/install/ur_msgs/include/ur_msgs/msg/analog.hpp
[23.578s] -- Up-to-date: /home/d-lab/workspace/ros_ur_driver/src/install/ur_msgs/include/ur_msgs/msg/detail
[23.579s] -- Installing: /home/d-lab/workspace/ros_ur_driver/src/install/ur_msgs/include/ur_msgs/msg/detail/tool_data_msg__struct.hpp
[23.579s] -- Installing: /home/d-lab/workspace/ros_ur_driver/src/install/ur_msgs/include/ur_msgs/msg/detail/digital__builder.hpp
[23.579s] -- Installing: /home/d-lab/workspace/ros_ur_driver/src/install/ur_msgs/include/ur_msgs/msg/detail/robot_mode_data_msg__struct.hpp
[23.579s] -- Installing: /home/d-lab/workspace/ros_ur_driver/src/install/ur_msgs/include/ur_msgs/msg/detail/robot_state_rt_msg__traits.hpp
[23.579s] -- Installing: /home/d-lab/workspace/ros_ur_driver/src/install/ur_msgs/include/ur_msgs/msg/detail/digital__struct.hpp
[23.579s] -- Installing: /home/d-lab/workspace/ros_ur_driver/src/install/ur_msgs/include/ur_msgs/msg/detail/io_states__builder.hpp
[23.579s] -- Installing: /home/d-lab/workspace/ros_ur_driver/src/install/ur_msgs/include/ur_msgs/msg/detail/robot_mode_data_msg__traits.hpp
[23.580s] -- Installing: /home/d-lab/workspace/ros_ur_driver/src/install/ur_msgs/include/ur_msgs/msg/detail/masterboard_data_msg__struct.hpp
[23.580s] -- Installing: /home/d-lab/workspace/ros_ur_driver/src/install/ur_msgs/include/ur_msgs/msg/detail/io_states__struct.hpp
[23.580s] -- Installing: /home/d-lab/workspace/ros_ur_driver/src/install/ur_msgs/include/ur_msgs/msg/detail/digital__traits.hpp
[23.580s] -- Installing: /home/d-lab/workspace/ros_ur_driver/src/install/ur_msgs/include/ur_msgs/msg/detail/robot_mode_data_msg__builder.hpp
[23.581s] -- Installing: /home/d-lab/workspace/ros_ur_driver/src/install/ur_msgs/include/ur_msgs/msg/detail/analog__builder.hpp
[23.581s] -- Installing: /home/d-lab/workspace/ros_ur_driver/src/install/ur_msgs/include/ur_msgs/msg/detail/tool_data_msg__builder.hpp
[23.582s] -- Installing: /home/d-lab/workspace/ros_ur_driver/src/install/ur_msgs/include/ur_msgs/msg/detail/io_states__traits.hpp
[23.582s] -- Installing: /home/d-lab/workspace/ros_ur_driver/src/install/ur_msgs/include/ur_msgs/msg/detail/masterboard_data_msg__traits.hpp
[23.582s] -- Installing: /home/d-lab/workspace/ros_ur_driver/src/install/ur_msgs/include/ur_msgs/msg/detail/analog__traits.hpp
[23.582s] -- Installing: /home/d-lab/workspace/ros_ur_driver/src/install/ur_msgs/include/ur_msgs/msg/detail/tool_data_msg__traits.hpp
[23.582s] -- Installing: /home/d-lab/workspace/ros_ur_driver/src/install/ur_msgs/include/ur_msgs/msg/detail/masterboard_data_msg__builder.hpp
[23.582s] -- Installing: /home/d-lab/workspace/ros_ur_driver/src/install/ur_msgs/include/ur_msgs/msg/detail/robot_state_rt_msg__struct.hpp
[23.582s] -- Installing: /home/d-lab/workspace/ros_ur_driver/src/install/ur_msgs/include/ur_msgs/msg/detail/analog__struct.hpp
[23.582s] -- Installing: /home/d-lab/workspace/ros_ur_driver/src/install/ur_msgs/include/ur_msgs/msg/detail/robot_state_rt_msg__builder.hpp
[23.582s] -- Up-to-date: /home/d-lab/workspace/ros_ur_driver/src/install/ur_msgs/include/ur_msgs
[23.582s] -- Up-to-date: /home/d-lab/workspace/ros_ur_driver/src/install/ur_msgs/include/ur_msgs/srv
[23.582s] -- Up-to-date: /home/d-lab/workspace/ros_ur_driver/src/install/ur_msgs/include/ur_msgs/srv/detail
[23.583s] -- Installing: /home/d-lab/workspace/ros_ur_driver/src/install/ur_msgs/include/ur_msgs/srv/detail/set_io__rosidl_typesupport_introspection_cpp.hpp
[23.583s] -- Installing: /home/d-lab/workspace/ros_ur_driver/src/install/ur_msgs/include/ur_msgs/srv/detail/set_payload__rosidl_typesupport_introspection_cpp.hpp
[23.583s] -- Installing: /home/d-lab/workspace/ros_ur_driver/src/install/ur_msgs/include/ur_msgs/srv/detail/set_io__type_support.cpp
[23.583s] -- Installing: /home/d-lab/workspace/ros_ur_driver/src/install/ur_msgs/include/ur_msgs/srv/detail/set_speed_slider_fraction__type_support.cpp
[23.583s] -- Installing: /home/d-lab/workspace/ros_ur_driver/src/install/ur_msgs/include/ur_msgs/srv/detail/set_speed_slider_fraction__rosidl_typesupport_introspection_cpp.hpp
[23.583s] -- Installing: /home/d-lab/workspace/ros_ur_driver/src/install/ur_msgs/include/ur_msgs/srv/detail/set_payload__type_support.cpp
[23.583s] -- Up-to-date: /home/d-lab/workspace/ros_ur_driver/src/install/ur_msgs/include/ur_msgs/msg
[23.583s] -- Up-to-date: /home/d-lab/workspace/ros_ur_driver/src/install/ur_msgs/include/ur_msgs/msg/detail
[23.583s] -- Installing: /home/d-lab/workspace/ros_ur_driver/src/install/ur_msgs/include/ur_msgs/msg/detail/tool_data_msg__rosidl_typesupport_introspection_cpp.hpp
[23.583s] -- Installing: /home/d-lab/workspace/ros_ur_driver/src/install/ur_msgs/include/ur_msgs/msg/detail/io_states__rosidl_typesupport_introspection_cpp.hpp
[23.583s] -- Installing: /home/d-lab/workspace/ros_ur_driver/src/install/ur_msgs/include/ur_msgs/msg/detail/robot_state_rt_msg__type_support.cpp
[23.583s] -- Installing: /home/d-lab/workspace/ros_ur_driver/src/install/ur_msgs/include/ur_msgs/msg/detail/analog__type_support.cpp
[23.583s] -- Installing: /home/d-lab/workspace/ros_ur_driver/src/install/ur_msgs/include/ur_msgs/msg/detail/robot_state_rt_msg__rosidl_typesupport_introspection_cpp.hpp
[23.583s] -- Installing: /home/d-lab/workspace/ros_ur_driver/src/install/ur_msgs/include/ur_msgs/msg/detail/analog__rosidl_typesupport_introspection_cpp.hpp
[23.583s] -- Installing: /home/d-lab/workspace/ros_ur_driver/src/install/ur_msgs/include/ur_msgs/msg/detail/robot_mode_data_msg__type_support.cpp
[23.583s] -- Installing: /home/d-lab/workspace/ros_ur_driver/src/install/ur_msgs/include/ur_msgs/msg/detail/robot_mode_data_msg__rosidl_typesupport_introspection_cpp.hpp
[23.584s] -- Installing: /home/d-lab/workspace/ros_ur_driver/src/install/ur_msgs/include/ur_msgs/msg/detail/digital__type_support.cpp
[23.584s] -- Installing: /home/d-lab/workspace/ros_ur_driver/src/install/ur_msgs/include/ur_msgs/msg/detail/tool_data_msg__type_support.cpp
[23.584s] -- Installing: /home/d-lab/workspace/ros_ur_driver/src/install/ur_msgs/include/ur_msgs/msg/detail/digital__rosidl_typesupport_introspection_cpp.hpp
[23.584s] -- Installing: /home/d-lab/workspace/ros_ur_driver/src/install/ur_msgs/include/ur_msgs/msg/detail/io_states__type_support.cpp
[23.584s] -- Installing: /home/d-lab/workspace/ros_ur_driver/src/install/ur_msgs/include/ur_msgs/msg/detail/masterboard_data_msg__rosidl_typesupport_introspection_cpp.hpp
[23.584s] -- Installing: /home/d-lab/workspace/ros_ur_driver/src/install/ur_msgs/include/ur_msgs/msg/detail/masterboard_data_msg__type_support.cpp
[23.584s] -- Installing: /home/d-lab/workspace/ros_ur_driver/src/install/ur_msgs/lib/libur_msgs__rosidl_typesupport_introspection_cpp.so
[23.584s] -- Set runtime path of "/home/d-lab/workspace/ros_ur_driver/src/install/ur_msgs/lib/libur_msgs__rosidl_typesupport_introspection_cpp.so" to ""
[23.584s] -- Installing: /home/d-lab/workspace/ros_ur_driver/src/install/ur_msgs/lib/libur_msgs__rosidl_typesupport_cpp.so
[23.584s] -- Set runtime path of "/home/d-lab/workspace/ros_ur_driver/src/install/ur_msgs/lib/libur_msgs__rosidl_typesupport_cpp.so" to ""
[23.584s] -- Installing: /home/d-lab/workspace/ros_ur_driver/src/install/ur_msgs/share/ur_msgs/environment/pythonpath.sh
[23.584s] -- Installing: /home/d-lab/workspace/ros_ur_driver/src/install/ur_msgs/share/ur_msgs/environment/pythonpath.dsv
[23.584s] -- Installing: /home/d-lab/workspace/ros_ur_driver/src/install/ur_msgs/lib/python3.8/site-packages/ur_msgs/__init__.py
[23.622s] Compiling '/home/d-lab/workspace/ros_ur_driver/src/install/ur_msgs/lib/python3.8/site-packages/ur_msgs/__init__.py'...
[23.627s] -- Installing: /home/d-lab/workspace/ros_ur_driver/src/install/ur_msgs/lib/python3.8/site-packages/ur_msgs/msg
[23.627s] -- Installing: /home/d-lab/workspace/ros_ur_driver/src/install/ur_msgs/lib/python3.8/site-packages/ur_msgs/msg/_tool_data_msg_s.c
[23.627s] -- Installing: /home/d-lab/workspace/ros_ur_driver/src/install/ur_msgs/lib/python3.8/site-packages/ur_msgs/msg/_analog.py
[23.627s] -- Installing: /home/d-lab/workspace/ros_ur_driver/src/install/ur_msgs/lib/python3.8/site-packages/ur_msgs/msg/_analog_s.c
[23.627s] -- Installing: /home/d-lab/workspace/ros_ur_driver/src/install/ur_msgs/lib/python3.8/site-packages/ur_msgs/msg/_robot_mode_data_msg_s.c
[23.627s] -- Installing: /home/d-lab/workspace/ros_ur_driver/src/install/ur_msgs/lib/python3.8/site-packages/ur_msgs/msg/_tool_data_msg.py
[23.627s] -- Installing: /home/d-lab/workspace/ros_ur_driver/src/install/ur_msgs/lib/python3.8/site-packages/ur_msgs/msg/_robot_state_rt_msg_s.c
[23.627s] -- Installing: /home/d-lab/workspace/ros_ur_driver/src/install/ur_msgs/lib/python3.8/site-packages/ur_msgs/msg/_digital.py
[23.627s] -- Installing: /home/d-lab/workspace/ros_ur_driver/src/install/ur_msgs/lib/python3.8/site-packages/ur_msgs/msg/_io_states_s.c
[23.628s] -- Installing: /home/d-lab/workspace/ros_ur_driver/src/install/ur_msgs/lib/python3.8/site-packages/ur_msgs/msg/_robot_state_rt_msg.py
[23.628s] -- Installing: /home/d-lab/workspace/ros_ur_driver/src/install/ur_msgs/lib/python3.8/site-packages/ur_msgs/msg/_digital_s.c
[23.628s] -- Installing: /home/d-lab/workspace/ros_ur_driver/src/install/ur_msgs/lib/python3.8/site-packages/ur_msgs/msg/__init__.py
[23.628s] -- Installing: /home/d-lab/workspace/ros_ur_driver/src/install/ur_msgs/lib/python3.8/site-packages/ur_msgs/msg/_io_states.py
[23.628s] -- Installing: /home/d-lab/workspace/ros_ur_driver/src/install/ur_msgs/lib/python3.8/site-packages/ur_msgs/msg/_robot_mode_data_msg.py
[23.628s] -- Installing: /home/d-lab/workspace/ros_ur_driver/src/install/ur_msgs/lib/python3.8/site-packages/ur_msgs/msg/_masterboard_data_msg_s.c
[23.628s] -- Installing: /home/d-lab/workspace/ros_ur_driver/src/install/ur_msgs/lib/python3.8/site-packages/ur_msgs/msg/_masterboard_data_msg.py
[23.629s] -- Installing: /home/d-lab/workspace/ros_ur_driver/src/install/ur_msgs/lib/python3.8/site-packages/ur_msgs/srv
[23.629s] -- Installing: /home/d-lab/workspace/ros_ur_driver/src/install/ur_msgs/lib/python3.8/site-packages/ur_msgs/srv/_set_payload_s.c
[23.629s] -- Installing: /home/d-lab/workspace/ros_ur_driver/src/install/ur_msgs/lib/python3.8/site-packages/ur_msgs/srv/_set_io_s.c
[23.629s] -- Installing: /home/d-lab/workspace/ros_ur_driver/src/install/ur_msgs/lib/python3.8/site-packages/ur_msgs/srv/_set_io.py
[23.629s] -- Installing: /home/d-lab/workspace/ros_ur_driver/src/install/ur_msgs/lib/python3.8/site-packages/ur_msgs/srv/__init__.py
[23.629s] -- Installing: /home/d-lab/workspace/ros_ur_driver/src/install/ur_msgs/lib/python3.8/site-packages/ur_msgs/srv/_set_speed_slider_fraction.py
[23.630s] -- Installing: /home/d-lab/workspace/ros_ur_driver/src/install/ur_msgs/lib/python3.8/site-packages/ur_msgs/srv/_set_speed_slider_fraction_s.c
[23.630s] -- Installing: /home/d-lab/workspace/ros_ur_driver/src/install/ur_msgs/lib/python3.8/site-packages/ur_msgs/srv/_set_payload.py
[23.630s] -- Installing: /home/d-lab/workspace/ros_ur_driver/src/install/ur_msgs/lib/python3.8/site-packages/ur_msgs/ur_msgs_s__rosidl_typesupport_fastrtps_c.cpython-38-x86_64-linux-gnu.so
[23.631s] -- Set runtime path of "/home/d-lab/workspace/ros_ur_driver/src/install/ur_msgs/lib/python3.8/site-packages/ur_msgs/ur_msgs_s__rosidl_typesupport_fastrtps_c.cpython-38-x86_64-linux-gnu.so" to ""
[23.631s] -- Installing: /home/d-lab/workspace/ros_ur_driver/src/install/ur_msgs/lib/python3.8/site-packages/ur_msgs/ur_msgs_s__rosidl_typesupport_introspection_c.cpython-38-x86_64-linux-gnu.so
[23.632s] -- Set runtime path of "/home/d-lab/workspace/ros_ur_driver/src/install/ur_msgs/lib/python3.8/site-packages/ur_msgs/ur_msgs_s__rosidl_typesupport_introspection_c.cpython-38-x86_64-linux-gnu.so" to ""
[23.632s] -- Installing: /home/d-lab/workspace/ros_ur_driver/src/install/ur_msgs/lib/python3.8/site-packages/ur_msgs/ur_msgs_s__rosidl_typesupport_c.cpython-38-x86_64-linux-gnu.so
[23.633s] -- Set runtime path of "/home/d-lab/workspace/ros_ur_driver/src/install/ur_msgs/lib/python3.8/site-packages/ur_msgs/ur_msgs_s__rosidl_typesupport_c.cpython-38-x86_64-linux-gnu.so" to ""
[23.633s] -- Installing: /home/d-lab/workspace/ros_ur_driver/src/install/ur_msgs/lib/libur_msgs__python.so
[23.634s] -- Set runtime path of "/home/d-lab/workspace/ros_ur_driver/src/install/ur_msgs/lib/libur_msgs__python.so" to ""
[23.634s] -- Installing: /home/d-lab/workspace/ros_ur_driver/src/install/ur_msgs/share/ur_msgs/msg/Analog.idl
[23.635s] -- Installing: /home/d-lab/workspace/ros_ur_driver/src/install/ur_msgs/share/ur_msgs/msg/Digital.idl
[23.635s] -- Installing: /home/d-lab/workspace/ros_ur_driver/src/install/ur_msgs/share/ur_msgs/msg/IOStates.idl
[23.635s] -- Installing: /home/d-lab/workspace/ros_ur_driver/src/install/ur_msgs/share/ur_msgs/msg/RobotStateRTMsg.idl
[23.635s] -- Installing: /home/d-lab/workspace/ros_ur_driver/src/install/ur_msgs/share/ur_msgs/msg/MasterboardDataMsg.idl
[23.635s] -- Installing: /home/d-lab/workspace/ros_ur_driver/src/install/ur_msgs/share/ur_msgs/msg/RobotModeDataMsg.idl
[23.635s] -- Installing: /home/d-lab/workspace/ros_ur_driver/src/install/ur_msgs/share/ur_msgs/msg/ToolDataMsg.idl
[23.636s] -- Installing: /home/d-lab/workspace/ros_ur_driver/src/install/ur_msgs/share/ur_msgs/srv/SetPayload.idl
[23.636s] -- Installing: /home/d-lab/workspace/ros_ur_driver/src/install/ur_msgs/share/ur_msgs/srv/SetSpeedSliderFraction.idl
[23.636s] -- Installing: /home/d-lab/workspace/ros_ur_driver/src/install/ur_msgs/share/ur_msgs/srv/SetIO.idl
[23.636s] -- Installing: /home/d-lab/workspace/ros_ur_driver/src/install/ur_msgs/share/ur_msgs/msg/Analog.msg
[23.636s] -- Installing: /home/d-lab/workspace/ros_ur_driver/src/install/ur_msgs/share/ur_msgs/msg/Digital.msg
[23.636s] -- Installing: /home/d-lab/workspace/ros_ur_driver/src/install/ur_msgs/share/ur_msgs/msg/IOStates.msg
[23.636s] -- Installing: /home/d-lab/workspace/ros_ur_driver/src/install/ur_msgs/share/ur_msgs/msg/RobotStateRTMsg.msg
[23.636s] -- Installing: /home/d-lab/workspace/ros_ur_driver/src/install/ur_msgs/share/ur_msgs/msg/MasterboardDataMsg.msg
[23.636s] -- Installing: /home/d-lab/workspace/ros_ur_driver/src/install/ur_msgs/share/ur_msgs/msg/RobotModeDataMsg.msg
[23.637s] -- Installing: /home/d-lab/workspace/ros_ur_driver/src/install/ur_msgs/share/ur_msgs/msg/ToolDataMsg.msg
[23.637s] -- Installing: /home/d-lab/workspace/ros_ur_driver/src/install/ur_msgs/share/ur_msgs/srv/SetPayload.srv
[23.637s] -- Installing: /home/d-lab/workspace/ros_ur_driver/src/install/ur_msgs/share/ur_msgs/srv/SetPayload_Request.msg
[23.637s] -- Installing: /home/d-lab/workspace/ros_ur_driver/src/install/ur_msgs/share/ur_msgs/srv/SetPayload_Response.msg
[23.637s] -- Installing: /home/d-lab/workspace/ros_ur_driver/src/install/ur_msgs/share/ur_msgs/srv/SetSpeedSliderFraction.srv
[23.637s] -- Installing: /home/d-lab/workspace/ros_ur_driver/src/install/ur_msgs/share/ur_msgs/srv/SetSpeedSliderFraction_Request.msg
[23.637s] -- Installing: /home/d-lab/workspace/ros_ur_driver/src/install/ur_msgs/share/ur_msgs/srv/SetSpeedSliderFraction_Response.msg
[23.637s] -- Installing: /home/d-lab/workspace/ros_ur_driver/src/install/ur_msgs/share/ur_msgs/srv/SetIO.srv
[23.638s] -- Installing: /home/d-lab/workspace/ros_ur_driver/src/install/ur_msgs/share/ur_msgs/srv/SetIO_Request.msg
[23.638s] -- Installing: /home/d-lab/workspace/ros_ur_driver/src/install/ur_msgs/share/ur_msgs/srv/SetIO_Response.msg
[23.638s] -- Installing: /home/d-lab/workspace/ros_ur_driver/src/install/ur_msgs/share/ament_index/resource_index/package_run_dependencies/ur_msgs
[23.638s] -- Installing: /home/d-lab/workspace/ros_ur_driver/src/install/ur_msgs/share/ament_index/resource_index/parent_prefix_path/ur_msgs
[23.638s] -- Installing: /home/d-lab/workspace/ros_ur_driver/src/install/ur_msgs/share/ur_msgs/environment/ament_prefix_path.sh
[23.638s] -- Installing: /home/d-lab/workspace/ros_ur_driver/src/install/ur_msgs/share/ur_msgs/environment/ament_prefix_path.dsv
[23.638s] -- Installing: /home/d-lab/workspace/ros_ur_driver/src/install/ur_msgs/share/ur_msgs/environment/path.sh
[23.638s] -- Installing: /home/d-lab/workspace/ros_ur_driver/src/install/ur_msgs/share/ur_msgs/environment/path.dsv
[23.639s] -- Installing: /home/d-lab/workspace/ros_ur_driver/src/install/ur_msgs/share/ur_msgs/local_setup.bash
[23.639s] -- Installing: /home/d-lab/workspace/ros_ur_driver/src/install/ur_msgs/share/ur_msgs/local_setup.sh
[23.639s] -- Installing: /home/d-lab/workspace/ros_ur_driver/src/install/ur_msgs/share/ur_msgs/local_setup.zsh
[23.639s] -- Installing: /home/d-lab/workspace/ros_ur_driver/src/install/ur_msgs/share/ur_msgs/local_setup.dsv
[23.639s] -- Installing: /home/d-lab/workspace/ros_ur_driver/src/install/ur_msgs/share/ur_msgs/package.dsv
[23.639s] -- Installing: /home/d-lab/workspace/ros_ur_driver/src/install/ur_msgs/share/ament_index/resource_index/packages/ur_msgs
[23.639s] -- Installing: /home/d-lab/workspace/ros_ur_driver/src/install/ur_msgs/share/ur_msgs/cmake/ur_msgs__rosidl_generator_cExport.cmake
[23.640s] -- Installing: /home/d-lab/workspace/ros_ur_driver/src/install/ur_msgs/share/ur_msgs/cmake/ur_msgs__rosidl_generator_cExport-noconfig.cmake
[23.640s] -- Installing: /home/d-lab/workspace/ros_ur_driver/src/install/ur_msgs/share/ur_msgs/cmake/ur_msgs__rosidl_typesupport_introspection_cExport.cmake
[23.640s] -- Installing: /home/d-lab/workspace/ros_ur_driver/src/install/ur_msgs/share/ur_msgs/cmake/ur_msgs__rosidl_typesupport_introspection_cExport-noconfig.cmake
[23.640s] -- Installing: /home/d-lab/workspace/ros_ur_driver/src/install/ur_msgs/share/ur_msgs/cmake/ur_msgs__rosidl_typesupport_cExport.cmake
[23.640s] -- Installing: /home/d-lab/workspace/ros_ur_driver/src/install/ur_msgs/share/ur_msgs/cmake/ur_msgs__rosidl_typesupport_cExport-noconfig.cmake
[23.641s] -- Installing: /home/d-lab/workspace/ros_ur_driver/src/install/ur_msgs/share/ur_msgs/cmake/ur_msgs__rosidl_generator_cppExport.cmake
[23.641s] -- Installing: /home/d-lab/workspace/ros_ur_driver/src/install/ur_msgs/share/ur_msgs/cmake/ur_msgs__rosidl_typesupport_introspection_cppExport.cmake
[23.641s] -- Installing: /home/d-lab/workspace/ros_ur_driver/src/install/ur_msgs/share/ur_msgs/cmake/ur_msgs__rosidl_typesupport_introspection_cppExport-noconfig.cmake
[23.641s] -- Installing: /home/d-lab/workspace/ros_ur_driver/src/install/ur_msgs/share/ur_msgs/cmake/ur_msgs__rosidl_typesupport_cppExport.cmake
[23.641s] -- Installing: /home/d-lab/workspace/ros_ur_driver/src/install/ur_msgs/share/ur_msgs/cmake/ur_msgs__rosidl_typesupport_cppExport-noconfig.cmake
[23.641s] -- Installing: /home/d-lab/workspace/ros_ur_driver/src/install/ur_msgs/share/ur_msgs/cmake/rosidl_cmake-extras.cmake
[23.641s] -- Installing: /home/d-lab/workspace/ros_ur_driver/src/install/ur_msgs/share/ur_msgs/cmake/ament_cmake_export_dependencies-extras.cmake
[23.641s] -- Installing: /home/d-lab/workspace/ros_ur_driver/src/install/ur_msgs/share/ur_msgs/cmake/ament_cmake_export_libraries-extras.cmake
[23.641s] -- Installing: /home/d-lab/workspace/ros_ur_driver/src/install/ur_msgs/share/ur_msgs/cmake/ament_cmake_export_targets-extras.cmake
[23.642s] -- Installing: /home/d-lab/workspace/ros_ur_driver/src/install/ur_msgs/share/ur_msgs/cmake/ament_cmake_export_include_directories-extras.cmake
[23.642s] -- Installing: /home/d-lab/workspace/ros_ur_driver/src/install/ur_msgs/share/ur_msgs/cmake/rosidl_cmake_export_typesupport_libraries-extras.cmake
[23.642s] -- Installing: /home/d-lab/workspace/ros_ur_driver/src/install/ur_msgs/share/ur_msgs/cmake/rosidl_cmake_export_typesupport_targets-extras.cmake
[23.642s] -- Installing: /home/d-lab/workspace/ros_ur_driver/src/install/ur_msgs/share/ur_msgs/cmake/ur_msgsConfig.cmake
[23.642s] -- Installing: /home/d-lab/workspace/ros_ur_driver/src/install/ur_msgs/share/ur_msgs/cmake/ur_msgsConfig-version.cmake
[23.642s] -- Installing: /home/d-lab/workspace/ros_ur_driver/src/install/ur_msgs/share/ur_msgs/package.xml
[23.645s] Invoked command in '/home/d-lab/workspace/ros_ur_driver/src/build/ur_msgs' returned '0': CMAKE_PREFIX_PATH=${CMAKE_PREFIX_PATH}:/home/d-lab/workspace/ros_ur_driver/install/ros2controlcli:/home/d-lab/workspace/ros_ur_driver/install/ros2_control_test_nodes:/opt/ros/foxy /usr/bin/cmake --install /home/d-lab/workspace/ros_ur_driver/src/build/ur_msgs
