[0.227s] Invoking command in '/home/d-lab/workspace/ros_ur_driver/build/move_arm_interfaces': CMAKE_PREFIX_PATH=/home/d-lab/workspace/ros_ur_driver/install/run_ompl_constrained_planning:/home/d-lab/workspace/ros_ur_driver/install/run_moveit_cpp:/home/d-lab/workspace/ros_ur_driver/install/run_move_group:/home/d-lab/workspace/ros_ur_driver/install/warehouse_ros_mongo:/home/d-lab/workspace/ros_ur_driver/install/ros2_controllers:/home/d-lab/workspace/ros_ur_driver/install/velocity_controllers:/home/d-lab/workspace/ros_ur_driver/install/ur_robot_driver:/home/d-lab/workspace/ros_ur_driver/install/ur_controllers:/home/d-lab/workspace/ros_ur_driver/install/ur_msgs:/home/d-lab/workspace/ros_ur_driver/install/ur_moveit_config:/home/d-lab/workspace/ros_ur_driver/install/ur_description:/home/d-lab/workspace/ros_ur_driver/install/ur_dashboard_msgs:/home/d-lab/workspace/ros_ur_driver/install/ur_client_library:/home/d-lab/workspace/ros_ur_driver/install/ur_bringup:/home/d-lab/workspace/ros_ur_driver/install/ur5_robotiq_moveit_config:/home/d-lab/workspace/ros_ur_driver/install/transmission_interface:/home/d-lab/workspace/ros_ur_driver/install/srdfdom:/home/d-lab/workspace/ros_ur_driver/install/move_arm:/home/d-lab/workspace/ros_ur_driver/install/moveit_visual_tools:/home/d-lab/workspace/ros_ur_driver/install/rviz_visual_tools:/home/d-lab/workspace/ros_ur_driver/install/ros2_control_demos:/home/d-lab/workspace/ros_ur_driver/install/ros2_control_demo_bringup:/home/d-lab/workspace/ros_ur_driver/install/rrbot_description:/home/d-lab/workspace/ros_ur_driver/install/ros2_control:/home/d-lab/workspace/ros_ur_driver/install/utils:/home/d-lab/workspace/ros_ur_driver/install/ros2controlcli:/home/d-lab/workspace/ros_ur_driver/install/ros2_control_test_nodes:/home/d-lab/workspace/ros_ur_driver/install/robotiq_control:/home/d-lab/workspace/ros_ur_driver/install/gripper_control:/opt/ros/foxy:/home/d-lab/workspace/ros_ur_driver/install/cartesian_controller_examples:/home/d-lab/workspace/ros_ur_driver/install/controller_manager:/home/d-lab/workspace/ros_ur_driver/install/ros2_control_test_assets:/home/d-lab/workspace/ros_ur_driver/install/ros2_control_demo_hardware:/home/d-lab/workspace/ros_ur_driver/install/robotiq_description:/home/d-lab/workspace/ros_ur_driver/install/position_controllers:/home/d-lab/workspace/ros_ur_driver/install/move_arm_cpp:/home/d-lab/workspace/ros_ur_driver/install/move_arm_interface:/home/d-lab/workspace/ros_ur_driver/install/joint_trajectory_controller:/home/d-lab/workspace/ros_ur_driver/install/joint_state_controller:/home/d-lab/workspace/ros_ur_driver/install/joint_state_broadcaster:/home/d-lab/workspace/ros_ur_driver/install/imu_sensor_broadcaster:/home/d-lab/workspace/ros_ur_driver/install/gripper_controllers:/home/d-lab/workspace/ros_ur_driver/install/effort_controllers:/home/d-lab/workspace/ros_ur_driver/install/forward_command_controller:/home/d-lab/workspace/ros_ur_driver/install/force_torque_sensor_broadcaster:/home/d-lab/workspace/ros_ur_driver/install/diff_drive_controller:/home/d-lab/workspace/ros_ur_driver/install/cartesian_compliance_controller:/home/d-lab/workspace/ros_ur_driver/install/cartesian_motion_controller:/home/d-lab/workspace/ros_ur_driver/install/cartesian_force_controller:/home/d-lab/workspace/ros_ur_driver/install/cartesian_controller_handles:/home/d-lab/workspace/ros_ur_driver/install/cartesian_controller_base:/home/d-lab/workspace/ros_ur_driver/install/controller_interface:/home/d-lab/workspace/ros_ur_driver/install/hardware_interface:/home/d-lab/workspace/ros_ur_driver/install/graph_msgs:/home/d-lab/workspace/ros_ur_driver/install/filters:/home/d-lab/workspace/ros_ur_driver/install/eigen3_cmake_module:/home/d-lab/workspace/ros_ur_driver/install/diffbot_description:/home/d-lab/workspace/ros_ur_driver/install/controller_manager_msgs:/home/d-lab/workspace/ros_ur_driver/install/control_msgs:/home/d-lab/workspace/ros_ur_driver/install/chomp_motion_planner:/home/d-lab/workspace/ros_ur_driver/install/action_tutorials_interfaces /usr/bin/cmake /home/d-lab/workspace/ros_ur_driver/src/action_tutorials_interfaces -DCMAKE_INSTALL_PREFIX=/home/d-lab/workspace/ros_ur_driver/install/move_arm_interfaces
[0.479s] -- The C compiler identification is GNU 9.4.0
[0.479s] -- The CXX compiler identification is GNU 9.4.0
[0.479s] -- Check for working C compiler: /usr/bin/cc
[0.481s] -- Check for working C compiler: /usr/bin/cc -- works
[0.481s] -- Detecting C compiler ABI info
[0.497s] -- Detecting C compiler ABI info - done
[0.502s] -- Detecting C compile features
[0.503s] -- Detecting C compile features - done
[0.506s] -- Check for working CXX compiler: /usr/bin/c++
[0.609s] -- Check for working CXX compiler: /usr/bin/c++ -- works
[0.609s] -- Detecting CXX compiler ABI info
[0.698s] -- Detecting CXX compiler ABI info - done
[0.707s] -- Detecting CXX compile features
[0.710s] -- Detecting CXX compile features - done
[0.711s] -- Found ament_cmake: 0.9.9 (/opt/ros/foxy/share/ament_cmake/cmake)
[0.737s] -- Found PythonInterp: /usr/bin/python3 (found suitable version "3.8.10", minimum required is "3") 
[0.738s] -- Using PYTHON_EXECUTABLE: /usr/bin/python3
[0.931s] -- Found rosidl_default_generators: 1.0.1 (/opt/ros/foxy/share/rosidl_default_generators/cmake)
[0.949s] -- Using all available rosidl_typesupport_c: rosidl_typesupport_fastrtps_c;rosidl_typesupport_introspection_c
[0.960s] -- Found rosidl_adapter: 1.2.1 (/opt/ros/foxy/share/rosidl_adapter/cmake)
[1.066s] -- Found OpenSSL: /usr/lib/x86_64-linux-gnu/libcrypto.so (found version "1.1.1f")  
[1.097s] -- Found FastRTPS: /opt/ros/foxy/include  
[1.399s] -- Using all available rosidl_typesupport_cpp: rosidl_typesupport_fastrtps_cpp;rosidl_typesupport_introspection_cpp
[1.403s] -- Found PythonInterp: /usr/bin/python3 (found version "3.8.10") 
[1.411s] -- Found ament_cmake_ros: 0.9.2 (/opt/ros/foxy/share/ament_cmake_ros/cmake)
[1.593s] -- Using all available rosidl_typesupport_c: rosidl_typesupport_fastrtps_c;rosidl_typesupport_introspection_c
[1.636s] -- Using all available rosidl_typesupport_cpp: rosidl_typesupport_fastrtps_cpp;rosidl_typesupport_introspection_cpp
[1.669s] -- Found PythonInterp: /usr/bin/python3 (found suitable version "3.8.10", minimum required is "3.5") 
[1.673s] -- Found python_cmake_module: 0.8.1 (/opt/ros/foxy/share/python_cmake_module/cmake)
[1.699s] -- Found PythonLibs: /usr/lib/x86_64-linux-gnu/libpython3.8.so (found suitable version "3.8.10", minimum required is "3.5") 
[1.699s] -- Using PYTHON_EXECUTABLE: /usr/bin/python3
[1.699s] -- Using PYTHON_INCLUDE_DIRS: /usr/include/python3.8
[1.699s] -- Using PYTHON_LIBRARIES: /usr/lib/x86_64-linux-gnu/libpython3.8.so
[1.718s] -- Found PythonExtra: .so  
[1.791s] -- Found ament_lint_auto: 0.9.6 (/opt/ros/foxy/share/ament_lint_auto/cmake)
[1.814s] -- Added test 'copyright' to check source files copyright and LICENSE
[1.815s] -- Added test 'lint_cmake' to check CMake code style
[1.816s] -- Added test 'xmllint' to check XML markup files
[1.820s] -- Configuring done
[1.850s] -- Generating done
[1.852s] -- Build files have been written to: /home/d-lab/workspace/ros_ur_driver/build/move_arm_interfaces
[1.859s] Invoked command in '/home/d-lab/workspace/ros_ur_driver/build/move_arm_interfaces' returned '0': CMAKE_PREFIX_PATH=/home/d-lab/workspace/ros_ur_driver/install/run_ompl_constrained_planning:/home/d-lab/workspace/ros_ur_driver/install/run_moveit_cpp:/home/d-lab/workspace/ros_ur_driver/install/run_move_group:/home/d-lab/workspace/ros_ur_driver/install/warehouse_ros_mongo:/home/d-lab/workspace/ros_ur_driver/install/ros2_controllers:/home/d-lab/workspace/ros_ur_driver/install/velocity_controllers:/home/d-lab/workspace/ros_ur_driver/install/ur_robot_driver:/home/d-lab/workspace/ros_ur_driver/install/ur_controllers:/home/d-lab/workspace/ros_ur_driver/install/ur_msgs:/home/d-lab/workspace/ros_ur_driver/install/ur_moveit_config:/home/d-lab/workspace/ros_ur_driver/install/ur_description:/home/d-lab/workspace/ros_ur_driver/install/ur_dashboard_msgs:/home/d-lab/workspace/ros_ur_driver/install/ur_client_library:/home/d-lab/workspace/ros_ur_driver/install/ur_bringup:/home/d-lab/workspace/ros_ur_driver/install/ur5_robotiq_moveit_config:/home/d-lab/workspace/ros_ur_driver/install/transmission_interface:/home/d-lab/workspace/ros_ur_driver/install/srdfdom:/home/d-lab/workspace/ros_ur_driver/install/move_arm:/home/d-lab/workspace/ros_ur_driver/install/moveit_visual_tools:/home/d-lab/workspace/ros_ur_driver/install/rviz_visual_tools:/home/d-lab/workspace/ros_ur_driver/install/ros2_control_demos:/home/d-lab/workspace/ros_ur_driver/install/ros2_control_demo_bringup:/home/d-lab/workspace/ros_ur_driver/install/rrbot_description:/home/d-lab/workspace/ros_ur_driver/install/ros2_control:/home/d-lab/workspace/ros_ur_driver/install/utils:/home/d-lab/workspace/ros_ur_driver/install/ros2controlcli:/home/d-lab/workspace/ros_ur_driver/install/ros2_control_test_nodes:/home/d-lab/workspace/ros_ur_driver/install/robotiq_control:/home/d-lab/workspace/ros_ur_driver/install/gripper_control:/opt/ros/foxy:/home/d-lab/workspace/ros_ur_driver/install/cartesian_controller_examples:/home/d-lab/workspace/ros_ur_driver/install/controller_manager:/home/d-lab/workspace/ros_ur_driver/install/ros2_control_test_assets:/home/d-lab/workspace/ros_ur_driver/install/ros2_control_demo_hardware:/home/d-lab/workspace/ros_ur_driver/install/robotiq_description:/home/d-lab/workspace/ros_ur_driver/install/position_controllers:/home/d-lab/workspace/ros_ur_driver/install/move_arm_cpp:/home/d-lab/workspace/ros_ur_driver/install/move_arm_interface:/home/d-lab/workspace/ros_ur_driver/install/joint_trajectory_controller:/home/d-lab/workspace/ros_ur_driver/install/joint_state_controller:/home/d-lab/workspace/ros_ur_driver/install/joint_state_broadcaster:/home/d-lab/workspace/ros_ur_driver/install/imu_sensor_broadcaster:/home/d-lab/workspace/ros_ur_driver/install/gripper_controllers:/home/d-lab/workspace/ros_ur_driver/install/effort_controllers:/home/d-lab/workspace/ros_ur_driver/install/forward_command_controller:/home/d-lab/workspace/ros_ur_driver/install/force_torque_sensor_broadcaster:/home/d-lab/workspace/ros_ur_driver/install/diff_drive_controller:/home/d-lab/workspace/ros_ur_driver/install/cartesian_compliance_controller:/home/d-lab/workspace/ros_ur_driver/install/cartesian_motion_controller:/home/d-lab/workspace/ros_ur_driver/install/cartesian_force_controller:/home/d-lab/workspace/ros_ur_driver/install/cartesian_controller_handles:/home/d-lab/workspace/ros_ur_driver/install/cartesian_controller_base:/home/d-lab/workspace/ros_ur_driver/install/controller_interface:/home/d-lab/workspace/ros_ur_driver/install/hardware_interface:/home/d-lab/workspace/ros_ur_driver/install/graph_msgs:/home/d-lab/workspace/ros_ur_driver/install/filters:/home/d-lab/workspace/ros_ur_driver/install/eigen3_cmake_module:/home/d-lab/workspace/ros_ur_driver/install/diffbot_description:/home/d-lab/workspace/ros_ur_driver/install/controller_manager_msgs:/home/d-lab/workspace/ros_ur_driver/install/control_msgs:/home/d-lab/workspace/ros_ur_driver/install/chomp_motion_planner:/home/d-lab/workspace/ros_ur_driver/install/action_tutorials_interfaces /usr/bin/cmake /home/d-lab/workspace/ros_ur_driver/src/action_tutorials_interfaces -DCMAKE_INSTALL_PREFIX=/home/d-lab/workspace/ros_ur_driver/install/move_arm_interfaces
[1.861s] Invoking command in '/home/d-lab/workspace/ros_ur_driver/build/move_arm_interfaces': CMAKE_PREFIX_PATH=/home/d-lab/workspace/ros_ur_driver/install/run_ompl_constrained_planning:/home/d-lab/workspace/ros_ur_driver/install/run_moveit_cpp:/home/d-lab/workspace/ros_ur_driver/install/run_move_group:/home/d-lab/workspace/ros_ur_driver/install/warehouse_ros_mongo:/home/d-lab/workspace/ros_ur_driver/install/ros2_controllers:/home/d-lab/workspace/ros_ur_driver/install/velocity_controllers:/home/d-lab/workspace/ros_ur_driver/install/ur_robot_driver:/home/d-lab/workspace/ros_ur_driver/install/ur_controllers:/home/d-lab/workspace/ros_ur_driver/install/ur_msgs:/home/d-lab/workspace/ros_ur_driver/install/ur_moveit_config:/home/d-lab/workspace/ros_ur_driver/install/ur_description:/home/d-lab/workspace/ros_ur_driver/install/ur_dashboard_msgs:/home/d-lab/workspace/ros_ur_driver/install/ur_client_library:/home/d-lab/workspace/ros_ur_driver/install/ur_bringup:/home/d-lab/workspace/ros_ur_driver/install/ur5_robotiq_moveit_config:/home/d-lab/workspace/ros_ur_driver/install/transmission_interface:/home/d-lab/workspace/ros_ur_driver/install/srdfdom:/home/d-lab/workspace/ros_ur_driver/install/move_arm:/home/d-lab/workspace/ros_ur_driver/install/moveit_visual_tools:/home/d-lab/workspace/ros_ur_driver/install/rviz_visual_tools:/home/d-lab/workspace/ros_ur_driver/install/ros2_control_demos:/home/d-lab/workspace/ros_ur_driver/install/ros2_control_demo_bringup:/home/d-lab/workspace/ros_ur_driver/install/rrbot_description:/home/d-lab/workspace/ros_ur_driver/install/ros2_control:/home/d-lab/workspace/ros_ur_driver/install/utils:/home/d-lab/workspace/ros_ur_driver/install/ros2controlcli:/home/d-lab/workspace/ros_ur_driver/install/ros2_control_test_nodes:/home/d-lab/workspace/ros_ur_driver/install/robotiq_control:/home/d-lab/workspace/ros_ur_driver/install/gripper_control:/opt/ros/foxy:/home/d-lab/workspace/ros_ur_driver/install/cartesian_controller_examples:/home/d-lab/workspace/ros_ur_driver/install/controller_manager:/home/d-lab/workspace/ros_ur_driver/install/ros2_control_test_assets:/home/d-lab/workspace/ros_ur_driver/install/ros2_control_demo_hardware:/home/d-lab/workspace/ros_ur_driver/install/robotiq_description:/home/d-lab/workspace/ros_ur_driver/install/position_controllers:/home/d-lab/workspace/ros_ur_driver/install/move_arm_cpp:/home/d-lab/workspace/ros_ur_driver/install/move_arm_interface:/home/d-lab/workspace/ros_ur_driver/install/joint_trajectory_controller:/home/d-lab/workspace/ros_ur_driver/install/joint_state_controller:/home/d-lab/workspace/ros_ur_driver/install/joint_state_broadcaster:/home/d-lab/workspace/ros_ur_driver/install/imu_sensor_broadcaster:/home/d-lab/workspace/ros_ur_driver/install/gripper_controllers:/home/d-lab/workspace/ros_ur_driver/install/effort_controllers:/home/d-lab/workspace/ros_ur_driver/install/forward_command_controller:/home/d-lab/workspace/ros_ur_driver/install/force_torque_sensor_broadcaster:/home/d-lab/workspace/ros_ur_driver/install/diff_drive_controller:/home/d-lab/workspace/ros_ur_driver/install/cartesian_compliance_controller:/home/d-lab/workspace/ros_ur_driver/install/cartesian_motion_controller:/home/d-lab/workspace/ros_ur_driver/install/cartesian_force_controller:/home/d-lab/workspace/ros_ur_driver/install/cartesian_controller_handles:/home/d-lab/workspace/ros_ur_driver/install/cartesian_controller_base:/home/d-lab/workspace/ros_ur_driver/install/controller_interface:/home/d-lab/workspace/ros_ur_driver/install/hardware_interface:/home/d-lab/workspace/ros_ur_driver/install/graph_msgs:/home/d-lab/workspace/ros_ur_driver/install/filters:/home/d-lab/workspace/ros_ur_driver/install/eigen3_cmake_module:/home/d-lab/workspace/ros_ur_driver/install/diffbot_description:/home/d-lab/workspace/ros_ur_driver/install/controller_manager_msgs:/home/d-lab/workspace/ros_ur_driver/install/control_msgs:/home/d-lab/workspace/ros_ur_driver/install/chomp_motion_planner:/home/d-lab/workspace/ros_ur_driver/install/action_tutorials_interfaces /usr/bin/cmake --build /home/d-lab/workspace/ros_ur_driver/build/move_arm_interfaces -- -j16 -l16
[1.899s] [35m[1mScanning dependencies of target move_arm_interfaces__cpp[0m
[1.899s] [  3%] [34m[1mGenerating C code for ROS interfaces[0m
[1.907s] [  6%] [34m[1mGenerating C++ code for ROS interfaces[0m
[2.149s] [  6%] Built target move_arm_interfaces__cpp
[2.157s] [35m[1mScanning dependencies of target move_arm_interfaces__rosidl_generator_c[0m
[2.159s] [  9%] [34m[1mGenerating C++ type support dispatch for ROS interfaces[0m
[2.160s] [ 16%] [34m[1mGenerating C++ type support for eProsima Fast-RTPS[0m
[2.160s] [ 16%] [34m[1mGenerating C++ introspection for ROS interfaces[0m
[2.168s] [ 19%] [32mBuilding C object CMakeFiles/move_arm_interfaces__rosidl_generator_c.dir/rosidl_generator_c/move_arm_interfaces/action/detail/fibonacci__functions.c.o[0m
[2.229s] [ 22%] [32m[1mLinking C shared library libmove_arm_interfaces__rosidl_generator_c.so[0m
[2.259s] [ 22%] Built target move_arm_interfaces__rosidl_generator_c
[2.270s] [ 29%] [34m[1mGenerating C type support dispatch for ROS interfaces[0m
[2.270s] [ 29%] [34m[1mGenerating C introspection for ROS interfaces[0m
[2.379s] [35m[1mScanning dependencies of target move_arm_interfaces__rosidl_typesupport_introspection_cpp[0m
[2.382s] [35m[1mScanning dependencies of target move_arm_interfaces__rosidl_typesupport_cpp[0m
[2.399s] [ 32%] [32mBuilding CXX object CMakeFiles/move_arm_interfaces__rosidl_typesupport_cpp.dir/rosidl_typesupport_cpp/move_arm_interfaces/action/fibonacci__type_support.cpp.o[0m
[2.400s] [ 35%] [32mBuilding CXX object CMakeFiles/move_arm_interfaces__rosidl_typesupport_introspection_cpp.dir/rosidl_typesupport_introspection_cpp/move_arm_interfaces/action/detail/fibonacci__type_support.cpp.o[0m
[2.415s] [35m[1mScanning dependencies of target move_arm_interfaces__rosidl_typesupport_fastrtps_cpp[0m
[2.438s] [ 38%] [32mBuilding CXX object CMakeFiles/move_arm_interfaces__rosidl_typesupport_fastrtps_cpp.dir/rosidl_typesupport_fastrtps_cpp/move_arm_interfaces/action/detail/dds_fastrtps/fibonacci__type_support.cpp.o[0m
[2.463s] [35m[1mScanning dependencies of target move_arm_interfaces__rosidl_typesupport_c[0m
[2.474s] [ 41%] [32mBuilding CXX object CMakeFiles/move_arm_interfaces__rosidl_typesupport_c.dir/rosidl_typesupport_c/move_arm_interfaces/action/fibonacci__type_support.cpp.o[0m
[2.514s] [ 45%] [32m[1mLinking CXX shared library libmove_arm_interfaces__rosidl_typesupport_c.so[0m
[2.527s] [35m[1mScanning dependencies of target move_arm_interfaces__rosidl_typesupport_introspection_c[0m
[2.540s] [ 48%] [32mBuilding C object CMakeFiles/move_arm_interfaces__rosidl_typesupport_introspection_c.dir/rosidl_typesupport_introspection_c/move_arm_interfaces/action/detail/fibonacci__type_support.c.o[0m
[2.550s] [ 48%] Built target move_arm_interfaces__rosidl_typesupport_c
[2.576s] [ 51%] [32m[1mLinking C shared library libmove_arm_interfaces__rosidl_typesupport_introspection_c.so[0m
[2.604s] [ 51%] Built target move_arm_interfaces__rosidl_typesupport_introspection_c
[2.612s] [ 54%] [32m[1mLinking CXX shared library libmove_arm_interfaces__rosidl_typesupport_cpp.so[0m
[2.645s] [ 54%] Built target move_arm_interfaces__rosidl_typesupport_cpp
[2.664s] [ 58%] [32m[1mLinking CXX shared library libmove_arm_interfaces__rosidl_typesupport_introspection_cpp.so[0m
[2.719s] [ 58%] Built target move_arm_interfaces__rosidl_typesupport_introspection_cpp
[2.789s] [ 61%] [32m[1mLinking CXX shared library libmove_arm_interfaces__rosidl_typesupport_fastrtps_cpp.so[0m
[2.902s] [ 61%] Built target move_arm_interfaces__rosidl_typesupport_fastrtps_cpp
[2.912s] [ 64%] [34m[1mGenerating C type support for eProsima Fast-RTPS[0m
[3.172s] [35m[1mScanning dependencies of target move_arm_interfaces__rosidl_typesupport_fastrtps_c[0m
[3.188s] [ 67%] [32mBuilding CXX object CMakeFiles/move_arm_interfaces__rosidl_typesupport_fastrtps_c.dir/rosidl_typesupport_fastrtps_c/move_arm_interfaces/action/detail/fibonacci__type_support_c.cpp.o[0m
[3.497s] [ 70%] [32m[1mLinking CXX shared library libmove_arm_interfaces__rosidl_typesupport_fastrtps_c.so[0m
[3.562s] [ 70%] Built target move_arm_interfaces__rosidl_typesupport_fastrtps_c
[3.570s] [35m[1mScanning dependencies of target move_arm_interfaces[0m
[3.580s] [ 70%] Built target move_arm_interfaces
[3.591s] [35m[1mScanning dependencies of target move_arm_interfaces__py[0m
[3.601s] [ 74%] [34m[1mGenerating Python code for ROS interfaces[0m
[4.110s] [ 74%] Built target move_arm_interfaces__py
[4.119s] [35m[1mScanning dependencies of target move_arm_interfaces__python[0m
[4.143s] [ 77%] [32mBuilding C object CMakeFiles/move_arm_interfaces__python.dir/rosidl_generator_py/move_arm_interfaces/action/_fibonacci_s.c.o[0m
[4.229s] [ 80%] [32m[1mLinking C shared library rosidl_generator_py/move_arm_interfaces/libmove_arm_interfaces__python.so[0m
[4.260s] [ 80%] Built target move_arm_interfaces__python
[4.270s] [35m[1mScanning dependencies of target move_arm_interfaces__rosidl_typesupport_c__pyext[0m
[4.270s] [35m[1mScanning dependencies of target move_arm_interfaces__rosidl_typesupport_introspection_c__pyext[0m
[4.270s] [35m[1mScanning dependencies of target move_arm_interfaces__rosidl_typesupport_fastrtps_c__pyext[0m
[4.285s] [ 87%] [32mBuilding C object CMakeFiles/move_arm_interfaces__rosidl_typesupport_introspection_c__pyext.dir/rosidl_generator_py/move_arm_interfaces/_move_arm_interfaces_s.ep.rosidl_typesupport_introspection_c.c.o[0m
[4.285s] [ 87%] [32mBuilding C object CMakeFiles/move_arm_interfaces__rosidl_typesupport_c__pyext.dir/rosidl_generator_py/move_arm_interfaces/_move_arm_interfaces_s.ep.rosidl_typesupport_c.c.o[0m
[4.285s] [ 90%] [32mBuilding C object CMakeFiles/move_arm_interfaces__rosidl_typesupport_fastrtps_c__pyext.dir/rosidl_generator_py/move_arm_interfaces/_move_arm_interfaces_s.ep.rosidl_typesupport_fastrtps_c.c.o[0m
[4.349s] [ 93%] [32m[1mLinking C shared library rosidl_generator_py/move_arm_interfaces/move_arm_interfaces_s__rosidl_typesupport_c.cpython-38-x86_64-linux-gnu.so[0m
[4.349s] [100%] [32m[1mLinking CXX shared library rosidl_generator_py/move_arm_interfaces/move_arm_interfaces_s__rosidl_typesupport_fastrtps_c.cpython-38-x86_64-linux-gnu.so[0m
[4.349s] [100%] [32m[1mLinking C shared library rosidl_generator_py/move_arm_interfaces/move_arm_interfaces_s__rosidl_typesupport_introspection_c.cpython-38-x86_64-linux-gnu.so[0m
[4.380s] [100%] Built target move_arm_interfaces__rosidl_typesupport_c__pyext
[4.380s] [100%] Built target move_arm_interfaces__rosidl_typesupport_introspection_c__pyext
[4.397s] [100%] Built target move_arm_interfaces__rosidl_typesupport_fastrtps_c__pyext
[4.407s] Invoked command in '/home/d-lab/workspace/ros_ur_driver/build/move_arm_interfaces' returned '0': CMAKE_PREFIX_PATH=/home/d-lab/workspace/ros_ur_driver/install/run_ompl_constrained_planning:/home/d-lab/workspace/ros_ur_driver/install/run_moveit_cpp:/home/d-lab/workspace/ros_ur_driver/install/run_move_group:/home/d-lab/workspace/ros_ur_driver/install/warehouse_ros_mongo:/home/d-lab/workspace/ros_ur_driver/install/ros2_controllers:/home/d-lab/workspace/ros_ur_driver/install/velocity_controllers:/home/d-lab/workspace/ros_ur_driver/install/ur_robot_driver:/home/d-lab/workspace/ros_ur_driver/install/ur_controllers:/home/d-lab/workspace/ros_ur_driver/install/ur_msgs:/home/d-lab/workspace/ros_ur_driver/install/ur_moveit_config:/home/d-lab/workspace/ros_ur_driver/install/ur_description:/home/d-lab/workspace/ros_ur_driver/install/ur_dashboard_msgs:/home/d-lab/workspace/ros_ur_driver/install/ur_client_library:/home/d-lab/workspace/ros_ur_driver/install/ur_bringup:/home/d-lab/workspace/ros_ur_driver/install/ur5_robotiq_moveit_config:/home/d-lab/workspace/ros_ur_driver/install/transmission_interface:/home/d-lab/workspace/ros_ur_driver/install/srdfdom:/home/d-lab/workspace/ros_ur_driver/install/move_arm:/home/d-lab/workspace/ros_ur_driver/install/moveit_visual_tools:/home/d-lab/workspace/ros_ur_driver/install/rviz_visual_tools:/home/d-lab/workspace/ros_ur_driver/install/ros2_control_demos:/home/d-lab/workspace/ros_ur_driver/install/ros2_control_demo_bringup:/home/d-lab/workspace/ros_ur_driver/install/rrbot_description:/home/d-lab/workspace/ros_ur_driver/install/ros2_control:/home/d-lab/workspace/ros_ur_driver/install/utils:/home/d-lab/workspace/ros_ur_driver/install/ros2controlcli:/home/d-lab/workspace/ros_ur_driver/install/ros2_control_test_nodes:/home/d-lab/workspace/ros_ur_driver/install/robotiq_control:/home/d-lab/workspace/ros_ur_driver/install/gripper_control:/opt/ros/foxy:/home/d-lab/workspace/ros_ur_driver/install/cartesian_controller_examples:/home/d-lab/workspace/ros_ur_driver/install/controller_manager:/home/d-lab/workspace/ros_ur_driver/install/ros2_control_test_assets:/home/d-lab/workspace/ros_ur_driver/install/ros2_control_demo_hardware:/home/d-lab/workspace/ros_ur_driver/install/robotiq_description:/home/d-lab/workspace/ros_ur_driver/install/position_controllers:/home/d-lab/workspace/ros_ur_driver/install/move_arm_cpp:/home/d-lab/workspace/ros_ur_driver/install/move_arm_interface:/home/d-lab/workspace/ros_ur_driver/install/joint_trajectory_controller:/home/d-lab/workspace/ros_ur_driver/install/joint_state_controller:/home/d-lab/workspace/ros_ur_driver/install/joint_state_broadcaster:/home/d-lab/workspace/ros_ur_driver/install/imu_sensor_broadcaster:/home/d-lab/workspace/ros_ur_driver/install/gripper_controllers:/home/d-lab/workspace/ros_ur_driver/install/effort_controllers:/home/d-lab/workspace/ros_ur_driver/install/forward_command_controller:/home/d-lab/workspace/ros_ur_driver/install/force_torque_sensor_broadcaster:/home/d-lab/workspace/ros_ur_driver/install/diff_drive_controller:/home/d-lab/workspace/ros_ur_driver/install/cartesian_compliance_controller:/home/d-lab/workspace/ros_ur_driver/install/cartesian_motion_controller:/home/d-lab/workspace/ros_ur_driver/install/cartesian_force_controller:/home/d-lab/workspace/ros_ur_driver/install/cartesian_controller_handles:/home/d-lab/workspace/ros_ur_driver/install/cartesian_controller_base:/home/d-lab/workspace/ros_ur_driver/install/controller_interface:/home/d-lab/workspace/ros_ur_driver/install/hardware_interface:/home/d-lab/workspace/ros_ur_driver/install/graph_msgs:/home/d-lab/workspace/ros_ur_driver/install/filters:/home/d-lab/workspace/ros_ur_driver/install/eigen3_cmake_module:/home/d-lab/workspace/ros_ur_driver/install/diffbot_description:/home/d-lab/workspace/ros_ur_driver/install/controller_manager_msgs:/home/d-lab/workspace/ros_ur_driver/install/control_msgs:/home/d-lab/workspace/ros_ur_driver/install/chomp_motion_planner:/home/d-lab/workspace/ros_ur_driver/install/action_tutorials_interfaces /usr/bin/cmake --build /home/d-lab/workspace/ros_ur_driver/build/move_arm_interfaces -- -j16 -l16
[4.475s] Invoking command in '/home/d-lab/workspace/ros_ur_driver/build/move_arm_interfaces': CMAKE_PREFIX_PATH=/home/d-lab/workspace/ros_ur_driver/install/run_ompl_constrained_planning:/home/d-lab/workspace/ros_ur_driver/install/run_moveit_cpp:/home/d-lab/workspace/ros_ur_driver/install/run_move_group:/home/d-lab/workspace/ros_ur_driver/install/warehouse_ros_mongo:/home/d-lab/workspace/ros_ur_driver/install/ros2_controllers:/home/d-lab/workspace/ros_ur_driver/install/velocity_controllers:/home/d-lab/workspace/ros_ur_driver/install/ur_robot_driver:/home/d-lab/workspace/ros_ur_driver/install/ur_controllers:/home/d-lab/workspace/ros_ur_driver/install/ur_msgs:/home/d-lab/workspace/ros_ur_driver/install/ur_moveit_config:/home/d-lab/workspace/ros_ur_driver/install/ur_description:/home/d-lab/workspace/ros_ur_driver/install/ur_dashboard_msgs:/home/d-lab/workspace/ros_ur_driver/install/ur_client_library:/home/d-lab/workspace/ros_ur_driver/install/ur_bringup:/home/d-lab/workspace/ros_ur_driver/install/ur5_robotiq_moveit_config:/home/d-lab/workspace/ros_ur_driver/install/transmission_interface:/home/d-lab/workspace/ros_ur_driver/install/srdfdom:/home/d-lab/workspace/ros_ur_driver/install/move_arm:/home/d-lab/workspace/ros_ur_driver/install/moveit_visual_tools:/home/d-lab/workspace/ros_ur_driver/install/rviz_visual_tools:/home/d-lab/workspace/ros_ur_driver/install/ros2_control_demos:/home/d-lab/workspace/ros_ur_driver/install/ros2_control_demo_bringup:/home/d-lab/workspace/ros_ur_driver/install/rrbot_description:/home/d-lab/workspace/ros_ur_driver/install/ros2_control:/home/d-lab/workspace/ros_ur_driver/install/utils:/home/d-lab/workspace/ros_ur_driver/install/ros2controlcli:/home/d-lab/workspace/ros_ur_driver/install/ros2_control_test_nodes:/home/d-lab/workspace/ros_ur_driver/install/robotiq_control:/home/d-lab/workspace/ros_ur_driver/install/gripper_control:/opt/ros/foxy:/home/d-lab/workspace/ros_ur_driver/install/cartesian_controller_examples:/home/d-lab/workspace/ros_ur_driver/install/controller_manager:/home/d-lab/workspace/ros_ur_driver/install/ros2_control_test_assets:/home/d-lab/workspace/ros_ur_driver/install/ros2_control_demo_hardware:/home/d-lab/workspace/ros_ur_driver/install/robotiq_description:/home/d-lab/workspace/ros_ur_driver/install/position_controllers:/home/d-lab/workspace/ros_ur_driver/install/move_arm_cpp:/home/d-lab/workspace/ros_ur_driver/install/move_arm_interface:/home/d-lab/workspace/ros_ur_driver/install/joint_trajectory_controller:/home/d-lab/workspace/ros_ur_driver/install/joint_state_controller:/home/d-lab/workspace/ros_ur_driver/install/joint_state_broadcaster:/home/d-lab/workspace/ros_ur_driver/install/imu_sensor_broadcaster:/home/d-lab/workspace/ros_ur_driver/install/gripper_controllers:/home/d-lab/workspace/ros_ur_driver/install/effort_controllers:/home/d-lab/workspace/ros_ur_driver/install/forward_command_controller:/home/d-lab/workspace/ros_ur_driver/install/force_torque_sensor_broadcaster:/home/d-lab/workspace/ros_ur_driver/install/diff_drive_controller:/home/d-lab/workspace/ros_ur_driver/install/cartesian_compliance_controller:/home/d-lab/workspace/ros_ur_driver/install/cartesian_motion_controller:/home/d-lab/workspace/ros_ur_driver/install/cartesian_force_controller:/home/d-lab/workspace/ros_ur_driver/install/cartesian_controller_handles:/home/d-lab/workspace/ros_ur_driver/install/cartesian_controller_base:/home/d-lab/workspace/ros_ur_driver/install/controller_interface:/home/d-lab/workspace/ros_ur_driver/install/hardware_interface:/home/d-lab/workspace/ros_ur_driver/install/graph_msgs:/home/d-lab/workspace/ros_ur_driver/install/filters:/home/d-lab/workspace/ros_ur_driver/install/eigen3_cmake_module:/home/d-lab/workspace/ros_ur_driver/install/diffbot_description:/home/d-lab/workspace/ros_ur_driver/install/controller_manager_msgs:/home/d-lab/workspace/ros_ur_driver/install/control_msgs:/home/d-lab/workspace/ros_ur_driver/install/chomp_motion_planner:/home/d-lab/workspace/ros_ur_driver/install/action_tutorials_interfaces /usr/bin/cmake --install /home/d-lab/workspace/ros_ur_driver/build/move_arm_interfaces
[4.483s] -- Install configuration: ""
[4.483s] -- Installing: /home/d-lab/workspace/ros_ur_driver/install/move_arm_interfaces/share/ament_index/resource_index/rosidl_interfaces/move_arm_interfaces
[4.483s] -- Installing: /home/d-lab/workspace/ros_ur_driver/install/move_arm_interfaces/include/move_arm_interfaces
[4.483s] -- Installing: /home/d-lab/workspace/ros_ur_driver/install/move_arm_interfaces/include/move_arm_interfaces/action
[4.483s] -- Installing: /home/d-lab/workspace/ros_ur_driver/install/move_arm_interfaces/include/move_arm_interfaces/action/fibonacci.h
[4.483s] -- Installing: /home/d-lab/workspace/ros_ur_driver/install/move_arm_interfaces/include/move_arm_interfaces/action/detail
[4.483s] -- Installing: /home/d-lab/workspace/ros_ur_driver/install/move_arm_interfaces/include/move_arm_interfaces/action/detail/fibonacci__struct.h
[4.483s] -- Installing: /home/d-lab/workspace/ros_ur_driver/install/move_arm_interfaces/include/move_arm_interfaces/action/detail/fibonacci__functions.h
[4.483s] -- Installing: /home/d-lab/workspace/ros_ur_driver/install/move_arm_interfaces/include/move_arm_interfaces/action/detail/fibonacci__type_support.h
[4.483s] -- Installing: /home/d-lab/workspace/ros_ur_driver/install/move_arm_interfaces/include/move_arm_interfaces/action/detail/fibonacci__functions.c
[4.483s] -- Installing: /home/d-lab/workspace/ros_ur_driver/install/move_arm_interfaces/include/move_arm_interfaces/msg
[4.483s] -- Installing: /home/d-lab/workspace/ros_ur_driver/install/move_arm_interfaces/include/move_arm_interfaces/msg/rosidl_generator_c__visibility_control.h
[4.483s] -- Installing: /home/d-lab/workspace/ros_ur_driver/install/move_arm_interfaces/share/move_arm_interfaces/environment/library_path.sh
[4.484s] -- Installing: /home/d-lab/workspace/ros_ur_driver/install/move_arm_interfaces/share/move_arm_interfaces/environment/library_path.dsv
[4.484s] -- Installing: /home/d-lab/workspace/ros_ur_driver/install/move_arm_interfaces/lib/libmove_arm_interfaces__rosidl_generator_c.so
[4.484s] -- Set runtime path of "/home/d-lab/workspace/ros_ur_driver/install/move_arm_interfaces/lib/libmove_arm_interfaces__rosidl_generator_c.so" to ""
[4.484s] -- Up-to-date: /home/d-lab/workspace/ros_ur_driver/install/move_arm_interfaces/include/move_arm_interfaces
[4.484s] -- Up-to-date: /home/d-lab/workspace/ros_ur_driver/install/move_arm_interfaces/include/move_arm_interfaces/action
[4.484s] -- Up-to-date: /home/d-lab/workspace/ros_ur_driver/install/move_arm_interfaces/include/move_arm_interfaces/action/detail
[4.484s] -- Installing: /home/d-lab/workspace/ros_ur_driver/install/move_arm_interfaces/include/move_arm_interfaces/action/detail/fibonacci__rosidl_typesupport_fastrtps_c.h
[4.484s] -- Up-to-date: /home/d-lab/workspace/ros_ur_driver/install/move_arm_interfaces/include/move_arm_interfaces/msg
[4.484s] -- Installing: /home/d-lab/workspace/ros_ur_driver/install/move_arm_interfaces/include/move_arm_interfaces/msg/rosidl_typesupport_fastrtps_c__visibility_control.h
[4.484s] -- Installing: /home/d-lab/workspace/ros_ur_driver/install/move_arm_interfaces/lib/libmove_arm_interfaces__rosidl_typesupport_fastrtps_c.so
[4.484s] -- Set runtime path of "/home/d-lab/workspace/ros_ur_driver/install/move_arm_interfaces/lib/libmove_arm_interfaces__rosidl_typesupport_fastrtps_c.so" to ""
[4.484s] -- Up-to-date: /home/d-lab/workspace/ros_ur_driver/install/move_arm_interfaces/include/move_arm_interfaces
[4.484s] -- Up-to-date: /home/d-lab/workspace/ros_ur_driver/install/move_arm_interfaces/include/move_arm_interfaces/action
[4.484s] -- Up-to-date: /home/d-lab/workspace/ros_ur_driver/install/move_arm_interfaces/include/move_arm_interfaces/action/detail
[4.484s] -- Installing: /home/d-lab/workspace/ros_ur_driver/install/move_arm_interfaces/include/move_arm_interfaces/action/detail/fibonacci__rosidl_typesupport_fastrtps_cpp.hpp
[4.484s] -- Installing: /home/d-lab/workspace/ros_ur_driver/install/move_arm_interfaces/include/move_arm_interfaces/action/detail/dds_fastrtps
[4.484s] -- Up-to-date: /home/d-lab/workspace/ros_ur_driver/install/move_arm_interfaces/include/move_arm_interfaces/msg
[4.484s] -- Installing: /home/d-lab/workspace/ros_ur_driver/install/move_arm_interfaces/include/move_arm_interfaces/msg/rosidl_typesupport_fastrtps_cpp__visibility_control.h
[4.484s] -- Installing: /home/d-lab/workspace/ros_ur_driver/install/move_arm_interfaces/lib/libmove_arm_interfaces__rosidl_typesupport_fastrtps_cpp.so
[4.485s] -- Set runtime path of "/home/d-lab/workspace/ros_ur_driver/install/move_arm_interfaces/lib/libmove_arm_interfaces__rosidl_typesupport_fastrtps_cpp.so" to ""
[4.485s] -- Up-to-date: /home/d-lab/workspace/ros_ur_driver/install/move_arm_interfaces/include/move_arm_interfaces
[4.485s] -- Up-to-date: /home/d-lab/workspace/ros_ur_driver/install/move_arm_interfaces/include/move_arm_interfaces/action
[4.485s] -- Up-to-date: /home/d-lab/workspace/ros_ur_driver/install/move_arm_interfaces/include/move_arm_interfaces/action/detail
[4.485s] -- Installing: /home/d-lab/workspace/ros_ur_driver/install/move_arm_interfaces/include/move_arm_interfaces/action/detail/fibonacci__type_support.c
[4.485s] -- Installing: /home/d-lab/workspace/ros_ur_driver/install/move_arm_interfaces/include/move_arm_interfaces/action/detail/fibonacci__rosidl_typesupport_introspection_c.h
[4.485s] -- Up-to-date: /home/d-lab/workspace/ros_ur_driver/install/move_arm_interfaces/include/move_arm_interfaces/msg
[4.485s] -- Installing: /home/d-lab/workspace/ros_ur_driver/install/move_arm_interfaces/include/move_arm_interfaces/msg/rosidl_typesupport_introspection_c__visibility_control.h
[4.485s] -- Installing: /home/d-lab/workspace/ros_ur_driver/install/move_arm_interfaces/lib/libmove_arm_interfaces__rosidl_typesupport_introspection_c.so
[4.485s] -- Set runtime path of "/home/d-lab/workspace/ros_ur_driver/install/move_arm_interfaces/lib/libmove_arm_interfaces__rosidl_typesupport_introspection_c.so" to ""
[4.485s] -- Installing: /home/d-lab/workspace/ros_ur_driver/install/move_arm_interfaces/lib/libmove_arm_interfaces__rosidl_typesupport_c.so
[4.485s] -- Set runtime path of "/home/d-lab/workspace/ros_ur_driver/install/move_arm_interfaces/lib/libmove_arm_interfaces__rosidl_typesupport_c.so" to ""
[4.485s] -- Up-to-date: /home/d-lab/workspace/ros_ur_driver/install/move_arm_interfaces/include/move_arm_interfaces
[4.485s] -- Up-to-date: /home/d-lab/workspace/ros_ur_driver/install/move_arm_interfaces/include/move_arm_interfaces/action
[4.485s] -- Installing: /home/d-lab/workspace/ros_ur_driver/install/move_arm_interfaces/include/move_arm_interfaces/action/fibonacci.hpp
[4.486s] -- Up-to-date: /home/d-lab/workspace/ros_ur_driver/install/move_arm_interfaces/include/move_arm_interfaces/action/detail
[4.486s] -- Installing: /home/d-lab/workspace/ros_ur_driver/install/move_arm_interfaces/include/move_arm_interfaces/action/detail/fibonacci__traits.hpp
[4.486s] -- Installing: /home/d-lab/workspace/ros_ur_driver/install/move_arm_interfaces/include/move_arm_interfaces/action/detail/fibonacci__struct.hpp
[4.486s] -- Installing: /home/d-lab/workspace/ros_ur_driver/install/move_arm_interfaces/include/move_arm_interfaces/action/detail/fibonacci__builder.hpp
[4.486s] -- Up-to-date: /home/d-lab/workspace/ros_ur_driver/install/move_arm_interfaces/include/move_arm_interfaces
[4.486s] -- Up-to-date: /home/d-lab/workspace/ros_ur_driver/install/move_arm_interfaces/include/move_arm_interfaces/action
[4.486s] -- Up-to-date: /home/d-lab/workspace/ros_ur_driver/install/move_arm_interfaces/include/move_arm_interfaces/action/detail
[4.486s] -- Installing: /home/d-lab/workspace/ros_ur_driver/install/move_arm_interfaces/include/move_arm_interfaces/action/detail/fibonacci__rosidl_typesupport_introspection_cpp.hpp
[4.486s] -- Installing: /home/d-lab/workspace/ros_ur_driver/install/move_arm_interfaces/include/move_arm_interfaces/action/detail/fibonacci__type_support.cpp
[4.486s] -- Installing: /home/d-lab/workspace/ros_ur_driver/install/move_arm_interfaces/lib/libmove_arm_interfaces__rosidl_typesupport_introspection_cpp.so
[4.486s] -- Set runtime path of "/home/d-lab/workspace/ros_ur_driver/install/move_arm_interfaces/lib/libmove_arm_interfaces__rosidl_typesupport_introspection_cpp.so" to ""
[4.486s] -- Installing: /home/d-lab/workspace/ros_ur_driver/install/move_arm_interfaces/lib/libmove_arm_interfaces__rosidl_typesupport_cpp.so
[4.486s] -- Set runtime path of "/home/d-lab/workspace/ros_ur_driver/install/move_arm_interfaces/lib/libmove_arm_interfaces__rosidl_typesupport_cpp.so" to ""
[4.486s] -- Installing: /home/d-lab/workspace/ros_ur_driver/install/move_arm_interfaces/share/move_arm_interfaces/environment/pythonpath.sh
[4.486s] -- Installing: /home/d-lab/workspace/ros_ur_driver/install/move_arm_interfaces/share/move_arm_interfaces/environment/pythonpath.dsv
[4.486s] -- Installing: /home/d-lab/workspace/ros_ur_driver/install/move_arm_interfaces/lib/python3.8/site-packages/move_arm_interfaces/__init__.py
[4.510s] Compiling '/home/d-lab/workspace/ros_ur_driver/install/move_arm_interfaces/lib/python3.8/site-packages/move_arm_interfaces/__init__.py'...
[4.512s] -- Installing: /home/d-lab/workspace/ros_ur_driver/install/move_arm_interfaces/lib/python3.8/site-packages/move_arm_interfaces/action
[4.512s] -- Installing: /home/d-lab/workspace/ros_ur_driver/install/move_arm_interfaces/lib/python3.8/site-packages/move_arm_interfaces/action/_fibonacci_s.c
[4.512s] -- Installing: /home/d-lab/workspace/ros_ur_driver/install/move_arm_interfaces/lib/python3.8/site-packages/move_arm_interfaces/action/__init__.py
[4.512s] -- Installing: /home/d-lab/workspace/ros_ur_driver/install/move_arm_interfaces/lib/python3.8/site-packages/move_arm_interfaces/action/_fibonacci.py
[4.512s] -- Installing: /home/d-lab/workspace/ros_ur_driver/install/move_arm_interfaces/lib/python3.8/site-packages/move_arm_interfaces/move_arm_interfaces_s__rosidl_typesupport_fastrtps_c.cpython-38-x86_64-linux-gnu.so
[4.513s] -- Set runtime path of "/home/d-lab/workspace/ros_ur_driver/install/move_arm_interfaces/lib/python3.8/site-packages/move_arm_interfaces/move_arm_interfaces_s__rosidl_typesupport_fastrtps_c.cpython-38-x86_64-linux-gnu.so" to ""
[4.513s] -- Installing: /home/d-lab/workspace/ros_ur_driver/install/move_arm_interfaces/lib/python3.8/site-packages/move_arm_interfaces/move_arm_interfaces_s__rosidl_typesupport_introspection_c.cpython-38-x86_64-linux-gnu.so
[4.513s] -- Set runtime path of "/home/d-lab/workspace/ros_ur_driver/install/move_arm_interfaces/lib/python3.8/site-packages/move_arm_interfaces/move_arm_interfaces_s__rosidl_typesupport_introspection_c.cpython-38-x86_64-linux-gnu.so" to ""
[4.513s] -- Installing: /home/d-lab/workspace/ros_ur_driver/install/move_arm_interfaces/lib/python3.8/site-packages/move_arm_interfaces/move_arm_interfaces_s__rosidl_typesupport_c.cpython-38-x86_64-linux-gnu.so
[4.514s] -- Set runtime path of "/home/d-lab/workspace/ros_ur_driver/install/move_arm_interfaces/lib/python3.8/site-packages/move_arm_interfaces/move_arm_interfaces_s__rosidl_typesupport_c.cpython-38-x86_64-linux-gnu.so" to ""
[4.514s] -- Installing: /home/d-lab/workspace/ros_ur_driver/install/move_arm_interfaces/lib/libmove_arm_interfaces__python.so
[4.514s] -- Set runtime path of "/home/d-lab/workspace/ros_ur_driver/install/move_arm_interfaces/lib/libmove_arm_interfaces__python.so" to ""
[4.514s] -- Installing: /home/d-lab/workspace/ros_ur_driver/install/move_arm_interfaces/share/move_arm_interfaces/action/Fibonacci.idl
[4.514s] -- Installing: /home/d-lab/workspace/ros_ur_driver/install/move_arm_interfaces/share/move_arm_interfaces/action/Fibonacci.action
[4.514s] -- Installing: /home/d-lab/workspace/ros_ur_driver/install/move_arm_interfaces/share/ament_index/resource_index/package_run_dependencies/move_arm_interfaces
[4.514s] -- Installing: /home/d-lab/workspace/ros_ur_driver/install/move_arm_interfaces/share/ament_index/resource_index/parent_prefix_path/move_arm_interfaces
[4.514s] -- Installing: /home/d-lab/workspace/ros_ur_driver/install/move_arm_interfaces/share/move_arm_interfaces/environment/ament_prefix_path.sh
[4.514s] -- Installing: /home/d-lab/workspace/ros_ur_driver/install/move_arm_interfaces/share/move_arm_interfaces/environment/ament_prefix_path.dsv
[4.514s] -- Installing: /home/d-lab/workspace/ros_ur_driver/install/move_arm_interfaces/share/move_arm_interfaces/environment/path.sh
[4.514s] -- Installing: /home/d-lab/workspace/ros_ur_driver/install/move_arm_interfaces/share/move_arm_interfaces/environment/path.dsv
[4.514s] -- Installing: /home/d-lab/workspace/ros_ur_driver/install/move_arm_interfaces/share/move_arm_interfaces/local_setup.bash
[4.514s] -- Installing: /home/d-lab/workspace/ros_ur_driver/install/move_arm_interfaces/share/move_arm_interfaces/local_setup.sh
[4.514s] -- Installing: /home/d-lab/workspace/ros_ur_driver/install/move_arm_interfaces/share/move_arm_interfaces/local_setup.zsh
[4.514s] -- Installing: /home/d-lab/workspace/ros_ur_driver/install/move_arm_interfaces/share/move_arm_interfaces/local_setup.dsv
[4.514s] -- Installing: /home/d-lab/workspace/ros_ur_driver/install/move_arm_interfaces/share/move_arm_interfaces/package.dsv
[4.515s] -- Installing: /home/d-lab/workspace/ros_ur_driver/install/move_arm_interfaces/share/ament_index/resource_index/packages/move_arm_interfaces
[4.515s] -- Installing: /home/d-lab/workspace/ros_ur_driver/install/move_arm_interfaces/share/move_arm_interfaces/cmake/move_arm_interfaces__rosidl_generator_cExport.cmake
[4.515s] -- Installing: /home/d-lab/workspace/ros_ur_driver/install/move_arm_interfaces/share/move_arm_interfaces/cmake/move_arm_interfaces__rosidl_generator_cExport-noconfig.cmake
[4.515s] -- Installing: /home/d-lab/workspace/ros_ur_driver/install/move_arm_interfaces/share/move_arm_interfaces/cmake/move_arm_interfaces__rosidl_typesupport_introspection_cExport.cmake
[4.515s] -- Installing: /home/d-lab/workspace/ros_ur_driver/install/move_arm_interfaces/share/move_arm_interfaces/cmake/move_arm_interfaces__rosidl_typesupport_introspection_cExport-noconfig.cmake
[4.515s] -- Installing: /home/d-lab/workspace/ros_ur_driver/install/move_arm_interfaces/share/move_arm_interfaces/cmake/move_arm_interfaces__rosidl_typesupport_cExport.cmake
[4.515s] -- Installing: /home/d-lab/workspace/ros_ur_driver/install/move_arm_interfaces/share/move_arm_interfaces/cmake/move_arm_interfaces__rosidl_typesupport_cExport-noconfig.cmake
[4.515s] -- Installing: /home/d-lab/workspace/ros_ur_driver/install/move_arm_interfaces/share/move_arm_interfaces/cmake/move_arm_interfaces__rosidl_generator_cppExport.cmake
[4.515s] -- Installing: /home/d-lab/workspace/ros_ur_driver/install/move_arm_interfaces/share/move_arm_interfaces/cmake/move_arm_interfaces__rosidl_typesupport_introspection_cppExport.cmake
[4.515s] -- Installing: /home/d-lab/workspace/ros_ur_driver/install/move_arm_interfaces/share/move_arm_interfaces/cmake/move_arm_interfaces__rosidl_typesupport_introspection_cppExport-noconfig.cmake
[4.515s] -- Installing: /home/d-lab/workspace/ros_ur_driver/install/move_arm_interfaces/share/move_arm_interfaces/cmake/move_arm_interfaces__rosidl_typesupport_cppExport.cmake
[4.515s] -- Installing: /home/d-lab/workspace/ros_ur_driver/install/move_arm_interfaces/share/move_arm_interfaces/cmake/move_arm_interfaces__rosidl_typesupport_cppExport-noconfig.cmake
[4.516s] -- Installing: /home/d-lab/workspace/ros_ur_driver/install/move_arm_interfaces/share/move_arm_interfaces/cmake/rosidl_cmake-extras.cmake
[4.516s] -- Installing: /home/d-lab/workspace/ros_ur_driver/install/move_arm_interfaces/share/move_arm_interfaces/cmake/ament_cmake_export_dependencies-extras.cmake
[4.516s] -- Installing: /home/d-lab/workspace/ros_ur_driver/install/move_arm_interfaces/share/move_arm_interfaces/cmake/ament_cmake_export_libraries-extras.cmake
[4.516s] -- Installing: /home/d-lab/workspace/ros_ur_driver/install/move_arm_interfaces/share/move_arm_interfaces/cmake/ament_cmake_export_targets-extras.cmake
[4.516s] -- Installing: /home/d-lab/workspace/ros_ur_driver/install/move_arm_interfaces/share/move_arm_interfaces/cmake/ament_cmake_export_include_directories-extras.cmake
[4.516s] -- Installing: /home/d-lab/workspace/ros_ur_driver/install/move_arm_interfaces/share/move_arm_interfaces/cmake/rosidl_cmake_export_typesupport_libraries-extras.cmake
[4.516s] -- Installing: /home/d-lab/workspace/ros_ur_driver/install/move_arm_interfaces/share/move_arm_interfaces/cmake/rosidl_cmake_export_typesupport_targets-extras.cmake
[4.516s] -- Installing: /home/d-lab/workspace/ros_ur_driver/install/move_arm_interfaces/share/move_arm_interfaces/cmake/move_arm_interfacesConfig.cmake
[4.516s] -- Installing: /home/d-lab/workspace/ros_ur_driver/install/move_arm_interfaces/share/move_arm_interfaces/cmake/move_arm_interfacesConfig-version.cmake
[4.516s] -- Installing: /home/d-lab/workspace/ros_ur_driver/install/move_arm_interfaces/share/move_arm_interfaces/package.xml
[4.518s] Invoked command in '/home/d-lab/workspace/ros_ur_driver/build/move_arm_interfaces' returned '0': CMAKE_PREFIX_PATH=/home/d-lab/workspace/ros_ur_driver/install/run_ompl_constrained_planning:/home/d-lab/workspace/ros_ur_driver/install/run_moveit_cpp:/home/d-lab/workspace/ros_ur_driver/install/run_move_group:/home/d-lab/workspace/ros_ur_driver/install/warehouse_ros_mongo:/home/d-lab/workspace/ros_ur_driver/install/ros2_controllers:/home/d-lab/workspace/ros_ur_driver/install/velocity_controllers:/home/d-lab/workspace/ros_ur_driver/install/ur_robot_driver:/home/d-lab/workspace/ros_ur_driver/install/ur_controllers:/home/d-lab/workspace/ros_ur_driver/install/ur_msgs:/home/d-lab/workspace/ros_ur_driver/install/ur_moveit_config:/home/d-lab/workspace/ros_ur_driver/install/ur_description:/home/d-lab/workspace/ros_ur_driver/install/ur_dashboard_msgs:/home/d-lab/workspace/ros_ur_driver/install/ur_client_library:/home/d-lab/workspace/ros_ur_driver/install/ur_bringup:/home/d-lab/workspace/ros_ur_driver/install/ur5_robotiq_moveit_config:/home/d-lab/workspace/ros_ur_driver/install/transmission_interface:/home/d-lab/workspace/ros_ur_driver/install/srdfdom:/home/d-lab/workspace/ros_ur_driver/install/move_arm:/home/d-lab/workspace/ros_ur_driver/install/moveit_visual_tools:/home/d-lab/workspace/ros_ur_driver/install/rviz_visual_tools:/home/d-lab/workspace/ros_ur_driver/install/ros2_control_demos:/home/d-lab/workspace/ros_ur_driver/install/ros2_control_demo_bringup:/home/d-lab/workspace/ros_ur_driver/install/rrbot_description:/home/d-lab/workspace/ros_ur_driver/install/ros2_control:/home/d-lab/workspace/ros_ur_driver/install/utils:/home/d-lab/workspace/ros_ur_driver/install/ros2controlcli:/home/d-lab/workspace/ros_ur_driver/install/ros2_control_test_nodes:/home/d-lab/workspace/ros_ur_driver/install/robotiq_control:/home/d-lab/workspace/ros_ur_driver/install/gripper_control:/opt/ros/foxy:/home/d-lab/workspace/ros_ur_driver/install/cartesian_controller_examples:/home/d-lab/workspace/ros_ur_driver/install/controller_manager:/home/d-lab/workspace/ros_ur_driver/install/ros2_control_test_assets:/home/d-lab/workspace/ros_ur_driver/install/ros2_control_demo_hardware:/home/d-lab/workspace/ros_ur_driver/install/robotiq_description:/home/d-lab/workspace/ros_ur_driver/install/position_controllers:/home/d-lab/workspace/ros_ur_driver/install/move_arm_cpp:/home/d-lab/workspace/ros_ur_driver/install/move_arm_interface:/home/d-lab/workspace/ros_ur_driver/install/joint_trajectory_controller:/home/d-lab/workspace/ros_ur_driver/install/joint_state_controller:/home/d-lab/workspace/ros_ur_driver/install/joint_state_broadcaster:/home/d-lab/workspace/ros_ur_driver/install/imu_sensor_broadcaster:/home/d-lab/workspace/ros_ur_driver/install/gripper_controllers:/home/d-lab/workspace/ros_ur_driver/install/effort_controllers:/home/d-lab/workspace/ros_ur_driver/install/forward_command_controller:/home/d-lab/workspace/ros_ur_driver/install/force_torque_sensor_broadcaster:/home/d-lab/workspace/ros_ur_driver/install/diff_drive_controller:/home/d-lab/workspace/ros_ur_driver/install/cartesian_compliance_controller:/home/d-lab/workspace/ros_ur_driver/install/cartesian_motion_controller:/home/d-lab/workspace/ros_ur_driver/install/cartesian_force_controller:/home/d-lab/workspace/ros_ur_driver/install/cartesian_controller_handles:/home/d-lab/workspace/ros_ur_driver/install/cartesian_controller_base:/home/d-lab/workspace/ros_ur_driver/install/controller_interface:/home/d-lab/workspace/ros_ur_driver/install/hardware_interface:/home/d-lab/workspace/ros_ur_driver/install/graph_msgs:/home/d-lab/workspace/ros_ur_driver/install/filters:/home/d-lab/workspace/ros_ur_driver/install/eigen3_cmake_module:/home/d-lab/workspace/ros_ur_driver/install/diffbot_description:/home/d-lab/workspace/ros_ur_driver/install/controller_manager_msgs:/home/d-lab/workspace/ros_ur_driver/install/control_msgs:/home/d-lab/workspace/ros_ur_driver/install/chomp_motion_planner:/home/d-lab/workspace/ros_ur_driver/install/action_tutorials_interfaces /usr/bin/cmake --install /home/d-lab/workspace/ros_ur_driver/build/move_arm_interfaces
