[1.126s] Invoking command in '/home/d-lab/workspace/ros_ur_driver/src/robotiq/robotiq_control': PYTHONPATH=/home/d-lab/workspace/ros_ur_driver/build/robotiq_control/prefix_override:/home/d-lab/workspace/ros_ur_driver/install/robotiq_control/lib/python3.8/site-packages:${PYTHONPATH} /usr/bin/python3 setup.py egg_info --egg-base ../../../build/robotiq_control build --build-base /home/d-lab/workspace/ros_ur_driver/build/robotiq_control/build install --record /home/d-lab/workspace/ros_ur_driver/build/robotiq_control/install.log --single-version-externally-managed
[1.305s] running egg_info
[1.305s] writing ../../../build/robotiq_control/robotiq_control.egg-info/PKG-INFO
[1.305s] writing dependency_links to ../../../build/robotiq_control/robotiq_control.egg-info/dependency_links.txt
[1.306s] writing entry points to ../../../build/robotiq_control/robotiq_control.egg-info/entry_points.txt
[1.306s] writing requirements to ../../../build/robotiq_control/robotiq_control.egg-info/requires.txt
[1.306s] writing top-level names to ../../../build/robotiq_control/robotiq_control.egg-info/top_level.txt
[1.334s] reading manifest file '../../../build/robotiq_control/robotiq_control.egg-info/SOURCES.txt'
[1.334s] writing manifest file '../../../build/robotiq_control/robotiq_control.egg-info/SOURCES.txt'
[1.334s] running build
[1.334s] running build_py
[1.335s] running install
[1.335s] running install_lib
[1.336s] running install_data
[1.337s] running install_egg_info
[1.338s] removing '/home/d-lab/workspace/ros_ur_driver/install/robotiq_control/lib/python3.8/site-packages/robotiq_control-0.0.0-py3.8.egg-info' (and everything under it)
[1.338s] Copying ../../../build/robotiq_control/robotiq_control.egg-info to /home/d-lab/workspace/ros_ur_driver/install/robotiq_control/lib/python3.8/site-packages/robotiq_control-0.0.0-py3.8.egg-info
[1.339s] running install_scripts
[1.353s] Installing gripper script to /home/d-lab/workspace/ros_ur_driver/install/robotiq_control/bin
[1.353s] writing list of installed files to '/home/d-lab/workspace/ros_ur_driver/build/robotiq_control/install.log'
[1.373s] Invoked command in '/home/d-lab/workspace/ros_ur_driver/src/robotiq/robotiq_control' returned '0': PYTHONPATH=/home/d-lab/workspace/ros_ur_driver/build/robotiq_control/prefix_override:/home/d-lab/workspace/ros_ur_driver/install/robotiq_control/lib/python3.8/site-packages:${PYTHONPATH} /usr/bin/python3 setup.py egg_info --egg-base ../../../build/robotiq_control build --build-base /home/d-lab/workspace/ros_ur_driver/build/robotiq_control/build install --record /home/d-lab/workspace/ros_ur_driver/build/robotiq_control/install.log --single-version-externally-managed
